[2024-05-05T15:58:12.832+0000] {processor.py:161} INFO - Started process (PID=2907) to work on /opt/airflow/dags/etl.py
[2024-05-05T15:58:12.833+0000] {processor.py:830} INFO - Processing file /opt/airflow/dags/etl.py for tasks to queue
[2024-05-05T15:58:12.835+0000] {logging_mixin.py:188} INFO - [2024-05-05T15:58:12.835+0000] {dagbag.py:540} INFO - Filling up the DagBag from /opt/airflow/dags/etl.py
[2024-05-05T15:58:12.850+0000] {processor.py:840} INFO - DAG(s) 'etl' retrieved from /opt/airflow/dags/etl.py
[2024-05-05T15:58:13.010+0000] {logging_mixin.py:188} INFO - [2024-05-05T15:58:13.009+0000] {override.py:1829} INFO - Created Permission View: can edit on DAG:etl
[2024-05-05T15:58:13.024+0000] {logging_mixin.py:188} INFO - [2024-05-05T15:58:13.024+0000] {override.py:1829} INFO - Created Permission View: can read on DAG:etl
[2024-05-05T15:58:13.048+0000] {logging_mixin.py:188} INFO - [2024-05-05T15:58:13.048+0000] {override.py:1829} INFO - Created Permission View: can delete on DAG:etl
[2024-05-05T15:58:13.049+0000] {logging_mixin.py:188} INFO - [2024-05-05T15:58:13.048+0000] {dag.py:3096} INFO - Sync 1 DAGs
[2024-05-05T15:58:13.062+0000] {logging_mixin.py:188} INFO - [2024-05-05T15:58:13.062+0000] {dag.py:3118} INFO - Creating ORM DAG for etl
[2024-05-05T15:58:13.075+0000] {logging_mixin.py:188} INFO - [2024-05-05T15:58:13.075+0000] {dag.py:3954} INFO - Setting next_dagrun for etl to 2024-04-08 00:00:00+00:00, run_after=2024-04-09 00:00:00+00:00
[2024-05-05T15:58:13.100+0000] {processor.py:183} INFO - Processing /opt/airflow/dags/etl.py took 0.274 seconds
[2024-05-05T15:58:18.365+0000] {processor.py:161} INFO - Started process (PID=2913) to work on /opt/airflow/dags/etl.py
[2024-05-05T15:58:18.366+0000] {processor.py:830} INFO - Processing file /opt/airflow/dags/etl.py for tasks to queue
[2024-05-05T15:58:18.367+0000] {logging_mixin.py:188} INFO - [2024-05-05T15:58:18.367+0000] {dagbag.py:540} INFO - Filling up the DagBag from /opt/airflow/dags/etl.py
[2024-05-05T15:58:18.377+0000] {processor.py:840} INFO - DAG(s) 'etl' retrieved from /opt/airflow/dags/etl.py
[2024-05-05T15:58:18.388+0000] {logging_mixin.py:188} INFO - [2024-05-05T15:58:18.388+0000] {dag.py:3096} INFO - Sync 1 DAGs
[2024-05-05T15:58:18.407+0000] {logging_mixin.py:188} INFO - [2024-05-05T15:58:18.407+0000] {dag.py:3954} INFO - Setting next_dagrun for etl to 2024-04-08 00:00:00+00:00, run_after=2024-04-09 00:00:00+00:00
[2024-05-05T15:58:18.431+0000] {processor.py:183} INFO - Processing /opt/airflow/dags/etl.py took 0.071 seconds
[2024-05-05T15:58:20.856+0000] {processor.py:161} INFO - Started process (PID=2920) to work on /opt/airflow/dags/etl.py
[2024-05-05T15:58:20.857+0000] {processor.py:830} INFO - Processing file /opt/airflow/dags/etl.py for tasks to queue
[2024-05-05T15:58:20.859+0000] {logging_mixin.py:188} INFO - [2024-05-05T15:58:20.858+0000] {dagbag.py:540} INFO - Filling up the DagBag from /opt/airflow/dags/etl.py
[2024-05-05T15:58:20.871+0000] {processor.py:840} INFO - DAG(s) 'etl' retrieved from /opt/airflow/dags/etl.py
[2024-05-05T15:58:20.890+0000] {logging_mixin.py:188} INFO - [2024-05-05T15:58:20.890+0000] {dag.py:3096} INFO - Sync 1 DAGs
[2024-05-05T15:58:20.918+0000] {logging_mixin.py:188} INFO - [2024-05-05T15:58:20.918+0000] {dag.py:3954} INFO - Setting next_dagrun for etl to 2024-04-08 00:00:00+00:00, run_after=2024-04-09 00:00:00+00:00
[2024-05-05T15:58:20.964+0000] {processor.py:183} INFO - Processing /opt/airflow/dags/etl.py took 0.117 seconds
[2024-05-05T15:58:51.388+0000] {processor.py:161} INFO - Started process (PID=2981) to work on /opt/airflow/dags/etl.py
[2024-05-05T15:58:51.392+0000] {processor.py:830} INFO - Processing file /opt/airflow/dags/etl.py for tasks to queue
[2024-05-05T15:58:51.396+0000] {logging_mixin.py:188} INFO - [2024-05-05T15:58:51.396+0000] {dagbag.py:540} INFO - Filling up the DagBag from /opt/airflow/dags/etl.py
[2024-05-05T15:58:51.415+0000] {processor.py:840} INFO - DAG(s) 'etl' retrieved from /opt/airflow/dags/etl.py
[2024-05-05T15:58:52.099+0000] {logging_mixin.py:188} INFO - [2024-05-05T15:58:52.099+0000] {dag.py:3096} INFO - Sync 1 DAGs
[2024-05-05T15:58:52.235+0000] {logging_mixin.py:188} INFO - [2024-05-05T15:58:52.235+0000] {dag.py:3954} INFO - Setting next_dagrun for etl to 2024-04-22 00:00:00+00:00, run_after=2024-04-23 00:00:00+00:00
[2024-05-05T15:58:52.340+0000] {processor.py:183} INFO - Processing /opt/airflow/dags/etl.py took 0.964 seconds
[2024-05-05T15:59:24.169+0000] {processor.py:161} INFO - Started process (PID=3042) to work on /opt/airflow/dags/etl.py
[2024-05-05T15:59:24.181+0000] {processor.py:830} INFO - Processing file /opt/airflow/dags/etl.py for tasks to queue
[2024-05-05T15:59:24.215+0000] {logging_mixin.py:188} INFO - [2024-05-05T15:59:24.213+0000] {dagbag.py:540} INFO - Filling up the DagBag from /opt/airflow/dags/etl.py
[2024-05-05T15:59:24.306+0000] {processor.py:840} INFO - DAG(s) 'etl' retrieved from /opt/airflow/dags/etl.py
[2024-05-05T15:59:24.458+0000] {logging_mixin.py:188} INFO - [2024-05-05T15:59:24.458+0000] {dag.py:3096} INFO - Sync 1 DAGs
[2024-05-05T15:59:24.800+0000] {processor.py:183} INFO - Processing /opt/airflow/dags/etl.py took 0.690 seconds
[2024-05-05T15:59:56.682+0000] {processor.py:161} INFO - Started process (PID=3108) to work on /opt/airflow/dags/etl.py
[2024-05-05T15:59:56.693+0000] {processor.py:830} INFO - Processing file /opt/airflow/dags/etl.py for tasks to queue
[2024-05-05T15:59:56.705+0000] {logging_mixin.py:188} INFO - [2024-05-05T15:59:56.705+0000] {dagbag.py:540} INFO - Filling up the DagBag from /opt/airflow/dags/etl.py
[2024-05-05T15:59:56.786+0000] {processor.py:840} INFO - DAG(s) 'etl' retrieved from /opt/airflow/dags/etl.py
[2024-05-05T15:59:57.002+0000] {logging_mixin.py:188} INFO - [2024-05-05T15:59:57.002+0000] {dag.py:3096} INFO - Sync 1 DAGs
[2024-05-05T15:59:57.236+0000] {logging_mixin.py:188} INFO - [2024-05-05T15:59:57.227+0000] {dag.py:3954} INFO - Setting next_dagrun for etl to 2024-04-25 00:00:00+00:00, run_after=2024-04-26 00:00:00+00:00
[2024-05-05T15:59:57.344+0000] {processor.py:183} INFO - Processing /opt/airflow/dags/etl.py took 0.706 seconds
