[2024-05-05T15:48:12.453+0000] {processor.py:161} INFO - Started process (PID=1739) to work on /opt/airflow/dags/my_first_dag.py
[2024-05-05T15:48:12.453+0000] {processor.py:830} INFO - Processing file /opt/airflow/dags/my_first_dag.py for tasks to queue
[2024-05-05T15:48:12.455+0000] {logging_mixin.py:188} INFO - [2024-05-05T15:48:12.454+0000] {dagbag.py:540} INFO - Filling up the DagBag from /opt/airflow/dags/my_first_dag.py
[2024-05-05T15:48:12.459+0000] {processor.py:840} INFO - DAG(s) 'my_first_dag' retrieved from /opt/airflow/dags/my_first_dag.py
[2024-05-05T15:48:12.620+0000] {logging_mixin.py:188} INFO - [2024-05-05T15:48:12.619+0000] {override.py:1829} INFO - Created Permission View: can edit on DAG:my_first_dag
[2024-05-05T15:48:12.637+0000] {logging_mixin.py:188} INFO - [2024-05-05T15:48:12.637+0000] {override.py:1829} INFO - Created Permission View: can read on DAG:my_first_dag
[2024-05-05T15:48:12.647+0000] {logging_mixin.py:188} INFO - [2024-05-05T15:48:12.647+0000] {override.py:1829} INFO - Created Permission View: can delete on DAG:my_first_dag
[2024-05-05T15:48:12.648+0000] {logging_mixin.py:188} INFO - [2024-05-05T15:48:12.648+0000] {dag.py:3096} INFO - Sync 1 DAGs
[2024-05-05T15:48:12.658+0000] {logging_mixin.py:188} INFO - [2024-05-05T15:48:12.658+0000] {dag.py:3118} INFO - Creating ORM DAG for my_first_dag
[2024-05-05T15:48:12.659+0000] {logging_mixin.py:188} INFO - [2024-05-05T15:48:12.659+0000] {dag.py:3954} INFO - Setting next_dagrun for my_first_dag to None, run_after=None
[2024-05-05T15:48:12.678+0000] {processor.py:183} INFO - Processing /opt/airflow/dags/my_first_dag.py took 0.233 seconds
[2024-05-05T15:48:25.977+0000] {processor.py:161} INFO - Started process (PID=1775) to work on /opt/airflow/dags/my_first_dag.py
[2024-05-05T15:48:25.980+0000] {processor.py:830} INFO - Processing file /opt/airflow/dags/my_first_dag.py for tasks to queue
[2024-05-05T15:48:25.982+0000] {logging_mixin.py:188} INFO - [2024-05-05T15:48:25.981+0000] {dagbag.py:540} INFO - Filling up the DagBag from /opt/airflow/dags/my_first_dag.py
[2024-05-05T15:48:25.989+0000] {processor.py:840} INFO - DAG(s) 'my_first_dag' retrieved from /opt/airflow/dags/my_first_dag.py
[2024-05-05T15:48:26.001+0000] {logging_mixin.py:188} INFO - [2024-05-05T15:48:26.001+0000] {dag.py:3096} INFO - Sync 1 DAGs
[2024-05-05T15:48:26.017+0000] {logging_mixin.py:188} INFO - [2024-05-05T15:48:26.017+0000] {dag.py:3954} INFO - Setting next_dagrun for my_first_dag to None, run_after=None
[2024-05-05T15:48:26.066+0000] {processor.py:183} INFO - Processing /opt/airflow/dags/my_first_dag.py took 0.100 seconds
[2024-05-05T15:48:56.546+0000] {processor.py:161} INFO - Started process (PID=1834) to work on /opt/airflow/dags/my_first_dag.py
[2024-05-05T15:48:56.547+0000] {processor.py:830} INFO - Processing file /opt/airflow/dags/my_first_dag.py for tasks to queue
[2024-05-05T15:48:56.549+0000] {logging_mixin.py:188} INFO - [2024-05-05T15:48:56.549+0000] {dagbag.py:540} INFO - Filling up the DagBag from /opt/airflow/dags/my_first_dag.py
[2024-05-05T15:48:56.557+0000] {processor.py:840} INFO - DAG(s) 'my_first_dag' retrieved from /opt/airflow/dags/my_first_dag.py
[2024-05-05T15:48:56.599+0000] {logging_mixin.py:188} INFO - [2024-05-05T15:48:56.599+0000] {dag.py:3096} INFO - Sync 1 DAGs
[2024-05-05T15:48:56.616+0000] {logging_mixin.py:188} INFO - [2024-05-05T15:48:56.616+0000] {dag.py:3954} INFO - Setting next_dagrun for my_first_dag to None, run_after=None
[2024-05-05T15:48:56.645+0000] {processor.py:183} INFO - Processing /opt/airflow/dags/my_first_dag.py took 0.106 seconds
[2024-05-05T15:49:26.946+0000] {processor.py:161} INFO - Started process (PID=1884) to work on /opt/airflow/dags/my_first_dag.py
[2024-05-05T15:49:26.947+0000] {processor.py:830} INFO - Processing file /opt/airflow/dags/my_first_dag.py for tasks to queue
[2024-05-05T15:49:26.949+0000] {logging_mixin.py:188} INFO - [2024-05-05T15:49:26.949+0000] {dagbag.py:540} INFO - Filling up the DagBag from /opt/airflow/dags/my_first_dag.py
[2024-05-05T15:49:26.954+0000] {processor.py:840} INFO - DAG(s) 'my_first_dag' retrieved from /opt/airflow/dags/my_first_dag.py
[2024-05-05T15:49:26.976+0000] {logging_mixin.py:188} INFO - [2024-05-05T15:49:26.976+0000] {dag.py:3096} INFO - Sync 1 DAGs
[2024-05-05T15:49:26.993+0000] {logging_mixin.py:188} INFO - [2024-05-05T15:49:26.992+0000] {dag.py:3954} INFO - Setting next_dagrun for my_first_dag to None, run_after=None
[2024-05-05T15:49:27.018+0000] {processor.py:183} INFO - Processing /opt/airflow/dags/my_first_dag.py took 0.078 seconds
[2024-05-05T15:49:57.539+0000] {processor.py:161} INFO - Started process (PID=1943) to work on /opt/airflow/dags/my_first_dag.py
[2024-05-05T15:49:57.540+0000] {processor.py:830} INFO - Processing file /opt/airflow/dags/my_first_dag.py for tasks to queue
[2024-05-05T15:49:57.542+0000] {logging_mixin.py:188} INFO - [2024-05-05T15:49:57.541+0000] {dagbag.py:540} INFO - Filling up the DagBag from /opt/airflow/dags/my_first_dag.py
[2024-05-05T15:49:57.546+0000] {processor.py:840} INFO - DAG(s) 'my_first_dag' retrieved from /opt/airflow/dags/my_first_dag.py
[2024-05-05T15:49:57.572+0000] {logging_mixin.py:188} INFO - [2024-05-05T15:49:57.571+0000] {dag.py:3096} INFO - Sync 1 DAGs
[2024-05-05T15:49:57.588+0000] {logging_mixin.py:188} INFO - [2024-05-05T15:49:57.588+0000] {dag.py:3954} INFO - Setting next_dagrun for my_first_dag to None, run_after=None
[2024-05-05T15:49:57.620+0000] {processor.py:183} INFO - Processing /opt/airflow/dags/my_first_dag.py took 0.088 seconds
[2024-05-05T15:50:28.255+0000] {processor.py:161} INFO - Started process (PID=2002) to work on /opt/airflow/dags/my_first_dag.py
[2024-05-05T15:50:28.256+0000] {processor.py:830} INFO - Processing file /opt/airflow/dags/my_first_dag.py for tasks to queue
[2024-05-05T15:50:28.258+0000] {logging_mixin.py:188} INFO - [2024-05-05T15:50:28.258+0000] {dagbag.py:540} INFO - Filling up the DagBag from /opt/airflow/dags/my_first_dag.py
[2024-05-05T15:50:28.263+0000] {processor.py:840} INFO - DAG(s) 'my_first_dag' retrieved from /opt/airflow/dags/my_first_dag.py
[2024-05-05T15:50:28.290+0000] {logging_mixin.py:188} INFO - [2024-05-05T15:50:28.289+0000] {dag.py:3096} INFO - Sync 1 DAGs
[2024-05-05T15:50:28.305+0000] {logging_mixin.py:188} INFO - [2024-05-05T15:50:28.305+0000] {dag.py:3954} INFO - Setting next_dagrun for my_first_dag to None, run_after=None
[2024-05-05T15:50:28.330+0000] {processor.py:183} INFO - Processing /opt/airflow/dags/my_first_dag.py took 0.084 seconds
[2024-05-05T15:50:58.786+0000] {processor.py:161} INFO - Started process (PID=2060) to work on /opt/airflow/dags/my_first_dag.py
[2024-05-05T15:50:58.787+0000] {processor.py:830} INFO - Processing file /opt/airflow/dags/my_first_dag.py for tasks to queue
[2024-05-05T15:50:58.789+0000] {logging_mixin.py:188} INFO - [2024-05-05T15:50:58.789+0000] {dagbag.py:540} INFO - Filling up the DagBag from /opt/airflow/dags/my_first_dag.py
[2024-05-05T15:50:58.793+0000] {processor.py:840} INFO - DAG(s) 'my_first_dag' retrieved from /opt/airflow/dags/my_first_dag.py
[2024-05-05T15:50:58.838+0000] {logging_mixin.py:188} INFO - [2024-05-05T15:50:58.838+0000] {dag.py:3096} INFO - Sync 1 DAGs
[2024-05-05T15:50:58.868+0000] {logging_mixin.py:188} INFO - [2024-05-05T15:50:58.868+0000] {dag.py:3954} INFO - Setting next_dagrun for my_first_dag to None, run_after=None
[2024-05-05T15:50:58.905+0000] {processor.py:183} INFO - Processing /opt/airflow/dags/my_first_dag.py took 0.130 seconds
[2024-05-05T15:51:29.745+0000] {processor.py:161} INFO - Started process (PID=2118) to work on /opt/airflow/dags/my_first_dag.py
[2024-05-05T15:51:29.752+0000] {processor.py:830} INFO - Processing file /opt/airflow/dags/my_first_dag.py for tasks to queue
[2024-05-05T15:51:29.754+0000] {logging_mixin.py:188} INFO - [2024-05-05T15:51:29.754+0000] {dagbag.py:540} INFO - Filling up the DagBag from /opt/airflow/dags/my_first_dag.py
[2024-05-05T15:51:29.767+0000] {processor.py:840} INFO - DAG(s) 'my_first_dag' retrieved from /opt/airflow/dags/my_first_dag.py
[2024-05-05T15:51:29.855+0000] {logging_mixin.py:188} INFO - [2024-05-05T15:51:29.854+0000] {dag.py:3096} INFO - Sync 1 DAGs
[2024-05-05T15:51:29.979+0000] {logging_mixin.py:188} INFO - [2024-05-05T15:51:29.979+0000] {dag.py:3954} INFO - Setting next_dagrun for my_first_dag to None, run_after=None
[2024-05-05T15:51:30.092+0000] {processor.py:183} INFO - Processing /opt/airflow/dags/my_first_dag.py took 0.368 seconds
[2024-05-05T15:52:01.155+0000] {processor.py:161} INFO - Started process (PID=2178) to work on /opt/airflow/dags/my_first_dag.py
[2024-05-05T15:52:01.156+0000] {processor.py:830} INFO - Processing file /opt/airflow/dags/my_first_dag.py for tasks to queue
[2024-05-05T15:52:01.158+0000] {logging_mixin.py:188} INFO - [2024-05-05T15:52:01.158+0000] {dagbag.py:540} INFO - Filling up the DagBag from /opt/airflow/dags/my_first_dag.py
[2024-05-05T15:52:01.163+0000] {processor.py:840} INFO - DAG(s) 'my_first_dag' retrieved from /opt/airflow/dags/my_first_dag.py
[2024-05-05T15:52:01.185+0000] {logging_mixin.py:188} INFO - [2024-05-05T15:52:01.185+0000] {dag.py:3096} INFO - Sync 1 DAGs
[2024-05-05T15:52:01.202+0000] {logging_mixin.py:188} INFO - [2024-05-05T15:52:01.201+0000] {dag.py:3954} INFO - Setting next_dagrun for my_first_dag to None, run_after=None
[2024-05-05T15:52:01.237+0000] {processor.py:183} INFO - Processing /opt/airflow/dags/my_first_dag.py took 0.088 seconds
[2024-05-05T15:52:31.636+0000] {processor.py:161} INFO - Started process (PID=2237) to work on /opt/airflow/dags/my_first_dag.py
[2024-05-05T15:52:31.638+0000] {processor.py:830} INFO - Processing file /opt/airflow/dags/my_first_dag.py for tasks to queue
[2024-05-05T15:52:31.640+0000] {logging_mixin.py:188} INFO - [2024-05-05T15:52:31.639+0000] {dagbag.py:540} INFO - Filling up the DagBag from /opt/airflow/dags/my_first_dag.py
[2024-05-05T15:52:31.644+0000] {processor.py:840} INFO - DAG(s) 'my_first_dag' retrieved from /opt/airflow/dags/my_first_dag.py
[2024-05-05T15:52:31.669+0000] {logging_mixin.py:188} INFO - [2024-05-05T15:52:31.669+0000] {dag.py:3096} INFO - Sync 1 DAGs
[2024-05-05T15:52:31.684+0000] {logging_mixin.py:188} INFO - [2024-05-05T15:52:31.684+0000] {dag.py:3954} INFO - Setting next_dagrun for my_first_dag to None, run_after=None
[2024-05-05T15:52:31.736+0000] {processor.py:183} INFO - Processing /opt/airflow/dags/my_first_dag.py took 0.107 seconds
[2024-05-05T15:53:02.305+0000] {processor.py:161} INFO - Started process (PID=2296) to work on /opt/airflow/dags/my_first_dag.py
[2024-05-05T15:53:02.306+0000] {processor.py:830} INFO - Processing file /opt/airflow/dags/my_first_dag.py for tasks to queue
[2024-05-05T15:53:02.308+0000] {logging_mixin.py:188} INFO - [2024-05-05T15:53:02.308+0000] {dagbag.py:540} INFO - Filling up the DagBag from /opt/airflow/dags/my_first_dag.py
[2024-05-05T15:53:02.313+0000] {processor.py:840} INFO - DAG(s) 'my_first_dag' retrieved from /opt/airflow/dags/my_first_dag.py
[2024-05-05T15:53:02.336+0000] {logging_mixin.py:188} INFO - [2024-05-05T15:53:02.336+0000] {dag.py:3096} INFO - Sync 1 DAGs
[2024-05-05T15:53:02.352+0000] {logging_mixin.py:188} INFO - [2024-05-05T15:53:02.351+0000] {dag.py:3954} INFO - Setting next_dagrun for my_first_dag to None, run_after=None
[2024-05-05T15:53:02.378+0000] {processor.py:183} INFO - Processing /opt/airflow/dags/my_first_dag.py took 0.079 seconds
[2024-05-05T15:53:32.628+0000] {processor.py:161} INFO - Started process (PID=2356) to work on /opt/airflow/dags/my_first_dag.py
[2024-05-05T15:53:32.629+0000] {processor.py:830} INFO - Processing file /opt/airflow/dags/my_first_dag.py for tasks to queue
[2024-05-05T15:53:32.631+0000] {logging_mixin.py:188} INFO - [2024-05-05T15:53:32.631+0000] {dagbag.py:540} INFO - Filling up the DagBag from /opt/airflow/dags/my_first_dag.py
[2024-05-05T15:53:32.636+0000] {processor.py:840} INFO - DAG(s) 'my_first_dag' retrieved from /opt/airflow/dags/my_first_dag.py
[2024-05-05T15:53:32.752+0000] {logging_mixin.py:188} INFO - [2024-05-05T15:53:32.751+0000] {dag.py:3096} INFO - Sync 1 DAGs
[2024-05-05T15:53:32.839+0000] {logging_mixin.py:188} INFO - [2024-05-05T15:53:32.839+0000] {dag.py:3954} INFO - Setting next_dagrun for my_first_dag to None, run_after=None
[2024-05-05T15:53:32.890+0000] {processor.py:183} INFO - Processing /opt/airflow/dags/my_first_dag.py took 0.273 seconds
[2024-05-05T15:54:03.503+0000] {processor.py:161} INFO - Started process (PID=2416) to work on /opt/airflow/dags/my_first_dag.py
[2024-05-05T15:54:03.504+0000] {processor.py:830} INFO - Processing file /opt/airflow/dags/my_first_dag.py for tasks to queue
[2024-05-05T15:54:03.506+0000] {logging_mixin.py:188} INFO - [2024-05-05T15:54:03.505+0000] {dagbag.py:540} INFO - Filling up the DagBag from /opt/airflow/dags/my_first_dag.py
[2024-05-05T15:54:03.510+0000] {processor.py:840} INFO - DAG(s) 'my_first_dag' retrieved from /opt/airflow/dags/my_first_dag.py
[2024-05-05T15:54:03.533+0000] {logging_mixin.py:188} INFO - [2024-05-05T15:54:03.533+0000] {dag.py:3096} INFO - Sync 1 DAGs
[2024-05-05T15:54:03.549+0000] {logging_mixin.py:188} INFO - [2024-05-05T15:54:03.549+0000] {dag.py:3954} INFO - Setting next_dagrun for my_first_dag to None, run_after=None
[2024-05-05T15:54:03.575+0000] {processor.py:183} INFO - Processing /opt/airflow/dags/my_first_dag.py took 0.078 seconds
[2024-05-05T15:54:33.656+0000] {processor.py:161} INFO - Started process (PID=2476) to work on /opt/airflow/dags/my_first_dag.py
[2024-05-05T15:54:33.656+0000] {processor.py:830} INFO - Processing file /opt/airflow/dags/my_first_dag.py for tasks to queue
[2024-05-05T15:54:33.658+0000] {logging_mixin.py:188} INFO - [2024-05-05T15:54:33.658+0000] {dagbag.py:540} INFO - Filling up the DagBag from /opt/airflow/dags/my_first_dag.py
[2024-05-05T15:54:33.673+0000] {processor.py:840} INFO - DAG(s) 'my_first_dag' retrieved from /opt/airflow/dags/my_first_dag.py
[2024-05-05T15:54:33.715+0000] {logging_mixin.py:188} INFO - [2024-05-05T15:54:33.714+0000] {dag.py:3096} INFO - Sync 1 DAGs
[2024-05-05T15:54:33.731+0000] {logging_mixin.py:188} INFO - [2024-05-05T15:54:33.731+0000] {dag.py:3954} INFO - Setting next_dagrun for my_first_dag to None, run_after=None
[2024-05-05T15:54:33.765+0000] {processor.py:183} INFO - Processing /opt/airflow/dags/my_first_dag.py took 0.122 seconds
[2024-05-05T15:55:04.058+0000] {processor.py:161} INFO - Started process (PID=2532) to work on /opt/airflow/dags/my_first_dag.py
[2024-05-05T15:55:04.059+0000] {processor.py:830} INFO - Processing file /opt/airflow/dags/my_first_dag.py for tasks to queue
[2024-05-05T15:55:04.061+0000] {logging_mixin.py:188} INFO - [2024-05-05T15:55:04.060+0000] {dagbag.py:540} INFO - Filling up the DagBag from /opt/airflow/dags/my_first_dag.py
[2024-05-05T15:55:04.065+0000] {processor.py:840} INFO - DAG(s) 'my_first_dag' retrieved from /opt/airflow/dags/my_first_dag.py
[2024-05-05T15:55:04.088+0000] {logging_mixin.py:188} INFO - [2024-05-05T15:55:04.087+0000] {dag.py:3096} INFO - Sync 1 DAGs
[2024-05-05T15:55:04.104+0000] {logging_mixin.py:188} INFO - [2024-05-05T15:55:04.103+0000] {dag.py:3954} INFO - Setting next_dagrun for my_first_dag to None, run_after=None
[2024-05-05T15:55:04.132+0000] {processor.py:183} INFO - Processing /opt/airflow/dags/my_first_dag.py took 0.081 seconds
[2024-05-05T15:55:35.023+0000] {processor.py:161} INFO - Started process (PID=2592) to work on /opt/airflow/dags/my_first_dag.py
[2024-05-05T15:55:35.024+0000] {processor.py:830} INFO - Processing file /opt/airflow/dags/my_first_dag.py for tasks to queue
[2024-05-05T15:55:35.026+0000] {logging_mixin.py:188} INFO - [2024-05-05T15:55:35.026+0000] {dagbag.py:540} INFO - Filling up the DagBag from /opt/airflow/dags/my_first_dag.py
[2024-05-05T15:55:35.031+0000] {processor.py:840} INFO - DAG(s) 'my_first_dag' retrieved from /opt/airflow/dags/my_first_dag.py
[2024-05-05T15:55:35.055+0000] {logging_mixin.py:188} INFO - [2024-05-05T15:55:35.054+0000] {dag.py:3096} INFO - Sync 1 DAGs
[2024-05-05T15:55:35.102+0000] {logging_mixin.py:188} INFO - [2024-05-05T15:55:35.102+0000] {dag.py:3954} INFO - Setting next_dagrun for my_first_dag to None, run_after=None
[2024-05-05T15:55:35.165+0000] {processor.py:183} INFO - Processing /opt/airflow/dags/my_first_dag.py took 0.148 seconds
[2024-05-05T15:56:06.081+0000] {processor.py:161} INFO - Started process (PID=2652) to work on /opt/airflow/dags/my_first_dag.py
[2024-05-05T15:56:06.082+0000] {processor.py:830} INFO - Processing file /opt/airflow/dags/my_first_dag.py for tasks to queue
[2024-05-05T15:56:06.084+0000] {logging_mixin.py:188} INFO - [2024-05-05T15:56:06.084+0000] {dagbag.py:540} INFO - Filling up the DagBag from /opt/airflow/dags/my_first_dag.py
[2024-05-05T15:56:06.088+0000] {processor.py:840} INFO - DAG(s) 'my_first_dag' retrieved from /opt/airflow/dags/my_first_dag.py
[2024-05-05T15:56:06.110+0000] {logging_mixin.py:188} INFO - [2024-05-05T15:56:06.110+0000] {dag.py:3096} INFO - Sync 1 DAGs
[2024-05-05T15:56:06.126+0000] {logging_mixin.py:188} INFO - [2024-05-05T15:56:06.126+0000] {dag.py:3954} INFO - Setting next_dagrun for my_first_dag to None, run_after=None
[2024-05-05T15:56:06.178+0000] {processor.py:183} INFO - Processing /opt/airflow/dags/my_first_dag.py took 0.102 seconds
[2024-05-05T15:56:36.669+0000] {processor.py:161} INFO - Started process (PID=2712) to work on /opt/airflow/dags/my_first_dag.py
[2024-05-05T15:56:36.670+0000] {processor.py:830} INFO - Processing file /opt/airflow/dags/my_first_dag.py for tasks to queue
[2024-05-05T15:56:36.672+0000] {logging_mixin.py:188} INFO - [2024-05-05T15:56:36.672+0000] {dagbag.py:540} INFO - Filling up the DagBag from /opt/airflow/dags/my_first_dag.py
[2024-05-05T15:56:36.677+0000] {processor.py:840} INFO - DAG(s) 'my_first_dag' retrieved from /opt/airflow/dags/my_first_dag.py
[2024-05-05T15:56:36.699+0000] {logging_mixin.py:188} INFO - [2024-05-05T15:56:36.699+0000] {dag.py:3096} INFO - Sync 1 DAGs
[2024-05-05T15:56:36.717+0000] {logging_mixin.py:188} INFO - [2024-05-05T15:56:36.716+0000] {dag.py:3954} INFO - Setting next_dagrun for my_first_dag to None, run_after=None
[2024-05-05T15:56:36.741+0000] {processor.py:183} INFO - Processing /opt/airflow/dags/my_first_dag.py took 0.079 seconds
[2024-05-05T15:57:07.041+0000] {processor.py:161} INFO - Started process (PID=2772) to work on /opt/airflow/dags/my_first_dag.py
[2024-05-05T15:57:07.043+0000] {processor.py:830} INFO - Processing file /opt/airflow/dags/my_first_dag.py for tasks to queue
[2024-05-05T15:57:07.045+0000] {logging_mixin.py:188} INFO - [2024-05-05T15:57:07.045+0000] {dagbag.py:540} INFO - Filling up the DagBag from /opt/airflow/dags/my_first_dag.py
[2024-05-05T15:57:07.049+0000] {processor.py:840} INFO - DAG(s) 'my_first_dag' retrieved from /opt/airflow/dags/my_first_dag.py
[2024-05-05T15:57:07.114+0000] {logging_mixin.py:188} INFO - [2024-05-05T15:57:07.114+0000] {dag.py:3096} INFO - Sync 1 DAGs
[2024-05-05T15:57:07.159+0000] {logging_mixin.py:188} INFO - [2024-05-05T15:57:07.159+0000] {dag.py:3954} INFO - Setting next_dagrun for my_first_dag to None, run_after=None
[2024-05-05T15:57:07.199+0000] {processor.py:183} INFO - Processing /opt/airflow/dags/my_first_dag.py took 0.164 seconds
[2024-05-05T15:57:37.668+0000] {processor.py:161} INFO - Started process (PID=2832) to work on /opt/airflow/dags/my_first_dag.py
[2024-05-05T15:57:37.668+0000] {processor.py:830} INFO - Processing file /opt/airflow/dags/my_first_dag.py for tasks to queue
[2024-05-05T15:57:37.671+0000] {logging_mixin.py:188} INFO - [2024-05-05T15:57:37.670+0000] {dagbag.py:540} INFO - Filling up the DagBag from /opt/airflow/dags/my_first_dag.py
[2024-05-05T15:57:37.676+0000] {processor.py:840} INFO - DAG(s) 'my_first_dag' retrieved from /opt/airflow/dags/my_first_dag.py
[2024-05-05T15:57:37.697+0000] {logging_mixin.py:188} INFO - [2024-05-05T15:57:37.697+0000] {dag.py:3096} INFO - Sync 1 DAGs
[2024-05-05T15:57:37.713+0000] {logging_mixin.py:188} INFO - [2024-05-05T15:57:37.713+0000] {dag.py:3954} INFO - Setting next_dagrun for my_first_dag to None, run_after=None
[2024-05-05T15:57:37.742+0000] {processor.py:183} INFO - Processing /opt/airflow/dags/my_first_dag.py took 0.081 seconds
[2024-05-05T15:58:08.528+0000] {processor.py:161} INFO - Started process (PID=2892) to work on /opt/airflow/dags/my_first_dag.py
[2024-05-05T15:58:08.530+0000] {processor.py:830} INFO - Processing file /opt/airflow/dags/my_first_dag.py for tasks to queue
[2024-05-05T15:58:08.532+0000] {logging_mixin.py:188} INFO - [2024-05-05T15:58:08.532+0000] {dagbag.py:540} INFO - Filling up the DagBag from /opt/airflow/dags/my_first_dag.py
[2024-05-05T15:58:08.537+0000] {processor.py:840} INFO - DAG(s) 'my_first_dag' retrieved from /opt/airflow/dags/my_first_dag.py
[2024-05-05T15:58:08.560+0000] {logging_mixin.py:188} INFO - [2024-05-05T15:58:08.560+0000] {dag.py:3096} INFO - Sync 1 DAGs
[2024-05-05T15:58:08.577+0000] {logging_mixin.py:188} INFO - [2024-05-05T15:58:08.577+0000] {dag.py:3954} INFO - Setting next_dagrun for my_first_dag to None, run_after=None
[2024-05-05T15:58:08.613+0000] {processor.py:183} INFO - Processing /opt/airflow/dags/my_first_dag.py took 0.092 seconds
[2024-05-05T15:58:39.678+0000] {processor.py:161} INFO - Started process (PID=2955) to work on /opt/airflow/dags/my_first_dag.py
[2024-05-05T15:58:39.683+0000] {processor.py:830} INFO - Processing file /opt/airflow/dags/my_first_dag.py for tasks to queue
[2024-05-05T15:58:39.685+0000] {logging_mixin.py:188} INFO - [2024-05-05T15:58:39.685+0000] {dagbag.py:540} INFO - Filling up the DagBag from /opt/airflow/dags/my_first_dag.py
[2024-05-05T15:58:39.694+0000] {processor.py:840} INFO - DAG(s) 'my_first_dag' retrieved from /opt/airflow/dags/my_first_dag.py
[2024-05-05T15:58:39.829+0000] {logging_mixin.py:188} INFO - [2024-05-05T15:58:39.829+0000] {dag.py:3096} INFO - Sync 1 DAGs
[2024-05-05T15:58:39.866+0000] {logging_mixin.py:188} INFO - [2024-05-05T15:58:39.866+0000] {dag.py:3954} INFO - Setting next_dagrun for my_first_dag to None, run_after=None
[2024-05-05T15:58:39.911+0000] {processor.py:183} INFO - Processing /opt/airflow/dags/my_first_dag.py took 0.293 seconds
[2024-05-05T15:59:15.423+0000] {processor.py:161} INFO - Started process (PID=3015) to work on /opt/airflow/dags/my_first_dag.py
[2024-05-05T15:59:15.446+0000] {processor.py:830} INFO - Processing file /opt/airflow/dags/my_first_dag.py for tasks to queue
[2024-05-05T15:59:15.451+0000] {logging_mixin.py:188} INFO - [2024-05-05T15:59:15.447+0000] {dagbag.py:540} INFO - Filling up the DagBag from /opt/airflow/dags/my_first_dag.py
[2024-05-05T15:59:15.513+0000] {processor.py:840} INFO - DAG(s) 'my_first_dag' retrieved from /opt/airflow/dags/my_first_dag.py
[2024-05-05T15:59:15.642+0000] {logging_mixin.py:188} INFO - [2024-05-05T15:59:15.641+0000] {dag.py:3096} INFO - Sync 1 DAGs
[2024-05-05T15:59:15.685+0000] {logging_mixin.py:188} INFO - [2024-05-05T15:59:15.685+0000] {dag.py:3954} INFO - Setting next_dagrun for my_first_dag to None, run_after=None
[2024-05-05T15:59:15.749+0000] {processor.py:183} INFO - Processing /opt/airflow/dags/my_first_dag.py took 0.334 seconds
[2024-05-05T15:59:45.917+0000] {processor.py:161} INFO - Started process (PID=3075) to work on /opt/airflow/dags/my_first_dag.py
[2024-05-05T15:59:45.918+0000] {processor.py:830} INFO - Processing file /opt/airflow/dags/my_first_dag.py for tasks to queue
[2024-05-05T15:59:45.954+0000] {logging_mixin.py:188} INFO - [2024-05-05T15:59:45.954+0000] {dagbag.py:540} INFO - Filling up the DagBag from /opt/airflow/dags/my_first_dag.py
[2024-05-05T15:59:45.981+0000] {processor.py:840} INFO - DAG(s) 'my_first_dag' retrieved from /opt/airflow/dags/my_first_dag.py
[2024-05-05T15:59:46.136+0000] {logging_mixin.py:188} INFO - [2024-05-05T15:59:46.136+0000] {dag.py:3096} INFO - Sync 1 DAGs
[2024-05-05T15:59:46.257+0000] {logging_mixin.py:188} INFO - [2024-05-05T15:59:46.257+0000] {dag.py:3954} INFO - Setting next_dagrun for my_first_dag to None, run_after=None
[2024-05-05T15:59:46.433+0000] {processor.py:183} INFO - Processing /opt/airflow/dags/my_first_dag.py took 0.540 seconds
