[2024-05-05T15:43:02.647+0000] {local_task_job_runner.py:120} INFO - ::group::Pre task execution logs
[2024-05-05T15:43:02.923+0000] {taskinstance.py:2073} INFO - Dependencies all met for dep_context=non-requeueable deps ti=<TaskInstance: example_complex.lookup_entry manual__2024-05-05T15:42:35.204677+00:00 [queued]>
[2024-05-05T15:43:03.006+0000] {taskinstance.py:2073} INFO - Dependencies all met for dep_context=requeueable deps ti=<TaskInstance: example_complex.lookup_entry manual__2024-05-05T15:42:35.204677+00:00 [queued]>
[2024-05-05T15:43:03.006+0000] {taskinstance.py:2303} INFO - Starting attempt 1 of 1
[2024-05-05T15:43:03.105+0000] {taskinstance.py:2327} INFO - Executing <Task(BashOperator): lookup_entry> on 2024-05-05 15:42:35.204677+00:00
[2024-05-05T15:43:03.151+0000] {warnings.py:110} WARNING - /home/***/.local/lib/python3.12/site-packages/***/task/task_runner/standard_task_runner.py:61: DeprecationWarning: This process (pid=194) is multi-threaded, use of fork() may lead to deadlocks in the child.
  pid = os.fork()

[2024-05-05T15:43:03.208+0000] {standard_task_runner.py:63} INFO - Started process 209 to run task
[2024-05-05T15:43:03.171+0000] {standard_task_runner.py:90} INFO - Running: ['***', 'tasks', 'run', 'example_complex', 'lookup_entry', 'manual__2024-05-05T15:42:35.204677+00:00', '--job-id', '9', '--raw', '--subdir', '/home/***/.local/lib/python3.12/site-packages/***/example_dags/example_complex.py', '--cfg-path', '/tmp/tmpidctxsbo']
[2024-05-05T15:43:03.252+0000] {standard_task_runner.py:91} INFO - Job 9: Subtask lookup_entry
[2024-05-05T15:43:03.539+0000] {task_command.py:426} INFO - Running <TaskInstance: example_complex.lookup_entry manual__2024-05-05T15:42:35.204677+00:00 [running]> on host edcd6c8e3dad
[2024-05-05T15:43:03.953+0000] {taskinstance.py:2644} INFO - Exporting env vars: AIRFLOW_CTX_DAG_OWNER='***' AIRFLOW_CTX_DAG_ID='example_complex' AIRFLOW_CTX_TASK_ID='lookup_entry' AIRFLOW_CTX_EXECUTION_DATE='2024-05-05T15:42:35.204677+00:00' AIRFLOW_CTX_TRY_NUMBER='1' AIRFLOW_CTX_DAG_RUN_ID='manual__2024-05-05T15:42:35.204677+00:00'
[2024-05-05T15:43:03.955+0000] {taskinstance.py:430} INFO - ::endgroup::
[2024-05-05T15:43:03.956+0000] {subprocess.py:63} INFO - Tmp dir root location: /tmp
[2024-05-05T15:43:03.960+0000] {subprocess.py:75} INFO - Running command: ['/usr/bin/bash', '-c', 'echo lookup_entry']
[2024-05-05T15:43:04.107+0000] {subprocess.py:86} INFO - Output:
[2024-05-05T15:43:04.121+0000] {subprocess.py:93} INFO - lookup_entry
[2024-05-05T15:43:04.124+0000] {subprocess.py:97} INFO - Command exited with return code 0
[2024-05-05T15:43:04.125+0000] {taskinstance.py:441} INFO - ::group::Post task execution logs
[2024-05-05T15:43:04.207+0000] {taskinstance.py:1205} INFO - Marking task as SUCCESS. dag_id=example_complex, task_id=lookup_entry, execution_date=20240505T154235, start_date=20240505T154302, end_date=20240505T154304
[2024-05-05T15:43:04.478+0000] {local_task_job_runner.py:240} INFO - Task exited with return code 0
[2024-05-05T15:43:04.599+0000] {taskinstance.py:3482} INFO - 1 downstream tasks scheduled from follow-on schedule check
[2024-05-05T15:43:04.610+0000] {local_task_job_runner.py:222} INFO - ::endgroup::
