[2024-05-05T15:42:46.816+0000] {local_task_job_runner.py:120} INFO - ::group::Pre task execution logs
[2024-05-05T15:42:46.899+0000] {taskinstance.py:2073} INFO - Dependencies all met for dep_context=non-requeueable deps ti=<TaskInstance: example_complex.get_entry_group manual__2024-05-05T15:42:35.204677+00:00 [queued]>
[2024-05-05T15:42:46.940+0000] {taskinstance.py:2073} INFO - Dependencies all met for dep_context=requeueable deps ti=<TaskInstance: example_complex.get_entry_group manual__2024-05-05T15:42:35.204677+00:00 [queued]>
[2024-05-05T15:42:46.950+0000] {taskinstance.py:2303} INFO - Starting attempt 1 of 1
[2024-05-05T15:42:47.110+0000] {taskinstance.py:2327} INFO - Executing <Task(BashOperator): get_entry_group> on 2024-05-05 15:42:35.204677+00:00
[2024-05-05T15:42:47.145+0000] {warnings.py:110} WARNING - /home/***/.local/lib/python3.12/site-packages/***/task/task_runner/standard_task_runner.py:61: DeprecationWarning: This process (pid=171) is multi-threaded, use of fork() may lead to deadlocks in the child.
  pid = os.fork()

[2024-05-05T15:42:47.146+0000] {standard_task_runner.py:63} INFO - Started process 178 to run task
[2024-05-05T15:42:47.157+0000] {standard_task_runner.py:90} INFO - Running: ['***', 'tasks', 'run', 'example_complex', 'get_entry_group', 'manual__2024-05-05T15:42:35.204677+00:00', '--job-id', '4', '--raw', '--subdir', '/home/***/.local/lib/python3.12/site-packages/***/example_dags/example_complex.py', '--cfg-path', '/tmp/tmp_jucvawu']
[2024-05-05T15:42:47.170+0000] {standard_task_runner.py:91} INFO - Job 4: Subtask get_entry_group
[2024-05-05T15:42:47.322+0000] {task_command.py:426} INFO - Running <TaskInstance: example_complex.get_entry_group manual__2024-05-05T15:42:35.204677+00:00 [running]> on host edcd6c8e3dad
[2024-05-05T15:42:47.814+0000] {taskinstance.py:2644} INFO - Exporting env vars: AIRFLOW_CTX_DAG_OWNER='***' AIRFLOW_CTX_DAG_ID='example_complex' AIRFLOW_CTX_TASK_ID='get_entry_group' AIRFLOW_CTX_EXECUTION_DATE='2024-05-05T15:42:35.204677+00:00' AIRFLOW_CTX_TRY_NUMBER='1' AIRFLOW_CTX_DAG_RUN_ID='manual__2024-05-05T15:42:35.204677+00:00'
[2024-05-05T15:42:47.817+0000] {taskinstance.py:430} INFO - ::endgroup::
[2024-05-05T15:42:47.819+0000] {subprocess.py:63} INFO - Tmp dir root location: /tmp
[2024-05-05T15:42:47.820+0000] {subprocess.py:75} INFO - Running command: ['/usr/bin/bash', '-c', 'echo get_entry_group']
[2024-05-05T15:42:48.010+0000] {subprocess.py:86} INFO - Output:
[2024-05-05T15:42:48.021+0000] {subprocess.py:93} INFO - get_entry_group
[2024-05-05T15:42:48.021+0000] {subprocess.py:97} INFO - Command exited with return code 0
[2024-05-05T15:42:48.022+0000] {taskinstance.py:441} INFO - ::group::Post task execution logs
[2024-05-05T15:42:48.129+0000] {taskinstance.py:1205} INFO - Marking task as SUCCESS. dag_id=example_complex, task_id=get_entry_group, execution_date=20240505T154235, start_date=20240505T154246, end_date=20240505T154248
[2024-05-05T15:42:48.254+0000] {local_task_job_runner.py:240} INFO - Task exited with return code 0
[2024-05-05T15:42:48.338+0000] {taskinstance.py:3482} INFO - 1 downstream tasks scheduled from follow-on schedule check
[2024-05-05T15:42:48.362+0000] {local_task_job_runner.py:222} INFO - ::endgroup::
