[2024-05-05T15:43:39.833+0000] {local_task_job_runner.py:120} INFO - ::group::Pre task execution logs
[2024-05-05T15:43:40.008+0000] {taskinstance.py:2073} INFO - Dependencies all met for dep_context=non-requeueable deps ti=<TaskInstance: example_complex.list_tags manual__2024-05-05T15:42:35.204677+00:00 [queued]>
[2024-05-05T15:43:40.074+0000] {taskinstance.py:2073} INFO - Dependencies all met for dep_context=requeueable deps ti=<TaskInstance: example_complex.list_tags manual__2024-05-05T15:42:35.204677+00:00 [queued]>
[2024-05-05T15:43:40.074+0000] {taskinstance.py:2303} INFO - Starting attempt 1 of 1
[2024-05-05T15:43:40.166+0000] {taskinstance.py:2327} INFO - Executing <Task(BashOperator): list_tags> on 2024-05-05 15:42:35.204677+00:00
[2024-05-05T15:43:40.259+0000] {warnings.py:110} WARNING - /home/***/.local/lib/python3.12/site-packages/***/task/task_runner/standard_task_runner.py:61: DeprecationWarning: This process (pid=268) is multi-threaded, use of fork() may lead to deadlocks in the child.
  pid = os.fork()

[2024-05-05T15:43:40.284+0000] {standard_task_runner.py:63} INFO - Started process 294 to run task
[2024-05-05T15:43:40.278+0000] {standard_task_runner.py:90} INFO - Running: ['***', 'tasks', 'run', 'example_complex', 'list_tags', 'manual__2024-05-05T15:42:35.204677+00:00', '--job-id', '32', '--raw', '--subdir', '/home/***/.local/lib/python3.12/site-packages/***/example_dags/example_complex.py', '--cfg-path', '/tmp/tmp_8segl5v']
[2024-05-05T15:43:40.310+0000] {standard_task_runner.py:91} INFO - Job 32: Subtask list_tags
[2024-05-05T15:43:40.533+0000] {task_command.py:426} INFO - Running <TaskInstance: example_complex.list_tags manual__2024-05-05T15:42:35.204677+00:00 [running]> on host edcd6c8e3dad
[2024-05-05T15:43:40.911+0000] {taskinstance.py:2644} INFO - Exporting env vars: AIRFLOW_CTX_DAG_OWNER='***' AIRFLOW_CTX_DAG_ID='example_complex' AIRFLOW_CTX_TASK_ID='list_tags' AIRFLOW_CTX_EXECUTION_DATE='2024-05-05T15:42:35.204677+00:00' AIRFLOW_CTX_TRY_NUMBER='1' AIRFLOW_CTX_DAG_RUN_ID='manual__2024-05-05T15:42:35.204677+00:00'
[2024-05-05T15:43:40.913+0000] {taskinstance.py:430} INFO - ::endgroup::
[2024-05-05T15:43:40.913+0000] {subprocess.py:63} INFO - Tmp dir root location: /tmp
[2024-05-05T15:43:40.914+0000] {subprocess.py:75} INFO - Running command: ['/usr/bin/bash', '-c', 'echo list_tags']
[2024-05-05T15:43:40.976+0000] {subprocess.py:86} INFO - Output:
[2024-05-05T15:43:40.994+0000] {subprocess.py:93} INFO - list_tags
[2024-05-05T15:43:40.996+0000] {subprocess.py:97} INFO - Command exited with return code 0
[2024-05-05T15:43:40.998+0000] {taskinstance.py:441} INFO - ::group::Post task execution logs
[2024-05-05T15:43:41.059+0000] {taskinstance.py:1205} INFO - Marking task as SUCCESS. dag_id=example_complex, task_id=list_tags, execution_date=20240505T154235, start_date=20240505T154340, end_date=20240505T154341
[2024-05-05T15:43:41.128+0000] {local_task_job_runner.py:240} INFO - Task exited with return code 0
[2024-05-05T15:43:41.166+0000] {taskinstance.py:3482} INFO - 2 downstream tasks scheduled from follow-on schedule check
[2024-05-05T15:43:41.176+0000] {local_task_job_runner.py:222} INFO - ::endgroup::
