[2024-05-05T15:59:18.760+0000] {local_task_job_runner.py:120} INFO - ::group::Pre task execution logs
[2024-05-05T15:59:19.555+0000] {taskinstance.py:2073} INFO - Dependencies all met for dep_context=non-requeueable deps ti=<TaskInstance: etl.get_files manual__2024-05-05T15:58:38.457745+00:00 [queued]>
[2024-05-05T15:59:19.784+0000] {taskinstance.py:2073} INFO - Dependencies all met for dep_context=requeueable deps ti=<TaskInstance: etl.get_files manual__2024-05-05T15:58:38.457745+00:00 [queued]>
[2024-05-05T15:59:19.817+0000] {taskinstance.py:2303} INFO - Starting attempt 1 of 1
[2024-05-05T15:59:20.491+0000] {taskinstance.py:2327} INFO - Executing <Task(PythonOperator): get_files> on 2024-05-05 15:58:38.457745+00:00
[2024-05-05T15:59:20.889+0000] {warnings.py:110} WARNING - /home/***/.local/lib/python3.12/site-packages/***/task/task_runner/standard_task_runner.py:61: DeprecationWarning: This process (pid=527) is multi-threaded, use of fork() may lead to deadlocks in the child.
  pid = os.fork()

[2024-05-05T15:59:20.937+0000] {standard_task_runner.py:63} INFO - Started process 565 to run task
[2024-05-05T15:59:20.915+0000] {standard_task_runner.py:90} INFO - Running: ['***', 'tasks', 'run', 'etl', 'get_files', 'manual__2024-05-05T15:58:38.457745+00:00', '--job-id', '46', '--raw', '--subdir', 'DAGS_FOLDER/etl.py', '--cfg-path', '/tmp/tmp2cvog35g']
[2024-05-05T15:59:21.149+0000] {standard_task_runner.py:91} INFO - Job 46: Subtask get_files
[2024-05-05T15:59:22.135+0000] {task_command.py:426} INFO - Running <TaskInstance: etl.get_files manual__2024-05-05T15:58:38.457745+00:00 [running]> on host edcd6c8e3dad
[2024-05-05T15:59:24.480+0000] {taskinstance.py:2644} INFO - Exporting env vars: AIRFLOW_CTX_DAG_OWNER='***' AIRFLOW_CTX_DAG_ID='etl' AIRFLOW_CTX_TASK_ID='get_files' AIRFLOW_CTX_EXECUTION_DATE='2024-05-05T15:58:38.457745+00:00' AIRFLOW_CTX_TRY_NUMBER='1' AIRFLOW_CTX_DAG_RUN_ID='manual__2024-05-05T15:58:38.457745+00:00'
[2024-05-05T15:59:24.504+0000] {taskinstance.py:430} INFO - ::endgroup::
[2024-05-05T15:59:24.548+0000] {logging_mixin.py:188} INFO - 0 files found in /opt/***/dags/data
[2024-05-05T15:59:24.555+0000] {python.py:237} INFO - Done. Returned value was: []
[2024-05-05T15:59:24.564+0000] {taskinstance.py:441} INFO - ::group::Post task execution logs
[2024-05-05T15:59:24.799+0000] {taskinstance.py:1205} INFO - Marking task as SUCCESS. dag_id=etl, task_id=get_files, execution_date=20240505T155838, start_date=20240505T155919, end_date=20240505T155924
[2024-05-05T15:59:25.740+0000] {local_task_job_runner.py:240} INFO - Task exited with return code 0
[2024-05-05T15:59:26.496+0000] {taskinstance.py:3482} INFO - 0 downstream tasks scheduled from follow-on schedule check
[2024-05-05T15:59:26.693+0000] {local_task_job_runner.py:222} INFO - ::endgroup::
