[2024-05-05T15:43:04.585+0000] {local_task_job_runner.py:120} INFO - ::group::Pre task execution logs
[2024-05-05T15:43:04.713+0000] {taskinstance.py:2073} INFO - Dependencies all met for dep_context=non-requeueable deps ti=<TaskInstance: example_complex.create_entry_gcs_result manual__2024-05-05T15:42:35.204677+00:00 [queued]>
[2024-05-05T15:43:04.898+0000] {taskinstance.py:2073} INFO - Dependencies all met for dep_context=requeueable deps ti=<TaskInstance: example_complex.create_entry_gcs_result manual__2024-05-05T15:42:35.204677+00:00 [queued]>
[2024-05-05T15:43:04.899+0000] {taskinstance.py:2303} INFO - Starting attempt 1 of 1
[2024-05-05T15:43:05.181+0000] {taskinstance.py:2327} INFO - Executing <Task(BashOperator): create_entry_gcs_result> on 2024-05-05 15:42:35.204677+00:00
[2024-05-05T15:43:05.261+0000] {warnings.py:110} WARNING - /home/***/.local/lib/python3.12/site-packages/***/task/task_runner/standard_task_runner.py:61: DeprecationWarning: This process (pid=198) is multi-threaded, use of fork() may lead to deadlocks in the child.
  pid = os.fork()

[2024-05-05T15:43:05.293+0000] {standard_task_runner.py:63} INFO - Started process 217 to run task
[2024-05-05T15:43:05.288+0000] {standard_task_runner.py:90} INFO - Running: ['***', 'tasks', 'run', 'example_complex', 'create_entry_gcs_result', 'manual__2024-05-05T15:42:35.204677+00:00', '--job-id', '14', '--raw', '--subdir', '/home/***/.local/lib/python3.12/site-packages/***/example_dags/example_complex.py', '--cfg-path', '/tmp/tmps6s6s7uf']
[2024-05-05T15:43:05.300+0000] {standard_task_runner.py:91} INFO - Job 14: Subtask create_entry_gcs_result
[2024-05-05T15:43:05.537+0000] {task_command.py:426} INFO - Running <TaskInstance: example_complex.create_entry_gcs_result manual__2024-05-05T15:42:35.204677+00:00 [running]> on host edcd6c8e3dad
[2024-05-05T15:43:06.009+0000] {taskinstance.py:2644} INFO - Exporting env vars: AIRFLOW_CTX_DAG_OWNER='***' AIRFLOW_CTX_DAG_ID='example_complex' AIRFLOW_CTX_TASK_ID='create_entry_gcs_result' AIRFLOW_CTX_EXECUTION_DATE='2024-05-05T15:42:35.204677+00:00' AIRFLOW_CTX_TRY_NUMBER='1' AIRFLOW_CTX_DAG_RUN_ID='manual__2024-05-05T15:42:35.204677+00:00'
[2024-05-05T15:43:06.020+0000] {taskinstance.py:430} INFO - ::endgroup::
[2024-05-05T15:43:06.026+0000] {subprocess.py:63} INFO - Tmp dir root location: /tmp
[2024-05-05T15:43:06.027+0000] {subprocess.py:75} INFO - Running command: ['/usr/bin/bash', '-c', 'echo create_entry_gcs_result']
[2024-05-05T15:43:06.208+0000] {subprocess.py:86} INFO - Output:
[2024-05-05T15:43:06.211+0000] {subprocess.py:93} INFO - create_entry_gcs_result
[2024-05-05T15:43:06.236+0000] {subprocess.py:97} INFO - Command exited with return code 0
[2024-05-05T15:43:06.237+0000] {taskinstance.py:441} INFO - ::group::Post task execution logs
[2024-05-05T15:43:06.287+0000] {taskinstance.py:1205} INFO - Marking task as SUCCESS. dag_id=example_complex, task_id=create_entry_gcs_result, execution_date=20240505T154235, start_date=20240505T154304, end_date=20240505T154306
[2024-05-05T15:43:06.695+0000] {local_task_job_runner.py:240} INFO - Task exited with return code 0
[2024-05-05T15:43:06.951+0000] {taskinstance.py:3482} INFO - 0 downstream tasks scheduled from follow-on schedule check
[2024-05-05T15:43:06.980+0000] {local_task_job_runner.py:222} INFO - ::endgroup::
