[2024-05-05T15:33:32.410+0000] {processor.py:161} INFO - Started process (PID=70) to work on /home/airflow/.local/lib/python3.12/site-packages/airflow/example_dags/example_nested_branch_dag.py
[2024-05-05T15:33:32.428+0000] {processor.py:830} INFO - Processing file /home/airflow/.local/lib/python3.12/site-packages/airflow/example_dags/example_nested_branch_dag.py for tasks to queue
[2024-05-05T15:33:32.441+0000] {logging_mixin.py:188} INFO - [2024-05-05T15:33:32.441+0000] {dagbag.py:540} INFO - Filling up the DagBag from /home/airflow/.local/lib/python3.12/site-packages/airflow/example_dags/example_nested_branch_dag.py
[2024-05-05T15:33:32.549+0000] {processor.py:840} INFO - DAG(s) 'example_nested_branch_dag' retrieved from /home/airflow/.local/lib/python3.12/site-packages/airflow/example_dags/example_nested_branch_dag.py
[2024-05-05T15:33:33.299+0000] {logging_mixin.py:188} INFO - [2024-05-05T15:33:33.298+0000] {override.py:1829} INFO - Created Permission View: can edit on DAG:example_nested_branch_dag
[2024-05-05T15:33:33.365+0000] {logging_mixin.py:188} INFO - [2024-05-05T15:33:33.364+0000] {override.py:1829} INFO - Created Permission View: can read on DAG:example_nested_branch_dag
[2024-05-05T15:33:33.383+0000] {logging_mixin.py:188} INFO - [2024-05-05T15:33:33.383+0000] {override.py:1829} INFO - Created Permission View: can delete on DAG:example_nested_branch_dag
[2024-05-05T15:33:33.384+0000] {logging_mixin.py:188} INFO - [2024-05-05T15:33:33.384+0000] {dag.py:3096} INFO - Sync 1 DAGs
[2024-05-05T15:33:33.453+0000] {logging_mixin.py:188} INFO - [2024-05-05T15:33:33.453+0000] {dag.py:3118} INFO - Creating ORM DAG for example_nested_branch_dag
[2024-05-05T15:33:33.547+0000] {logging_mixin.py:188} INFO - [2024-05-05T15:33:33.547+0000] {dag.py:3954} INFO - Setting next_dagrun for example_nested_branch_dag to 2024-05-04 00:00:00+00:00, run_after=2024-05-05 00:00:00+00:00
[2024-05-05T15:33:33.803+0000] {processor.py:183} INFO - Processing /home/airflow/.local/lib/python3.12/site-packages/airflow/example_dags/example_nested_branch_dag.py took 1.440 seconds
[2024-05-05T15:34:03.986+0000] {processor.py:161} INFO - Started process (PID=128) to work on /home/airflow/.local/lib/python3.12/site-packages/airflow/example_dags/example_nested_branch_dag.py
[2024-05-05T15:34:03.987+0000] {processor.py:830} INFO - Processing file /home/airflow/.local/lib/python3.12/site-packages/airflow/example_dags/example_nested_branch_dag.py for tasks to queue
[2024-05-05T15:34:03.989+0000] {logging_mixin.py:188} INFO - [2024-05-05T15:34:03.989+0000] {dagbag.py:540} INFO - Filling up the DagBag from /home/airflow/.local/lib/python3.12/site-packages/airflow/example_dags/example_nested_branch_dag.py
[2024-05-05T15:34:03.998+0000] {processor.py:840} INFO - DAG(s) 'example_nested_branch_dag' retrieved from /home/airflow/.local/lib/python3.12/site-packages/airflow/example_dags/example_nested_branch_dag.py
[2024-05-05T15:34:04.016+0000] {logging_mixin.py:188} INFO - [2024-05-05T15:34:04.016+0000] {dag.py:3096} INFO - Sync 1 DAGs
[2024-05-05T15:34:04.035+0000] {logging_mixin.py:188} INFO - [2024-05-05T15:34:04.035+0000] {dag.py:3954} INFO - Setting next_dagrun for example_nested_branch_dag to 2024-05-04 00:00:00+00:00, run_after=2024-05-05 00:00:00+00:00
[2024-05-05T15:34:04.055+0000] {processor.py:183} INFO - Processing /home/airflow/.local/lib/python3.12/site-packages/airflow/example_dags/example_nested_branch_dag.py took 0.074 seconds
[2024-05-05T15:34:34.505+0000] {processor.py:161} INFO - Started process (PID=186) to work on /home/airflow/.local/lib/python3.12/site-packages/airflow/example_dags/example_nested_branch_dag.py
[2024-05-05T15:34:34.512+0000] {processor.py:830} INFO - Processing file /home/airflow/.local/lib/python3.12/site-packages/airflow/example_dags/example_nested_branch_dag.py for tasks to queue
[2024-05-05T15:34:34.514+0000] {logging_mixin.py:188} INFO - [2024-05-05T15:34:34.514+0000] {dagbag.py:540} INFO - Filling up the DagBag from /home/airflow/.local/lib/python3.12/site-packages/airflow/example_dags/example_nested_branch_dag.py
[2024-05-05T15:34:34.531+0000] {processor.py:840} INFO - DAG(s) 'example_nested_branch_dag' retrieved from /home/airflow/.local/lib/python3.12/site-packages/airflow/example_dags/example_nested_branch_dag.py
[2024-05-05T15:34:34.558+0000] {logging_mixin.py:188} INFO - [2024-05-05T15:34:34.558+0000] {dag.py:3096} INFO - Sync 1 DAGs
[2024-05-05T15:34:34.587+0000] {logging_mixin.py:188} INFO - [2024-05-05T15:34:34.587+0000] {dag.py:3954} INFO - Setting next_dagrun for example_nested_branch_dag to 2024-05-04 00:00:00+00:00, run_after=2024-05-05 00:00:00+00:00
[2024-05-05T15:34:34.614+0000] {processor.py:183} INFO - Processing /home/airflow/.local/lib/python3.12/site-packages/airflow/example_dags/example_nested_branch_dag.py took 0.125 seconds
[2024-05-05T15:35:04.886+0000] {processor.py:161} INFO - Started process (PID=243) to work on /home/airflow/.local/lib/python3.12/site-packages/airflow/example_dags/example_nested_branch_dag.py
[2024-05-05T15:35:04.886+0000] {processor.py:830} INFO - Processing file /home/airflow/.local/lib/python3.12/site-packages/airflow/example_dags/example_nested_branch_dag.py for tasks to queue
[2024-05-05T15:35:04.889+0000] {logging_mixin.py:188} INFO - [2024-05-05T15:35:04.888+0000] {dagbag.py:540} INFO - Filling up the DagBag from /home/airflow/.local/lib/python3.12/site-packages/airflow/example_dags/example_nested_branch_dag.py
[2024-05-05T15:35:04.903+0000] {processor.py:840} INFO - DAG(s) 'example_nested_branch_dag' retrieved from /home/airflow/.local/lib/python3.12/site-packages/airflow/example_dags/example_nested_branch_dag.py
[2024-05-05T15:35:04.935+0000] {logging_mixin.py:188} INFO - [2024-05-05T15:35:04.935+0000] {dag.py:3096} INFO - Sync 1 DAGs
[2024-05-05T15:35:04.972+0000] {logging_mixin.py:188} INFO - [2024-05-05T15:35:04.972+0000] {dag.py:3954} INFO - Setting next_dagrun for example_nested_branch_dag to 2024-05-04 00:00:00+00:00, run_after=2024-05-05 00:00:00+00:00
[2024-05-05T15:35:05.001+0000] {processor.py:183} INFO - Processing /home/airflow/.local/lib/python3.12/site-packages/airflow/example_dags/example_nested_branch_dag.py took 0.124 seconds
[2024-05-05T15:35:35.444+0000] {processor.py:161} INFO - Started process (PID=301) to work on /home/airflow/.local/lib/python3.12/site-packages/airflow/example_dags/example_nested_branch_dag.py
[2024-05-05T15:35:35.445+0000] {processor.py:830} INFO - Processing file /home/airflow/.local/lib/python3.12/site-packages/airflow/example_dags/example_nested_branch_dag.py for tasks to queue
[2024-05-05T15:35:35.447+0000] {logging_mixin.py:188} INFO - [2024-05-05T15:35:35.447+0000] {dagbag.py:540} INFO - Filling up the DagBag from /home/airflow/.local/lib/python3.12/site-packages/airflow/example_dags/example_nested_branch_dag.py
[2024-05-05T15:35:35.461+0000] {processor.py:840} INFO - DAG(s) 'example_nested_branch_dag' retrieved from /home/airflow/.local/lib/python3.12/site-packages/airflow/example_dags/example_nested_branch_dag.py
[2024-05-05T15:35:35.486+0000] {logging_mixin.py:188} INFO - [2024-05-05T15:35:35.485+0000] {dag.py:3096} INFO - Sync 1 DAGs
[2024-05-05T15:35:35.513+0000] {logging_mixin.py:188} INFO - [2024-05-05T15:35:35.513+0000] {dag.py:3954} INFO - Setting next_dagrun for example_nested_branch_dag to 2024-05-04 00:00:00+00:00, run_after=2024-05-05 00:00:00+00:00
[2024-05-05T15:35:35.539+0000] {processor.py:183} INFO - Processing /home/airflow/.local/lib/python3.12/site-packages/airflow/example_dags/example_nested_branch_dag.py took 0.101 seconds
[2024-05-05T15:36:05.836+0000] {processor.py:161} INFO - Started process (PID=359) to work on /home/airflow/.local/lib/python3.12/site-packages/airflow/example_dags/example_nested_branch_dag.py
[2024-05-05T15:36:05.837+0000] {processor.py:830} INFO - Processing file /home/airflow/.local/lib/python3.12/site-packages/airflow/example_dags/example_nested_branch_dag.py for tasks to queue
[2024-05-05T15:36:05.839+0000] {logging_mixin.py:188} INFO - [2024-05-05T15:36:05.839+0000] {dagbag.py:540} INFO - Filling up the DagBag from /home/airflow/.local/lib/python3.12/site-packages/airflow/example_dags/example_nested_branch_dag.py
[2024-05-05T15:36:05.853+0000] {processor.py:840} INFO - DAG(s) 'example_nested_branch_dag' retrieved from /home/airflow/.local/lib/python3.12/site-packages/airflow/example_dags/example_nested_branch_dag.py
[2024-05-05T15:36:05.881+0000] {logging_mixin.py:188} INFO - [2024-05-05T15:36:05.881+0000] {dag.py:3096} INFO - Sync 1 DAGs
[2024-05-05T15:36:05.909+0000] {logging_mixin.py:188} INFO - [2024-05-05T15:36:05.909+0000] {dag.py:3954} INFO - Setting next_dagrun for example_nested_branch_dag to 2024-05-04 00:00:00+00:00, run_after=2024-05-05 00:00:00+00:00
[2024-05-05T15:36:05.937+0000] {processor.py:183} INFO - Processing /home/airflow/.local/lib/python3.12/site-packages/airflow/example_dags/example_nested_branch_dag.py took 0.107 seconds
[2024-05-05T15:36:36.969+0000] {processor.py:161} INFO - Started process (PID=418) to work on /home/airflow/.local/lib/python3.12/site-packages/airflow/example_dags/example_nested_branch_dag.py
[2024-05-05T15:36:36.970+0000] {processor.py:830} INFO - Processing file /home/airflow/.local/lib/python3.12/site-packages/airflow/example_dags/example_nested_branch_dag.py for tasks to queue
[2024-05-05T15:36:36.974+0000] {logging_mixin.py:188} INFO - [2024-05-05T15:36:36.974+0000] {dagbag.py:540} INFO - Filling up the DagBag from /home/airflow/.local/lib/python3.12/site-packages/airflow/example_dags/example_nested_branch_dag.py
[2024-05-05T15:36:36.985+0000] {processor.py:840} INFO - DAG(s) 'example_nested_branch_dag' retrieved from /home/airflow/.local/lib/python3.12/site-packages/airflow/example_dags/example_nested_branch_dag.py
[2024-05-05T15:36:37.014+0000] {logging_mixin.py:188} INFO - [2024-05-05T15:36:37.013+0000] {dag.py:3096} INFO - Sync 1 DAGs
[2024-05-05T15:36:37.044+0000] {logging_mixin.py:188} INFO - [2024-05-05T15:36:37.044+0000] {dag.py:3954} INFO - Setting next_dagrun for example_nested_branch_dag to 2024-05-04 00:00:00+00:00, run_after=2024-05-05 00:00:00+00:00
[2024-05-05T15:36:37.095+0000] {processor.py:183} INFO - Processing /home/airflow/.local/lib/python3.12/site-packages/airflow/example_dags/example_nested_branch_dag.py took 0.136 seconds
[2024-05-05T15:37:07.233+0000] {processor.py:161} INFO - Started process (PID=476) to work on /home/airflow/.local/lib/python3.12/site-packages/airflow/example_dags/example_nested_branch_dag.py
[2024-05-05T15:37:07.234+0000] {processor.py:830} INFO - Processing file /home/airflow/.local/lib/python3.12/site-packages/airflow/example_dags/example_nested_branch_dag.py for tasks to queue
[2024-05-05T15:37:07.236+0000] {logging_mixin.py:188} INFO - [2024-05-05T15:37:07.236+0000] {dagbag.py:540} INFO - Filling up the DagBag from /home/airflow/.local/lib/python3.12/site-packages/airflow/example_dags/example_nested_branch_dag.py
[2024-05-05T15:37:07.248+0000] {processor.py:840} INFO - DAG(s) 'example_nested_branch_dag' retrieved from /home/airflow/.local/lib/python3.12/site-packages/airflow/example_dags/example_nested_branch_dag.py
[2024-05-05T15:37:07.274+0000] {logging_mixin.py:188} INFO - [2024-05-05T15:37:07.273+0000] {dag.py:3096} INFO - Sync 1 DAGs
[2024-05-05T15:37:07.298+0000] {logging_mixin.py:188} INFO - [2024-05-05T15:37:07.298+0000] {dag.py:3954} INFO - Setting next_dagrun for example_nested_branch_dag to 2024-05-04 00:00:00+00:00, run_after=2024-05-05 00:00:00+00:00
[2024-05-05T15:37:07.326+0000] {processor.py:183} INFO - Processing /home/airflow/.local/lib/python3.12/site-packages/airflow/example_dags/example_nested_branch_dag.py took 0.100 seconds
[2024-05-05T15:37:37.871+0000] {processor.py:161} INFO - Started process (PID=535) to work on /home/airflow/.local/lib/python3.12/site-packages/airflow/example_dags/example_nested_branch_dag.py
[2024-05-05T15:37:37.872+0000] {processor.py:830} INFO - Processing file /home/airflow/.local/lib/python3.12/site-packages/airflow/example_dags/example_nested_branch_dag.py for tasks to queue
[2024-05-05T15:37:37.874+0000] {logging_mixin.py:188} INFO - [2024-05-05T15:37:37.874+0000] {dagbag.py:540} INFO - Filling up the DagBag from /home/airflow/.local/lib/python3.12/site-packages/airflow/example_dags/example_nested_branch_dag.py
[2024-05-05T15:37:37.885+0000] {processor.py:840} INFO - DAG(s) 'example_nested_branch_dag' retrieved from /home/airflow/.local/lib/python3.12/site-packages/airflow/example_dags/example_nested_branch_dag.py
[2024-05-05T15:37:37.912+0000] {logging_mixin.py:188} INFO - [2024-05-05T15:37:37.912+0000] {dag.py:3096} INFO - Sync 1 DAGs
[2024-05-05T15:37:37.941+0000] {logging_mixin.py:188} INFO - [2024-05-05T15:37:37.941+0000] {dag.py:3954} INFO - Setting next_dagrun for example_nested_branch_dag to 2024-05-04 00:00:00+00:00, run_after=2024-05-05 00:00:00+00:00
[2024-05-05T15:37:37.968+0000] {processor.py:183} INFO - Processing /home/airflow/.local/lib/python3.12/site-packages/airflow/example_dags/example_nested_branch_dag.py took 0.103 seconds
[2024-05-05T15:38:08.767+0000] {processor.py:161} INFO - Started process (PID=594) to work on /home/airflow/.local/lib/python3.12/site-packages/airflow/example_dags/example_nested_branch_dag.py
[2024-05-05T15:38:08.768+0000] {processor.py:830} INFO - Processing file /home/airflow/.local/lib/python3.12/site-packages/airflow/example_dags/example_nested_branch_dag.py for tasks to queue
[2024-05-05T15:38:08.770+0000] {logging_mixin.py:188} INFO - [2024-05-05T15:38:08.770+0000] {dagbag.py:540} INFO - Filling up the DagBag from /home/airflow/.local/lib/python3.12/site-packages/airflow/example_dags/example_nested_branch_dag.py
[2024-05-05T15:38:08.782+0000] {processor.py:840} INFO - DAG(s) 'example_nested_branch_dag' retrieved from /home/airflow/.local/lib/python3.12/site-packages/airflow/example_dags/example_nested_branch_dag.py
[2024-05-05T15:38:08.808+0000] {logging_mixin.py:188} INFO - [2024-05-05T15:38:08.808+0000] {dag.py:3096} INFO - Sync 1 DAGs
[2024-05-05T15:38:08.836+0000] {logging_mixin.py:188} INFO - [2024-05-05T15:38:08.836+0000] {dag.py:3954} INFO - Setting next_dagrun for example_nested_branch_dag to 2024-05-04 00:00:00+00:00, run_after=2024-05-05 00:00:00+00:00
[2024-05-05T15:38:08.861+0000] {processor.py:183} INFO - Processing /home/airflow/.local/lib/python3.12/site-packages/airflow/example_dags/example_nested_branch_dag.py took 0.100 seconds
[2024-05-05T15:38:39.020+0000] {processor.py:161} INFO - Started process (PID=652) to work on /home/airflow/.local/lib/python3.12/site-packages/airflow/example_dags/example_nested_branch_dag.py
[2024-05-05T15:38:39.021+0000] {processor.py:830} INFO - Processing file /home/airflow/.local/lib/python3.12/site-packages/airflow/example_dags/example_nested_branch_dag.py for tasks to queue
[2024-05-05T15:38:39.023+0000] {logging_mixin.py:188} INFO - [2024-05-05T15:38:39.023+0000] {dagbag.py:540} INFO - Filling up the DagBag from /home/airflow/.local/lib/python3.12/site-packages/airflow/example_dags/example_nested_branch_dag.py
[2024-05-05T15:38:39.036+0000] {processor.py:840} INFO - DAG(s) 'example_nested_branch_dag' retrieved from /home/airflow/.local/lib/python3.12/site-packages/airflow/example_dags/example_nested_branch_dag.py
[2024-05-05T15:38:39.063+0000] {logging_mixin.py:188} INFO - [2024-05-05T15:38:39.063+0000] {dag.py:3096} INFO - Sync 1 DAGs
[2024-05-05T15:38:39.093+0000] {logging_mixin.py:188} INFO - [2024-05-05T15:38:39.092+0000] {dag.py:3954} INFO - Setting next_dagrun for example_nested_branch_dag to 2024-05-04 00:00:00+00:00, run_after=2024-05-05 00:00:00+00:00
[2024-05-05T15:38:39.120+0000] {processor.py:183} INFO - Processing /home/airflow/.local/lib/python3.12/site-packages/airflow/example_dags/example_nested_branch_dag.py took 0.106 seconds
[2024-05-05T15:39:10.113+0000] {processor.py:161} INFO - Started process (PID=710) to work on /home/airflow/.local/lib/python3.12/site-packages/airflow/example_dags/example_nested_branch_dag.py
[2024-05-05T15:39:10.115+0000] {processor.py:830} INFO - Processing file /home/airflow/.local/lib/python3.12/site-packages/airflow/example_dags/example_nested_branch_dag.py for tasks to queue
[2024-05-05T15:39:10.116+0000] {logging_mixin.py:188} INFO - [2024-05-05T15:39:10.116+0000] {dagbag.py:540} INFO - Filling up the DagBag from /home/airflow/.local/lib/python3.12/site-packages/airflow/example_dags/example_nested_branch_dag.py
[2024-05-05T15:39:10.129+0000] {processor.py:840} INFO - DAG(s) 'example_nested_branch_dag' retrieved from /home/airflow/.local/lib/python3.12/site-packages/airflow/example_dags/example_nested_branch_dag.py
[2024-05-05T15:39:10.154+0000] {logging_mixin.py:188} INFO - [2024-05-05T15:39:10.154+0000] {dag.py:3096} INFO - Sync 1 DAGs
[2024-05-05T15:39:10.182+0000] {logging_mixin.py:188} INFO - [2024-05-05T15:39:10.182+0000] {dag.py:3954} INFO - Setting next_dagrun for example_nested_branch_dag to 2024-05-04 00:00:00+00:00, run_after=2024-05-05 00:00:00+00:00
[2024-05-05T15:39:10.207+0000] {processor.py:183} INFO - Processing /home/airflow/.local/lib/python3.12/site-packages/airflow/example_dags/example_nested_branch_dag.py took 0.102 seconds
[2024-05-05T15:39:40.977+0000] {processor.py:161} INFO - Started process (PID=769) to work on /home/airflow/.local/lib/python3.12/site-packages/airflow/example_dags/example_nested_branch_dag.py
[2024-05-05T15:39:40.981+0000] {processor.py:830} INFO - Processing file /home/airflow/.local/lib/python3.12/site-packages/airflow/example_dags/example_nested_branch_dag.py for tasks to queue
[2024-05-05T15:39:40.983+0000] {logging_mixin.py:188} INFO - [2024-05-05T15:39:40.983+0000] {dagbag.py:540} INFO - Filling up the DagBag from /home/airflow/.local/lib/python3.12/site-packages/airflow/example_dags/example_nested_branch_dag.py
[2024-05-05T15:39:40.997+0000] {processor.py:840} INFO - DAG(s) 'example_nested_branch_dag' retrieved from /home/airflow/.local/lib/python3.12/site-packages/airflow/example_dags/example_nested_branch_dag.py
[2024-05-05T15:39:41.024+0000] {logging_mixin.py:188} INFO - [2024-05-05T15:39:41.024+0000] {dag.py:3096} INFO - Sync 1 DAGs
[2024-05-05T15:39:41.055+0000] {logging_mixin.py:188} INFO - [2024-05-05T15:39:41.054+0000] {dag.py:3954} INFO - Setting next_dagrun for example_nested_branch_dag to 2024-05-04 00:00:00+00:00, run_after=2024-05-05 00:00:00+00:00
[2024-05-05T15:39:41.081+0000] {processor.py:183} INFO - Processing /home/airflow/.local/lib/python3.12/site-packages/airflow/example_dags/example_nested_branch_dag.py took 0.110 seconds
[2024-05-05T15:40:12.097+0000] {processor.py:161} INFO - Started process (PID=826) to work on /home/airflow/.local/lib/python3.12/site-packages/airflow/example_dags/example_nested_branch_dag.py
[2024-05-05T15:40:12.098+0000] {processor.py:830} INFO - Processing file /home/airflow/.local/lib/python3.12/site-packages/airflow/example_dags/example_nested_branch_dag.py for tasks to queue
[2024-05-05T15:40:12.100+0000] {logging_mixin.py:188} INFO - [2024-05-05T15:40:12.100+0000] {dagbag.py:540} INFO - Filling up the DagBag from /home/airflow/.local/lib/python3.12/site-packages/airflow/example_dags/example_nested_branch_dag.py
[2024-05-05T15:40:12.114+0000] {processor.py:840} INFO - DAG(s) 'example_nested_branch_dag' retrieved from /home/airflow/.local/lib/python3.12/site-packages/airflow/example_dags/example_nested_branch_dag.py
[2024-05-05T15:40:12.149+0000] {logging_mixin.py:188} INFO - [2024-05-05T15:40:12.149+0000] {dag.py:3096} INFO - Sync 1 DAGs
[2024-05-05T15:40:12.177+0000] {logging_mixin.py:188} INFO - [2024-05-05T15:40:12.177+0000] {dag.py:3954} INFO - Setting next_dagrun for example_nested_branch_dag to 2024-05-04 00:00:00+00:00, run_after=2024-05-05 00:00:00+00:00
[2024-05-05T15:40:12.233+0000] {processor.py:183} INFO - Processing /home/airflow/.local/lib/python3.12/site-packages/airflow/example_dags/example_nested_branch_dag.py took 0.142 seconds
[2024-05-05T15:40:42.978+0000] {processor.py:161} INFO - Started process (PID=884) to work on /home/airflow/.local/lib/python3.12/site-packages/airflow/example_dags/example_nested_branch_dag.py
[2024-05-05T15:40:42.979+0000] {processor.py:830} INFO - Processing file /home/airflow/.local/lib/python3.12/site-packages/airflow/example_dags/example_nested_branch_dag.py for tasks to queue
[2024-05-05T15:40:42.982+0000] {logging_mixin.py:188} INFO - [2024-05-05T15:40:42.981+0000] {dagbag.py:540} INFO - Filling up the DagBag from /home/airflow/.local/lib/python3.12/site-packages/airflow/example_dags/example_nested_branch_dag.py
[2024-05-05T15:40:42.993+0000] {processor.py:840} INFO - DAG(s) 'example_nested_branch_dag' retrieved from /home/airflow/.local/lib/python3.12/site-packages/airflow/example_dags/example_nested_branch_dag.py
[2024-05-05T15:40:43.022+0000] {logging_mixin.py:188} INFO - [2024-05-05T15:40:43.021+0000] {dag.py:3096} INFO - Sync 1 DAGs
[2024-05-05T15:40:43.051+0000] {logging_mixin.py:188} INFO - [2024-05-05T15:40:43.050+0000] {dag.py:3954} INFO - Setting next_dagrun for example_nested_branch_dag to 2024-05-04 00:00:00+00:00, run_after=2024-05-05 00:00:00+00:00
[2024-05-05T15:40:43.079+0000] {processor.py:183} INFO - Processing /home/airflow/.local/lib/python3.12/site-packages/airflow/example_dags/example_nested_branch_dag.py took 0.116 seconds
[2024-05-05T15:41:13.826+0000] {processor.py:161} INFO - Started process (PID=941) to work on /home/airflow/.local/lib/python3.12/site-packages/airflow/example_dags/example_nested_branch_dag.py
[2024-05-05T15:41:13.827+0000] {processor.py:830} INFO - Processing file /home/airflow/.local/lib/python3.12/site-packages/airflow/example_dags/example_nested_branch_dag.py for tasks to queue
[2024-05-05T15:41:13.829+0000] {logging_mixin.py:188} INFO - [2024-05-05T15:41:13.829+0000] {dagbag.py:540} INFO - Filling up the DagBag from /home/airflow/.local/lib/python3.12/site-packages/airflow/example_dags/example_nested_branch_dag.py
[2024-05-05T15:41:13.841+0000] {processor.py:840} INFO - DAG(s) 'example_nested_branch_dag' retrieved from /home/airflow/.local/lib/python3.12/site-packages/airflow/example_dags/example_nested_branch_dag.py
[2024-05-05T15:41:13.896+0000] {logging_mixin.py:188} INFO - [2024-05-05T15:41:13.896+0000] {dag.py:3096} INFO - Sync 1 DAGs
[2024-05-05T15:41:14.157+0000] {logging_mixin.py:188} INFO - [2024-05-05T15:41:14.157+0000] {dag.py:3954} INFO - Setting next_dagrun for example_nested_branch_dag to 2024-05-04 00:00:00+00:00, run_after=2024-05-05 00:00:00+00:00
[2024-05-05T15:41:14.181+0000] {processor.py:183} INFO - Processing /home/airflow/.local/lib/python3.12/site-packages/airflow/example_dags/example_nested_branch_dag.py took 0.360 seconds
[2024-05-05T15:41:44.882+0000] {processor.py:161} INFO - Started process (PID=1000) to work on /home/airflow/.local/lib/python3.12/site-packages/airflow/example_dags/example_nested_branch_dag.py
[2024-05-05T15:41:44.883+0000] {processor.py:830} INFO - Processing file /home/airflow/.local/lib/python3.12/site-packages/airflow/example_dags/example_nested_branch_dag.py for tasks to queue
[2024-05-05T15:41:44.885+0000] {logging_mixin.py:188} INFO - [2024-05-05T15:41:44.885+0000] {dagbag.py:540} INFO - Filling up the DagBag from /home/airflow/.local/lib/python3.12/site-packages/airflow/example_dags/example_nested_branch_dag.py
[2024-05-05T15:41:44.933+0000] {processor.py:840} INFO - DAG(s) 'example_nested_branch_dag' retrieved from /home/airflow/.local/lib/python3.12/site-packages/airflow/example_dags/example_nested_branch_dag.py
[2024-05-05T15:41:45.041+0000] {logging_mixin.py:188} INFO - [2024-05-05T15:41:45.040+0000] {dag.py:3096} INFO - Sync 1 DAGs
[2024-05-05T15:41:45.155+0000] {logging_mixin.py:188} INFO - [2024-05-05T15:41:45.154+0000] {dag.py:3954} INFO - Setting next_dagrun for example_nested_branch_dag to 2024-05-04 00:00:00+00:00, run_after=2024-05-05 00:00:00+00:00
[2024-05-05T15:41:45.209+0000] {processor.py:183} INFO - Processing /home/airflow/.local/lib/python3.12/site-packages/airflow/example_dags/example_nested_branch_dag.py took 0.346 seconds
[2024-05-05T15:42:15.724+0000] {processor.py:161} INFO - Started process (PID=1059) to work on /home/airflow/.local/lib/python3.12/site-packages/airflow/example_dags/example_nested_branch_dag.py
[2024-05-05T15:42:15.725+0000] {processor.py:830} INFO - Processing file /home/airflow/.local/lib/python3.12/site-packages/airflow/example_dags/example_nested_branch_dag.py for tasks to queue
[2024-05-05T15:42:15.727+0000] {logging_mixin.py:188} INFO - [2024-05-05T15:42:15.727+0000] {dagbag.py:540} INFO - Filling up the DagBag from /home/airflow/.local/lib/python3.12/site-packages/airflow/example_dags/example_nested_branch_dag.py
[2024-05-05T15:42:15.743+0000] {processor.py:840} INFO - DAG(s) 'example_nested_branch_dag' retrieved from /home/airflow/.local/lib/python3.12/site-packages/airflow/example_dags/example_nested_branch_dag.py
[2024-05-05T15:42:15.786+0000] {logging_mixin.py:188} INFO - [2024-05-05T15:42:15.786+0000] {dag.py:3096} INFO - Sync 1 DAGs
[2024-05-05T15:42:15.846+0000] {logging_mixin.py:188} INFO - [2024-05-05T15:42:15.845+0000] {dag.py:3954} INFO - Setting next_dagrun for example_nested_branch_dag to 2024-05-04 00:00:00+00:00, run_after=2024-05-05 00:00:00+00:00
[2024-05-05T15:42:15.901+0000] {processor.py:183} INFO - Processing /home/airflow/.local/lib/python3.12/site-packages/airflow/example_dags/example_nested_branch_dag.py took 0.184 seconds
[2024-05-05T15:42:46.361+0000] {processor.py:161} INFO - Started process (PID=1117) to work on /home/airflow/.local/lib/python3.12/site-packages/airflow/example_dags/example_nested_branch_dag.py
[2024-05-05T15:42:46.362+0000] {processor.py:830} INFO - Processing file /home/airflow/.local/lib/python3.12/site-packages/airflow/example_dags/example_nested_branch_dag.py for tasks to queue
[2024-05-05T15:42:46.368+0000] {logging_mixin.py:188} INFO - [2024-05-05T15:42:46.368+0000] {dagbag.py:540} INFO - Filling up the DagBag from /home/airflow/.local/lib/python3.12/site-packages/airflow/example_dags/example_nested_branch_dag.py
[2024-05-05T15:42:46.387+0000] {processor.py:840} INFO - DAG(s) 'example_nested_branch_dag' retrieved from /home/airflow/.local/lib/python3.12/site-packages/airflow/example_dags/example_nested_branch_dag.py
[2024-05-05T15:42:46.435+0000] {logging_mixin.py:188} INFO - [2024-05-05T15:42:46.434+0000] {dag.py:3096} INFO - Sync 1 DAGs
[2024-05-05T15:42:46.551+0000] {logging_mixin.py:188} INFO - [2024-05-05T15:42:46.546+0000] {dag.py:3954} INFO - Setting next_dagrun for example_nested_branch_dag to 2024-05-04 00:00:00+00:00, run_after=2024-05-05 00:00:00+00:00
[2024-05-05T15:42:46.609+0000] {processor.py:183} INFO - Processing /home/airflow/.local/lib/python3.12/site-packages/airflow/example_dags/example_nested_branch_dag.py took 0.263 seconds
[2024-05-05T15:43:16.867+0000] {processor.py:161} INFO - Started process (PID=1175) to work on /home/airflow/.local/lib/python3.12/site-packages/airflow/example_dags/example_nested_branch_dag.py
[2024-05-05T15:43:16.868+0000] {processor.py:830} INFO - Processing file /home/airflow/.local/lib/python3.12/site-packages/airflow/example_dags/example_nested_branch_dag.py for tasks to queue
[2024-05-05T15:43:16.871+0000] {logging_mixin.py:188} INFO - [2024-05-05T15:43:16.870+0000] {dagbag.py:540} INFO - Filling up the DagBag from /home/airflow/.local/lib/python3.12/site-packages/airflow/example_dags/example_nested_branch_dag.py
[2024-05-05T15:43:16.902+0000] {processor.py:840} INFO - DAG(s) 'example_nested_branch_dag' retrieved from /home/airflow/.local/lib/python3.12/site-packages/airflow/example_dags/example_nested_branch_dag.py
[2024-05-05T15:43:17.019+0000] {logging_mixin.py:188} INFO - [2024-05-05T15:43:17.019+0000] {dag.py:3096} INFO - Sync 1 DAGs
[2024-05-05T15:43:17.071+0000] {logging_mixin.py:188} INFO - [2024-05-05T15:43:17.071+0000] {dag.py:3954} INFO - Setting next_dagrun for example_nested_branch_dag to 2024-05-04 00:00:00+00:00, run_after=2024-05-05 00:00:00+00:00
[2024-05-05T15:43:17.120+0000] {processor.py:183} INFO - Processing /home/airflow/.local/lib/python3.12/site-packages/airflow/example_dags/example_nested_branch_dag.py took 0.264 seconds
[2024-05-05T15:43:47.725+0000] {processor.py:161} INFO - Started process (PID=1233) to work on /home/airflow/.local/lib/python3.12/site-packages/airflow/example_dags/example_nested_branch_dag.py
[2024-05-05T15:43:47.732+0000] {processor.py:830} INFO - Processing file /home/airflow/.local/lib/python3.12/site-packages/airflow/example_dags/example_nested_branch_dag.py for tasks to queue
[2024-05-05T15:43:47.740+0000] {logging_mixin.py:188} INFO - [2024-05-05T15:43:47.739+0000] {dagbag.py:540} INFO - Filling up the DagBag from /home/airflow/.local/lib/python3.12/site-packages/airflow/example_dags/example_nested_branch_dag.py
[2024-05-05T15:43:47.770+0000] {processor.py:840} INFO - DAG(s) 'example_nested_branch_dag' retrieved from /home/airflow/.local/lib/python3.12/site-packages/airflow/example_dags/example_nested_branch_dag.py
[2024-05-05T15:43:47.812+0000] {logging_mixin.py:188} INFO - [2024-05-05T15:43:47.812+0000] {dag.py:3096} INFO - Sync 1 DAGs
[2024-05-05T15:43:47.863+0000] {logging_mixin.py:188} INFO - [2024-05-05T15:43:47.863+0000] {dag.py:3954} INFO - Setting next_dagrun for example_nested_branch_dag to 2024-05-04 00:00:00+00:00, run_after=2024-05-05 00:00:00+00:00
[2024-05-05T15:43:47.898+0000] {processor.py:183} INFO - Processing /home/airflow/.local/lib/python3.12/site-packages/airflow/example_dags/example_nested_branch_dag.py took 0.188 seconds
[2024-05-05T15:44:18.746+0000] {processor.py:161} INFO - Started process (PID=1291) to work on /home/airflow/.local/lib/python3.12/site-packages/airflow/example_dags/example_nested_branch_dag.py
[2024-05-05T15:44:18.747+0000] {processor.py:830} INFO - Processing file /home/airflow/.local/lib/python3.12/site-packages/airflow/example_dags/example_nested_branch_dag.py for tasks to queue
[2024-05-05T15:44:18.749+0000] {logging_mixin.py:188} INFO - [2024-05-05T15:44:18.749+0000] {dagbag.py:540} INFO - Filling up the DagBag from /home/airflow/.local/lib/python3.12/site-packages/airflow/example_dags/example_nested_branch_dag.py
[2024-05-05T15:44:18.760+0000] {processor.py:840} INFO - DAG(s) 'example_nested_branch_dag' retrieved from /home/airflow/.local/lib/python3.12/site-packages/airflow/example_dags/example_nested_branch_dag.py
[2024-05-05T15:44:18.787+0000] {logging_mixin.py:188} INFO - [2024-05-05T15:44:18.786+0000] {dag.py:3096} INFO - Sync 1 DAGs
[2024-05-05T15:44:18.814+0000] {logging_mixin.py:188} INFO - [2024-05-05T15:44:18.814+0000] {dag.py:3954} INFO - Setting next_dagrun for example_nested_branch_dag to 2024-05-04 00:00:00+00:00, run_after=2024-05-05 00:00:00+00:00
[2024-05-05T15:44:18.839+0000] {processor.py:183} INFO - Processing /home/airflow/.local/lib/python3.12/site-packages/airflow/example_dags/example_nested_branch_dag.py took 0.099 seconds
[2024-05-05T15:44:49.216+0000] {processor.py:161} INFO - Started process (PID=1349) to work on /home/airflow/.local/lib/python3.12/site-packages/airflow/example_dags/example_nested_branch_dag.py
[2024-05-05T15:44:49.217+0000] {processor.py:830} INFO - Processing file /home/airflow/.local/lib/python3.12/site-packages/airflow/example_dags/example_nested_branch_dag.py for tasks to queue
[2024-05-05T15:44:49.219+0000] {logging_mixin.py:188} INFO - [2024-05-05T15:44:49.219+0000] {dagbag.py:540} INFO - Filling up the DagBag from /home/airflow/.local/lib/python3.12/site-packages/airflow/example_dags/example_nested_branch_dag.py
[2024-05-05T15:44:49.231+0000] {processor.py:840} INFO - DAG(s) 'example_nested_branch_dag' retrieved from /home/airflow/.local/lib/python3.12/site-packages/airflow/example_dags/example_nested_branch_dag.py
[2024-05-05T15:44:49.258+0000] {logging_mixin.py:188} INFO - [2024-05-05T15:44:49.258+0000] {dag.py:3096} INFO - Sync 1 DAGs
[2024-05-05T15:44:49.287+0000] {logging_mixin.py:188} INFO - [2024-05-05T15:44:49.286+0000] {dag.py:3954} INFO - Setting next_dagrun for example_nested_branch_dag to 2024-05-04 00:00:00+00:00, run_after=2024-05-05 00:00:00+00:00
[2024-05-05T15:44:49.312+0000] {processor.py:183} INFO - Processing /home/airflow/.local/lib/python3.12/site-packages/airflow/example_dags/example_nested_branch_dag.py took 0.103 seconds
[2024-05-05T15:45:19.691+0000] {processor.py:161} INFO - Started process (PID=1406) to work on /home/airflow/.local/lib/python3.12/site-packages/airflow/example_dags/example_nested_branch_dag.py
[2024-05-05T15:45:19.692+0000] {processor.py:830} INFO - Processing file /home/airflow/.local/lib/python3.12/site-packages/airflow/example_dags/example_nested_branch_dag.py for tasks to queue
[2024-05-05T15:45:19.694+0000] {logging_mixin.py:188} INFO - [2024-05-05T15:45:19.694+0000] {dagbag.py:540} INFO - Filling up the DagBag from /home/airflow/.local/lib/python3.12/site-packages/airflow/example_dags/example_nested_branch_dag.py
[2024-05-05T15:45:19.706+0000] {processor.py:840} INFO - DAG(s) 'example_nested_branch_dag' retrieved from /home/airflow/.local/lib/python3.12/site-packages/airflow/example_dags/example_nested_branch_dag.py
[2024-05-05T15:45:19.733+0000] {logging_mixin.py:188} INFO - [2024-05-05T15:45:19.733+0000] {dag.py:3096} INFO - Sync 1 DAGs
[2024-05-05T15:45:19.761+0000] {logging_mixin.py:188} INFO - [2024-05-05T15:45:19.761+0000] {dag.py:3954} INFO - Setting next_dagrun for example_nested_branch_dag to 2024-05-04 00:00:00+00:00, run_after=2024-05-05 00:00:00+00:00
[2024-05-05T15:45:19.787+0000] {processor.py:183} INFO - Processing /home/airflow/.local/lib/python3.12/site-packages/airflow/example_dags/example_nested_branch_dag.py took 0.102 seconds
[2024-05-05T15:45:50.045+0000] {processor.py:161} INFO - Started process (PID=1464) to work on /home/airflow/.local/lib/python3.12/site-packages/airflow/example_dags/example_nested_branch_dag.py
[2024-05-05T15:45:50.054+0000] {processor.py:830} INFO - Processing file /home/airflow/.local/lib/python3.12/site-packages/airflow/example_dags/example_nested_branch_dag.py for tasks to queue
[2024-05-05T15:45:50.058+0000] {logging_mixin.py:188} INFO - [2024-05-05T15:45:50.057+0000] {dagbag.py:540} INFO - Filling up the DagBag from /home/airflow/.local/lib/python3.12/site-packages/airflow/example_dags/example_nested_branch_dag.py
[2024-05-05T15:45:50.069+0000] {processor.py:840} INFO - DAG(s) 'example_nested_branch_dag' retrieved from /home/airflow/.local/lib/python3.12/site-packages/airflow/example_dags/example_nested_branch_dag.py
[2024-05-05T15:45:50.152+0000] {logging_mixin.py:188} INFO - [2024-05-05T15:45:50.151+0000] {dag.py:3096} INFO - Sync 1 DAGs
[2024-05-05T15:45:50.237+0000] {logging_mixin.py:188} INFO - [2024-05-05T15:45:50.229+0000] {dag.py:3954} INFO - Setting next_dagrun for example_nested_branch_dag to 2024-05-04 00:00:00+00:00, run_after=2024-05-05 00:00:00+00:00
[2024-05-05T15:45:50.272+0000] {processor.py:183} INFO - Processing /home/airflow/.local/lib/python3.12/site-packages/airflow/example_dags/example_nested_branch_dag.py took 0.234 seconds
[2024-05-05T15:46:20.778+0000] {processor.py:161} INFO - Started process (PID=1523) to work on /home/airflow/.local/lib/python3.12/site-packages/airflow/example_dags/example_nested_branch_dag.py
[2024-05-05T15:46:20.792+0000] {processor.py:830} INFO - Processing file /home/airflow/.local/lib/python3.12/site-packages/airflow/example_dags/example_nested_branch_dag.py for tasks to queue
[2024-05-05T15:46:20.794+0000] {logging_mixin.py:188} INFO - [2024-05-05T15:46:20.793+0000] {dagbag.py:540} INFO - Filling up the DagBag from /home/airflow/.local/lib/python3.12/site-packages/airflow/example_dags/example_nested_branch_dag.py
[2024-05-05T15:46:20.864+0000] {processor.py:840} INFO - DAG(s) 'example_nested_branch_dag' retrieved from /home/airflow/.local/lib/python3.12/site-packages/airflow/example_dags/example_nested_branch_dag.py
[2024-05-05T15:46:20.955+0000] {logging_mixin.py:188} INFO - [2024-05-05T15:46:20.955+0000] {dag.py:3096} INFO - Sync 1 DAGs
[2024-05-05T15:46:21.063+0000] {logging_mixin.py:188} INFO - [2024-05-05T15:46:21.062+0000] {dag.py:3954} INFO - Setting next_dagrun for example_nested_branch_dag to 2024-05-04 00:00:00+00:00, run_after=2024-05-05 00:00:00+00:00
[2024-05-05T15:46:21.155+0000] {processor.py:183} INFO - Processing /home/airflow/.local/lib/python3.12/site-packages/airflow/example_dags/example_nested_branch_dag.py took 0.413 seconds
[2024-05-05T15:46:52.067+0000] {processor.py:161} INFO - Started process (PID=1585) to work on /home/airflow/.local/lib/python3.12/site-packages/airflow/example_dags/example_nested_branch_dag.py
[2024-05-05T15:46:52.068+0000] {processor.py:830} INFO - Processing file /home/airflow/.local/lib/python3.12/site-packages/airflow/example_dags/example_nested_branch_dag.py for tasks to queue
[2024-05-05T15:46:52.070+0000] {logging_mixin.py:188} INFO - [2024-05-05T15:46:52.069+0000] {dagbag.py:540} INFO - Filling up the DagBag from /home/airflow/.local/lib/python3.12/site-packages/airflow/example_dags/example_nested_branch_dag.py
[2024-05-05T15:46:52.081+0000] {processor.py:840} INFO - DAG(s) 'example_nested_branch_dag' retrieved from /home/airflow/.local/lib/python3.12/site-packages/airflow/example_dags/example_nested_branch_dag.py
[2024-05-05T15:46:52.110+0000] {logging_mixin.py:188} INFO - [2024-05-05T15:46:52.110+0000] {dag.py:3096} INFO - Sync 1 DAGs
[2024-05-05T15:46:52.145+0000] {logging_mixin.py:188} INFO - [2024-05-05T15:46:52.145+0000] {dag.py:3954} INFO - Setting next_dagrun for example_nested_branch_dag to 2024-05-04 00:00:00+00:00, run_after=2024-05-05 00:00:00+00:00
[2024-05-05T15:46:52.172+0000] {processor.py:183} INFO - Processing /home/airflow/.local/lib/python3.12/site-packages/airflow/example_dags/example_nested_branch_dag.py took 0.112 seconds
[2024-05-05T15:47:22.378+0000] {processor.py:161} INFO - Started process (PID=1643) to work on /home/airflow/.local/lib/python3.12/site-packages/airflow/example_dags/example_nested_branch_dag.py
[2024-05-05T15:47:22.379+0000] {processor.py:830} INFO - Processing file /home/airflow/.local/lib/python3.12/site-packages/airflow/example_dags/example_nested_branch_dag.py for tasks to queue
[2024-05-05T15:47:22.381+0000] {logging_mixin.py:188} INFO - [2024-05-05T15:47:22.380+0000] {dagbag.py:540} INFO - Filling up the DagBag from /home/airflow/.local/lib/python3.12/site-packages/airflow/example_dags/example_nested_branch_dag.py
[2024-05-05T15:47:22.395+0000] {processor.py:840} INFO - DAG(s) 'example_nested_branch_dag' retrieved from /home/airflow/.local/lib/python3.12/site-packages/airflow/example_dags/example_nested_branch_dag.py
[2024-05-05T15:47:22.446+0000] {logging_mixin.py:188} INFO - [2024-05-05T15:47:22.446+0000] {dag.py:3096} INFO - Sync 1 DAGs
[2024-05-05T15:47:22.478+0000] {logging_mixin.py:188} INFO - [2024-05-05T15:47:22.478+0000] {dag.py:3954} INFO - Setting next_dagrun for example_nested_branch_dag to 2024-05-04 00:00:00+00:00, run_after=2024-05-05 00:00:00+00:00
[2024-05-05T15:47:22.505+0000] {processor.py:183} INFO - Processing /home/airflow/.local/lib/python3.12/site-packages/airflow/example_dags/example_nested_branch_dag.py took 0.134 seconds
[2024-05-05T15:47:53.239+0000] {processor.py:161} INFO - Started process (PID=1702) to work on /home/airflow/.local/lib/python3.12/site-packages/airflow/example_dags/example_nested_branch_dag.py
[2024-05-05T15:47:53.247+0000] {processor.py:830} INFO - Processing file /home/airflow/.local/lib/python3.12/site-packages/airflow/example_dags/example_nested_branch_dag.py for tasks to queue
[2024-05-05T15:47:53.249+0000] {logging_mixin.py:188} INFO - [2024-05-05T15:47:53.248+0000] {dagbag.py:540} INFO - Filling up the DagBag from /home/airflow/.local/lib/python3.12/site-packages/airflow/example_dags/example_nested_branch_dag.py
[2024-05-05T15:47:53.269+0000] {processor.py:840} INFO - DAG(s) 'example_nested_branch_dag' retrieved from /home/airflow/.local/lib/python3.12/site-packages/airflow/example_dags/example_nested_branch_dag.py
[2024-05-05T15:47:53.301+0000] {logging_mixin.py:188} INFO - [2024-05-05T15:47:53.301+0000] {dag.py:3096} INFO - Sync 1 DAGs
[2024-05-05T15:47:53.334+0000] {logging_mixin.py:188} INFO - [2024-05-05T15:47:53.334+0000] {dag.py:3954} INFO - Setting next_dagrun for example_nested_branch_dag to 2024-05-04 00:00:00+00:00, run_after=2024-05-05 00:00:00+00:00
[2024-05-05T15:47:53.365+0000] {processor.py:183} INFO - Processing /home/airflow/.local/lib/python3.12/site-packages/airflow/example_dags/example_nested_branch_dag.py took 0.139 seconds
[2024-05-05T15:48:24.077+0000] {processor.py:161} INFO - Started process (PID=1761) to work on /home/airflow/.local/lib/python3.12/site-packages/airflow/example_dags/example_nested_branch_dag.py
[2024-05-05T15:48:24.078+0000] {processor.py:830} INFO - Processing file /home/airflow/.local/lib/python3.12/site-packages/airflow/example_dags/example_nested_branch_dag.py for tasks to queue
[2024-05-05T15:48:24.082+0000] {logging_mixin.py:188} INFO - [2024-05-05T15:48:24.082+0000] {dagbag.py:540} INFO - Filling up the DagBag from /home/airflow/.local/lib/python3.12/site-packages/airflow/example_dags/example_nested_branch_dag.py
[2024-05-05T15:48:24.101+0000] {processor.py:840} INFO - DAG(s) 'example_nested_branch_dag' retrieved from /home/airflow/.local/lib/python3.12/site-packages/airflow/example_dags/example_nested_branch_dag.py
[2024-05-05T15:48:24.183+0000] {logging_mixin.py:188} INFO - [2024-05-05T15:48:24.183+0000] {dag.py:3096} INFO - Sync 1 DAGs
[2024-05-05T15:48:24.273+0000] {logging_mixin.py:188} INFO - [2024-05-05T15:48:24.273+0000] {dag.py:3954} INFO - Setting next_dagrun for example_nested_branch_dag to 2024-05-04 00:00:00+00:00, run_after=2024-05-05 00:00:00+00:00
[2024-05-05T15:48:24.373+0000] {processor.py:183} INFO - Processing /home/airflow/.local/lib/python3.12/site-packages/airflow/example_dags/example_nested_branch_dag.py took 0.304 seconds
[2024-05-05T15:48:54.774+0000] {processor.py:161} INFO - Started process (PID=1820) to work on /home/airflow/.local/lib/python3.12/site-packages/airflow/example_dags/example_nested_branch_dag.py
[2024-05-05T15:48:54.775+0000] {processor.py:830} INFO - Processing file /home/airflow/.local/lib/python3.12/site-packages/airflow/example_dags/example_nested_branch_dag.py for tasks to queue
[2024-05-05T15:48:54.777+0000] {logging_mixin.py:188} INFO - [2024-05-05T15:48:54.776+0000] {dagbag.py:540} INFO - Filling up the DagBag from /home/airflow/.local/lib/python3.12/site-packages/airflow/example_dags/example_nested_branch_dag.py
[2024-05-05T15:48:54.788+0000] {processor.py:840} INFO - DAG(s) 'example_nested_branch_dag' retrieved from /home/airflow/.local/lib/python3.12/site-packages/airflow/example_dags/example_nested_branch_dag.py
[2024-05-05T15:48:54.816+0000] {logging_mixin.py:188} INFO - [2024-05-05T15:48:54.815+0000] {dag.py:3096} INFO - Sync 1 DAGs
[2024-05-05T15:48:54.845+0000] {logging_mixin.py:188} INFO - [2024-05-05T15:48:54.845+0000] {dag.py:3954} INFO - Setting next_dagrun for example_nested_branch_dag to 2024-05-04 00:00:00+00:00, run_after=2024-05-05 00:00:00+00:00
[2024-05-05T15:48:54.870+0000] {processor.py:183} INFO - Processing /home/airflow/.local/lib/python3.12/site-packages/airflow/example_dags/example_nested_branch_dag.py took 0.103 seconds
[2024-05-05T15:49:25.634+0000] {processor.py:161} INFO - Started process (PID=1879) to work on /home/airflow/.local/lib/python3.12/site-packages/airflow/example_dags/example_nested_branch_dag.py
[2024-05-05T15:49:25.635+0000] {processor.py:830} INFO - Processing file /home/airflow/.local/lib/python3.12/site-packages/airflow/example_dags/example_nested_branch_dag.py for tasks to queue
[2024-05-05T15:49:25.637+0000] {logging_mixin.py:188} INFO - [2024-05-05T15:49:25.637+0000] {dagbag.py:540} INFO - Filling up the DagBag from /home/airflow/.local/lib/python3.12/site-packages/airflow/example_dags/example_nested_branch_dag.py
[2024-05-05T15:49:25.648+0000] {processor.py:840} INFO - DAG(s) 'example_nested_branch_dag' retrieved from /home/airflow/.local/lib/python3.12/site-packages/airflow/example_dags/example_nested_branch_dag.py
[2024-05-05T15:49:25.679+0000] {logging_mixin.py:188} INFO - [2024-05-05T15:49:25.679+0000] {dag.py:3096} INFO - Sync 1 DAGs
[2024-05-05T15:49:25.708+0000] {logging_mixin.py:188} INFO - [2024-05-05T15:49:25.707+0000] {dag.py:3954} INFO - Setting next_dagrun for example_nested_branch_dag to 2024-05-04 00:00:00+00:00, run_after=2024-05-05 00:00:00+00:00
[2024-05-05T15:49:25.734+0000] {processor.py:183} INFO - Processing /home/airflow/.local/lib/python3.12/site-packages/airflow/example_dags/example_nested_branch_dag.py took 0.107 seconds
[2024-05-05T15:49:56.233+0000] {processor.py:161} INFO - Started process (PID=1938) to work on /home/airflow/.local/lib/python3.12/site-packages/airflow/example_dags/example_nested_branch_dag.py
[2024-05-05T15:49:56.234+0000] {processor.py:830} INFO - Processing file /home/airflow/.local/lib/python3.12/site-packages/airflow/example_dags/example_nested_branch_dag.py for tasks to queue
[2024-05-05T15:49:56.235+0000] {logging_mixin.py:188} INFO - [2024-05-05T15:49:56.235+0000] {dagbag.py:540} INFO - Filling up the DagBag from /home/airflow/.local/lib/python3.12/site-packages/airflow/example_dags/example_nested_branch_dag.py
[2024-05-05T15:49:56.247+0000] {processor.py:840} INFO - DAG(s) 'example_nested_branch_dag' retrieved from /home/airflow/.local/lib/python3.12/site-packages/airflow/example_dags/example_nested_branch_dag.py
[2024-05-05T15:49:56.282+0000] {logging_mixin.py:188} INFO - [2024-05-05T15:49:56.281+0000] {dag.py:3096} INFO - Sync 1 DAGs
[2024-05-05T15:49:56.310+0000] {logging_mixin.py:188} INFO - [2024-05-05T15:49:56.310+0000] {dag.py:3954} INFO - Setting next_dagrun for example_nested_branch_dag to 2024-05-04 00:00:00+00:00, run_after=2024-05-05 00:00:00+00:00
[2024-05-05T15:49:56.338+0000] {processor.py:183} INFO - Processing /home/airflow/.local/lib/python3.12/site-packages/airflow/example_dags/example_nested_branch_dag.py took 0.111 seconds
[2024-05-05T15:50:26.909+0000] {processor.py:161} INFO - Started process (PID=1997) to work on /home/airflow/.local/lib/python3.12/site-packages/airflow/example_dags/example_nested_branch_dag.py
[2024-05-05T15:50:26.910+0000] {processor.py:830} INFO - Processing file /home/airflow/.local/lib/python3.12/site-packages/airflow/example_dags/example_nested_branch_dag.py for tasks to queue
[2024-05-05T15:50:26.912+0000] {logging_mixin.py:188} INFO - [2024-05-05T15:50:26.912+0000] {dagbag.py:540} INFO - Filling up the DagBag from /home/airflow/.local/lib/python3.12/site-packages/airflow/example_dags/example_nested_branch_dag.py
[2024-05-05T15:50:26.923+0000] {processor.py:840} INFO - DAG(s) 'example_nested_branch_dag' retrieved from /home/airflow/.local/lib/python3.12/site-packages/airflow/example_dags/example_nested_branch_dag.py
[2024-05-05T15:50:26.952+0000] {logging_mixin.py:188} INFO - [2024-05-05T15:50:26.952+0000] {dag.py:3096} INFO - Sync 1 DAGs
[2024-05-05T15:50:26.981+0000] {logging_mixin.py:188} INFO - [2024-05-05T15:50:26.980+0000] {dag.py:3954} INFO - Setting next_dagrun for example_nested_branch_dag to 2024-05-04 00:00:00+00:00, run_after=2024-05-05 00:00:00+00:00
[2024-05-05T15:50:27.007+0000] {processor.py:183} INFO - Processing /home/airflow/.local/lib/python3.12/site-packages/airflow/example_dags/example_nested_branch_dag.py took 0.104 seconds
[2024-05-05T15:50:57.810+0000] {processor.py:161} INFO - Started process (PID=2055) to work on /home/airflow/.local/lib/python3.12/site-packages/airflow/example_dags/example_nested_branch_dag.py
[2024-05-05T15:50:57.824+0000] {processor.py:830} INFO - Processing file /home/airflow/.local/lib/python3.12/site-packages/airflow/example_dags/example_nested_branch_dag.py for tasks to queue
[2024-05-05T15:50:57.826+0000] {logging_mixin.py:188} INFO - [2024-05-05T15:50:57.825+0000] {dagbag.py:540} INFO - Filling up the DagBag from /home/airflow/.local/lib/python3.12/site-packages/airflow/example_dags/example_nested_branch_dag.py
[2024-05-05T15:50:57.854+0000] {processor.py:840} INFO - DAG(s) 'example_nested_branch_dag' retrieved from /home/airflow/.local/lib/python3.12/site-packages/airflow/example_dags/example_nested_branch_dag.py
[2024-05-05T15:50:57.893+0000] {logging_mixin.py:188} INFO - [2024-05-05T15:50:57.893+0000] {dag.py:3096} INFO - Sync 1 DAGs
[2024-05-05T15:50:57.966+0000] {logging_mixin.py:188} INFO - [2024-05-05T15:50:57.966+0000] {dag.py:3954} INFO - Setting next_dagrun for example_nested_branch_dag to 2024-05-04 00:00:00+00:00, run_after=2024-05-05 00:00:00+00:00
[2024-05-05T15:50:58.018+0000] {processor.py:183} INFO - Processing /home/airflow/.local/lib/python3.12/site-packages/airflow/example_dags/example_nested_branch_dag.py took 0.215 seconds
[2024-05-05T15:51:28.767+0000] {processor.py:161} INFO - Started process (PID=2114) to work on /home/airflow/.local/lib/python3.12/site-packages/airflow/example_dags/example_nested_branch_dag.py
[2024-05-05T15:51:28.770+0000] {processor.py:830} INFO - Processing file /home/airflow/.local/lib/python3.12/site-packages/airflow/example_dags/example_nested_branch_dag.py for tasks to queue
[2024-05-05T15:51:28.772+0000] {logging_mixin.py:188} INFO - [2024-05-05T15:51:28.771+0000] {dagbag.py:540} INFO - Filling up the DagBag from /home/airflow/.local/lib/python3.12/site-packages/airflow/example_dags/example_nested_branch_dag.py
[2024-05-05T15:51:28.816+0000] {processor.py:840} INFO - DAG(s) 'example_nested_branch_dag' retrieved from /home/airflow/.local/lib/python3.12/site-packages/airflow/example_dags/example_nested_branch_dag.py
[2024-05-05T15:51:28.901+0000] {logging_mixin.py:188} INFO - [2024-05-05T15:51:28.901+0000] {dag.py:3096} INFO - Sync 1 DAGs
[2024-05-05T15:51:29.004+0000] {logging_mixin.py:188} INFO - [2024-05-05T15:51:29.004+0000] {dag.py:3954} INFO - Setting next_dagrun for example_nested_branch_dag to 2024-05-04 00:00:00+00:00, run_after=2024-05-05 00:00:00+00:00
[2024-05-05T15:51:29.098+0000] {processor.py:183} INFO - Processing /home/airflow/.local/lib/python3.12/site-packages/airflow/example_dags/example_nested_branch_dag.py took 0.349 seconds
[2024-05-05T15:51:59.734+0000] {processor.py:161} INFO - Started process (PID=2174) to work on /home/airflow/.local/lib/python3.12/site-packages/airflow/example_dags/example_nested_branch_dag.py
[2024-05-05T15:51:59.735+0000] {processor.py:830} INFO - Processing file /home/airflow/.local/lib/python3.12/site-packages/airflow/example_dags/example_nested_branch_dag.py for tasks to queue
[2024-05-05T15:51:59.736+0000] {logging_mixin.py:188} INFO - [2024-05-05T15:51:59.736+0000] {dagbag.py:540} INFO - Filling up the DagBag from /home/airflow/.local/lib/python3.12/site-packages/airflow/example_dags/example_nested_branch_dag.py
[2024-05-05T15:51:59.750+0000] {processor.py:840} INFO - DAG(s) 'example_nested_branch_dag' retrieved from /home/airflow/.local/lib/python3.12/site-packages/airflow/example_dags/example_nested_branch_dag.py
[2024-05-05T15:51:59.776+0000] {logging_mixin.py:188} INFO - [2024-05-05T15:51:59.775+0000] {dag.py:3096} INFO - Sync 1 DAGs
[2024-05-05T15:51:59.808+0000] {logging_mixin.py:188} INFO - [2024-05-05T15:51:59.807+0000] {dag.py:3954} INFO - Setting next_dagrun for example_nested_branch_dag to 2024-05-04 00:00:00+00:00, run_after=2024-05-05 00:00:00+00:00
[2024-05-05T15:51:59.834+0000] {processor.py:183} INFO - Processing /home/airflow/.local/lib/python3.12/site-packages/airflow/example_dags/example_nested_branch_dag.py took 0.107 seconds
[2024-05-05T15:52:30.138+0000] {processor.py:161} INFO - Started process (PID=2233) to work on /home/airflow/.local/lib/python3.12/site-packages/airflow/example_dags/example_nested_branch_dag.py
[2024-05-05T15:52:30.143+0000] {processor.py:830} INFO - Processing file /home/airflow/.local/lib/python3.12/site-packages/airflow/example_dags/example_nested_branch_dag.py for tasks to queue
[2024-05-05T15:52:30.148+0000] {logging_mixin.py:188} INFO - [2024-05-05T15:52:30.147+0000] {dagbag.py:540} INFO - Filling up the DagBag from /home/airflow/.local/lib/python3.12/site-packages/airflow/example_dags/example_nested_branch_dag.py
[2024-05-05T15:52:30.167+0000] {processor.py:840} INFO - DAG(s) 'example_nested_branch_dag' retrieved from /home/airflow/.local/lib/python3.12/site-packages/airflow/example_dags/example_nested_branch_dag.py
[2024-05-05T15:52:30.224+0000] {logging_mixin.py:188} INFO - [2024-05-05T15:52:30.216+0000] {dag.py:3096} INFO - Sync 1 DAGs
[2024-05-05T15:52:30.279+0000] {logging_mixin.py:188} INFO - [2024-05-05T15:52:30.278+0000] {dag.py:3954} INFO - Setting next_dagrun for example_nested_branch_dag to 2024-05-04 00:00:00+00:00, run_after=2024-05-05 00:00:00+00:00
[2024-05-05T15:52:30.368+0000] {processor.py:183} INFO - Processing /home/airflow/.local/lib/python3.12/site-packages/airflow/example_dags/example_nested_branch_dag.py took 0.252 seconds
[2024-05-05T15:53:01.061+0000] {processor.py:161} INFO - Started process (PID=2292) to work on /home/airflow/.local/lib/python3.12/site-packages/airflow/example_dags/example_nested_branch_dag.py
[2024-05-05T15:53:01.062+0000] {processor.py:830} INFO - Processing file /home/airflow/.local/lib/python3.12/site-packages/airflow/example_dags/example_nested_branch_dag.py for tasks to queue
[2024-05-05T15:53:01.063+0000] {logging_mixin.py:188} INFO - [2024-05-05T15:53:01.063+0000] {dagbag.py:540} INFO - Filling up the DagBag from /home/airflow/.local/lib/python3.12/site-packages/airflow/example_dags/example_nested_branch_dag.py
[2024-05-05T15:53:01.075+0000] {processor.py:840} INFO - DAG(s) 'example_nested_branch_dag' retrieved from /home/airflow/.local/lib/python3.12/site-packages/airflow/example_dags/example_nested_branch_dag.py
[2024-05-05T15:53:01.105+0000] {logging_mixin.py:188} INFO - [2024-05-05T15:53:01.104+0000] {dag.py:3096} INFO - Sync 1 DAGs
[2024-05-05T15:53:01.133+0000] {logging_mixin.py:188} INFO - [2024-05-05T15:53:01.133+0000] {dag.py:3954} INFO - Setting next_dagrun for example_nested_branch_dag to 2024-05-04 00:00:00+00:00, run_after=2024-05-05 00:00:00+00:00
[2024-05-05T15:53:01.160+0000] {processor.py:183} INFO - Processing /home/airflow/.local/lib/python3.12/site-packages/airflow/example_dags/example_nested_branch_dag.py took 0.106 seconds
[2024-05-05T15:53:31.331+0000] {processor.py:161} INFO - Started process (PID=2352) to work on /home/airflow/.local/lib/python3.12/site-packages/airflow/example_dags/example_nested_branch_dag.py
[2024-05-05T15:53:31.332+0000] {processor.py:830} INFO - Processing file /home/airflow/.local/lib/python3.12/site-packages/airflow/example_dags/example_nested_branch_dag.py for tasks to queue
[2024-05-05T15:53:31.333+0000] {logging_mixin.py:188} INFO - [2024-05-05T15:53:31.333+0000] {dagbag.py:540} INFO - Filling up the DagBag from /home/airflow/.local/lib/python3.12/site-packages/airflow/example_dags/example_nested_branch_dag.py
[2024-05-05T15:53:31.345+0000] {processor.py:840} INFO - DAG(s) 'example_nested_branch_dag' retrieved from /home/airflow/.local/lib/python3.12/site-packages/airflow/example_dags/example_nested_branch_dag.py
[2024-05-05T15:53:31.376+0000] {logging_mixin.py:188} INFO - [2024-05-05T15:53:31.375+0000] {dag.py:3096} INFO - Sync 1 DAGs
[2024-05-05T15:53:31.405+0000] {logging_mixin.py:188} INFO - [2024-05-05T15:53:31.405+0000] {dag.py:3954} INFO - Setting next_dagrun for example_nested_branch_dag to 2024-05-04 00:00:00+00:00, run_after=2024-05-05 00:00:00+00:00
[2024-05-05T15:53:31.444+0000] {processor.py:183} INFO - Processing /home/airflow/.local/lib/python3.12/site-packages/airflow/example_dags/example_nested_branch_dag.py took 0.119 seconds
[2024-05-05T15:54:02.244+0000] {processor.py:161} INFO - Started process (PID=2412) to work on /home/airflow/.local/lib/python3.12/site-packages/airflow/example_dags/example_nested_branch_dag.py
[2024-05-05T15:54:02.244+0000] {processor.py:830} INFO - Processing file /home/airflow/.local/lib/python3.12/site-packages/airflow/example_dags/example_nested_branch_dag.py for tasks to queue
[2024-05-05T15:54:02.246+0000] {logging_mixin.py:188} INFO - [2024-05-05T15:54:02.246+0000] {dagbag.py:540} INFO - Filling up the DagBag from /home/airflow/.local/lib/python3.12/site-packages/airflow/example_dags/example_nested_branch_dag.py
[2024-05-05T15:54:02.258+0000] {processor.py:840} INFO - DAG(s) 'example_nested_branch_dag' retrieved from /home/airflow/.local/lib/python3.12/site-packages/airflow/example_dags/example_nested_branch_dag.py
[2024-05-05T15:54:02.304+0000] {logging_mixin.py:188} INFO - [2024-05-05T15:54:02.303+0000] {dag.py:3096} INFO - Sync 1 DAGs
[2024-05-05T15:54:02.333+0000] {logging_mixin.py:188} INFO - [2024-05-05T15:54:02.333+0000] {dag.py:3954} INFO - Setting next_dagrun for example_nested_branch_dag to 2024-05-04 00:00:00+00:00, run_after=2024-05-05 00:00:00+00:00
[2024-05-05T15:54:02.358+0000] {processor.py:183} INFO - Processing /home/airflow/.local/lib/python3.12/site-packages/airflow/example_dags/example_nested_branch_dag.py took 0.121 seconds
[2024-05-05T15:54:32.810+0000] {processor.py:161} INFO - Started process (PID=2472) to work on /home/airflow/.local/lib/python3.12/site-packages/airflow/example_dags/example_nested_branch_dag.py
[2024-05-05T15:54:32.824+0000] {processor.py:830} INFO - Processing file /home/airflow/.local/lib/python3.12/site-packages/airflow/example_dags/example_nested_branch_dag.py for tasks to queue
[2024-05-05T15:54:32.826+0000] {logging_mixin.py:188} INFO - [2024-05-05T15:54:32.825+0000] {dagbag.py:540} INFO - Filling up the DagBag from /home/airflow/.local/lib/python3.12/site-packages/airflow/example_dags/example_nested_branch_dag.py
[2024-05-05T15:54:32.855+0000] {processor.py:840} INFO - DAG(s) 'example_nested_branch_dag' retrieved from /home/airflow/.local/lib/python3.12/site-packages/airflow/example_dags/example_nested_branch_dag.py
[2024-05-05T15:54:32.931+0000] {logging_mixin.py:188} INFO - [2024-05-05T15:54:32.931+0000] {dag.py:3096} INFO - Sync 1 DAGs
[2024-05-05T15:54:33.031+0000] {logging_mixin.py:188} INFO - [2024-05-05T15:54:33.030+0000] {dag.py:3954} INFO - Setting next_dagrun for example_nested_branch_dag to 2024-05-04 00:00:00+00:00, run_after=2024-05-05 00:00:00+00:00
[2024-05-05T15:54:33.101+0000] {processor.py:183} INFO - Processing /home/airflow/.local/lib/python3.12/site-packages/airflow/example_dags/example_nested_branch_dag.py took 0.312 seconds
[2024-05-05T15:55:04.072+0000] {processor.py:161} INFO - Started process (PID=2533) to work on /home/airflow/.local/lib/python3.12/site-packages/airflow/example_dags/example_nested_branch_dag.py
[2024-05-05T15:55:04.073+0000] {processor.py:830} INFO - Processing file /home/airflow/.local/lib/python3.12/site-packages/airflow/example_dags/example_nested_branch_dag.py for tasks to queue
[2024-05-05T15:55:04.075+0000] {logging_mixin.py:188} INFO - [2024-05-05T15:55:04.075+0000] {dagbag.py:540} INFO - Filling up the DagBag from /home/airflow/.local/lib/python3.12/site-packages/airflow/example_dags/example_nested_branch_dag.py
[2024-05-05T15:55:04.097+0000] {processor.py:840} INFO - DAG(s) 'example_nested_branch_dag' retrieved from /home/airflow/.local/lib/python3.12/site-packages/airflow/example_dags/example_nested_branch_dag.py
[2024-05-05T15:55:04.122+0000] {logging_mixin.py:188} INFO - [2024-05-05T15:55:04.122+0000] {dag.py:3096} INFO - Sync 1 DAGs
[2024-05-05T15:55:04.150+0000] {logging_mixin.py:188} INFO - [2024-05-05T15:55:04.150+0000] {dag.py:3954} INFO - Setting next_dagrun for example_nested_branch_dag to 2024-05-04 00:00:00+00:00, run_after=2024-05-05 00:00:00+00:00
[2024-05-05T15:55:04.175+0000] {processor.py:183} INFO - Processing /home/airflow/.local/lib/python3.12/site-packages/airflow/example_dags/example_nested_branch_dag.py took 0.110 seconds
[2024-05-05T15:55:35.039+0000] {processor.py:161} INFO - Started process (PID=2593) to work on /home/airflow/.local/lib/python3.12/site-packages/airflow/example_dags/example_nested_branch_dag.py
[2024-05-05T15:55:35.040+0000] {processor.py:830} INFO - Processing file /home/airflow/.local/lib/python3.12/site-packages/airflow/example_dags/example_nested_branch_dag.py for tasks to queue
[2024-05-05T15:55:35.042+0000] {logging_mixin.py:188} INFO - [2024-05-05T15:55:35.042+0000] {dagbag.py:540} INFO - Filling up the DagBag from /home/airflow/.local/lib/python3.12/site-packages/airflow/example_dags/example_nested_branch_dag.py
[2024-05-05T15:55:35.057+0000] {processor.py:840} INFO - DAG(s) 'example_nested_branch_dag' retrieved from /home/airflow/.local/lib/python3.12/site-packages/airflow/example_dags/example_nested_branch_dag.py
[2024-05-05T15:55:35.159+0000] {logging_mixin.py:188} INFO - [2024-05-05T15:55:35.159+0000] {dag.py:3096} INFO - Sync 1 DAGs
[2024-05-05T15:55:35.204+0000] {logging_mixin.py:188} INFO - [2024-05-05T15:55:35.204+0000] {dag.py:3954} INFO - Setting next_dagrun for example_nested_branch_dag to 2024-05-04 00:00:00+00:00, run_after=2024-05-05 00:00:00+00:00
[2024-05-05T15:55:35.230+0000] {processor.py:183} INFO - Processing /home/airflow/.local/lib/python3.12/site-packages/airflow/example_dags/example_nested_branch_dag.py took 0.197 seconds
[2024-05-05T15:56:06.092+0000] {processor.py:161} INFO - Started process (PID=2653) to work on /home/airflow/.local/lib/python3.12/site-packages/airflow/example_dags/example_nested_branch_dag.py
[2024-05-05T15:56:06.093+0000] {processor.py:830} INFO - Processing file /home/airflow/.local/lib/python3.12/site-packages/airflow/example_dags/example_nested_branch_dag.py for tasks to queue
[2024-05-05T15:56:06.095+0000] {logging_mixin.py:188} INFO - [2024-05-05T15:56:06.095+0000] {dagbag.py:540} INFO - Filling up the DagBag from /home/airflow/.local/lib/python3.12/site-packages/airflow/example_dags/example_nested_branch_dag.py
[2024-05-05T15:56:06.107+0000] {processor.py:840} INFO - DAG(s) 'example_nested_branch_dag' retrieved from /home/airflow/.local/lib/python3.12/site-packages/airflow/example_dags/example_nested_branch_dag.py
[2024-05-05T15:56:06.136+0000] {logging_mixin.py:188} INFO - [2024-05-05T15:56:06.136+0000] {dag.py:3096} INFO - Sync 1 DAGs
[2024-05-05T15:56:06.164+0000] {logging_mixin.py:188} INFO - [2024-05-05T15:56:06.164+0000] {dag.py:3954} INFO - Setting next_dagrun for example_nested_branch_dag to 2024-05-04 00:00:00+00:00, run_after=2024-05-05 00:00:00+00:00
[2024-05-05T15:56:06.206+0000] {processor.py:183} INFO - Processing /home/airflow/.local/lib/python3.12/site-packages/airflow/example_dags/example_nested_branch_dag.py took 0.120 seconds
[2024-05-05T15:56:36.681+0000] {processor.py:161} INFO - Started process (PID=2713) to work on /home/airflow/.local/lib/python3.12/site-packages/airflow/example_dags/example_nested_branch_dag.py
[2024-05-05T15:56:36.682+0000] {processor.py:830} INFO - Processing file /home/airflow/.local/lib/python3.12/site-packages/airflow/example_dags/example_nested_branch_dag.py for tasks to queue
[2024-05-05T15:56:36.684+0000] {logging_mixin.py:188} INFO - [2024-05-05T15:56:36.683+0000] {dagbag.py:540} INFO - Filling up the DagBag from /home/airflow/.local/lib/python3.12/site-packages/airflow/example_dags/example_nested_branch_dag.py
[2024-05-05T15:56:36.696+0000] {processor.py:840} INFO - DAG(s) 'example_nested_branch_dag' retrieved from /home/airflow/.local/lib/python3.12/site-packages/airflow/example_dags/example_nested_branch_dag.py
[2024-05-05T15:56:36.727+0000] {logging_mixin.py:188} INFO - [2024-05-05T15:56:36.727+0000] {dag.py:3096} INFO - Sync 1 DAGs
[2024-05-05T15:56:36.755+0000] {logging_mixin.py:188} INFO - [2024-05-05T15:56:36.755+0000] {dag.py:3954} INFO - Setting next_dagrun for example_nested_branch_dag to 2024-05-04 00:00:00+00:00, run_after=2024-05-05 00:00:00+00:00
[2024-05-05T15:56:36.785+0000] {processor.py:183} INFO - Processing /home/airflow/.local/lib/python3.12/site-packages/airflow/example_dags/example_nested_branch_dag.py took 0.111 seconds
[2024-05-05T15:57:07.055+0000] {processor.py:161} INFO - Started process (PID=2773) to work on /home/airflow/.local/lib/python3.12/site-packages/airflow/example_dags/example_nested_branch_dag.py
[2024-05-05T15:57:07.056+0000] {processor.py:830} INFO - Processing file /home/airflow/.local/lib/python3.12/site-packages/airflow/example_dags/example_nested_branch_dag.py for tasks to queue
[2024-05-05T15:57:07.061+0000] {logging_mixin.py:188} INFO - [2024-05-05T15:57:07.061+0000] {dagbag.py:540} INFO - Filling up the DagBag from /home/airflow/.local/lib/python3.12/site-packages/airflow/example_dags/example_nested_branch_dag.py
[2024-05-05T15:57:07.077+0000] {processor.py:840} INFO - DAG(s) 'example_nested_branch_dag' retrieved from /home/airflow/.local/lib/python3.12/site-packages/airflow/example_dags/example_nested_branch_dag.py
[2024-05-05T15:57:07.142+0000] {logging_mixin.py:188} INFO - [2024-05-05T15:57:07.141+0000] {dag.py:3096} INFO - Sync 1 DAGs
[2024-05-05T15:57:07.214+0000] {logging_mixin.py:188} INFO - [2024-05-05T15:57:07.214+0000] {dag.py:3954} INFO - Setting next_dagrun for example_nested_branch_dag to 2024-05-04 00:00:00+00:00, run_after=2024-05-05 00:00:00+00:00
[2024-05-05T15:57:07.242+0000] {processor.py:183} INFO - Processing /home/airflow/.local/lib/python3.12/site-packages/airflow/example_dags/example_nested_branch_dag.py took 0.197 seconds
[2024-05-05T15:57:37.680+0000] {processor.py:161} INFO - Started process (PID=2833) to work on /home/airflow/.local/lib/python3.12/site-packages/airflow/example_dags/example_nested_branch_dag.py
[2024-05-05T15:57:37.681+0000] {processor.py:830} INFO - Processing file /home/airflow/.local/lib/python3.12/site-packages/airflow/example_dags/example_nested_branch_dag.py for tasks to queue
[2024-05-05T15:57:37.683+0000] {logging_mixin.py:188} INFO - [2024-05-05T15:57:37.683+0000] {dagbag.py:540} INFO - Filling up the DagBag from /home/airflow/.local/lib/python3.12/site-packages/airflow/example_dags/example_nested_branch_dag.py
[2024-05-05T15:57:37.695+0000] {processor.py:840} INFO - DAG(s) 'example_nested_branch_dag' retrieved from /home/airflow/.local/lib/python3.12/site-packages/airflow/example_dags/example_nested_branch_dag.py
[2024-05-05T15:57:37.721+0000] {logging_mixin.py:188} INFO - [2024-05-05T15:57:37.721+0000] {dag.py:3096} INFO - Sync 1 DAGs
[2024-05-05T15:57:37.748+0000] {logging_mixin.py:188} INFO - [2024-05-05T15:57:37.748+0000] {dag.py:3954} INFO - Setting next_dagrun for example_nested_branch_dag to 2024-05-04 00:00:00+00:00, run_after=2024-05-05 00:00:00+00:00
[2024-05-05T15:57:37.772+0000] {processor.py:183} INFO - Processing /home/airflow/.local/lib/python3.12/site-packages/airflow/example_dags/example_nested_branch_dag.py took 0.100 seconds
[2024-05-05T15:58:08.541+0000] {processor.py:161} INFO - Started process (PID=2893) to work on /home/airflow/.local/lib/python3.12/site-packages/airflow/example_dags/example_nested_branch_dag.py
[2024-05-05T15:58:08.542+0000] {processor.py:830} INFO - Processing file /home/airflow/.local/lib/python3.12/site-packages/airflow/example_dags/example_nested_branch_dag.py for tasks to queue
[2024-05-05T15:58:08.544+0000] {logging_mixin.py:188} INFO - [2024-05-05T15:58:08.544+0000] {dagbag.py:540} INFO - Filling up the DagBag from /home/airflow/.local/lib/python3.12/site-packages/airflow/example_dags/example_nested_branch_dag.py
[2024-05-05T15:58:08.556+0000] {processor.py:840} INFO - DAG(s) 'example_nested_branch_dag' retrieved from /home/airflow/.local/lib/python3.12/site-packages/airflow/example_dags/example_nested_branch_dag.py
[2024-05-05T15:58:08.586+0000] {logging_mixin.py:188} INFO - [2024-05-05T15:58:08.586+0000] {dag.py:3096} INFO - Sync 1 DAGs
[2024-05-05T15:58:08.636+0000] {logging_mixin.py:188} INFO - [2024-05-05T15:58:08.635+0000] {dag.py:3954} INFO - Setting next_dagrun for example_nested_branch_dag to 2024-05-04 00:00:00+00:00, run_after=2024-05-05 00:00:00+00:00
[2024-05-05T15:58:08.683+0000] {processor.py:183} INFO - Processing /home/airflow/.local/lib/python3.12/site-packages/airflow/example_dags/example_nested_branch_dag.py took 0.149 seconds
[2024-05-05T15:58:39.807+0000] {processor.py:161} INFO - Started process (PID=2956) to work on /home/airflow/.local/lib/python3.12/site-packages/airflow/example_dags/example_nested_branch_dag.py
[2024-05-05T15:58:39.816+0000] {processor.py:830} INFO - Processing file /home/airflow/.local/lib/python3.12/site-packages/airflow/example_dags/example_nested_branch_dag.py for tasks to queue
[2024-05-05T15:58:39.819+0000] {logging_mixin.py:188} INFO - [2024-05-05T15:58:39.817+0000] {dagbag.py:540} INFO - Filling up the DagBag from /home/airflow/.local/lib/python3.12/site-packages/airflow/example_dags/example_nested_branch_dag.py
[2024-05-05T15:58:39.858+0000] {processor.py:840} INFO - DAG(s) 'example_nested_branch_dag' retrieved from /home/airflow/.local/lib/python3.12/site-packages/airflow/example_dags/example_nested_branch_dag.py
[2024-05-05T15:58:39.918+0000] {logging_mixin.py:188} INFO - [2024-05-05T15:58:39.918+0000] {dag.py:3096} INFO - Sync 1 DAGs
[2024-05-05T15:58:40.181+0000] {logging_mixin.py:188} INFO - [2024-05-05T15:58:40.181+0000] {dag.py:3954} INFO - Setting next_dagrun for example_nested_branch_dag to 2024-05-04 00:00:00+00:00, run_after=2024-05-05 00:00:00+00:00
[2024-05-05T15:58:40.310+0000] {processor.py:183} INFO - Processing /home/airflow/.local/lib/python3.12/site-packages/airflow/example_dags/example_nested_branch_dag.py took 0.553 seconds
[2024-05-05T15:59:16.716+0000] {processor.py:161} INFO - Started process (PID=3019) to work on /home/airflow/.local/lib/python3.12/site-packages/airflow/example_dags/example_nested_branch_dag.py
[2024-05-05T15:59:16.728+0000] {processor.py:830} INFO - Processing file /home/airflow/.local/lib/python3.12/site-packages/airflow/example_dags/example_nested_branch_dag.py for tasks to queue
[2024-05-05T15:59:16.730+0000] {logging_mixin.py:188} INFO - [2024-05-05T15:59:16.730+0000] {dagbag.py:540} INFO - Filling up the DagBag from /home/airflow/.local/lib/python3.12/site-packages/airflow/example_dags/example_nested_branch_dag.py
[2024-05-05T15:59:16.778+0000] {processor.py:840} INFO - DAG(s) 'example_nested_branch_dag' retrieved from /home/airflow/.local/lib/python3.12/site-packages/airflow/example_dags/example_nested_branch_dag.py
[2024-05-05T15:59:16.841+0000] {logging_mixin.py:188} INFO - [2024-05-05T15:59:16.838+0000] {dag.py:3096} INFO - Sync 1 DAGs
[2024-05-05T15:59:16.897+0000] {logging_mixin.py:188} INFO - [2024-05-05T15:59:16.896+0000] {dag.py:3954} INFO - Setting next_dagrun for example_nested_branch_dag to 2024-05-04 00:00:00+00:00, run_after=2024-05-05 00:00:00+00:00
[2024-05-05T15:59:17.014+0000] {processor.py:183} INFO - Processing /home/airflow/.local/lib/python3.12/site-packages/airflow/example_dags/example_nested_branch_dag.py took 0.316 seconds
[2024-05-05T15:59:47.377+0000] {processor.py:161} INFO - Started process (PID=3079) to work on /home/airflow/.local/lib/python3.12/site-packages/airflow/example_dags/example_nested_branch_dag.py
[2024-05-05T15:59:47.380+0000] {processor.py:830} INFO - Processing file /home/airflow/.local/lib/python3.12/site-packages/airflow/example_dags/example_nested_branch_dag.py for tasks to queue
[2024-05-05T15:59:47.388+0000] {logging_mixin.py:188} INFO - [2024-05-05T15:59:47.388+0000] {dagbag.py:540} INFO - Filling up the DagBag from /home/airflow/.local/lib/python3.12/site-packages/airflow/example_dags/example_nested_branch_dag.py
[2024-05-05T15:59:47.477+0000] {processor.py:840} INFO - DAG(s) 'example_nested_branch_dag' retrieved from /home/airflow/.local/lib/python3.12/site-packages/airflow/example_dags/example_nested_branch_dag.py
[2024-05-05T15:59:47.627+0000] {logging_mixin.py:188} INFO - [2024-05-05T15:59:47.627+0000] {dag.py:3096} INFO - Sync 1 DAGs
[2024-05-05T15:59:47.769+0000] {logging_mixin.py:188} INFO - [2024-05-05T15:59:47.767+0000] {dag.py:3954} INFO - Setting next_dagrun for example_nested_branch_dag to 2024-05-04 00:00:00+00:00, run_after=2024-05-05 00:00:00+00:00
[2024-05-05T15:59:47.870+0000] {processor.py:183} INFO - Processing /home/airflow/.local/lib/python3.12/site-packages/airflow/example_dags/example_nested_branch_dag.py took 0.517 seconds
