[2024-05-05T15:33:35.103+0000] {processor.py:161} INFO - Started process (PID=74) to work on /home/airflow/.local/lib/python3.12/site-packages/airflow/example_dags/example_branch_labels.py
[2024-05-05T15:33:35.116+0000] {processor.py:830} INFO - Processing file /home/airflow/.local/lib/python3.12/site-packages/airflow/example_dags/example_branch_labels.py for tasks to queue
[2024-05-05T15:33:35.118+0000] {logging_mixin.py:188} INFO - [2024-05-05T15:33:35.118+0000] {dagbag.py:540} INFO - Filling up the DagBag from /home/airflow/.local/lib/python3.12/site-packages/airflow/example_dags/example_branch_labels.py
[2024-05-05T15:33:35.166+0000] {processor.py:840} INFO - DAG(s) 'example_branch_labels' retrieved from /home/airflow/.local/lib/python3.12/site-packages/airflow/example_dags/example_branch_labels.py
[2024-05-05T15:33:35.710+0000] {logging_mixin.py:188} INFO - [2024-05-05T15:33:35.709+0000] {override.py:1829} INFO - Created Permission View: can edit on DAG:example_branch_labels
[2024-05-05T15:33:35.754+0000] {logging_mixin.py:188} INFO - [2024-05-05T15:33:35.753+0000] {override.py:1829} INFO - Created Permission View: can read on DAG:example_branch_labels
[2024-05-05T15:33:35.788+0000] {logging_mixin.py:188} INFO - [2024-05-05T15:33:35.788+0000] {override.py:1829} INFO - Created Permission View: can delete on DAG:example_branch_labels
[2024-05-05T15:33:35.789+0000] {logging_mixin.py:188} INFO - [2024-05-05T15:33:35.789+0000] {dag.py:3096} INFO - Sync 1 DAGs
[2024-05-05T15:33:35.839+0000] {logging_mixin.py:188} INFO - [2024-05-05T15:33:35.839+0000] {dag.py:3118} INFO - Creating ORM DAG for example_branch_labels
[2024-05-05T15:33:35.921+0000] {logging_mixin.py:188} INFO - [2024-05-05T15:33:35.921+0000] {dag.py:3954} INFO - Setting next_dagrun for example_branch_labels to 2024-05-04 00:00:00+00:00, run_after=2024-05-05 00:00:00+00:00
[2024-05-05T15:33:35.996+0000] {processor.py:183} INFO - Processing /home/airflow/.local/lib/python3.12/site-packages/airflow/example_dags/example_branch_labels.py took 0.921 seconds
[2024-05-05T15:34:06.132+0000] {processor.py:161} INFO - Started process (PID=132) to work on /home/airflow/.local/lib/python3.12/site-packages/airflow/example_dags/example_branch_labels.py
[2024-05-05T15:34:06.139+0000] {processor.py:830} INFO - Processing file /home/airflow/.local/lib/python3.12/site-packages/airflow/example_dags/example_branch_labels.py for tasks to queue
[2024-05-05T15:34:06.140+0000] {logging_mixin.py:188} INFO - [2024-05-05T15:34:06.140+0000] {dagbag.py:540} INFO - Filling up the DagBag from /home/airflow/.local/lib/python3.12/site-packages/airflow/example_dags/example_branch_labels.py
[2024-05-05T15:34:06.161+0000] {processor.py:840} INFO - DAG(s) 'example_branch_labels' retrieved from /home/airflow/.local/lib/python3.12/site-packages/airflow/example_dags/example_branch_labels.py
[2024-05-05T15:34:06.216+0000] {logging_mixin.py:188} INFO - [2024-05-05T15:34:06.216+0000] {dag.py:3096} INFO - Sync 1 DAGs
[2024-05-05T15:34:06.271+0000] {logging_mixin.py:188} INFO - [2024-05-05T15:34:06.271+0000] {dag.py:3954} INFO - Setting next_dagrun for example_branch_labels to 2024-05-04 00:00:00+00:00, run_after=2024-05-05 00:00:00+00:00
[2024-05-05T15:34:06.314+0000] {processor.py:183} INFO - Processing /home/airflow/.local/lib/python3.12/site-packages/airflow/example_dags/example_branch_labels.py took 0.196 seconds
[2024-05-05T15:34:36.697+0000] {processor.py:161} INFO - Started process (PID=190) to work on /home/airflow/.local/lib/python3.12/site-packages/airflow/example_dags/example_branch_labels.py
[2024-05-05T15:34:36.698+0000] {processor.py:830} INFO - Processing file /home/airflow/.local/lib/python3.12/site-packages/airflow/example_dags/example_branch_labels.py for tasks to queue
[2024-05-05T15:34:36.700+0000] {logging_mixin.py:188} INFO - [2024-05-05T15:34:36.699+0000] {dagbag.py:540} INFO - Filling up the DagBag from /home/airflow/.local/lib/python3.12/site-packages/airflow/example_dags/example_branch_labels.py
[2024-05-05T15:34:36.709+0000] {processor.py:840} INFO - DAG(s) 'example_branch_labels' retrieved from /home/airflow/.local/lib/python3.12/site-packages/airflow/example_dags/example_branch_labels.py
[2024-05-05T15:34:36.737+0000] {logging_mixin.py:188} INFO - [2024-05-05T15:34:36.737+0000] {dag.py:3096} INFO - Sync 1 DAGs
[2024-05-05T15:34:36.762+0000] {logging_mixin.py:188} INFO - [2024-05-05T15:34:36.762+0000] {dag.py:3954} INFO - Setting next_dagrun for example_branch_labels to 2024-05-04 00:00:00+00:00, run_after=2024-05-05 00:00:00+00:00
[2024-05-05T15:34:36.786+0000] {processor.py:183} INFO - Processing /home/airflow/.local/lib/python3.12/site-packages/airflow/example_dags/example_branch_labels.py took 0.095 seconds
[2024-05-05T15:35:07.074+0000] {processor.py:161} INFO - Started process (PID=247) to work on /home/airflow/.local/lib/python3.12/site-packages/airflow/example_dags/example_branch_labels.py
[2024-05-05T15:35:07.075+0000] {processor.py:830} INFO - Processing file /home/airflow/.local/lib/python3.12/site-packages/airflow/example_dags/example_branch_labels.py for tasks to queue
[2024-05-05T15:35:07.076+0000] {logging_mixin.py:188} INFO - [2024-05-05T15:35:07.076+0000] {dagbag.py:540} INFO - Filling up the DagBag from /home/airflow/.local/lib/python3.12/site-packages/airflow/example_dags/example_branch_labels.py
[2024-05-05T15:35:07.085+0000] {processor.py:840} INFO - DAG(s) 'example_branch_labels' retrieved from /home/airflow/.local/lib/python3.12/site-packages/airflow/example_dags/example_branch_labels.py
[2024-05-05T15:35:07.116+0000] {logging_mixin.py:188} INFO - [2024-05-05T15:35:07.116+0000] {dag.py:3096} INFO - Sync 1 DAGs
[2024-05-05T15:35:07.144+0000] {logging_mixin.py:188} INFO - [2024-05-05T15:35:07.143+0000] {dag.py:3954} INFO - Setting next_dagrun for example_branch_labels to 2024-05-04 00:00:00+00:00, run_after=2024-05-05 00:00:00+00:00
[2024-05-05T15:35:07.166+0000] {processor.py:183} INFO - Processing /home/airflow/.local/lib/python3.12/site-packages/airflow/example_dags/example_branch_labels.py took 0.099 seconds
[2024-05-05T15:35:37.625+0000] {processor.py:161} INFO - Started process (PID=305) to work on /home/airflow/.local/lib/python3.12/site-packages/airflow/example_dags/example_branch_labels.py
[2024-05-05T15:35:37.625+0000] {processor.py:830} INFO - Processing file /home/airflow/.local/lib/python3.12/site-packages/airflow/example_dags/example_branch_labels.py for tasks to queue
[2024-05-05T15:35:37.628+0000] {logging_mixin.py:188} INFO - [2024-05-05T15:35:37.627+0000] {dagbag.py:540} INFO - Filling up the DagBag from /home/airflow/.local/lib/python3.12/site-packages/airflow/example_dags/example_branch_labels.py
[2024-05-05T15:35:37.644+0000] {processor.py:840} INFO - DAG(s) 'example_branch_labels' retrieved from /home/airflow/.local/lib/python3.12/site-packages/airflow/example_dags/example_branch_labels.py
[2024-05-05T15:35:37.670+0000] {logging_mixin.py:188} INFO - [2024-05-05T15:35:37.669+0000] {dag.py:3096} INFO - Sync 1 DAGs
[2024-05-05T15:35:37.694+0000] {logging_mixin.py:188} INFO - [2024-05-05T15:35:37.694+0000] {dag.py:3954} INFO - Setting next_dagrun for example_branch_labels to 2024-05-04 00:00:00+00:00, run_after=2024-05-05 00:00:00+00:00
[2024-05-05T15:35:37.715+0000] {processor.py:183} INFO - Processing /home/airflow/.local/lib/python3.12/site-packages/airflow/example_dags/example_branch_labels.py took 0.097 seconds
[2024-05-05T15:36:08.051+0000] {processor.py:161} INFO - Started process (PID=363) to work on /home/airflow/.local/lib/python3.12/site-packages/airflow/example_dags/example_branch_labels.py
[2024-05-05T15:36:08.052+0000] {processor.py:830} INFO - Processing file /home/airflow/.local/lib/python3.12/site-packages/airflow/example_dags/example_branch_labels.py for tasks to queue
[2024-05-05T15:36:08.069+0000] {logging_mixin.py:188} INFO - [2024-05-05T15:36:08.069+0000] {dagbag.py:540} INFO - Filling up the DagBag from /home/airflow/.local/lib/python3.12/site-packages/airflow/example_dags/example_branch_labels.py
[2024-05-05T15:36:08.098+0000] {processor.py:840} INFO - DAG(s) 'example_branch_labels' retrieved from /home/airflow/.local/lib/python3.12/site-packages/airflow/example_dags/example_branch_labels.py
[2024-05-05T15:36:08.166+0000] {logging_mixin.py:188} INFO - [2024-05-05T15:36:08.166+0000] {dag.py:3096} INFO - Sync 1 DAGs
[2024-05-05T15:36:08.203+0000] {logging_mixin.py:188} INFO - [2024-05-05T15:36:08.203+0000] {dag.py:3954} INFO - Setting next_dagrun for example_branch_labels to 2024-05-04 00:00:00+00:00, run_after=2024-05-05 00:00:00+00:00
[2024-05-05T15:36:08.234+0000] {processor.py:183} INFO - Processing /home/airflow/.local/lib/python3.12/site-packages/airflow/example_dags/example_branch_labels.py took 0.206 seconds
[2024-05-05T15:36:38.324+0000] {processor.py:161} INFO - Started process (PID=422) to work on /home/airflow/.local/lib/python3.12/site-packages/airflow/example_dags/example_branch_labels.py
[2024-05-05T15:36:38.325+0000] {processor.py:830} INFO - Processing file /home/airflow/.local/lib/python3.12/site-packages/airflow/example_dags/example_branch_labels.py for tasks to queue
[2024-05-05T15:36:38.328+0000] {logging_mixin.py:188} INFO - [2024-05-05T15:36:38.327+0000] {dagbag.py:540} INFO - Filling up the DagBag from /home/airflow/.local/lib/python3.12/site-packages/airflow/example_dags/example_branch_labels.py
[2024-05-05T15:36:38.337+0000] {processor.py:840} INFO - DAG(s) 'example_branch_labels' retrieved from /home/airflow/.local/lib/python3.12/site-packages/airflow/example_dags/example_branch_labels.py
[2024-05-05T15:36:38.367+0000] {logging_mixin.py:188} INFO - [2024-05-05T15:36:38.366+0000] {dag.py:3096} INFO - Sync 1 DAGs
[2024-05-05T15:36:38.398+0000] {logging_mixin.py:188} INFO - [2024-05-05T15:36:38.397+0000] {dag.py:3954} INFO - Setting next_dagrun for example_branch_labels to 2024-05-04 00:00:00+00:00, run_after=2024-05-05 00:00:00+00:00
[2024-05-05T15:36:38.422+0000] {processor.py:183} INFO - Processing /home/airflow/.local/lib/python3.12/site-packages/airflow/example_dags/example_branch_labels.py took 0.105 seconds
[2024-05-05T15:37:08.617+0000] {processor.py:161} INFO - Started process (PID=480) to work on /home/airflow/.local/lib/python3.12/site-packages/airflow/example_dags/example_branch_labels.py
[2024-05-05T15:37:08.617+0000] {processor.py:830} INFO - Processing file /home/airflow/.local/lib/python3.12/site-packages/airflow/example_dags/example_branch_labels.py for tasks to queue
[2024-05-05T15:37:08.619+0000] {logging_mixin.py:188} INFO - [2024-05-05T15:37:08.619+0000] {dagbag.py:540} INFO - Filling up the DagBag from /home/airflow/.local/lib/python3.12/site-packages/airflow/example_dags/example_branch_labels.py
[2024-05-05T15:37:08.644+0000] {processor.py:840} INFO - DAG(s) 'example_branch_labels' retrieved from /home/airflow/.local/lib/python3.12/site-packages/airflow/example_dags/example_branch_labels.py
[2024-05-05T15:37:08.789+0000] {logging_mixin.py:188} INFO - [2024-05-05T15:37:08.788+0000] {dag.py:3096} INFO - Sync 1 DAGs
[2024-05-05T15:37:08.931+0000] {logging_mixin.py:188} INFO - [2024-05-05T15:37:08.930+0000] {dag.py:3954} INFO - Setting next_dagrun for example_branch_labels to 2024-05-04 00:00:00+00:00, run_after=2024-05-05 00:00:00+00:00
[2024-05-05T15:37:09.025+0000] {processor.py:183} INFO - Processing /home/airflow/.local/lib/python3.12/site-packages/airflow/example_dags/example_branch_labels.py took 0.438 seconds
[2024-05-05T15:37:39.104+0000] {processor.py:161} INFO - Started process (PID=539) to work on /home/airflow/.local/lib/python3.12/site-packages/airflow/example_dags/example_branch_labels.py
[2024-05-05T15:37:39.105+0000] {processor.py:830} INFO - Processing file /home/airflow/.local/lib/python3.12/site-packages/airflow/example_dags/example_branch_labels.py for tasks to queue
[2024-05-05T15:37:39.107+0000] {logging_mixin.py:188} INFO - [2024-05-05T15:37:39.107+0000] {dagbag.py:540} INFO - Filling up the DagBag from /home/airflow/.local/lib/python3.12/site-packages/airflow/example_dags/example_branch_labels.py
[2024-05-05T15:37:39.114+0000] {processor.py:840} INFO - DAG(s) 'example_branch_labels' retrieved from /home/airflow/.local/lib/python3.12/site-packages/airflow/example_dags/example_branch_labels.py
[2024-05-05T15:37:39.138+0000] {logging_mixin.py:188} INFO - [2024-05-05T15:37:39.138+0000] {dag.py:3096} INFO - Sync 1 DAGs
[2024-05-05T15:37:39.159+0000] {logging_mixin.py:188} INFO - [2024-05-05T15:37:39.159+0000] {dag.py:3954} INFO - Setting next_dagrun for example_branch_labels to 2024-05-04 00:00:00+00:00, run_after=2024-05-05 00:00:00+00:00
[2024-05-05T15:37:39.179+0000] {processor.py:183} INFO - Processing /home/airflow/.local/lib/python3.12/site-packages/airflow/example_dags/example_branch_labels.py took 0.081 seconds
[2024-05-05T15:38:09.971+0000] {processor.py:161} INFO - Started process (PID=598) to work on /home/airflow/.local/lib/python3.12/site-packages/airflow/example_dags/example_branch_labels.py
[2024-05-05T15:38:09.972+0000] {processor.py:830} INFO - Processing file /home/airflow/.local/lib/python3.12/site-packages/airflow/example_dags/example_branch_labels.py for tasks to queue
[2024-05-05T15:38:09.978+0000] {logging_mixin.py:188} INFO - [2024-05-05T15:38:09.976+0000] {dagbag.py:540} INFO - Filling up the DagBag from /home/airflow/.local/lib/python3.12/site-packages/airflow/example_dags/example_branch_labels.py
[2024-05-05T15:38:09.988+0000] {processor.py:840} INFO - DAG(s) 'example_branch_labels' retrieved from /home/airflow/.local/lib/python3.12/site-packages/airflow/example_dags/example_branch_labels.py
[2024-05-05T15:38:10.011+0000] {logging_mixin.py:188} INFO - [2024-05-05T15:38:10.011+0000] {dag.py:3096} INFO - Sync 1 DAGs
[2024-05-05T15:38:10.039+0000] {logging_mixin.py:188} INFO - [2024-05-05T15:38:10.039+0000] {dag.py:3954} INFO - Setting next_dagrun for example_branch_labels to 2024-05-04 00:00:00+00:00, run_after=2024-05-05 00:00:00+00:00
[2024-05-05T15:38:10.063+0000] {processor.py:183} INFO - Processing /home/airflow/.local/lib/python3.12/site-packages/airflow/example_dags/example_branch_labels.py took 0.098 seconds
[2024-05-05T15:38:40.236+0000] {processor.py:161} INFO - Started process (PID=656) to work on /home/airflow/.local/lib/python3.12/site-packages/airflow/example_dags/example_branch_labels.py
[2024-05-05T15:38:40.238+0000] {processor.py:830} INFO - Processing file /home/airflow/.local/lib/python3.12/site-packages/airflow/example_dags/example_branch_labels.py for tasks to queue
[2024-05-05T15:38:40.239+0000] {logging_mixin.py:188} INFO - [2024-05-05T15:38:40.239+0000] {dagbag.py:540} INFO - Filling up the DagBag from /home/airflow/.local/lib/python3.12/site-packages/airflow/example_dags/example_branch_labels.py
[2024-05-05T15:38:40.248+0000] {processor.py:840} INFO - DAG(s) 'example_branch_labels' retrieved from /home/airflow/.local/lib/python3.12/site-packages/airflow/example_dags/example_branch_labels.py
[2024-05-05T15:38:40.271+0000] {logging_mixin.py:188} INFO - [2024-05-05T15:38:40.271+0000] {dag.py:3096} INFO - Sync 1 DAGs
[2024-05-05T15:38:40.298+0000] {logging_mixin.py:188} INFO - [2024-05-05T15:38:40.298+0000] {dag.py:3954} INFO - Setting next_dagrun for example_branch_labels to 2024-05-04 00:00:00+00:00, run_after=2024-05-05 00:00:00+00:00
[2024-05-05T15:38:40.318+0000] {processor.py:183} INFO - Processing /home/airflow/.local/lib/python3.12/site-packages/airflow/example_dags/example_branch_labels.py took 0.088 seconds
[2024-05-05T15:39:11.351+0000] {processor.py:161} INFO - Started process (PID=714) to work on /home/airflow/.local/lib/python3.12/site-packages/airflow/example_dags/example_branch_labels.py
[2024-05-05T15:39:11.363+0000] {processor.py:830} INFO - Processing file /home/airflow/.local/lib/python3.12/site-packages/airflow/example_dags/example_branch_labels.py for tasks to queue
[2024-05-05T15:39:11.365+0000] {logging_mixin.py:188} INFO - [2024-05-05T15:39:11.364+0000] {dagbag.py:540} INFO - Filling up the DagBag from /home/airflow/.local/lib/python3.12/site-packages/airflow/example_dags/example_branch_labels.py
[2024-05-05T15:39:11.378+0000] {processor.py:840} INFO - DAG(s) 'example_branch_labels' retrieved from /home/airflow/.local/lib/python3.12/site-packages/airflow/example_dags/example_branch_labels.py
[2024-05-05T15:39:11.429+0000] {logging_mixin.py:188} INFO - [2024-05-05T15:39:11.429+0000] {dag.py:3096} INFO - Sync 1 DAGs
[2024-05-05T15:39:11.488+0000] {logging_mixin.py:188} INFO - [2024-05-05T15:39:11.488+0000] {dag.py:3954} INFO - Setting next_dagrun for example_branch_labels to 2024-05-04 00:00:00+00:00, run_after=2024-05-05 00:00:00+00:00
[2024-05-05T15:39:11.531+0000] {processor.py:183} INFO - Processing /home/airflow/.local/lib/python3.12/site-packages/airflow/example_dags/example_branch_labels.py took 0.207 seconds
[2024-05-05T15:39:42.194+0000] {processor.py:161} INFO - Started process (PID=773) to work on /home/airflow/.local/lib/python3.12/site-packages/airflow/example_dags/example_branch_labels.py
[2024-05-05T15:39:42.195+0000] {processor.py:830} INFO - Processing file /home/airflow/.local/lib/python3.12/site-packages/airflow/example_dags/example_branch_labels.py for tasks to queue
[2024-05-05T15:39:42.197+0000] {logging_mixin.py:188} INFO - [2024-05-05T15:39:42.196+0000] {dagbag.py:540} INFO - Filling up the DagBag from /home/airflow/.local/lib/python3.12/site-packages/airflow/example_dags/example_branch_labels.py
[2024-05-05T15:39:42.220+0000] {processor.py:840} INFO - DAG(s) 'example_branch_labels' retrieved from /home/airflow/.local/lib/python3.12/site-packages/airflow/example_dags/example_branch_labels.py
[2024-05-05T15:39:42.251+0000] {logging_mixin.py:188} INFO - [2024-05-05T15:39:42.251+0000] {dag.py:3096} INFO - Sync 1 DAGs
[2024-05-05T15:39:42.277+0000] {logging_mixin.py:188} INFO - [2024-05-05T15:39:42.276+0000] {dag.py:3954} INFO - Setting next_dagrun for example_branch_labels to 2024-05-04 00:00:00+00:00, run_after=2024-05-05 00:00:00+00:00
[2024-05-05T15:39:42.296+0000] {processor.py:183} INFO - Processing /home/airflow/.local/lib/python3.12/site-packages/airflow/example_dags/example_branch_labels.py took 0.118 seconds
[2024-05-05T15:40:12.416+0000] {processor.py:161} INFO - Started process (PID=830) to work on /home/airflow/.local/lib/python3.12/site-packages/airflow/example_dags/example_branch_labels.py
[2024-05-05T15:40:12.417+0000] {processor.py:830} INFO - Processing file /home/airflow/.local/lib/python3.12/site-packages/airflow/example_dags/example_branch_labels.py for tasks to queue
[2024-05-05T15:40:12.418+0000] {logging_mixin.py:188} INFO - [2024-05-05T15:40:12.418+0000] {dagbag.py:540} INFO - Filling up the DagBag from /home/airflow/.local/lib/python3.12/site-packages/airflow/example_dags/example_branch_labels.py
[2024-05-05T15:40:12.445+0000] {processor.py:840} INFO - DAG(s) 'example_branch_labels' retrieved from /home/airflow/.local/lib/python3.12/site-packages/airflow/example_dags/example_branch_labels.py
[2024-05-05T15:40:12.505+0000] {logging_mixin.py:188} INFO - [2024-05-05T15:40:12.504+0000] {dag.py:3096} INFO - Sync 1 DAGs
[2024-05-05T15:40:12.531+0000] {logging_mixin.py:188} INFO - [2024-05-05T15:40:12.531+0000] {dag.py:3954} INFO - Setting next_dagrun for example_branch_labels to 2024-05-04 00:00:00+00:00, run_after=2024-05-05 00:00:00+00:00
[2024-05-05T15:40:12.557+0000] {processor.py:183} INFO - Processing /home/airflow/.local/lib/python3.12/site-packages/airflow/example_dags/example_branch_labels.py took 0.149 seconds
[2024-05-05T15:40:43.217+0000] {processor.py:161} INFO - Started process (PID=888) to work on /home/airflow/.local/lib/python3.12/site-packages/airflow/example_dags/example_branch_labels.py
[2024-05-05T15:40:43.218+0000] {processor.py:830} INFO - Processing file /home/airflow/.local/lib/python3.12/site-packages/airflow/example_dags/example_branch_labels.py for tasks to queue
[2024-05-05T15:40:43.220+0000] {logging_mixin.py:188} INFO - [2024-05-05T15:40:43.220+0000] {dagbag.py:540} INFO - Filling up the DagBag from /home/airflow/.local/lib/python3.12/site-packages/airflow/example_dags/example_branch_labels.py
[2024-05-05T15:40:43.228+0000] {processor.py:840} INFO - DAG(s) 'example_branch_labels' retrieved from /home/airflow/.local/lib/python3.12/site-packages/airflow/example_dags/example_branch_labels.py
[2024-05-05T15:40:43.251+0000] {logging_mixin.py:188} INFO - [2024-05-05T15:40:43.250+0000] {dag.py:3096} INFO - Sync 1 DAGs
[2024-05-05T15:40:43.271+0000] {logging_mixin.py:188} INFO - [2024-05-05T15:40:43.271+0000] {dag.py:3954} INFO - Setting next_dagrun for example_branch_labels to 2024-05-04 00:00:00+00:00, run_after=2024-05-05 00:00:00+00:00
[2024-05-05T15:40:43.293+0000] {processor.py:183} INFO - Processing /home/airflow/.local/lib/python3.12/site-packages/airflow/example_dags/example_branch_labels.py took 0.083 seconds
[2024-05-05T15:41:14.565+0000] {processor.py:161} INFO - Started process (PID=945) to work on /home/airflow/.local/lib/python3.12/site-packages/airflow/example_dags/example_branch_labels.py
[2024-05-05T15:41:14.565+0000] {processor.py:830} INFO - Processing file /home/airflow/.local/lib/python3.12/site-packages/airflow/example_dags/example_branch_labels.py for tasks to queue
[2024-05-05T15:41:14.567+0000] {logging_mixin.py:188} INFO - [2024-05-05T15:41:14.567+0000] {dagbag.py:540} INFO - Filling up the DagBag from /home/airflow/.local/lib/python3.12/site-packages/airflow/example_dags/example_branch_labels.py
[2024-05-05T15:41:14.577+0000] {processor.py:840} INFO - DAG(s) 'example_branch_labels' retrieved from /home/airflow/.local/lib/python3.12/site-packages/airflow/example_dags/example_branch_labels.py
[2024-05-05T15:41:14.607+0000] {logging_mixin.py:188} INFO - [2024-05-05T15:41:14.607+0000] {dag.py:3096} INFO - Sync 1 DAGs
[2024-05-05T15:41:14.810+0000] {logging_mixin.py:188} INFO - [2024-05-05T15:41:14.810+0000] {dag.py:3954} INFO - Setting next_dagrun for example_branch_labels to 2024-05-04 00:00:00+00:00, run_after=2024-05-05 00:00:00+00:00
[2024-05-05T15:41:14.833+0000] {processor.py:183} INFO - Processing /home/airflow/.local/lib/python3.12/site-packages/airflow/example_dags/example_branch_labels.py took 0.275 seconds
[2024-05-05T15:41:45.518+0000] {processor.py:161} INFO - Started process (PID=1004) to work on /home/airflow/.local/lib/python3.12/site-packages/airflow/example_dags/example_branch_labels.py
[2024-05-05T15:41:45.524+0000] {processor.py:830} INFO - Processing file /home/airflow/.local/lib/python3.12/site-packages/airflow/example_dags/example_branch_labels.py for tasks to queue
[2024-05-05T15:41:45.526+0000] {logging_mixin.py:188} INFO - [2024-05-05T15:41:45.526+0000] {dagbag.py:540} INFO - Filling up the DagBag from /home/airflow/.local/lib/python3.12/site-packages/airflow/example_dags/example_branch_labels.py
[2024-05-05T15:41:45.543+0000] {processor.py:840} INFO - DAG(s) 'example_branch_labels' retrieved from /home/airflow/.local/lib/python3.12/site-packages/airflow/example_dags/example_branch_labels.py
[2024-05-05T15:41:45.598+0000] {logging_mixin.py:188} INFO - [2024-05-05T15:41:45.598+0000] {dag.py:3096} INFO - Sync 1 DAGs
[2024-05-05T15:41:45.629+0000] {logging_mixin.py:188} INFO - [2024-05-05T15:41:45.629+0000] {dag.py:3954} INFO - Setting next_dagrun for example_branch_labels to 2024-05-04 00:00:00+00:00, run_after=2024-05-05 00:00:00+00:00
[2024-05-05T15:41:45.691+0000] {processor.py:183} INFO - Processing /home/airflow/.local/lib/python3.12/site-packages/airflow/example_dags/example_branch_labels.py took 0.189 seconds
[2024-05-05T15:42:16.153+0000] {processor.py:161} INFO - Started process (PID=1063) to work on /home/airflow/.local/lib/python3.12/site-packages/airflow/example_dags/example_branch_labels.py
[2024-05-05T15:42:16.154+0000] {processor.py:830} INFO - Processing file /home/airflow/.local/lib/python3.12/site-packages/airflow/example_dags/example_branch_labels.py for tasks to queue
[2024-05-05T15:42:16.168+0000] {logging_mixin.py:188} INFO - [2024-05-05T15:42:16.168+0000] {dagbag.py:540} INFO - Filling up the DagBag from /home/airflow/.local/lib/python3.12/site-packages/airflow/example_dags/example_branch_labels.py
[2024-05-05T15:42:16.201+0000] {processor.py:840} INFO - DAG(s) 'example_branch_labels' retrieved from /home/airflow/.local/lib/python3.12/site-packages/airflow/example_dags/example_branch_labels.py
[2024-05-05T15:42:16.230+0000] {logging_mixin.py:188} INFO - [2024-05-05T15:42:16.230+0000] {dag.py:3096} INFO - Sync 1 DAGs
[2024-05-05T15:42:16.291+0000] {logging_mixin.py:188} INFO - [2024-05-05T15:42:16.291+0000] {dag.py:3954} INFO - Setting next_dagrun for example_branch_labels to 2024-05-04 00:00:00+00:00, run_after=2024-05-05 00:00:00+00:00
[2024-05-05T15:42:16.339+0000] {processor.py:183} INFO - Processing /home/airflow/.local/lib/python3.12/site-packages/airflow/example_dags/example_branch_labels.py took 0.199 seconds
[2024-05-05T15:42:47.236+0000] {processor.py:161} INFO - Started process (PID=1121) to work on /home/airflow/.local/lib/python3.12/site-packages/airflow/example_dags/example_branch_labels.py
[2024-05-05T15:42:47.256+0000] {processor.py:830} INFO - Processing file /home/airflow/.local/lib/python3.12/site-packages/airflow/example_dags/example_branch_labels.py for tasks to queue
[2024-05-05T15:42:47.263+0000] {logging_mixin.py:188} INFO - [2024-05-05T15:42:47.260+0000] {dagbag.py:540} INFO - Filling up the DagBag from /home/airflow/.local/lib/python3.12/site-packages/airflow/example_dags/example_branch_labels.py
[2024-05-05T15:42:47.317+0000] {processor.py:840} INFO - DAG(s) 'example_branch_labels' retrieved from /home/airflow/.local/lib/python3.12/site-packages/airflow/example_dags/example_branch_labels.py
[2024-05-05T15:42:47.421+0000] {logging_mixin.py:188} INFO - [2024-05-05T15:42:47.421+0000] {dag.py:3096} INFO - Sync 1 DAGs
[2024-05-05T15:42:47.509+0000] {logging_mixin.py:188} INFO - [2024-05-05T15:42:47.509+0000] {dag.py:3954} INFO - Setting next_dagrun for example_branch_labels to 2024-05-04 00:00:00+00:00, run_after=2024-05-05 00:00:00+00:00
[2024-05-05T15:42:47.562+0000] {processor.py:183} INFO - Processing /home/airflow/.local/lib/python3.12/site-packages/airflow/example_dags/example_branch_labels.py took 0.379 seconds
[2024-05-05T15:43:17.882+0000] {processor.py:161} INFO - Started process (PID=1179) to work on /home/airflow/.local/lib/python3.12/site-packages/airflow/example_dags/example_branch_labels.py
[2024-05-05T15:43:17.882+0000] {processor.py:830} INFO - Processing file /home/airflow/.local/lib/python3.12/site-packages/airflow/example_dags/example_branch_labels.py for tasks to queue
[2024-05-05T15:43:17.888+0000] {logging_mixin.py:188} INFO - [2024-05-05T15:43:17.888+0000] {dagbag.py:540} INFO - Filling up the DagBag from /home/airflow/.local/lib/python3.12/site-packages/airflow/example_dags/example_branch_labels.py
[2024-05-05T15:43:17.909+0000] {processor.py:840} INFO - DAG(s) 'example_branch_labels' retrieved from /home/airflow/.local/lib/python3.12/site-packages/airflow/example_dags/example_branch_labels.py
[2024-05-05T15:43:17.957+0000] {logging_mixin.py:188} INFO - [2024-05-05T15:43:17.956+0000] {dag.py:3096} INFO - Sync 1 DAGs
[2024-05-05T15:43:18.054+0000] {logging_mixin.py:188} INFO - [2024-05-05T15:43:18.053+0000] {dag.py:3954} INFO - Setting next_dagrun for example_branch_labels to 2024-05-04 00:00:00+00:00, run_after=2024-05-05 00:00:00+00:00
[2024-05-05T15:43:18.168+0000] {processor.py:183} INFO - Processing /home/airflow/.local/lib/python3.12/site-packages/airflow/example_dags/example_branch_labels.py took 0.299 seconds
[2024-05-05T15:43:48.246+0000] {processor.py:161} INFO - Started process (PID=1237) to work on /home/airflow/.local/lib/python3.12/site-packages/airflow/example_dags/example_branch_labels.py
[2024-05-05T15:43:48.247+0000] {processor.py:830} INFO - Processing file /home/airflow/.local/lib/python3.12/site-packages/airflow/example_dags/example_branch_labels.py for tasks to queue
[2024-05-05T15:43:48.249+0000] {logging_mixin.py:188} INFO - [2024-05-05T15:43:48.249+0000] {dagbag.py:540} INFO - Filling up the DagBag from /home/airflow/.local/lib/python3.12/site-packages/airflow/example_dags/example_branch_labels.py
[2024-05-05T15:43:48.258+0000] {processor.py:840} INFO - DAG(s) 'example_branch_labels' retrieved from /home/airflow/.local/lib/python3.12/site-packages/airflow/example_dags/example_branch_labels.py
[2024-05-05T15:43:48.285+0000] {logging_mixin.py:188} INFO - [2024-05-05T15:43:48.285+0000] {dag.py:3096} INFO - Sync 1 DAGs
[2024-05-05T15:43:48.313+0000] {logging_mixin.py:188} INFO - [2024-05-05T15:43:48.313+0000] {dag.py:3954} INFO - Setting next_dagrun for example_branch_labels to 2024-05-04 00:00:00+00:00, run_after=2024-05-05 00:00:00+00:00
[2024-05-05T15:43:48.341+0000] {processor.py:183} INFO - Processing /home/airflow/.local/lib/python3.12/site-packages/airflow/example_dags/example_branch_labels.py took 0.101 seconds
[2024-05-05T15:44:18.979+0000] {processor.py:161} INFO - Started process (PID=1295) to work on /home/airflow/.local/lib/python3.12/site-packages/airflow/example_dags/example_branch_labels.py
[2024-05-05T15:44:18.980+0000] {processor.py:830} INFO - Processing file /home/airflow/.local/lib/python3.12/site-packages/airflow/example_dags/example_branch_labels.py for tasks to queue
[2024-05-05T15:44:18.984+0000] {logging_mixin.py:188} INFO - [2024-05-05T15:44:18.982+0000] {dagbag.py:540} INFO - Filling up the DagBag from /home/airflow/.local/lib/python3.12/site-packages/airflow/example_dags/example_branch_labels.py
[2024-05-05T15:44:18.993+0000] {processor.py:840} INFO - DAG(s) 'example_branch_labels' retrieved from /home/airflow/.local/lib/python3.12/site-packages/airflow/example_dags/example_branch_labels.py
[2024-05-05T15:44:19.017+0000] {logging_mixin.py:188} INFO - [2024-05-05T15:44:19.016+0000] {dag.py:3096} INFO - Sync 1 DAGs
[2024-05-05T15:44:19.045+0000] {logging_mixin.py:188} INFO - [2024-05-05T15:44:19.045+0000] {dag.py:3954} INFO - Setting next_dagrun for example_branch_labels to 2024-05-04 00:00:00+00:00, run_after=2024-05-05 00:00:00+00:00
[2024-05-05T15:44:19.071+0000] {processor.py:183} INFO - Processing /home/airflow/.local/lib/python3.12/site-packages/airflow/example_dags/example_branch_labels.py took 0.099 seconds
[2024-05-05T15:44:49.454+0000] {processor.py:161} INFO - Started process (PID=1353) to work on /home/airflow/.local/lib/python3.12/site-packages/airflow/example_dags/example_branch_labels.py
[2024-05-05T15:44:49.455+0000] {processor.py:830} INFO - Processing file /home/airflow/.local/lib/python3.12/site-packages/airflow/example_dags/example_branch_labels.py for tasks to queue
[2024-05-05T15:44:49.457+0000] {logging_mixin.py:188} INFO - [2024-05-05T15:44:49.456+0000] {dagbag.py:540} INFO - Filling up the DagBag from /home/airflow/.local/lib/python3.12/site-packages/airflow/example_dags/example_branch_labels.py
[2024-05-05T15:44:49.466+0000] {processor.py:840} INFO - DAG(s) 'example_branch_labels' retrieved from /home/airflow/.local/lib/python3.12/site-packages/airflow/example_dags/example_branch_labels.py
[2024-05-05T15:44:49.492+0000] {logging_mixin.py:188} INFO - [2024-05-05T15:44:49.491+0000] {dag.py:3096} INFO - Sync 1 DAGs
[2024-05-05T15:44:49.518+0000] {logging_mixin.py:188} INFO - [2024-05-05T15:44:49.518+0000] {dag.py:3954} INFO - Setting next_dagrun for example_branch_labels to 2024-05-04 00:00:00+00:00, run_after=2024-05-05 00:00:00+00:00
[2024-05-05T15:44:49.542+0000] {processor.py:183} INFO - Processing /home/airflow/.local/lib/python3.12/site-packages/airflow/example_dags/example_branch_labels.py took 0.097 seconds
[2024-05-05T15:45:19.939+0000] {processor.py:161} INFO - Started process (PID=1410) to work on /home/airflow/.local/lib/python3.12/site-packages/airflow/example_dags/example_branch_labels.py
[2024-05-05T15:45:19.940+0000] {processor.py:830} INFO - Processing file /home/airflow/.local/lib/python3.12/site-packages/airflow/example_dags/example_branch_labels.py for tasks to queue
[2024-05-05T15:45:19.942+0000] {logging_mixin.py:188} INFO - [2024-05-05T15:45:19.941+0000] {dagbag.py:540} INFO - Filling up the DagBag from /home/airflow/.local/lib/python3.12/site-packages/airflow/example_dags/example_branch_labels.py
[2024-05-05T15:45:19.951+0000] {processor.py:840} INFO - DAG(s) 'example_branch_labels' retrieved from /home/airflow/.local/lib/python3.12/site-packages/airflow/example_dags/example_branch_labels.py
[2024-05-05T15:45:19.986+0000] {logging_mixin.py:188} INFO - [2024-05-05T15:45:19.985+0000] {dag.py:3096} INFO - Sync 1 DAGs
[2024-05-05T15:45:20.013+0000] {logging_mixin.py:188} INFO - [2024-05-05T15:45:20.012+0000] {dag.py:3954} INFO - Setting next_dagrun for example_branch_labels to 2024-05-04 00:00:00+00:00, run_after=2024-05-05 00:00:00+00:00
[2024-05-05T15:45:20.038+0000] {processor.py:183} INFO - Processing /home/airflow/.local/lib/python3.12/site-packages/airflow/example_dags/example_branch_labels.py took 0.105 seconds
[2024-05-05T15:45:50.410+0000] {processor.py:161} INFO - Started process (PID=1468) to work on /home/airflow/.local/lib/python3.12/site-packages/airflow/example_dags/example_branch_labels.py
[2024-05-05T15:45:50.411+0000] {processor.py:830} INFO - Processing file /home/airflow/.local/lib/python3.12/site-packages/airflow/example_dags/example_branch_labels.py for tasks to queue
[2024-05-05T15:45:50.412+0000] {logging_mixin.py:188} INFO - [2024-05-05T15:45:50.412+0000] {dagbag.py:540} INFO - Filling up the DagBag from /home/airflow/.local/lib/python3.12/site-packages/airflow/example_dags/example_branch_labels.py
[2024-05-05T15:45:50.421+0000] {processor.py:840} INFO - DAG(s) 'example_branch_labels' retrieved from /home/airflow/.local/lib/python3.12/site-packages/airflow/example_dags/example_branch_labels.py
[2024-05-05T15:45:50.445+0000] {logging_mixin.py:188} INFO - [2024-05-05T15:45:50.444+0000] {dag.py:3096} INFO - Sync 1 DAGs
[2024-05-05T15:45:50.485+0000] {logging_mixin.py:188} INFO - [2024-05-05T15:45:50.485+0000] {dag.py:3954} INFO - Setting next_dagrun for example_branch_labels to 2024-05-04 00:00:00+00:00, run_after=2024-05-05 00:00:00+00:00
[2024-05-05T15:45:50.516+0000] {processor.py:183} INFO - Processing /home/airflow/.local/lib/python3.12/site-packages/airflow/example_dags/example_branch_labels.py took 0.112 seconds
[2024-05-05T15:46:21.815+0000] {processor.py:161} INFO - Started process (PID=1532) to work on /home/airflow/.local/lib/python3.12/site-packages/airflow/example_dags/example_branch_labels.py
[2024-05-05T15:46:21.844+0000] {processor.py:830} INFO - Processing file /home/airflow/.local/lib/python3.12/site-packages/airflow/example_dags/example_branch_labels.py for tasks to queue
[2024-05-05T15:46:21.875+0000] {logging_mixin.py:188} INFO - [2024-05-05T15:46:21.874+0000] {dagbag.py:540} INFO - Filling up the DagBag from /home/airflow/.local/lib/python3.12/site-packages/airflow/example_dags/example_branch_labels.py
[2024-05-05T15:46:21.948+0000] {processor.py:840} INFO - DAG(s) 'example_branch_labels' retrieved from /home/airflow/.local/lib/python3.12/site-packages/airflow/example_dags/example_branch_labels.py
[2024-05-05T15:46:22.017+0000] {logging_mixin.py:188} INFO - [2024-05-05T15:46:22.016+0000] {dag.py:3096} INFO - Sync 1 DAGs
[2024-05-05T15:46:22.116+0000] {logging_mixin.py:188} INFO - [2024-05-05T15:46:22.116+0000] {dag.py:3954} INFO - Setting next_dagrun for example_branch_labels to 2024-05-04 00:00:00+00:00, run_after=2024-05-05 00:00:00+00:00
[2024-05-05T15:46:22.193+0000] {processor.py:183} INFO - Processing /home/airflow/.local/lib/python3.12/site-packages/airflow/example_dags/example_branch_labels.py took 0.446 seconds
[2024-05-05T15:46:52.395+0000] {processor.py:161} INFO - Started process (PID=1589) to work on /home/airflow/.local/lib/python3.12/site-packages/airflow/example_dags/example_branch_labels.py
[2024-05-05T15:46:52.404+0000] {processor.py:830} INFO - Processing file /home/airflow/.local/lib/python3.12/site-packages/airflow/example_dags/example_branch_labels.py for tasks to queue
[2024-05-05T15:46:52.406+0000] {logging_mixin.py:188} INFO - [2024-05-05T15:46:52.405+0000] {dagbag.py:540} INFO - Filling up the DagBag from /home/airflow/.local/lib/python3.12/site-packages/airflow/example_dags/example_branch_labels.py
[2024-05-05T15:46:52.425+0000] {processor.py:840} INFO - DAG(s) 'example_branch_labels' retrieved from /home/airflow/.local/lib/python3.12/site-packages/airflow/example_dags/example_branch_labels.py
[2024-05-05T15:46:52.452+0000] {logging_mixin.py:188} INFO - [2024-05-05T15:46:52.452+0000] {dag.py:3096} INFO - Sync 1 DAGs
[2024-05-05T15:46:52.484+0000] {logging_mixin.py:188} INFO - [2024-05-05T15:46:52.484+0000] {dag.py:3954} INFO - Setting next_dagrun for example_branch_labels to 2024-05-04 00:00:00+00:00, run_after=2024-05-05 00:00:00+00:00
[2024-05-05T15:46:52.513+0000] {processor.py:183} INFO - Processing /home/airflow/.local/lib/python3.12/site-packages/airflow/example_dags/example_branch_labels.py took 0.138 seconds
[2024-05-05T15:47:22.676+0000] {processor.py:161} INFO - Started process (PID=1647) to work on /home/airflow/.local/lib/python3.12/site-packages/airflow/example_dags/example_branch_labels.py
[2024-05-05T15:47:22.677+0000] {processor.py:830} INFO - Processing file /home/airflow/.local/lib/python3.12/site-packages/airflow/example_dags/example_branch_labels.py for tasks to queue
[2024-05-05T15:47:22.679+0000] {logging_mixin.py:188} INFO - [2024-05-05T15:47:22.679+0000] {dagbag.py:540} INFO - Filling up the DagBag from /home/airflow/.local/lib/python3.12/site-packages/airflow/example_dags/example_branch_labels.py
[2024-05-05T15:47:22.713+0000] {processor.py:840} INFO - DAG(s) 'example_branch_labels' retrieved from /home/airflow/.local/lib/python3.12/site-packages/airflow/example_dags/example_branch_labels.py
[2024-05-05T15:47:22.747+0000] {logging_mixin.py:188} INFO - [2024-05-05T15:47:22.747+0000] {dag.py:3096} INFO - Sync 1 DAGs
[2024-05-05T15:47:22.774+0000] {logging_mixin.py:188} INFO - [2024-05-05T15:47:22.774+0000] {dag.py:3954} INFO - Setting next_dagrun for example_branch_labels to 2024-05-04 00:00:00+00:00, run_after=2024-05-05 00:00:00+00:00
[2024-05-05T15:47:22.799+0000] {processor.py:183} INFO - Processing /home/airflow/.local/lib/python3.12/site-packages/airflow/example_dags/example_branch_labels.py took 0.130 seconds
[2024-05-05T15:47:53.525+0000] {processor.py:161} INFO - Started process (PID=1706) to work on /home/airflow/.local/lib/python3.12/site-packages/airflow/example_dags/example_branch_labels.py
[2024-05-05T15:47:53.526+0000] {processor.py:830} INFO - Processing file /home/airflow/.local/lib/python3.12/site-packages/airflow/example_dags/example_branch_labels.py for tasks to queue
[2024-05-05T15:47:53.528+0000] {logging_mixin.py:188} INFO - [2024-05-05T15:47:53.528+0000] {dagbag.py:540} INFO - Filling up the DagBag from /home/airflow/.local/lib/python3.12/site-packages/airflow/example_dags/example_branch_labels.py
[2024-05-05T15:47:53.540+0000] {processor.py:840} INFO - DAG(s) 'example_branch_labels' retrieved from /home/airflow/.local/lib/python3.12/site-packages/airflow/example_dags/example_branch_labels.py
[2024-05-05T15:47:53.571+0000] {logging_mixin.py:188} INFO - [2024-05-05T15:47:53.570+0000] {dag.py:3096} INFO - Sync 1 DAGs
[2024-05-05T15:47:53.604+0000] {logging_mixin.py:188} INFO - [2024-05-05T15:47:53.604+0000] {dag.py:3954} INFO - Setting next_dagrun for example_branch_labels to 2024-05-04 00:00:00+00:00, run_after=2024-05-05 00:00:00+00:00
[2024-05-05T15:47:53.667+0000] {processor.py:183} INFO - Processing /home/airflow/.local/lib/python3.12/site-packages/airflow/example_dags/example_branch_labels.py took 0.149 seconds
[2024-05-05T15:48:24.752+0000] {processor.py:161} INFO - Started process (PID=1765) to work on /home/airflow/.local/lib/python3.12/site-packages/airflow/example_dags/example_branch_labels.py
[2024-05-05T15:48:24.753+0000] {processor.py:830} INFO - Processing file /home/airflow/.local/lib/python3.12/site-packages/airflow/example_dags/example_branch_labels.py for tasks to queue
[2024-05-05T15:48:24.755+0000] {logging_mixin.py:188} INFO - [2024-05-05T15:48:24.754+0000] {dagbag.py:540} INFO - Filling up the DagBag from /home/airflow/.local/lib/python3.12/site-packages/airflow/example_dags/example_branch_labels.py
[2024-05-05T15:48:24.764+0000] {processor.py:840} INFO - DAG(s) 'example_branch_labels' retrieved from /home/airflow/.local/lib/python3.12/site-packages/airflow/example_dags/example_branch_labels.py
[2024-05-05T15:48:24.850+0000] {logging_mixin.py:188} INFO - [2024-05-05T15:48:24.849+0000] {dag.py:3096} INFO - Sync 1 DAGs
[2024-05-05T15:48:24.900+0000] {logging_mixin.py:188} INFO - [2024-05-05T15:48:24.900+0000] {dag.py:3954} INFO - Setting next_dagrun for example_branch_labels to 2024-05-04 00:00:00+00:00, run_after=2024-05-05 00:00:00+00:00
[2024-05-05T15:48:24.953+0000] {processor.py:183} INFO - Processing /home/airflow/.local/lib/python3.12/site-packages/airflow/example_dags/example_branch_labels.py took 0.210 seconds
[2024-05-05T15:48:55.009+0000] {processor.py:161} INFO - Started process (PID=1824) to work on /home/airflow/.local/lib/python3.12/site-packages/airflow/example_dags/example_branch_labels.py
[2024-05-05T15:48:55.009+0000] {processor.py:830} INFO - Processing file /home/airflow/.local/lib/python3.12/site-packages/airflow/example_dags/example_branch_labels.py for tasks to queue
[2024-05-05T15:48:55.011+0000] {logging_mixin.py:188} INFO - [2024-05-05T15:48:55.011+0000] {dagbag.py:540} INFO - Filling up the DagBag from /home/airflow/.local/lib/python3.12/site-packages/airflow/example_dags/example_branch_labels.py
[2024-05-05T15:48:55.020+0000] {processor.py:840} INFO - DAG(s) 'example_branch_labels' retrieved from /home/airflow/.local/lib/python3.12/site-packages/airflow/example_dags/example_branch_labels.py
[2024-05-05T15:48:55.044+0000] {logging_mixin.py:188} INFO - [2024-05-05T15:48:55.043+0000] {dag.py:3096} INFO - Sync 1 DAGs
[2024-05-05T15:48:55.070+0000] {logging_mixin.py:188} INFO - [2024-05-05T15:48:55.070+0000] {dag.py:3954} INFO - Setting next_dagrun for example_branch_labels to 2024-05-04 00:00:00+00:00, run_after=2024-05-05 00:00:00+00:00
[2024-05-05T15:48:55.089+0000] {processor.py:183} INFO - Processing /home/airflow/.local/lib/python3.12/site-packages/airflow/example_dags/example_branch_labels.py took 0.087 seconds
[2024-05-05T15:49:25.874+0000] {processor.py:161} INFO - Started process (PID=1883) to work on /home/airflow/.local/lib/python3.12/site-packages/airflow/example_dags/example_branch_labels.py
[2024-05-05T15:49:25.875+0000] {processor.py:830} INFO - Processing file /home/airflow/.local/lib/python3.12/site-packages/airflow/example_dags/example_branch_labels.py for tasks to queue
[2024-05-05T15:49:25.876+0000] {logging_mixin.py:188} INFO - [2024-05-05T15:49:25.876+0000] {dagbag.py:540} INFO - Filling up the DagBag from /home/airflow/.local/lib/python3.12/site-packages/airflow/example_dags/example_branch_labels.py
[2024-05-05T15:49:25.885+0000] {processor.py:840} INFO - DAG(s) 'example_branch_labels' retrieved from /home/airflow/.local/lib/python3.12/site-packages/airflow/example_dags/example_branch_labels.py
[2024-05-05T15:49:25.908+0000] {logging_mixin.py:188} INFO - [2024-05-05T15:49:25.907+0000] {dag.py:3096} INFO - Sync 1 DAGs
[2024-05-05T15:49:25.934+0000] {logging_mixin.py:188} INFO - [2024-05-05T15:49:25.934+0000] {dag.py:3954} INFO - Setting next_dagrun for example_branch_labels to 2024-05-04 00:00:00+00:00, run_after=2024-05-05 00:00:00+00:00
[2024-05-05T15:49:25.953+0000] {processor.py:183} INFO - Processing /home/airflow/.local/lib/python3.12/site-packages/airflow/example_dags/example_branch_labels.py took 0.087 seconds
[2024-05-05T15:49:56.476+0000] {processor.py:161} INFO - Started process (PID=1942) to work on /home/airflow/.local/lib/python3.12/site-packages/airflow/example_dags/example_branch_labels.py
[2024-05-05T15:49:56.476+0000] {processor.py:830} INFO - Processing file /home/airflow/.local/lib/python3.12/site-packages/airflow/example_dags/example_branch_labels.py for tasks to queue
[2024-05-05T15:49:56.478+0000] {logging_mixin.py:188} INFO - [2024-05-05T15:49:56.478+0000] {dagbag.py:540} INFO - Filling up the DagBag from /home/airflow/.local/lib/python3.12/site-packages/airflow/example_dags/example_branch_labels.py
[2024-05-05T15:49:56.490+0000] {processor.py:840} INFO - DAG(s) 'example_branch_labels' retrieved from /home/airflow/.local/lib/python3.12/site-packages/airflow/example_dags/example_branch_labels.py
[2024-05-05T15:49:56.514+0000] {logging_mixin.py:188} INFO - [2024-05-05T15:49:56.513+0000] {dag.py:3096} INFO - Sync 1 DAGs
[2024-05-05T15:49:56.535+0000] {logging_mixin.py:188} INFO - [2024-05-05T15:49:56.535+0000] {dag.py:3954} INFO - Setting next_dagrun for example_branch_labels to 2024-05-04 00:00:00+00:00, run_after=2024-05-05 00:00:00+00:00
[2024-05-05T15:49:56.553+0000] {processor.py:183} INFO - Processing /home/airflow/.local/lib/python3.12/site-packages/airflow/example_dags/example_branch_labels.py took 0.085 seconds
[2024-05-05T15:50:27.148+0000] {processor.py:161} INFO - Started process (PID=2001) to work on /home/airflow/.local/lib/python3.12/site-packages/airflow/example_dags/example_branch_labels.py
[2024-05-05T15:50:27.149+0000] {processor.py:830} INFO - Processing file /home/airflow/.local/lib/python3.12/site-packages/airflow/example_dags/example_branch_labels.py for tasks to queue
[2024-05-05T15:50:27.151+0000] {logging_mixin.py:188} INFO - [2024-05-05T15:50:27.150+0000] {dagbag.py:540} INFO - Filling up the DagBag from /home/airflow/.local/lib/python3.12/site-packages/airflow/example_dags/example_branch_labels.py
[2024-05-05T15:50:27.159+0000] {processor.py:840} INFO - DAG(s) 'example_branch_labels' retrieved from /home/airflow/.local/lib/python3.12/site-packages/airflow/example_dags/example_branch_labels.py
[2024-05-05T15:50:27.181+0000] {logging_mixin.py:188} INFO - [2024-05-05T15:50:27.181+0000] {dag.py:3096} INFO - Sync 1 DAGs
[2024-05-05T15:50:27.209+0000] {logging_mixin.py:188} INFO - [2024-05-05T15:50:27.208+0000] {dag.py:3954} INFO - Setting next_dagrun for example_branch_labels to 2024-05-04 00:00:00+00:00, run_after=2024-05-05 00:00:00+00:00
[2024-05-05T15:50:27.231+0000] {processor.py:183} INFO - Processing /home/airflow/.local/lib/python3.12/site-packages/airflow/example_dags/example_branch_labels.py took 0.090 seconds
[2024-05-05T15:50:58.639+0000] {processor.py:161} INFO - Started process (PID=2059) to work on /home/airflow/.local/lib/python3.12/site-packages/airflow/example_dags/example_branch_labels.py
[2024-05-05T15:50:58.641+0000] {processor.py:830} INFO - Processing file /home/airflow/.local/lib/python3.12/site-packages/airflow/example_dags/example_branch_labels.py for tasks to queue
[2024-05-05T15:50:58.643+0000] {logging_mixin.py:188} INFO - [2024-05-05T15:50:58.643+0000] {dagbag.py:540} INFO - Filling up the DagBag from /home/airflow/.local/lib/python3.12/site-packages/airflow/example_dags/example_branch_labels.py
[2024-05-05T15:50:58.655+0000] {processor.py:840} INFO - DAG(s) 'example_branch_labels' retrieved from /home/airflow/.local/lib/python3.12/site-packages/airflow/example_dags/example_branch_labels.py
[2024-05-05T15:50:58.681+0000] {logging_mixin.py:188} INFO - [2024-05-05T15:50:58.681+0000] {dag.py:3096} INFO - Sync 1 DAGs
[2024-05-05T15:50:58.711+0000] {logging_mixin.py:188} INFO - [2024-05-05T15:50:58.711+0000] {dag.py:3954} INFO - Setting next_dagrun for example_branch_labels to 2024-05-04 00:00:00+00:00, run_after=2024-05-05 00:00:00+00:00
[2024-05-05T15:50:58.736+0000] {processor.py:183} INFO - Processing /home/airflow/.local/lib/python3.12/site-packages/airflow/example_dags/example_branch_labels.py took 0.112 seconds
[2024-05-05T15:51:29.943+0000] {processor.py:161} INFO - Started process (PID=2119) to work on /home/airflow/.local/lib/python3.12/site-packages/airflow/example_dags/example_branch_labels.py
[2024-05-05T15:51:29.964+0000] {processor.py:830} INFO - Processing file /home/airflow/.local/lib/python3.12/site-packages/airflow/example_dags/example_branch_labels.py for tasks to queue
[2024-05-05T15:51:29.969+0000] {logging_mixin.py:188} INFO - [2024-05-05T15:51:29.969+0000] {dagbag.py:540} INFO - Filling up the DagBag from /home/airflow/.local/lib/python3.12/site-packages/airflow/example_dags/example_branch_labels.py
[2024-05-05T15:51:30.039+0000] {processor.py:840} INFO - DAG(s) 'example_branch_labels' retrieved from /home/airflow/.local/lib/python3.12/site-packages/airflow/example_dags/example_branch_labels.py
[2024-05-05T15:51:30.168+0000] {logging_mixin.py:188} INFO - [2024-05-05T15:51:30.168+0000] {dag.py:3096} INFO - Sync 1 DAGs
[2024-05-05T15:51:30.278+0000] {logging_mixin.py:188} INFO - [2024-05-05T15:51:30.278+0000] {dag.py:3954} INFO - Setting next_dagrun for example_branch_labels to 2024-05-04 00:00:00+00:00, run_after=2024-05-05 00:00:00+00:00
[2024-05-05T15:51:30.385+0000] {processor.py:183} INFO - Processing /home/airflow/.local/lib/python3.12/site-packages/airflow/example_dags/example_branch_labels.py took 0.479 seconds
[2024-05-05T15:52:01.171+0000] {processor.py:161} INFO - Started process (PID=2179) to work on /home/airflow/.local/lib/python3.12/site-packages/airflow/example_dags/example_branch_labels.py
[2024-05-05T15:52:01.172+0000] {processor.py:830} INFO - Processing file /home/airflow/.local/lib/python3.12/site-packages/airflow/example_dags/example_branch_labels.py for tasks to queue
[2024-05-05T15:52:01.174+0000] {logging_mixin.py:188} INFO - [2024-05-05T15:52:01.173+0000] {dagbag.py:540} INFO - Filling up the DagBag from /home/airflow/.local/lib/python3.12/site-packages/airflow/example_dags/example_branch_labels.py
[2024-05-05T15:52:01.183+0000] {processor.py:840} INFO - DAG(s) 'example_branch_labels' retrieved from /home/airflow/.local/lib/python3.12/site-packages/airflow/example_dags/example_branch_labels.py
[2024-05-05T15:52:01.207+0000] {logging_mixin.py:188} INFO - [2024-05-05T15:52:01.207+0000] {dag.py:3096} INFO - Sync 1 DAGs
[2024-05-05T15:52:01.231+0000] {logging_mixin.py:188} INFO - [2024-05-05T15:52:01.231+0000] {dag.py:3954} INFO - Setting next_dagrun for example_branch_labels to 2024-05-04 00:00:00+00:00, run_after=2024-05-05 00:00:00+00:00
[2024-05-05T15:52:01.273+0000] {processor.py:183} INFO - Processing /home/airflow/.local/lib/python3.12/site-packages/airflow/example_dags/example_branch_labels.py took 0.108 seconds
[2024-05-05T15:52:31.647+0000] {processor.py:161} INFO - Started process (PID=2238) to work on /home/airflow/.local/lib/python3.12/site-packages/airflow/example_dags/example_branch_labels.py
[2024-05-05T15:52:31.649+0000] {processor.py:830} INFO - Processing file /home/airflow/.local/lib/python3.12/site-packages/airflow/example_dags/example_branch_labels.py for tasks to queue
[2024-05-05T15:52:31.651+0000] {logging_mixin.py:188} INFO - [2024-05-05T15:52:31.651+0000] {dagbag.py:540} INFO - Filling up the DagBag from /home/airflow/.local/lib/python3.12/site-packages/airflow/example_dags/example_branch_labels.py
[2024-05-05T15:52:31.661+0000] {processor.py:840} INFO - DAG(s) 'example_branch_labels' retrieved from /home/airflow/.local/lib/python3.12/site-packages/airflow/example_dags/example_branch_labels.py
[2024-05-05T15:52:31.686+0000] {logging_mixin.py:188} INFO - [2024-05-05T15:52:31.686+0000] {dag.py:3096} INFO - Sync 1 DAGs
[2024-05-05T15:52:31.727+0000] {logging_mixin.py:188} INFO - [2024-05-05T15:52:31.727+0000] {dag.py:3954} INFO - Setting next_dagrun for example_branch_labels to 2024-05-04 00:00:00+00:00, run_after=2024-05-05 00:00:00+00:00
[2024-05-05T15:52:31.753+0000] {processor.py:183} INFO - Processing /home/airflow/.local/lib/python3.12/site-packages/airflow/example_dags/example_branch_labels.py took 0.112 seconds
[2024-05-05T15:53:02.318+0000] {processor.py:161} INFO - Started process (PID=2297) to work on /home/airflow/.local/lib/python3.12/site-packages/airflow/example_dags/example_branch_labels.py
[2024-05-05T15:53:02.318+0000] {processor.py:830} INFO - Processing file /home/airflow/.local/lib/python3.12/site-packages/airflow/example_dags/example_branch_labels.py for tasks to queue
[2024-05-05T15:53:02.320+0000] {logging_mixin.py:188} INFO - [2024-05-05T15:53:02.320+0000] {dagbag.py:540} INFO - Filling up the DagBag from /home/airflow/.local/lib/python3.12/site-packages/airflow/example_dags/example_branch_labels.py
[2024-05-05T15:53:02.332+0000] {processor.py:840} INFO - DAG(s) 'example_branch_labels' retrieved from /home/airflow/.local/lib/python3.12/site-packages/airflow/example_dags/example_branch_labels.py
[2024-05-05T15:53:02.357+0000] {logging_mixin.py:188} INFO - [2024-05-05T15:53:02.357+0000] {dag.py:3096} INFO - Sync 1 DAGs
[2024-05-05T15:53:02.382+0000] {logging_mixin.py:188} INFO - [2024-05-05T15:53:02.382+0000] {dag.py:3954} INFO - Setting next_dagrun for example_branch_labels to 2024-05-04 00:00:00+00:00, run_after=2024-05-05 00:00:00+00:00
[2024-05-05T15:53:02.408+0000] {processor.py:183} INFO - Processing /home/airflow/.local/lib/python3.12/site-packages/airflow/example_dags/example_branch_labels.py took 0.098 seconds
[2024-05-05T15:53:32.643+0000] {processor.py:161} INFO - Started process (PID=2357) to work on /home/airflow/.local/lib/python3.12/site-packages/airflow/example_dags/example_branch_labels.py
[2024-05-05T15:53:32.644+0000] {processor.py:830} INFO - Processing file /home/airflow/.local/lib/python3.12/site-packages/airflow/example_dags/example_branch_labels.py for tasks to queue
[2024-05-05T15:53:32.646+0000] {logging_mixin.py:188} INFO - [2024-05-05T15:53:32.646+0000] {dagbag.py:540} INFO - Filling up the DagBag from /home/airflow/.local/lib/python3.12/site-packages/airflow/example_dags/example_branch_labels.py
[2024-05-05T15:53:32.731+0000] {processor.py:840} INFO - DAG(s) 'example_branch_labels' retrieved from /home/airflow/.local/lib/python3.12/site-packages/airflow/example_dags/example_branch_labels.py
[2024-05-05T15:53:32.841+0000] {logging_mixin.py:188} INFO - [2024-05-05T15:53:32.841+0000] {dag.py:3096} INFO - Sync 1 DAGs
[2024-05-05T15:53:32.882+0000] {logging_mixin.py:188} INFO - [2024-05-05T15:53:32.882+0000] {dag.py:3954} INFO - Setting next_dagrun for example_branch_labels to 2024-05-04 00:00:00+00:00, run_after=2024-05-05 00:00:00+00:00
[2024-05-05T15:53:32.931+0000] {processor.py:183} INFO - Processing /home/airflow/.local/lib/python3.12/site-packages/airflow/example_dags/example_branch_labels.py took 0.309 seconds
[2024-05-05T15:54:03.513+0000] {processor.py:161} INFO - Started process (PID=2417) to work on /home/airflow/.local/lib/python3.12/site-packages/airflow/example_dags/example_branch_labels.py
[2024-05-05T15:54:03.517+0000] {processor.py:830} INFO - Processing file /home/airflow/.local/lib/python3.12/site-packages/airflow/example_dags/example_branch_labels.py for tasks to queue
[2024-05-05T15:54:03.520+0000] {logging_mixin.py:188} INFO - [2024-05-05T15:54:03.519+0000] {dagbag.py:540} INFO - Filling up the DagBag from /home/airflow/.local/lib/python3.12/site-packages/airflow/example_dags/example_branch_labels.py
[2024-05-05T15:54:03.531+0000] {processor.py:840} INFO - DAG(s) 'example_branch_labels' retrieved from /home/airflow/.local/lib/python3.12/site-packages/airflow/example_dags/example_branch_labels.py
[2024-05-05T15:54:03.556+0000] {logging_mixin.py:188} INFO - [2024-05-05T15:54:03.555+0000] {dag.py:3096} INFO - Sync 1 DAGs
[2024-05-05T15:54:03.585+0000] {logging_mixin.py:188} INFO - [2024-05-05T15:54:03.585+0000] {dag.py:3954} INFO - Setting next_dagrun for example_branch_labels to 2024-05-04 00:00:00+00:00, run_after=2024-05-05 00:00:00+00:00
[2024-05-05T15:54:03.609+0000] {processor.py:183} INFO - Processing /home/airflow/.local/lib/python3.12/site-packages/airflow/example_dags/example_branch_labels.py took 0.103 seconds
[2024-05-05T15:54:33.867+0000] {processor.py:161} INFO - Started process (PID=2477) to work on /home/airflow/.local/lib/python3.12/site-packages/airflow/example_dags/example_branch_labels.py
[2024-05-05T15:54:33.880+0000] {processor.py:830} INFO - Processing file /home/airflow/.local/lib/python3.12/site-packages/airflow/example_dags/example_branch_labels.py for tasks to queue
[2024-05-05T15:54:33.882+0000] {logging_mixin.py:188} INFO - [2024-05-05T15:54:33.882+0000] {dagbag.py:540} INFO - Filling up the DagBag from /home/airflow/.local/lib/python3.12/site-packages/airflow/example_dags/example_branch_labels.py
[2024-05-05T15:54:33.899+0000] {processor.py:840} INFO - DAG(s) 'example_branch_labels' retrieved from /home/airflow/.local/lib/python3.12/site-packages/airflow/example_dags/example_branch_labels.py
[2024-05-05T15:54:33.988+0000] {logging_mixin.py:188} INFO - [2024-05-05T15:54:33.988+0000] {dag.py:3096} INFO - Sync 1 DAGs
[2024-05-05T15:54:34.107+0000] {logging_mixin.py:188} INFO - [2024-05-05T15:54:34.106+0000] {dag.py:3954} INFO - Setting next_dagrun for example_branch_labels to 2024-05-04 00:00:00+00:00, run_after=2024-05-05 00:00:00+00:00
[2024-05-05T15:54:34.184+0000] {processor.py:183} INFO - Processing /home/airflow/.local/lib/python3.12/site-packages/airflow/example_dags/example_branch_labels.py took 0.341 seconds
[2024-05-05T15:55:04.428+0000] {processor.py:161} INFO - Started process (PID=2537) to work on /home/airflow/.local/lib/python3.12/site-packages/airflow/example_dags/example_branch_labels.py
[2024-05-05T15:55:04.429+0000] {processor.py:830} INFO - Processing file /home/airflow/.local/lib/python3.12/site-packages/airflow/example_dags/example_branch_labels.py for tasks to queue
[2024-05-05T15:55:04.431+0000] {logging_mixin.py:188} INFO - [2024-05-05T15:55:04.430+0000] {dagbag.py:540} INFO - Filling up the DagBag from /home/airflow/.local/lib/python3.12/site-packages/airflow/example_dags/example_branch_labels.py
[2024-05-05T15:55:04.463+0000] {processor.py:840} INFO - DAG(s) 'example_branch_labels' retrieved from /home/airflow/.local/lib/python3.12/site-packages/airflow/example_dags/example_branch_labels.py
[2024-05-05T15:55:04.543+0000] {logging_mixin.py:188} INFO - [2024-05-05T15:55:04.543+0000] {dag.py:3096} INFO - Sync 1 DAGs
[2024-05-05T15:55:04.582+0000] {logging_mixin.py:188} INFO - [2024-05-05T15:55:04.582+0000] {dag.py:3954} INFO - Setting next_dagrun for example_branch_labels to 2024-05-04 00:00:00+00:00, run_after=2024-05-05 00:00:00+00:00
[2024-05-05T15:55:04.633+0000] {processor.py:183} INFO - Processing /home/airflow/.local/lib/python3.12/site-packages/airflow/example_dags/example_branch_labels.py took 0.222 seconds
[2024-05-05T15:55:35.478+0000] {processor.py:161} INFO - Started process (PID=2597) to work on /home/airflow/.local/lib/python3.12/site-packages/airflow/example_dags/example_branch_labels.py
[2024-05-05T15:55:35.479+0000] {processor.py:830} INFO - Processing file /home/airflow/.local/lib/python3.12/site-packages/airflow/example_dags/example_branch_labels.py for tasks to queue
[2024-05-05T15:55:35.480+0000] {logging_mixin.py:188} INFO - [2024-05-05T15:55:35.480+0000] {dagbag.py:540} INFO - Filling up the DagBag from /home/airflow/.local/lib/python3.12/site-packages/airflow/example_dags/example_branch_labels.py
[2024-05-05T15:55:35.489+0000] {processor.py:840} INFO - DAG(s) 'example_branch_labels' retrieved from /home/airflow/.local/lib/python3.12/site-packages/airflow/example_dags/example_branch_labels.py
[2024-05-05T15:55:35.513+0000] {logging_mixin.py:188} INFO - [2024-05-05T15:55:35.513+0000] {dag.py:3096} INFO - Sync 1 DAGs
[2024-05-05T15:55:35.541+0000] {logging_mixin.py:188} INFO - [2024-05-05T15:55:35.541+0000] {dag.py:3954} INFO - Setting next_dagrun for example_branch_labels to 2024-05-04 00:00:00+00:00, run_after=2024-05-05 00:00:00+00:00
[2024-05-05T15:55:35.571+0000] {processor.py:183} INFO - Processing /home/airflow/.local/lib/python3.12/site-packages/airflow/example_dags/example_branch_labels.py took 0.099 seconds
[2024-05-05T15:56:06.479+0000] {processor.py:161} INFO - Started process (PID=2657) to work on /home/airflow/.local/lib/python3.12/site-packages/airflow/example_dags/example_branch_labels.py
[2024-05-05T15:56:06.510+0000] {processor.py:830} INFO - Processing file /home/airflow/.local/lib/python3.12/site-packages/airflow/example_dags/example_branch_labels.py for tasks to queue
[2024-05-05T15:56:06.524+0000] {logging_mixin.py:188} INFO - [2024-05-05T15:56:06.511+0000] {dagbag.py:540} INFO - Filling up the DagBag from /home/airflow/.local/lib/python3.12/site-packages/airflow/example_dags/example_branch_labels.py
[2024-05-05T15:56:06.583+0000] {processor.py:840} INFO - DAG(s) 'example_branch_labels' retrieved from /home/airflow/.local/lib/python3.12/site-packages/airflow/example_dags/example_branch_labels.py
[2024-05-05T15:56:06.623+0000] {logging_mixin.py:188} INFO - [2024-05-05T15:56:06.622+0000] {dag.py:3096} INFO - Sync 1 DAGs
[2024-05-05T15:56:06.651+0000] {logging_mixin.py:188} INFO - [2024-05-05T15:56:06.650+0000] {dag.py:3954} INFO - Setting next_dagrun for example_branch_labels to 2024-05-04 00:00:00+00:00, run_after=2024-05-05 00:00:00+00:00
[2024-05-05T15:56:06.676+0000] {processor.py:183} INFO - Processing /home/airflow/.local/lib/python3.12/site-packages/airflow/example_dags/example_branch_labels.py took 0.243 seconds
[2024-05-05T15:56:37.034+0000] {processor.py:161} INFO - Started process (PID=2717) to work on /home/airflow/.local/lib/python3.12/site-packages/airflow/example_dags/example_branch_labels.py
[2024-05-05T15:56:37.035+0000] {processor.py:830} INFO - Processing file /home/airflow/.local/lib/python3.12/site-packages/airflow/example_dags/example_branch_labels.py for tasks to queue
[2024-05-05T15:56:37.037+0000] {logging_mixin.py:188} INFO - [2024-05-05T15:56:37.037+0000] {dagbag.py:540} INFO - Filling up the DagBag from /home/airflow/.local/lib/python3.12/site-packages/airflow/example_dags/example_branch_labels.py
[2024-05-05T15:56:37.046+0000] {processor.py:840} INFO - DAG(s) 'example_branch_labels' retrieved from /home/airflow/.local/lib/python3.12/site-packages/airflow/example_dags/example_branch_labels.py
[2024-05-05T15:56:37.075+0000] {logging_mixin.py:188} INFO - [2024-05-05T15:56:37.075+0000] {dag.py:3096} INFO - Sync 1 DAGs
[2024-05-05T15:56:37.104+0000] {logging_mixin.py:188} INFO - [2024-05-05T15:56:37.104+0000] {dag.py:3954} INFO - Setting next_dagrun for example_branch_labels to 2024-05-04 00:00:00+00:00, run_after=2024-05-05 00:00:00+00:00
[2024-05-05T15:56:37.130+0000] {processor.py:183} INFO - Processing /home/airflow/.local/lib/python3.12/site-packages/airflow/example_dags/example_branch_labels.py took 0.102 seconds
[2024-05-05T15:57:07.528+0000] {processor.py:161} INFO - Started process (PID=2777) to work on /home/airflow/.local/lib/python3.12/site-packages/airflow/example_dags/example_branch_labels.py
[2024-05-05T15:57:07.529+0000] {processor.py:830} INFO - Processing file /home/airflow/.local/lib/python3.12/site-packages/airflow/example_dags/example_branch_labels.py for tasks to queue
[2024-05-05T15:57:07.531+0000] {logging_mixin.py:188} INFO - [2024-05-05T15:57:07.531+0000] {dagbag.py:540} INFO - Filling up the DagBag from /home/airflow/.local/lib/python3.12/site-packages/airflow/example_dags/example_branch_labels.py
[2024-05-05T15:57:07.540+0000] {processor.py:840} INFO - DAG(s) 'example_branch_labels' retrieved from /home/airflow/.local/lib/python3.12/site-packages/airflow/example_dags/example_branch_labels.py
[2024-05-05T15:57:07.597+0000] {logging_mixin.py:188} INFO - [2024-05-05T15:57:07.596+0000] {dag.py:3096} INFO - Sync 1 DAGs
[2024-05-05T15:57:07.628+0000] {logging_mixin.py:188} INFO - [2024-05-05T15:57:07.627+0000] {dag.py:3954} INFO - Setting next_dagrun for example_branch_labels to 2024-05-04 00:00:00+00:00, run_after=2024-05-05 00:00:00+00:00
[2024-05-05T15:57:07.658+0000] {processor.py:183} INFO - Processing /home/airflow/.local/lib/python3.12/site-packages/airflow/example_dags/example_branch_labels.py took 0.135 seconds
[2024-05-05T15:57:37.943+0000] {processor.py:161} INFO - Started process (PID=2837) to work on /home/airflow/.local/lib/python3.12/site-packages/airflow/example_dags/example_branch_labels.py
[2024-05-05T15:57:37.944+0000] {processor.py:830} INFO - Processing file /home/airflow/.local/lib/python3.12/site-packages/airflow/example_dags/example_branch_labels.py for tasks to queue
[2024-05-05T15:57:37.946+0000] {logging_mixin.py:188} INFO - [2024-05-05T15:57:37.945+0000] {dagbag.py:540} INFO - Filling up the DagBag from /home/airflow/.local/lib/python3.12/site-packages/airflow/example_dags/example_branch_labels.py
[2024-05-05T15:57:37.955+0000] {processor.py:840} INFO - DAG(s) 'example_branch_labels' retrieved from /home/airflow/.local/lib/python3.12/site-packages/airflow/example_dags/example_branch_labels.py
[2024-05-05T15:57:37.978+0000] {logging_mixin.py:188} INFO - [2024-05-05T15:57:37.978+0000] {dag.py:3096} INFO - Sync 1 DAGs
[2024-05-05T15:57:38.006+0000] {logging_mixin.py:188} INFO - [2024-05-05T15:57:38.006+0000] {dag.py:3954} INFO - Setting next_dagrun for example_branch_labels to 2024-05-04 00:00:00+00:00, run_after=2024-05-05 00:00:00+00:00
[2024-05-05T15:57:38.030+0000] {processor.py:183} INFO - Processing /home/airflow/.local/lib/python3.12/site-packages/airflow/example_dags/example_branch_labels.py took 0.094 seconds
[2024-05-05T15:58:08.964+0000] {processor.py:161} INFO - Started process (PID=2897) to work on /home/airflow/.local/lib/python3.12/site-packages/airflow/example_dags/example_branch_labels.py
[2024-05-05T15:58:08.965+0000] {processor.py:830} INFO - Processing file /home/airflow/.local/lib/python3.12/site-packages/airflow/example_dags/example_branch_labels.py for tasks to queue
[2024-05-05T15:58:08.967+0000] {logging_mixin.py:188} INFO - [2024-05-05T15:58:08.966+0000] {dagbag.py:540} INFO - Filling up the DagBag from /home/airflow/.local/lib/python3.12/site-packages/airflow/example_dags/example_branch_labels.py
[2024-05-05T15:58:08.988+0000] {processor.py:840} INFO - DAG(s) 'example_branch_labels' retrieved from /home/airflow/.local/lib/python3.12/site-packages/airflow/example_dags/example_branch_labels.py
[2024-05-05T15:58:09.015+0000] {logging_mixin.py:188} INFO - [2024-05-05T15:58:09.015+0000] {dag.py:3096} INFO - Sync 1 DAGs
[2024-05-05T15:58:09.043+0000] {logging_mixin.py:188} INFO - [2024-05-05T15:58:09.042+0000] {dag.py:3954} INFO - Setting next_dagrun for example_branch_labels to 2024-05-04 00:00:00+00:00, run_after=2024-05-05 00:00:00+00:00
[2024-05-05T15:58:09.067+0000] {processor.py:183} INFO - Processing /home/airflow/.local/lib/python3.12/site-packages/airflow/example_dags/example_branch_labels.py took 0.117 seconds
[2024-05-05T15:58:41.186+0000] {processor.py:161} INFO - Started process (PID=2960) to work on /home/airflow/.local/lib/python3.12/site-packages/airflow/example_dags/example_branch_labels.py
[2024-05-05T15:58:41.192+0000] {processor.py:830} INFO - Processing file /home/airflow/.local/lib/python3.12/site-packages/airflow/example_dags/example_branch_labels.py for tasks to queue
[2024-05-05T15:58:41.194+0000] {logging_mixin.py:188} INFO - [2024-05-05T15:58:41.193+0000] {dagbag.py:540} INFO - Filling up the DagBag from /home/airflow/.local/lib/python3.12/site-packages/airflow/example_dags/example_branch_labels.py
[2024-05-05T15:58:41.244+0000] {processor.py:840} INFO - DAG(s) 'example_branch_labels' retrieved from /home/airflow/.local/lib/python3.12/site-packages/airflow/example_dags/example_branch_labels.py
[2024-05-05T15:58:41.402+0000] {logging_mixin.py:188} INFO - [2024-05-05T15:58:41.402+0000] {dag.py:3096} INFO - Sync 1 DAGs
[2024-05-05T15:58:41.571+0000] {logging_mixin.py:188} INFO - [2024-05-05T15:58:41.571+0000] {dag.py:3954} INFO - Setting next_dagrun for example_branch_labels to 2024-05-04 00:00:00+00:00, run_after=2024-05-05 00:00:00+00:00
[2024-05-05T15:58:41.782+0000] {processor.py:183} INFO - Processing /home/airflow/.local/lib/python3.12/site-packages/airflow/example_dags/example_branch_labels.py took 0.636 seconds
[2024-05-05T15:59:19.187+0000] {processor.py:161} INFO - Started process (PID=3023) to work on /home/airflow/.local/lib/python3.12/site-packages/airflow/example_dags/example_branch_labels.py
[2024-05-05T15:59:19.201+0000] {processor.py:830} INFO - Processing file /home/airflow/.local/lib/python3.12/site-packages/airflow/example_dags/example_branch_labels.py for tasks to queue
[2024-05-05T15:59:19.204+0000] {logging_mixin.py:188} INFO - [2024-05-05T15:59:19.202+0000] {dagbag.py:540} INFO - Filling up the DagBag from /home/airflow/.local/lib/python3.12/site-packages/airflow/example_dags/example_branch_labels.py
[2024-05-05T15:59:19.260+0000] {processor.py:840} INFO - DAG(s) 'example_branch_labels' retrieved from /home/airflow/.local/lib/python3.12/site-packages/airflow/example_dags/example_branch_labels.py
[2024-05-05T15:59:19.375+0000] {logging_mixin.py:188} INFO - [2024-05-05T15:59:19.374+0000] {dag.py:3096} INFO - Sync 1 DAGs
[2024-05-05T15:59:19.534+0000] {logging_mixin.py:188} INFO - [2024-05-05T15:59:19.534+0000] {dag.py:3954} INFO - Setting next_dagrun for example_branch_labels to 2024-05-04 00:00:00+00:00, run_after=2024-05-05 00:00:00+00:00
[2024-05-05T15:59:19.685+0000] {processor.py:183} INFO - Processing /home/airflow/.local/lib/python3.12/site-packages/airflow/example_dags/example_branch_labels.py took 0.521 seconds
[2024-05-05T15:59:50.165+0000] {processor.py:161} INFO - Started process (PID=3084) to work on /home/airflow/.local/lib/python3.12/site-packages/airflow/example_dags/example_branch_labels.py
[2024-05-05T15:59:50.165+0000] {processor.py:830} INFO - Processing file /home/airflow/.local/lib/python3.12/site-packages/airflow/example_dags/example_branch_labels.py for tasks to queue
[2024-05-05T15:59:50.167+0000] {logging_mixin.py:188} INFO - [2024-05-05T15:59:50.167+0000] {dagbag.py:540} INFO - Filling up the DagBag from /home/airflow/.local/lib/python3.12/site-packages/airflow/example_dags/example_branch_labels.py
[2024-05-05T15:59:50.260+0000] {processor.py:840} INFO - DAG(s) 'example_branch_labels' retrieved from /home/airflow/.local/lib/python3.12/site-packages/airflow/example_dags/example_branch_labels.py
[2024-05-05T15:59:50.427+0000] {logging_mixin.py:188} INFO - [2024-05-05T15:59:50.427+0000] {dag.py:3096} INFO - Sync 1 DAGs
[2024-05-05T15:59:50.566+0000] {logging_mixin.py:188} INFO - [2024-05-05T15:59:50.566+0000] {dag.py:3954} INFO - Setting next_dagrun for example_branch_labels to 2024-05-04 00:00:00+00:00, run_after=2024-05-05 00:00:00+00:00
[2024-05-05T15:59:50.772+0000] {processor.py:183} INFO - Processing /home/airflow/.local/lib/python3.12/site-packages/airflow/example_dags/example_branch_labels.py took 0.645 seconds
