[2024-05-05T15:33:20.544+0000] {processor.py:161} INFO - Started process (PID=49) to work on /home/airflow/.local/lib/python3.12/site-packages/airflow/example_dags/example_python_operator.py
[2024-05-05T15:33:20.545+0000] {processor.py:830} INFO - Processing file /home/airflow/.local/lib/python3.12/site-packages/airflow/example_dags/example_python_operator.py for tasks to queue
[2024-05-05T15:33:20.547+0000] {logging_mixin.py:188} INFO - [2024-05-05T15:33:20.547+0000] {dagbag.py:540} INFO - Filling up the DagBag from /home/airflow/.local/lib/python3.12/site-packages/airflow/example_dags/example_python_operator.py
[2024-05-05T15:33:20.645+0000] {processor.py:840} INFO - DAG(s) 'example_python_operator' retrieved from /home/airflow/.local/lib/python3.12/site-packages/airflow/example_dags/example_python_operator.py
[2024-05-05T15:33:21.236+0000] {logging_mixin.py:188} INFO - [2024-05-05T15:33:21.228+0000] {override.py:1829} INFO - Created Permission View: can edit on DAG:example_python_operator
[2024-05-05T15:33:21.276+0000] {logging_mixin.py:188} INFO - [2024-05-05T15:33:21.275+0000] {override.py:1829} INFO - Created Permission View: can read on DAG:example_python_operator
[2024-05-05T15:33:21.297+0000] {logging_mixin.py:188} INFO - [2024-05-05T15:33:21.297+0000] {override.py:1829} INFO - Created Permission View: can delete on DAG:example_python_operator
[2024-05-05T15:33:21.298+0000] {logging_mixin.py:188} INFO - [2024-05-05T15:33:21.298+0000] {dag.py:3096} INFO - Sync 1 DAGs
[2024-05-05T15:33:21.336+0000] {logging_mixin.py:188} INFO - [2024-05-05T15:33:21.335+0000] {dag.py:3118} INFO - Creating ORM DAG for example_python_operator
[2024-05-05T15:33:21.340+0000] {logging_mixin.py:188} INFO - [2024-05-05T15:33:21.340+0000] {dag.py:3954} INFO - Setting next_dagrun for example_python_operator to None, run_after=None
[2024-05-05T15:33:21.385+0000] {processor.py:183} INFO - Processing /home/airflow/.local/lib/python3.12/site-packages/airflow/example_dags/example_python_operator.py took 0.876 seconds
[2024-05-05T15:33:51.520+0000] {processor.py:161} INFO - Started process (PID=107) to work on /home/airflow/.local/lib/python3.12/site-packages/airflow/example_dags/example_python_operator.py
[2024-05-05T15:33:51.536+0000] {processor.py:830} INFO - Processing file /home/airflow/.local/lib/python3.12/site-packages/airflow/example_dags/example_python_operator.py for tasks to queue
[2024-05-05T15:33:51.538+0000] {logging_mixin.py:188} INFO - [2024-05-05T15:33:51.537+0000] {dagbag.py:540} INFO - Filling up the DagBag from /home/airflow/.local/lib/python3.12/site-packages/airflow/example_dags/example_python_operator.py
[2024-05-05T15:33:51.560+0000] {processor.py:840} INFO - DAG(s) 'example_python_operator' retrieved from /home/airflow/.local/lib/python3.12/site-packages/airflow/example_dags/example_python_operator.py
[2024-05-05T15:33:51.607+0000] {logging_mixin.py:188} INFO - [2024-05-05T15:33:51.606+0000] {dag.py:3096} INFO - Sync 1 DAGs
[2024-05-05T15:33:51.626+0000] {logging_mixin.py:188} INFO - [2024-05-05T15:33:51.625+0000] {dag.py:3954} INFO - Setting next_dagrun for example_python_operator to None, run_after=None
[2024-05-05T15:33:51.652+0000] {processor.py:183} INFO - Processing /home/airflow/.local/lib/python3.12/site-packages/airflow/example_dags/example_python_operator.py took 0.146 seconds
[2024-05-05T15:34:21.731+0000] {processor.py:161} INFO - Started process (PID=164) to work on /home/airflow/.local/lib/python3.12/site-packages/airflow/example_dags/example_python_operator.py
[2024-05-05T15:34:21.732+0000] {processor.py:830} INFO - Processing file /home/airflow/.local/lib/python3.12/site-packages/airflow/example_dags/example_python_operator.py for tasks to queue
[2024-05-05T15:34:21.733+0000] {logging_mixin.py:188} INFO - [2024-05-05T15:34:21.733+0000] {dagbag.py:540} INFO - Filling up the DagBag from /home/airflow/.local/lib/python3.12/site-packages/airflow/example_dags/example_python_operator.py
[2024-05-05T15:34:21.741+0000] {processor.py:840} INFO - DAG(s) 'example_python_operator' retrieved from /home/airflow/.local/lib/python3.12/site-packages/airflow/example_dags/example_python_operator.py
[2024-05-05T15:34:21.760+0000] {logging_mixin.py:188} INFO - [2024-05-05T15:34:21.760+0000] {dag.py:3096} INFO - Sync 1 DAGs
[2024-05-05T15:34:21.771+0000] {logging_mixin.py:188} INFO - [2024-05-05T15:34:21.771+0000] {dag.py:3954} INFO - Setting next_dagrun for example_python_operator to None, run_after=None
[2024-05-05T15:34:21.792+0000] {processor.py:183} INFO - Processing /home/airflow/.local/lib/python3.12/site-packages/airflow/example_dags/example_python_operator.py took 0.066 seconds
[2024-05-05T15:34:52.022+0000] {processor.py:161} INFO - Started process (PID=221) to work on /home/airflow/.local/lib/python3.12/site-packages/airflow/example_dags/example_python_operator.py
[2024-05-05T15:34:52.023+0000] {processor.py:830} INFO - Processing file /home/airflow/.local/lib/python3.12/site-packages/airflow/example_dags/example_python_operator.py for tasks to queue
[2024-05-05T15:34:52.025+0000] {logging_mixin.py:188} INFO - [2024-05-05T15:34:52.025+0000] {dagbag.py:540} INFO - Filling up the DagBag from /home/airflow/.local/lib/python3.12/site-packages/airflow/example_dags/example_python_operator.py
[2024-05-05T15:34:52.037+0000] {processor.py:840} INFO - DAG(s) 'example_python_operator' retrieved from /home/airflow/.local/lib/python3.12/site-packages/airflow/example_dags/example_python_operator.py
[2024-05-05T15:34:52.075+0000] {logging_mixin.py:188} INFO - [2024-05-05T15:34:52.075+0000] {dag.py:3096} INFO - Sync 1 DAGs
[2024-05-05T15:34:52.088+0000] {logging_mixin.py:188} INFO - [2024-05-05T15:34:52.088+0000] {dag.py:3954} INFO - Setting next_dagrun for example_python_operator to None, run_after=None
[2024-05-05T15:34:52.113+0000] {processor.py:183} INFO - Processing /home/airflow/.local/lib/python3.12/site-packages/airflow/example_dags/example_python_operator.py took 0.097 seconds
[2024-05-05T15:35:22.699+0000] {processor.py:161} INFO - Started process (PID=279) to work on /home/airflow/.local/lib/python3.12/site-packages/airflow/example_dags/example_python_operator.py
[2024-05-05T15:35:22.777+0000] {processor.py:830} INFO - Processing file /home/airflow/.local/lib/python3.12/site-packages/airflow/example_dags/example_python_operator.py for tasks to queue
[2024-05-05T15:35:22.779+0000] {logging_mixin.py:188} INFO - [2024-05-05T15:35:22.779+0000] {dagbag.py:540} INFO - Filling up the DagBag from /home/airflow/.local/lib/python3.12/site-packages/airflow/example_dags/example_python_operator.py
[2024-05-05T15:35:22.883+0000] {processor.py:840} INFO - DAG(s) 'example_python_operator' retrieved from /home/airflow/.local/lib/python3.12/site-packages/airflow/example_dags/example_python_operator.py
[2024-05-05T15:35:23.081+0000] {logging_mixin.py:188} INFO - [2024-05-05T15:35:23.080+0000] {dag.py:3096} INFO - Sync 1 DAGs
[2024-05-05T15:35:23.139+0000] {logging_mixin.py:188} INFO - [2024-05-05T15:35:23.139+0000] {dag.py:3954} INFO - Setting next_dagrun for example_python_operator to None, run_after=None
[2024-05-05T15:35:23.202+0000] {processor.py:183} INFO - Processing /home/airflow/.local/lib/python3.12/site-packages/airflow/example_dags/example_python_operator.py took 0.557 seconds
[2024-05-05T15:35:53.598+0000] {processor.py:161} INFO - Started process (PID=337) to work on /home/airflow/.local/lib/python3.12/site-packages/airflow/example_dags/example_python_operator.py
[2024-05-05T15:35:53.599+0000] {processor.py:830} INFO - Processing file /home/airflow/.local/lib/python3.12/site-packages/airflow/example_dags/example_python_operator.py for tasks to queue
[2024-05-05T15:35:53.602+0000] {logging_mixin.py:188} INFO - [2024-05-05T15:35:53.601+0000] {dagbag.py:540} INFO - Filling up the DagBag from /home/airflow/.local/lib/python3.12/site-packages/airflow/example_dags/example_python_operator.py
[2024-05-05T15:35:53.623+0000] {processor.py:840} INFO - DAG(s) 'example_python_operator' retrieved from /home/airflow/.local/lib/python3.12/site-packages/airflow/example_dags/example_python_operator.py
[2024-05-05T15:35:53.702+0000] {logging_mixin.py:188} INFO - [2024-05-05T15:35:53.701+0000] {dag.py:3096} INFO - Sync 1 DAGs
[2024-05-05T15:35:53.729+0000] {logging_mixin.py:188} INFO - [2024-05-05T15:35:53.728+0000] {dag.py:3954} INFO - Setting next_dagrun for example_python_operator to None, run_after=None
[2024-05-05T15:35:53.756+0000] {processor.py:183} INFO - Processing /home/airflow/.local/lib/python3.12/site-packages/airflow/example_dags/example_python_operator.py took 0.173 seconds
[2024-05-05T15:36:24.188+0000] {processor.py:161} INFO - Started process (PID=396) to work on /home/airflow/.local/lib/python3.12/site-packages/airflow/example_dags/example_python_operator.py
[2024-05-05T15:36:24.188+0000] {processor.py:830} INFO - Processing file /home/airflow/.local/lib/python3.12/site-packages/airflow/example_dags/example_python_operator.py for tasks to queue
[2024-05-05T15:36:24.190+0000] {logging_mixin.py:188} INFO - [2024-05-05T15:36:24.190+0000] {dagbag.py:540} INFO - Filling up the DagBag from /home/airflow/.local/lib/python3.12/site-packages/airflow/example_dags/example_python_operator.py
[2024-05-05T15:36:24.215+0000] {processor.py:840} INFO - DAG(s) 'example_python_operator' retrieved from /home/airflow/.local/lib/python3.12/site-packages/airflow/example_dags/example_python_operator.py
[2024-05-05T15:36:24.246+0000] {logging_mixin.py:188} INFO - [2024-05-05T15:36:24.246+0000] {dag.py:3096} INFO - Sync 1 DAGs
[2024-05-05T15:36:24.266+0000] {logging_mixin.py:188} INFO - [2024-05-05T15:36:24.266+0000] {dag.py:3954} INFO - Setting next_dagrun for example_python_operator to None, run_after=None
[2024-05-05T15:36:24.296+0000] {processor.py:183} INFO - Processing /home/airflow/.local/lib/python3.12/site-packages/airflow/example_dags/example_python_operator.py took 0.121 seconds
[2024-05-05T15:36:54.440+0000] {processor.py:161} INFO - Started process (PID=454) to work on /home/airflow/.local/lib/python3.12/site-packages/airflow/example_dags/example_python_operator.py
[2024-05-05T15:36:54.441+0000] {processor.py:830} INFO - Processing file /home/airflow/.local/lib/python3.12/site-packages/airflow/example_dags/example_python_operator.py for tasks to queue
[2024-05-05T15:36:54.443+0000] {logging_mixin.py:188} INFO - [2024-05-05T15:36:54.443+0000] {dagbag.py:540} INFO - Filling up the DagBag from /home/airflow/.local/lib/python3.12/site-packages/airflow/example_dags/example_python_operator.py
[2024-05-05T15:36:54.456+0000] {processor.py:840} INFO - DAG(s) 'example_python_operator' retrieved from /home/airflow/.local/lib/python3.12/site-packages/airflow/example_dags/example_python_operator.py
[2024-05-05T15:36:54.484+0000] {logging_mixin.py:188} INFO - [2024-05-05T15:36:54.484+0000] {dag.py:3096} INFO - Sync 1 DAGs
[2024-05-05T15:36:54.507+0000] {logging_mixin.py:188} INFO - [2024-05-05T15:36:54.507+0000] {dag.py:3954} INFO - Setting next_dagrun for example_python_operator to None, run_after=None
[2024-05-05T15:36:54.560+0000] {processor.py:183} INFO - Processing /home/airflow/.local/lib/python3.12/site-packages/airflow/example_dags/example_python_operator.py took 0.129 seconds
[2024-05-05T15:37:25.329+0000] {processor.py:161} INFO - Started process (PID=513) to work on /home/airflow/.local/lib/python3.12/site-packages/airflow/example_dags/example_python_operator.py
[2024-05-05T15:37:25.330+0000] {processor.py:830} INFO - Processing file /home/airflow/.local/lib/python3.12/site-packages/airflow/example_dags/example_python_operator.py for tasks to queue
[2024-05-05T15:37:25.332+0000] {logging_mixin.py:188} INFO - [2024-05-05T15:37:25.332+0000] {dagbag.py:540} INFO - Filling up the DagBag from /home/airflow/.local/lib/python3.12/site-packages/airflow/example_dags/example_python_operator.py
[2024-05-05T15:37:25.345+0000] {processor.py:840} INFO - DAG(s) 'example_python_operator' retrieved from /home/airflow/.local/lib/python3.12/site-packages/airflow/example_dags/example_python_operator.py
[2024-05-05T15:37:25.370+0000] {logging_mixin.py:188} INFO - [2024-05-05T15:37:25.370+0000] {dag.py:3096} INFO - Sync 1 DAGs
[2024-05-05T15:37:25.385+0000] {logging_mixin.py:188} INFO - [2024-05-05T15:37:25.385+0000] {dag.py:3954} INFO - Setting next_dagrun for example_python_operator to None, run_after=None
[2024-05-05T15:37:25.408+0000] {processor.py:183} INFO - Processing /home/airflow/.local/lib/python3.12/site-packages/airflow/example_dags/example_python_operator.py took 0.085 seconds
[2024-05-05T15:37:56.205+0000] {processor.py:161} INFO - Started process (PID=572) to work on /home/airflow/.local/lib/python3.12/site-packages/airflow/example_dags/example_python_operator.py
[2024-05-05T15:37:56.206+0000] {processor.py:830} INFO - Processing file /home/airflow/.local/lib/python3.12/site-packages/airflow/example_dags/example_python_operator.py for tasks to queue
[2024-05-05T15:37:56.208+0000] {logging_mixin.py:188} INFO - [2024-05-05T15:37:56.207+0000] {dagbag.py:540} INFO - Filling up the DagBag from /home/airflow/.local/lib/python3.12/site-packages/airflow/example_dags/example_python_operator.py
[2024-05-05T15:37:56.219+0000] {processor.py:840} INFO - DAG(s) 'example_python_operator' retrieved from /home/airflow/.local/lib/python3.12/site-packages/airflow/example_dags/example_python_operator.py
[2024-05-05T15:37:56.246+0000] {logging_mixin.py:188} INFO - [2024-05-05T15:37:56.246+0000] {dag.py:3096} INFO - Sync 1 DAGs
[2024-05-05T15:37:56.261+0000] {logging_mixin.py:188} INFO - [2024-05-05T15:37:56.261+0000] {dag.py:3954} INFO - Setting next_dagrun for example_python_operator to None, run_after=None
[2024-05-05T15:37:56.285+0000] {processor.py:183} INFO - Processing /home/airflow/.local/lib/python3.12/site-packages/airflow/example_dags/example_python_operator.py took 0.086 seconds
[2024-05-05T15:38:27.213+0000] {processor.py:161} INFO - Started process (PID=630) to work on /home/airflow/.local/lib/python3.12/site-packages/airflow/example_dags/example_python_operator.py
[2024-05-05T15:38:27.216+0000] {processor.py:830} INFO - Processing file /home/airflow/.local/lib/python3.12/site-packages/airflow/example_dags/example_python_operator.py for tasks to queue
[2024-05-05T15:38:27.218+0000] {logging_mixin.py:188} INFO - [2024-05-05T15:38:27.217+0000] {dagbag.py:540} INFO - Filling up the DagBag from /home/airflow/.local/lib/python3.12/site-packages/airflow/example_dags/example_python_operator.py
[2024-05-05T15:38:27.266+0000] {processor.py:840} INFO - DAG(s) 'example_python_operator' retrieved from /home/airflow/.local/lib/python3.12/site-packages/airflow/example_dags/example_python_operator.py
[2024-05-05T15:38:27.315+0000] {logging_mixin.py:188} INFO - [2024-05-05T15:38:27.314+0000] {dag.py:3096} INFO - Sync 1 DAGs
[2024-05-05T15:38:27.326+0000] {logging_mixin.py:188} INFO - [2024-05-05T15:38:27.326+0000] {dag.py:3954} INFO - Setting next_dagrun for example_python_operator to None, run_after=None
[2024-05-05T15:38:27.345+0000] {processor.py:183} INFO - Processing /home/airflow/.local/lib/python3.12/site-packages/airflow/example_dags/example_python_operator.py took 0.148 seconds
[2024-05-05T15:38:57.525+0000] {processor.py:161} INFO - Started process (PID=688) to work on /home/airflow/.local/lib/python3.12/site-packages/airflow/example_dags/example_python_operator.py
[2024-05-05T15:38:57.526+0000] {processor.py:830} INFO - Processing file /home/airflow/.local/lib/python3.12/site-packages/airflow/example_dags/example_python_operator.py for tasks to queue
[2024-05-05T15:38:57.528+0000] {logging_mixin.py:188} INFO - [2024-05-05T15:38:57.528+0000] {dagbag.py:540} INFO - Filling up the DagBag from /home/airflow/.local/lib/python3.12/site-packages/airflow/example_dags/example_python_operator.py
[2024-05-05T15:38:57.545+0000] {processor.py:840} INFO - DAG(s) 'example_python_operator' retrieved from /home/airflow/.local/lib/python3.12/site-packages/airflow/example_dags/example_python_operator.py
[2024-05-05T15:38:57.573+0000] {logging_mixin.py:188} INFO - [2024-05-05T15:38:57.573+0000] {dag.py:3096} INFO - Sync 1 DAGs
[2024-05-05T15:38:57.588+0000] {logging_mixin.py:188} INFO - [2024-05-05T15:38:57.587+0000] {dag.py:3954} INFO - Setting next_dagrun for example_python_operator to None, run_after=None
[2024-05-05T15:38:57.612+0000] {processor.py:183} INFO - Processing /home/airflow/.local/lib/python3.12/site-packages/airflow/example_dags/example_python_operator.py took 0.093 seconds
[2024-05-05T15:39:28.186+0000] {processor.py:161} INFO - Started process (PID=747) to work on /home/airflow/.local/lib/python3.12/site-packages/airflow/example_dags/example_python_operator.py
[2024-05-05T15:39:28.187+0000] {processor.py:830} INFO - Processing file /home/airflow/.local/lib/python3.12/site-packages/airflow/example_dags/example_python_operator.py for tasks to queue
[2024-05-05T15:39:28.189+0000] {logging_mixin.py:188} INFO - [2024-05-05T15:39:28.188+0000] {dagbag.py:540} INFO - Filling up the DagBag from /home/airflow/.local/lib/python3.12/site-packages/airflow/example_dags/example_python_operator.py
[2024-05-05T15:39:28.201+0000] {processor.py:840} INFO - DAG(s) 'example_python_operator' retrieved from /home/airflow/.local/lib/python3.12/site-packages/airflow/example_dags/example_python_operator.py
[2024-05-05T15:39:28.262+0000] {logging_mixin.py:188} INFO - [2024-05-05T15:39:28.261+0000] {dag.py:3096} INFO - Sync 1 DAGs
[2024-05-05T15:39:28.287+0000] {logging_mixin.py:188} INFO - [2024-05-05T15:39:28.286+0000] {dag.py:3954} INFO - Setting next_dagrun for example_python_operator to None, run_after=None
[2024-05-05T15:39:28.339+0000] {processor.py:183} INFO - Processing /home/airflow/.local/lib/python3.12/site-packages/airflow/example_dags/example_python_operator.py took 0.160 seconds
[2024-05-05T15:39:58.614+0000] {processor.py:161} INFO - Started process (PID=804) to work on /home/airflow/.local/lib/python3.12/site-packages/airflow/example_dags/example_python_operator.py
[2024-05-05T15:39:58.625+0000] {processor.py:830} INFO - Processing file /home/airflow/.local/lib/python3.12/site-packages/airflow/example_dags/example_python_operator.py for tasks to queue
[2024-05-05T15:39:58.627+0000] {logging_mixin.py:188} INFO - [2024-05-05T15:39:58.626+0000] {dagbag.py:540} INFO - Filling up the DagBag from /home/airflow/.local/lib/python3.12/site-packages/airflow/example_dags/example_python_operator.py
[2024-05-05T15:39:58.690+0000] {processor.py:840} INFO - DAG(s) 'example_python_operator' retrieved from /home/airflow/.local/lib/python3.12/site-packages/airflow/example_dags/example_python_operator.py
[2024-05-05T15:39:58.738+0000] {logging_mixin.py:188} INFO - [2024-05-05T15:39:58.738+0000] {dag.py:3096} INFO - Sync 1 DAGs
[2024-05-05T15:39:58.752+0000] {logging_mixin.py:188} INFO - [2024-05-05T15:39:58.752+0000] {dag.py:3954} INFO - Setting next_dagrun for example_python_operator to None, run_after=None
[2024-05-05T15:39:58.781+0000] {processor.py:183} INFO - Processing /home/airflow/.local/lib/python3.12/site-packages/airflow/example_dags/example_python_operator.py took 0.219 seconds
[2024-05-05T15:40:28.868+0000] {processor.py:161} INFO - Started process (PID=862) to work on /home/airflow/.local/lib/python3.12/site-packages/airflow/example_dags/example_python_operator.py
[2024-05-05T15:40:28.869+0000] {processor.py:830} INFO - Processing file /home/airflow/.local/lib/python3.12/site-packages/airflow/example_dags/example_python_operator.py for tasks to queue
[2024-05-05T15:40:28.870+0000] {logging_mixin.py:188} INFO - [2024-05-05T15:40:28.870+0000] {dagbag.py:540} INFO - Filling up the DagBag from /home/airflow/.local/lib/python3.12/site-packages/airflow/example_dags/example_python_operator.py
[2024-05-05T15:40:28.883+0000] {processor.py:840} INFO - DAG(s) 'example_python_operator' retrieved from /home/airflow/.local/lib/python3.12/site-packages/airflow/example_dags/example_python_operator.py
[2024-05-05T15:40:28.910+0000] {logging_mixin.py:188} INFO - [2024-05-05T15:40:28.909+0000] {dag.py:3096} INFO - Sync 1 DAGs
[2024-05-05T15:40:28.925+0000] {logging_mixin.py:188} INFO - [2024-05-05T15:40:28.925+0000] {dag.py:3954} INFO - Setting next_dagrun for example_python_operator to None, run_after=None
[2024-05-05T15:40:29.117+0000] {processor.py:183} INFO - Processing /home/airflow/.local/lib/python3.12/site-packages/airflow/example_dags/example_python_operator.py took 0.257 seconds
[2024-05-05T15:40:59.320+0000] {processor.py:161} INFO - Started process (PID=919) to work on /home/airflow/.local/lib/python3.12/site-packages/airflow/example_dags/example_python_operator.py
[2024-05-05T15:40:59.321+0000] {processor.py:830} INFO - Processing file /home/airflow/.local/lib/python3.12/site-packages/airflow/example_dags/example_python_operator.py for tasks to queue
[2024-05-05T15:40:59.323+0000] {logging_mixin.py:188} INFO - [2024-05-05T15:40:59.323+0000] {dagbag.py:540} INFO - Filling up the DagBag from /home/airflow/.local/lib/python3.12/site-packages/airflow/example_dags/example_python_operator.py
[2024-05-05T15:40:59.340+0000] {processor.py:840} INFO - DAG(s) 'example_python_operator' retrieved from /home/airflow/.local/lib/python3.12/site-packages/airflow/example_dags/example_python_operator.py
[2024-05-05T15:40:59.368+0000] {logging_mixin.py:188} INFO - [2024-05-05T15:40:59.368+0000] {dag.py:3096} INFO - Sync 1 DAGs
[2024-05-05T15:40:59.383+0000] {logging_mixin.py:188} INFO - [2024-05-05T15:40:59.383+0000] {dag.py:3954} INFO - Setting next_dagrun for example_python_operator to None, run_after=None
[2024-05-05T15:40:59.407+0000] {processor.py:183} INFO - Processing /home/airflow/.local/lib/python3.12/site-packages/airflow/example_dags/example_python_operator.py took 0.095 seconds
[2024-05-05T15:41:29.873+0000] {processor.py:161} INFO - Started process (PID=978) to work on /home/airflow/.local/lib/python3.12/site-packages/airflow/example_dags/example_python_operator.py
[2024-05-05T15:41:29.874+0000] {processor.py:830} INFO - Processing file /home/airflow/.local/lib/python3.12/site-packages/airflow/example_dags/example_python_operator.py for tasks to queue
[2024-05-05T15:41:29.875+0000] {logging_mixin.py:188} INFO - [2024-05-05T15:41:29.875+0000] {dagbag.py:540} INFO - Filling up the DagBag from /home/airflow/.local/lib/python3.12/site-packages/airflow/example_dags/example_python_operator.py
[2024-05-05T15:41:29.888+0000] {processor.py:840} INFO - DAG(s) 'example_python_operator' retrieved from /home/airflow/.local/lib/python3.12/site-packages/airflow/example_dags/example_python_operator.py
[2024-05-05T15:41:29.914+0000] {logging_mixin.py:188} INFO - [2024-05-05T15:41:29.914+0000] {dag.py:3096} INFO - Sync 1 DAGs
[2024-05-05T15:41:29.929+0000] {logging_mixin.py:188} INFO - [2024-05-05T15:41:29.929+0000] {dag.py:3954} INFO - Setting next_dagrun for example_python_operator to None, run_after=None
[2024-05-05T15:41:29.954+0000] {processor.py:183} INFO - Processing /home/airflow/.local/lib/python3.12/site-packages/airflow/example_dags/example_python_operator.py took 0.091 seconds
[2024-05-05T15:42:00.028+0000] {processor.py:161} INFO - Started process (PID=1037) to work on /home/airflow/.local/lib/python3.12/site-packages/airflow/example_dags/example_python_operator.py
[2024-05-05T15:42:00.030+0000] {processor.py:830} INFO - Processing file /home/airflow/.local/lib/python3.12/site-packages/airflow/example_dags/example_python_operator.py for tasks to queue
[2024-05-05T15:42:00.032+0000] {logging_mixin.py:188} INFO - [2024-05-05T15:42:00.031+0000] {dagbag.py:540} INFO - Filling up the DagBag from /home/airflow/.local/lib/python3.12/site-packages/airflow/example_dags/example_python_operator.py
[2024-05-05T15:42:00.044+0000] {processor.py:840} INFO - DAG(s) 'example_python_operator' retrieved from /home/airflow/.local/lib/python3.12/site-packages/airflow/example_dags/example_python_operator.py
[2024-05-05T15:42:00.073+0000] {logging_mixin.py:188} INFO - [2024-05-05T15:42:00.073+0000] {dag.py:3096} INFO - Sync 1 DAGs
[2024-05-05T15:42:00.089+0000] {logging_mixin.py:188} INFO - [2024-05-05T15:42:00.089+0000] {dag.py:3954} INFO - Setting next_dagrun for example_python_operator to None, run_after=None
[2024-05-05T15:42:00.112+0000] {processor.py:183} INFO - Processing /home/airflow/.local/lib/python3.12/site-packages/airflow/example_dags/example_python_operator.py took 0.091 seconds
[2024-05-05T15:42:30.497+0000] {processor.py:161} INFO - Started process (PID=1095) to work on /home/airflow/.local/lib/python3.12/site-packages/airflow/example_dags/example_python_operator.py
[2024-05-05T15:42:30.498+0000] {processor.py:830} INFO - Processing file /home/airflow/.local/lib/python3.12/site-packages/airflow/example_dags/example_python_operator.py for tasks to queue
[2024-05-05T15:42:30.499+0000] {logging_mixin.py:188} INFO - [2024-05-05T15:42:30.499+0000] {dagbag.py:540} INFO - Filling up the DagBag from /home/airflow/.local/lib/python3.12/site-packages/airflow/example_dags/example_python_operator.py
[2024-05-05T15:42:30.511+0000] {processor.py:840} INFO - DAG(s) 'example_python_operator' retrieved from /home/airflow/.local/lib/python3.12/site-packages/airflow/example_dags/example_python_operator.py
[2024-05-05T15:42:30.537+0000] {logging_mixin.py:188} INFO - [2024-05-05T15:42:30.537+0000] {dag.py:3096} INFO - Sync 1 DAGs
[2024-05-05T15:42:30.552+0000] {logging_mixin.py:188} INFO - [2024-05-05T15:42:30.552+0000] {dag.py:3954} INFO - Setting next_dagrun for example_python_operator to None, run_after=None
[2024-05-05T15:42:30.577+0000] {processor.py:183} INFO - Processing /home/airflow/.local/lib/python3.12/site-packages/airflow/example_dags/example_python_operator.py took 0.087 seconds
[2024-05-05T15:43:00.837+0000] {processor.py:161} INFO - Started process (PID=1151) to work on /home/airflow/.local/lib/python3.12/site-packages/airflow/example_dags/example_python_operator.py
[2024-05-05T15:43:00.844+0000] {processor.py:830} INFO - Processing file /home/airflow/.local/lib/python3.12/site-packages/airflow/example_dags/example_python_operator.py for tasks to queue
[2024-05-05T15:43:00.846+0000] {logging_mixin.py:188} INFO - [2024-05-05T15:43:00.845+0000] {dagbag.py:540} INFO - Filling up the DagBag from /home/airflow/.local/lib/python3.12/site-packages/airflow/example_dags/example_python_operator.py
[2024-05-05T15:43:00.925+0000] {processor.py:840} INFO - DAG(s) 'example_python_operator' retrieved from /home/airflow/.local/lib/python3.12/site-packages/airflow/example_dags/example_python_operator.py
[2024-05-05T15:43:01.003+0000] {logging_mixin.py:188} INFO - [2024-05-05T15:43:01.002+0000] {dag.py:3096} INFO - Sync 1 DAGs
[2024-05-05T15:43:01.038+0000] {logging_mixin.py:188} INFO - [2024-05-05T15:43:01.038+0000] {dag.py:3954} INFO - Setting next_dagrun for example_python_operator to None, run_after=None
[2024-05-05T15:43:01.096+0000] {processor.py:183} INFO - Processing /home/airflow/.local/lib/python3.12/site-packages/airflow/example_dags/example_python_operator.py took 0.265 seconds
[2024-05-05T15:43:32.368+0000] {processor.py:161} INFO - Started process (PID=1209) to work on /home/airflow/.local/lib/python3.12/site-packages/airflow/example_dags/example_python_operator.py
[2024-05-05T15:43:32.372+0000] {processor.py:830} INFO - Processing file /home/airflow/.local/lib/python3.12/site-packages/airflow/example_dags/example_python_operator.py for tasks to queue
[2024-05-05T15:43:32.377+0000] {logging_mixin.py:188} INFO - [2024-05-05T15:43:32.376+0000] {dagbag.py:540} INFO - Filling up the DagBag from /home/airflow/.local/lib/python3.12/site-packages/airflow/example_dags/example_python_operator.py
[2024-05-05T15:43:32.437+0000] {processor.py:840} INFO - DAG(s) 'example_python_operator' retrieved from /home/airflow/.local/lib/python3.12/site-packages/airflow/example_dags/example_python_operator.py
[2024-05-05T15:43:32.620+0000] {logging_mixin.py:188} INFO - [2024-05-05T15:43:32.620+0000] {dag.py:3096} INFO - Sync 1 DAGs
[2024-05-05T15:43:32.678+0000] {logging_mixin.py:188} INFO - [2024-05-05T15:43:32.678+0000] {dag.py:3954} INFO - Setting next_dagrun for example_python_operator to None, run_after=None
[2024-05-05T15:43:32.751+0000] {processor.py:183} INFO - Processing /home/airflow/.local/lib/python3.12/site-packages/airflow/example_dags/example_python_operator.py took 0.428 seconds
[2024-05-05T15:44:03.485+0000] {processor.py:161} INFO - Started process (PID=1267) to work on /home/airflow/.local/lib/python3.12/site-packages/airflow/example_dags/example_python_operator.py
[2024-05-05T15:44:03.486+0000] {processor.py:830} INFO - Processing file /home/airflow/.local/lib/python3.12/site-packages/airflow/example_dags/example_python_operator.py for tasks to queue
[2024-05-05T15:44:03.487+0000] {logging_mixin.py:188} INFO - [2024-05-05T15:44:03.487+0000] {dagbag.py:540} INFO - Filling up the DagBag from /home/airflow/.local/lib/python3.12/site-packages/airflow/example_dags/example_python_operator.py
[2024-05-05T15:44:03.495+0000] {processor.py:840} INFO - DAG(s) 'example_python_operator' retrieved from /home/airflow/.local/lib/python3.12/site-packages/airflow/example_dags/example_python_operator.py
[2024-05-05T15:44:03.515+0000] {logging_mixin.py:188} INFO - [2024-05-05T15:44:03.515+0000] {dag.py:3096} INFO - Sync 1 DAGs
[2024-05-05T15:44:03.533+0000] {logging_mixin.py:188} INFO - [2024-05-05T15:44:03.533+0000] {dag.py:3954} INFO - Setting next_dagrun for example_python_operator to None, run_after=None
[2024-05-05T15:44:03.557+0000] {processor.py:183} INFO - Processing /home/airflow/.local/lib/python3.12/site-packages/airflow/example_dags/example_python_operator.py took 0.077 seconds
[2024-05-05T15:44:33.665+0000] {processor.py:161} INFO - Started process (PID=1325) to work on /home/airflow/.local/lib/python3.12/site-packages/airflow/example_dags/example_python_operator.py
[2024-05-05T15:44:33.666+0000] {processor.py:830} INFO - Processing file /home/airflow/.local/lib/python3.12/site-packages/airflow/example_dags/example_python_operator.py for tasks to queue
[2024-05-05T15:44:33.667+0000] {logging_mixin.py:188} INFO - [2024-05-05T15:44:33.667+0000] {dagbag.py:540} INFO - Filling up the DagBag from /home/airflow/.local/lib/python3.12/site-packages/airflow/example_dags/example_python_operator.py
[2024-05-05T15:44:33.676+0000] {processor.py:840} INFO - DAG(s) 'example_python_operator' retrieved from /home/airflow/.local/lib/python3.12/site-packages/airflow/example_dags/example_python_operator.py
[2024-05-05T15:44:33.695+0000] {logging_mixin.py:188} INFO - [2024-05-05T15:44:33.695+0000] {dag.py:3096} INFO - Sync 1 DAGs
[2024-05-05T15:44:33.705+0000] {logging_mixin.py:188} INFO - [2024-05-05T15:44:33.705+0000] {dag.py:3954} INFO - Setting next_dagrun for example_python_operator to None, run_after=None
[2024-05-05T15:44:33.726+0000] {processor.py:183} INFO - Processing /home/airflow/.local/lib/python3.12/site-packages/airflow/example_dags/example_python_operator.py took 0.065 seconds
[2024-05-05T15:45:03.834+0000] {processor.py:161} INFO - Started process (PID=1382) to work on /home/airflow/.local/lib/python3.12/site-packages/airflow/example_dags/example_python_operator.py
[2024-05-05T15:45:03.836+0000] {processor.py:830} INFO - Processing file /home/airflow/.local/lib/python3.12/site-packages/airflow/example_dags/example_python_operator.py for tasks to queue
[2024-05-05T15:45:03.838+0000] {logging_mixin.py:188} INFO - [2024-05-05T15:45:03.838+0000] {dagbag.py:540} INFO - Filling up the DagBag from /home/airflow/.local/lib/python3.12/site-packages/airflow/example_dags/example_python_operator.py
[2024-05-05T15:45:03.851+0000] {processor.py:840} INFO - DAG(s) 'example_python_operator' retrieved from /home/airflow/.local/lib/python3.12/site-packages/airflow/example_dags/example_python_operator.py
[2024-05-05T15:45:03.879+0000] {logging_mixin.py:188} INFO - [2024-05-05T15:45:03.879+0000] {dag.py:3096} INFO - Sync 1 DAGs
[2024-05-05T15:45:03.896+0000] {logging_mixin.py:188} INFO - [2024-05-05T15:45:03.895+0000] {dag.py:3954} INFO - Setting next_dagrun for example_python_operator to None, run_after=None
[2024-05-05T15:45:03.916+0000] {processor.py:183} INFO - Processing /home/airflow/.local/lib/python3.12/site-packages/airflow/example_dags/example_python_operator.py took 0.089 seconds
[2024-05-05T15:45:34.367+0000] {processor.py:161} INFO - Started process (PID=1440) to work on /home/airflow/.local/lib/python3.12/site-packages/airflow/example_dags/example_python_operator.py
[2024-05-05T15:45:34.368+0000] {processor.py:830} INFO - Processing file /home/airflow/.local/lib/python3.12/site-packages/airflow/example_dags/example_python_operator.py for tasks to queue
[2024-05-05T15:45:34.370+0000] {logging_mixin.py:188} INFO - [2024-05-05T15:45:34.369+0000] {dagbag.py:540} INFO - Filling up the DagBag from /home/airflow/.local/lib/python3.12/site-packages/airflow/example_dags/example_python_operator.py
[2024-05-05T15:45:34.380+0000] {processor.py:840} INFO - DAG(s) 'example_python_operator' retrieved from /home/airflow/.local/lib/python3.12/site-packages/airflow/example_dags/example_python_operator.py
[2024-05-05T15:45:34.398+0000] {logging_mixin.py:188} INFO - [2024-05-05T15:45:34.398+0000] {dag.py:3096} INFO - Sync 1 DAGs
[2024-05-05T15:45:34.409+0000] {logging_mixin.py:188} INFO - [2024-05-05T15:45:34.408+0000] {dag.py:3954} INFO - Setting next_dagrun for example_python_operator to None, run_after=None
[2024-05-05T15:45:34.430+0000] {processor.py:183} INFO - Processing /home/airflow/.local/lib/python3.12/site-packages/airflow/example_dags/example_python_operator.py took 0.068 seconds
[2024-05-05T15:46:04.907+0000] {processor.py:161} INFO - Started process (PID=1499) to work on /home/airflow/.local/lib/python3.12/site-packages/airflow/example_dags/example_python_operator.py
[2024-05-05T15:46:04.908+0000] {processor.py:830} INFO - Processing file /home/airflow/.local/lib/python3.12/site-packages/airflow/example_dags/example_python_operator.py for tasks to queue
[2024-05-05T15:46:04.909+0000] {logging_mixin.py:188} INFO - [2024-05-05T15:46:04.909+0000] {dagbag.py:540} INFO - Filling up the DagBag from /home/airflow/.local/lib/python3.12/site-packages/airflow/example_dags/example_python_operator.py
[2024-05-05T15:46:04.918+0000] {processor.py:840} INFO - DAG(s) 'example_python_operator' retrieved from /home/airflow/.local/lib/python3.12/site-packages/airflow/example_dags/example_python_operator.py
[2024-05-05T15:46:04.937+0000] {logging_mixin.py:188} INFO - [2024-05-05T15:46:04.937+0000] {dag.py:3096} INFO - Sync 1 DAGs
[2024-05-05T15:46:04.948+0000] {logging_mixin.py:188} INFO - [2024-05-05T15:46:04.948+0000] {dag.py:3954} INFO - Setting next_dagrun for example_python_operator to None, run_after=None
[2024-05-05T15:46:04.970+0000] {processor.py:183} INFO - Processing /home/airflow/.local/lib/python3.12/site-packages/airflow/example_dags/example_python_operator.py took 0.068 seconds
[2024-05-05T15:46:35.049+0000] {processor.py:161} INFO - Started process (PID=1556) to work on /home/airflow/.local/lib/python3.12/site-packages/airflow/example_dags/example_python_operator.py
[2024-05-05T15:46:35.050+0000] {processor.py:830} INFO - Processing file /home/airflow/.local/lib/python3.12/site-packages/airflow/example_dags/example_python_operator.py for tasks to queue
[2024-05-05T15:46:35.052+0000] {logging_mixin.py:188} INFO - [2024-05-05T15:46:35.051+0000] {dagbag.py:540} INFO - Filling up the DagBag from /home/airflow/.local/lib/python3.12/site-packages/airflow/example_dags/example_python_operator.py
[2024-05-05T15:46:35.060+0000] {processor.py:840} INFO - DAG(s) 'example_python_operator' retrieved from /home/airflow/.local/lib/python3.12/site-packages/airflow/example_dags/example_python_operator.py
[2024-05-05T15:46:35.089+0000] {logging_mixin.py:188} INFO - [2024-05-05T15:46:35.089+0000] {dag.py:3096} INFO - Sync 1 DAGs
[2024-05-05T15:46:35.102+0000] {logging_mixin.py:188} INFO - [2024-05-05T15:46:35.102+0000] {dag.py:3954} INFO - Setting next_dagrun for example_python_operator to None, run_after=None
[2024-05-05T15:46:35.129+0000] {processor.py:183} INFO - Processing /home/airflow/.local/lib/python3.12/site-packages/airflow/example_dags/example_python_operator.py took 0.085 seconds
[2024-05-05T15:47:05.447+0000] {processor.py:161} INFO - Started process (PID=1613) to work on /home/airflow/.local/lib/python3.12/site-packages/airflow/example_dags/example_python_operator.py
[2024-05-05T15:47:05.448+0000] {processor.py:830} INFO - Processing file /home/airflow/.local/lib/python3.12/site-packages/airflow/example_dags/example_python_operator.py for tasks to queue
[2024-05-05T15:47:05.449+0000] {logging_mixin.py:188} INFO - [2024-05-05T15:47:05.449+0000] {dagbag.py:540} INFO - Filling up the DagBag from /home/airflow/.local/lib/python3.12/site-packages/airflow/example_dags/example_python_operator.py
[2024-05-05T15:47:05.461+0000] {processor.py:840} INFO - DAG(s) 'example_python_operator' retrieved from /home/airflow/.local/lib/python3.12/site-packages/airflow/example_dags/example_python_operator.py
[2024-05-05T15:47:05.485+0000] {logging_mixin.py:188} INFO - [2024-05-05T15:47:05.484+0000] {dag.py:3096} INFO - Sync 1 DAGs
[2024-05-05T15:47:05.495+0000] {logging_mixin.py:188} INFO - [2024-05-05T15:47:05.495+0000] {dag.py:3954} INFO - Setting next_dagrun for example_python_operator to None, run_after=None
[2024-05-05T15:47:05.516+0000] {processor.py:183} INFO - Processing /home/airflow/.local/lib/python3.12/site-packages/airflow/example_dags/example_python_operator.py took 0.075 seconds
[2024-05-05T15:47:35.895+0000] {processor.py:161} INFO - Started process (PID=1671) to work on /home/airflow/.local/lib/python3.12/site-packages/airflow/example_dags/example_python_operator.py
[2024-05-05T15:47:35.912+0000] {processor.py:830} INFO - Processing file /home/airflow/.local/lib/python3.12/site-packages/airflow/example_dags/example_python_operator.py for tasks to queue
[2024-05-05T15:47:35.914+0000] {logging_mixin.py:188} INFO - [2024-05-05T15:47:35.914+0000] {dagbag.py:540} INFO - Filling up the DagBag from /home/airflow/.local/lib/python3.12/site-packages/airflow/example_dags/example_python_operator.py
[2024-05-05T15:47:35.941+0000] {processor.py:840} INFO - DAG(s) 'example_python_operator' retrieved from /home/airflow/.local/lib/python3.12/site-packages/airflow/example_dags/example_python_operator.py
[2024-05-05T15:47:35.991+0000] {logging_mixin.py:188} INFO - [2024-05-05T15:47:35.991+0000] {dag.py:3096} INFO - Sync 1 DAGs
[2024-05-05T15:47:36.022+0000] {logging_mixin.py:188} INFO - [2024-05-05T15:47:36.021+0000] {dag.py:3954} INFO - Setting next_dagrun for example_python_operator to None, run_after=None
[2024-05-05T15:47:36.057+0000] {processor.py:183} INFO - Processing /home/airflow/.local/lib/python3.12/site-packages/airflow/example_dags/example_python_operator.py took 0.202 seconds
[2024-05-05T15:48:07.830+0000] {processor.py:161} INFO - Started process (PID=1730) to work on /home/airflow/.local/lib/python3.12/site-packages/airflow/example_dags/example_python_operator.py
[2024-05-05T15:48:07.830+0000] {processor.py:830} INFO - Processing file /home/airflow/.local/lib/python3.12/site-packages/airflow/example_dags/example_python_operator.py for tasks to queue
[2024-05-05T15:48:07.832+0000] {logging_mixin.py:188} INFO - [2024-05-05T15:48:07.832+0000] {dagbag.py:540} INFO - Filling up the DagBag from /home/airflow/.local/lib/python3.12/site-packages/airflow/example_dags/example_python_operator.py
[2024-05-05T15:48:07.845+0000] {processor.py:840} INFO - DAG(s) 'example_python_operator' retrieved from /home/airflow/.local/lib/python3.12/site-packages/airflow/example_dags/example_python_operator.py
[2024-05-05T15:48:07.891+0000] {logging_mixin.py:188} INFO - [2024-05-05T15:48:07.891+0000] {dag.py:3096} INFO - Sync 1 DAGs
[2024-05-05T15:48:07.916+0000] {logging_mixin.py:188} INFO - [2024-05-05T15:48:07.916+0000] {dag.py:3954} INFO - Setting next_dagrun for example_python_operator to None, run_after=None
[2024-05-05T15:48:07.963+0000] {processor.py:183} INFO - Processing /home/airflow/.local/lib/python3.12/site-packages/airflow/example_dags/example_python_operator.py took 0.140 seconds
[2024-05-05T15:48:39.004+0000] {processor.py:161} INFO - Started process (PID=1790) to work on /home/airflow/.local/lib/python3.12/site-packages/airflow/example_dags/example_python_operator.py
[2024-05-05T15:48:39.020+0000] {processor.py:830} INFO - Processing file /home/airflow/.local/lib/python3.12/site-packages/airflow/example_dags/example_python_operator.py for tasks to queue
[2024-05-05T15:48:39.031+0000] {logging_mixin.py:188} INFO - [2024-05-05T15:48:39.031+0000] {dagbag.py:540} INFO - Filling up the DagBag from /home/airflow/.local/lib/python3.12/site-packages/airflow/example_dags/example_python_operator.py
[2024-05-05T15:48:39.094+0000] {processor.py:840} INFO - DAG(s) 'example_python_operator' retrieved from /home/airflow/.local/lib/python3.12/site-packages/airflow/example_dags/example_python_operator.py
[2024-05-05T15:48:39.178+0000] {logging_mixin.py:188} INFO - [2024-05-05T15:48:39.177+0000] {dag.py:3096} INFO - Sync 1 DAGs
[2024-05-05T15:48:39.252+0000] {logging_mixin.py:188} INFO - [2024-05-05T15:48:39.252+0000] {dag.py:3954} INFO - Setting next_dagrun for example_python_operator to None, run_after=None
[2024-05-05T15:48:39.376+0000] {processor.py:183} INFO - Processing /home/airflow/.local/lib/python3.12/site-packages/airflow/example_dags/example_python_operator.py took 0.393 seconds
[2024-05-05T15:49:09.634+0000] {processor.py:161} INFO - Started process (PID=1849) to work on /home/airflow/.local/lib/python3.12/site-packages/airflow/example_dags/example_python_operator.py
[2024-05-05T15:49:09.634+0000] {processor.py:830} INFO - Processing file /home/airflow/.local/lib/python3.12/site-packages/airflow/example_dags/example_python_operator.py for tasks to queue
[2024-05-05T15:49:09.636+0000] {logging_mixin.py:188} INFO - [2024-05-05T15:49:09.635+0000] {dagbag.py:540} INFO - Filling up the DagBag from /home/airflow/.local/lib/python3.12/site-packages/airflow/example_dags/example_python_operator.py
[2024-05-05T15:49:09.644+0000] {processor.py:840} INFO - DAG(s) 'example_python_operator' retrieved from /home/airflow/.local/lib/python3.12/site-packages/airflow/example_dags/example_python_operator.py
[2024-05-05T15:49:09.664+0000] {logging_mixin.py:188} INFO - [2024-05-05T15:49:09.664+0000] {dag.py:3096} INFO - Sync 1 DAGs
[2024-05-05T15:49:09.674+0000] {logging_mixin.py:188} INFO - [2024-05-05T15:49:09.674+0000] {dag.py:3954} INFO - Setting next_dagrun for example_python_operator to None, run_after=None
[2024-05-05T15:49:09.695+0000] {processor.py:183} INFO - Processing /home/airflow/.local/lib/python3.12/site-packages/airflow/example_dags/example_python_operator.py took 0.066 seconds
[2024-05-05T15:49:40.407+0000] {processor.py:161} INFO - Started process (PID=1908) to work on /home/airflow/.local/lib/python3.12/site-packages/airflow/example_dags/example_python_operator.py
[2024-05-05T15:49:40.408+0000] {processor.py:830} INFO - Processing file /home/airflow/.local/lib/python3.12/site-packages/airflow/example_dags/example_python_operator.py for tasks to queue
[2024-05-05T15:49:40.409+0000] {logging_mixin.py:188} INFO - [2024-05-05T15:49:40.409+0000] {dagbag.py:540} INFO - Filling up the DagBag from /home/airflow/.local/lib/python3.12/site-packages/airflow/example_dags/example_python_operator.py
[2024-05-05T15:49:40.418+0000] {processor.py:840} INFO - DAG(s) 'example_python_operator' retrieved from /home/airflow/.local/lib/python3.12/site-packages/airflow/example_dags/example_python_operator.py
[2024-05-05T15:49:40.436+0000] {logging_mixin.py:188} INFO - [2024-05-05T15:49:40.436+0000] {dag.py:3096} INFO - Sync 1 DAGs
[2024-05-05T15:49:40.447+0000] {logging_mixin.py:188} INFO - [2024-05-05T15:49:40.447+0000] {dag.py:3954} INFO - Setting next_dagrun for example_python_operator to None, run_after=None
[2024-05-05T15:49:40.468+0000] {processor.py:183} INFO - Processing /home/airflow/.local/lib/python3.12/site-packages/airflow/example_dags/example_python_operator.py took 0.066 seconds
[2024-05-05T15:50:11.060+0000] {processor.py:161} INFO - Started process (PID=1967) to work on /home/airflow/.local/lib/python3.12/site-packages/airflow/example_dags/example_python_operator.py
[2024-05-05T15:50:11.061+0000] {processor.py:830} INFO - Processing file /home/airflow/.local/lib/python3.12/site-packages/airflow/example_dags/example_python_operator.py for tasks to queue
[2024-05-05T15:50:11.063+0000] {logging_mixin.py:188} INFO - [2024-05-05T15:50:11.063+0000] {dagbag.py:540} INFO - Filling up the DagBag from /home/airflow/.local/lib/python3.12/site-packages/airflow/example_dags/example_python_operator.py
[2024-05-05T15:50:11.078+0000] {processor.py:840} INFO - DAG(s) 'example_python_operator' retrieved from /home/airflow/.local/lib/python3.12/site-packages/airflow/example_dags/example_python_operator.py
[2024-05-05T15:50:11.104+0000] {logging_mixin.py:188} INFO - [2024-05-05T15:50:11.103+0000] {dag.py:3096} INFO - Sync 1 DAGs
[2024-05-05T15:50:11.126+0000] {logging_mixin.py:188} INFO - [2024-05-05T15:50:11.125+0000] {dag.py:3954} INFO - Setting next_dagrun for example_python_operator to None, run_after=None
[2024-05-05T15:50:11.153+0000] {processor.py:183} INFO - Processing /home/airflow/.local/lib/python3.12/site-packages/airflow/example_dags/example_python_operator.py took 0.104 seconds
[2024-05-05T15:50:41.865+0000] {processor.py:161} INFO - Started process (PID=2026) to work on /home/airflow/.local/lib/python3.12/site-packages/airflow/example_dags/example_python_operator.py
[2024-05-05T15:50:41.866+0000] {processor.py:830} INFO - Processing file /home/airflow/.local/lib/python3.12/site-packages/airflow/example_dags/example_python_operator.py for tasks to queue
[2024-05-05T15:50:41.867+0000] {logging_mixin.py:188} INFO - [2024-05-05T15:50:41.867+0000] {dagbag.py:540} INFO - Filling up the DagBag from /home/airflow/.local/lib/python3.12/site-packages/airflow/example_dags/example_python_operator.py
[2024-05-05T15:50:41.878+0000] {processor.py:840} INFO - DAG(s) 'example_python_operator' retrieved from /home/airflow/.local/lib/python3.12/site-packages/airflow/example_dags/example_python_operator.py
[2024-05-05T15:50:41.899+0000] {logging_mixin.py:188} INFO - [2024-05-05T15:50:41.899+0000] {dag.py:3096} INFO - Sync 1 DAGs
[2024-05-05T15:50:41.911+0000] {logging_mixin.py:188} INFO - [2024-05-05T15:50:41.910+0000] {dag.py:3954} INFO - Setting next_dagrun for example_python_operator to None, run_after=None
[2024-05-05T15:50:41.937+0000] {processor.py:183} INFO - Processing /home/airflow/.local/lib/python3.12/site-packages/airflow/example_dags/example_python_operator.py took 0.077 seconds
[2024-05-05T15:51:12.555+0000] {processor.py:161} INFO - Started process (PID=2084) to work on /home/airflow/.local/lib/python3.12/site-packages/airflow/example_dags/example_python_operator.py
[2024-05-05T15:51:12.557+0000] {processor.py:830} INFO - Processing file /home/airflow/.local/lib/python3.12/site-packages/airflow/example_dags/example_python_operator.py for tasks to queue
[2024-05-05T15:51:12.560+0000] {logging_mixin.py:188} INFO - [2024-05-05T15:51:12.560+0000] {dagbag.py:540} INFO - Filling up the DagBag from /home/airflow/.local/lib/python3.12/site-packages/airflow/example_dags/example_python_operator.py
[2024-05-05T15:51:12.575+0000] {processor.py:840} INFO - DAG(s) 'example_python_operator' retrieved from /home/airflow/.local/lib/python3.12/site-packages/airflow/example_dags/example_python_operator.py
[2024-05-05T15:51:12.611+0000] {logging_mixin.py:188} INFO - [2024-05-05T15:51:12.610+0000] {dag.py:3096} INFO - Sync 1 DAGs
[2024-05-05T15:51:12.630+0000] {logging_mixin.py:188} INFO - [2024-05-05T15:51:12.629+0000] {dag.py:3954} INFO - Setting next_dagrun for example_python_operator to None, run_after=None
[2024-05-05T15:51:12.657+0000] {processor.py:183} INFO - Processing /home/airflow/.local/lib/python3.12/site-packages/airflow/example_dags/example_python_operator.py took 0.114 seconds
[2024-05-05T15:51:42.926+0000] {processor.py:161} INFO - Started process (PID=2142) to work on /home/airflow/.local/lib/python3.12/site-packages/airflow/example_dags/example_python_operator.py
[2024-05-05T15:51:42.927+0000] {processor.py:830} INFO - Processing file /home/airflow/.local/lib/python3.12/site-packages/airflow/example_dags/example_python_operator.py for tasks to queue
[2024-05-05T15:51:42.928+0000] {logging_mixin.py:188} INFO - [2024-05-05T15:51:42.928+0000] {dagbag.py:540} INFO - Filling up the DagBag from /home/airflow/.local/lib/python3.12/site-packages/airflow/example_dags/example_python_operator.py
[2024-05-05T15:51:42.937+0000] {processor.py:840} INFO - DAG(s) 'example_python_operator' retrieved from /home/airflow/.local/lib/python3.12/site-packages/airflow/example_dags/example_python_operator.py
[2024-05-05T15:51:42.955+0000] {logging_mixin.py:188} INFO - [2024-05-05T15:51:42.955+0000] {dag.py:3096} INFO - Sync 1 DAGs
[2024-05-05T15:51:42.971+0000] {logging_mixin.py:188} INFO - [2024-05-05T15:51:42.971+0000] {dag.py:3954} INFO - Setting next_dagrun for example_python_operator to None, run_after=None
[2024-05-05T15:51:42.999+0000] {processor.py:183} INFO - Processing /home/airflow/.local/lib/python3.12/site-packages/airflow/example_dags/example_python_operator.py took 0.078 seconds
[2024-05-05T15:52:13.242+0000] {processor.py:161} INFO - Started process (PID=2203) to work on /home/airflow/.local/lib/python3.12/site-packages/airflow/example_dags/example_python_operator.py
[2024-05-05T15:52:13.243+0000] {processor.py:830} INFO - Processing file /home/airflow/.local/lib/python3.12/site-packages/airflow/example_dags/example_python_operator.py for tasks to queue
[2024-05-05T15:52:13.245+0000] {logging_mixin.py:188} INFO - [2024-05-05T15:52:13.245+0000] {dagbag.py:540} INFO - Filling up the DagBag from /home/airflow/.local/lib/python3.12/site-packages/airflow/example_dags/example_python_operator.py
[2024-05-05T15:52:13.259+0000] {processor.py:840} INFO - DAG(s) 'example_python_operator' retrieved from /home/airflow/.local/lib/python3.12/site-packages/airflow/example_dags/example_python_operator.py
[2024-05-05T15:52:13.287+0000] {logging_mixin.py:188} INFO - [2024-05-05T15:52:13.287+0000] {dag.py:3096} INFO - Sync 1 DAGs
[2024-05-05T15:52:13.302+0000] {logging_mixin.py:188} INFO - [2024-05-05T15:52:13.301+0000] {dag.py:3954} INFO - Setting next_dagrun for example_python_operator to None, run_after=None
[2024-05-05T15:52:13.338+0000] {processor.py:183} INFO - Processing /home/airflow/.local/lib/python3.12/site-packages/airflow/example_dags/example_python_operator.py took 0.103 seconds
[2024-05-05T15:52:44.634+0000] {processor.py:161} INFO - Started process (PID=2262) to work on /home/airflow/.local/lib/python3.12/site-packages/airflow/example_dags/example_python_operator.py
[2024-05-05T15:52:44.648+0000] {processor.py:830} INFO - Processing file /home/airflow/.local/lib/python3.12/site-packages/airflow/example_dags/example_python_operator.py for tasks to queue
[2024-05-05T15:52:44.656+0000] {logging_mixin.py:188} INFO - [2024-05-05T15:52:44.656+0000] {dagbag.py:540} INFO - Filling up the DagBag from /home/airflow/.local/lib/python3.12/site-packages/airflow/example_dags/example_python_operator.py
[2024-05-05T15:52:44.727+0000] {processor.py:840} INFO - DAG(s) 'example_python_operator' retrieved from /home/airflow/.local/lib/python3.12/site-packages/airflow/example_dags/example_python_operator.py
[2024-05-05T15:52:44.877+0000] {logging_mixin.py:188} INFO - [2024-05-05T15:52:44.876+0000] {dag.py:3096} INFO - Sync 1 DAGs
[2024-05-05T15:52:44.926+0000] {logging_mixin.py:188} INFO - [2024-05-05T15:52:44.926+0000] {dag.py:3954} INFO - Setting next_dagrun for example_python_operator to None, run_after=None
[2024-05-05T15:52:45.023+0000] {processor.py:183} INFO - Processing /home/airflow/.local/lib/python3.12/site-packages/airflow/example_dags/example_python_operator.py took 0.409 seconds
[2024-05-05T15:53:15.223+0000] {processor.py:161} INFO - Started process (PID=2322) to work on /home/airflow/.local/lib/python3.12/site-packages/airflow/example_dags/example_python_operator.py
[2024-05-05T15:53:15.224+0000] {processor.py:830} INFO - Processing file /home/airflow/.local/lib/python3.12/site-packages/airflow/example_dags/example_python_operator.py for tasks to queue
[2024-05-05T15:53:15.226+0000] {logging_mixin.py:188} INFO - [2024-05-05T15:53:15.225+0000] {dagbag.py:540} INFO - Filling up the DagBag from /home/airflow/.local/lib/python3.12/site-packages/airflow/example_dags/example_python_operator.py
[2024-05-05T15:53:15.236+0000] {processor.py:840} INFO - DAG(s) 'example_python_operator' retrieved from /home/airflow/.local/lib/python3.12/site-packages/airflow/example_dags/example_python_operator.py
[2024-05-05T15:53:15.256+0000] {logging_mixin.py:188} INFO - [2024-05-05T15:53:15.255+0000] {dag.py:3096} INFO - Sync 1 DAGs
[2024-05-05T15:53:15.266+0000] {logging_mixin.py:188} INFO - [2024-05-05T15:53:15.265+0000] {dag.py:3954} INFO - Setting next_dagrun for example_python_operator to None, run_after=None
[2024-05-05T15:53:15.285+0000] {processor.py:183} INFO - Processing /home/airflow/.local/lib/python3.12/site-packages/airflow/example_dags/example_python_operator.py took 0.070 seconds
[2024-05-05T15:53:45.627+0000] {processor.py:161} INFO - Started process (PID=2382) to work on /home/airflow/.local/lib/python3.12/site-packages/airflow/example_dags/example_python_operator.py
[2024-05-05T15:53:45.628+0000] {processor.py:830} INFO - Processing file /home/airflow/.local/lib/python3.12/site-packages/airflow/example_dags/example_python_operator.py for tasks to queue
[2024-05-05T15:53:45.630+0000] {logging_mixin.py:188} INFO - [2024-05-05T15:53:45.629+0000] {dagbag.py:540} INFO - Filling up the DagBag from /home/airflow/.local/lib/python3.12/site-packages/airflow/example_dags/example_python_operator.py
[2024-05-05T15:53:45.638+0000] {processor.py:840} INFO - DAG(s) 'example_python_operator' retrieved from /home/airflow/.local/lib/python3.12/site-packages/airflow/example_dags/example_python_operator.py
[2024-05-05T15:53:45.658+0000] {logging_mixin.py:188} INFO - [2024-05-05T15:53:45.658+0000] {dag.py:3096} INFO - Sync 1 DAGs
[2024-05-05T15:53:45.668+0000] {logging_mixin.py:188} INFO - [2024-05-05T15:53:45.668+0000] {dag.py:3954} INFO - Setting next_dagrun for example_python_operator to None, run_after=None
[2024-05-05T15:53:45.689+0000] {processor.py:183} INFO - Processing /home/airflow/.local/lib/python3.12/site-packages/airflow/example_dags/example_python_operator.py took 0.066 seconds
[2024-05-05T15:54:16.485+0000] {processor.py:161} INFO - Started process (PID=2442) to work on /home/airflow/.local/lib/python3.12/site-packages/airflow/example_dags/example_python_operator.py
[2024-05-05T15:54:16.486+0000] {processor.py:830} INFO - Processing file /home/airflow/.local/lib/python3.12/site-packages/airflow/example_dags/example_python_operator.py for tasks to queue
[2024-05-05T15:54:16.488+0000] {logging_mixin.py:188} INFO - [2024-05-05T15:54:16.488+0000] {dagbag.py:540} INFO - Filling up the DagBag from /home/airflow/.local/lib/python3.12/site-packages/airflow/example_dags/example_python_operator.py
[2024-05-05T15:54:16.500+0000] {processor.py:840} INFO - DAG(s) 'example_python_operator' retrieved from /home/airflow/.local/lib/python3.12/site-packages/airflow/example_dags/example_python_operator.py
[2024-05-05T15:54:16.528+0000] {logging_mixin.py:188} INFO - [2024-05-05T15:54:16.528+0000] {dag.py:3096} INFO - Sync 1 DAGs
[2024-05-05T15:54:16.542+0000] {logging_mixin.py:188} INFO - [2024-05-05T15:54:16.542+0000] {dag.py:3954} INFO - Setting next_dagrun for example_python_operator to None, run_after=None
[2024-05-05T15:54:16.568+0000] {processor.py:183} INFO - Processing /home/airflow/.local/lib/python3.12/site-packages/airflow/example_dags/example_python_operator.py took 0.094 seconds
[2024-05-05T15:54:47.023+0000] {processor.py:161} INFO - Started process (PID=2502) to work on /home/airflow/.local/lib/python3.12/site-packages/airflow/example_dags/example_python_operator.py
[2024-05-05T15:54:47.024+0000] {processor.py:830} INFO - Processing file /home/airflow/.local/lib/python3.12/site-packages/airflow/example_dags/example_python_operator.py for tasks to queue
[2024-05-05T15:54:47.026+0000] {logging_mixin.py:188} INFO - [2024-05-05T15:54:47.026+0000] {dagbag.py:540} INFO - Filling up the DagBag from /home/airflow/.local/lib/python3.12/site-packages/airflow/example_dags/example_python_operator.py
[2024-05-05T15:54:47.039+0000] {processor.py:840} INFO - DAG(s) 'example_python_operator' retrieved from /home/airflow/.local/lib/python3.12/site-packages/airflow/example_dags/example_python_operator.py
[2024-05-05T15:54:47.069+0000] {logging_mixin.py:188} INFO - [2024-05-05T15:54:47.068+0000] {dag.py:3096} INFO - Sync 1 DAGs
[2024-05-05T15:54:47.094+0000] {logging_mixin.py:188} INFO - [2024-05-05T15:54:47.094+0000] {dag.py:3954} INFO - Setting next_dagrun for example_python_operator to None, run_after=None
[2024-05-05T15:54:47.125+0000] {processor.py:183} INFO - Processing /home/airflow/.local/lib/python3.12/site-packages/airflow/example_dags/example_python_operator.py took 0.110 seconds
[2024-05-05T15:55:17.890+0000] {processor.py:161} INFO - Started process (PID=2562) to work on /home/airflow/.local/lib/python3.12/site-packages/airflow/example_dags/example_python_operator.py
[2024-05-05T15:55:17.891+0000] {processor.py:830} INFO - Processing file /home/airflow/.local/lib/python3.12/site-packages/airflow/example_dags/example_python_operator.py for tasks to queue
[2024-05-05T15:55:17.893+0000] {logging_mixin.py:188} INFO - [2024-05-05T15:55:17.892+0000] {dagbag.py:540} INFO - Filling up the DagBag from /home/airflow/.local/lib/python3.12/site-packages/airflow/example_dags/example_python_operator.py
[2024-05-05T15:55:17.905+0000] {processor.py:840} INFO - DAG(s) 'example_python_operator' retrieved from /home/airflow/.local/lib/python3.12/site-packages/airflow/example_dags/example_python_operator.py
[2024-05-05T15:55:17.941+0000] {logging_mixin.py:188} INFO - [2024-05-05T15:55:17.937+0000] {dag.py:3096} INFO - Sync 1 DAGs
[2024-05-05T15:55:17.960+0000] {logging_mixin.py:188} INFO - [2024-05-05T15:55:17.959+0000] {dag.py:3954} INFO - Setting next_dagrun for example_python_operator to None, run_after=None
[2024-05-05T15:55:17.984+0000] {processor.py:183} INFO - Processing /home/airflow/.local/lib/python3.12/site-packages/airflow/example_dags/example_python_operator.py took 0.102 seconds
[2024-05-05T15:55:49.194+0000] {processor.py:161} INFO - Started process (PID=2622) to work on /home/airflow/.local/lib/python3.12/site-packages/airflow/example_dags/example_python_operator.py
[2024-05-05T15:55:49.195+0000] {processor.py:830} INFO - Processing file /home/airflow/.local/lib/python3.12/site-packages/airflow/example_dags/example_python_operator.py for tasks to queue
[2024-05-05T15:55:49.198+0000] {logging_mixin.py:188} INFO - [2024-05-05T15:55:49.197+0000] {dagbag.py:540} INFO - Filling up the DagBag from /home/airflow/.local/lib/python3.12/site-packages/airflow/example_dags/example_python_operator.py
[2024-05-05T15:55:49.208+0000] {processor.py:840} INFO - DAG(s) 'example_python_operator' retrieved from /home/airflow/.local/lib/python3.12/site-packages/airflow/example_dags/example_python_operator.py
[2024-05-05T15:55:49.226+0000] {logging_mixin.py:188} INFO - [2024-05-05T15:55:49.226+0000] {dag.py:3096} INFO - Sync 1 DAGs
[2024-05-05T15:55:49.237+0000] {logging_mixin.py:188} INFO - [2024-05-05T15:55:49.237+0000] {dag.py:3954} INFO - Setting next_dagrun for example_python_operator to None, run_after=None
[2024-05-05T15:55:49.258+0000] {processor.py:183} INFO - Processing /home/airflow/.local/lib/python3.12/site-packages/airflow/example_dags/example_python_operator.py took 0.071 seconds
[2024-05-05T15:56:20.018+0000] {processor.py:161} INFO - Started process (PID=2682) to work on /home/airflow/.local/lib/python3.12/site-packages/airflow/example_dags/example_python_operator.py
[2024-05-05T15:56:20.019+0000] {processor.py:830} INFO - Processing file /home/airflow/.local/lib/python3.12/site-packages/airflow/example_dags/example_python_operator.py for tasks to queue
[2024-05-05T15:56:20.021+0000] {logging_mixin.py:188} INFO - [2024-05-05T15:56:20.020+0000] {dagbag.py:540} INFO - Filling up the DagBag from /home/airflow/.local/lib/python3.12/site-packages/airflow/example_dags/example_python_operator.py
[2024-05-05T15:56:20.033+0000] {processor.py:840} INFO - DAG(s) 'example_python_operator' retrieved from /home/airflow/.local/lib/python3.12/site-packages/airflow/example_dags/example_python_operator.py
[2024-05-05T15:56:20.065+0000] {logging_mixin.py:188} INFO - [2024-05-05T15:56:20.064+0000] {dag.py:3096} INFO - Sync 1 DAGs
[2024-05-05T15:56:20.081+0000] {logging_mixin.py:188} INFO - [2024-05-05T15:56:20.081+0000] {dag.py:3954} INFO - Setting next_dagrun for example_python_operator to None, run_after=None
[2024-05-05T15:56:20.111+0000] {processor.py:183} INFO - Processing /home/airflow/.local/lib/python3.12/site-packages/airflow/example_dags/example_python_operator.py took 0.100 seconds
[2024-05-05T15:56:50.834+0000] {processor.py:161} INFO - Started process (PID=2742) to work on /home/airflow/.local/lib/python3.12/site-packages/airflow/example_dags/example_python_operator.py
[2024-05-05T15:56:50.835+0000] {processor.py:830} INFO - Processing file /home/airflow/.local/lib/python3.12/site-packages/airflow/example_dags/example_python_operator.py for tasks to queue
[2024-05-05T15:56:50.837+0000] {logging_mixin.py:188} INFO - [2024-05-05T15:56:50.836+0000] {dagbag.py:540} INFO - Filling up the DagBag from /home/airflow/.local/lib/python3.12/site-packages/airflow/example_dags/example_python_operator.py
[2024-05-05T15:56:50.862+0000] {processor.py:840} INFO - DAG(s) 'example_python_operator' retrieved from /home/airflow/.local/lib/python3.12/site-packages/airflow/example_dags/example_python_operator.py
[2024-05-05T15:56:50.989+0000] {logging_mixin.py:188} INFO - [2024-05-05T15:56:50.989+0000] {dag.py:3096} INFO - Sync 1 DAGs
[2024-05-05T15:56:51.010+0000] {logging_mixin.py:188} INFO - [2024-05-05T15:56:51.010+0000] {dag.py:3954} INFO - Setting next_dagrun for example_python_operator to None, run_after=None
[2024-05-05T15:56:51.069+0000] {processor.py:183} INFO - Processing /home/airflow/.local/lib/python3.12/site-packages/airflow/example_dags/example_python_operator.py took 0.254 seconds
[2024-05-05T15:57:21.286+0000] {processor.py:161} INFO - Started process (PID=2802) to work on /home/airflow/.local/lib/python3.12/site-packages/airflow/example_dags/example_python_operator.py
[2024-05-05T15:57:21.286+0000] {processor.py:830} INFO - Processing file /home/airflow/.local/lib/python3.12/site-packages/airflow/example_dags/example_python_operator.py for tasks to queue
[2024-05-05T15:57:21.288+0000] {logging_mixin.py:188} INFO - [2024-05-05T15:57:21.287+0000] {dagbag.py:540} INFO - Filling up the DagBag from /home/airflow/.local/lib/python3.12/site-packages/airflow/example_dags/example_python_operator.py
[2024-05-05T15:57:21.296+0000] {processor.py:840} INFO - DAG(s) 'example_python_operator' retrieved from /home/airflow/.local/lib/python3.12/site-packages/airflow/example_dags/example_python_operator.py
[2024-05-05T15:57:21.314+0000] {logging_mixin.py:188} INFO - [2024-05-05T15:57:21.314+0000] {dag.py:3096} INFO - Sync 1 DAGs
[2024-05-05T15:57:21.325+0000] {logging_mixin.py:188} INFO - [2024-05-05T15:57:21.325+0000] {dag.py:3954} INFO - Setting next_dagrun for example_python_operator to None, run_after=None
[2024-05-05T15:57:21.346+0000] {processor.py:183} INFO - Processing /home/airflow/.local/lib/python3.12/site-packages/airflow/example_dags/example_python_operator.py took 0.065 seconds
[2024-05-05T15:57:51.619+0000] {processor.py:161} INFO - Started process (PID=2862) to work on /home/airflow/.local/lib/python3.12/site-packages/airflow/example_dags/example_python_operator.py
[2024-05-05T15:57:51.620+0000] {processor.py:830} INFO - Processing file /home/airflow/.local/lib/python3.12/site-packages/airflow/example_dags/example_python_operator.py for tasks to queue
[2024-05-05T15:57:51.621+0000] {logging_mixin.py:188} INFO - [2024-05-05T15:57:51.621+0000] {dagbag.py:540} INFO - Filling up the DagBag from /home/airflow/.local/lib/python3.12/site-packages/airflow/example_dags/example_python_operator.py
[2024-05-05T15:57:51.629+0000] {processor.py:840} INFO - DAG(s) 'example_python_operator' retrieved from /home/airflow/.local/lib/python3.12/site-packages/airflow/example_dags/example_python_operator.py
[2024-05-05T15:57:51.648+0000] {logging_mixin.py:188} INFO - [2024-05-05T15:57:51.648+0000] {dag.py:3096} INFO - Sync 1 DAGs
[2024-05-05T15:57:51.660+0000] {logging_mixin.py:188} INFO - [2024-05-05T15:57:51.659+0000] {dag.py:3954} INFO - Setting next_dagrun for example_python_operator to None, run_after=None
[2024-05-05T15:57:51.679+0000] {processor.py:183} INFO - Processing /home/airflow/.local/lib/python3.12/site-packages/airflow/example_dags/example_python_operator.py took 0.065 seconds
[2024-05-05T15:58:22.184+0000] {processor.py:161} INFO - Started process (PID=2925) to work on /home/airflow/.local/lib/python3.12/site-packages/airflow/example_dags/example_python_operator.py
[2024-05-05T15:58:22.184+0000] {processor.py:830} INFO - Processing file /home/airflow/.local/lib/python3.12/site-packages/airflow/example_dags/example_python_operator.py for tasks to queue
[2024-05-05T15:58:22.186+0000] {logging_mixin.py:188} INFO - [2024-05-05T15:58:22.186+0000] {dagbag.py:540} INFO - Filling up the DagBag from /home/airflow/.local/lib/python3.12/site-packages/airflow/example_dags/example_python_operator.py
[2024-05-05T15:58:22.198+0000] {processor.py:840} INFO - DAG(s) 'example_python_operator' retrieved from /home/airflow/.local/lib/python3.12/site-packages/airflow/example_dags/example_python_operator.py
[2024-05-05T15:58:22.233+0000] {logging_mixin.py:188} INFO - [2024-05-05T15:58:22.233+0000] {dag.py:3096} INFO - Sync 1 DAGs
[2024-05-05T15:58:22.247+0000] {logging_mixin.py:188} INFO - [2024-05-05T15:58:22.246+0000] {dag.py:3954} INFO - Setting next_dagrun for example_python_operator to None, run_after=None
[2024-05-05T15:58:22.270+0000] {processor.py:183} INFO - Processing /home/airflow/.local/lib/python3.12/site-packages/airflow/example_dags/example_python_operator.py took 0.093 seconds
[2024-05-05T15:58:53.305+0000] {processor.py:161} INFO - Started process (PID=2986) to work on /home/airflow/.local/lib/python3.12/site-packages/airflow/example_dags/example_python_operator.py
[2024-05-05T15:58:53.312+0000] {processor.py:830} INFO - Processing file /home/airflow/.local/lib/python3.12/site-packages/airflow/example_dags/example_python_operator.py for tasks to queue
[2024-05-05T15:58:53.325+0000] {logging_mixin.py:188} INFO - [2024-05-05T15:58:53.314+0000] {dagbag.py:540} INFO - Filling up the DagBag from /home/airflow/.local/lib/python3.12/site-packages/airflow/example_dags/example_python_operator.py
[2024-05-05T15:58:53.369+0000] {processor.py:840} INFO - DAG(s) 'example_python_operator' retrieved from /home/airflow/.local/lib/python3.12/site-packages/airflow/example_dags/example_python_operator.py
[2024-05-05T15:58:53.430+0000] {logging_mixin.py:188} INFO - [2024-05-05T15:58:53.428+0000] {dag.py:3096} INFO - Sync 1 DAGs
[2024-05-05T15:58:53.485+0000] {logging_mixin.py:188} INFO - [2024-05-05T15:58:53.485+0000] {dag.py:3954} INFO - Setting next_dagrun for example_python_operator to None, run_after=None
[2024-05-05T15:58:53.552+0000] {processor.py:183} INFO - Processing /home/airflow/.local/lib/python3.12/site-packages/airflow/example_dags/example_python_operator.py took 0.282 seconds
[2024-05-05T15:59:26.382+0000] {processor.py:161} INFO - Started process (PID=3053) to work on /home/airflow/.local/lib/python3.12/site-packages/airflow/example_dags/example_python_operator.py
[2024-05-05T15:59:26.383+0000] {processor.py:830} INFO - Processing file /home/airflow/.local/lib/python3.12/site-packages/airflow/example_dags/example_python_operator.py for tasks to queue
[2024-05-05T15:59:26.389+0000] {logging_mixin.py:188} INFO - [2024-05-05T15:59:26.389+0000] {dagbag.py:540} INFO - Filling up the DagBag from /home/airflow/.local/lib/python3.12/site-packages/airflow/example_dags/example_python_operator.py
[2024-05-05T15:59:26.447+0000] {processor.py:840} INFO - DAG(s) 'example_python_operator' retrieved from /home/airflow/.local/lib/python3.12/site-packages/airflow/example_dags/example_python_operator.py
[2024-05-05T15:59:26.546+0000] {logging_mixin.py:188} INFO - [2024-05-05T15:59:26.543+0000] {dag.py:3096} INFO - Sync 1 DAGs
[2024-05-05T15:59:26.583+0000] {logging_mixin.py:188} INFO - [2024-05-05T15:59:26.583+0000] {dag.py:3954} INFO - Setting next_dagrun for example_python_operator to None, run_after=None
[2024-05-05T15:59:26.652+0000] {processor.py:183} INFO - Processing /home/airflow/.local/lib/python3.12/site-packages/airflow/example_dags/example_python_operator.py took 0.293 seconds
[2024-05-05T16:00:00.091+0000] {processor.py:161} INFO - Started process (PID=3114) to work on /home/airflow/.local/lib/python3.12/site-packages/airflow/example_dags/example_python_operator.py
[2024-05-05T16:00:00.154+0000] {processor.py:830} INFO - Processing file /home/airflow/.local/lib/python3.12/site-packages/airflow/example_dags/example_python_operator.py for tasks to queue
[2024-05-05T16:00:00.157+0000] {logging_mixin.py:188} INFO - [2024-05-05T16:00:00.156+0000] {dagbag.py:540} INFO - Filling up the DagBag from /home/airflow/.local/lib/python3.12/site-packages/airflow/example_dags/example_python_operator.py
[2024-05-05T16:00:00.275+0000] {processor.py:840} INFO - DAG(s) 'example_python_operator' retrieved from /home/airflow/.local/lib/python3.12/site-packages/airflow/example_dags/example_python_operator.py
[2024-05-05T16:00:00.475+0000] {logging_mixin.py:188} INFO - [2024-05-05T16:00:00.475+0000] {dag.py:3096} INFO - Sync 1 DAGs
[2024-05-05T16:00:00.567+0000] {logging_mixin.py:188} INFO - [2024-05-05T16:00:00.567+0000] {dag.py:3954} INFO - Setting next_dagrun for example_python_operator to None, run_after=None
[2024-05-05T16:00:00.969+0000] {processor.py:183} INFO - Processing /home/airflow/.local/lib/python3.12/site-packages/airflow/example_dags/example_python_operator.py took 0.957 seconds
