[2024-05-05T15:33:31.107+0000] {processor.py:161} INFO - Started process (PID=68) to work on /home/airflow/.local/lib/python3.12/site-packages/airflow/example_dags/example_xcomargs.py
[2024-05-05T15:33:31.120+0000] {processor.py:830} INFO - Processing file /home/airflow/.local/lib/python3.12/site-packages/airflow/example_dags/example_xcomargs.py for tasks to queue
[2024-05-05T15:33:31.123+0000] {logging_mixin.py:188} INFO - [2024-05-05T15:33:31.122+0000] {dagbag.py:540} INFO - Filling up the DagBag from /home/airflow/.local/lib/python3.12/site-packages/airflow/example_dags/example_xcomargs.py
[2024-05-05T15:33:31.190+0000] {processor.py:840} INFO - DAG(s) 'example_xcom_args', 'example_xcom_args_with_operators' retrieved from /home/airflow/.local/lib/python3.12/site-packages/airflow/example_dags/example_xcomargs.py
[2024-05-05T15:33:31.875+0000] {logging_mixin.py:188} INFO - [2024-05-05T15:33:31.873+0000] {override.py:1829} INFO - Created Permission View: can edit on DAG:example_xcom_args
[2024-05-05T15:33:31.923+0000] {logging_mixin.py:188} INFO - [2024-05-05T15:33:31.922+0000] {override.py:1829} INFO - Created Permission View: can read on DAG:example_xcom_args
[2024-05-05T15:33:31.959+0000] {logging_mixin.py:188} INFO - [2024-05-05T15:33:31.958+0000] {override.py:1829} INFO - Created Permission View: can delete on DAG:example_xcom_args
[2024-05-05T15:33:32.052+0000] {logging_mixin.py:188} INFO - [2024-05-05T15:33:32.052+0000] {override.py:1829} INFO - Created Permission View: can edit on DAG:example_xcom_args_with_operators
[2024-05-05T15:33:32.079+0000] {logging_mixin.py:188} INFO - [2024-05-05T15:33:32.079+0000] {override.py:1829} INFO - Created Permission View: can read on DAG:example_xcom_args_with_operators
[2024-05-05T15:33:32.107+0000] {logging_mixin.py:188} INFO - [2024-05-05T15:33:32.107+0000] {override.py:1829} INFO - Created Permission View: can delete on DAG:example_xcom_args_with_operators
[2024-05-05T15:33:32.109+0000] {logging_mixin.py:188} INFO - [2024-05-05T15:33:32.109+0000] {dag.py:3096} INFO - Sync 2 DAGs
[2024-05-05T15:33:32.156+0000] {logging_mixin.py:188} INFO - [2024-05-05T15:33:32.155+0000] {dag.py:3118} INFO - Creating ORM DAG for example_xcom_args
[2024-05-05T15:33:32.172+0000] {logging_mixin.py:188} INFO - [2024-05-05T15:33:32.172+0000] {dag.py:3118} INFO - Creating ORM DAG for example_xcom_args_with_operators
[2024-05-05T15:33:32.173+0000] {logging_mixin.py:188} INFO - [2024-05-05T15:33:32.173+0000] {dag.py:3954} INFO - Setting next_dagrun for example_xcom_args to None, run_after=None
[2024-05-05T15:33:32.174+0000] {logging_mixin.py:188} INFO - [2024-05-05T15:33:32.174+0000] {dag.py:3954} INFO - Setting next_dagrun for example_xcom_args_with_operators to None, run_after=None
[2024-05-05T15:33:32.266+0000] {processor.py:183} INFO - Processing /home/airflow/.local/lib/python3.12/site-packages/airflow/example_dags/example_xcomargs.py took 1.190 seconds
[2024-05-05T15:34:02.863+0000] {processor.py:161} INFO - Started process (PID=126) to work on /home/airflow/.local/lib/python3.12/site-packages/airflow/example_dags/example_xcomargs.py
[2024-05-05T15:34:02.865+0000] {processor.py:830} INFO - Processing file /home/airflow/.local/lib/python3.12/site-packages/airflow/example_dags/example_xcomargs.py for tasks to queue
[2024-05-05T15:34:02.867+0000] {logging_mixin.py:188} INFO - [2024-05-05T15:34:02.867+0000] {dagbag.py:540} INFO - Filling up the DagBag from /home/airflow/.local/lib/python3.12/site-packages/airflow/example_dags/example_xcomargs.py
[2024-05-05T15:34:02.877+0000] {processor.py:840} INFO - DAG(s) 'example_xcom_args', 'example_xcom_args_with_operators' retrieved from /home/airflow/.local/lib/python3.12/site-packages/airflow/example_dags/example_xcomargs.py
[2024-05-05T15:34:02.899+0000] {logging_mixin.py:188} INFO - [2024-05-05T15:34:02.899+0000] {dag.py:3096} INFO - Sync 2 DAGs
[2024-05-05T15:34:02.910+0000] {logging_mixin.py:188} INFO - [2024-05-05T15:34:02.910+0000] {dag.py:3954} INFO - Setting next_dagrun for example_xcom_args to None, run_after=None
[2024-05-05T15:34:02.913+0000] {logging_mixin.py:188} INFO - [2024-05-05T15:34:02.913+0000] {dag.py:3954} INFO - Setting next_dagrun for example_xcom_args_with_operators to None, run_after=None
[2024-05-05T15:34:02.944+0000] {processor.py:183} INFO - Processing /home/airflow/.local/lib/python3.12/site-packages/airflow/example_dags/example_xcomargs.py took 0.085 seconds
[2024-05-05T15:34:33.361+0000] {processor.py:161} INFO - Started process (PID=184) to work on /home/airflow/.local/lib/python3.12/site-packages/airflow/example_dags/example_xcomargs.py
[2024-05-05T15:34:33.366+0000] {processor.py:830} INFO - Processing file /home/airflow/.local/lib/python3.12/site-packages/airflow/example_dags/example_xcomargs.py for tasks to queue
[2024-05-05T15:34:33.368+0000] {logging_mixin.py:188} INFO - [2024-05-05T15:34:33.367+0000] {dagbag.py:540} INFO - Filling up the DagBag from /home/airflow/.local/lib/python3.12/site-packages/airflow/example_dags/example_xcomargs.py
[2024-05-05T15:34:33.383+0000] {processor.py:840} INFO - DAG(s) 'example_xcom_args_with_operators', 'example_xcom_args' retrieved from /home/airflow/.local/lib/python3.12/site-packages/airflow/example_dags/example_xcomargs.py
[2024-05-05T15:34:33.414+0000] {logging_mixin.py:188} INFO - [2024-05-05T15:34:33.414+0000] {dag.py:3096} INFO - Sync 2 DAGs
[2024-05-05T15:34:33.434+0000] {logging_mixin.py:188} INFO - [2024-05-05T15:34:33.434+0000] {dag.py:3954} INFO - Setting next_dagrun for example_xcom_args to None, run_after=None
[2024-05-05T15:34:33.439+0000] {logging_mixin.py:188} INFO - [2024-05-05T15:34:33.439+0000] {dag.py:3954} INFO - Setting next_dagrun for example_xcom_args_with_operators to None, run_after=None
[2024-05-05T15:34:33.461+0000] {processor.py:183} INFO - Processing /home/airflow/.local/lib/python3.12/site-packages/airflow/example_dags/example_xcomargs.py took 0.109 seconds
[2024-05-05T15:35:03.750+0000] {processor.py:161} INFO - Started process (PID=241) to work on /home/airflow/.local/lib/python3.12/site-packages/airflow/example_dags/example_xcomargs.py
[2024-05-05T15:35:03.751+0000] {processor.py:830} INFO - Processing file /home/airflow/.local/lib/python3.12/site-packages/airflow/example_dags/example_xcomargs.py for tasks to queue
[2024-05-05T15:35:03.753+0000] {logging_mixin.py:188} INFO - [2024-05-05T15:35:03.752+0000] {dagbag.py:540} INFO - Filling up the DagBag from /home/airflow/.local/lib/python3.12/site-packages/airflow/example_dags/example_xcomargs.py
[2024-05-05T15:35:03.763+0000] {processor.py:840} INFO - DAG(s) 'example_xcom_args', 'example_xcom_args_with_operators' retrieved from /home/airflow/.local/lib/python3.12/site-packages/airflow/example_dags/example_xcomargs.py
[2024-05-05T15:35:03.791+0000] {logging_mixin.py:188} INFO - [2024-05-05T15:35:03.791+0000] {dag.py:3096} INFO - Sync 2 DAGs
[2024-05-05T15:35:03.811+0000] {logging_mixin.py:188} INFO - [2024-05-05T15:35:03.811+0000] {dag.py:3954} INFO - Setting next_dagrun for example_xcom_args to None, run_after=None
[2024-05-05T15:35:03.816+0000] {logging_mixin.py:188} INFO - [2024-05-05T15:35:03.816+0000] {dag.py:3954} INFO - Setting next_dagrun for example_xcom_args_with_operators to None, run_after=None
[2024-05-05T15:35:03.850+0000] {processor.py:183} INFO - Processing /home/airflow/.local/lib/python3.12/site-packages/airflow/example_dags/example_xcomargs.py took 0.107 seconds
[2024-05-05T15:35:34.331+0000] {processor.py:161} INFO - Started process (PID=299) to work on /home/airflow/.local/lib/python3.12/site-packages/airflow/example_dags/example_xcomargs.py
[2024-05-05T15:35:34.332+0000] {processor.py:830} INFO - Processing file /home/airflow/.local/lib/python3.12/site-packages/airflow/example_dags/example_xcomargs.py for tasks to queue
[2024-05-05T15:35:34.333+0000] {logging_mixin.py:188} INFO - [2024-05-05T15:35:34.333+0000] {dagbag.py:540} INFO - Filling up the DagBag from /home/airflow/.local/lib/python3.12/site-packages/airflow/example_dags/example_xcomargs.py
[2024-05-05T15:35:34.345+0000] {processor.py:840} INFO - DAG(s) 'example_xcom_args', 'example_xcom_args_with_operators' retrieved from /home/airflow/.local/lib/python3.12/site-packages/airflow/example_dags/example_xcomargs.py
[2024-05-05T15:35:34.371+0000] {logging_mixin.py:188} INFO - [2024-05-05T15:35:34.371+0000] {dag.py:3096} INFO - Sync 2 DAGs
[2024-05-05T15:35:34.391+0000] {logging_mixin.py:188} INFO - [2024-05-05T15:35:34.391+0000] {dag.py:3954} INFO - Setting next_dagrun for example_xcom_args to None, run_after=None
[2024-05-05T15:35:34.395+0000] {logging_mixin.py:188} INFO - [2024-05-05T15:35:34.395+0000] {dag.py:3954} INFO - Setting next_dagrun for example_xcom_args_with_operators to None, run_after=None
[2024-05-05T15:35:34.417+0000] {processor.py:183} INFO - Processing /home/airflow/.local/lib/python3.12/site-packages/airflow/example_dags/example_xcomargs.py took 0.093 seconds
[2024-05-05T15:36:04.720+0000] {processor.py:161} INFO - Started process (PID=357) to work on /home/airflow/.local/lib/python3.12/site-packages/airflow/example_dags/example_xcomargs.py
[2024-05-05T15:36:04.721+0000] {processor.py:830} INFO - Processing file /home/airflow/.local/lib/python3.12/site-packages/airflow/example_dags/example_xcomargs.py for tasks to queue
[2024-05-05T15:36:04.723+0000] {logging_mixin.py:188} INFO - [2024-05-05T15:36:04.723+0000] {dagbag.py:540} INFO - Filling up the DagBag from /home/airflow/.local/lib/python3.12/site-packages/airflow/example_dags/example_xcomargs.py
[2024-05-05T15:36:04.735+0000] {processor.py:840} INFO - DAG(s) 'example_xcom_args_with_operators', 'example_xcom_args' retrieved from /home/airflow/.local/lib/python3.12/site-packages/airflow/example_dags/example_xcomargs.py
[2024-05-05T15:36:04.763+0000] {logging_mixin.py:188} INFO - [2024-05-05T15:36:04.763+0000] {dag.py:3096} INFO - Sync 2 DAGs
[2024-05-05T15:36:04.779+0000] {logging_mixin.py:188} INFO - [2024-05-05T15:36:04.779+0000] {dag.py:3954} INFO - Setting next_dagrun for example_xcom_args to None, run_after=None
[2024-05-05T15:36:04.784+0000] {logging_mixin.py:188} INFO - [2024-05-05T15:36:04.783+0000] {dag.py:3954} INFO - Setting next_dagrun for example_xcom_args_with_operators to None, run_after=None
[2024-05-05T15:36:04.813+0000] {processor.py:183} INFO - Processing /home/airflow/.local/lib/python3.12/site-packages/airflow/example_dags/example_xcomargs.py took 0.099 seconds
[2024-05-05T15:36:35.661+0000] {processor.py:161} INFO - Started process (PID=416) to work on /home/airflow/.local/lib/python3.12/site-packages/airflow/example_dags/example_xcomargs.py
[2024-05-05T15:36:35.662+0000] {processor.py:830} INFO - Processing file /home/airflow/.local/lib/python3.12/site-packages/airflow/example_dags/example_xcomargs.py for tasks to queue
[2024-05-05T15:36:35.670+0000] {logging_mixin.py:188} INFO - [2024-05-05T15:36:35.670+0000] {dagbag.py:540} INFO - Filling up the DagBag from /home/airflow/.local/lib/python3.12/site-packages/airflow/example_dags/example_xcomargs.py
[2024-05-05T15:36:35.702+0000] {processor.py:840} INFO - DAG(s) 'example_xcom_args_with_operators', 'example_xcom_args' retrieved from /home/airflow/.local/lib/python3.12/site-packages/airflow/example_dags/example_xcomargs.py
[2024-05-05T15:36:35.784+0000] {logging_mixin.py:188} INFO - [2024-05-05T15:36:35.784+0000] {dag.py:3096} INFO - Sync 2 DAGs
[2024-05-05T15:36:35.832+0000] {logging_mixin.py:188} INFO - [2024-05-05T15:36:35.832+0000] {dag.py:3954} INFO - Setting next_dagrun for example_xcom_args to None, run_after=None
[2024-05-05T15:36:35.848+0000] {logging_mixin.py:188} INFO - [2024-05-05T15:36:35.848+0000] {dag.py:3954} INFO - Setting next_dagrun for example_xcom_args_with_operators to None, run_after=None
[2024-05-05T15:36:35.916+0000] {processor.py:183} INFO - Processing /home/airflow/.local/lib/python3.12/site-packages/airflow/example_dags/example_xcomargs.py took 0.291 seconds
[2024-05-05T15:37:06.077+0000] {processor.py:161} INFO - Started process (PID=474) to work on /home/airflow/.local/lib/python3.12/site-packages/airflow/example_dags/example_xcomargs.py
[2024-05-05T15:37:06.078+0000] {processor.py:830} INFO - Processing file /home/airflow/.local/lib/python3.12/site-packages/airflow/example_dags/example_xcomargs.py for tasks to queue
[2024-05-05T15:37:06.080+0000] {logging_mixin.py:188} INFO - [2024-05-05T15:37:06.080+0000] {dagbag.py:540} INFO - Filling up the DagBag from /home/airflow/.local/lib/python3.12/site-packages/airflow/example_dags/example_xcomargs.py
[2024-05-05T15:37:06.090+0000] {processor.py:840} INFO - DAG(s) 'example_xcom_args', 'example_xcom_args_with_operators' retrieved from /home/airflow/.local/lib/python3.12/site-packages/airflow/example_dags/example_xcomargs.py
[2024-05-05T15:37:06.121+0000] {logging_mixin.py:188} INFO - [2024-05-05T15:37:06.120+0000] {dag.py:3096} INFO - Sync 2 DAGs
[2024-05-05T15:37:06.136+0000] {logging_mixin.py:188} INFO - [2024-05-05T15:37:06.136+0000] {dag.py:3954} INFO - Setting next_dagrun for example_xcom_args to None, run_after=None
[2024-05-05T15:37:06.141+0000] {logging_mixin.py:188} INFO - [2024-05-05T15:37:06.140+0000] {dag.py:3954} INFO - Setting next_dagrun for example_xcom_args_with_operators to None, run_after=None
[2024-05-05T15:37:06.179+0000] {processor.py:183} INFO - Processing /home/airflow/.local/lib/python3.12/site-packages/airflow/example_dags/example_xcomargs.py took 0.108 seconds
[2024-05-05T15:37:36.744+0000] {processor.py:161} INFO - Started process (PID=533) to work on /home/airflow/.local/lib/python3.12/site-packages/airflow/example_dags/example_xcomargs.py
[2024-05-05T15:37:36.746+0000] {processor.py:830} INFO - Processing file /home/airflow/.local/lib/python3.12/site-packages/airflow/example_dags/example_xcomargs.py for tasks to queue
[2024-05-05T15:37:36.748+0000] {logging_mixin.py:188} INFO - [2024-05-05T15:37:36.747+0000] {dagbag.py:540} INFO - Filling up the DagBag from /home/airflow/.local/lib/python3.12/site-packages/airflow/example_dags/example_xcomargs.py
[2024-05-05T15:37:36.774+0000] {processor.py:840} INFO - DAG(s) 'example_xcom_args', 'example_xcom_args_with_operators' retrieved from /home/airflow/.local/lib/python3.12/site-packages/airflow/example_dags/example_xcomargs.py
[2024-05-05T15:37:36.802+0000] {logging_mixin.py:188} INFO - [2024-05-05T15:37:36.802+0000] {dag.py:3096} INFO - Sync 2 DAGs
[2024-05-05T15:37:36.817+0000] {logging_mixin.py:188} INFO - [2024-05-05T15:37:36.816+0000] {dag.py:3954} INFO - Setting next_dagrun for example_xcom_args to None, run_after=None
[2024-05-05T15:37:36.821+0000] {logging_mixin.py:188} INFO - [2024-05-05T15:37:36.821+0000] {dag.py:3954} INFO - Setting next_dagrun for example_xcom_args_with_operators to None, run_after=None
[2024-05-05T15:37:36.851+0000] {processor.py:183} INFO - Processing /home/airflow/.local/lib/python3.12/site-packages/airflow/example_dags/example_xcomargs.py took 0.114 seconds
[2024-05-05T15:38:07.652+0000] {processor.py:161} INFO - Started process (PID=592) to work on /home/airflow/.local/lib/python3.12/site-packages/airflow/example_dags/example_xcomargs.py
[2024-05-05T15:38:07.653+0000] {processor.py:830} INFO - Processing file /home/airflow/.local/lib/python3.12/site-packages/airflow/example_dags/example_xcomargs.py for tasks to queue
[2024-05-05T15:38:07.655+0000] {logging_mixin.py:188} INFO - [2024-05-05T15:38:07.655+0000] {dagbag.py:540} INFO - Filling up the DagBag from /home/airflow/.local/lib/python3.12/site-packages/airflow/example_dags/example_xcomargs.py
[2024-05-05T15:38:07.665+0000] {processor.py:840} INFO - DAG(s) 'example_xcom_args', 'example_xcom_args_with_operators' retrieved from /home/airflow/.local/lib/python3.12/site-packages/airflow/example_dags/example_xcomargs.py
[2024-05-05T15:38:07.694+0000] {logging_mixin.py:188} INFO - [2024-05-05T15:38:07.694+0000] {dag.py:3096} INFO - Sync 2 DAGs
[2024-05-05T15:38:07.710+0000] {logging_mixin.py:188} INFO - [2024-05-05T15:38:07.710+0000] {dag.py:3954} INFO - Setting next_dagrun for example_xcom_args to None, run_after=None
[2024-05-05T15:38:07.714+0000] {logging_mixin.py:188} INFO - [2024-05-05T15:38:07.714+0000] {dag.py:3954} INFO - Setting next_dagrun for example_xcom_args_with_operators to None, run_after=None
[2024-05-05T15:38:07.737+0000] {processor.py:183} INFO - Processing /home/airflow/.local/lib/python3.12/site-packages/airflow/example_dags/example_xcomargs.py took 0.091 seconds
[2024-05-05T15:38:37.830+0000] {processor.py:161} INFO - Started process (PID=650) to work on /home/airflow/.local/lib/python3.12/site-packages/airflow/example_dags/example_xcomargs.py
[2024-05-05T15:38:37.831+0000] {processor.py:830} INFO - Processing file /home/airflow/.local/lib/python3.12/site-packages/airflow/example_dags/example_xcomargs.py for tasks to queue
[2024-05-05T15:38:37.833+0000] {logging_mixin.py:188} INFO - [2024-05-05T15:38:37.832+0000] {dagbag.py:540} INFO - Filling up the DagBag from /home/airflow/.local/lib/python3.12/site-packages/airflow/example_dags/example_xcomargs.py
[2024-05-05T15:38:37.847+0000] {processor.py:840} INFO - DAG(s) 'example_xcom_args', 'example_xcom_args_with_operators' retrieved from /home/airflow/.local/lib/python3.12/site-packages/airflow/example_dags/example_xcomargs.py
[2024-05-05T15:38:37.879+0000] {logging_mixin.py:188} INFO - [2024-05-05T15:38:37.878+0000] {dag.py:3096} INFO - Sync 2 DAGs
[2024-05-05T15:38:37.915+0000] {logging_mixin.py:188} INFO - [2024-05-05T15:38:37.915+0000] {dag.py:3954} INFO - Setting next_dagrun for example_xcom_args to None, run_after=None
[2024-05-05T15:38:37.925+0000] {logging_mixin.py:188} INFO - [2024-05-05T15:38:37.925+0000] {dag.py:3954} INFO - Setting next_dagrun for example_xcom_args_with_operators to None, run_after=None
[2024-05-05T15:38:37.970+0000] {processor.py:183} INFO - Processing /home/airflow/.local/lib/python3.12/site-packages/airflow/example_dags/example_xcomargs.py took 0.146 seconds
[2024-05-05T15:39:08.992+0000] {processor.py:161} INFO - Started process (PID=708) to work on /home/airflow/.local/lib/python3.12/site-packages/airflow/example_dags/example_xcomargs.py
[2024-05-05T15:39:08.993+0000] {processor.py:830} INFO - Processing file /home/airflow/.local/lib/python3.12/site-packages/airflow/example_dags/example_xcomargs.py for tasks to queue
[2024-05-05T15:39:08.996+0000] {logging_mixin.py:188} INFO - [2024-05-05T15:39:08.995+0000] {dagbag.py:540} INFO - Filling up the DagBag from /home/airflow/.local/lib/python3.12/site-packages/airflow/example_dags/example_xcomargs.py
[2024-05-05T15:39:09.005+0000] {processor.py:840} INFO - DAG(s) 'example_xcom_args_with_operators', 'example_xcom_args' retrieved from /home/airflow/.local/lib/python3.12/site-packages/airflow/example_dags/example_xcomargs.py
[2024-05-05T15:39:09.034+0000] {logging_mixin.py:188} INFO - [2024-05-05T15:39:09.034+0000] {dag.py:3096} INFO - Sync 2 DAGs
[2024-05-05T15:39:09.051+0000] {logging_mixin.py:188} INFO - [2024-05-05T15:39:09.050+0000] {dag.py:3954} INFO - Setting next_dagrun for example_xcom_args to None, run_after=None
[2024-05-05T15:39:09.055+0000] {logging_mixin.py:188} INFO - [2024-05-05T15:39:09.055+0000] {dag.py:3954} INFO - Setting next_dagrun for example_xcom_args_with_operators to None, run_after=None
[2024-05-05T15:39:09.076+0000] {processor.py:183} INFO - Processing /home/airflow/.local/lib/python3.12/site-packages/airflow/example_dags/example_xcomargs.py took 0.090 seconds
[2024-05-05T15:39:39.859+0000] {processor.py:161} INFO - Started process (PID=767) to work on /home/airflow/.local/lib/python3.12/site-packages/airflow/example_dags/example_xcomargs.py
[2024-05-05T15:39:39.860+0000] {processor.py:830} INFO - Processing file /home/airflow/.local/lib/python3.12/site-packages/airflow/example_dags/example_xcomargs.py for tasks to queue
[2024-05-05T15:39:39.863+0000] {logging_mixin.py:188} INFO - [2024-05-05T15:39:39.862+0000] {dagbag.py:540} INFO - Filling up the DagBag from /home/airflow/.local/lib/python3.12/site-packages/airflow/example_dags/example_xcomargs.py
[2024-05-05T15:39:39.872+0000] {processor.py:840} INFO - DAG(s) 'example_xcom_args', 'example_xcom_args_with_operators' retrieved from /home/airflow/.local/lib/python3.12/site-packages/airflow/example_dags/example_xcomargs.py
[2024-05-05T15:39:39.901+0000] {logging_mixin.py:188} INFO - [2024-05-05T15:39:39.901+0000] {dag.py:3096} INFO - Sync 2 DAGs
[2024-05-05T15:39:39.917+0000] {logging_mixin.py:188} INFO - [2024-05-05T15:39:39.917+0000] {dag.py:3954} INFO - Setting next_dagrun for example_xcom_args to None, run_after=None
[2024-05-05T15:39:39.922+0000] {logging_mixin.py:188} INFO - [2024-05-05T15:39:39.922+0000] {dag.py:3954} INFO - Setting next_dagrun for example_xcom_args_with_operators to None, run_after=None
[2024-05-05T15:39:39.951+0000] {processor.py:183} INFO - Processing /home/airflow/.local/lib/python3.12/site-packages/airflow/example_dags/example_xcomargs.py took 0.098 seconds
[2024-05-05T15:40:09.977+0000] {processor.py:161} INFO - Started process (PID=824) to work on /home/airflow/.local/lib/python3.12/site-packages/airflow/example_dags/example_xcomargs.py
[2024-05-05T15:40:09.980+0000] {processor.py:830} INFO - Processing file /home/airflow/.local/lib/python3.12/site-packages/airflow/example_dags/example_xcomargs.py for tasks to queue
[2024-05-05T15:40:09.982+0000] {logging_mixin.py:188} INFO - [2024-05-05T15:40:09.981+0000] {dagbag.py:540} INFO - Filling up the DagBag from /home/airflow/.local/lib/python3.12/site-packages/airflow/example_dags/example_xcomargs.py
[2024-05-05T15:40:09.994+0000] {processor.py:840} INFO - DAG(s) 'example_xcom_args_with_operators', 'example_xcom_args' retrieved from /home/airflow/.local/lib/python3.12/site-packages/airflow/example_dags/example_xcomargs.py
[2024-05-05T15:40:10.022+0000] {logging_mixin.py:188} INFO - [2024-05-05T15:40:10.021+0000] {dag.py:3096} INFO - Sync 2 DAGs
[2024-05-05T15:40:10.037+0000] {logging_mixin.py:188} INFO - [2024-05-05T15:40:10.037+0000] {dag.py:3954} INFO - Setting next_dagrun for example_xcom_args to None, run_after=None
[2024-05-05T15:40:10.042+0000] {logging_mixin.py:188} INFO - [2024-05-05T15:40:10.042+0000] {dag.py:3954} INFO - Setting next_dagrun for example_xcom_args_with_operators to None, run_after=None
[2024-05-05T15:40:10.063+0000] {processor.py:183} INFO - Processing /home/airflow/.local/lib/python3.12/site-packages/airflow/example_dags/example_xcomargs.py took 0.092 seconds
[2024-05-05T15:40:40.851+0000] {processor.py:161} INFO - Started process (PID=882) to work on /home/airflow/.local/lib/python3.12/site-packages/airflow/example_dags/example_xcomargs.py
[2024-05-05T15:40:40.852+0000] {processor.py:830} INFO - Processing file /home/airflow/.local/lib/python3.12/site-packages/airflow/example_dags/example_xcomargs.py for tasks to queue
[2024-05-05T15:40:40.854+0000] {logging_mixin.py:188} INFO - [2024-05-05T15:40:40.854+0000] {dagbag.py:540} INFO - Filling up the DagBag from /home/airflow/.local/lib/python3.12/site-packages/airflow/example_dags/example_xcomargs.py
[2024-05-05T15:40:40.866+0000] {processor.py:840} INFO - DAG(s) 'example_xcom_args_with_operators', 'example_xcom_args' retrieved from /home/airflow/.local/lib/python3.12/site-packages/airflow/example_dags/example_xcomargs.py
[2024-05-05T15:40:40.895+0000] {logging_mixin.py:188} INFO - [2024-05-05T15:40:40.895+0000] {dag.py:3096} INFO - Sync 2 DAGs
[2024-05-05T15:40:40.911+0000] {logging_mixin.py:188} INFO - [2024-05-05T15:40:40.911+0000] {dag.py:3954} INFO - Setting next_dagrun for example_xcom_args to None, run_after=None
[2024-05-05T15:40:40.916+0000] {logging_mixin.py:188} INFO - [2024-05-05T15:40:40.915+0000] {dag.py:3954} INFO - Setting next_dagrun for example_xcom_args_with_operators to None, run_after=None
[2024-05-05T15:40:40.945+0000] {processor.py:183} INFO - Processing /home/airflow/.local/lib/python3.12/site-packages/airflow/example_dags/example_xcomargs.py took 0.100 seconds
[2024-05-05T15:41:11.105+0000] {processor.py:161} INFO - Started process (PID=939) to work on /home/airflow/.local/lib/python3.12/site-packages/airflow/example_dags/example_xcomargs.py
[2024-05-05T15:41:11.112+0000] {processor.py:830} INFO - Processing file /home/airflow/.local/lib/python3.12/site-packages/airflow/example_dags/example_xcomargs.py for tasks to queue
[2024-05-05T15:41:11.114+0000] {logging_mixin.py:188} INFO - [2024-05-05T15:41:11.113+0000] {dagbag.py:540} INFO - Filling up the DagBag from /home/airflow/.local/lib/python3.12/site-packages/airflow/example_dags/example_xcomargs.py
[2024-05-05T15:41:11.131+0000] {processor.py:840} INFO - DAG(s) 'example_xcom_args_with_operators', 'example_xcom_args' retrieved from /home/airflow/.local/lib/python3.12/site-packages/airflow/example_dags/example_xcomargs.py
[2024-05-05T15:41:11.208+0000] {logging_mixin.py:188} INFO - [2024-05-05T15:41:11.208+0000] {dag.py:3096} INFO - Sync 2 DAGs
[2024-05-05T15:41:11.695+0000] {logging_mixin.py:188} INFO - [2024-05-05T15:41:11.695+0000] {dag.py:3954} INFO - Setting next_dagrun for example_xcom_args to None, run_after=None
[2024-05-05T15:41:11.708+0000] {logging_mixin.py:188} INFO - [2024-05-05T15:41:11.708+0000] {dag.py:3954} INFO - Setting next_dagrun for example_xcom_args_with_operators to None, run_after=None
[2024-05-05T15:41:11.744+0000] {processor.py:183} INFO - Processing /home/airflow/.local/lib/python3.12/site-packages/airflow/example_dags/example_xcomargs.py took 0.669 seconds
[2024-05-05T15:41:42.606+0000] {processor.py:161} INFO - Started process (PID=998) to work on /home/airflow/.local/lib/python3.12/site-packages/airflow/example_dags/example_xcomargs.py
[2024-05-05T15:41:42.616+0000] {processor.py:830} INFO - Processing file /home/airflow/.local/lib/python3.12/site-packages/airflow/example_dags/example_xcomargs.py for tasks to queue
[2024-05-05T15:41:42.618+0000] {logging_mixin.py:188} INFO - [2024-05-05T15:41:42.618+0000] {dagbag.py:540} INFO - Filling up the DagBag from /home/airflow/.local/lib/python3.12/site-packages/airflow/example_dags/example_xcomargs.py
[2024-05-05T15:41:42.636+0000] {processor.py:840} INFO - DAG(s) 'example_xcom_args', 'example_xcom_args_with_operators' retrieved from /home/airflow/.local/lib/python3.12/site-packages/airflow/example_dags/example_xcomargs.py
[2024-05-05T15:41:42.700+0000] {logging_mixin.py:188} INFO - [2024-05-05T15:41:42.698+0000] {dag.py:3096} INFO - Sync 2 DAGs
[2024-05-05T15:41:42.742+0000] {logging_mixin.py:188} INFO - [2024-05-05T15:41:42.742+0000] {dag.py:3954} INFO - Setting next_dagrun for example_xcom_args to None, run_after=None
[2024-05-05T15:41:42.756+0000] {logging_mixin.py:188} INFO - [2024-05-05T15:41:42.755+0000] {dag.py:3954} INFO - Setting next_dagrun for example_xcom_args_with_operators to None, run_after=None
[2024-05-05T15:41:42.797+0000] {processor.py:183} INFO - Processing /home/airflow/.local/lib/python3.12/site-packages/airflow/example_dags/example_xcomargs.py took 0.198 seconds
[2024-05-05T15:42:13.622+0000] {processor.py:161} INFO - Started process (PID=1057) to work on /home/airflow/.local/lib/python3.12/site-packages/airflow/example_dags/example_xcomargs.py
[2024-05-05T15:42:13.623+0000] {processor.py:830} INFO - Processing file /home/airflow/.local/lib/python3.12/site-packages/airflow/example_dags/example_xcomargs.py for tasks to queue
[2024-05-05T15:42:13.626+0000] {logging_mixin.py:188} INFO - [2024-05-05T15:42:13.625+0000] {dagbag.py:540} INFO - Filling up the DagBag from /home/airflow/.local/lib/python3.12/site-packages/airflow/example_dags/example_xcomargs.py
[2024-05-05T15:42:13.635+0000] {processor.py:840} INFO - DAG(s) 'example_xcom_args_with_operators', 'example_xcom_args' retrieved from /home/airflow/.local/lib/python3.12/site-packages/airflow/example_dags/example_xcomargs.py
[2024-05-05T15:42:13.663+0000] {logging_mixin.py:188} INFO - [2024-05-05T15:42:13.663+0000] {dag.py:3096} INFO - Sync 2 DAGs
[2024-05-05T15:42:13.684+0000] {logging_mixin.py:188} INFO - [2024-05-05T15:42:13.683+0000] {dag.py:3954} INFO - Setting next_dagrun for example_xcom_args to None, run_after=None
[2024-05-05T15:42:13.688+0000] {logging_mixin.py:188} INFO - [2024-05-05T15:42:13.688+0000] {dag.py:3954} INFO - Setting next_dagrun for example_xcom_args_with_operators to None, run_after=None
[2024-05-05T15:42:13.709+0000] {processor.py:183} INFO - Processing /home/airflow/.local/lib/python3.12/site-packages/airflow/example_dags/example_xcomargs.py took 0.093 seconds
[2024-05-05T15:42:43.962+0000] {processor.py:161} INFO - Started process (PID=1115) to work on /home/airflow/.local/lib/python3.12/site-packages/airflow/example_dags/example_xcomargs.py
[2024-05-05T15:42:43.968+0000] {processor.py:830} INFO - Processing file /home/airflow/.local/lib/python3.12/site-packages/airflow/example_dags/example_xcomargs.py for tasks to queue
[2024-05-05T15:42:43.970+0000] {logging_mixin.py:188} INFO - [2024-05-05T15:42:43.970+0000] {dagbag.py:540} INFO - Filling up the DagBag from /home/airflow/.local/lib/python3.12/site-packages/airflow/example_dags/example_xcomargs.py
[2024-05-05T15:42:44.012+0000] {processor.py:840} INFO - DAG(s) 'example_xcom_args_with_operators', 'example_xcom_args' retrieved from /home/airflow/.local/lib/python3.12/site-packages/airflow/example_dags/example_xcomargs.py
[2024-05-05T15:42:44.108+0000] {logging_mixin.py:188} INFO - [2024-05-05T15:42:44.108+0000] {dag.py:3096} INFO - Sync 2 DAGs
[2024-05-05T15:42:44.149+0000] {logging_mixin.py:188} INFO - [2024-05-05T15:42:44.148+0000] {dag.py:3954} INFO - Setting next_dagrun for example_xcom_args to None, run_after=None
[2024-05-05T15:42:44.193+0000] {logging_mixin.py:188} INFO - [2024-05-05T15:42:44.193+0000] {dag.py:3954} INFO - Setting next_dagrun for example_xcom_args_with_operators to None, run_after=None
[2024-05-05T15:42:44.275+0000] {processor.py:183} INFO - Processing /home/airflow/.local/lib/python3.12/site-packages/airflow/example_dags/example_xcomargs.py took 0.320 seconds
[2024-05-05T15:43:14.528+0000] {processor.py:161} INFO - Started process (PID=1173) to work on /home/airflow/.local/lib/python3.12/site-packages/airflow/example_dags/example_xcomargs.py
[2024-05-05T15:43:14.532+0000] {processor.py:830} INFO - Processing file /home/airflow/.local/lib/python3.12/site-packages/airflow/example_dags/example_xcomargs.py for tasks to queue
[2024-05-05T15:43:14.536+0000] {logging_mixin.py:188} INFO - [2024-05-05T15:43:14.536+0000] {dagbag.py:540} INFO - Filling up the DagBag from /home/airflow/.local/lib/python3.12/site-packages/airflow/example_dags/example_xcomargs.py
[2024-05-05T15:43:14.554+0000] {processor.py:840} INFO - DAG(s) 'example_xcom_args', 'example_xcom_args_with_operators' retrieved from /home/airflow/.local/lib/python3.12/site-packages/airflow/example_dags/example_xcomargs.py
[2024-05-05T15:43:14.633+0000] {logging_mixin.py:188} INFO - [2024-05-05T15:43:14.632+0000] {dag.py:3096} INFO - Sync 2 DAGs
[2024-05-05T15:43:14.706+0000] {logging_mixin.py:188} INFO - [2024-05-05T15:43:14.705+0000] {dag.py:3954} INFO - Setting next_dagrun for example_xcom_args to None, run_after=None
[2024-05-05T15:43:14.721+0000] {logging_mixin.py:188} INFO - [2024-05-05T15:43:14.720+0000] {dag.py:3954} INFO - Setting next_dagrun for example_xcom_args_with_operators to None, run_after=None
[2024-05-05T15:43:14.764+0000] {processor.py:183} INFO - Processing /home/airflow/.local/lib/python3.12/site-packages/airflow/example_dags/example_xcomargs.py took 0.244 seconds
[2024-05-05T15:43:45.560+0000] {processor.py:161} INFO - Started process (PID=1231) to work on /home/airflow/.local/lib/python3.12/site-packages/airflow/example_dags/example_xcomargs.py
[2024-05-05T15:43:45.561+0000] {processor.py:830} INFO - Processing file /home/airflow/.local/lib/python3.12/site-packages/airflow/example_dags/example_xcomargs.py for tasks to queue
[2024-05-05T15:43:45.573+0000] {logging_mixin.py:188} INFO - [2024-05-05T15:43:45.567+0000] {dagbag.py:540} INFO - Filling up the DagBag from /home/airflow/.local/lib/python3.12/site-packages/airflow/example_dags/example_xcomargs.py
[2024-05-05T15:43:45.601+0000] {processor.py:840} INFO - DAG(s) 'example_xcom_args_with_operators', 'example_xcom_args' retrieved from /home/airflow/.local/lib/python3.12/site-packages/airflow/example_dags/example_xcomargs.py
[2024-05-05T15:43:45.682+0000] {logging_mixin.py:188} INFO - [2024-05-05T15:43:45.680+0000] {dag.py:3096} INFO - Sync 2 DAGs
[2024-05-05T15:43:45.742+0000] {logging_mixin.py:188} INFO - [2024-05-05T15:43:45.742+0000] {dag.py:3954} INFO - Setting next_dagrun for example_xcom_args to None, run_after=None
[2024-05-05T15:43:45.760+0000] {logging_mixin.py:188} INFO - [2024-05-05T15:43:45.759+0000] {dag.py:3954} INFO - Setting next_dagrun for example_xcom_args_with_operators to None, run_after=None
[2024-05-05T15:43:45.804+0000] {processor.py:183} INFO - Processing /home/airflow/.local/lib/python3.12/site-packages/airflow/example_dags/example_xcomargs.py took 0.255 seconds
[2024-05-05T15:44:16.598+0000] {processor.py:161} INFO - Started process (PID=1289) to work on /home/airflow/.local/lib/python3.12/site-packages/airflow/example_dags/example_xcomargs.py
[2024-05-05T15:44:16.598+0000] {processor.py:830} INFO - Processing file /home/airflow/.local/lib/python3.12/site-packages/airflow/example_dags/example_xcomargs.py for tasks to queue
[2024-05-05T15:44:16.600+0000] {logging_mixin.py:188} INFO - [2024-05-05T15:44:16.600+0000] {dagbag.py:540} INFO - Filling up the DagBag from /home/airflow/.local/lib/python3.12/site-packages/airflow/example_dags/example_xcomargs.py
[2024-05-05T15:44:16.609+0000] {processor.py:840} INFO - DAG(s) 'example_xcom_args_with_operators', 'example_xcom_args' retrieved from /home/airflow/.local/lib/python3.12/site-packages/airflow/example_dags/example_xcomargs.py
[2024-05-05T15:44:16.642+0000] {logging_mixin.py:188} INFO - [2024-05-05T15:44:16.641+0000] {dag.py:3096} INFO - Sync 2 DAGs
[2024-05-05T15:44:16.660+0000] {logging_mixin.py:188} INFO - [2024-05-05T15:44:16.659+0000] {dag.py:3954} INFO - Setting next_dagrun for example_xcom_args to None, run_after=None
[2024-05-05T15:44:16.670+0000] {logging_mixin.py:188} INFO - [2024-05-05T15:44:16.670+0000] {dag.py:3954} INFO - Setting next_dagrun for example_xcom_args_with_operators to None, run_after=None
[2024-05-05T15:44:16.702+0000] {processor.py:183} INFO - Processing /home/airflow/.local/lib/python3.12/site-packages/airflow/example_dags/example_xcomargs.py took 0.111 seconds
[2024-05-05T15:44:47.084+0000] {processor.py:161} INFO - Started process (PID=1347) to work on /home/airflow/.local/lib/python3.12/site-packages/airflow/example_dags/example_xcomargs.py
[2024-05-05T15:44:47.085+0000] {processor.py:830} INFO - Processing file /home/airflow/.local/lib/python3.12/site-packages/airflow/example_dags/example_xcomargs.py for tasks to queue
[2024-05-05T15:44:47.087+0000] {logging_mixin.py:188} INFO - [2024-05-05T15:44:47.086+0000] {dagbag.py:540} INFO - Filling up the DagBag from /home/airflow/.local/lib/python3.12/site-packages/airflow/example_dags/example_xcomargs.py
[2024-05-05T15:44:47.097+0000] {processor.py:840} INFO - DAG(s) 'example_xcom_args', 'example_xcom_args_with_operators' retrieved from /home/airflow/.local/lib/python3.12/site-packages/airflow/example_dags/example_xcomargs.py
[2024-05-05T15:44:47.138+0000] {logging_mixin.py:188} INFO - [2024-05-05T15:44:47.138+0000] {dag.py:3096} INFO - Sync 2 DAGs
[2024-05-05T15:44:47.154+0000] {logging_mixin.py:188} INFO - [2024-05-05T15:44:47.154+0000] {dag.py:3954} INFO - Setting next_dagrun for example_xcom_args to None, run_after=None
[2024-05-05T15:44:47.163+0000] {logging_mixin.py:188} INFO - [2024-05-05T15:44:47.163+0000] {dag.py:3954} INFO - Setting next_dagrun for example_xcom_args_with_operators to None, run_after=None
[2024-05-05T15:44:47.185+0000] {processor.py:183} INFO - Processing /home/airflow/.local/lib/python3.12/site-packages/airflow/example_dags/example_xcomargs.py took 0.108 seconds
[2024-05-05T15:45:17.566+0000] {processor.py:161} INFO - Started process (PID=1404) to work on /home/airflow/.local/lib/python3.12/site-packages/airflow/example_dags/example_xcomargs.py
[2024-05-05T15:45:17.567+0000] {processor.py:830} INFO - Processing file /home/airflow/.local/lib/python3.12/site-packages/airflow/example_dags/example_xcomargs.py for tasks to queue
[2024-05-05T15:45:17.568+0000] {logging_mixin.py:188} INFO - [2024-05-05T15:45:17.568+0000] {dagbag.py:540} INFO - Filling up the DagBag from /home/airflow/.local/lib/python3.12/site-packages/airflow/example_dags/example_xcomargs.py
[2024-05-05T15:45:17.578+0000] {processor.py:840} INFO - DAG(s) 'example_xcom_args', 'example_xcom_args_with_operators' retrieved from /home/airflow/.local/lib/python3.12/site-packages/airflow/example_dags/example_xcomargs.py
[2024-05-05T15:45:17.608+0000] {logging_mixin.py:188} INFO - [2024-05-05T15:45:17.608+0000] {dag.py:3096} INFO - Sync 2 DAGs
[2024-05-05T15:45:17.625+0000] {logging_mixin.py:188} INFO - [2024-05-05T15:45:17.625+0000] {dag.py:3954} INFO - Setting next_dagrun for example_xcom_args to None, run_after=None
[2024-05-05T15:45:17.630+0000] {logging_mixin.py:188} INFO - [2024-05-05T15:45:17.630+0000] {dag.py:3954} INFO - Setting next_dagrun for example_xcom_args_with_operators to None, run_after=None
[2024-05-05T15:45:17.653+0000] {processor.py:183} INFO - Processing /home/airflow/.local/lib/python3.12/site-packages/airflow/example_dags/example_xcomargs.py took 0.094 seconds
[2024-05-05T15:45:47.831+0000] {processor.py:161} INFO - Started process (PID=1462) to work on /home/airflow/.local/lib/python3.12/site-packages/airflow/example_dags/example_xcomargs.py
[2024-05-05T15:45:47.846+0000] {processor.py:830} INFO - Processing file /home/airflow/.local/lib/python3.12/site-packages/airflow/example_dags/example_xcomargs.py for tasks to queue
[2024-05-05T15:45:47.851+0000] {logging_mixin.py:188} INFO - [2024-05-05T15:45:47.851+0000] {dagbag.py:540} INFO - Filling up the DagBag from /home/airflow/.local/lib/python3.12/site-packages/airflow/example_dags/example_xcomargs.py
[2024-05-05T15:45:47.869+0000] {processor.py:840} INFO - DAG(s) 'example_xcom_args_with_operators', 'example_xcom_args' retrieved from /home/airflow/.local/lib/python3.12/site-packages/airflow/example_dags/example_xcomargs.py
[2024-05-05T15:45:47.921+0000] {logging_mixin.py:188} INFO - [2024-05-05T15:45:47.921+0000] {dag.py:3096} INFO - Sync 2 DAGs
[2024-05-05T15:45:47.952+0000] {logging_mixin.py:188} INFO - [2024-05-05T15:45:47.952+0000] {dag.py:3954} INFO - Setting next_dagrun for example_xcom_args to None, run_after=None
[2024-05-05T15:45:47.960+0000] {logging_mixin.py:188} INFO - [2024-05-05T15:45:47.960+0000] {dag.py:3954} INFO - Setting next_dagrun for example_xcom_args_with_operators to None, run_after=None
[2024-05-05T15:45:48.005+0000] {processor.py:183} INFO - Processing /home/airflow/.local/lib/python3.12/site-packages/airflow/example_dags/example_xcomargs.py took 0.181 seconds
[2024-05-05T15:46:18.523+0000] {processor.py:161} INFO - Started process (PID=1521) to work on /home/airflow/.local/lib/python3.12/site-packages/airflow/example_dags/example_xcomargs.py
[2024-05-05T15:46:18.525+0000] {processor.py:830} INFO - Processing file /home/airflow/.local/lib/python3.12/site-packages/airflow/example_dags/example_xcomargs.py for tasks to queue
[2024-05-05T15:46:18.527+0000] {logging_mixin.py:188} INFO - [2024-05-05T15:46:18.526+0000] {dagbag.py:540} INFO - Filling up the DagBag from /home/airflow/.local/lib/python3.12/site-packages/airflow/example_dags/example_xcomargs.py
[2024-05-05T15:46:18.537+0000] {processor.py:840} INFO - DAG(s) 'example_xcom_args_with_operators', 'example_xcom_args' retrieved from /home/airflow/.local/lib/python3.12/site-packages/airflow/example_dags/example_xcomargs.py
[2024-05-05T15:46:18.606+0000] {logging_mixin.py:188} INFO - [2024-05-05T15:46:18.606+0000] {dag.py:3096} INFO - Sync 2 DAGs
[2024-05-05T15:46:18.635+0000] {logging_mixin.py:188} INFO - [2024-05-05T15:46:18.634+0000] {dag.py:3954} INFO - Setting next_dagrun for example_xcom_args to None, run_after=None
[2024-05-05T15:46:18.646+0000] {logging_mixin.py:188} INFO - [2024-05-05T15:46:18.646+0000] {dag.py:3954} INFO - Setting next_dagrun for example_xcom_args_with_operators to None, run_after=None
[2024-05-05T15:46:18.691+0000] {processor.py:183} INFO - Processing /home/airflow/.local/lib/python3.12/site-packages/airflow/example_dags/example_xcomargs.py took 0.194 seconds
[2024-05-05T15:46:48.946+0000] {processor.py:161} INFO - Started process (PID=1578) to work on /home/airflow/.local/lib/python3.12/site-packages/airflow/example_dags/example_xcomargs.py
[2024-05-05T15:46:48.952+0000] {processor.py:830} INFO - Processing file /home/airflow/.local/lib/python3.12/site-packages/airflow/example_dags/example_xcomargs.py for tasks to queue
[2024-05-05T15:46:48.966+0000] {logging_mixin.py:188} INFO - [2024-05-05T15:46:48.959+0000] {dagbag.py:540} INFO - Filling up the DagBag from /home/airflow/.local/lib/python3.12/site-packages/airflow/example_dags/example_xcomargs.py
[2024-05-05T15:46:48.975+0000] {processor.py:840} INFO - DAG(s) 'example_xcom_args', 'example_xcom_args_with_operators' retrieved from /home/airflow/.local/lib/python3.12/site-packages/airflow/example_dags/example_xcomargs.py
[2024-05-05T15:46:49.002+0000] {logging_mixin.py:188} INFO - [2024-05-05T15:46:49.002+0000] {dag.py:3096} INFO - Sync 2 DAGs
[2024-05-05T15:46:49.015+0000] {logging_mixin.py:188} INFO - [2024-05-05T15:46:49.015+0000] {dag.py:3954} INFO - Setting next_dagrun for example_xcom_args to None, run_after=None
[2024-05-05T15:46:49.020+0000] {logging_mixin.py:188} INFO - [2024-05-05T15:46:49.020+0000] {dag.py:3954} INFO - Setting next_dagrun for example_xcom_args_with_operators to None, run_after=None
[2024-05-05T15:46:49.041+0000] {processor.py:183} INFO - Processing /home/airflow/.local/lib/python3.12/site-packages/airflow/example_dags/example_xcomargs.py took 0.117 seconds
[2024-05-05T15:47:19.227+0000] {processor.py:161} INFO - Started process (PID=1635) to work on /home/airflow/.local/lib/python3.12/site-packages/airflow/example_dags/example_xcomargs.py
[2024-05-05T15:47:19.232+0000] {processor.py:830} INFO - Processing file /home/airflow/.local/lib/python3.12/site-packages/airflow/example_dags/example_xcomargs.py for tasks to queue
[2024-05-05T15:47:19.236+0000] {logging_mixin.py:188} INFO - [2024-05-05T15:47:19.235+0000] {dagbag.py:540} INFO - Filling up the DagBag from /home/airflow/.local/lib/python3.12/site-packages/airflow/example_dags/example_xcomargs.py
[2024-05-05T15:47:19.245+0000] {processor.py:840} INFO - DAG(s) 'example_xcom_args', 'example_xcom_args_with_operators' retrieved from /home/airflow/.local/lib/python3.12/site-packages/airflow/example_dags/example_xcomargs.py
[2024-05-05T15:47:19.276+0000] {logging_mixin.py:188} INFO - [2024-05-05T15:47:19.276+0000] {dag.py:3096} INFO - Sync 2 DAGs
[2024-05-05T15:47:19.293+0000] {logging_mixin.py:188} INFO - [2024-05-05T15:47:19.293+0000] {dag.py:3954} INFO - Setting next_dagrun for example_xcom_args to None, run_after=None
[2024-05-05T15:47:19.298+0000] {logging_mixin.py:188} INFO - [2024-05-05T15:47:19.298+0000] {dag.py:3954} INFO - Setting next_dagrun for example_xcom_args_with_operators to None, run_after=None
[2024-05-05T15:47:19.325+0000] {processor.py:183} INFO - Processing /home/airflow/.local/lib/python3.12/site-packages/airflow/example_dags/example_xcomargs.py took 0.103 seconds
[2024-05-05T15:47:49.963+0000] {processor.py:161} INFO - Started process (PID=1693) to work on /home/airflow/.local/lib/python3.12/site-packages/airflow/example_dags/example_xcomargs.py
[2024-05-05T15:47:49.973+0000] {processor.py:830} INFO - Processing file /home/airflow/.local/lib/python3.12/site-packages/airflow/example_dags/example_xcomargs.py for tasks to queue
[2024-05-05T15:47:49.977+0000] {logging_mixin.py:188} INFO - [2024-05-05T15:47:49.976+0000] {dagbag.py:540} INFO - Filling up the DagBag from /home/airflow/.local/lib/python3.12/site-packages/airflow/example_dags/example_xcomargs.py
[2024-05-05T15:47:49.988+0000] {processor.py:840} INFO - DAG(s) 'example_xcom_args', 'example_xcom_args_with_operators' retrieved from /home/airflow/.local/lib/python3.12/site-packages/airflow/example_dags/example_xcomargs.py
[2024-05-05T15:47:50.069+0000] {logging_mixin.py:188} INFO - [2024-05-05T15:47:50.068+0000] {dag.py:3096} INFO - Sync 2 DAGs
[2024-05-05T15:47:50.100+0000] {logging_mixin.py:188} INFO - [2024-05-05T15:47:50.100+0000] {dag.py:3954} INFO - Setting next_dagrun for example_xcom_args to None, run_after=None
[2024-05-05T15:47:50.133+0000] {logging_mixin.py:188} INFO - [2024-05-05T15:47:50.111+0000] {dag.py:3954} INFO - Setting next_dagrun for example_xcom_args_with_operators to None, run_after=None
[2024-05-05T15:47:50.182+0000] {processor.py:183} INFO - Processing /home/airflow/.local/lib/python3.12/site-packages/airflow/example_dags/example_xcomargs.py took 0.240 seconds
[2024-05-05T15:48:21.781+0000] {processor.py:161} INFO - Started process (PID=1753) to work on /home/airflow/.local/lib/python3.12/site-packages/airflow/example_dags/example_xcomargs.py
[2024-05-05T15:48:21.784+0000] {processor.py:830} INFO - Processing file /home/airflow/.local/lib/python3.12/site-packages/airflow/example_dags/example_xcomargs.py for tasks to queue
[2024-05-05T15:48:21.795+0000] {logging_mixin.py:188} INFO - [2024-05-05T15:48:21.795+0000] {dagbag.py:540} INFO - Filling up the DagBag from /home/airflow/.local/lib/python3.12/site-packages/airflow/example_dags/example_xcomargs.py
[2024-05-05T15:48:21.807+0000] {processor.py:840} INFO - DAG(s) 'example_xcom_args_with_operators', 'example_xcom_args' retrieved from /home/airflow/.local/lib/python3.12/site-packages/airflow/example_dags/example_xcomargs.py
[2024-05-05T15:48:21.914+0000] {logging_mixin.py:188} INFO - [2024-05-05T15:48:21.914+0000] {dag.py:3096} INFO - Sync 2 DAGs
[2024-05-05T15:48:21.940+0000] {logging_mixin.py:188} INFO - [2024-05-05T15:48:21.940+0000] {dag.py:3954} INFO - Setting next_dagrun for example_xcom_args to None, run_after=None
[2024-05-05T15:48:21.945+0000] {logging_mixin.py:188} INFO - [2024-05-05T15:48:21.945+0000] {dag.py:3954} INFO - Setting next_dagrun for example_xcom_args_with_operators to None, run_after=None
[2024-05-05T15:48:21.992+0000] {processor.py:183} INFO - Processing /home/airflow/.local/lib/python3.12/site-packages/airflow/example_dags/example_xcomargs.py took 0.241 seconds
[2024-05-05T15:48:52.649+0000] {processor.py:161} INFO - Started process (PID=1818) to work on /home/airflow/.local/lib/python3.12/site-packages/airflow/example_dags/example_xcomargs.py
[2024-05-05T15:48:52.650+0000] {processor.py:830} INFO - Processing file /home/airflow/.local/lib/python3.12/site-packages/airflow/example_dags/example_xcomargs.py for tasks to queue
[2024-05-05T15:48:52.655+0000] {logging_mixin.py:188} INFO - [2024-05-05T15:48:52.655+0000] {dagbag.py:540} INFO - Filling up the DagBag from /home/airflow/.local/lib/python3.12/site-packages/airflow/example_dags/example_xcomargs.py
[2024-05-05T15:48:52.664+0000] {processor.py:840} INFO - DAG(s) 'example_xcom_args', 'example_xcom_args_with_operators' retrieved from /home/airflow/.local/lib/python3.12/site-packages/airflow/example_dags/example_xcomargs.py
[2024-05-05T15:48:52.691+0000] {logging_mixin.py:188} INFO - [2024-05-05T15:48:52.691+0000] {dag.py:3096} INFO - Sync 2 DAGs
[2024-05-05T15:48:52.706+0000] {logging_mixin.py:188} INFO - [2024-05-05T15:48:52.706+0000] {dag.py:3954} INFO - Setting next_dagrun for example_xcom_args to None, run_after=None
[2024-05-05T15:48:52.709+0000] {logging_mixin.py:188} INFO - [2024-05-05T15:48:52.709+0000] {dag.py:3954} INFO - Setting next_dagrun for example_xcom_args_with_operators to None, run_after=None
[2024-05-05T15:48:52.733+0000] {processor.py:183} INFO - Processing /home/airflow/.local/lib/python3.12/site-packages/airflow/example_dags/example_xcomargs.py took 0.100 seconds
[2024-05-05T15:49:23.506+0000] {processor.py:161} INFO - Started process (PID=1877) to work on /home/airflow/.local/lib/python3.12/site-packages/airflow/example_dags/example_xcomargs.py
[2024-05-05T15:49:23.507+0000] {processor.py:830} INFO - Processing file /home/airflow/.local/lib/python3.12/site-packages/airflow/example_dags/example_xcomargs.py for tasks to queue
[2024-05-05T15:49:23.510+0000] {logging_mixin.py:188} INFO - [2024-05-05T15:49:23.509+0000] {dagbag.py:540} INFO - Filling up the DagBag from /home/airflow/.local/lib/python3.12/site-packages/airflow/example_dags/example_xcomargs.py
[2024-05-05T15:49:23.519+0000] {processor.py:840} INFO - DAG(s) 'example_xcom_args', 'example_xcom_args_with_operators' retrieved from /home/airflow/.local/lib/python3.12/site-packages/airflow/example_dags/example_xcomargs.py
[2024-05-05T15:49:23.549+0000] {logging_mixin.py:188} INFO - [2024-05-05T15:49:23.548+0000] {dag.py:3096} INFO - Sync 2 DAGs
[2024-05-05T15:49:23.566+0000] {logging_mixin.py:188} INFO - [2024-05-05T15:49:23.565+0000] {dag.py:3954} INFO - Setting next_dagrun for example_xcom_args to None, run_after=None
[2024-05-05T15:49:23.570+0000] {logging_mixin.py:188} INFO - [2024-05-05T15:49:23.570+0000] {dag.py:3954} INFO - Setting next_dagrun for example_xcom_args_with_operators to None, run_after=None
[2024-05-05T15:49:23.591+0000] {processor.py:183} INFO - Processing /home/airflow/.local/lib/python3.12/site-packages/airflow/example_dags/example_xcomargs.py took 0.092 seconds
[2024-05-05T15:49:54.109+0000] {processor.py:161} INFO - Started process (PID=1936) to work on /home/airflow/.local/lib/python3.12/site-packages/airflow/example_dags/example_xcomargs.py
[2024-05-05T15:49:54.110+0000] {processor.py:830} INFO - Processing file /home/airflow/.local/lib/python3.12/site-packages/airflow/example_dags/example_xcomargs.py for tasks to queue
[2024-05-05T15:49:54.112+0000] {logging_mixin.py:188} INFO - [2024-05-05T15:49:54.112+0000] {dagbag.py:540} INFO - Filling up the DagBag from /home/airflow/.local/lib/python3.12/site-packages/airflow/example_dags/example_xcomargs.py
[2024-05-05T15:49:54.121+0000] {processor.py:840} INFO - DAG(s) 'example_xcom_args', 'example_xcom_args_with_operators' retrieved from /home/airflow/.local/lib/python3.12/site-packages/airflow/example_dags/example_xcomargs.py
[2024-05-05T15:49:54.151+0000] {logging_mixin.py:188} INFO - [2024-05-05T15:49:54.150+0000] {dag.py:3096} INFO - Sync 2 DAGs
[2024-05-05T15:49:54.167+0000] {logging_mixin.py:188} INFO - [2024-05-05T15:49:54.167+0000] {dag.py:3954} INFO - Setting next_dagrun for example_xcom_args to None, run_after=None
[2024-05-05T15:49:54.172+0000] {logging_mixin.py:188} INFO - [2024-05-05T15:49:54.171+0000] {dag.py:3954} INFO - Setting next_dagrun for example_xcom_args_with_operators to None, run_after=None
[2024-05-05T15:49:54.193+0000] {processor.py:183} INFO - Processing /home/airflow/.local/lib/python3.12/site-packages/airflow/example_dags/example_xcomargs.py took 0.091 seconds
[2024-05-05T15:50:24.772+0000] {processor.py:161} INFO - Started process (PID=1995) to work on /home/airflow/.local/lib/python3.12/site-packages/airflow/example_dags/example_xcomargs.py
[2024-05-05T15:50:24.772+0000] {processor.py:830} INFO - Processing file /home/airflow/.local/lib/python3.12/site-packages/airflow/example_dags/example_xcomargs.py for tasks to queue
[2024-05-05T15:50:24.775+0000] {logging_mixin.py:188} INFO - [2024-05-05T15:50:24.774+0000] {dagbag.py:540} INFO - Filling up the DagBag from /home/airflow/.local/lib/python3.12/site-packages/airflow/example_dags/example_xcomargs.py
[2024-05-05T15:50:24.784+0000] {processor.py:840} INFO - DAG(s) 'example_xcom_args_with_operators', 'example_xcom_args' retrieved from /home/airflow/.local/lib/python3.12/site-packages/airflow/example_dags/example_xcomargs.py
[2024-05-05T15:50:24.821+0000] {logging_mixin.py:188} INFO - [2024-05-05T15:50:24.821+0000] {dag.py:3096} INFO - Sync 2 DAGs
[2024-05-05T15:50:24.839+0000] {logging_mixin.py:188} INFO - [2024-05-05T15:50:24.839+0000] {dag.py:3954} INFO - Setting next_dagrun for example_xcom_args to None, run_after=None
[2024-05-05T15:50:24.844+0000] {logging_mixin.py:188} INFO - [2024-05-05T15:50:24.844+0000] {dag.py:3954} INFO - Setting next_dagrun for example_xcom_args_with_operators to None, run_after=None
[2024-05-05T15:50:24.868+0000] {processor.py:183} INFO - Processing /home/airflow/.local/lib/python3.12/site-packages/airflow/example_dags/example_xcomargs.py took 0.101 seconds
[2024-05-05T15:50:56.524+0000] {processor.py:161} INFO - Started process (PID=2053) to work on /home/airflow/.local/lib/python3.12/site-packages/airflow/example_dags/example_xcomargs.py
[2024-05-05T15:50:56.525+0000] {processor.py:830} INFO - Processing file /home/airflow/.local/lib/python3.12/site-packages/airflow/example_dags/example_xcomargs.py for tasks to queue
[2024-05-05T15:50:56.531+0000] {logging_mixin.py:188} INFO - [2024-05-05T15:50:56.531+0000] {dagbag.py:540} INFO - Filling up the DagBag from /home/airflow/.local/lib/python3.12/site-packages/airflow/example_dags/example_xcomargs.py
[2024-05-05T15:50:56.549+0000] {processor.py:840} INFO - DAG(s) 'example_xcom_args', 'example_xcom_args_with_operators' retrieved from /home/airflow/.local/lib/python3.12/site-packages/airflow/example_dags/example_xcomargs.py
[2024-05-05T15:50:56.622+0000] {logging_mixin.py:188} INFO - [2024-05-05T15:50:56.621+0000] {dag.py:3096} INFO - Sync 2 DAGs
[2024-05-05T15:50:56.659+0000] {logging_mixin.py:188} INFO - [2024-05-05T15:50:56.659+0000] {dag.py:3954} INFO - Setting next_dagrun for example_xcom_args to None, run_after=None
[2024-05-05T15:50:56.669+0000] {logging_mixin.py:188} INFO - [2024-05-05T15:50:56.669+0000] {dag.py:3954} INFO - Setting next_dagrun for example_xcom_args_with_operators to None, run_after=None
[2024-05-05T15:50:56.729+0000] {processor.py:183} INFO - Processing /home/airflow/.local/lib/python3.12/site-packages/airflow/example_dags/example_xcomargs.py took 0.241 seconds
[2024-05-05T15:51:27.611+0000] {processor.py:161} INFO - Started process (PID=2112) to work on /home/airflow/.local/lib/python3.12/site-packages/airflow/example_dags/example_xcomargs.py
[2024-05-05T15:51:27.611+0000] {processor.py:830} INFO - Processing file /home/airflow/.local/lib/python3.12/site-packages/airflow/example_dags/example_xcomargs.py for tasks to queue
[2024-05-05T15:51:27.614+0000] {logging_mixin.py:188} INFO - [2024-05-05T15:51:27.614+0000] {dagbag.py:540} INFO - Filling up the DagBag from /home/airflow/.local/lib/python3.12/site-packages/airflow/example_dags/example_xcomargs.py
[2024-05-05T15:51:27.624+0000] {processor.py:840} INFO - DAG(s) 'example_xcom_args_with_operators', 'example_xcom_args' retrieved from /home/airflow/.local/lib/python3.12/site-packages/airflow/example_dags/example_xcomargs.py
[2024-05-05T15:51:27.651+0000] {logging_mixin.py:188} INFO - [2024-05-05T15:51:27.651+0000] {dag.py:3096} INFO - Sync 2 DAGs
[2024-05-05T15:51:27.668+0000] {logging_mixin.py:188} INFO - [2024-05-05T15:51:27.667+0000] {dag.py:3954} INFO - Setting next_dagrun for example_xcom_args to None, run_after=None
[2024-05-05T15:51:27.671+0000] {logging_mixin.py:188} INFO - [2024-05-05T15:51:27.671+0000] {dag.py:3954} INFO - Setting next_dagrun for example_xcom_args_with_operators to None, run_after=None
[2024-05-05T15:51:27.693+0000] {processor.py:183} INFO - Processing /home/airflow/.local/lib/python3.12/site-packages/airflow/example_dags/example_xcomargs.py took 0.095 seconds
[2024-05-05T15:51:58.614+0000] {processor.py:161} INFO - Started process (PID=2172) to work on /home/airflow/.local/lib/python3.12/site-packages/airflow/example_dags/example_xcomargs.py
[2024-05-05T15:51:58.615+0000] {processor.py:830} INFO - Processing file /home/airflow/.local/lib/python3.12/site-packages/airflow/example_dags/example_xcomargs.py for tasks to queue
[2024-05-05T15:51:58.618+0000] {logging_mixin.py:188} INFO - [2024-05-05T15:51:58.617+0000] {dagbag.py:540} INFO - Filling up the DagBag from /home/airflow/.local/lib/python3.12/site-packages/airflow/example_dags/example_xcomargs.py
[2024-05-05T15:51:58.627+0000] {processor.py:840} INFO - DAG(s) 'example_xcom_args_with_operators', 'example_xcom_args' retrieved from /home/airflow/.local/lib/python3.12/site-packages/airflow/example_dags/example_xcomargs.py
[2024-05-05T15:51:58.657+0000] {logging_mixin.py:188} INFO - [2024-05-05T15:51:58.657+0000] {dag.py:3096} INFO - Sync 2 DAGs
[2024-05-05T15:51:58.673+0000] {logging_mixin.py:188} INFO - [2024-05-05T15:51:58.673+0000] {dag.py:3954} INFO - Setting next_dagrun for example_xcom_args to None, run_after=None
[2024-05-05T15:51:58.677+0000] {logging_mixin.py:188} INFO - [2024-05-05T15:51:58.677+0000] {dag.py:3954} INFO - Setting next_dagrun for example_xcom_args_with_operators to None, run_after=None
[2024-05-05T15:51:58.702+0000] {processor.py:183} INFO - Processing /home/airflow/.local/lib/python3.12/site-packages/airflow/example_dags/example_xcomargs.py took 0.095 seconds
[2024-05-05T15:52:28.926+0000] {processor.py:161} INFO - Started process (PID=2231) to work on /home/airflow/.local/lib/python3.12/site-packages/airflow/example_dags/example_xcomargs.py
[2024-05-05T15:52:28.927+0000] {processor.py:830} INFO - Processing file /home/airflow/.local/lib/python3.12/site-packages/airflow/example_dags/example_xcomargs.py for tasks to queue
[2024-05-05T15:52:28.930+0000] {logging_mixin.py:188} INFO - [2024-05-05T15:52:28.930+0000] {dagbag.py:540} INFO - Filling up the DagBag from /home/airflow/.local/lib/python3.12/site-packages/airflow/example_dags/example_xcomargs.py
[2024-05-05T15:52:28.940+0000] {processor.py:840} INFO - DAG(s) 'example_xcom_args_with_operators', 'example_xcom_args' retrieved from /home/airflow/.local/lib/python3.12/site-packages/airflow/example_dags/example_xcomargs.py
[2024-05-05T15:52:28.968+0000] {logging_mixin.py:188} INFO - [2024-05-05T15:52:28.967+0000] {dag.py:3096} INFO - Sync 2 DAGs
[2024-05-05T15:52:28.985+0000] {logging_mixin.py:188} INFO - [2024-05-05T15:52:28.985+0000] {dag.py:3954} INFO - Setting next_dagrun for example_xcom_args to None, run_after=None
[2024-05-05T15:52:28.990+0000] {logging_mixin.py:188} INFO - [2024-05-05T15:52:28.989+0000] {dag.py:3954} INFO - Setting next_dagrun for example_xcom_args_with_operators to None, run_after=None
[2024-05-05T15:52:29.019+0000] {processor.py:183} INFO - Processing /home/airflow/.local/lib/python3.12/site-packages/airflow/example_dags/example_xcomargs.py took 0.099 seconds
[2024-05-05T15:52:59.913+0000] {processor.py:161} INFO - Started process (PID=2290) to work on /home/airflow/.local/lib/python3.12/site-packages/airflow/example_dags/example_xcomargs.py
[2024-05-05T15:52:59.914+0000] {processor.py:830} INFO - Processing file /home/airflow/.local/lib/python3.12/site-packages/airflow/example_dags/example_xcomargs.py for tasks to queue
[2024-05-05T15:52:59.916+0000] {logging_mixin.py:188} INFO - [2024-05-05T15:52:59.916+0000] {dagbag.py:540} INFO - Filling up the DagBag from /home/airflow/.local/lib/python3.12/site-packages/airflow/example_dags/example_xcomargs.py
[2024-05-05T15:52:59.932+0000] {processor.py:840} INFO - DAG(s) 'example_xcom_args', 'example_xcom_args_with_operators' retrieved from /home/airflow/.local/lib/python3.12/site-packages/airflow/example_dags/example_xcomargs.py
[2024-05-05T15:52:59.961+0000] {logging_mixin.py:188} INFO - [2024-05-05T15:52:59.959+0000] {dag.py:3096} INFO - Sync 2 DAGs
[2024-05-05T15:52:59.980+0000] {logging_mixin.py:188} INFO - [2024-05-05T15:52:59.979+0000] {dag.py:3954} INFO - Setting next_dagrun for example_xcom_args to None, run_after=None
[2024-05-05T15:52:59.984+0000] {logging_mixin.py:188} INFO - [2024-05-05T15:52:59.984+0000] {dag.py:3954} INFO - Setting next_dagrun for example_xcom_args_with_operators to None, run_after=None
[2024-05-05T15:53:00.021+0000] {processor.py:183} INFO - Processing /home/airflow/.local/lib/python3.12/site-packages/airflow/example_dags/example_xcomargs.py took 0.122 seconds
[2024-05-05T15:53:30.155+0000] {processor.py:161} INFO - Started process (PID=2350) to work on /home/airflow/.local/lib/python3.12/site-packages/airflow/example_dags/example_xcomargs.py
[2024-05-05T15:53:30.173+0000] {processor.py:830} INFO - Processing file /home/airflow/.local/lib/python3.12/site-packages/airflow/example_dags/example_xcomargs.py for tasks to queue
[2024-05-05T15:53:30.176+0000] {logging_mixin.py:188} INFO - [2024-05-05T15:53:30.176+0000] {dagbag.py:540} INFO - Filling up the DagBag from /home/airflow/.local/lib/python3.12/site-packages/airflow/example_dags/example_xcomargs.py
[2024-05-05T15:53:30.190+0000] {processor.py:840} INFO - DAG(s) 'example_xcom_args_with_operators', 'example_xcom_args' retrieved from /home/airflow/.local/lib/python3.12/site-packages/airflow/example_dags/example_xcomargs.py
[2024-05-05T15:53:30.229+0000] {logging_mixin.py:188} INFO - [2024-05-05T15:53:30.228+0000] {dag.py:3096} INFO - Sync 2 DAGs
[2024-05-05T15:53:30.245+0000] {logging_mixin.py:188} INFO - [2024-05-05T15:53:30.244+0000] {dag.py:3954} INFO - Setting next_dagrun for example_xcom_args to None, run_after=None
[2024-05-05T15:53:30.249+0000] {logging_mixin.py:188} INFO - [2024-05-05T15:53:30.249+0000] {dag.py:3954} INFO - Setting next_dagrun for example_xcom_args_with_operators to None, run_after=None
[2024-05-05T15:53:30.274+0000] {processor.py:183} INFO - Processing /home/airflow/.local/lib/python3.12/site-packages/airflow/example_dags/example_xcomargs.py took 0.142 seconds
[2024-05-05T15:54:01.084+0000] {processor.py:161} INFO - Started process (PID=2410) to work on /home/airflow/.local/lib/python3.12/site-packages/airflow/example_dags/example_xcomargs.py
[2024-05-05T15:54:01.085+0000] {processor.py:830} INFO - Processing file /home/airflow/.local/lib/python3.12/site-packages/airflow/example_dags/example_xcomargs.py for tasks to queue
[2024-05-05T15:54:01.087+0000] {logging_mixin.py:188} INFO - [2024-05-05T15:54:01.087+0000] {dagbag.py:540} INFO - Filling up the DagBag from /home/airflow/.local/lib/python3.12/site-packages/airflow/example_dags/example_xcomargs.py
[2024-05-05T15:54:01.097+0000] {processor.py:840} INFO - DAG(s) 'example_xcom_args_with_operators', 'example_xcom_args' retrieved from /home/airflow/.local/lib/python3.12/site-packages/airflow/example_dags/example_xcomargs.py
[2024-05-05T15:54:01.153+0000] {logging_mixin.py:188} INFO - [2024-05-05T15:54:01.152+0000] {dag.py:3096} INFO - Sync 2 DAGs
[2024-05-05T15:54:01.181+0000] {logging_mixin.py:188} INFO - [2024-05-05T15:54:01.180+0000] {dag.py:3954} INFO - Setting next_dagrun for example_xcom_args to None, run_after=None
[2024-05-05T15:54:01.185+0000] {logging_mixin.py:188} INFO - [2024-05-05T15:54:01.184+0000] {dag.py:3954} INFO - Setting next_dagrun for example_xcom_args_with_operators to None, run_after=None
[2024-05-05T15:54:01.207+0000] {processor.py:183} INFO - Processing /home/airflow/.local/lib/python3.12/site-packages/airflow/example_dags/example_xcomargs.py took 0.130 seconds
[2024-05-05T15:54:32.369+0000] {processor.py:161} INFO - Started process (PID=2470) to work on /home/airflow/.local/lib/python3.12/site-packages/airflow/example_dags/example_xcomargs.py
[2024-05-05T15:54:32.373+0000] {processor.py:830} INFO - Processing file /home/airflow/.local/lib/python3.12/site-packages/airflow/example_dags/example_xcomargs.py for tasks to queue
[2024-05-05T15:54:32.375+0000] {logging_mixin.py:188} INFO - [2024-05-05T15:54:32.375+0000] {dagbag.py:540} INFO - Filling up the DagBag from /home/airflow/.local/lib/python3.12/site-packages/airflow/example_dags/example_xcomargs.py
[2024-05-05T15:54:32.422+0000] {processor.py:840} INFO - DAG(s) 'example_xcom_args', 'example_xcom_args_with_operators' retrieved from /home/airflow/.local/lib/python3.12/site-packages/airflow/example_dags/example_xcomargs.py
[2024-05-05T15:54:32.524+0000] {logging_mixin.py:188} INFO - [2024-05-05T15:54:32.524+0000] {dag.py:3096} INFO - Sync 2 DAGs
[2024-05-05T15:54:32.567+0000] {logging_mixin.py:188} INFO - [2024-05-05T15:54:32.567+0000] {dag.py:3954} INFO - Setting next_dagrun for example_xcom_args to None, run_after=None
[2024-05-05T15:54:32.589+0000] {logging_mixin.py:188} INFO - [2024-05-05T15:54:32.583+0000] {dag.py:3954} INFO - Setting next_dagrun for example_xcom_args_with_operators to None, run_after=None
[2024-05-05T15:54:32.696+0000] {processor.py:183} INFO - Processing /home/airflow/.local/lib/python3.12/site-packages/airflow/example_dags/example_xcomargs.py took 0.376 seconds
[2024-05-05T15:55:03.041+0000] {processor.py:161} INFO - Started process (PID=2530) to work on /home/airflow/.local/lib/python3.12/site-packages/airflow/example_dags/example_xcomargs.py
[2024-05-05T15:55:03.042+0000] {processor.py:830} INFO - Processing file /home/airflow/.local/lib/python3.12/site-packages/airflow/example_dags/example_xcomargs.py for tasks to queue
[2024-05-05T15:55:03.044+0000] {logging_mixin.py:188} INFO - [2024-05-05T15:55:03.044+0000] {dagbag.py:540} INFO - Filling up the DagBag from /home/airflow/.local/lib/python3.12/site-packages/airflow/example_dags/example_xcomargs.py
[2024-05-05T15:55:03.053+0000] {processor.py:840} INFO - DAG(s) 'example_xcom_args_with_operators', 'example_xcom_args' retrieved from /home/airflow/.local/lib/python3.12/site-packages/airflow/example_dags/example_xcomargs.py
[2024-05-05T15:55:03.082+0000] {logging_mixin.py:188} INFO - [2024-05-05T15:55:03.081+0000] {dag.py:3096} INFO - Sync 2 DAGs
[2024-05-05T15:55:03.098+0000] {logging_mixin.py:188} INFO - [2024-05-05T15:55:03.097+0000] {dag.py:3954} INFO - Setting next_dagrun for example_xcom_args to None, run_after=None
[2024-05-05T15:55:03.102+0000] {logging_mixin.py:188} INFO - [2024-05-05T15:55:03.102+0000] {dag.py:3954} INFO - Setting next_dagrun for example_xcom_args_with_operators to None, run_after=None
[2024-05-05T15:55:03.124+0000] {processor.py:183} INFO - Processing /home/airflow/.local/lib/python3.12/site-packages/airflow/example_dags/example_xcomargs.py took 0.097 seconds
[2024-05-05T15:55:33.904+0000] {processor.py:161} INFO - Started process (PID=2590) to work on /home/airflow/.local/lib/python3.12/site-packages/airflow/example_dags/example_xcomargs.py
[2024-05-05T15:55:33.905+0000] {processor.py:830} INFO - Processing file /home/airflow/.local/lib/python3.12/site-packages/airflow/example_dags/example_xcomargs.py for tasks to queue
[2024-05-05T15:55:33.911+0000] {logging_mixin.py:188} INFO - [2024-05-05T15:55:33.910+0000] {dagbag.py:540} INFO - Filling up the DagBag from /home/airflow/.local/lib/python3.12/site-packages/airflow/example_dags/example_xcomargs.py
[2024-05-05T15:55:33.921+0000] {processor.py:840} INFO - DAG(s) 'example_xcom_args_with_operators', 'example_xcom_args' retrieved from /home/airflow/.local/lib/python3.12/site-packages/airflow/example_dags/example_xcomargs.py
[2024-05-05T15:55:33.951+0000] {logging_mixin.py:188} INFO - [2024-05-05T15:55:33.950+0000] {dag.py:3096} INFO - Sync 2 DAGs
[2024-05-05T15:55:33.967+0000] {logging_mixin.py:188} INFO - [2024-05-05T15:55:33.967+0000] {dag.py:3954} INFO - Setting next_dagrun for example_xcom_args to None, run_after=None
[2024-05-05T15:55:33.971+0000] {logging_mixin.py:188} INFO - [2024-05-05T15:55:33.971+0000] {dag.py:3954} INFO - Setting next_dagrun for example_xcom_args_with_operators to None, run_after=None
[2024-05-05T15:55:33.994+0000] {processor.py:183} INFO - Processing /home/airflow/.local/lib/python3.12/site-packages/airflow/example_dags/example_xcomargs.py took 0.097 seconds
[2024-05-05T15:56:04.967+0000] {processor.py:161} INFO - Started process (PID=2650) to work on /home/airflow/.local/lib/python3.12/site-packages/airflow/example_dags/example_xcomargs.py
[2024-05-05T15:56:04.968+0000] {processor.py:830} INFO - Processing file /home/airflow/.local/lib/python3.12/site-packages/airflow/example_dags/example_xcomargs.py for tasks to queue
[2024-05-05T15:56:04.969+0000] {logging_mixin.py:188} INFO - [2024-05-05T15:56:04.969+0000] {dagbag.py:540} INFO - Filling up the DagBag from /home/airflow/.local/lib/python3.12/site-packages/airflow/example_dags/example_xcomargs.py
[2024-05-05T15:56:04.979+0000] {processor.py:840} INFO - DAG(s) 'example_xcom_args', 'example_xcom_args_with_operators' retrieved from /home/airflow/.local/lib/python3.12/site-packages/airflow/example_dags/example_xcomargs.py
[2024-05-05T15:56:05.008+0000] {logging_mixin.py:188} INFO - [2024-05-05T15:56:05.008+0000] {dag.py:3096} INFO - Sync 2 DAGs
[2024-05-05T15:56:05.020+0000] {logging_mixin.py:188} INFO - [2024-05-05T15:56:05.020+0000] {dag.py:3954} INFO - Setting next_dagrun for example_xcom_args to None, run_after=None
[2024-05-05T15:56:05.025+0000] {logging_mixin.py:188} INFO - [2024-05-05T15:56:05.024+0000] {dag.py:3954} INFO - Setting next_dagrun for example_xcom_args_with_operators to None, run_after=None
[2024-05-05T15:56:05.045+0000] {processor.py:183} INFO - Processing /home/airflow/.local/lib/python3.12/site-packages/airflow/example_dags/example_xcomargs.py took 0.085 seconds
[2024-05-05T15:56:35.527+0000] {processor.py:161} INFO - Started process (PID=2710) to work on /home/airflow/.local/lib/python3.12/site-packages/airflow/example_dags/example_xcomargs.py
[2024-05-05T15:56:35.528+0000] {processor.py:830} INFO - Processing file /home/airflow/.local/lib/python3.12/site-packages/airflow/example_dags/example_xcomargs.py for tasks to queue
[2024-05-05T15:56:35.532+0000] {logging_mixin.py:188} INFO - [2024-05-05T15:56:35.532+0000] {dagbag.py:540} INFO - Filling up the DagBag from /home/airflow/.local/lib/python3.12/site-packages/airflow/example_dags/example_xcomargs.py
[2024-05-05T15:56:35.542+0000] {processor.py:840} INFO - DAG(s) 'example_xcom_args_with_operators', 'example_xcom_args' retrieved from /home/airflow/.local/lib/python3.12/site-packages/airflow/example_dags/example_xcomargs.py
[2024-05-05T15:56:35.569+0000] {logging_mixin.py:188} INFO - [2024-05-05T15:56:35.569+0000] {dag.py:3096} INFO - Sync 2 DAGs
[2024-05-05T15:56:35.585+0000] {logging_mixin.py:188} INFO - [2024-05-05T15:56:35.585+0000] {dag.py:3954} INFO - Setting next_dagrun for example_xcom_args to None, run_after=None
[2024-05-05T15:56:35.590+0000] {logging_mixin.py:188} INFO - [2024-05-05T15:56:35.590+0000] {dag.py:3954} INFO - Setting next_dagrun for example_xcom_args_with_operators to None, run_after=None
[2024-05-05T15:56:35.611+0000] {processor.py:183} INFO - Processing /home/airflow/.local/lib/python3.12/site-packages/airflow/example_dags/example_xcomargs.py took 0.090 seconds
[2024-05-05T15:57:05.922+0000] {processor.py:161} INFO - Started process (PID=2770) to work on /home/airflow/.local/lib/python3.12/site-packages/airflow/example_dags/example_xcomargs.py
[2024-05-05T15:57:05.923+0000] {processor.py:830} INFO - Processing file /home/airflow/.local/lib/python3.12/site-packages/airflow/example_dags/example_xcomargs.py for tasks to queue
[2024-05-05T15:57:05.925+0000] {logging_mixin.py:188} INFO - [2024-05-05T15:57:05.925+0000] {dagbag.py:540} INFO - Filling up the DagBag from /home/airflow/.local/lib/python3.12/site-packages/airflow/example_dags/example_xcomargs.py
[2024-05-05T15:57:05.936+0000] {processor.py:840} INFO - DAG(s) 'example_xcom_args', 'example_xcom_args_with_operators' retrieved from /home/airflow/.local/lib/python3.12/site-packages/airflow/example_dags/example_xcomargs.py
[2024-05-05T15:57:05.964+0000] {logging_mixin.py:188} INFO - [2024-05-05T15:57:05.964+0000] {dag.py:3096} INFO - Sync 2 DAGs
[2024-05-05T15:57:05.978+0000] {logging_mixin.py:188} INFO - [2024-05-05T15:57:05.978+0000] {dag.py:3954} INFO - Setting next_dagrun for example_xcom_args to None, run_after=None
[2024-05-05T15:57:05.982+0000] {logging_mixin.py:188} INFO - [2024-05-05T15:57:05.982+0000] {dag.py:3954} INFO - Setting next_dagrun for example_xcom_args_with_operators to None, run_after=None
[2024-05-05T15:57:06.003+0000] {processor.py:183} INFO - Processing /home/airflow/.local/lib/python3.12/site-packages/airflow/example_dags/example_xcomargs.py took 0.087 seconds
[2024-05-05T15:57:36.540+0000] {processor.py:161} INFO - Started process (PID=2830) to work on /home/airflow/.local/lib/python3.12/site-packages/airflow/example_dags/example_xcomargs.py
[2024-05-05T15:57:36.541+0000] {processor.py:830} INFO - Processing file /home/airflow/.local/lib/python3.12/site-packages/airflow/example_dags/example_xcomargs.py for tasks to queue
[2024-05-05T15:57:36.543+0000] {logging_mixin.py:188} INFO - [2024-05-05T15:57:36.542+0000] {dagbag.py:540} INFO - Filling up the DagBag from /home/airflow/.local/lib/python3.12/site-packages/airflow/example_dags/example_xcomargs.py
[2024-05-05T15:57:36.552+0000] {processor.py:840} INFO - DAG(s) 'example_xcom_args_with_operators', 'example_xcom_args' retrieved from /home/airflow/.local/lib/python3.12/site-packages/airflow/example_dags/example_xcomargs.py
[2024-05-05T15:57:36.580+0000] {logging_mixin.py:188} INFO - [2024-05-05T15:57:36.579+0000] {dag.py:3096} INFO - Sync 2 DAGs
[2024-05-05T15:57:36.596+0000] {logging_mixin.py:188} INFO - [2024-05-05T15:57:36.596+0000] {dag.py:3954} INFO - Setting next_dagrun for example_xcom_args to None, run_after=None
[2024-05-05T15:57:36.600+0000] {logging_mixin.py:188} INFO - [2024-05-05T15:57:36.600+0000] {dag.py:3954} INFO - Setting next_dagrun for example_xcom_args_with_operators to None, run_after=None
[2024-05-05T15:57:36.622+0000] {processor.py:183} INFO - Processing /home/airflow/.local/lib/python3.12/site-packages/airflow/example_dags/example_xcomargs.py took 0.088 seconds
[2024-05-05T15:58:07.394+0000] {processor.py:161} INFO - Started process (PID=2890) to work on /home/airflow/.local/lib/python3.12/site-packages/airflow/example_dags/example_xcomargs.py
[2024-05-05T15:58:07.395+0000] {processor.py:830} INFO - Processing file /home/airflow/.local/lib/python3.12/site-packages/airflow/example_dags/example_xcomargs.py for tasks to queue
[2024-05-05T15:58:07.396+0000] {logging_mixin.py:188} INFO - [2024-05-05T15:58:07.396+0000] {dagbag.py:540} INFO - Filling up the DagBag from /home/airflow/.local/lib/python3.12/site-packages/airflow/example_dags/example_xcomargs.py
[2024-05-05T15:58:07.406+0000] {processor.py:840} INFO - DAG(s) 'example_xcom_args_with_operators', 'example_xcom_args' retrieved from /home/airflow/.local/lib/python3.12/site-packages/airflow/example_dags/example_xcomargs.py
[2024-05-05T15:58:07.440+0000] {logging_mixin.py:188} INFO - [2024-05-05T15:58:07.439+0000] {dag.py:3096} INFO - Sync 2 DAGs
[2024-05-05T15:58:07.458+0000] {logging_mixin.py:188} INFO - [2024-05-05T15:58:07.458+0000] {dag.py:3954} INFO - Setting next_dagrun for example_xcom_args to None, run_after=None
[2024-05-05T15:58:07.462+0000] {logging_mixin.py:188} INFO - [2024-05-05T15:58:07.462+0000] {dag.py:3954} INFO - Setting next_dagrun for example_xcom_args_with_operators to None, run_after=None
[2024-05-05T15:58:07.493+0000] {processor.py:183} INFO - Processing /home/airflow/.local/lib/python3.12/site-packages/airflow/example_dags/example_xcomargs.py took 0.107 seconds
[2024-05-05T15:58:38.714+0000] {processor.py:161} INFO - Started process (PID=2953) to work on /home/airflow/.local/lib/python3.12/site-packages/airflow/example_dags/example_xcomargs.py
[2024-05-05T15:58:38.721+0000] {processor.py:830} INFO - Processing file /home/airflow/.local/lib/python3.12/site-packages/airflow/example_dags/example_xcomargs.py for tasks to queue
[2024-05-05T15:58:38.727+0000] {logging_mixin.py:188} INFO - [2024-05-05T15:58:38.726+0000] {dagbag.py:540} INFO - Filling up the DagBag from /home/airflow/.local/lib/python3.12/site-packages/airflow/example_dags/example_xcomargs.py
[2024-05-05T15:58:38.746+0000] {processor.py:840} INFO - DAG(s) 'example_xcom_args_with_operators', 'example_xcom_args' retrieved from /home/airflow/.local/lib/python3.12/site-packages/airflow/example_dags/example_xcomargs.py
[2024-05-05T15:58:38.800+0000] {logging_mixin.py:188} INFO - [2024-05-05T15:58:38.800+0000] {dag.py:3096} INFO - Sync 2 DAGs
[2024-05-05T15:58:38.827+0000] {logging_mixin.py:188} INFO - [2024-05-05T15:58:38.827+0000] {dag.py:3954} INFO - Setting next_dagrun for example_xcom_args to None, run_after=None
[2024-05-05T15:58:38.854+0000] {logging_mixin.py:188} INFO - [2024-05-05T15:58:38.853+0000] {dag.py:3954} INFO - Setting next_dagrun for example_xcom_args_with_operators to None, run_after=None
[2024-05-05T15:58:38.948+0000] {processor.py:183} INFO - Processing /home/airflow/.local/lib/python3.12/site-packages/airflow/example_dags/example_xcomargs.py took 0.250 seconds
[2024-05-05T15:59:14.911+0000] {processor.py:161} INFO - Started process (PID=3013) to work on /home/airflow/.local/lib/python3.12/site-packages/airflow/example_dags/example_xcomargs.py
[2024-05-05T15:59:14.918+0000] {processor.py:830} INFO - Processing file /home/airflow/.local/lib/python3.12/site-packages/airflow/example_dags/example_xcomargs.py for tasks to queue
[2024-05-05T15:59:14.923+0000] {logging_mixin.py:188} INFO - [2024-05-05T15:59:14.922+0000] {dagbag.py:540} INFO - Filling up the DagBag from /home/airflow/.local/lib/python3.12/site-packages/airflow/example_dags/example_xcomargs.py
[2024-05-05T15:59:14.953+0000] {processor.py:840} INFO - DAG(s) 'example_xcom_args', 'example_xcom_args_with_operators' retrieved from /home/airflow/.local/lib/python3.12/site-packages/airflow/example_dags/example_xcomargs.py
[2024-05-05T15:59:15.140+0000] {logging_mixin.py:188} INFO - [2024-05-05T15:59:15.139+0000] {dag.py:3096} INFO - Sync 2 DAGs
[2024-05-05T15:59:15.216+0000] {logging_mixin.py:188} INFO - [2024-05-05T15:59:15.216+0000] {dag.py:3954} INFO - Setting next_dagrun for example_xcom_args to None, run_after=None
[2024-05-05T15:59:15.228+0000] {logging_mixin.py:188} INFO - [2024-05-05T15:59:15.227+0000] {dag.py:3954} INFO - Setting next_dagrun for example_xcom_args_with_operators to None, run_after=None
[2024-05-05T15:59:15.281+0000] {processor.py:183} INFO - Processing /home/airflow/.local/lib/python3.12/site-packages/airflow/example_dags/example_xcomargs.py took 0.392 seconds
[2024-05-05T15:59:45.484+0000] {processor.py:161} INFO - Started process (PID=3074) to work on /home/airflow/.local/lib/python3.12/site-packages/airflow/example_dags/example_xcomargs.py
[2024-05-05T15:59:45.485+0000] {processor.py:830} INFO - Processing file /home/airflow/.local/lib/python3.12/site-packages/airflow/example_dags/example_xcomargs.py for tasks to queue
[2024-05-05T15:59:45.487+0000] {logging_mixin.py:188} INFO - [2024-05-05T15:59:45.486+0000] {dagbag.py:540} INFO - Filling up the DagBag from /home/airflow/.local/lib/python3.12/site-packages/airflow/example_dags/example_xcomargs.py
[2024-05-05T15:59:45.536+0000] {processor.py:840} INFO - DAG(s) 'example_xcom_args', 'example_xcom_args_with_operators' retrieved from /home/airflow/.local/lib/python3.12/site-packages/airflow/example_dags/example_xcomargs.py
[2024-05-05T15:59:45.585+0000] {logging_mixin.py:188} INFO - [2024-05-05T15:59:45.585+0000] {dag.py:3096} INFO - Sync 2 DAGs
[2024-05-05T15:59:45.615+0000] {logging_mixin.py:188} INFO - [2024-05-05T15:59:45.614+0000] {dag.py:3954} INFO - Setting next_dagrun for example_xcom_args to None, run_after=None
[2024-05-05T15:59:45.624+0000] {logging_mixin.py:188} INFO - [2024-05-05T15:59:45.624+0000] {dag.py:3954} INFO - Setting next_dagrun for example_xcom_args_with_operators to None, run_after=None
[2024-05-05T15:59:45.708+0000] {processor.py:183} INFO - Processing /home/airflow/.local/lib/python3.12/site-packages/airflow/example_dags/example_xcomargs.py took 0.253 seconds
