[2024-05-05T15:33:34.234+0000] {processor.py:161} INFO - Started process (PID=73) to work on /home/airflow/.local/lib/python3.12/site-packages/airflow/example_dags/example_external_task_marker_dag.py
[2024-05-05T15:33:34.240+0000] {processor.py:830} INFO - Processing file /home/airflow/.local/lib/python3.12/site-packages/airflow/example_dags/example_external_task_marker_dag.py for tasks to queue
[2024-05-05T15:33:34.244+0000] {logging_mixin.py:188} INFO - [2024-05-05T15:33:34.244+0000] {dagbag.py:540} INFO - Filling up the DagBag from /home/airflow/.local/lib/python3.12/site-packages/airflow/example_dags/example_external_task_marker_dag.py
[2024-05-05T15:33:34.267+0000] {processor.py:840} INFO - DAG(s) 'example_external_task_marker_parent', 'example_external_task_marker_child' retrieved from /home/airflow/.local/lib/python3.12/site-packages/airflow/example_dags/example_external_task_marker_dag.py
[2024-05-05T15:33:34.828+0000] {logging_mixin.py:188} INFO - [2024-05-05T15:33:34.828+0000] {override.py:1829} INFO - Created Permission View: can edit on DAG:example_external_task_marker_parent
[2024-05-05T15:33:34.872+0000] {logging_mixin.py:188} INFO - [2024-05-05T15:33:34.872+0000] {override.py:1829} INFO - Created Permission View: can read on DAG:example_external_task_marker_parent
[2024-05-05T15:33:34.912+0000] {logging_mixin.py:188} INFO - [2024-05-05T15:33:34.912+0000] {override.py:1829} INFO - Created Permission View: can delete on DAG:example_external_task_marker_parent
[2024-05-05T15:33:34.992+0000] {logging_mixin.py:188} INFO - [2024-05-05T15:33:34.991+0000] {override.py:1829} INFO - Created Permission View: can edit on DAG:example_external_task_marker_child
[2024-05-05T15:33:35.009+0000] {logging_mixin.py:188} INFO - [2024-05-05T15:33:35.008+0000] {override.py:1829} INFO - Created Permission View: can read on DAG:example_external_task_marker_child
[2024-05-05T15:33:35.042+0000] {logging_mixin.py:188} INFO - [2024-05-05T15:33:35.042+0000] {override.py:1829} INFO - Created Permission View: can delete on DAG:example_external_task_marker_child
[2024-05-05T15:33:35.043+0000] {logging_mixin.py:188} INFO - [2024-05-05T15:33:35.042+0000] {dag.py:3096} INFO - Sync 2 DAGs
[2024-05-05T15:33:35.078+0000] {logging_mixin.py:188} INFO - [2024-05-05T15:33:35.078+0000] {dag.py:3118} INFO - Creating ORM DAG for example_external_task_marker_parent
[2024-05-05T15:33:35.092+0000] {logging_mixin.py:188} INFO - [2024-05-05T15:33:35.092+0000] {dag.py:3118} INFO - Creating ORM DAG for example_external_task_marker_child
[2024-05-05T15:33:35.093+0000] {logging_mixin.py:188} INFO - [2024-05-05T15:33:35.093+0000] {dag.py:3954} INFO - Setting next_dagrun for example_external_task_marker_child to None, run_after=None
[2024-05-05T15:33:35.095+0000] {logging_mixin.py:188} INFO - [2024-05-05T15:33:35.094+0000] {dag.py:3954} INFO - Setting next_dagrun for example_external_task_marker_parent to None, run_after=None
[2024-05-05T15:33:35.168+0000] {processor.py:183} INFO - Processing /home/airflow/.local/lib/python3.12/site-packages/airflow/example_dags/example_external_task_marker_dag.py took 0.979 seconds
[2024-05-05T15:34:06.121+0000] {processor.py:161} INFO - Started process (PID=131) to work on /home/airflow/.local/lib/python3.12/site-packages/airflow/example_dags/example_external_task_marker_dag.py
[2024-05-05T15:34:06.124+0000] {processor.py:830} INFO - Processing file /home/airflow/.local/lib/python3.12/site-packages/airflow/example_dags/example_external_task_marker_dag.py for tasks to queue
[2024-05-05T15:34:06.128+0000] {logging_mixin.py:188} INFO - [2024-05-05T15:34:06.128+0000] {dagbag.py:540} INFO - Filling up the DagBag from /home/airflow/.local/lib/python3.12/site-packages/airflow/example_dags/example_external_task_marker_dag.py
[2024-05-05T15:34:06.137+0000] {processor.py:840} INFO - DAG(s) 'example_external_task_marker_parent', 'example_external_task_marker_child' retrieved from /home/airflow/.local/lib/python3.12/site-packages/airflow/example_dags/example_external_task_marker_dag.py
[2024-05-05T15:34:06.212+0000] {logging_mixin.py:188} INFO - [2024-05-05T15:34:06.211+0000] {dag.py:3096} INFO - Sync 2 DAGs
[2024-05-05T15:34:06.240+0000] {logging_mixin.py:188} INFO - [2024-05-05T15:34:06.240+0000] {dag.py:3954} INFO - Setting next_dagrun for example_external_task_marker_child to None, run_after=None
[2024-05-05T15:34:06.255+0000] {logging_mixin.py:188} INFO - [2024-05-05T15:34:06.255+0000] {dag.py:3954} INFO - Setting next_dagrun for example_external_task_marker_parent to None, run_after=None
[2024-05-05T15:34:06.286+0000] {processor.py:183} INFO - Processing /home/airflow/.local/lib/python3.12/site-packages/airflow/example_dags/example_external_task_marker_dag.py took 0.177 seconds
[2024-05-05T15:34:36.687+0000] {processor.py:161} INFO - Started process (PID=189) to work on /home/airflow/.local/lib/python3.12/site-packages/airflow/example_dags/example_external_task_marker_dag.py
[2024-05-05T15:34:36.688+0000] {processor.py:830} INFO - Processing file /home/airflow/.local/lib/python3.12/site-packages/airflow/example_dags/example_external_task_marker_dag.py for tasks to queue
[2024-05-05T15:34:36.690+0000] {logging_mixin.py:188} INFO - [2024-05-05T15:34:36.690+0000] {dagbag.py:540} INFO - Filling up the DagBag from /home/airflow/.local/lib/python3.12/site-packages/airflow/example_dags/example_external_task_marker_dag.py
[2024-05-05T15:34:36.697+0000] {processor.py:840} INFO - DAG(s) 'example_external_task_marker_parent', 'example_external_task_marker_child' retrieved from /home/airflow/.local/lib/python3.12/site-packages/airflow/example_dags/example_external_task_marker_dag.py
[2024-05-05T15:34:36.725+0000] {logging_mixin.py:188} INFO - [2024-05-05T15:34:36.725+0000] {dag.py:3096} INFO - Sync 2 DAGs
[2024-05-05T15:34:36.743+0000] {logging_mixin.py:188} INFO - [2024-05-05T15:34:36.743+0000] {dag.py:3954} INFO - Setting next_dagrun for example_external_task_marker_child to None, run_after=None
[2024-05-05T15:34:36.747+0000] {logging_mixin.py:188} INFO - [2024-05-05T15:34:36.747+0000] {dag.py:3954} INFO - Setting next_dagrun for example_external_task_marker_parent to None, run_after=None
[2024-05-05T15:34:36.771+0000] {processor.py:183} INFO - Processing /home/airflow/.local/lib/python3.12/site-packages/airflow/example_dags/example_external_task_marker_dag.py took 0.089 seconds
[2024-05-05T15:35:07.086+0000] {processor.py:161} INFO - Started process (PID=246) to work on /home/airflow/.local/lib/python3.12/site-packages/airflow/example_dags/example_external_task_marker_dag.py
[2024-05-05T15:35:07.089+0000] {processor.py:830} INFO - Processing file /home/airflow/.local/lib/python3.12/site-packages/airflow/example_dags/example_external_task_marker_dag.py for tasks to queue
[2024-05-05T15:35:07.091+0000] {logging_mixin.py:188} INFO - [2024-05-05T15:35:07.090+0000] {dagbag.py:540} INFO - Filling up the DagBag from /home/airflow/.local/lib/python3.12/site-packages/airflow/example_dags/example_external_task_marker_dag.py
[2024-05-05T15:35:07.099+0000] {processor.py:840} INFO - DAG(s) 'example_external_task_marker_child', 'example_external_task_marker_parent' retrieved from /home/airflow/.local/lib/python3.12/site-packages/airflow/example_dags/example_external_task_marker_dag.py
[2024-05-05T15:35:07.124+0000] {logging_mixin.py:188} INFO - [2024-05-05T15:35:07.124+0000] {dag.py:3096} INFO - Sync 2 DAGs
[2024-05-05T15:35:07.142+0000] {logging_mixin.py:188} INFO - [2024-05-05T15:35:07.141+0000] {dag.py:3954} INFO - Setting next_dagrun for example_external_task_marker_child to None, run_after=None
[2024-05-05T15:35:07.146+0000] {logging_mixin.py:188} INFO - [2024-05-05T15:35:07.146+0000] {dag.py:3954} INFO - Setting next_dagrun for example_external_task_marker_parent to None, run_after=None
[2024-05-05T15:35:07.173+0000] {processor.py:183} INFO - Processing /home/airflow/.local/lib/python3.12/site-packages/airflow/example_dags/example_external_task_marker_dag.py took 0.103 seconds
[2024-05-05T15:35:37.611+0000] {processor.py:161} INFO - Started process (PID=304) to work on /home/airflow/.local/lib/python3.12/site-packages/airflow/example_dags/example_external_task_marker_dag.py
[2024-05-05T15:35:37.612+0000] {processor.py:830} INFO - Processing file /home/airflow/.local/lib/python3.12/site-packages/airflow/example_dags/example_external_task_marker_dag.py for tasks to queue
[2024-05-05T15:35:37.614+0000] {logging_mixin.py:188} INFO - [2024-05-05T15:35:37.613+0000] {dagbag.py:540} INFO - Filling up the DagBag from /home/airflow/.local/lib/python3.12/site-packages/airflow/example_dags/example_external_task_marker_dag.py
[2024-05-05T15:35:37.624+0000] {processor.py:840} INFO - DAG(s) 'example_external_task_marker_child', 'example_external_task_marker_parent' retrieved from /home/airflow/.local/lib/python3.12/site-packages/airflow/example_dags/example_external_task_marker_dag.py
[2024-05-05T15:35:37.651+0000] {logging_mixin.py:188} INFO - [2024-05-05T15:35:37.651+0000] {dag.py:3096} INFO - Sync 2 DAGs
[2024-05-05T15:35:37.667+0000] {logging_mixin.py:188} INFO - [2024-05-05T15:35:37.667+0000] {dag.py:3954} INFO - Setting next_dagrun for example_external_task_marker_child to None, run_after=None
[2024-05-05T15:35:37.672+0000] {logging_mixin.py:188} INFO - [2024-05-05T15:35:37.671+0000] {dag.py:3954} INFO - Setting next_dagrun for example_external_task_marker_parent to None, run_after=None
[2024-05-05T15:35:37.694+0000] {processor.py:183} INFO - Processing /home/airflow/.local/lib/python3.12/site-packages/airflow/example_dags/example_external_task_marker_dag.py took 0.090 seconds
[2024-05-05T15:36:08.042+0000] {processor.py:161} INFO - Started process (PID=362) to work on /home/airflow/.local/lib/python3.12/site-packages/airflow/example_dags/example_external_task_marker_dag.py
[2024-05-05T15:36:08.043+0000] {processor.py:830} INFO - Processing file /home/airflow/.local/lib/python3.12/site-packages/airflow/example_dags/example_external_task_marker_dag.py for tasks to queue
[2024-05-05T15:36:08.045+0000] {logging_mixin.py:188} INFO - [2024-05-05T15:36:08.045+0000] {dagbag.py:540} INFO - Filling up the DagBag from /home/airflow/.local/lib/python3.12/site-packages/airflow/example_dags/example_external_task_marker_dag.py
[2024-05-05T15:36:08.057+0000] {processor.py:840} INFO - DAG(s) 'example_external_task_marker_parent', 'example_external_task_marker_child' retrieved from /home/airflow/.local/lib/python3.12/site-packages/airflow/example_dags/example_external_task_marker_dag.py
[2024-05-05T15:36:08.126+0000] {logging_mixin.py:188} INFO - [2024-05-05T15:36:08.126+0000] {dag.py:3096} INFO - Sync 2 DAGs
[2024-05-05T15:36:08.157+0000] {logging_mixin.py:188} INFO - [2024-05-05T15:36:08.157+0000] {dag.py:3954} INFO - Setting next_dagrun for example_external_task_marker_child to None, run_after=None
[2024-05-05T15:36:08.172+0000] {logging_mixin.py:188} INFO - [2024-05-05T15:36:08.171+0000] {dag.py:3954} INFO - Setting next_dagrun for example_external_task_marker_parent to None, run_after=None
[2024-05-05T15:36:08.222+0000] {processor.py:183} INFO - Processing /home/airflow/.local/lib/python3.12/site-packages/airflow/example_dags/example_external_task_marker_dag.py took 0.203 seconds
[2024-05-05T15:36:38.313+0000] {processor.py:161} INFO - Started process (PID=421) to work on /home/airflow/.local/lib/python3.12/site-packages/airflow/example_dags/example_external_task_marker_dag.py
[2024-05-05T15:36:38.314+0000] {processor.py:830} INFO - Processing file /home/airflow/.local/lib/python3.12/site-packages/airflow/example_dags/example_external_task_marker_dag.py for tasks to queue
[2024-05-05T15:36:38.316+0000] {logging_mixin.py:188} INFO - [2024-05-05T15:36:38.316+0000] {dagbag.py:540} INFO - Filling up the DagBag from /home/airflow/.local/lib/python3.12/site-packages/airflow/example_dags/example_external_task_marker_dag.py
[2024-05-05T15:36:38.323+0000] {processor.py:840} INFO - DAG(s) 'example_external_task_marker_parent', 'example_external_task_marker_child' retrieved from /home/airflow/.local/lib/python3.12/site-packages/airflow/example_dags/example_external_task_marker_dag.py
[2024-05-05T15:36:38.357+0000] {logging_mixin.py:188} INFO - [2024-05-05T15:36:38.357+0000] {dag.py:3096} INFO - Sync 2 DAGs
[2024-05-05T15:36:38.376+0000] {logging_mixin.py:188} INFO - [2024-05-05T15:36:38.376+0000] {dag.py:3954} INFO - Setting next_dagrun for example_external_task_marker_child to None, run_after=None
[2024-05-05T15:36:38.380+0000] {logging_mixin.py:188} INFO - [2024-05-05T15:36:38.380+0000] {dag.py:3954} INFO - Setting next_dagrun for example_external_task_marker_parent to None, run_after=None
[2024-05-05T15:36:38.404+0000] {processor.py:183} INFO - Processing /home/airflow/.local/lib/python3.12/site-packages/airflow/example_dags/example_external_task_marker_dag.py took 0.097 seconds
[2024-05-05T15:37:08.563+0000] {processor.py:161} INFO - Started process (PID=479) to work on /home/airflow/.local/lib/python3.12/site-packages/airflow/example_dags/example_external_task_marker_dag.py
[2024-05-05T15:37:08.576+0000] {processor.py:830} INFO - Processing file /home/airflow/.local/lib/python3.12/site-packages/airflow/example_dags/example_external_task_marker_dag.py for tasks to queue
[2024-05-05T15:37:08.578+0000] {logging_mixin.py:188} INFO - [2024-05-05T15:37:08.577+0000] {dagbag.py:540} INFO - Filling up the DagBag from /home/airflow/.local/lib/python3.12/site-packages/airflow/example_dags/example_external_task_marker_dag.py
[2024-05-05T15:37:08.591+0000] {processor.py:840} INFO - DAG(s) 'example_external_task_marker_child', 'example_external_task_marker_parent' retrieved from /home/airflow/.local/lib/python3.12/site-packages/airflow/example_dags/example_external_task_marker_dag.py
[2024-05-05T15:37:08.749+0000] {logging_mixin.py:188} INFO - [2024-05-05T15:37:08.749+0000] {dag.py:3096} INFO - Sync 2 DAGs
[2024-05-05T15:37:08.872+0000] {logging_mixin.py:188} INFO - [2024-05-05T15:37:08.863+0000] {dag.py:3954} INFO - Setting next_dagrun for example_external_task_marker_child to None, run_after=None
[2024-05-05T15:37:08.896+0000] {logging_mixin.py:188} INFO - [2024-05-05T15:37:08.894+0000] {dag.py:3954} INFO - Setting next_dagrun for example_external_task_marker_parent to None, run_after=None
[2024-05-05T15:37:08.991+0000] {processor.py:183} INFO - Processing /home/airflow/.local/lib/python3.12/site-packages/airflow/example_dags/example_external_task_marker_dag.py took 0.434 seconds
[2024-05-05T15:37:39.052+0000] {processor.py:161} INFO - Started process (PID=538) to work on /home/airflow/.local/lib/python3.12/site-packages/airflow/example_dags/example_external_task_marker_dag.py
[2024-05-05T15:37:39.053+0000] {processor.py:830} INFO - Processing file /home/airflow/.local/lib/python3.12/site-packages/airflow/example_dags/example_external_task_marker_dag.py for tasks to queue
[2024-05-05T15:37:39.055+0000] {logging_mixin.py:188} INFO - [2024-05-05T15:37:39.055+0000] {dagbag.py:540} INFO - Filling up the DagBag from /home/airflow/.local/lib/python3.12/site-packages/airflow/example_dags/example_external_task_marker_dag.py
[2024-05-05T15:37:39.062+0000] {processor.py:840} INFO - DAG(s) 'example_external_task_marker_child', 'example_external_task_marker_parent' retrieved from /home/airflow/.local/lib/python3.12/site-packages/airflow/example_dags/example_external_task_marker_dag.py
[2024-05-05T15:37:39.082+0000] {logging_mixin.py:188} INFO - [2024-05-05T15:37:39.082+0000] {dag.py:3096} INFO - Sync 2 DAGs
[2024-05-05T15:37:39.098+0000] {logging_mixin.py:188} INFO - [2024-05-05T15:37:39.098+0000] {dag.py:3954} INFO - Setting next_dagrun for example_external_task_marker_child to None, run_after=None
[2024-05-05T15:37:39.102+0000] {logging_mixin.py:188} INFO - [2024-05-05T15:37:39.102+0000] {dag.py:3954} INFO - Setting next_dagrun for example_external_task_marker_parent to None, run_after=None
[2024-05-05T15:37:39.126+0000] {processor.py:183} INFO - Processing /home/airflow/.local/lib/python3.12/site-packages/airflow/example_dags/example_external_task_marker_dag.py took 0.081 seconds
[2024-05-05T15:38:09.969+0000] {processor.py:161} INFO - Started process (PID=597) to work on /home/airflow/.local/lib/python3.12/site-packages/airflow/example_dags/example_external_task_marker_dag.py
[2024-05-05T15:38:09.969+0000] {processor.py:830} INFO - Processing file /home/airflow/.local/lib/python3.12/site-packages/airflow/example_dags/example_external_task_marker_dag.py for tasks to queue
[2024-05-05T15:38:09.971+0000] {logging_mixin.py:188} INFO - [2024-05-05T15:38:09.971+0000] {dagbag.py:540} INFO - Filling up the DagBag from /home/airflow/.local/lib/python3.12/site-packages/airflow/example_dags/example_external_task_marker_dag.py
[2024-05-05T15:38:09.978+0000] {processor.py:840} INFO - DAG(s) 'example_external_task_marker_child', 'example_external_task_marker_parent' retrieved from /home/airflow/.local/lib/python3.12/site-packages/airflow/example_dags/example_external_task_marker_dag.py
[2024-05-05T15:38:10.005+0000] {logging_mixin.py:188} INFO - [2024-05-05T15:38:10.005+0000] {dag.py:3096} INFO - Sync 2 DAGs
[2024-05-05T15:38:10.029+0000] {logging_mixin.py:188} INFO - [2024-05-05T15:38:10.028+0000] {dag.py:3954} INFO - Setting next_dagrun for example_external_task_marker_child to None, run_after=None
[2024-05-05T15:38:10.033+0000] {logging_mixin.py:188} INFO - [2024-05-05T15:38:10.033+0000] {dag.py:3954} INFO - Setting next_dagrun for example_external_task_marker_parent to None, run_after=None
[2024-05-05T15:38:10.057+0000] {processor.py:183} INFO - Processing /home/airflow/.local/lib/python3.12/site-packages/airflow/example_dags/example_external_task_marker_dag.py took 0.095 seconds
[2024-05-05T15:38:40.227+0000] {processor.py:161} INFO - Started process (PID=655) to work on /home/airflow/.local/lib/python3.12/site-packages/airflow/example_dags/example_external_task_marker_dag.py
[2024-05-05T15:38:40.228+0000] {processor.py:830} INFO - Processing file /home/airflow/.local/lib/python3.12/site-packages/airflow/example_dags/example_external_task_marker_dag.py for tasks to queue
[2024-05-05T15:38:40.229+0000] {logging_mixin.py:188} INFO - [2024-05-05T15:38:40.229+0000] {dagbag.py:540} INFO - Filling up the DagBag from /home/airflow/.local/lib/python3.12/site-packages/airflow/example_dags/example_external_task_marker_dag.py
[2024-05-05T15:38:40.240+0000] {processor.py:840} INFO - DAG(s) 'example_external_task_marker_parent', 'example_external_task_marker_child' retrieved from /home/airflow/.local/lib/python3.12/site-packages/airflow/example_dags/example_external_task_marker_dag.py
[2024-05-05T15:38:40.269+0000] {logging_mixin.py:188} INFO - [2024-05-05T15:38:40.269+0000] {dag.py:3096} INFO - Sync 2 DAGs
[2024-05-05T15:38:40.286+0000] {logging_mixin.py:188} INFO - [2024-05-05T15:38:40.286+0000] {dag.py:3954} INFO - Setting next_dagrun for example_external_task_marker_child to None, run_after=None
[2024-05-05T15:38:40.291+0000] {logging_mixin.py:188} INFO - [2024-05-05T15:38:40.291+0000] {dag.py:3954} INFO - Setting next_dagrun for example_external_task_marker_parent to None, run_after=None
[2024-05-05T15:38:40.312+0000] {processor.py:183} INFO - Processing /home/airflow/.local/lib/python3.12/site-packages/airflow/example_dags/example_external_task_marker_dag.py took 0.091 seconds
[2024-05-05T15:39:11.296+0000] {processor.py:161} INFO - Started process (PID=713) to work on /home/airflow/.local/lib/python3.12/site-packages/airflow/example_dags/example_external_task_marker_dag.py
[2024-05-05T15:39:11.297+0000] {processor.py:830} INFO - Processing file /home/airflow/.local/lib/python3.12/site-packages/airflow/example_dags/example_external_task_marker_dag.py for tasks to queue
[2024-05-05T15:39:11.298+0000] {logging_mixin.py:188} INFO - [2024-05-05T15:39:11.298+0000] {dagbag.py:540} INFO - Filling up the DagBag from /home/airflow/.local/lib/python3.12/site-packages/airflow/example_dags/example_external_task_marker_dag.py
[2024-05-05T15:39:11.305+0000] {processor.py:840} INFO - DAG(s) 'example_external_task_marker_parent', 'example_external_task_marker_child' retrieved from /home/airflow/.local/lib/python3.12/site-packages/airflow/example_dags/example_external_task_marker_dag.py
[2024-05-05T15:39:11.341+0000] {logging_mixin.py:188} INFO - [2024-05-05T15:39:11.340+0000] {dag.py:3096} INFO - Sync 2 DAGs
[2024-05-05T15:39:11.358+0000] {logging_mixin.py:188} INFO - [2024-05-05T15:39:11.358+0000] {dag.py:3954} INFO - Setting next_dagrun for example_external_task_marker_child to None, run_after=None
[2024-05-05T15:39:11.363+0000] {logging_mixin.py:188} INFO - [2024-05-05T15:39:11.363+0000] {dag.py:3954} INFO - Setting next_dagrun for example_external_task_marker_parent to None, run_after=None
[2024-05-05T15:39:11.434+0000] {processor.py:183} INFO - Processing /home/airflow/.local/lib/python3.12/site-packages/airflow/example_dags/example_external_task_marker_dag.py took 0.144 seconds
[2024-05-05T15:39:42.156+0000] {processor.py:161} INFO - Started process (PID=772) to work on /home/airflow/.local/lib/python3.12/site-packages/airflow/example_dags/example_external_task_marker_dag.py
[2024-05-05T15:39:42.157+0000] {processor.py:830} INFO - Processing file /home/airflow/.local/lib/python3.12/site-packages/airflow/example_dags/example_external_task_marker_dag.py for tasks to queue
[2024-05-05T15:39:42.160+0000] {logging_mixin.py:188} INFO - [2024-05-05T15:39:42.159+0000] {dagbag.py:540} INFO - Filling up the DagBag from /home/airflow/.local/lib/python3.12/site-packages/airflow/example_dags/example_external_task_marker_dag.py
[2024-05-05T15:39:42.168+0000] {processor.py:840} INFO - DAG(s) 'example_external_task_marker_child', 'example_external_task_marker_parent' retrieved from /home/airflow/.local/lib/python3.12/site-packages/airflow/example_dags/example_external_task_marker_dag.py
[2024-05-05T15:39:42.203+0000] {logging_mixin.py:188} INFO - [2024-05-05T15:39:42.203+0000] {dag.py:3096} INFO - Sync 2 DAGs
[2024-05-05T15:39:42.220+0000] {logging_mixin.py:188} INFO - [2024-05-05T15:39:42.220+0000] {dag.py:3954} INFO - Setting next_dagrun for example_external_task_marker_child to None, run_after=None
[2024-05-05T15:39:42.225+0000] {logging_mixin.py:188} INFO - [2024-05-05T15:39:42.225+0000] {dag.py:3954} INFO - Setting next_dagrun for example_external_task_marker_parent to None, run_after=None
[2024-05-05T15:39:42.250+0000] {processor.py:183} INFO - Processing /home/airflow/.local/lib/python3.12/site-packages/airflow/example_dags/example_external_task_marker_dag.py took 0.101 seconds
[2024-05-05T15:40:12.397+0000] {processor.py:161} INFO - Started process (PID=829) to work on /home/airflow/.local/lib/python3.12/site-packages/airflow/example_dags/example_external_task_marker_dag.py
[2024-05-05T15:40:12.398+0000] {processor.py:830} INFO - Processing file /home/airflow/.local/lib/python3.12/site-packages/airflow/example_dags/example_external_task_marker_dag.py for tasks to queue
[2024-05-05T15:40:12.401+0000] {logging_mixin.py:188} INFO - [2024-05-05T15:40:12.400+0000] {dagbag.py:540} INFO - Filling up the DagBag from /home/airflow/.local/lib/python3.12/site-packages/airflow/example_dags/example_external_task_marker_dag.py
[2024-05-05T15:40:12.407+0000] {processor.py:840} INFO - DAG(s) 'example_external_task_marker_child', 'example_external_task_marker_parent' retrieved from /home/airflow/.local/lib/python3.12/site-packages/airflow/example_dags/example_external_task_marker_dag.py
[2024-05-05T15:40:12.433+0000] {logging_mixin.py:188} INFO - [2024-05-05T15:40:12.433+0000] {dag.py:3096} INFO - Sync 2 DAGs
[2024-05-05T15:40:12.454+0000] {logging_mixin.py:188} INFO - [2024-05-05T15:40:12.453+0000] {dag.py:3954} INFO - Setting next_dagrun for example_external_task_marker_child to None, run_after=None
[2024-05-05T15:40:12.459+0000] {logging_mixin.py:188} INFO - [2024-05-05T15:40:12.458+0000] {dag.py:3954} INFO - Setting next_dagrun for example_external_task_marker_parent to None, run_after=None
[2024-05-05T15:40:12.486+0000] {processor.py:183} INFO - Processing /home/airflow/.local/lib/python3.12/site-packages/airflow/example_dags/example_external_task_marker_dag.py took 0.097 seconds
[2024-05-05T15:40:43.158+0000] {processor.py:161} INFO - Started process (PID=887) to work on /home/airflow/.local/lib/python3.12/site-packages/airflow/example_dags/example_external_task_marker_dag.py
[2024-05-05T15:40:43.159+0000] {processor.py:830} INFO - Processing file /home/airflow/.local/lib/python3.12/site-packages/airflow/example_dags/example_external_task_marker_dag.py for tasks to queue
[2024-05-05T15:40:43.161+0000] {logging_mixin.py:188} INFO - [2024-05-05T15:40:43.161+0000] {dagbag.py:540} INFO - Filling up the DagBag from /home/airflow/.local/lib/python3.12/site-packages/airflow/example_dags/example_external_task_marker_dag.py
[2024-05-05T15:40:43.168+0000] {processor.py:840} INFO - DAG(s) 'example_external_task_marker_parent', 'example_external_task_marker_child' retrieved from /home/airflow/.local/lib/python3.12/site-packages/airflow/example_dags/example_external_task_marker_dag.py
[2024-05-05T15:40:43.193+0000] {logging_mixin.py:188} INFO - [2024-05-05T15:40:43.193+0000] {dag.py:3096} INFO - Sync 2 DAGs
[2024-05-05T15:40:43.210+0000] {logging_mixin.py:188} INFO - [2024-05-05T15:40:43.210+0000] {dag.py:3954} INFO - Setting next_dagrun for example_external_task_marker_child to None, run_after=None
[2024-05-05T15:40:43.215+0000] {logging_mixin.py:188} INFO - [2024-05-05T15:40:43.215+0000] {dag.py:3954} INFO - Setting next_dagrun for example_external_task_marker_parent to None, run_after=None
[2024-05-05T15:40:43.238+0000] {processor.py:183} INFO - Processing /home/airflow/.local/lib/python3.12/site-packages/airflow/example_dags/example_external_task_marker_dag.py took 0.087 seconds
[2024-05-05T15:41:14.305+0000] {processor.py:161} INFO - Started process (PID=944) to work on /home/airflow/.local/lib/python3.12/site-packages/airflow/example_dags/example_external_task_marker_dag.py
[2024-05-05T15:41:14.306+0000] {processor.py:830} INFO - Processing file /home/airflow/.local/lib/python3.12/site-packages/airflow/example_dags/example_external_task_marker_dag.py for tasks to queue
[2024-05-05T15:41:14.308+0000] {logging_mixin.py:188} INFO - [2024-05-05T15:41:14.307+0000] {dagbag.py:540} INFO - Filling up the DagBag from /home/airflow/.local/lib/python3.12/site-packages/airflow/example_dags/example_external_task_marker_dag.py
[2024-05-05T15:41:14.314+0000] {processor.py:840} INFO - DAG(s) 'example_external_task_marker_parent', 'example_external_task_marker_child' retrieved from /home/airflow/.local/lib/python3.12/site-packages/airflow/example_dags/example_external_task_marker_dag.py
[2024-05-05T15:41:14.567+0000] {logging_mixin.py:188} INFO - [2024-05-05T15:41:14.566+0000] {dag.py:3096} INFO - Sync 2 DAGs
[2024-05-05T15:41:14.581+0000] {logging_mixin.py:188} INFO - [2024-05-05T15:41:14.581+0000] {dag.py:3954} INFO - Setting next_dagrun for example_external_task_marker_child to None, run_after=None
[2024-05-05T15:41:14.586+0000] {logging_mixin.py:188} INFO - [2024-05-05T15:41:14.586+0000] {dag.py:3954} INFO - Setting next_dagrun for example_external_task_marker_parent to None, run_after=None
[2024-05-05T15:41:14.607+0000] {processor.py:183} INFO - Processing /home/airflow/.local/lib/python3.12/site-packages/airflow/example_dags/example_external_task_marker_dag.py took 0.309 seconds
[2024-05-05T15:41:45.438+0000] {processor.py:161} INFO - Started process (PID=1003) to work on /home/airflow/.local/lib/python3.12/site-packages/airflow/example_dags/example_external_task_marker_dag.py
[2024-05-05T15:41:45.442+0000] {processor.py:830} INFO - Processing file /home/airflow/.local/lib/python3.12/site-packages/airflow/example_dags/example_external_task_marker_dag.py for tasks to queue
[2024-05-05T15:41:45.444+0000] {logging_mixin.py:188} INFO - [2024-05-05T15:41:45.443+0000] {dagbag.py:540} INFO - Filling up the DagBag from /home/airflow/.local/lib/python3.12/site-packages/airflow/example_dags/example_external_task_marker_dag.py
[2024-05-05T15:41:45.460+0000] {processor.py:840} INFO - DAG(s) 'example_external_task_marker_parent', 'example_external_task_marker_child' retrieved from /home/airflow/.local/lib/python3.12/site-packages/airflow/example_dags/example_external_task_marker_dag.py
[2024-05-05T15:41:45.528+0000] {logging_mixin.py:188} INFO - [2024-05-05T15:41:45.528+0000] {dag.py:3096} INFO - Sync 2 DAGs
[2024-05-05T15:41:45.557+0000] {logging_mixin.py:188} INFO - [2024-05-05T15:41:45.557+0000] {dag.py:3954} INFO - Setting next_dagrun for example_external_task_marker_child to None, run_after=None
[2024-05-05T15:41:45.587+0000] {logging_mixin.py:188} INFO - [2024-05-05T15:41:45.586+0000] {dag.py:3954} INFO - Setting next_dagrun for example_external_task_marker_parent to None, run_after=None
[2024-05-05T15:41:45.687+0000] {processor.py:183} INFO - Processing /home/airflow/.local/lib/python3.12/site-packages/airflow/example_dags/example_external_task_marker_dag.py took 0.256 seconds
[2024-05-05T15:42:15.993+0000] {processor.py:161} INFO - Started process (PID=1062) to work on /home/airflow/.local/lib/python3.12/site-packages/airflow/example_dags/example_external_task_marker_dag.py
[2024-05-05T15:42:15.994+0000] {processor.py:830} INFO - Processing file /home/airflow/.local/lib/python3.12/site-packages/airflow/example_dags/example_external_task_marker_dag.py for tasks to queue
[2024-05-05T15:42:15.996+0000] {logging_mixin.py:188} INFO - [2024-05-05T15:42:15.996+0000] {dagbag.py:540} INFO - Filling up the DagBag from /home/airflow/.local/lib/python3.12/site-packages/airflow/example_dags/example_external_task_marker_dag.py
[2024-05-05T15:42:16.003+0000] {processor.py:840} INFO - DAG(s) 'example_external_task_marker_child', 'example_external_task_marker_parent' retrieved from /home/airflow/.local/lib/python3.12/site-packages/airflow/example_dags/example_external_task_marker_dag.py
[2024-05-05T15:42:16.070+0000] {logging_mixin.py:188} INFO - [2024-05-05T15:42:16.070+0000] {dag.py:3096} INFO - Sync 2 DAGs
[2024-05-05T15:42:16.089+0000] {logging_mixin.py:188} INFO - [2024-05-05T15:42:16.089+0000] {dag.py:3954} INFO - Setting next_dagrun for example_external_task_marker_child to None, run_after=None
[2024-05-05T15:42:16.094+0000] {logging_mixin.py:188} INFO - [2024-05-05T15:42:16.094+0000] {dag.py:3954} INFO - Setting next_dagrun for example_external_task_marker_parent to None, run_after=None
[2024-05-05T15:42:16.141+0000] {processor.py:183} INFO - Processing /home/airflow/.local/lib/python3.12/site-packages/airflow/example_dags/example_external_task_marker_dag.py took 0.154 seconds
[2024-05-05T15:42:46.975+0000] {processor.py:161} INFO - Started process (PID=1120) to work on /home/airflow/.local/lib/python3.12/site-packages/airflow/example_dags/example_external_task_marker_dag.py
[2024-05-05T15:42:46.979+0000] {processor.py:830} INFO - Processing file /home/airflow/.local/lib/python3.12/site-packages/airflow/example_dags/example_external_task_marker_dag.py for tasks to queue
[2024-05-05T15:42:46.981+0000] {logging_mixin.py:188} INFO - [2024-05-05T15:42:46.980+0000] {dagbag.py:540} INFO - Filling up the DagBag from /home/airflow/.local/lib/python3.12/site-packages/airflow/example_dags/example_external_task_marker_dag.py
[2024-05-05T15:42:46.992+0000] {processor.py:840} INFO - DAG(s) 'example_external_task_marker_parent', 'example_external_task_marker_child' retrieved from /home/airflow/.local/lib/python3.12/site-packages/airflow/example_dags/example_external_task_marker_dag.py
[2024-05-05T15:42:47.036+0000] {logging_mixin.py:188} INFO - [2024-05-05T15:42:47.036+0000] {dag.py:3096} INFO - Sync 2 DAGs
[2024-05-05T15:42:47.070+0000] {logging_mixin.py:188} INFO - [2024-05-05T15:42:47.069+0000] {dag.py:3954} INFO - Setting next_dagrun for example_external_task_marker_child to None, run_after=None
[2024-05-05T15:42:47.078+0000] {logging_mixin.py:188} INFO - [2024-05-05T15:42:47.077+0000] {dag.py:3954} INFO - Setting next_dagrun for example_external_task_marker_parent to None, run_after=None
[2024-05-05T15:42:47.120+0000] {processor.py:183} INFO - Processing /home/airflow/.local/lib/python3.12/site-packages/airflow/example_dags/example_external_task_marker_dag.py took 0.153 seconds
[2024-05-05T15:43:17.675+0000] {processor.py:161} INFO - Started process (PID=1178) to work on /home/airflow/.local/lib/python3.12/site-packages/airflow/example_dags/example_external_task_marker_dag.py
[2024-05-05T15:43:17.679+0000] {processor.py:830} INFO - Processing file /home/airflow/.local/lib/python3.12/site-packages/airflow/example_dags/example_external_task_marker_dag.py for tasks to queue
[2024-05-05T15:43:17.682+0000] {logging_mixin.py:188} INFO - [2024-05-05T15:43:17.681+0000] {dagbag.py:540} INFO - Filling up the DagBag from /home/airflow/.local/lib/python3.12/site-packages/airflow/example_dags/example_external_task_marker_dag.py
[2024-05-05T15:43:17.691+0000] {processor.py:840} INFO - DAG(s) 'example_external_task_marker_child', 'example_external_task_marker_parent' retrieved from /home/airflow/.local/lib/python3.12/site-packages/airflow/example_dags/example_external_task_marker_dag.py
[2024-05-05T15:43:17.753+0000] {logging_mixin.py:188} INFO - [2024-05-05T15:43:17.753+0000] {dag.py:3096} INFO - Sync 2 DAGs
[2024-05-05T15:43:17.777+0000] {logging_mixin.py:188} INFO - [2024-05-05T15:43:17.776+0000] {dag.py:3954} INFO - Setting next_dagrun for example_external_task_marker_child to None, run_after=None
[2024-05-05T15:43:17.782+0000] {logging_mixin.py:188} INFO - [2024-05-05T15:43:17.782+0000] {dag.py:3954} INFO - Setting next_dagrun for example_external_task_marker_parent to None, run_after=None
[2024-05-05T15:43:17.826+0000] {processor.py:183} INFO - Processing /home/airflow/.local/lib/python3.12/site-packages/airflow/example_dags/example_external_task_marker_dag.py took 0.168 seconds
[2024-05-05T15:43:48.034+0000] {processor.py:161} INFO - Started process (PID=1236) to work on /home/airflow/.local/lib/python3.12/site-packages/airflow/example_dags/example_external_task_marker_dag.py
[2024-05-05T15:43:48.035+0000] {processor.py:830} INFO - Processing file /home/airflow/.local/lib/python3.12/site-packages/airflow/example_dags/example_external_task_marker_dag.py for tasks to queue
[2024-05-05T15:43:48.047+0000] {logging_mixin.py:188} INFO - [2024-05-05T15:43:48.037+0000] {dagbag.py:540} INFO - Filling up the DagBag from /home/airflow/.local/lib/python3.12/site-packages/airflow/example_dags/example_external_task_marker_dag.py
[2024-05-05T15:43:48.066+0000] {processor.py:840} INFO - DAG(s) 'example_external_task_marker_parent', 'example_external_task_marker_child' retrieved from /home/airflow/.local/lib/python3.12/site-packages/airflow/example_dags/example_external_task_marker_dag.py
[2024-05-05T15:43:48.154+0000] {logging_mixin.py:188} INFO - [2024-05-05T15:43:48.152+0000] {dag.py:3096} INFO - Sync 2 DAGs
[2024-05-05T15:43:48.177+0000] {logging_mixin.py:188} INFO - [2024-05-05T15:43:48.176+0000] {dag.py:3954} INFO - Setting next_dagrun for example_external_task_marker_child to None, run_after=None
[2024-05-05T15:43:48.182+0000] {logging_mixin.py:188} INFO - [2024-05-05T15:43:48.182+0000] {dag.py:3954} INFO - Setting next_dagrun for example_external_task_marker_parent to None, run_after=None
[2024-05-05T15:43:48.206+0000] {processor.py:183} INFO - Processing /home/airflow/.local/lib/python3.12/site-packages/airflow/example_dags/example_external_task_marker_dag.py took 0.196 seconds
[2024-05-05T15:44:18.925+0000] {processor.py:161} INFO - Started process (PID=1294) to work on /home/airflow/.local/lib/python3.12/site-packages/airflow/example_dags/example_external_task_marker_dag.py
[2024-05-05T15:44:18.926+0000] {processor.py:830} INFO - Processing file /home/airflow/.local/lib/python3.12/site-packages/airflow/example_dags/example_external_task_marker_dag.py for tasks to queue
[2024-05-05T15:44:18.927+0000] {logging_mixin.py:188} INFO - [2024-05-05T15:44:18.927+0000] {dagbag.py:540} INFO - Filling up the DagBag from /home/airflow/.local/lib/python3.12/site-packages/airflow/example_dags/example_external_task_marker_dag.py
[2024-05-05T15:44:18.933+0000] {processor.py:840} INFO - DAG(s) 'example_external_task_marker_parent', 'example_external_task_marker_child' retrieved from /home/airflow/.local/lib/python3.12/site-packages/airflow/example_dags/example_external_task_marker_dag.py
[2024-05-05T15:44:18.959+0000] {logging_mixin.py:188} INFO - [2024-05-05T15:44:18.959+0000] {dag.py:3096} INFO - Sync 2 DAGs
[2024-05-05T15:44:18.976+0000] {logging_mixin.py:188} INFO - [2024-05-05T15:44:18.976+0000] {dag.py:3954} INFO - Setting next_dagrun for example_external_task_marker_child to None, run_after=None
[2024-05-05T15:44:18.981+0000] {logging_mixin.py:188} INFO - [2024-05-05T15:44:18.980+0000] {dag.py:3954} INFO - Setting next_dagrun for example_external_task_marker_parent to None, run_after=None
[2024-05-05T15:44:19.005+0000] {processor.py:183} INFO - Processing /home/airflow/.local/lib/python3.12/site-packages/airflow/example_dags/example_external_task_marker_dag.py took 0.087 seconds
[2024-05-05T15:44:49.401+0000] {processor.py:161} INFO - Started process (PID=1352) to work on /home/airflow/.local/lib/python3.12/site-packages/airflow/example_dags/example_external_task_marker_dag.py
[2024-05-05T15:44:49.401+0000] {processor.py:830} INFO - Processing file /home/airflow/.local/lib/python3.12/site-packages/airflow/example_dags/example_external_task_marker_dag.py for tasks to queue
[2024-05-05T15:44:49.403+0000] {logging_mixin.py:188} INFO - [2024-05-05T15:44:49.403+0000] {dagbag.py:540} INFO - Filling up the DagBag from /home/airflow/.local/lib/python3.12/site-packages/airflow/example_dags/example_external_task_marker_dag.py
[2024-05-05T15:44:49.408+0000] {processor.py:840} INFO - DAG(s) 'example_external_task_marker_child', 'example_external_task_marker_parent' retrieved from /home/airflow/.local/lib/python3.12/site-packages/airflow/example_dags/example_external_task_marker_dag.py
[2024-05-05T15:44:49.435+0000] {logging_mixin.py:188} INFO - [2024-05-05T15:44:49.435+0000] {dag.py:3096} INFO - Sync 2 DAGs
[2024-05-05T15:44:49.459+0000] {logging_mixin.py:188} INFO - [2024-05-05T15:44:49.459+0000] {dag.py:3954} INFO - Setting next_dagrun for example_external_task_marker_child to None, run_after=None
[2024-05-05T15:44:49.466+0000] {logging_mixin.py:188} INFO - [2024-05-05T15:44:49.466+0000] {dag.py:3954} INFO - Setting next_dagrun for example_external_task_marker_parent to None, run_after=None
[2024-05-05T15:44:49.487+0000] {processor.py:183} INFO - Processing /home/airflow/.local/lib/python3.12/site-packages/airflow/example_dags/example_external_task_marker_dag.py took 0.093 seconds
[2024-05-05T15:45:19.895+0000] {processor.py:161} INFO - Started process (PID=1409) to work on /home/airflow/.local/lib/python3.12/site-packages/airflow/example_dags/example_external_task_marker_dag.py
[2024-05-05T15:45:19.896+0000] {processor.py:830} INFO - Processing file /home/airflow/.local/lib/python3.12/site-packages/airflow/example_dags/example_external_task_marker_dag.py for tasks to queue
[2024-05-05T15:45:19.898+0000] {logging_mixin.py:188} INFO - [2024-05-05T15:45:19.898+0000] {dagbag.py:540} INFO - Filling up the DagBag from /home/airflow/.local/lib/python3.12/site-packages/airflow/example_dags/example_external_task_marker_dag.py
[2024-05-05T15:45:19.905+0000] {processor.py:840} INFO - DAG(s) 'example_external_task_marker_child', 'example_external_task_marker_parent' retrieved from /home/airflow/.local/lib/python3.12/site-packages/airflow/example_dags/example_external_task_marker_dag.py
[2024-05-05T15:45:19.931+0000] {logging_mixin.py:188} INFO - [2024-05-05T15:45:19.931+0000] {dag.py:3096} INFO - Sync 2 DAGs
[2024-05-05T15:45:19.948+0000] {logging_mixin.py:188} INFO - [2024-05-05T15:45:19.947+0000] {dag.py:3954} INFO - Setting next_dagrun for example_external_task_marker_child to None, run_after=None
[2024-05-05T15:45:19.952+0000] {logging_mixin.py:188} INFO - [2024-05-05T15:45:19.952+0000] {dag.py:3954} INFO - Setting next_dagrun for example_external_task_marker_parent to None, run_after=None
[2024-05-05T15:45:19.980+0000] {processor.py:183} INFO - Processing /home/airflow/.local/lib/python3.12/site-packages/airflow/example_dags/example_external_task_marker_dag.py took 0.089 seconds
[2024-05-05T15:45:50.324+0000] {processor.py:161} INFO - Started process (PID=1467) to work on /home/airflow/.local/lib/python3.12/site-packages/airflow/example_dags/example_external_task_marker_dag.py
[2024-05-05T15:45:50.324+0000] {processor.py:830} INFO - Processing file /home/airflow/.local/lib/python3.12/site-packages/airflow/example_dags/example_external_task_marker_dag.py for tasks to queue
[2024-05-05T15:45:50.326+0000] {logging_mixin.py:188} INFO - [2024-05-05T15:45:50.326+0000] {dagbag.py:540} INFO - Filling up the DagBag from /home/airflow/.local/lib/python3.12/site-packages/airflow/example_dags/example_external_task_marker_dag.py
[2024-05-05T15:45:50.333+0000] {processor.py:840} INFO - DAG(s) 'example_external_task_marker_parent', 'example_external_task_marker_child' retrieved from /home/airflow/.local/lib/python3.12/site-packages/airflow/example_dags/example_external_task_marker_dag.py
[2024-05-05T15:45:50.360+0000] {logging_mixin.py:188} INFO - [2024-05-05T15:45:50.360+0000] {dag.py:3096} INFO - Sync 2 DAGs
[2024-05-05T15:45:50.374+0000] {logging_mixin.py:188} INFO - [2024-05-05T15:45:50.373+0000] {dag.py:3954} INFO - Setting next_dagrun for example_external_task_marker_child to None, run_after=None
[2024-05-05T15:45:50.378+0000] {logging_mixin.py:188} INFO - [2024-05-05T15:45:50.378+0000] {dag.py:3954} INFO - Setting next_dagrun for example_external_task_marker_parent to None, run_after=None
[2024-05-05T15:45:50.400+0000] {processor.py:183} INFO - Processing /home/airflow/.local/lib/python3.12/site-packages/airflow/example_dags/example_external_task_marker_dag.py took 0.084 seconds
[2024-05-05T15:46:21.447+0000] {processor.py:161} INFO - Started process (PID=1531) to work on /home/airflow/.local/lib/python3.12/site-packages/airflow/example_dags/example_external_task_marker_dag.py
[2024-05-05T15:46:21.461+0000] {processor.py:830} INFO - Processing file /home/airflow/.local/lib/python3.12/site-packages/airflow/example_dags/example_external_task_marker_dag.py for tasks to queue
[2024-05-05T15:46:21.464+0000] {logging_mixin.py:188} INFO - [2024-05-05T15:46:21.463+0000] {dagbag.py:540} INFO - Filling up the DagBag from /home/airflow/.local/lib/python3.12/site-packages/airflow/example_dags/example_external_task_marker_dag.py
[2024-05-05T15:46:21.507+0000] {processor.py:840} INFO - DAG(s) 'example_external_task_marker_parent', 'example_external_task_marker_child' retrieved from /home/airflow/.local/lib/python3.12/site-packages/airflow/example_dags/example_external_task_marker_dag.py
[2024-05-05T15:46:21.830+0000] {logging_mixin.py:188} INFO - [2024-05-05T15:46:21.830+0000] {dag.py:3096} INFO - Sync 2 DAGs
[2024-05-05T15:46:21.944+0000] {logging_mixin.py:188} INFO - [2024-05-05T15:46:21.943+0000] {dag.py:3954} INFO - Setting next_dagrun for example_external_task_marker_child to None, run_after=None
[2024-05-05T15:46:21.972+0000] {logging_mixin.py:188} INFO - [2024-05-05T15:46:21.967+0000] {dag.py:3954} INFO - Setting next_dagrun for example_external_task_marker_parent to None, run_after=None
[2024-05-05T15:46:22.036+0000] {processor.py:183} INFO - Processing /home/airflow/.local/lib/python3.12/site-packages/airflow/example_dags/example_external_task_marker_dag.py took 0.602 seconds
[2024-05-05T15:46:52.318+0000] {processor.py:161} INFO - Started process (PID=1588) to work on /home/airflow/.local/lib/python3.12/site-packages/airflow/example_dags/example_external_task_marker_dag.py
[2024-05-05T15:46:52.321+0000] {processor.py:830} INFO - Processing file /home/airflow/.local/lib/python3.12/site-packages/airflow/example_dags/example_external_task_marker_dag.py for tasks to queue
[2024-05-05T15:46:52.323+0000] {logging_mixin.py:188} INFO - [2024-05-05T15:46:52.323+0000] {dagbag.py:540} INFO - Filling up the DagBag from /home/airflow/.local/lib/python3.12/site-packages/airflow/example_dags/example_external_task_marker_dag.py
[2024-05-05T15:46:52.340+0000] {processor.py:840} INFO - DAG(s) 'example_external_task_marker_parent', 'example_external_task_marker_child' retrieved from /home/airflow/.local/lib/python3.12/site-packages/airflow/example_dags/example_external_task_marker_dag.py
[2024-05-05T15:46:52.388+0000] {logging_mixin.py:188} INFO - [2024-05-05T15:46:52.387+0000] {dag.py:3096} INFO - Sync 2 DAGs
[2024-05-05T15:46:52.404+0000] {logging_mixin.py:188} INFO - [2024-05-05T15:46:52.404+0000] {dag.py:3954} INFO - Setting next_dagrun for example_external_task_marker_child to None, run_after=None
[2024-05-05T15:46:52.409+0000] {logging_mixin.py:188} INFO - [2024-05-05T15:46:52.408+0000] {dag.py:3954} INFO - Setting next_dagrun for example_external_task_marker_parent to None, run_after=None
[2024-05-05T15:46:52.447+0000] {processor.py:183} INFO - Processing /home/airflow/.local/lib/python3.12/site-packages/airflow/example_dags/example_external_task_marker_dag.py took 0.152 seconds
[2024-05-05T15:47:22.643+0000] {processor.py:161} INFO - Started process (PID=1646) to work on /home/airflow/.local/lib/python3.12/site-packages/airflow/example_dags/example_external_task_marker_dag.py
[2024-05-05T15:47:22.644+0000] {processor.py:830} INFO - Processing file /home/airflow/.local/lib/python3.12/site-packages/airflow/example_dags/example_external_task_marker_dag.py for tasks to queue
[2024-05-05T15:47:22.646+0000] {logging_mixin.py:188} INFO - [2024-05-05T15:47:22.646+0000] {dagbag.py:540} INFO - Filling up the DagBag from /home/airflow/.local/lib/python3.12/site-packages/airflow/example_dags/example_external_task_marker_dag.py
[2024-05-05T15:47:22.653+0000] {processor.py:840} INFO - DAG(s) 'example_external_task_marker_parent', 'example_external_task_marker_child' retrieved from /home/airflow/.local/lib/python3.12/site-packages/airflow/example_dags/example_external_task_marker_dag.py
[2024-05-05T15:47:22.681+0000] {logging_mixin.py:188} INFO - [2024-05-05T15:47:22.681+0000] {dag.py:3096} INFO - Sync 2 DAGs
[2024-05-05T15:47:22.726+0000] {logging_mixin.py:188} INFO - [2024-05-05T15:47:22.724+0000] {dag.py:3954} INFO - Setting next_dagrun for example_external_task_marker_child to None, run_after=None
[2024-05-05T15:47:22.734+0000] {logging_mixin.py:188} INFO - [2024-05-05T15:47:22.734+0000] {dag.py:3954} INFO - Setting next_dagrun for example_external_task_marker_parent to None, run_after=None
[2024-05-05T15:47:22.760+0000] {processor.py:183} INFO - Processing /home/airflow/.local/lib/python3.12/site-packages/airflow/example_dags/example_external_task_marker_dag.py took 0.123 seconds
[2024-05-05T15:47:53.480+0000] {processor.py:161} INFO - Started process (PID=1705) to work on /home/airflow/.local/lib/python3.12/site-packages/airflow/example_dags/example_external_task_marker_dag.py
[2024-05-05T15:47:53.481+0000] {processor.py:830} INFO - Processing file /home/airflow/.local/lib/python3.12/site-packages/airflow/example_dags/example_external_task_marker_dag.py for tasks to queue
[2024-05-05T15:47:53.484+0000] {logging_mixin.py:188} INFO - [2024-05-05T15:47:53.483+0000] {dagbag.py:540} INFO - Filling up the DagBag from /home/airflow/.local/lib/python3.12/site-packages/airflow/example_dags/example_external_task_marker_dag.py
[2024-05-05T15:47:53.496+0000] {processor.py:840} INFO - DAG(s) 'example_external_task_marker_parent', 'example_external_task_marker_child' retrieved from /home/airflow/.local/lib/python3.12/site-packages/airflow/example_dags/example_external_task_marker_dag.py
[2024-05-05T15:47:53.525+0000] {logging_mixin.py:188} INFO - [2024-05-05T15:47:53.524+0000] {dag.py:3096} INFO - Sync 2 DAGs
[2024-05-05T15:47:53.548+0000] {logging_mixin.py:188} INFO - [2024-05-05T15:47:53.547+0000] {dag.py:3954} INFO - Setting next_dagrun for example_external_task_marker_child to None, run_after=None
[2024-05-05T15:47:53.554+0000] {logging_mixin.py:188} INFO - [2024-05-05T15:47:53.553+0000] {dag.py:3954} INFO - Setting next_dagrun for example_external_task_marker_parent to None, run_after=None
[2024-05-05T15:47:53.577+0000] {processor.py:183} INFO - Processing /home/airflow/.local/lib/python3.12/site-packages/airflow/example_dags/example_external_task_marker_dag.py took 0.104 seconds
[2024-05-05T15:48:24.667+0000] {processor.py:161} INFO - Started process (PID=1764) to work on /home/airflow/.local/lib/python3.12/site-packages/airflow/example_dags/example_external_task_marker_dag.py
[2024-05-05T15:48:24.675+0000] {processor.py:830} INFO - Processing file /home/airflow/.local/lib/python3.12/site-packages/airflow/example_dags/example_external_task_marker_dag.py for tasks to queue
[2024-05-05T15:48:24.676+0000] {logging_mixin.py:188} INFO - [2024-05-05T15:48:24.676+0000] {dagbag.py:540} INFO - Filling up the DagBag from /home/airflow/.local/lib/python3.12/site-packages/airflow/example_dags/example_external_task_marker_dag.py
[2024-05-05T15:48:24.687+0000] {processor.py:840} INFO - DAG(s) 'example_external_task_marker_parent', 'example_external_task_marker_child' retrieved from /home/airflow/.local/lib/python3.12/site-packages/airflow/example_dags/example_external_task_marker_dag.py
[2024-05-05T15:48:24.743+0000] {logging_mixin.py:188} INFO - [2024-05-05T15:48:24.743+0000] {dag.py:3096} INFO - Sync 2 DAGs
[2024-05-05T15:48:24.791+0000] {logging_mixin.py:188} INFO - [2024-05-05T15:48:24.789+0000] {dag.py:3954} INFO - Setting next_dagrun for example_external_task_marker_child to None, run_after=None
[2024-05-05T15:48:24.798+0000] {logging_mixin.py:188} INFO - [2024-05-05T15:48:24.798+0000] {dag.py:3954} INFO - Setting next_dagrun for example_external_task_marker_parent to None, run_after=None
[2024-05-05T15:48:24.836+0000] {processor.py:183} INFO - Processing /home/airflow/.local/lib/python3.12/site-packages/airflow/example_dags/example_external_task_marker_dag.py took 0.187 seconds
[2024-05-05T15:48:54.975+0000] {processor.py:161} INFO - Started process (PID=1823) to work on /home/airflow/.local/lib/python3.12/site-packages/airflow/example_dags/example_external_task_marker_dag.py
[2024-05-05T15:48:54.976+0000] {processor.py:830} INFO - Processing file /home/airflow/.local/lib/python3.12/site-packages/airflow/example_dags/example_external_task_marker_dag.py for tasks to queue
[2024-05-05T15:48:54.977+0000] {logging_mixin.py:188} INFO - [2024-05-05T15:48:54.977+0000] {dagbag.py:540} INFO - Filling up the DagBag from /home/airflow/.local/lib/python3.12/site-packages/airflow/example_dags/example_external_task_marker_dag.py
[2024-05-05T15:48:54.983+0000] {processor.py:840} INFO - DAG(s) 'example_external_task_marker_parent', 'example_external_task_marker_child' retrieved from /home/airflow/.local/lib/python3.12/site-packages/airflow/example_dags/example_external_task_marker_dag.py
[2024-05-05T15:48:55.009+0000] {logging_mixin.py:188} INFO - [2024-05-05T15:48:55.009+0000] {dag.py:3096} INFO - Sync 2 DAGs
[2024-05-05T15:48:55.026+0000] {logging_mixin.py:188} INFO - [2024-05-05T15:48:55.026+0000] {dag.py:3954} INFO - Setting next_dagrun for example_external_task_marker_child to None, run_after=None
[2024-05-05T15:48:55.031+0000] {logging_mixin.py:188} INFO - [2024-05-05T15:48:55.031+0000] {dag.py:3954} INFO - Setting next_dagrun for example_external_task_marker_parent to None, run_after=None
[2024-05-05T15:48:55.055+0000] {processor.py:183} INFO - Processing /home/airflow/.local/lib/python3.12/site-packages/airflow/example_dags/example_external_task_marker_dag.py took 0.087 seconds
[2024-05-05T15:49:25.829+0000] {processor.py:161} INFO - Started process (PID=1882) to work on /home/airflow/.local/lib/python3.12/site-packages/airflow/example_dags/example_external_task_marker_dag.py
[2024-05-05T15:49:25.830+0000] {processor.py:830} INFO - Processing file /home/airflow/.local/lib/python3.12/site-packages/airflow/example_dags/example_external_task_marker_dag.py for tasks to queue
[2024-05-05T15:49:25.832+0000] {logging_mixin.py:188} INFO - [2024-05-05T15:49:25.832+0000] {dagbag.py:540} INFO - Filling up the DagBag from /home/airflow/.local/lib/python3.12/site-packages/airflow/example_dags/example_external_task_marker_dag.py
[2024-05-05T15:49:25.839+0000] {processor.py:840} INFO - DAG(s) 'example_external_task_marker_child', 'example_external_task_marker_parent' retrieved from /home/airflow/.local/lib/python3.12/site-packages/airflow/example_dags/example_external_task_marker_dag.py
[2024-05-05T15:49:25.866+0000] {logging_mixin.py:188} INFO - [2024-05-05T15:49:25.865+0000] {dag.py:3096} INFO - Sync 2 DAGs
[2024-05-05T15:49:25.882+0000] {logging_mixin.py:188} INFO - [2024-05-05T15:49:25.882+0000] {dag.py:3954} INFO - Setting next_dagrun for example_external_task_marker_child to None, run_after=None
[2024-05-05T15:49:25.887+0000] {logging_mixin.py:188} INFO - [2024-05-05T15:49:25.886+0000] {dag.py:3954} INFO - Setting next_dagrun for example_external_task_marker_parent to None, run_after=None
[2024-05-05T15:49:25.910+0000] {processor.py:183} INFO - Processing /home/airflow/.local/lib/python3.12/site-packages/airflow/example_dags/example_external_task_marker_dag.py took 0.087 seconds
[2024-05-05T15:49:56.420+0000] {processor.py:161} INFO - Started process (PID=1941) to work on /home/airflow/.local/lib/python3.12/site-packages/airflow/example_dags/example_external_task_marker_dag.py
[2024-05-05T15:49:56.421+0000] {processor.py:830} INFO - Processing file /home/airflow/.local/lib/python3.12/site-packages/airflow/example_dags/example_external_task_marker_dag.py for tasks to queue
[2024-05-05T15:49:56.426+0000] {logging_mixin.py:188} INFO - [2024-05-05T15:49:56.426+0000] {dagbag.py:540} INFO - Filling up the DagBag from /home/airflow/.local/lib/python3.12/site-packages/airflow/example_dags/example_external_task_marker_dag.py
[2024-05-05T15:49:56.434+0000] {processor.py:840} INFO - DAG(s) 'example_external_task_marker_child', 'example_external_task_marker_parent' retrieved from /home/airflow/.local/lib/python3.12/site-packages/airflow/example_dags/example_external_task_marker_dag.py
[2024-05-05T15:49:56.459+0000] {logging_mixin.py:188} INFO - [2024-05-05T15:49:56.459+0000] {dag.py:3096} INFO - Sync 2 DAGs
[2024-05-05T15:49:56.475+0000] {logging_mixin.py:188} INFO - [2024-05-05T15:49:56.475+0000] {dag.py:3954} INFO - Setting next_dagrun for example_external_task_marker_child to None, run_after=None
[2024-05-05T15:49:56.480+0000] {logging_mixin.py:188} INFO - [2024-05-05T15:49:56.480+0000] {dag.py:3954} INFO - Setting next_dagrun for example_external_task_marker_parent to None, run_after=None
[2024-05-05T15:49:56.503+0000] {processor.py:183} INFO - Processing /home/airflow/.local/lib/python3.12/site-packages/airflow/example_dags/example_external_task_marker_dag.py took 0.089 seconds
[2024-05-05T15:50:27.111+0000] {processor.py:161} INFO - Started process (PID=2000) to work on /home/airflow/.local/lib/python3.12/site-packages/airflow/example_dags/example_external_task_marker_dag.py
[2024-05-05T15:50:27.112+0000] {processor.py:830} INFO - Processing file /home/airflow/.local/lib/python3.12/site-packages/airflow/example_dags/example_external_task_marker_dag.py for tasks to queue
[2024-05-05T15:50:27.114+0000] {logging_mixin.py:188} INFO - [2024-05-05T15:50:27.114+0000] {dagbag.py:540} INFO - Filling up the DagBag from /home/airflow/.local/lib/python3.12/site-packages/airflow/example_dags/example_external_task_marker_dag.py
[2024-05-05T15:50:27.120+0000] {processor.py:840} INFO - DAG(s) 'example_external_task_marker_parent', 'example_external_task_marker_child' retrieved from /home/airflow/.local/lib/python3.12/site-packages/airflow/example_dags/example_external_task_marker_dag.py
[2024-05-05T15:50:27.145+0000] {logging_mixin.py:188} INFO - [2024-05-05T15:50:27.145+0000] {dag.py:3096} INFO - Sync 2 DAGs
[2024-05-05T15:50:27.161+0000] {logging_mixin.py:188} INFO - [2024-05-05T15:50:27.161+0000] {dag.py:3954} INFO - Setting next_dagrun for example_external_task_marker_child to None, run_after=None
[2024-05-05T15:50:27.166+0000] {logging_mixin.py:188} INFO - [2024-05-05T15:50:27.166+0000] {dag.py:3954} INFO - Setting next_dagrun for example_external_task_marker_parent to None, run_after=None
[2024-05-05T15:50:27.188+0000] {processor.py:183} INFO - Processing /home/airflow/.local/lib/python3.12/site-packages/airflow/example_dags/example_external_task_marker_dag.py took 0.084 seconds
[2024-05-05T15:50:58.326+0000] {processor.py:161} INFO - Started process (PID=2058) to work on /home/airflow/.local/lib/python3.12/site-packages/airflow/example_dags/example_external_task_marker_dag.py
[2024-05-05T15:50:58.327+0000] {processor.py:830} INFO - Processing file /home/airflow/.local/lib/python3.12/site-packages/airflow/example_dags/example_external_task_marker_dag.py for tasks to queue
[2024-05-05T15:50:58.329+0000] {logging_mixin.py:188} INFO - [2024-05-05T15:50:58.328+0000] {dagbag.py:540} INFO - Filling up the DagBag from /home/airflow/.local/lib/python3.12/site-packages/airflow/example_dags/example_external_task_marker_dag.py
[2024-05-05T15:50:58.348+0000] {processor.py:840} INFO - DAG(s) 'example_external_task_marker_child', 'example_external_task_marker_parent' retrieved from /home/airflow/.local/lib/python3.12/site-packages/airflow/example_dags/example_external_task_marker_dag.py
[2024-05-05T15:50:58.476+0000] {logging_mixin.py:188} INFO - [2024-05-05T15:50:58.476+0000] {dag.py:3096} INFO - Sync 2 DAGs
[2024-05-05T15:50:58.532+0000] {logging_mixin.py:188} INFO - [2024-05-05T15:50:58.531+0000] {dag.py:3954} INFO - Setting next_dagrun for example_external_task_marker_child to None, run_after=None
[2024-05-05T15:50:58.537+0000] {logging_mixin.py:188} INFO - [2024-05-05T15:50:58.537+0000] {dag.py:3954} INFO - Setting next_dagrun for example_external_task_marker_parent to None, run_after=None
[2024-05-05T15:50:58.573+0000] {processor.py:183} INFO - Processing /home/airflow/.local/lib/python3.12/site-packages/airflow/example_dags/example_external_task_marker_dag.py took 0.272 seconds
[2024-05-05T15:51:29.511+0000] {processor.py:161} INFO - Started process (PID=2117) to work on /home/airflow/.local/lib/python3.12/site-packages/airflow/example_dags/example_external_task_marker_dag.py
[2024-05-05T15:51:29.513+0000] {processor.py:830} INFO - Processing file /home/airflow/.local/lib/python3.12/site-packages/airflow/example_dags/example_external_task_marker_dag.py for tasks to queue
[2024-05-05T15:51:29.515+0000] {logging_mixin.py:188} INFO - [2024-05-05T15:51:29.515+0000] {dagbag.py:540} INFO - Filling up the DagBag from /home/airflow/.local/lib/python3.12/site-packages/airflow/example_dags/example_external_task_marker_dag.py
[2024-05-05T15:51:29.529+0000] {processor.py:840} INFO - DAG(s) 'example_external_task_marker_child', 'example_external_task_marker_parent' retrieved from /home/airflow/.local/lib/python3.12/site-packages/airflow/example_dags/example_external_task_marker_dag.py
[2024-05-05T15:51:29.597+0000] {logging_mixin.py:188} INFO - [2024-05-05T15:51:29.597+0000] {dag.py:3096} INFO - Sync 2 DAGs
[2024-05-05T15:51:29.680+0000] {logging_mixin.py:188} INFO - [2024-05-05T15:51:29.655+0000] {dag.py:3954} INFO - Setting next_dagrun for example_external_task_marker_child to None, run_after=None
[2024-05-05T15:51:29.693+0000] {logging_mixin.py:188} INFO - [2024-05-05T15:51:29.693+0000] {dag.py:3954} INFO - Setting next_dagrun for example_external_task_marker_parent to None, run_after=None
[2024-05-05T15:51:29.776+0000] {processor.py:183} INFO - Processing /home/airflow/.local/lib/python3.12/site-packages/airflow/example_dags/example_external_task_marker_dag.py took 0.304 seconds
[2024-05-05T15:52:00.031+0000] {processor.py:161} INFO - Started process (PID=2177) to work on /home/airflow/.local/lib/python3.12/site-packages/airflow/example_dags/example_external_task_marker_dag.py
[2024-05-05T15:52:00.034+0000] {processor.py:830} INFO - Processing file /home/airflow/.local/lib/python3.12/site-packages/airflow/example_dags/example_external_task_marker_dag.py for tasks to queue
[2024-05-05T15:52:00.036+0000] {logging_mixin.py:188} INFO - [2024-05-05T15:52:00.036+0000] {dagbag.py:540} INFO - Filling up the DagBag from /home/airflow/.local/lib/python3.12/site-packages/airflow/example_dags/example_external_task_marker_dag.py
[2024-05-05T15:52:00.054+0000] {processor.py:840} INFO - DAG(s) 'example_external_task_marker_parent', 'example_external_task_marker_child' retrieved from /home/airflow/.local/lib/python3.12/site-packages/airflow/example_dags/example_external_task_marker_dag.py
[2024-05-05T15:52:00.087+0000] {logging_mixin.py:188} INFO - [2024-05-05T15:52:00.086+0000] {dag.py:3096} INFO - Sync 2 DAGs
[2024-05-05T15:52:00.104+0000] {logging_mixin.py:188} INFO - [2024-05-05T15:52:00.104+0000] {dag.py:3954} INFO - Setting next_dagrun for example_external_task_marker_child to None, run_after=None
[2024-05-05T15:52:00.109+0000] {logging_mixin.py:188} INFO - [2024-05-05T15:52:00.108+0000] {dag.py:3954} INFO - Setting next_dagrun for example_external_task_marker_parent to None, run_after=None
[2024-05-05T15:52:00.139+0000] {processor.py:183} INFO - Processing /home/airflow/.local/lib/python3.12/site-packages/airflow/example_dags/example_external_task_marker_dag.py took 0.124 seconds
[2024-05-05T15:52:30.620+0000] {processor.py:161} INFO - Started process (PID=2236) to work on /home/airflow/.local/lib/python3.12/site-packages/airflow/example_dags/example_external_task_marker_dag.py
[2024-05-05T15:52:30.621+0000] {processor.py:830} INFO - Processing file /home/airflow/.local/lib/python3.12/site-packages/airflow/example_dags/example_external_task_marker_dag.py for tasks to queue
[2024-05-05T15:52:30.623+0000] {logging_mixin.py:188} INFO - [2024-05-05T15:52:30.623+0000] {dagbag.py:540} INFO - Filling up the DagBag from /home/airflow/.local/lib/python3.12/site-packages/airflow/example_dags/example_external_task_marker_dag.py
[2024-05-05T15:52:30.629+0000] {processor.py:840} INFO - DAG(s) 'example_external_task_marker_child', 'example_external_task_marker_parent' retrieved from /home/airflow/.local/lib/python3.12/site-packages/airflow/example_dags/example_external_task_marker_dag.py
[2024-05-05T15:52:30.666+0000] {logging_mixin.py:188} INFO - [2024-05-05T15:52:30.665+0000] {dag.py:3096} INFO - Sync 2 DAGs
[2024-05-05T15:52:30.685+0000] {logging_mixin.py:188} INFO - [2024-05-05T15:52:30.685+0000] {dag.py:3954} INFO - Setting next_dagrun for example_external_task_marker_child to None, run_after=None
[2024-05-05T15:52:30.690+0000] {logging_mixin.py:188} INFO - [2024-05-05T15:52:30.690+0000] {dag.py:3954} INFO - Setting next_dagrun for example_external_task_marker_parent to None, run_after=None
[2024-05-05T15:52:30.732+0000] {processor.py:183} INFO - Processing /home/airflow/.local/lib/python3.12/site-packages/airflow/example_dags/example_external_task_marker_dag.py took 0.119 seconds
[2024-05-05T15:53:01.253+0000] {processor.py:161} INFO - Started process (PID=2295) to work on /home/airflow/.local/lib/python3.12/site-packages/airflow/example_dags/example_external_task_marker_dag.py
[2024-05-05T15:53:01.253+0000] {processor.py:830} INFO - Processing file /home/airflow/.local/lib/python3.12/site-packages/airflow/example_dags/example_external_task_marker_dag.py for tasks to queue
[2024-05-05T15:53:01.255+0000] {logging_mixin.py:188} INFO - [2024-05-05T15:53:01.255+0000] {dagbag.py:540} INFO - Filling up the DagBag from /home/airflow/.local/lib/python3.12/site-packages/airflow/example_dags/example_external_task_marker_dag.py
[2024-05-05T15:53:01.263+0000] {processor.py:840} INFO - DAG(s) 'example_external_task_marker_parent', 'example_external_task_marker_child' retrieved from /home/airflow/.local/lib/python3.12/site-packages/airflow/example_dags/example_external_task_marker_dag.py
[2024-05-05T15:53:01.310+0000] {logging_mixin.py:188} INFO - [2024-05-05T15:53:01.310+0000] {dag.py:3096} INFO - Sync 2 DAGs
[2024-05-05T15:53:01.328+0000] {logging_mixin.py:188} INFO - [2024-05-05T15:53:01.328+0000] {dag.py:3954} INFO - Setting next_dagrun for example_external_task_marker_child to None, run_after=None
[2024-05-05T15:53:01.333+0000] {logging_mixin.py:188} INFO - [2024-05-05T15:53:01.332+0000] {dag.py:3954} INFO - Setting next_dagrun for example_external_task_marker_parent to None, run_after=None
[2024-05-05T15:53:01.357+0000] {processor.py:183} INFO - Processing /home/airflow/.local/lib/python3.12/site-packages/airflow/example_dags/example_external_task_marker_dag.py took 0.110 seconds
[2024-05-05T15:53:31.578+0000] {processor.py:161} INFO - Started process (PID=2355) to work on /home/airflow/.local/lib/python3.12/site-packages/airflow/example_dags/example_external_task_marker_dag.py
[2024-05-05T15:53:31.579+0000] {processor.py:830} INFO - Processing file /home/airflow/.local/lib/python3.12/site-packages/airflow/example_dags/example_external_task_marker_dag.py for tasks to queue
[2024-05-05T15:53:31.580+0000] {logging_mixin.py:188} INFO - [2024-05-05T15:53:31.580+0000] {dagbag.py:540} INFO - Filling up the DagBag from /home/airflow/.local/lib/python3.12/site-packages/airflow/example_dags/example_external_task_marker_dag.py
[2024-05-05T15:53:31.587+0000] {processor.py:840} INFO - DAG(s) 'example_external_task_marker_parent', 'example_external_task_marker_child' retrieved from /home/airflow/.local/lib/python3.12/site-packages/airflow/example_dags/example_external_task_marker_dag.py
[2024-05-05T15:53:31.607+0000] {logging_mixin.py:188} INFO - [2024-05-05T15:53:31.607+0000] {dag.py:3096} INFO - Sync 2 DAGs
[2024-05-05T15:53:31.618+0000] {logging_mixin.py:188} INFO - [2024-05-05T15:53:31.618+0000] {dag.py:3954} INFO - Setting next_dagrun for example_external_task_marker_child to None, run_after=None
[2024-05-05T15:53:31.621+0000] {logging_mixin.py:188} INFO - [2024-05-05T15:53:31.621+0000] {dag.py:3954} INFO - Setting next_dagrun for example_external_task_marker_parent to None, run_after=None
[2024-05-05T15:53:31.643+0000] {processor.py:183} INFO - Processing /home/airflow/.local/lib/python3.12/site-packages/airflow/example_dags/example_external_task_marker_dag.py took 0.072 seconds
[2024-05-05T15:54:02.433+0000] {processor.py:161} INFO - Started process (PID=2415) to work on /home/airflow/.local/lib/python3.12/site-packages/airflow/example_dags/example_external_task_marker_dag.py
[2024-05-05T15:54:02.434+0000] {processor.py:830} INFO - Processing file /home/airflow/.local/lib/python3.12/site-packages/airflow/example_dags/example_external_task_marker_dag.py for tasks to queue
[2024-05-05T15:54:02.436+0000] {logging_mixin.py:188} INFO - [2024-05-05T15:54:02.435+0000] {dagbag.py:540} INFO - Filling up the DagBag from /home/airflow/.local/lib/python3.12/site-packages/airflow/example_dags/example_external_task_marker_dag.py
[2024-05-05T15:54:02.442+0000] {processor.py:840} INFO - DAG(s) 'example_external_task_marker_child', 'example_external_task_marker_parent' retrieved from /home/airflow/.local/lib/python3.12/site-packages/airflow/example_dags/example_external_task_marker_dag.py
[2024-05-05T15:54:02.467+0000] {logging_mixin.py:188} INFO - [2024-05-05T15:54:02.467+0000] {dag.py:3096} INFO - Sync 2 DAGs
[2024-05-05T15:54:02.482+0000] {logging_mixin.py:188} INFO - [2024-05-05T15:54:02.481+0000] {dag.py:3954} INFO - Setting next_dagrun for example_external_task_marker_child to None, run_after=None
[2024-05-05T15:54:02.486+0000] {logging_mixin.py:188} INFO - [2024-05-05T15:54:02.486+0000] {dag.py:3954} INFO - Setting next_dagrun for example_external_task_marker_parent to None, run_after=None
[2024-05-05T15:54:02.503+0000] {processor.py:183} INFO - Processing /home/airflow/.local/lib/python3.12/site-packages/airflow/example_dags/example_external_task_marker_dag.py took 0.078 seconds
[2024-05-05T15:54:33.410+0000] {processor.py:161} INFO - Started process (PID=2475) to work on /home/airflow/.local/lib/python3.12/site-packages/airflow/example_dags/example_external_task_marker_dag.py
[2024-05-05T15:54:33.420+0000] {processor.py:830} INFO - Processing file /home/airflow/.local/lib/python3.12/site-packages/airflow/example_dags/example_external_task_marker_dag.py for tasks to queue
[2024-05-05T15:54:33.422+0000] {logging_mixin.py:188} INFO - [2024-05-05T15:54:33.421+0000] {dagbag.py:540} INFO - Filling up the DagBag from /home/airflow/.local/lib/python3.12/site-packages/airflow/example_dags/example_external_task_marker_dag.py
[2024-05-05T15:54:33.436+0000] {processor.py:840} INFO - DAG(s) 'example_external_task_marker_parent', 'example_external_task_marker_child' retrieved from /home/airflow/.local/lib/python3.12/site-packages/airflow/example_dags/example_external_task_marker_dag.py
[2024-05-05T15:54:33.519+0000] {logging_mixin.py:188} INFO - [2024-05-05T15:54:33.518+0000] {dag.py:3096} INFO - Sync 2 DAGs
[2024-05-05T15:54:33.552+0000] {logging_mixin.py:188} INFO - [2024-05-05T15:54:33.552+0000] {dag.py:3954} INFO - Setting next_dagrun for example_external_task_marker_child to None, run_after=None
[2024-05-05T15:54:33.560+0000] {logging_mixin.py:188} INFO - [2024-05-05T15:54:33.560+0000] {dag.py:3954} INFO - Setting next_dagrun for example_external_task_marker_parent to None, run_after=None
[2024-05-05T15:54:33.600+0000] {processor.py:183} INFO - Processing /home/airflow/.local/lib/python3.12/site-packages/airflow/example_dags/example_external_task_marker_dag.py took 0.205 seconds
[2024-05-05T15:55:04.343+0000] {processor.py:161} INFO - Started process (PID=2536) to work on /home/airflow/.local/lib/python3.12/site-packages/airflow/example_dags/example_external_task_marker_dag.py
[2024-05-05T15:55:04.350+0000] {processor.py:830} INFO - Processing file /home/airflow/.local/lib/python3.12/site-packages/airflow/example_dags/example_external_task_marker_dag.py for tasks to queue
[2024-05-05T15:55:04.353+0000] {logging_mixin.py:188} INFO - [2024-05-05T15:55:04.353+0000] {dagbag.py:540} INFO - Filling up the DagBag from /home/airflow/.local/lib/python3.12/site-packages/airflow/example_dags/example_external_task_marker_dag.py
[2024-05-05T15:55:04.365+0000] {processor.py:840} INFO - DAG(s) 'example_external_task_marker_parent', 'example_external_task_marker_child' retrieved from /home/airflow/.local/lib/python3.12/site-packages/airflow/example_dags/example_external_task_marker_dag.py
[2024-05-05T15:55:04.394+0000] {logging_mixin.py:188} INFO - [2024-05-05T15:55:04.393+0000] {dag.py:3096} INFO - Sync 2 DAGs
[2024-05-05T15:55:04.410+0000] {logging_mixin.py:188} INFO - [2024-05-05T15:55:04.410+0000] {dag.py:3954} INFO - Setting next_dagrun for example_external_task_marker_child to None, run_after=None
[2024-05-05T15:55:04.415+0000] {logging_mixin.py:188} INFO - [2024-05-05T15:55:04.414+0000] {dag.py:3954} INFO - Setting next_dagrun for example_external_task_marker_parent to None, run_after=None
[2024-05-05T15:55:04.448+0000] {processor.py:183} INFO - Processing /home/airflow/.local/lib/python3.12/site-packages/airflow/example_dags/example_external_task_marker_dag.py took 0.111 seconds
[2024-05-05T15:55:35.398+0000] {processor.py:161} INFO - Started process (PID=2596) to work on /home/airflow/.local/lib/python3.12/site-packages/airflow/example_dags/example_external_task_marker_dag.py
[2024-05-05T15:55:35.399+0000] {processor.py:830} INFO - Processing file /home/airflow/.local/lib/python3.12/site-packages/airflow/example_dags/example_external_task_marker_dag.py for tasks to queue
[2024-05-05T15:55:35.400+0000] {logging_mixin.py:188} INFO - [2024-05-05T15:55:35.400+0000] {dagbag.py:540} INFO - Filling up the DagBag from /home/airflow/.local/lib/python3.12/site-packages/airflow/example_dags/example_external_task_marker_dag.py
[2024-05-05T15:55:35.405+0000] {processor.py:840} INFO - DAG(s) 'example_external_task_marker_child', 'example_external_task_marker_parent' retrieved from /home/airflow/.local/lib/python3.12/site-packages/airflow/example_dags/example_external_task_marker_dag.py
[2024-05-05T15:55:35.423+0000] {logging_mixin.py:188} INFO - [2024-05-05T15:55:35.423+0000] {dag.py:3096} INFO - Sync 2 DAGs
[2024-05-05T15:55:35.434+0000] {logging_mixin.py:188} INFO - [2024-05-05T15:55:35.434+0000] {dag.py:3954} INFO - Setting next_dagrun for example_external_task_marker_child to None, run_after=None
[2024-05-05T15:55:35.437+0000] {logging_mixin.py:188} INFO - [2024-05-05T15:55:35.437+0000] {dag.py:3954} INFO - Setting next_dagrun for example_external_task_marker_parent to None, run_after=None
[2024-05-05T15:55:35.455+0000] {processor.py:183} INFO - Processing /home/airflow/.local/lib/python3.12/site-packages/airflow/example_dags/example_external_task_marker_dag.py took 0.062 seconds
[2024-05-05T15:56:06.416+0000] {processor.py:161} INFO - Started process (PID=2656) to work on /home/airflow/.local/lib/python3.12/site-packages/airflow/example_dags/example_external_task_marker_dag.py
[2024-05-05T15:56:06.417+0000] {processor.py:830} INFO - Processing file /home/airflow/.local/lib/python3.12/site-packages/airflow/example_dags/example_external_task_marker_dag.py for tasks to queue
[2024-05-05T15:56:06.419+0000] {logging_mixin.py:188} INFO - [2024-05-05T15:56:06.418+0000] {dagbag.py:540} INFO - Filling up the DagBag from /home/airflow/.local/lib/python3.12/site-packages/airflow/example_dags/example_external_task_marker_dag.py
[2024-05-05T15:56:06.425+0000] {processor.py:840} INFO - DAG(s) 'example_external_task_marker_child', 'example_external_task_marker_parent' retrieved from /home/airflow/.local/lib/python3.12/site-packages/airflow/example_dags/example_external_task_marker_dag.py
[2024-05-05T15:56:06.453+0000] {logging_mixin.py:188} INFO - [2024-05-05T15:56:06.452+0000] {dag.py:3096} INFO - Sync 2 DAGs
[2024-05-05T15:56:06.501+0000] {logging_mixin.py:188} INFO - [2024-05-05T15:56:06.501+0000] {dag.py:3954} INFO - Setting next_dagrun for example_external_task_marker_child to None, run_after=None
[2024-05-05T15:56:06.507+0000] {logging_mixin.py:188} INFO - [2024-05-05T15:56:06.506+0000] {dag.py:3954} INFO - Setting next_dagrun for example_external_task_marker_parent to None, run_after=None
[2024-05-05T15:56:06.539+0000] {processor.py:183} INFO - Processing /home/airflow/.local/lib/python3.12/site-packages/airflow/example_dags/example_external_task_marker_dag.py took 0.130 seconds
[2024-05-05T15:56:36.951+0000] {processor.py:161} INFO - Started process (PID=2716) to work on /home/airflow/.local/lib/python3.12/site-packages/airflow/example_dags/example_external_task_marker_dag.py
[2024-05-05T15:56:36.952+0000] {processor.py:830} INFO - Processing file /home/airflow/.local/lib/python3.12/site-packages/airflow/example_dags/example_external_task_marker_dag.py for tasks to queue
[2024-05-05T15:56:36.953+0000] {logging_mixin.py:188} INFO - [2024-05-05T15:56:36.953+0000] {dagbag.py:540} INFO - Filling up the DagBag from /home/airflow/.local/lib/python3.12/site-packages/airflow/example_dags/example_external_task_marker_dag.py
[2024-05-05T15:56:36.958+0000] {processor.py:840} INFO - DAG(s) 'example_external_task_marker_parent', 'example_external_task_marker_child' retrieved from /home/airflow/.local/lib/python3.12/site-packages/airflow/example_dags/example_external_task_marker_dag.py
[2024-05-05T15:56:36.977+0000] {logging_mixin.py:188} INFO - [2024-05-05T15:56:36.977+0000] {dag.py:3096} INFO - Sync 2 DAGs
[2024-05-05T15:56:36.988+0000] {logging_mixin.py:188} INFO - [2024-05-05T15:56:36.988+0000] {dag.py:3954} INFO - Setting next_dagrun for example_external_task_marker_child to None, run_after=None
[2024-05-05T15:56:36.992+0000] {logging_mixin.py:188} INFO - [2024-05-05T15:56:36.992+0000] {dag.py:3954} INFO - Setting next_dagrun for example_external_task_marker_parent to None, run_after=None
[2024-05-05T15:56:37.010+0000] {processor.py:183} INFO - Processing /home/airflow/.local/lib/python3.12/site-packages/airflow/example_dags/example_external_task_marker_dag.py took 0.064 seconds
[2024-05-05T15:57:07.445+0000] {processor.py:161} INFO - Started process (PID=2776) to work on /home/airflow/.local/lib/python3.12/site-packages/airflow/example_dags/example_external_task_marker_dag.py
[2024-05-05T15:57:07.446+0000] {processor.py:830} INFO - Processing file /home/airflow/.local/lib/python3.12/site-packages/airflow/example_dags/example_external_task_marker_dag.py for tasks to queue
[2024-05-05T15:57:07.447+0000] {logging_mixin.py:188} INFO - [2024-05-05T15:57:07.447+0000] {dagbag.py:540} INFO - Filling up the DagBag from /home/airflow/.local/lib/python3.12/site-packages/airflow/example_dags/example_external_task_marker_dag.py
[2024-05-05T15:57:07.452+0000] {processor.py:840} INFO - DAG(s) 'example_external_task_marker_child', 'example_external_task_marker_parent' retrieved from /home/airflow/.local/lib/python3.12/site-packages/airflow/example_dags/example_external_task_marker_dag.py
[2024-05-05T15:57:07.471+0000] {logging_mixin.py:188} INFO - [2024-05-05T15:57:07.471+0000] {dag.py:3096} INFO - Sync 2 DAGs
[2024-05-05T15:57:07.482+0000] {logging_mixin.py:188} INFO - [2024-05-05T15:57:07.482+0000] {dag.py:3954} INFO - Setting next_dagrun for example_external_task_marker_child to None, run_after=None
[2024-05-05T15:57:07.486+0000] {logging_mixin.py:188} INFO - [2024-05-05T15:57:07.485+0000] {dag.py:3954} INFO - Setting next_dagrun for example_external_task_marker_parent to None, run_after=None
[2024-05-05T15:57:07.504+0000] {processor.py:183} INFO - Processing /home/airflow/.local/lib/python3.12/site-packages/airflow/example_dags/example_external_task_marker_dag.py took 0.064 seconds
[2024-05-05T15:57:37.910+0000] {processor.py:161} INFO - Started process (PID=2836) to work on /home/airflow/.local/lib/python3.12/site-packages/airflow/example_dags/example_external_task_marker_dag.py
[2024-05-05T15:57:37.911+0000] {processor.py:830} INFO - Processing file /home/airflow/.local/lib/python3.12/site-packages/airflow/example_dags/example_external_task_marker_dag.py for tasks to queue
[2024-05-05T15:57:37.912+0000] {logging_mixin.py:188} INFO - [2024-05-05T15:57:37.912+0000] {dagbag.py:540} INFO - Filling up the DagBag from /home/airflow/.local/lib/python3.12/site-packages/airflow/example_dags/example_external_task_marker_dag.py
[2024-05-05T15:57:37.918+0000] {processor.py:840} INFO - DAG(s) 'example_external_task_marker_child', 'example_external_task_marker_parent' retrieved from /home/airflow/.local/lib/python3.12/site-packages/airflow/example_dags/example_external_task_marker_dag.py
[2024-05-05T15:57:37.944+0000] {logging_mixin.py:188} INFO - [2024-05-05T15:57:37.944+0000] {dag.py:3096} INFO - Sync 2 DAGs
[2024-05-05T15:57:37.961+0000] {logging_mixin.py:188} INFO - [2024-05-05T15:57:37.961+0000] {dag.py:3954} INFO - Setting next_dagrun for example_external_task_marker_child to None, run_after=None
[2024-05-05T15:57:37.965+0000] {logging_mixin.py:188} INFO - [2024-05-05T15:57:37.965+0000] {dag.py:3954} INFO - Setting next_dagrun for example_external_task_marker_parent to None, run_after=None
[2024-05-05T15:57:37.987+0000] {processor.py:183} INFO - Processing /home/airflow/.local/lib/python3.12/site-packages/airflow/example_dags/example_external_task_marker_dag.py took 0.084 seconds
[2024-05-05T15:58:08.831+0000] {processor.py:161} INFO - Started process (PID=2896) to work on /home/airflow/.local/lib/python3.12/site-packages/airflow/example_dags/example_external_task_marker_dag.py
[2024-05-05T15:58:08.832+0000] {processor.py:830} INFO - Processing file /home/airflow/.local/lib/python3.12/site-packages/airflow/example_dags/example_external_task_marker_dag.py for tasks to queue
[2024-05-05T15:58:08.834+0000] {logging_mixin.py:188} INFO - [2024-05-05T15:58:08.833+0000] {dagbag.py:540} INFO - Filling up the DagBag from /home/airflow/.local/lib/python3.12/site-packages/airflow/example_dags/example_external_task_marker_dag.py
[2024-05-05T15:58:08.850+0000] {processor.py:840} INFO - DAG(s) 'example_external_task_marker_child', 'example_external_task_marker_parent' retrieved from /home/airflow/.local/lib/python3.12/site-packages/airflow/example_dags/example_external_task_marker_dag.py
[2024-05-05T15:58:08.878+0000] {logging_mixin.py:188} INFO - [2024-05-05T15:58:08.878+0000] {dag.py:3096} INFO - Sync 2 DAGs
[2024-05-05T15:58:08.895+0000] {logging_mixin.py:188} INFO - [2024-05-05T15:58:08.894+0000] {dag.py:3954} INFO - Setting next_dagrun for example_external_task_marker_child to None, run_after=None
[2024-05-05T15:58:08.899+0000] {logging_mixin.py:188} INFO - [2024-05-05T15:58:08.899+0000] {dag.py:3954} INFO - Setting next_dagrun for example_external_task_marker_parent to None, run_after=None
[2024-05-05T15:58:08.922+0000] {processor.py:183} INFO - Processing /home/airflow/.local/lib/python3.12/site-packages/airflow/example_dags/example_external_task_marker_dag.py took 0.097 seconds
[2024-05-05T15:58:41.053+0000] {processor.py:161} INFO - Started process (PID=2959) to work on /home/airflow/.local/lib/python3.12/site-packages/airflow/example_dags/example_external_task_marker_dag.py
[2024-05-05T15:58:41.054+0000] {processor.py:830} INFO - Processing file /home/airflow/.local/lib/python3.12/site-packages/airflow/example_dags/example_external_task_marker_dag.py for tasks to queue
[2024-05-05T15:58:41.066+0000] {logging_mixin.py:188} INFO - [2024-05-05T15:58:41.065+0000] {dagbag.py:540} INFO - Filling up the DagBag from /home/airflow/.local/lib/python3.12/site-packages/airflow/example_dags/example_external_task_marker_dag.py
[2024-05-05T15:58:41.091+0000] {processor.py:840} INFO - DAG(s) 'example_external_task_marker_child', 'example_external_task_marker_parent' retrieved from /home/airflow/.local/lib/python3.12/site-packages/airflow/example_dags/example_external_task_marker_dag.py
[2024-05-05T15:58:41.216+0000] {logging_mixin.py:188} INFO - [2024-05-05T15:58:41.216+0000] {dag.py:3096} INFO - Sync 2 DAGs
[2024-05-05T15:58:41.288+0000] {logging_mixin.py:188} INFO - [2024-05-05T15:58:41.277+0000] {dag.py:3954} INFO - Setting next_dagrun for example_external_task_marker_child to None, run_after=None
[2024-05-05T15:58:41.333+0000] {logging_mixin.py:188} INFO - [2024-05-05T15:58:41.332+0000] {dag.py:3954} INFO - Setting next_dagrun for example_external_task_marker_parent to None, run_after=None
[2024-05-05T15:58:41.648+0000] {processor.py:183} INFO - Processing /home/airflow/.local/lib/python3.12/site-packages/airflow/example_dags/example_external_task_marker_dag.py took 0.629 seconds
[2024-05-05T15:59:18.772+0000] {processor.py:161} INFO - Started process (PID=3022) to work on /home/airflow/.local/lib/python3.12/site-packages/airflow/example_dags/example_external_task_marker_dag.py
[2024-05-05T15:59:18.779+0000] {processor.py:830} INFO - Processing file /home/airflow/.local/lib/python3.12/site-packages/airflow/example_dags/example_external_task_marker_dag.py for tasks to queue
[2024-05-05T15:59:18.781+0000] {logging_mixin.py:188} INFO - [2024-05-05T15:59:18.781+0000] {dagbag.py:540} INFO - Filling up the DagBag from /home/airflow/.local/lib/python3.12/site-packages/airflow/example_dags/example_external_task_marker_dag.py
[2024-05-05T15:59:18.811+0000] {processor.py:840} INFO - DAG(s) 'example_external_task_marker_child', 'example_external_task_marker_parent' retrieved from /home/airflow/.local/lib/python3.12/site-packages/airflow/example_dags/example_external_task_marker_dag.py
[2024-05-05T15:59:18.912+0000] {logging_mixin.py:188} INFO - [2024-05-05T15:59:18.911+0000] {dag.py:3096} INFO - Sync 2 DAGs
[2024-05-05T15:59:19.022+0000] {logging_mixin.py:188} INFO - [2024-05-05T15:59:19.022+0000] {dag.py:3954} INFO - Setting next_dagrun for example_external_task_marker_child to None, run_after=None
[2024-05-05T15:59:19.063+0000] {logging_mixin.py:188} INFO - [2024-05-05T15:59:19.063+0000] {dag.py:3954} INFO - Setting next_dagrun for example_external_task_marker_parent to None, run_after=None
[2024-05-05T15:59:19.179+0000] {processor.py:183} INFO - Processing /home/airflow/.local/lib/python3.12/site-packages/airflow/example_dags/example_external_task_marker_dag.py took 0.438 seconds
[2024-05-05T15:59:49.579+0000] {processor.py:161} INFO - Started process (PID=3083) to work on /home/airflow/.local/lib/python3.12/site-packages/airflow/example_dags/example_external_task_marker_dag.py
[2024-05-05T15:59:49.609+0000] {processor.py:830} INFO - Processing file /home/airflow/.local/lib/python3.12/site-packages/airflow/example_dags/example_external_task_marker_dag.py for tasks to queue
[2024-05-05T15:59:49.617+0000] {logging_mixin.py:188} INFO - [2024-05-05T15:59:49.617+0000] {dagbag.py:540} INFO - Filling up the DagBag from /home/airflow/.local/lib/python3.12/site-packages/airflow/example_dags/example_external_task_marker_dag.py
[2024-05-05T15:59:49.644+0000] {processor.py:840} INFO - DAG(s) 'example_external_task_marker_parent', 'example_external_task_marker_child' retrieved from /home/airflow/.local/lib/python3.12/site-packages/airflow/example_dags/example_external_task_marker_dag.py
[2024-05-05T15:59:49.796+0000] {logging_mixin.py:188} INFO - [2024-05-05T15:59:49.796+0000] {dag.py:3096} INFO - Sync 2 DAGs
[2024-05-05T15:59:49.873+0000] {logging_mixin.py:188} INFO - [2024-05-05T15:59:49.873+0000] {dag.py:3954} INFO - Setting next_dagrun for example_external_task_marker_child to None, run_after=None
[2024-05-05T15:59:49.890+0000] {logging_mixin.py:188} INFO - [2024-05-05T15:59:49.890+0000] {dag.py:3954} INFO - Setting next_dagrun for example_external_task_marker_parent to None, run_after=None
[2024-05-05T15:59:50.012+0000] {processor.py:183} INFO - Processing /home/airflow/.local/lib/python3.12/site-packages/airflow/example_dags/example_external_task_marker_dag.py took 0.451 seconds
