[2024-05-05T15:33:16.406+0000] {processor.py:161} INFO - Started process (PID=36) to work on /home/airflow/.local/lib/python3.12/site-packages/airflow/example_dags/example_short_circuit_operator.py
[2024-05-05T15:33:16.406+0000] {processor.py:830} INFO - Processing file /home/airflow/.local/lib/python3.12/site-packages/airflow/example_dags/example_short_circuit_operator.py for tasks to queue
[2024-05-05T15:33:16.432+0000] {logging_mixin.py:188} INFO - [2024-05-05T15:33:16.432+0000] {dagbag.py:540} INFO - Filling up the DagBag from /home/airflow/.local/lib/python3.12/site-packages/airflow/example_dags/example_short_circuit_operator.py
[2024-05-05T15:33:16.478+0000] {processor.py:840} INFO - DAG(s) 'example_short_circuit_operator' retrieved from /home/airflow/.local/lib/python3.12/site-packages/airflow/example_dags/example_short_circuit_operator.py
[2024-05-05T15:33:17.106+0000] {logging_mixin.py:188} INFO - [2024-05-05T15:33:17.105+0000] {override.py:1829} INFO - Created Permission View: can edit on DAG:example_short_circuit_operator
[2024-05-05T15:33:17.187+0000] {logging_mixin.py:188} INFO - [2024-05-05T15:33:17.187+0000] {override.py:1829} INFO - Created Permission View: can read on DAG:example_short_circuit_operator
[2024-05-05T15:33:17.211+0000] {logging_mixin.py:188} INFO - [2024-05-05T15:33:17.211+0000] {override.py:1829} INFO - Created Permission View: can delete on DAG:example_short_circuit_operator
[2024-05-05T15:33:17.212+0000] {logging_mixin.py:188} INFO - [2024-05-05T15:33:17.212+0000] {dag.py:3096} INFO - Sync 1 DAGs
[2024-05-05T15:33:17.296+0000] {logging_mixin.py:188} INFO - [2024-05-05T15:33:17.296+0000] {dag.py:3118} INFO - Creating ORM DAG for example_short_circuit_operator
[2024-05-05T15:33:17.329+0000] {logging_mixin.py:188} INFO - [2024-05-05T15:33:17.329+0000] {dag.py:3954} INFO - Setting next_dagrun for example_short_circuit_operator to 2024-05-04 00:00:00+00:00, run_after=2024-05-05 00:00:00+00:00
[2024-05-05T15:33:17.367+0000] {processor.py:183} INFO - Processing /home/airflow/.local/lib/python3.12/site-packages/airflow/example_dags/example_short_circuit_operator.py took 0.978 seconds
[2024-05-05T15:33:47.999+0000] {processor.py:161} INFO - Started process (PID=100) to work on /home/airflow/.local/lib/python3.12/site-packages/airflow/example_dags/example_short_circuit_operator.py
[2024-05-05T15:33:48.002+0000] {processor.py:830} INFO - Processing file /home/airflow/.local/lib/python3.12/site-packages/airflow/example_dags/example_short_circuit_operator.py for tasks to queue
[2024-05-05T15:33:48.004+0000] {logging_mixin.py:188} INFO - [2024-05-05T15:33:48.004+0000] {dagbag.py:540} INFO - Filling up the DagBag from /home/airflow/.local/lib/python3.12/site-packages/airflow/example_dags/example_short_circuit_operator.py
[2024-05-05T15:33:48.013+0000] {processor.py:840} INFO - DAG(s) 'example_short_circuit_operator' retrieved from /home/airflow/.local/lib/python3.12/site-packages/airflow/example_dags/example_short_circuit_operator.py
[2024-05-05T15:33:48.052+0000] {logging_mixin.py:188} INFO - [2024-05-05T15:33:48.051+0000] {dag.py:3096} INFO - Sync 1 DAGs
[2024-05-05T15:33:48.080+0000] {logging_mixin.py:188} INFO - [2024-05-05T15:33:48.079+0000] {dag.py:3954} INFO - Setting next_dagrun for example_short_circuit_operator to 2024-05-04 00:00:00+00:00, run_after=2024-05-05 00:00:00+00:00
[2024-05-05T15:33:48.104+0000] {processor.py:183} INFO - Processing /home/airflow/.local/lib/python3.12/site-packages/airflow/example_dags/example_short_circuit_operator.py took 0.114 seconds
[2024-05-05T15:34:18.163+0000] {processor.py:161} INFO - Started process (PID=158) to work on /home/airflow/.local/lib/python3.12/site-packages/airflow/example_dags/example_short_circuit_operator.py
[2024-05-05T15:34:18.163+0000] {processor.py:830} INFO - Processing file /home/airflow/.local/lib/python3.12/site-packages/airflow/example_dags/example_short_circuit_operator.py for tasks to queue
[2024-05-05T15:34:18.165+0000] {logging_mixin.py:188} INFO - [2024-05-05T15:34:18.165+0000] {dagbag.py:540} INFO - Filling up the DagBag from /home/airflow/.local/lib/python3.12/site-packages/airflow/example_dags/example_short_circuit_operator.py
[2024-05-05T15:34:18.175+0000] {processor.py:840} INFO - DAG(s) 'example_short_circuit_operator' retrieved from /home/airflow/.local/lib/python3.12/site-packages/airflow/example_dags/example_short_circuit_operator.py
[2024-05-05T15:34:18.225+0000] {logging_mixin.py:188} INFO - [2024-05-05T15:34:18.224+0000] {dag.py:3096} INFO - Sync 1 DAGs
[2024-05-05T15:34:18.259+0000] {logging_mixin.py:188} INFO - [2024-05-05T15:34:18.259+0000] {dag.py:3954} INFO - Setting next_dagrun for example_short_circuit_operator to 2024-05-04 00:00:00+00:00, run_after=2024-05-05 00:00:00+00:00
[2024-05-05T15:34:18.288+0000] {processor.py:183} INFO - Processing /home/airflow/.local/lib/python3.12/site-packages/airflow/example_dags/example_short_circuit_operator.py took 0.132 seconds
[2024-05-05T15:34:48.365+0000] {processor.py:161} INFO - Started process (PID=215) to work on /home/airflow/.local/lib/python3.12/site-packages/airflow/example_dags/example_short_circuit_operator.py
[2024-05-05T15:34:48.367+0000] {processor.py:830} INFO - Processing file /home/airflow/.local/lib/python3.12/site-packages/airflow/example_dags/example_short_circuit_operator.py for tasks to queue
[2024-05-05T15:34:48.395+0000] {logging_mixin.py:188} INFO - [2024-05-05T15:34:48.390+0000] {dagbag.py:540} INFO - Filling up the DagBag from /home/airflow/.local/lib/python3.12/site-packages/airflow/example_dags/example_short_circuit_operator.py
[2024-05-05T15:34:48.418+0000] {processor.py:840} INFO - DAG(s) 'example_short_circuit_operator' retrieved from /home/airflow/.local/lib/python3.12/site-packages/airflow/example_dags/example_short_circuit_operator.py
[2024-05-05T15:34:48.468+0000] {logging_mixin.py:188} INFO - [2024-05-05T15:34:48.468+0000] {dag.py:3096} INFO - Sync 1 DAGs
[2024-05-05T15:34:48.532+0000] {logging_mixin.py:188} INFO - [2024-05-05T15:34:48.532+0000] {dag.py:3954} INFO - Setting next_dagrun for example_short_circuit_operator to 2024-05-04 00:00:00+00:00, run_after=2024-05-05 00:00:00+00:00
[2024-05-05T15:34:48.577+0000] {processor.py:183} INFO - Processing /home/airflow/.local/lib/python3.12/site-packages/airflow/example_dags/example_short_circuit_operator.py took 0.218 seconds
[2024-05-05T15:35:18.713+0000] {processor.py:161} INFO - Started process (PID=273) to work on /home/airflow/.local/lib/python3.12/site-packages/airflow/example_dags/example_short_circuit_operator.py
[2024-05-05T15:35:18.716+0000] {processor.py:830} INFO - Processing file /home/airflow/.local/lib/python3.12/site-packages/airflow/example_dags/example_short_circuit_operator.py for tasks to queue
[2024-05-05T15:35:18.728+0000] {logging_mixin.py:188} INFO - [2024-05-05T15:35:18.726+0000] {dagbag.py:540} INFO - Filling up the DagBag from /home/airflow/.local/lib/python3.12/site-packages/airflow/example_dags/example_short_circuit_operator.py
[2024-05-05T15:35:18.753+0000] {processor.py:840} INFO - DAG(s) 'example_short_circuit_operator' retrieved from /home/airflow/.local/lib/python3.12/site-packages/airflow/example_dags/example_short_circuit_operator.py
[2024-05-05T15:35:18.947+0000] {logging_mixin.py:188} INFO - [2024-05-05T15:35:18.946+0000] {dag.py:3096} INFO - Sync 1 DAGs
[2024-05-05T15:35:19.111+0000] {logging_mixin.py:188} INFO - [2024-05-05T15:35:19.111+0000] {dag.py:3954} INFO - Setting next_dagrun for example_short_circuit_operator to 2024-05-04 00:00:00+00:00, run_after=2024-05-05 00:00:00+00:00
[2024-05-05T15:35:19.426+0000] {processor.py:183} INFO - Processing /home/airflow/.local/lib/python3.12/site-packages/airflow/example_dags/example_short_circuit_operator.py took 0.747 seconds
[2024-05-05T15:35:50.218+0000] {processor.py:161} INFO - Started process (PID=331) to work on /home/airflow/.local/lib/python3.12/site-packages/airflow/example_dags/example_short_circuit_operator.py
[2024-05-05T15:35:50.218+0000] {processor.py:830} INFO - Processing file /home/airflow/.local/lib/python3.12/site-packages/airflow/example_dags/example_short_circuit_operator.py for tasks to queue
[2024-05-05T15:35:50.221+0000] {logging_mixin.py:188} INFO - [2024-05-05T15:35:50.221+0000] {dagbag.py:540} INFO - Filling up the DagBag from /home/airflow/.local/lib/python3.12/site-packages/airflow/example_dags/example_short_circuit_operator.py
[2024-05-05T15:35:50.232+0000] {processor.py:840} INFO - DAG(s) 'example_short_circuit_operator' retrieved from /home/airflow/.local/lib/python3.12/site-packages/airflow/example_dags/example_short_circuit_operator.py
[2024-05-05T15:35:50.260+0000] {logging_mixin.py:188} INFO - [2024-05-05T15:35:50.260+0000] {dag.py:3096} INFO - Sync 1 DAGs
[2024-05-05T15:35:50.286+0000] {logging_mixin.py:188} INFO - [2024-05-05T15:35:50.286+0000] {dag.py:3954} INFO - Setting next_dagrun for example_short_circuit_operator to 2024-05-04 00:00:00+00:00, run_after=2024-05-05 00:00:00+00:00
[2024-05-05T15:35:50.310+0000] {processor.py:183} INFO - Processing /home/airflow/.local/lib/python3.12/site-packages/airflow/example_dags/example_short_circuit_operator.py took 0.099 seconds
[2024-05-05T15:36:20.807+0000] {processor.py:161} INFO - Started process (PID=390) to work on /home/airflow/.local/lib/python3.12/site-packages/airflow/example_dags/example_short_circuit_operator.py
[2024-05-05T15:36:20.807+0000] {processor.py:830} INFO - Processing file /home/airflow/.local/lib/python3.12/site-packages/airflow/example_dags/example_short_circuit_operator.py for tasks to queue
[2024-05-05T15:36:20.809+0000] {logging_mixin.py:188} INFO - [2024-05-05T15:36:20.809+0000] {dagbag.py:540} INFO - Filling up the DagBag from /home/airflow/.local/lib/python3.12/site-packages/airflow/example_dags/example_short_circuit_operator.py
[2024-05-05T15:36:20.818+0000] {processor.py:840} INFO - DAG(s) 'example_short_circuit_operator' retrieved from /home/airflow/.local/lib/python3.12/site-packages/airflow/example_dags/example_short_circuit_operator.py
[2024-05-05T15:36:20.846+0000] {logging_mixin.py:188} INFO - [2024-05-05T15:36:20.845+0000] {dag.py:3096} INFO - Sync 1 DAGs
[2024-05-05T15:36:20.873+0000] {logging_mixin.py:188} INFO - [2024-05-05T15:36:20.873+0000] {dag.py:3954} INFO - Setting next_dagrun for example_short_circuit_operator to 2024-05-04 00:00:00+00:00, run_after=2024-05-05 00:00:00+00:00
[2024-05-05T15:36:20.901+0000] {processor.py:183} INFO - Processing /home/airflow/.local/lib/python3.12/site-packages/airflow/example_dags/example_short_circuit_operator.py took 0.102 seconds
[2024-05-05T15:36:51.028+0000] {processor.py:161} INFO - Started process (PID=448) to work on /home/airflow/.local/lib/python3.12/site-packages/airflow/example_dags/example_short_circuit_operator.py
[2024-05-05T15:36:51.028+0000] {processor.py:830} INFO - Processing file /home/airflow/.local/lib/python3.12/site-packages/airflow/example_dags/example_short_circuit_operator.py for tasks to queue
[2024-05-05T15:36:51.030+0000] {logging_mixin.py:188} INFO - [2024-05-05T15:36:51.030+0000] {dagbag.py:540} INFO - Filling up the DagBag from /home/airflow/.local/lib/python3.12/site-packages/airflow/example_dags/example_short_circuit_operator.py
[2024-05-05T15:36:51.039+0000] {processor.py:840} INFO - DAG(s) 'example_short_circuit_operator' retrieved from /home/airflow/.local/lib/python3.12/site-packages/airflow/example_dags/example_short_circuit_operator.py
[2024-05-05T15:36:51.068+0000] {logging_mixin.py:188} INFO - [2024-05-05T15:36:51.068+0000] {dag.py:3096} INFO - Sync 1 DAGs
[2024-05-05T15:36:51.094+0000] {logging_mixin.py:188} INFO - [2024-05-05T15:36:51.094+0000] {dag.py:3954} INFO - Setting next_dagrun for example_short_circuit_operator to 2024-05-04 00:00:00+00:00, run_after=2024-05-05 00:00:00+00:00
[2024-05-05T15:36:51.118+0000] {processor.py:183} INFO - Processing /home/airflow/.local/lib/python3.12/site-packages/airflow/example_dags/example_short_circuit_operator.py took 0.098 seconds
[2024-05-05T15:37:21.960+0000] {processor.py:161} INFO - Started process (PID=507) to work on /home/airflow/.local/lib/python3.12/site-packages/airflow/example_dags/example_short_circuit_operator.py
[2024-05-05T15:37:21.961+0000] {processor.py:830} INFO - Processing file /home/airflow/.local/lib/python3.12/site-packages/airflow/example_dags/example_short_circuit_operator.py for tasks to queue
[2024-05-05T15:37:21.963+0000] {logging_mixin.py:188} INFO - [2024-05-05T15:37:21.962+0000] {dagbag.py:540} INFO - Filling up the DagBag from /home/airflow/.local/lib/python3.12/site-packages/airflow/example_dags/example_short_circuit_operator.py
[2024-05-05T15:37:21.971+0000] {processor.py:840} INFO - DAG(s) 'example_short_circuit_operator' retrieved from /home/airflow/.local/lib/python3.12/site-packages/airflow/example_dags/example_short_circuit_operator.py
[2024-05-05T15:37:22.000+0000] {logging_mixin.py:188} INFO - [2024-05-05T15:37:21.999+0000] {dag.py:3096} INFO - Sync 1 DAGs
[2024-05-05T15:37:22.023+0000] {logging_mixin.py:188} INFO - [2024-05-05T15:37:22.023+0000] {dag.py:3954} INFO - Setting next_dagrun for example_short_circuit_operator to 2024-05-04 00:00:00+00:00, run_after=2024-05-05 00:00:00+00:00
[2024-05-05T15:37:22.053+0000] {processor.py:183} INFO - Processing /home/airflow/.local/lib/python3.12/site-packages/airflow/example_dags/example_short_circuit_operator.py took 0.101 seconds
[2024-05-05T15:37:52.812+0000] {processor.py:161} INFO - Started process (PID=566) to work on /home/airflow/.local/lib/python3.12/site-packages/airflow/example_dags/example_short_circuit_operator.py
[2024-05-05T15:37:52.813+0000] {processor.py:830} INFO - Processing file /home/airflow/.local/lib/python3.12/site-packages/airflow/example_dags/example_short_circuit_operator.py for tasks to queue
[2024-05-05T15:37:52.815+0000] {logging_mixin.py:188} INFO - [2024-05-05T15:37:52.814+0000] {dagbag.py:540} INFO - Filling up the DagBag from /home/airflow/.local/lib/python3.12/site-packages/airflow/example_dags/example_short_circuit_operator.py
[2024-05-05T15:37:52.839+0000] {processor.py:840} INFO - DAG(s) 'example_short_circuit_operator' retrieved from /home/airflow/.local/lib/python3.12/site-packages/airflow/example_dags/example_short_circuit_operator.py
[2024-05-05T15:37:52.868+0000] {logging_mixin.py:188} INFO - [2024-05-05T15:37:52.868+0000] {dag.py:3096} INFO - Sync 1 DAGs
[2024-05-05T15:37:52.893+0000] {logging_mixin.py:188} INFO - [2024-05-05T15:37:52.893+0000] {dag.py:3954} INFO - Setting next_dagrun for example_short_circuit_operator to 2024-05-04 00:00:00+00:00, run_after=2024-05-05 00:00:00+00:00
[2024-05-05T15:37:52.920+0000] {processor.py:183} INFO - Processing /home/airflow/.local/lib/python3.12/site-packages/airflow/example_dags/example_short_circuit_operator.py took 0.116 seconds
[2024-05-05T15:38:23.768+0000] {processor.py:161} INFO - Started process (PID=624) to work on /home/airflow/.local/lib/python3.12/site-packages/airflow/example_dags/example_short_circuit_operator.py
[2024-05-05T15:38:23.771+0000] {processor.py:830} INFO - Processing file /home/airflow/.local/lib/python3.12/site-packages/airflow/example_dags/example_short_circuit_operator.py for tasks to queue
[2024-05-05T15:38:23.775+0000] {logging_mixin.py:188} INFO - [2024-05-05T15:38:23.775+0000] {dagbag.py:540} INFO - Filling up the DagBag from /home/airflow/.local/lib/python3.12/site-packages/airflow/example_dags/example_short_circuit_operator.py
[2024-05-05T15:38:23.784+0000] {processor.py:840} INFO - DAG(s) 'example_short_circuit_operator' retrieved from /home/airflow/.local/lib/python3.12/site-packages/airflow/example_dags/example_short_circuit_operator.py
[2024-05-05T15:38:23.816+0000] {logging_mixin.py:188} INFO - [2024-05-05T15:38:23.816+0000] {dag.py:3096} INFO - Sync 1 DAGs
[2024-05-05T15:38:23.841+0000] {logging_mixin.py:188} INFO - [2024-05-05T15:38:23.841+0000] {dag.py:3954} INFO - Setting next_dagrun for example_short_circuit_operator to 2024-05-04 00:00:00+00:00, run_after=2024-05-05 00:00:00+00:00
[2024-05-05T15:38:23.871+0000] {processor.py:183} INFO - Processing /home/airflow/.local/lib/python3.12/site-packages/airflow/example_dags/example_short_circuit_operator.py took 0.120 seconds
[2024-05-05T15:38:53.977+0000] {processor.py:161} INFO - Started process (PID=682) to work on /home/airflow/.local/lib/python3.12/site-packages/airflow/example_dags/example_short_circuit_operator.py
[2024-05-05T15:38:53.978+0000] {processor.py:830} INFO - Processing file /home/airflow/.local/lib/python3.12/site-packages/airflow/example_dags/example_short_circuit_operator.py for tasks to queue
[2024-05-05T15:38:53.980+0000] {logging_mixin.py:188} INFO - [2024-05-05T15:38:53.980+0000] {dagbag.py:540} INFO - Filling up the DagBag from /home/airflow/.local/lib/python3.12/site-packages/airflow/example_dags/example_short_circuit_operator.py
[2024-05-05T15:38:54.003+0000] {processor.py:840} INFO - DAG(s) 'example_short_circuit_operator' retrieved from /home/airflow/.local/lib/python3.12/site-packages/airflow/example_dags/example_short_circuit_operator.py
[2024-05-05T15:38:54.068+0000] {logging_mixin.py:188} INFO - [2024-05-05T15:38:54.067+0000] {dag.py:3096} INFO - Sync 1 DAGs
[2024-05-05T15:38:54.114+0000] {logging_mixin.py:188} INFO - [2024-05-05T15:38:54.114+0000] {dag.py:3954} INFO - Setting next_dagrun for example_short_circuit_operator to 2024-05-04 00:00:00+00:00, run_after=2024-05-05 00:00:00+00:00
[2024-05-05T15:38:54.176+0000] {processor.py:183} INFO - Processing /home/airflow/.local/lib/python3.12/site-packages/airflow/example_dags/example_short_circuit_operator.py took 0.214 seconds
[2024-05-05T15:39:24.658+0000] {processor.py:161} INFO - Started process (PID=741) to work on /home/airflow/.local/lib/python3.12/site-packages/airflow/example_dags/example_short_circuit_operator.py
[2024-05-05T15:39:24.665+0000] {processor.py:830} INFO - Processing file /home/airflow/.local/lib/python3.12/site-packages/airflow/example_dags/example_short_circuit_operator.py for tasks to queue
[2024-05-05T15:39:24.672+0000] {logging_mixin.py:188} INFO - [2024-05-05T15:39:24.672+0000] {dagbag.py:540} INFO - Filling up the DagBag from /home/airflow/.local/lib/python3.12/site-packages/airflow/example_dags/example_short_circuit_operator.py
[2024-05-05T15:39:24.681+0000] {processor.py:840} INFO - DAG(s) 'example_short_circuit_operator' retrieved from /home/airflow/.local/lib/python3.12/site-packages/airflow/example_dags/example_short_circuit_operator.py
[2024-05-05T15:39:24.744+0000] {logging_mixin.py:188} INFO - [2024-05-05T15:39:24.744+0000] {dag.py:3096} INFO - Sync 1 DAGs
[2024-05-05T15:39:24.821+0000] {logging_mixin.py:188} INFO - [2024-05-05T15:39:24.820+0000] {dag.py:3954} INFO - Setting next_dagrun for example_short_circuit_operator to 2024-05-04 00:00:00+00:00, run_after=2024-05-05 00:00:00+00:00
[2024-05-05T15:39:24.876+0000] {processor.py:183} INFO - Processing /home/airflow/.local/lib/python3.12/site-packages/airflow/example_dags/example_short_circuit_operator.py took 0.225 seconds
[2024-05-05T15:39:55.512+0000] {processor.py:161} INFO - Started process (PID=796) to work on /home/airflow/.local/lib/python3.12/site-packages/airflow/example_dags/example_short_circuit_operator.py
[2024-05-05T15:39:55.516+0000] {processor.py:830} INFO - Processing file /home/airflow/.local/lib/python3.12/site-packages/airflow/example_dags/example_short_circuit_operator.py for tasks to queue
[2024-05-05T15:39:55.518+0000] {logging_mixin.py:188} INFO - [2024-05-05T15:39:55.518+0000] {dagbag.py:540} INFO - Filling up the DagBag from /home/airflow/.local/lib/python3.12/site-packages/airflow/example_dags/example_short_circuit_operator.py
[2024-05-05T15:39:55.549+0000] {processor.py:840} INFO - DAG(s) 'example_short_circuit_operator' retrieved from /home/airflow/.local/lib/python3.12/site-packages/airflow/example_dags/example_short_circuit_operator.py
[2024-05-05T15:39:55.586+0000] {logging_mixin.py:188} INFO - [2024-05-05T15:39:55.585+0000] {dag.py:3096} INFO - Sync 1 DAGs
[2024-05-05T15:39:55.629+0000] {logging_mixin.py:188} INFO - [2024-05-05T15:39:55.628+0000] {dag.py:3954} INFO - Setting next_dagrun for example_short_circuit_operator to 2024-05-04 00:00:00+00:00, run_after=2024-05-05 00:00:00+00:00
[2024-05-05T15:39:55.662+0000] {processor.py:183} INFO - Processing /home/airflow/.local/lib/python3.12/site-packages/airflow/example_dags/example_short_circuit_operator.py took 0.166 seconds
[2024-05-05T15:40:26.589+0000] {processor.py:161} INFO - Started process (PID=854) to work on /home/airflow/.local/lib/python3.12/site-packages/airflow/example_dags/example_short_circuit_operator.py
[2024-05-05T15:40:26.590+0000] {processor.py:830} INFO - Processing file /home/airflow/.local/lib/python3.12/site-packages/airflow/example_dags/example_short_circuit_operator.py for tasks to queue
[2024-05-05T15:40:26.591+0000] {logging_mixin.py:188} INFO - [2024-05-05T15:40:26.591+0000] {dagbag.py:540} INFO - Filling up the DagBag from /home/airflow/.local/lib/python3.12/site-packages/airflow/example_dags/example_short_circuit_operator.py
[2024-05-05T15:40:26.598+0000] {processor.py:840} INFO - DAG(s) 'example_short_circuit_operator' retrieved from /home/airflow/.local/lib/python3.12/site-packages/airflow/example_dags/example_short_circuit_operator.py
[2024-05-05T15:40:26.625+0000] {logging_mixin.py:188} INFO - [2024-05-05T15:40:26.625+0000] {dag.py:3096} INFO - Sync 1 DAGs
[2024-05-05T15:40:26.652+0000] {logging_mixin.py:188} INFO - [2024-05-05T15:40:26.652+0000] {dag.py:3954} INFO - Setting next_dagrun for example_short_circuit_operator to 2024-05-04 00:00:00+00:00, run_after=2024-05-05 00:00:00+00:00
[2024-05-05T15:40:26.679+0000] {processor.py:183} INFO - Processing /home/airflow/.local/lib/python3.12/site-packages/airflow/example_dags/example_short_circuit_operator.py took 0.095 seconds
[2024-05-05T15:40:57.449+0000] {processor.py:161} INFO - Started process (PID=911) to work on /home/airflow/.local/lib/python3.12/site-packages/airflow/example_dags/example_short_circuit_operator.py
[2024-05-05T15:40:57.451+0000] {processor.py:830} INFO - Processing file /home/airflow/.local/lib/python3.12/site-packages/airflow/example_dags/example_short_circuit_operator.py for tasks to queue
[2024-05-05T15:40:57.453+0000] {logging_mixin.py:188} INFO - [2024-05-05T15:40:57.453+0000] {dagbag.py:540} INFO - Filling up the DagBag from /home/airflow/.local/lib/python3.12/site-packages/airflow/example_dags/example_short_circuit_operator.py
[2024-05-05T15:40:57.459+0000] {processor.py:840} INFO - DAG(s) 'example_short_circuit_operator' retrieved from /home/airflow/.local/lib/python3.12/site-packages/airflow/example_dags/example_short_circuit_operator.py
[2024-05-05T15:40:57.486+0000] {logging_mixin.py:188} INFO - [2024-05-05T15:40:57.486+0000] {dag.py:3096} INFO - Sync 1 DAGs
[2024-05-05T15:40:57.512+0000] {logging_mixin.py:188} INFO - [2024-05-05T15:40:57.512+0000] {dag.py:3954} INFO - Setting next_dagrun for example_short_circuit_operator to 2024-05-04 00:00:00+00:00, run_after=2024-05-05 00:00:00+00:00
[2024-05-05T15:40:57.544+0000] {processor.py:183} INFO - Processing /home/airflow/.local/lib/python3.12/site-packages/airflow/example_dags/example_short_circuit_operator.py took 0.100 seconds
[2024-05-05T15:41:28.151+0000] {processor.py:161} INFO - Started process (PID=970) to work on /home/airflow/.local/lib/python3.12/site-packages/airflow/example_dags/example_short_circuit_operator.py
[2024-05-05T15:41:28.152+0000] {processor.py:830} INFO - Processing file /home/airflow/.local/lib/python3.12/site-packages/airflow/example_dags/example_short_circuit_operator.py for tasks to queue
[2024-05-05T15:41:28.154+0000] {logging_mixin.py:188} INFO - [2024-05-05T15:41:28.154+0000] {dagbag.py:540} INFO - Filling up the DagBag from /home/airflow/.local/lib/python3.12/site-packages/airflow/example_dags/example_short_circuit_operator.py
[2024-05-05T15:41:28.163+0000] {processor.py:840} INFO - DAG(s) 'example_short_circuit_operator' retrieved from /home/airflow/.local/lib/python3.12/site-packages/airflow/example_dags/example_short_circuit_operator.py
[2024-05-05T15:41:28.193+0000] {logging_mixin.py:188} INFO - [2024-05-05T15:41:28.192+0000] {dag.py:3096} INFO - Sync 1 DAGs
[2024-05-05T15:41:28.219+0000] {logging_mixin.py:188} INFO - [2024-05-05T15:41:28.219+0000] {dag.py:3954} INFO - Setting next_dagrun for example_short_circuit_operator to 2024-05-04 00:00:00+00:00, run_after=2024-05-05 00:00:00+00:00
[2024-05-05T15:41:28.242+0000] {processor.py:183} INFO - Processing /home/airflow/.local/lib/python3.12/site-packages/airflow/example_dags/example_short_circuit_operator.py took 0.096 seconds
[2024-05-05T15:41:58.419+0000] {processor.py:161} INFO - Started process (PID=1029) to work on /home/airflow/.local/lib/python3.12/site-packages/airflow/example_dags/example_short_circuit_operator.py
[2024-05-05T15:41:58.420+0000] {processor.py:830} INFO - Processing file /home/airflow/.local/lib/python3.12/site-packages/airflow/example_dags/example_short_circuit_operator.py for tasks to queue
[2024-05-05T15:41:58.422+0000] {logging_mixin.py:188} INFO - [2024-05-05T15:41:58.421+0000] {dagbag.py:540} INFO - Filling up the DagBag from /home/airflow/.local/lib/python3.12/site-packages/airflow/example_dags/example_short_circuit_operator.py
[2024-05-05T15:41:58.430+0000] {processor.py:840} INFO - DAG(s) 'example_short_circuit_operator' retrieved from /home/airflow/.local/lib/python3.12/site-packages/airflow/example_dags/example_short_circuit_operator.py
[2024-05-05T15:41:58.460+0000] {logging_mixin.py:188} INFO - [2024-05-05T15:41:58.460+0000] {dag.py:3096} INFO - Sync 1 DAGs
[2024-05-05T15:41:58.485+0000] {logging_mixin.py:188} INFO - [2024-05-05T15:41:58.484+0000] {dag.py:3954} INFO - Setting next_dagrun for example_short_circuit_operator to 2024-05-04 00:00:00+00:00, run_after=2024-05-05 00:00:00+00:00
[2024-05-05T15:41:58.508+0000] {processor.py:183} INFO - Processing /home/airflow/.local/lib/python3.12/site-packages/airflow/example_dags/example_short_circuit_operator.py took 0.096 seconds
[2024-05-05T15:42:28.771+0000] {processor.py:161} INFO - Started process (PID=1087) to work on /home/airflow/.local/lib/python3.12/site-packages/airflow/example_dags/example_short_circuit_operator.py
[2024-05-05T15:42:28.772+0000] {processor.py:830} INFO - Processing file /home/airflow/.local/lib/python3.12/site-packages/airflow/example_dags/example_short_circuit_operator.py for tasks to queue
[2024-05-05T15:42:28.774+0000] {logging_mixin.py:188} INFO - [2024-05-05T15:42:28.773+0000] {dagbag.py:540} INFO - Filling up the DagBag from /home/airflow/.local/lib/python3.12/site-packages/airflow/example_dags/example_short_circuit_operator.py
[2024-05-05T15:42:28.782+0000] {processor.py:840} INFO - DAG(s) 'example_short_circuit_operator' retrieved from /home/airflow/.local/lib/python3.12/site-packages/airflow/example_dags/example_short_circuit_operator.py
[2024-05-05T15:42:28.811+0000] {logging_mixin.py:188} INFO - [2024-05-05T15:42:28.811+0000] {dag.py:3096} INFO - Sync 1 DAGs
[2024-05-05T15:42:28.849+0000] {logging_mixin.py:188} INFO - [2024-05-05T15:42:28.849+0000] {dag.py:3954} INFO - Setting next_dagrun for example_short_circuit_operator to 2024-05-04 00:00:00+00:00, run_after=2024-05-05 00:00:00+00:00
[2024-05-05T15:42:28.935+0000] {processor.py:183} INFO - Processing /home/airflow/.local/lib/python3.12/site-packages/airflow/example_dags/example_short_circuit_operator.py took 0.171 seconds
[2024-05-05T15:42:59.618+0000] {processor.py:161} INFO - Started process (PID=1145) to work on /home/airflow/.local/lib/python3.12/site-packages/airflow/example_dags/example_short_circuit_operator.py
[2024-05-05T15:42:59.619+0000] {processor.py:830} INFO - Processing file /home/airflow/.local/lib/python3.12/site-packages/airflow/example_dags/example_short_circuit_operator.py for tasks to queue
[2024-05-05T15:42:59.625+0000] {logging_mixin.py:188} INFO - [2024-05-05T15:42:59.620+0000] {dagbag.py:540} INFO - Filling up the DagBag from /home/airflow/.local/lib/python3.12/site-packages/airflow/example_dags/example_short_circuit_operator.py
[2024-05-05T15:42:59.669+0000] {processor.py:840} INFO - DAG(s) 'example_short_circuit_operator' retrieved from /home/airflow/.local/lib/python3.12/site-packages/airflow/example_dags/example_short_circuit_operator.py
[2024-05-05T15:42:59.880+0000] {logging_mixin.py:188} INFO - [2024-05-05T15:42:59.880+0000] {dag.py:3096} INFO - Sync 1 DAGs
[2024-05-05T15:43:00.037+0000] {logging_mixin.py:188} INFO - [2024-05-05T15:43:00.037+0000] {dag.py:3954} INFO - Setting next_dagrun for example_short_circuit_operator to 2024-05-04 00:00:00+00:00, run_after=2024-05-05 00:00:00+00:00
[2024-05-05T15:43:00.091+0000] {processor.py:183} INFO - Processing /home/airflow/.local/lib/python3.12/site-packages/airflow/example_dags/example_short_circuit_operator.py took 0.498 seconds
[2024-05-05T15:43:30.594+0000] {processor.py:161} INFO - Started process (PID=1203) to work on /home/airflow/.local/lib/python3.12/site-packages/airflow/example_dags/example_short_circuit_operator.py
[2024-05-05T15:43:30.595+0000] {processor.py:830} INFO - Processing file /home/airflow/.local/lib/python3.12/site-packages/airflow/example_dags/example_short_circuit_operator.py for tasks to queue
[2024-05-05T15:43:30.602+0000] {logging_mixin.py:188} INFO - [2024-05-05T15:43:30.598+0000] {dagbag.py:540} INFO - Filling up the DagBag from /home/airflow/.local/lib/python3.12/site-packages/airflow/example_dags/example_short_circuit_operator.py
[2024-05-05T15:43:30.630+0000] {processor.py:840} INFO - DAG(s) 'example_short_circuit_operator' retrieved from /home/airflow/.local/lib/python3.12/site-packages/airflow/example_dags/example_short_circuit_operator.py
[2024-05-05T15:43:30.704+0000] {logging_mixin.py:188} INFO - [2024-05-05T15:43:30.704+0000] {dag.py:3096} INFO - Sync 1 DAGs
[2024-05-05T15:43:30.782+0000] {logging_mixin.py:188} INFO - [2024-05-05T15:43:30.781+0000] {dag.py:3954} INFO - Setting next_dagrun for example_short_circuit_operator to 2024-05-04 00:00:00+00:00, run_after=2024-05-05 00:00:00+00:00
[2024-05-05T15:43:30.861+0000] {processor.py:183} INFO - Processing /home/airflow/.local/lib/python3.12/site-packages/airflow/example_dags/example_short_circuit_operator.py took 0.279 seconds
[2024-05-05T15:44:00.937+0000] {processor.py:161} INFO - Started process (PID=1261) to work on /home/airflow/.local/lib/python3.12/site-packages/airflow/example_dags/example_short_circuit_operator.py
[2024-05-05T15:44:00.938+0000] {processor.py:830} INFO - Processing file /home/airflow/.local/lib/python3.12/site-packages/airflow/example_dags/example_short_circuit_operator.py for tasks to queue
[2024-05-05T15:44:00.940+0000] {logging_mixin.py:188} INFO - [2024-05-05T15:44:00.940+0000] {dagbag.py:540} INFO - Filling up the DagBag from /home/airflow/.local/lib/python3.12/site-packages/airflow/example_dags/example_short_circuit_operator.py
[2024-05-05T15:44:00.959+0000] {processor.py:840} INFO - DAG(s) 'example_short_circuit_operator' retrieved from /home/airflow/.local/lib/python3.12/site-packages/airflow/example_dags/example_short_circuit_operator.py
[2024-05-05T15:44:00.991+0000] {logging_mixin.py:188} INFO - [2024-05-05T15:44:00.991+0000] {dag.py:3096} INFO - Sync 1 DAGs
[2024-05-05T15:44:01.018+0000] {logging_mixin.py:188} INFO - [2024-05-05T15:44:01.018+0000] {dag.py:3954} INFO - Setting next_dagrun for example_short_circuit_operator to 2024-05-04 00:00:00+00:00, run_after=2024-05-05 00:00:00+00:00
[2024-05-05T15:44:01.037+0000] {processor.py:183} INFO - Processing /home/airflow/.local/lib/python3.12/site-packages/airflow/example_dags/example_short_circuit_operator.py took 0.107 seconds
[2024-05-05T15:44:31.244+0000] {processor.py:161} INFO - Started process (PID=1319) to work on /home/airflow/.local/lib/python3.12/site-packages/airflow/example_dags/example_short_circuit_operator.py
[2024-05-05T15:44:31.245+0000] {processor.py:830} INFO - Processing file /home/airflow/.local/lib/python3.12/site-packages/airflow/example_dags/example_short_circuit_operator.py for tasks to queue
[2024-05-05T15:44:31.247+0000] {logging_mixin.py:188} INFO - [2024-05-05T15:44:31.246+0000] {dagbag.py:540} INFO - Filling up the DagBag from /home/airflow/.local/lib/python3.12/site-packages/airflow/example_dags/example_short_circuit_operator.py
[2024-05-05T15:44:31.253+0000] {processor.py:840} INFO - DAG(s) 'example_short_circuit_operator' retrieved from /home/airflow/.local/lib/python3.12/site-packages/airflow/example_dags/example_short_circuit_operator.py
[2024-05-05T15:44:31.273+0000] {logging_mixin.py:188} INFO - [2024-05-05T15:44:31.273+0000] {dag.py:3096} INFO - Sync 1 DAGs
[2024-05-05T15:44:31.291+0000] {logging_mixin.py:188} INFO - [2024-05-05T15:44:31.290+0000] {dag.py:3954} INFO - Setting next_dagrun for example_short_circuit_operator to 2024-05-04 00:00:00+00:00, run_after=2024-05-05 00:00:00+00:00
[2024-05-05T15:44:31.311+0000] {processor.py:183} INFO - Processing /home/airflow/.local/lib/python3.12/site-packages/airflow/example_dags/example_short_circuit_operator.py took 0.072 seconds
[2024-05-05T15:45:01.438+0000] {processor.py:161} INFO - Started process (PID=1376) to work on /home/airflow/.local/lib/python3.12/site-packages/airflow/example_dags/example_short_circuit_operator.py
[2024-05-05T15:45:01.439+0000] {processor.py:830} INFO - Processing file /home/airflow/.local/lib/python3.12/site-packages/airflow/example_dags/example_short_circuit_operator.py for tasks to queue
[2024-05-05T15:45:01.441+0000] {logging_mixin.py:188} INFO - [2024-05-05T15:45:01.440+0000] {dagbag.py:540} INFO - Filling up the DagBag from /home/airflow/.local/lib/python3.12/site-packages/airflow/example_dags/example_short_circuit_operator.py
[2024-05-05T15:45:01.452+0000] {processor.py:840} INFO - DAG(s) 'example_short_circuit_operator' retrieved from /home/airflow/.local/lib/python3.12/site-packages/airflow/example_dags/example_short_circuit_operator.py
[2024-05-05T15:45:01.479+0000] {logging_mixin.py:188} INFO - [2024-05-05T15:45:01.479+0000] {dag.py:3096} INFO - Sync 1 DAGs
[2024-05-05T15:45:01.500+0000] {logging_mixin.py:188} INFO - [2024-05-05T15:45:01.499+0000] {dag.py:3954} INFO - Setting next_dagrun for example_short_circuit_operator to 2024-05-04 00:00:00+00:00, run_after=2024-05-05 00:00:00+00:00
[2024-05-05T15:45:01.519+0000] {processor.py:183} INFO - Processing /home/airflow/.local/lib/python3.12/site-packages/airflow/example_dags/example_short_circuit_operator.py took 0.088 seconds
[2024-05-05T15:45:31.841+0000] {processor.py:161} INFO - Started process (PID=1434) to work on /home/airflow/.local/lib/python3.12/site-packages/airflow/example_dags/example_short_circuit_operator.py
[2024-05-05T15:45:31.842+0000] {processor.py:830} INFO - Processing file /home/airflow/.local/lib/python3.12/site-packages/airflow/example_dags/example_short_circuit_operator.py for tasks to queue
[2024-05-05T15:45:31.844+0000] {logging_mixin.py:188} INFO - [2024-05-05T15:45:31.843+0000] {dagbag.py:540} INFO - Filling up the DagBag from /home/airflow/.local/lib/python3.12/site-packages/airflow/example_dags/example_short_circuit_operator.py
[2024-05-05T15:45:31.852+0000] {processor.py:840} INFO - DAG(s) 'example_short_circuit_operator' retrieved from /home/airflow/.local/lib/python3.12/site-packages/airflow/example_dags/example_short_circuit_operator.py
[2024-05-05T15:45:31.882+0000] {logging_mixin.py:188} INFO - [2024-05-05T15:45:31.881+0000] {dag.py:3096} INFO - Sync 1 DAGs
[2024-05-05T15:45:31.906+0000] {logging_mixin.py:188} INFO - [2024-05-05T15:45:31.905+0000] {dag.py:3954} INFO - Setting next_dagrun for example_short_circuit_operator to 2024-05-04 00:00:00+00:00, run_after=2024-05-05 00:00:00+00:00
[2024-05-05T15:45:31.931+0000] {processor.py:183} INFO - Processing /home/airflow/.local/lib/python3.12/site-packages/airflow/example_dags/example_short_circuit_operator.py took 0.097 seconds
[2024-05-05T15:46:02.513+0000] {processor.py:161} INFO - Started process (PID=1493) to work on /home/airflow/.local/lib/python3.12/site-packages/airflow/example_dags/example_short_circuit_operator.py
[2024-05-05T15:46:02.514+0000] {processor.py:830} INFO - Processing file /home/airflow/.local/lib/python3.12/site-packages/airflow/example_dags/example_short_circuit_operator.py for tasks to queue
[2024-05-05T15:46:02.516+0000] {logging_mixin.py:188} INFO - [2024-05-05T15:46:02.516+0000] {dagbag.py:540} INFO - Filling up the DagBag from /home/airflow/.local/lib/python3.12/site-packages/airflow/example_dags/example_short_circuit_operator.py
[2024-05-05T15:46:02.525+0000] {processor.py:840} INFO - DAG(s) 'example_short_circuit_operator' retrieved from /home/airflow/.local/lib/python3.12/site-packages/airflow/example_dags/example_short_circuit_operator.py
[2024-05-05T15:46:02.552+0000] {logging_mixin.py:188} INFO - [2024-05-05T15:46:02.552+0000] {dag.py:3096} INFO - Sync 1 DAGs
[2024-05-05T15:46:02.574+0000] {logging_mixin.py:188} INFO - [2024-05-05T15:46:02.574+0000] {dag.py:3954} INFO - Setting next_dagrun for example_short_circuit_operator to 2024-05-04 00:00:00+00:00, run_after=2024-05-05 00:00:00+00:00
[2024-05-05T15:46:02.593+0000] {processor.py:183} INFO - Processing /home/airflow/.local/lib/python3.12/site-packages/airflow/example_dags/example_short_circuit_operator.py took 0.087 seconds
[2024-05-05T15:46:33.599+0000] {processor.py:161} INFO - Started process (PID=1550) to work on /home/airflow/.local/lib/python3.12/site-packages/airflow/example_dags/example_short_circuit_operator.py
[2024-05-05T15:46:33.600+0000] {processor.py:830} INFO - Processing file /home/airflow/.local/lib/python3.12/site-packages/airflow/example_dags/example_short_circuit_operator.py for tasks to queue
[2024-05-05T15:46:33.604+0000] {logging_mixin.py:188} INFO - [2024-05-05T15:46:33.603+0000] {dagbag.py:540} INFO - Filling up the DagBag from /home/airflow/.local/lib/python3.12/site-packages/airflow/example_dags/example_short_circuit_operator.py
[2024-05-05T15:46:33.613+0000] {processor.py:840} INFO - DAG(s) 'example_short_circuit_operator' retrieved from /home/airflow/.local/lib/python3.12/site-packages/airflow/example_dags/example_short_circuit_operator.py
[2024-05-05T15:46:33.641+0000] {logging_mixin.py:188} INFO - [2024-05-05T15:46:33.641+0000] {dag.py:3096} INFO - Sync 1 DAGs
[2024-05-05T15:46:33.670+0000] {logging_mixin.py:188} INFO - [2024-05-05T15:46:33.670+0000] {dag.py:3954} INFO - Setting next_dagrun for example_short_circuit_operator to 2024-05-04 00:00:00+00:00, run_after=2024-05-05 00:00:00+00:00
[2024-05-05T15:46:33.691+0000] {processor.py:183} INFO - Processing /home/airflow/.local/lib/python3.12/site-packages/airflow/example_dags/example_short_circuit_operator.py took 0.110 seconds
[2024-05-05T15:47:04.014+0000] {processor.py:161} INFO - Started process (PID=1607) to work on /home/airflow/.local/lib/python3.12/site-packages/airflow/example_dags/example_short_circuit_operator.py
[2024-05-05T15:47:04.015+0000] {processor.py:830} INFO - Processing file /home/airflow/.local/lib/python3.12/site-packages/airflow/example_dags/example_short_circuit_operator.py for tasks to queue
[2024-05-05T15:47:04.017+0000] {logging_mixin.py:188} INFO - [2024-05-05T15:47:04.016+0000] {dagbag.py:540} INFO - Filling up the DagBag from /home/airflow/.local/lib/python3.12/site-packages/airflow/example_dags/example_short_circuit_operator.py
[2024-05-05T15:47:04.025+0000] {processor.py:840} INFO - DAG(s) 'example_short_circuit_operator' retrieved from /home/airflow/.local/lib/python3.12/site-packages/airflow/example_dags/example_short_circuit_operator.py
[2024-05-05T15:47:04.054+0000] {logging_mixin.py:188} INFO - [2024-05-05T15:47:04.054+0000] {dag.py:3096} INFO - Sync 1 DAGs
[2024-05-05T15:47:04.081+0000] {logging_mixin.py:188} INFO - [2024-05-05T15:47:04.081+0000] {dag.py:3954} INFO - Setting next_dagrun for example_short_circuit_operator to 2024-05-04 00:00:00+00:00, run_after=2024-05-05 00:00:00+00:00
[2024-05-05T15:47:04.110+0000] {processor.py:183} INFO - Processing /home/airflow/.local/lib/python3.12/site-packages/airflow/example_dags/example_short_circuit_operator.py took 0.103 seconds
[2024-05-05T15:47:34.248+0000] {processor.py:161} INFO - Started process (PID=1665) to work on /home/airflow/.local/lib/python3.12/site-packages/airflow/example_dags/example_short_circuit_operator.py
[2024-05-05T15:47:34.249+0000] {processor.py:830} INFO - Processing file /home/airflow/.local/lib/python3.12/site-packages/airflow/example_dags/example_short_circuit_operator.py for tasks to queue
[2024-05-05T15:47:34.253+0000] {logging_mixin.py:188} INFO - [2024-05-05T15:47:34.252+0000] {dagbag.py:540} INFO - Filling up the DagBag from /home/airflow/.local/lib/python3.12/site-packages/airflow/example_dags/example_short_circuit_operator.py
[2024-05-05T15:47:34.261+0000] {processor.py:840} INFO - DAG(s) 'example_short_circuit_operator' retrieved from /home/airflow/.local/lib/python3.12/site-packages/airflow/example_dags/example_short_circuit_operator.py
[2024-05-05T15:47:34.301+0000] {logging_mixin.py:188} INFO - [2024-05-05T15:47:34.301+0000] {dag.py:3096} INFO - Sync 1 DAGs
[2024-05-05T15:47:34.335+0000] {logging_mixin.py:188} INFO - [2024-05-05T15:47:34.334+0000] {dag.py:3954} INFO - Setting next_dagrun for example_short_circuit_operator to 2024-05-04 00:00:00+00:00, run_after=2024-05-05 00:00:00+00:00
[2024-05-05T15:47:34.392+0000] {processor.py:183} INFO - Processing /home/airflow/.local/lib/python3.12/site-packages/airflow/example_dags/example_short_circuit_operator.py took 0.151 seconds
[2024-05-05T15:48:05.784+0000] {processor.py:161} INFO - Started process (PID=1724) to work on /home/airflow/.local/lib/python3.12/site-packages/airflow/example_dags/example_short_circuit_operator.py
[2024-05-05T15:48:05.796+0000] {processor.py:830} INFO - Processing file /home/airflow/.local/lib/python3.12/site-packages/airflow/example_dags/example_short_circuit_operator.py for tasks to queue
[2024-05-05T15:48:05.798+0000] {logging_mixin.py:188} INFO - [2024-05-05T15:48:05.797+0000] {dagbag.py:540} INFO - Filling up the DagBag from /home/airflow/.local/lib/python3.12/site-packages/airflow/example_dags/example_short_circuit_operator.py
[2024-05-05T15:48:05.861+0000] {processor.py:840} INFO - DAG(s) 'example_short_circuit_operator' retrieved from /home/airflow/.local/lib/python3.12/site-packages/airflow/example_dags/example_short_circuit_operator.py
[2024-05-05T15:48:06.037+0000] {logging_mixin.py:188} INFO - [2024-05-05T15:48:06.036+0000] {dag.py:3096} INFO - Sync 1 DAGs
[2024-05-05T15:48:06.182+0000] {logging_mixin.py:188} INFO - [2024-05-05T15:48:06.181+0000] {dag.py:3954} INFO - Setting next_dagrun for example_short_circuit_operator to 2024-05-04 00:00:00+00:00, run_after=2024-05-05 00:00:00+00:00
[2024-05-05T15:48:06.275+0000] {processor.py:183} INFO - Processing /home/airflow/.local/lib/python3.12/site-packages/airflow/example_dags/example_short_circuit_operator.py took 0.527 seconds
[2024-05-05T15:48:36.613+0000] {processor.py:161} INFO - Started process (PID=1784) to work on /home/airflow/.local/lib/python3.12/site-packages/airflow/example_dags/example_short_circuit_operator.py
[2024-05-05T15:48:36.628+0000] {processor.py:830} INFO - Processing file /home/airflow/.local/lib/python3.12/site-packages/airflow/example_dags/example_short_circuit_operator.py for tasks to queue
[2024-05-05T15:48:36.630+0000] {logging_mixin.py:188} INFO - [2024-05-05T15:48:36.630+0000] {dagbag.py:540} INFO - Filling up the DagBag from /home/airflow/.local/lib/python3.12/site-packages/airflow/example_dags/example_short_circuit_operator.py
[2024-05-05T15:48:36.663+0000] {processor.py:840} INFO - DAG(s) 'example_short_circuit_operator' retrieved from /home/airflow/.local/lib/python3.12/site-packages/airflow/example_dags/example_short_circuit_operator.py
[2024-05-05T15:48:36.793+0000] {logging_mixin.py:188} INFO - [2024-05-05T15:48:36.793+0000] {dag.py:3096} INFO - Sync 1 DAGs
[2024-05-05T15:48:36.866+0000] {logging_mixin.py:188} INFO - [2024-05-05T15:48:36.866+0000] {dag.py:3954} INFO - Setting next_dagrun for example_short_circuit_operator to 2024-05-04 00:00:00+00:00, run_after=2024-05-05 00:00:00+00:00
[2024-05-05T15:48:36.910+0000] {processor.py:183} INFO - Processing /home/airflow/.local/lib/python3.12/site-packages/airflow/example_dags/example_short_circuit_operator.py took 0.309 seconds
[2024-05-05T15:49:07.220+0000] {processor.py:161} INFO - Started process (PID=1843) to work on /home/airflow/.local/lib/python3.12/site-packages/airflow/example_dags/example_short_circuit_operator.py
[2024-05-05T15:49:07.221+0000] {processor.py:830} INFO - Processing file /home/airflow/.local/lib/python3.12/site-packages/airflow/example_dags/example_short_circuit_operator.py for tasks to queue
[2024-05-05T15:49:07.222+0000] {logging_mixin.py:188} INFO - [2024-05-05T15:49:07.222+0000] {dagbag.py:540} INFO - Filling up the DagBag from /home/airflow/.local/lib/python3.12/site-packages/airflow/example_dags/example_short_circuit_operator.py
[2024-05-05T15:49:07.229+0000] {processor.py:840} INFO - DAG(s) 'example_short_circuit_operator' retrieved from /home/airflow/.local/lib/python3.12/site-packages/airflow/example_dags/example_short_circuit_operator.py
[2024-05-05T15:49:07.259+0000] {logging_mixin.py:188} INFO - [2024-05-05T15:49:07.258+0000] {dag.py:3096} INFO - Sync 1 DAGs
[2024-05-05T15:49:07.281+0000] {logging_mixin.py:188} INFO - [2024-05-05T15:49:07.281+0000] {dag.py:3954} INFO - Setting next_dagrun for example_short_circuit_operator to 2024-05-04 00:00:00+00:00, run_after=2024-05-05 00:00:00+00:00
[2024-05-05T15:49:07.305+0000] {processor.py:183} INFO - Processing /home/airflow/.local/lib/python3.12/site-packages/airflow/example_dags/example_short_circuit_operator.py took 0.089 seconds
[2024-05-05T15:49:37.997+0000] {processor.py:161} INFO - Started process (PID=1902) to work on /home/airflow/.local/lib/python3.12/site-packages/airflow/example_dags/example_short_circuit_operator.py
[2024-05-05T15:49:37.998+0000] {processor.py:830} INFO - Processing file /home/airflow/.local/lib/python3.12/site-packages/airflow/example_dags/example_short_circuit_operator.py for tasks to queue
[2024-05-05T15:49:38.000+0000] {logging_mixin.py:188} INFO - [2024-05-05T15:49:38.000+0000] {dagbag.py:540} INFO - Filling up the DagBag from /home/airflow/.local/lib/python3.12/site-packages/airflow/example_dags/example_short_circuit_operator.py
[2024-05-05T15:49:38.009+0000] {processor.py:840} INFO - DAG(s) 'example_short_circuit_operator' retrieved from /home/airflow/.local/lib/python3.12/site-packages/airflow/example_dags/example_short_circuit_operator.py
[2024-05-05T15:49:38.034+0000] {logging_mixin.py:188} INFO - [2024-05-05T15:49:38.034+0000] {dag.py:3096} INFO - Sync 1 DAGs
[2024-05-05T15:49:38.060+0000] {logging_mixin.py:188} INFO - [2024-05-05T15:49:38.059+0000] {dag.py:3954} INFO - Setting next_dagrun for example_short_circuit_operator to 2024-05-04 00:00:00+00:00, run_after=2024-05-05 00:00:00+00:00
[2024-05-05T15:49:38.086+0000] {processor.py:183} INFO - Processing /home/airflow/.local/lib/python3.12/site-packages/airflow/example_dags/example_short_circuit_operator.py took 0.096 seconds
[2024-05-05T15:50:08.524+0000] {processor.py:161} INFO - Started process (PID=1961) to work on /home/airflow/.local/lib/python3.12/site-packages/airflow/example_dags/example_short_circuit_operator.py
[2024-05-05T15:50:08.525+0000] {processor.py:830} INFO - Processing file /home/airflow/.local/lib/python3.12/site-packages/airflow/example_dags/example_short_circuit_operator.py for tasks to queue
[2024-05-05T15:50:08.526+0000] {logging_mixin.py:188} INFO - [2024-05-05T15:50:08.526+0000] {dagbag.py:540} INFO - Filling up the DagBag from /home/airflow/.local/lib/python3.12/site-packages/airflow/example_dags/example_short_circuit_operator.py
[2024-05-05T15:50:08.537+0000] {processor.py:840} INFO - DAG(s) 'example_short_circuit_operator' retrieved from /home/airflow/.local/lib/python3.12/site-packages/airflow/example_dags/example_short_circuit_operator.py
[2024-05-05T15:50:08.562+0000] {logging_mixin.py:188} INFO - [2024-05-05T15:50:08.562+0000] {dag.py:3096} INFO - Sync 1 DAGs
[2024-05-05T15:50:08.594+0000] {logging_mixin.py:188} INFO - [2024-05-05T15:50:08.594+0000] {dag.py:3954} INFO - Setting next_dagrun for example_short_circuit_operator to 2024-05-04 00:00:00+00:00, run_after=2024-05-05 00:00:00+00:00
[2024-05-05T15:50:08.621+0000] {processor.py:183} INFO - Processing /home/airflow/.local/lib/python3.12/site-packages/airflow/example_dags/example_short_circuit_operator.py took 0.104 seconds
[2024-05-05T15:50:39.386+0000] {processor.py:161} INFO - Started process (PID=2020) to work on /home/airflow/.local/lib/python3.12/site-packages/airflow/example_dags/example_short_circuit_operator.py
[2024-05-05T15:50:39.387+0000] {processor.py:830} INFO - Processing file /home/airflow/.local/lib/python3.12/site-packages/airflow/example_dags/example_short_circuit_operator.py for tasks to queue
[2024-05-05T15:50:39.389+0000] {logging_mixin.py:188} INFO - [2024-05-05T15:50:39.388+0000] {dagbag.py:540} INFO - Filling up the DagBag from /home/airflow/.local/lib/python3.12/site-packages/airflow/example_dags/example_short_circuit_operator.py
[2024-05-05T15:50:39.398+0000] {processor.py:840} INFO - DAG(s) 'example_short_circuit_operator' retrieved from /home/airflow/.local/lib/python3.12/site-packages/airflow/example_dags/example_short_circuit_operator.py
[2024-05-05T15:50:39.424+0000] {logging_mixin.py:188} INFO - [2024-05-05T15:50:39.424+0000] {dag.py:3096} INFO - Sync 1 DAGs
[2024-05-05T15:50:39.466+0000] {logging_mixin.py:188} INFO - [2024-05-05T15:50:39.466+0000] {dag.py:3954} INFO - Setting next_dagrun for example_short_circuit_operator to 2024-05-04 00:00:00+00:00, run_after=2024-05-05 00:00:00+00:00
[2024-05-05T15:50:39.537+0000] {processor.py:183} INFO - Processing /home/airflow/.local/lib/python3.12/site-packages/airflow/example_dags/example_short_circuit_operator.py took 0.158 seconds
[2024-05-05T15:51:10.144+0000] {processor.py:161} INFO - Started process (PID=2078) to work on /home/airflow/.local/lib/python3.12/site-packages/airflow/example_dags/example_short_circuit_operator.py
[2024-05-05T15:51:10.145+0000] {processor.py:830} INFO - Processing file /home/airflow/.local/lib/python3.12/site-packages/airflow/example_dags/example_short_circuit_operator.py for tasks to queue
[2024-05-05T15:51:10.147+0000] {logging_mixin.py:188} INFO - [2024-05-05T15:51:10.147+0000] {dagbag.py:540} INFO - Filling up the DagBag from /home/airflow/.local/lib/python3.12/site-packages/airflow/example_dags/example_short_circuit_operator.py
[2024-05-05T15:51:10.156+0000] {processor.py:840} INFO - DAG(s) 'example_short_circuit_operator' retrieved from /home/airflow/.local/lib/python3.12/site-packages/airflow/example_dags/example_short_circuit_operator.py
[2024-05-05T15:51:10.183+0000] {logging_mixin.py:188} INFO - [2024-05-05T15:51:10.182+0000] {dag.py:3096} INFO - Sync 1 DAGs
[2024-05-05T15:51:10.207+0000] {logging_mixin.py:188} INFO - [2024-05-05T15:51:10.207+0000] {dag.py:3954} INFO - Setting next_dagrun for example_short_circuit_operator to 2024-05-04 00:00:00+00:00, run_after=2024-05-05 00:00:00+00:00
[2024-05-05T15:51:10.235+0000] {processor.py:183} INFO - Processing /home/airflow/.local/lib/python3.12/site-packages/airflow/example_dags/example_short_circuit_operator.py took 0.098 seconds
[2024-05-05T15:51:40.549+0000] {processor.py:161} INFO - Started process (PID=2137) to work on /home/airflow/.local/lib/python3.12/site-packages/airflow/example_dags/example_short_circuit_operator.py
[2024-05-05T15:51:40.550+0000] {processor.py:830} INFO - Processing file /home/airflow/.local/lib/python3.12/site-packages/airflow/example_dags/example_short_circuit_operator.py for tasks to queue
[2024-05-05T15:51:40.552+0000] {logging_mixin.py:188} INFO - [2024-05-05T15:51:40.551+0000] {dagbag.py:540} INFO - Filling up the DagBag from /home/airflow/.local/lib/python3.12/site-packages/airflow/example_dags/example_short_circuit_operator.py
[2024-05-05T15:51:40.561+0000] {processor.py:840} INFO - DAG(s) 'example_short_circuit_operator' retrieved from /home/airflow/.local/lib/python3.12/site-packages/airflow/example_dags/example_short_circuit_operator.py
[2024-05-05T15:51:40.602+0000] {logging_mixin.py:188} INFO - [2024-05-05T15:51:40.602+0000] {dag.py:3096} INFO - Sync 1 DAGs
[2024-05-05T15:51:40.627+0000] {logging_mixin.py:188} INFO - [2024-05-05T15:51:40.627+0000] {dag.py:3954} INFO - Setting next_dagrun for example_short_circuit_operator to 2024-05-04 00:00:00+00:00, run_after=2024-05-05 00:00:00+00:00
[2024-05-05T15:51:40.650+0000] {processor.py:183} INFO - Processing /home/airflow/.local/lib/python3.12/site-packages/airflow/example_dags/example_short_circuit_operator.py took 0.108 seconds
[2024-05-05T15:52:10.849+0000] {processor.py:161} INFO - Started process (PID=2197) to work on /home/airflow/.local/lib/python3.12/site-packages/airflow/example_dags/example_short_circuit_operator.py
[2024-05-05T15:52:10.849+0000] {processor.py:830} INFO - Processing file /home/airflow/.local/lib/python3.12/site-packages/airflow/example_dags/example_short_circuit_operator.py for tasks to queue
[2024-05-05T15:52:10.851+0000] {logging_mixin.py:188} INFO - [2024-05-05T15:52:10.851+0000] {dagbag.py:540} INFO - Filling up the DagBag from /home/airflow/.local/lib/python3.12/site-packages/airflow/example_dags/example_short_circuit_operator.py
[2024-05-05T15:52:10.860+0000] {processor.py:840} INFO - DAG(s) 'example_short_circuit_operator' retrieved from /home/airflow/.local/lib/python3.12/site-packages/airflow/example_dags/example_short_circuit_operator.py
[2024-05-05T15:52:10.886+0000] {logging_mixin.py:188} INFO - [2024-05-05T15:52:10.886+0000] {dag.py:3096} INFO - Sync 1 DAGs
[2024-05-05T15:52:10.914+0000] {logging_mixin.py:188} INFO - [2024-05-05T15:52:10.913+0000] {dag.py:3954} INFO - Setting next_dagrun for example_short_circuit_operator to 2024-05-04 00:00:00+00:00, run_after=2024-05-05 00:00:00+00:00
[2024-05-05T15:52:10.939+0000] {processor.py:183} INFO - Processing /home/airflow/.local/lib/python3.12/site-packages/airflow/example_dags/example_short_circuit_operator.py took 0.097 seconds
[2024-05-05T15:52:41.843+0000] {processor.py:161} INFO - Started process (PID=2256) to work on /home/airflow/.local/lib/python3.12/site-packages/airflow/example_dags/example_short_circuit_operator.py
[2024-05-05T15:52:41.847+0000] {processor.py:830} INFO - Processing file /home/airflow/.local/lib/python3.12/site-packages/airflow/example_dags/example_short_circuit_operator.py for tasks to queue
[2024-05-05T15:52:41.853+0000] {logging_mixin.py:188} INFO - [2024-05-05T15:52:41.852+0000] {dagbag.py:540} INFO - Filling up the DagBag from /home/airflow/.local/lib/python3.12/site-packages/airflow/example_dags/example_short_circuit_operator.py
[2024-05-05T15:52:41.880+0000] {processor.py:840} INFO - DAG(s) 'example_short_circuit_operator' retrieved from /home/airflow/.local/lib/python3.12/site-packages/airflow/example_dags/example_short_circuit_operator.py
[2024-05-05T15:52:42.023+0000] {logging_mixin.py:188} INFO - [2024-05-05T15:52:42.023+0000] {dag.py:3096} INFO - Sync 1 DAGs
[2024-05-05T15:52:42.196+0000] {logging_mixin.py:188} INFO - [2024-05-05T15:52:42.195+0000] {dag.py:3954} INFO - Setting next_dagrun for example_short_circuit_operator to 2024-05-04 00:00:00+00:00, run_after=2024-05-05 00:00:00+00:00
[2024-05-05T15:52:42.392+0000] {processor.py:183} INFO - Processing /home/airflow/.local/lib/python3.12/site-packages/airflow/example_dags/example_short_circuit_operator.py took 0.579 seconds
[2024-05-05T15:53:12.495+0000] {processor.py:161} INFO - Started process (PID=2316) to work on /home/airflow/.local/lib/python3.12/site-packages/airflow/example_dags/example_short_circuit_operator.py
[2024-05-05T15:53:12.496+0000] {processor.py:830} INFO - Processing file /home/airflow/.local/lib/python3.12/site-packages/airflow/example_dags/example_short_circuit_operator.py for tasks to queue
[2024-05-05T15:53:12.499+0000] {logging_mixin.py:188} INFO - [2024-05-05T15:53:12.498+0000] {dagbag.py:540} INFO - Filling up the DagBag from /home/airflow/.local/lib/python3.12/site-packages/airflow/example_dags/example_short_circuit_operator.py
[2024-05-05T15:53:12.509+0000] {processor.py:840} INFO - DAG(s) 'example_short_circuit_operator' retrieved from /home/airflow/.local/lib/python3.12/site-packages/airflow/example_dags/example_short_circuit_operator.py
[2024-05-05T15:53:12.538+0000] {logging_mixin.py:188} INFO - [2024-05-05T15:53:12.538+0000] {dag.py:3096} INFO - Sync 1 DAGs
[2024-05-05T15:53:12.567+0000] {logging_mixin.py:188} INFO - [2024-05-05T15:53:12.567+0000] {dag.py:3954} INFO - Setting next_dagrun for example_short_circuit_operator to 2024-05-04 00:00:00+00:00, run_after=2024-05-05 00:00:00+00:00
[2024-05-05T15:53:12.602+0000] {processor.py:183} INFO - Processing /home/airflow/.local/lib/python3.12/site-packages/airflow/example_dags/example_short_circuit_operator.py took 0.114 seconds
[2024-05-05T15:53:43.089+0000] {processor.py:161} INFO - Started process (PID=2375) to work on /home/airflow/.local/lib/python3.12/site-packages/airflow/example_dags/example_short_circuit_operator.py
[2024-05-05T15:53:43.090+0000] {processor.py:830} INFO - Processing file /home/airflow/.local/lib/python3.12/site-packages/airflow/example_dags/example_short_circuit_operator.py for tasks to queue
[2024-05-05T15:53:43.091+0000] {logging_mixin.py:188} INFO - [2024-05-05T15:53:43.091+0000] {dagbag.py:540} INFO - Filling up the DagBag from /home/airflow/.local/lib/python3.12/site-packages/airflow/example_dags/example_short_circuit_operator.py
[2024-05-05T15:53:43.098+0000] {processor.py:840} INFO - DAG(s) 'example_short_circuit_operator' retrieved from /home/airflow/.local/lib/python3.12/site-packages/airflow/example_dags/example_short_circuit_operator.py
[2024-05-05T15:53:43.120+0000] {logging_mixin.py:188} INFO - [2024-05-05T15:53:43.120+0000] {dag.py:3096} INFO - Sync 1 DAGs
[2024-05-05T15:53:43.140+0000] {logging_mixin.py:188} INFO - [2024-05-05T15:53:43.140+0000] {dag.py:3954} INFO - Setting next_dagrun for example_short_circuit_operator to 2024-05-04 00:00:00+00:00, run_after=2024-05-05 00:00:00+00:00
[2024-05-05T15:53:43.160+0000] {processor.py:183} INFO - Processing /home/airflow/.local/lib/python3.12/site-packages/airflow/example_dags/example_short_circuit_operator.py took 0.076 seconds
[2024-05-05T15:54:14.009+0000] {processor.py:161} INFO - Started process (PID=2436) to work on /home/airflow/.local/lib/python3.12/site-packages/airflow/example_dags/example_short_circuit_operator.py
[2024-05-05T15:54:14.010+0000] {processor.py:830} INFO - Processing file /home/airflow/.local/lib/python3.12/site-packages/airflow/example_dags/example_short_circuit_operator.py for tasks to queue
[2024-05-05T15:54:14.012+0000] {logging_mixin.py:188} INFO - [2024-05-05T15:54:14.011+0000] {dagbag.py:540} INFO - Filling up the DagBag from /home/airflow/.local/lib/python3.12/site-packages/airflow/example_dags/example_short_circuit_operator.py
[2024-05-05T15:54:14.037+0000] {processor.py:840} INFO - DAG(s) 'example_short_circuit_operator' retrieved from /home/airflow/.local/lib/python3.12/site-packages/airflow/example_dags/example_short_circuit_operator.py
[2024-05-05T15:54:14.092+0000] {logging_mixin.py:188} INFO - [2024-05-05T15:54:14.091+0000] {dag.py:3096} INFO - Sync 1 DAGs
[2024-05-05T15:54:14.130+0000] {logging_mixin.py:188} INFO - [2024-05-05T15:54:14.130+0000] {dag.py:3954} INFO - Setting next_dagrun for example_short_circuit_operator to 2024-05-04 00:00:00+00:00, run_after=2024-05-05 00:00:00+00:00
[2024-05-05T15:54:14.160+0000] {processor.py:183} INFO - Processing /home/airflow/.local/lib/python3.12/site-packages/airflow/example_dags/example_short_circuit_operator.py took 0.167 seconds
[2024-05-05T15:54:44.617+0000] {processor.py:161} INFO - Started process (PID=2496) to work on /home/airflow/.local/lib/python3.12/site-packages/airflow/example_dags/example_short_circuit_operator.py
[2024-05-05T15:54:44.618+0000] {processor.py:830} INFO - Processing file /home/airflow/.local/lib/python3.12/site-packages/airflow/example_dags/example_short_circuit_operator.py for tasks to queue
[2024-05-05T15:54:44.620+0000] {logging_mixin.py:188} INFO - [2024-05-05T15:54:44.619+0000] {dagbag.py:540} INFO - Filling up the DagBag from /home/airflow/.local/lib/python3.12/site-packages/airflow/example_dags/example_short_circuit_operator.py
[2024-05-05T15:54:44.628+0000] {processor.py:840} INFO - DAG(s) 'example_short_circuit_operator' retrieved from /home/airflow/.local/lib/python3.12/site-packages/airflow/example_dags/example_short_circuit_operator.py
[2024-05-05T15:54:44.655+0000] {logging_mixin.py:188} INFO - [2024-05-05T15:54:44.655+0000] {dag.py:3096} INFO - Sync 1 DAGs
[2024-05-05T15:54:44.681+0000] {logging_mixin.py:188} INFO - [2024-05-05T15:54:44.681+0000] {dag.py:3954} INFO - Setting next_dagrun for example_short_circuit_operator to 2024-05-04 00:00:00+00:00, run_after=2024-05-05 00:00:00+00:00
[2024-05-05T15:54:44.705+0000] {processor.py:183} INFO - Processing /home/airflow/.local/lib/python3.12/site-packages/airflow/example_dags/example_short_circuit_operator.py took 0.095 seconds
[2024-05-05T15:55:15.275+0000] {processor.py:161} INFO - Started process (PID=2556) to work on /home/airflow/.local/lib/python3.12/site-packages/airflow/example_dags/example_short_circuit_operator.py
[2024-05-05T15:55:15.275+0000] {processor.py:830} INFO - Processing file /home/airflow/.local/lib/python3.12/site-packages/airflow/example_dags/example_short_circuit_operator.py for tasks to queue
[2024-05-05T15:55:15.284+0000] {logging_mixin.py:188} INFO - [2024-05-05T15:55:15.284+0000] {dagbag.py:540} INFO - Filling up the DagBag from /home/airflow/.local/lib/python3.12/site-packages/airflow/example_dags/example_short_circuit_operator.py
[2024-05-05T15:55:15.307+0000] {processor.py:840} INFO - DAG(s) 'example_short_circuit_operator' retrieved from /home/airflow/.local/lib/python3.12/site-packages/airflow/example_dags/example_short_circuit_operator.py
[2024-05-05T15:55:15.336+0000] {logging_mixin.py:188} INFO - [2024-05-05T15:55:15.336+0000] {dag.py:3096} INFO - Sync 1 DAGs
[2024-05-05T15:55:15.361+0000] {logging_mixin.py:188} INFO - [2024-05-05T15:55:15.360+0000] {dag.py:3954} INFO - Setting next_dagrun for example_short_circuit_operator to 2024-05-04 00:00:00+00:00, run_after=2024-05-05 00:00:00+00:00
[2024-05-05T15:55:15.384+0000] {processor.py:183} INFO - Processing /home/airflow/.local/lib/python3.12/site-packages/airflow/example_dags/example_short_circuit_operator.py took 0.116 seconds
[2024-05-05T15:55:46.173+0000] {processor.py:161} INFO - Started process (PID=2616) to work on /home/airflow/.local/lib/python3.12/site-packages/airflow/example_dags/example_short_circuit_operator.py
[2024-05-05T15:55:46.174+0000] {processor.py:830} INFO - Processing file /home/airflow/.local/lib/python3.12/site-packages/airflow/example_dags/example_short_circuit_operator.py for tasks to queue
[2024-05-05T15:55:46.176+0000] {logging_mixin.py:188} INFO - [2024-05-05T15:55:46.175+0000] {dagbag.py:540} INFO - Filling up the DagBag from /home/airflow/.local/lib/python3.12/site-packages/airflow/example_dags/example_short_circuit_operator.py
[2024-05-05T15:55:46.185+0000] {processor.py:840} INFO - DAG(s) 'example_short_circuit_operator' retrieved from /home/airflow/.local/lib/python3.12/site-packages/airflow/example_dags/example_short_circuit_operator.py
[2024-05-05T15:55:46.212+0000] {logging_mixin.py:188} INFO - [2024-05-05T15:55:46.212+0000] {dag.py:3096} INFO - Sync 1 DAGs
[2024-05-05T15:55:46.240+0000] {logging_mixin.py:188} INFO - [2024-05-05T15:55:46.240+0000] {dag.py:3954} INFO - Setting next_dagrun for example_short_circuit_operator to 2024-05-04 00:00:00+00:00, run_after=2024-05-05 00:00:00+00:00
[2024-05-05T15:55:46.268+0000] {processor.py:183} INFO - Processing /home/airflow/.local/lib/python3.12/site-packages/airflow/example_dags/example_short_circuit_operator.py took 0.100 seconds
[2024-05-05T15:56:17.477+0000] {processor.py:161} INFO - Started process (PID=2676) to work on /home/airflow/.local/lib/python3.12/site-packages/airflow/example_dags/example_short_circuit_operator.py
[2024-05-05T15:56:17.492+0000] {processor.py:830} INFO - Processing file /home/airflow/.local/lib/python3.12/site-packages/airflow/example_dags/example_short_circuit_operator.py for tasks to queue
[2024-05-05T15:56:17.494+0000] {logging_mixin.py:188} INFO - [2024-05-05T15:56:17.493+0000] {dagbag.py:540} INFO - Filling up the DagBag from /home/airflow/.local/lib/python3.12/site-packages/airflow/example_dags/example_short_circuit_operator.py
[2024-05-05T15:56:17.502+0000] {processor.py:840} INFO - DAG(s) 'example_short_circuit_operator' retrieved from /home/airflow/.local/lib/python3.12/site-packages/airflow/example_dags/example_short_circuit_operator.py
[2024-05-05T15:56:17.632+0000] {logging_mixin.py:188} INFO - [2024-05-05T15:56:17.632+0000] {dag.py:3096} INFO - Sync 1 DAGs
[2024-05-05T15:56:17.769+0000] {logging_mixin.py:188} INFO - [2024-05-05T15:56:17.769+0000] {dag.py:3954} INFO - Setting next_dagrun for example_short_circuit_operator to 2024-05-04 00:00:00+00:00, run_after=2024-05-05 00:00:00+00:00
[2024-05-05T15:56:17.882+0000] {processor.py:183} INFO - Processing /home/airflow/.local/lib/python3.12/site-packages/airflow/example_dags/example_short_circuit_operator.py took 0.420 seconds
[2024-05-05T15:56:48.309+0000] {processor.py:161} INFO - Started process (PID=2736) to work on /home/airflow/.local/lib/python3.12/site-packages/airflow/example_dags/example_short_circuit_operator.py
[2024-05-05T15:56:48.311+0000] {processor.py:830} INFO - Processing file /home/airflow/.local/lib/python3.12/site-packages/airflow/example_dags/example_short_circuit_operator.py for tasks to queue
[2024-05-05T15:56:48.314+0000] {logging_mixin.py:188} INFO - [2024-05-05T15:56:48.313+0000] {dagbag.py:540} INFO - Filling up the DagBag from /home/airflow/.local/lib/python3.12/site-packages/airflow/example_dags/example_short_circuit_operator.py
[2024-05-05T15:56:48.334+0000] {processor.py:840} INFO - DAG(s) 'example_short_circuit_operator' retrieved from /home/airflow/.local/lib/python3.12/site-packages/airflow/example_dags/example_short_circuit_operator.py
[2024-05-05T15:56:48.366+0000] {logging_mixin.py:188} INFO - [2024-05-05T15:56:48.365+0000] {dag.py:3096} INFO - Sync 1 DAGs
[2024-05-05T15:56:48.394+0000] {logging_mixin.py:188} INFO - [2024-05-05T15:56:48.394+0000] {dag.py:3954} INFO - Setting next_dagrun for example_short_circuit_operator to 2024-05-04 00:00:00+00:00, run_after=2024-05-05 00:00:00+00:00
[2024-05-05T15:56:48.419+0000] {processor.py:183} INFO - Processing /home/airflow/.local/lib/python3.12/site-packages/airflow/example_dags/example_short_circuit_operator.py took 0.117 seconds
[2024-05-05T15:57:18.816+0000] {processor.py:161} INFO - Started process (PID=2796) to work on /home/airflow/.local/lib/python3.12/site-packages/airflow/example_dags/example_short_circuit_operator.py
[2024-05-05T15:57:18.817+0000] {processor.py:830} INFO - Processing file /home/airflow/.local/lib/python3.12/site-packages/airflow/example_dags/example_short_circuit_operator.py for tasks to queue
[2024-05-05T15:57:18.818+0000] {logging_mixin.py:188} INFO - [2024-05-05T15:57:18.818+0000] {dagbag.py:540} INFO - Filling up the DagBag from /home/airflow/.local/lib/python3.12/site-packages/airflow/example_dags/example_short_circuit_operator.py
[2024-05-05T15:57:18.846+0000] {processor.py:840} INFO - DAG(s) 'example_short_circuit_operator' retrieved from /home/airflow/.local/lib/python3.12/site-packages/airflow/example_dags/example_short_circuit_operator.py
[2024-05-05T15:57:18.904+0000] {logging_mixin.py:188} INFO - [2024-05-05T15:57:18.904+0000] {dag.py:3096} INFO - Sync 1 DAGs
[2024-05-05T15:57:18.946+0000] {logging_mixin.py:188} INFO - [2024-05-05T15:57:18.945+0000] {dag.py:3954} INFO - Setting next_dagrun for example_short_circuit_operator to 2024-05-04 00:00:00+00:00, run_after=2024-05-05 00:00:00+00:00
[2024-05-05T15:57:18.972+0000] {processor.py:183} INFO - Processing /home/airflow/.local/lib/python3.12/site-packages/airflow/example_dags/example_short_circuit_operator.py took 0.170 seconds
[2024-05-05T15:57:49.192+0000] {processor.py:161} INFO - Started process (PID=2856) to work on /home/airflow/.local/lib/python3.12/site-packages/airflow/example_dags/example_short_circuit_operator.py
[2024-05-05T15:57:49.193+0000] {processor.py:830} INFO - Processing file /home/airflow/.local/lib/python3.12/site-packages/airflow/example_dags/example_short_circuit_operator.py for tasks to queue
[2024-05-05T15:57:49.195+0000] {logging_mixin.py:188} INFO - [2024-05-05T15:57:49.194+0000] {dagbag.py:540} INFO - Filling up the DagBag from /home/airflow/.local/lib/python3.12/site-packages/airflow/example_dags/example_short_circuit_operator.py
[2024-05-05T15:57:49.203+0000] {processor.py:840} INFO - DAG(s) 'example_short_circuit_operator' retrieved from /home/airflow/.local/lib/python3.12/site-packages/airflow/example_dags/example_short_circuit_operator.py
[2024-05-05T15:57:49.233+0000] {logging_mixin.py:188} INFO - [2024-05-05T15:57:49.233+0000] {dag.py:3096} INFO - Sync 1 DAGs
[2024-05-05T15:57:49.263+0000] {logging_mixin.py:188} INFO - [2024-05-05T15:57:49.262+0000] {dag.py:3954} INFO - Setting next_dagrun for example_short_circuit_operator to 2024-05-04 00:00:00+00:00, run_after=2024-05-05 00:00:00+00:00
[2024-05-05T15:57:49.288+0000] {processor.py:183} INFO - Processing /home/airflow/.local/lib/python3.12/site-packages/airflow/example_dags/example_short_circuit_operator.py took 0.104 seconds
[2024-05-05T15:58:19.684+0000] {processor.py:161} INFO - Started process (PID=2918) to work on /home/airflow/.local/lib/python3.12/site-packages/airflow/example_dags/example_short_circuit_operator.py
[2024-05-05T15:58:19.685+0000] {processor.py:830} INFO - Processing file /home/airflow/.local/lib/python3.12/site-packages/airflow/example_dags/example_short_circuit_operator.py for tasks to queue
[2024-05-05T15:58:19.687+0000] {logging_mixin.py:188} INFO - [2024-05-05T15:58:19.687+0000] {dagbag.py:540} INFO - Filling up the DagBag from /home/airflow/.local/lib/python3.12/site-packages/airflow/example_dags/example_short_circuit_operator.py
[2024-05-05T15:58:19.695+0000] {processor.py:840} INFO - DAG(s) 'example_short_circuit_operator' retrieved from /home/airflow/.local/lib/python3.12/site-packages/airflow/example_dags/example_short_circuit_operator.py
[2024-05-05T15:58:19.742+0000] {logging_mixin.py:188} INFO - [2024-05-05T15:58:19.742+0000] {dag.py:3096} INFO - Sync 1 DAGs
[2024-05-05T15:58:19.787+0000] {logging_mixin.py:188} INFO - [2024-05-05T15:58:19.787+0000] {dag.py:3954} INFO - Setting next_dagrun for example_short_circuit_operator to 2024-05-04 00:00:00+00:00, run_after=2024-05-05 00:00:00+00:00
[2024-05-05T15:58:19.815+0000] {processor.py:183} INFO - Processing /home/airflow/.local/lib/python3.12/site-packages/airflow/example_dags/example_short_circuit_operator.py took 0.138 seconds
[2024-05-05T15:58:50.945+0000] {processor.py:161} INFO - Started process (PID=2979) to work on /home/airflow/.local/lib/python3.12/site-packages/airflow/example_dags/example_short_circuit_operator.py
[2024-05-05T15:58:50.959+0000] {processor.py:830} INFO - Processing file /home/airflow/.local/lib/python3.12/site-packages/airflow/example_dags/example_short_circuit_operator.py for tasks to queue
[2024-05-05T15:58:50.968+0000] {logging_mixin.py:188} INFO - [2024-05-05T15:58:50.968+0000] {dagbag.py:540} INFO - Filling up the DagBag from /home/airflow/.local/lib/python3.12/site-packages/airflow/example_dags/example_short_circuit_operator.py
[2024-05-05T15:58:51.001+0000] {processor.py:840} INFO - DAG(s) 'example_short_circuit_operator' retrieved from /home/airflow/.local/lib/python3.12/site-packages/airflow/example_dags/example_short_circuit_operator.py
[2024-05-05T15:58:51.069+0000] {logging_mixin.py:188} INFO - [2024-05-05T15:58:51.068+0000] {dag.py:3096} INFO - Sync 1 DAGs
[2024-05-05T15:58:51.115+0000] {logging_mixin.py:188} INFO - [2024-05-05T15:58:51.114+0000] {dag.py:3954} INFO - Setting next_dagrun for example_short_circuit_operator to 2024-05-04 00:00:00+00:00, run_after=2024-05-05 00:00:00+00:00
[2024-05-05T15:58:51.153+0000] {processor.py:183} INFO - Processing /home/airflow/.local/lib/python3.12/site-packages/airflow/example_dags/example_short_circuit_operator.py took 0.225 seconds
[2024-05-05T15:59:23.551+0000] {processor.py:161} INFO - Started process (PID=3040) to work on /home/airflow/.local/lib/python3.12/site-packages/airflow/example_dags/example_short_circuit_operator.py
[2024-05-05T15:59:23.565+0000] {processor.py:830} INFO - Processing file /home/airflow/.local/lib/python3.12/site-packages/airflow/example_dags/example_short_circuit_operator.py for tasks to queue
[2024-05-05T15:59:23.568+0000] {logging_mixin.py:188} INFO - [2024-05-05T15:59:23.568+0000] {dagbag.py:540} INFO - Filling up the DagBag from /home/airflow/.local/lib/python3.12/site-packages/airflow/example_dags/example_short_circuit_operator.py
[2024-05-05T15:59:23.625+0000] {processor.py:840} INFO - DAG(s) 'example_short_circuit_operator' retrieved from /home/airflow/.local/lib/python3.12/site-packages/airflow/example_dags/example_short_circuit_operator.py
[2024-05-05T15:59:23.722+0000] {logging_mixin.py:188} INFO - [2024-05-05T15:59:23.722+0000] {dag.py:3096} INFO - Sync 1 DAGs
[2024-05-05T15:59:23.873+0000] {logging_mixin.py:188} INFO - [2024-05-05T15:59:23.873+0000] {dag.py:3954} INFO - Setting next_dagrun for example_short_circuit_operator to 2024-05-04 00:00:00+00:00, run_after=2024-05-05 00:00:00+00:00
[2024-05-05T15:59:23.966+0000] {processor.py:183} INFO - Processing /home/airflow/.local/lib/python3.12/site-packages/airflow/example_dags/example_short_circuit_operator.py took 0.428 seconds
[2024-05-05T15:59:56.122+0000] {processor.py:161} INFO - Started process (PID=3101) to work on /home/airflow/.local/lib/python3.12/site-packages/airflow/example_dags/example_short_circuit_operator.py
[2024-05-05T15:59:56.123+0000] {processor.py:830} INFO - Processing file /home/airflow/.local/lib/python3.12/site-packages/airflow/example_dags/example_short_circuit_operator.py for tasks to queue
[2024-05-05T15:59:56.147+0000] {logging_mixin.py:188} INFO - [2024-05-05T15:59:56.147+0000] {dagbag.py:540} INFO - Filling up the DagBag from /home/airflow/.local/lib/python3.12/site-packages/airflow/example_dags/example_short_circuit_operator.py
[2024-05-05T15:59:56.171+0000] {processor.py:840} INFO - DAG(s) 'example_short_circuit_operator' retrieved from /home/airflow/.local/lib/python3.12/site-packages/airflow/example_dags/example_short_circuit_operator.py
[2024-05-05T15:59:56.346+0000] {logging_mixin.py:188} INFO - [2024-05-05T15:59:56.346+0000] {dag.py:3096} INFO - Sync 1 DAGs
[2024-05-05T15:59:56.456+0000] {logging_mixin.py:188} INFO - [2024-05-05T15:59:56.455+0000] {dag.py:3954} INFO - Setting next_dagrun for example_short_circuit_operator to 2024-05-04 00:00:00+00:00, run_after=2024-05-05 00:00:00+00:00
[2024-05-05T15:59:56.536+0000] {processor.py:183} INFO - Processing /home/airflow/.local/lib/python3.12/site-packages/airflow/example_dags/example_short_circuit_operator.py took 0.428 seconds
