[2024-05-05T15:33:15.569+0000] {processor.py:161} INFO - Started process (PID=35) to work on /home/airflow/.local/lib/python3.12/site-packages/airflow/example_dags/example_time_delta_sensor_async.py
[2024-05-05T15:33:15.571+0000] {processor.py:830} INFO - Processing file /home/airflow/.local/lib/python3.12/site-packages/airflow/example_dags/example_time_delta_sensor_async.py for tasks to queue
[2024-05-05T15:33:15.578+0000] {logging_mixin.py:188} INFO - [2024-05-05T15:33:15.577+0000] {dagbag.py:540} INFO - Filling up the DagBag from /home/airflow/.local/lib/python3.12/site-packages/airflow/example_dags/example_time_delta_sensor_async.py
[2024-05-05T15:33:15.607+0000] {processor.py:840} INFO - DAG(s) 'example_time_delta_sensor_async' retrieved from /home/airflow/.local/lib/python3.12/site-packages/airflow/example_dags/example_time_delta_sensor_async.py
[2024-05-05T15:33:16.133+0000] {logging_mixin.py:188} INFO - [2024-05-05T15:33:16.132+0000] {override.py:1829} INFO - Created Permission View: can edit on DAG:example_time_delta_sensor_async
[2024-05-05T15:33:16.182+0000] {logging_mixin.py:188} INFO - [2024-05-05T15:33:16.182+0000] {override.py:1829} INFO - Created Permission View: can read on DAG:example_time_delta_sensor_async
[2024-05-05T15:33:16.200+0000] {logging_mixin.py:188} INFO - [2024-05-05T15:33:16.199+0000] {override.py:1829} INFO - Created Permission View: can delete on DAG:example_time_delta_sensor_async
[2024-05-05T15:33:16.200+0000] {logging_mixin.py:188} INFO - [2024-05-05T15:33:16.200+0000] {dag.py:3096} INFO - Sync 1 DAGs
[2024-05-05T15:33:16.245+0000] {logging_mixin.py:188} INFO - [2024-05-05T15:33:16.245+0000] {dag.py:3118} INFO - Creating ORM DAG for example_time_delta_sensor_async
[2024-05-05T15:33:16.246+0000] {logging_mixin.py:188} INFO - [2024-05-05T15:33:16.246+0000] {dag.py:3954} INFO - Setting next_dagrun for example_time_delta_sensor_async to None, run_after=None
[2024-05-05T15:33:16.320+0000] {processor.py:183} INFO - Processing /home/airflow/.local/lib/python3.12/site-packages/airflow/example_dags/example_time_delta_sensor_async.py took 0.793 seconds
[2024-05-05T15:33:46.860+0000] {processor.py:161} INFO - Started process (PID=93) to work on /home/airflow/.local/lib/python3.12/site-packages/airflow/example_dags/example_time_delta_sensor_async.py
[2024-05-05T15:33:46.861+0000] {processor.py:830} INFO - Processing file /home/airflow/.local/lib/python3.12/site-packages/airflow/example_dags/example_time_delta_sensor_async.py for tasks to queue
[2024-05-05T15:33:46.863+0000] {logging_mixin.py:188} INFO - [2024-05-05T15:33:46.863+0000] {dagbag.py:540} INFO - Filling up the DagBag from /home/airflow/.local/lib/python3.12/site-packages/airflow/example_dags/example_time_delta_sensor_async.py
[2024-05-05T15:33:46.867+0000] {processor.py:840} INFO - DAG(s) 'example_time_delta_sensor_async' retrieved from /home/airflow/.local/lib/python3.12/site-packages/airflow/example_dags/example_time_delta_sensor_async.py
[2024-05-05T15:33:46.901+0000] {logging_mixin.py:188} INFO - [2024-05-05T15:33:46.901+0000] {dag.py:3096} INFO - Sync 1 DAGs
[2024-05-05T15:33:46.923+0000] {logging_mixin.py:188} INFO - [2024-05-05T15:33:46.923+0000] {dag.py:3954} INFO - Setting next_dagrun for example_time_delta_sensor_async to None, run_after=None
[2024-05-05T15:33:46.956+0000] {processor.py:183} INFO - Processing /home/airflow/.local/lib/python3.12/site-packages/airflow/example_dags/example_time_delta_sensor_async.py took 0.103 seconds
[2024-05-05T15:34:17.019+0000] {processor.py:161} INFO - Started process (PID=151) to work on /home/airflow/.local/lib/python3.12/site-packages/airflow/example_dags/example_time_delta_sensor_async.py
[2024-05-05T15:34:17.023+0000] {processor.py:830} INFO - Processing file /home/airflow/.local/lib/python3.12/site-packages/airflow/example_dags/example_time_delta_sensor_async.py for tasks to queue
[2024-05-05T15:34:17.025+0000] {logging_mixin.py:188} INFO - [2024-05-05T15:34:17.025+0000] {dagbag.py:540} INFO - Filling up the DagBag from /home/airflow/.local/lib/python3.12/site-packages/airflow/example_dags/example_time_delta_sensor_async.py
[2024-05-05T15:34:17.033+0000] {processor.py:840} INFO - DAG(s) 'example_time_delta_sensor_async' retrieved from /home/airflow/.local/lib/python3.12/site-packages/airflow/example_dags/example_time_delta_sensor_async.py
[2024-05-05T15:34:17.064+0000] {logging_mixin.py:188} INFO - [2024-05-05T15:34:17.064+0000] {dag.py:3096} INFO - Sync 1 DAGs
[2024-05-05T15:34:17.089+0000] {logging_mixin.py:188} INFO - [2024-05-05T15:34:17.089+0000] {dag.py:3954} INFO - Setting next_dagrun for example_time_delta_sensor_async to None, run_after=None
[2024-05-05T15:34:17.127+0000] {processor.py:183} INFO - Processing /home/airflow/.local/lib/python3.12/site-packages/airflow/example_dags/example_time_delta_sensor_async.py took 0.117 seconds
[2024-05-05T15:34:47.894+0000] {processor.py:161} INFO - Started process (PID=209) to work on /home/airflow/.local/lib/python3.12/site-packages/airflow/example_dags/example_time_delta_sensor_async.py
[2024-05-05T15:34:47.910+0000] {processor.py:830} INFO - Processing file /home/airflow/.local/lib/python3.12/site-packages/airflow/example_dags/example_time_delta_sensor_async.py for tasks to queue
[2024-05-05T15:34:47.912+0000] {logging_mixin.py:188} INFO - [2024-05-05T15:34:47.912+0000] {dagbag.py:540} INFO - Filling up the DagBag from /home/airflow/.local/lib/python3.12/site-packages/airflow/example_dags/example_time_delta_sensor_async.py
[2024-05-05T15:34:48.005+0000] {processor.py:840} INFO - DAG(s) 'example_time_delta_sensor_async' retrieved from /home/airflow/.local/lib/python3.12/site-packages/airflow/example_dags/example_time_delta_sensor_async.py
[2024-05-05T15:34:48.185+0000] {logging_mixin.py:188} INFO - [2024-05-05T15:34:48.185+0000] {dag.py:3096} INFO - Sync 1 DAGs
[2024-05-05T15:34:48.248+0000] {logging_mixin.py:188} INFO - [2024-05-05T15:34:48.247+0000] {dag.py:3954} INFO - Setting next_dagrun for example_time_delta_sensor_async to None, run_after=None
[2024-05-05T15:34:48.311+0000] {processor.py:183} INFO - Processing /home/airflow/.local/lib/python3.12/site-packages/airflow/example_dags/example_time_delta_sensor_async.py took 0.456 seconds
[2024-05-05T15:35:18.388+0000] {processor.py:161} INFO - Started process (PID=265) to work on /home/airflow/.local/lib/python3.12/site-packages/airflow/example_dags/example_time_delta_sensor_async.py
[2024-05-05T15:35:18.391+0000] {processor.py:830} INFO - Processing file /home/airflow/.local/lib/python3.12/site-packages/airflow/example_dags/example_time_delta_sensor_async.py for tasks to queue
[2024-05-05T15:35:18.394+0000] {logging_mixin.py:188} INFO - [2024-05-05T15:35:18.393+0000] {dagbag.py:540} INFO - Filling up the DagBag from /home/airflow/.local/lib/python3.12/site-packages/airflow/example_dags/example_time_delta_sensor_async.py
[2024-05-05T15:35:18.404+0000] {processor.py:840} INFO - DAG(s) 'example_time_delta_sensor_async' retrieved from /home/airflow/.local/lib/python3.12/site-packages/airflow/example_dags/example_time_delta_sensor_async.py
[2024-05-05T15:35:18.486+0000] {logging_mixin.py:188} INFO - [2024-05-05T15:35:18.485+0000] {dag.py:3096} INFO - Sync 1 DAGs
[2024-05-05T15:35:18.533+0000] {logging_mixin.py:188} INFO - [2024-05-05T15:35:18.533+0000] {dag.py:3954} INFO - Setting next_dagrun for example_time_delta_sensor_async to None, run_after=None
[2024-05-05T15:35:18.607+0000] {processor.py:183} INFO - Processing /home/airflow/.local/lib/python3.12/site-packages/airflow/example_dags/example_time_delta_sensor_async.py took 0.233 seconds
[2024-05-05T15:35:49.100+0000] {processor.py:161} INFO - Started process (PID=329) to work on /home/airflow/.local/lib/python3.12/site-packages/airflow/example_dags/example_time_delta_sensor_async.py
[2024-05-05T15:35:49.101+0000] {processor.py:830} INFO - Processing file /home/airflow/.local/lib/python3.12/site-packages/airflow/example_dags/example_time_delta_sensor_async.py for tasks to queue
[2024-05-05T15:35:49.102+0000] {logging_mixin.py:188} INFO - [2024-05-05T15:35:49.102+0000] {dagbag.py:540} INFO - Filling up the DagBag from /home/airflow/.local/lib/python3.12/site-packages/airflow/example_dags/example_time_delta_sensor_async.py
[2024-05-05T15:35:49.110+0000] {processor.py:840} INFO - DAG(s) 'example_time_delta_sensor_async' retrieved from /home/airflow/.local/lib/python3.12/site-packages/airflow/example_dags/example_time_delta_sensor_async.py
[2024-05-05T15:35:49.132+0000] {logging_mixin.py:188} INFO - [2024-05-05T15:35:49.132+0000] {dag.py:3096} INFO - Sync 1 DAGs
[2024-05-05T15:35:49.147+0000] {logging_mixin.py:188} INFO - [2024-05-05T15:35:49.147+0000] {dag.py:3954} INFO - Setting next_dagrun for example_time_delta_sensor_async to None, run_after=None
[2024-05-05T15:35:49.172+0000] {processor.py:183} INFO - Processing /home/airflow/.local/lib/python3.12/site-packages/airflow/example_dags/example_time_delta_sensor_async.py took 0.078 seconds
[2024-05-05T15:36:19.685+0000] {processor.py:161} INFO - Started process (PID=388) to work on /home/airflow/.local/lib/python3.12/site-packages/airflow/example_dags/example_time_delta_sensor_async.py
[2024-05-05T15:36:19.686+0000] {processor.py:830} INFO - Processing file /home/airflow/.local/lib/python3.12/site-packages/airflow/example_dags/example_time_delta_sensor_async.py for tasks to queue
[2024-05-05T15:36:19.687+0000] {logging_mixin.py:188} INFO - [2024-05-05T15:36:19.687+0000] {dagbag.py:540} INFO - Filling up the DagBag from /home/airflow/.local/lib/python3.12/site-packages/airflow/example_dags/example_time_delta_sensor_async.py
[2024-05-05T15:36:19.692+0000] {processor.py:840} INFO - DAG(s) 'example_time_delta_sensor_async' retrieved from /home/airflow/.local/lib/python3.12/site-packages/airflow/example_dags/example_time_delta_sensor_async.py
[2024-05-05T15:36:19.713+0000] {logging_mixin.py:188} INFO - [2024-05-05T15:36:19.713+0000] {dag.py:3096} INFO - Sync 1 DAGs
[2024-05-05T15:36:19.731+0000] {logging_mixin.py:188} INFO - [2024-05-05T15:36:19.731+0000] {dag.py:3954} INFO - Setting next_dagrun for example_time_delta_sensor_async to None, run_after=None
[2024-05-05T15:36:19.757+0000] {processor.py:183} INFO - Processing /home/airflow/.local/lib/python3.12/site-packages/airflow/example_dags/example_time_delta_sensor_async.py took 0.079 seconds
[2024-05-05T15:36:49.913+0000] {processor.py:161} INFO - Started process (PID=446) to work on /home/airflow/.local/lib/python3.12/site-packages/airflow/example_dags/example_time_delta_sensor_async.py
[2024-05-05T15:36:49.913+0000] {processor.py:830} INFO - Processing file /home/airflow/.local/lib/python3.12/site-packages/airflow/example_dags/example_time_delta_sensor_async.py for tasks to queue
[2024-05-05T15:36:49.915+0000] {logging_mixin.py:188} INFO - [2024-05-05T15:36:49.915+0000] {dagbag.py:540} INFO - Filling up the DagBag from /home/airflow/.local/lib/python3.12/site-packages/airflow/example_dags/example_time_delta_sensor_async.py
[2024-05-05T15:36:49.921+0000] {processor.py:840} INFO - DAG(s) 'example_time_delta_sensor_async' retrieved from /home/airflow/.local/lib/python3.12/site-packages/airflow/example_dags/example_time_delta_sensor_async.py
[2024-05-05T15:36:49.941+0000] {logging_mixin.py:188} INFO - [2024-05-05T15:36:49.941+0000] {dag.py:3096} INFO - Sync 1 DAGs
[2024-05-05T15:36:49.957+0000] {logging_mixin.py:188} INFO - [2024-05-05T15:36:49.956+0000] {dag.py:3954} INFO - Setting next_dagrun for example_time_delta_sensor_async to None, run_after=None
[2024-05-05T15:36:49.982+0000] {processor.py:183} INFO - Processing /home/airflow/.local/lib/python3.12/site-packages/airflow/example_dags/example_time_delta_sensor_async.py took 0.079 seconds
[2024-05-05T15:37:20.669+0000] {processor.py:161} INFO - Started process (PID=505) to work on /home/airflow/.local/lib/python3.12/site-packages/airflow/example_dags/example_time_delta_sensor_async.py
[2024-05-05T15:37:20.669+0000] {processor.py:830} INFO - Processing file /home/airflow/.local/lib/python3.12/site-packages/airflow/example_dags/example_time_delta_sensor_async.py for tasks to queue
[2024-05-05T15:37:20.672+0000] {logging_mixin.py:188} INFO - [2024-05-05T15:37:20.672+0000] {dagbag.py:540} INFO - Filling up the DagBag from /home/airflow/.local/lib/python3.12/site-packages/airflow/example_dags/example_time_delta_sensor_async.py
[2024-05-05T15:37:20.677+0000] {processor.py:840} INFO - DAG(s) 'example_time_delta_sensor_async' retrieved from /home/airflow/.local/lib/python3.12/site-packages/airflow/example_dags/example_time_delta_sensor_async.py
[2024-05-05T15:37:20.744+0000] {logging_mixin.py:188} INFO - [2024-05-05T15:37:20.741+0000] {dag.py:3096} INFO - Sync 1 DAGs
[2024-05-05T15:37:20.794+0000] {logging_mixin.py:188} INFO - [2024-05-05T15:37:20.778+0000] {dag.py:3954} INFO - Setting next_dagrun for example_time_delta_sensor_async to None, run_after=None
[2024-05-05T15:37:20.872+0000] {processor.py:183} INFO - Processing /home/airflow/.local/lib/python3.12/site-packages/airflow/example_dags/example_time_delta_sensor_async.py took 0.231 seconds
[2024-05-05T15:37:51.690+0000] {processor.py:161} INFO - Started process (PID=564) to work on /home/airflow/.local/lib/python3.12/site-packages/airflow/example_dags/example_time_delta_sensor_async.py
[2024-05-05T15:37:51.691+0000] {processor.py:830} INFO - Processing file /home/airflow/.local/lib/python3.12/site-packages/airflow/example_dags/example_time_delta_sensor_async.py for tasks to queue
[2024-05-05T15:37:51.693+0000] {logging_mixin.py:188} INFO - [2024-05-05T15:37:51.693+0000] {dagbag.py:540} INFO - Filling up the DagBag from /home/airflow/.local/lib/python3.12/site-packages/airflow/example_dags/example_time_delta_sensor_async.py
[2024-05-05T15:37:51.698+0000] {processor.py:840} INFO - DAG(s) 'example_time_delta_sensor_async' retrieved from /home/airflow/.local/lib/python3.12/site-packages/airflow/example_dags/example_time_delta_sensor_async.py
[2024-05-05T15:37:51.722+0000] {logging_mixin.py:188} INFO - [2024-05-05T15:37:51.722+0000] {dag.py:3096} INFO - Sync 1 DAGs
[2024-05-05T15:37:51.738+0000] {logging_mixin.py:188} INFO - [2024-05-05T15:37:51.737+0000] {dag.py:3954} INFO - Setting next_dagrun for example_time_delta_sensor_async to None, run_after=None
[2024-05-05T15:37:51.763+0000] {processor.py:183} INFO - Processing /home/airflow/.local/lib/python3.12/site-packages/airflow/example_dags/example_time_delta_sensor_async.py took 0.079 seconds
[2024-05-05T15:38:22.620+0000] {processor.py:161} INFO - Started process (PID=622) to work on /home/airflow/.local/lib/python3.12/site-packages/airflow/example_dags/example_time_delta_sensor_async.py
[2024-05-05T15:38:22.626+0000] {processor.py:830} INFO - Processing file /home/airflow/.local/lib/python3.12/site-packages/airflow/example_dags/example_time_delta_sensor_async.py for tasks to queue
[2024-05-05T15:38:22.630+0000] {logging_mixin.py:188} INFO - [2024-05-05T15:38:22.630+0000] {dagbag.py:540} INFO - Filling up the DagBag from /home/airflow/.local/lib/python3.12/site-packages/airflow/example_dags/example_time_delta_sensor_async.py
[2024-05-05T15:38:22.636+0000] {processor.py:840} INFO - DAG(s) 'example_time_delta_sensor_async' retrieved from /home/airflow/.local/lib/python3.12/site-packages/airflow/example_dags/example_time_delta_sensor_async.py
[2024-05-05T15:38:22.674+0000] {logging_mixin.py:188} INFO - [2024-05-05T15:38:22.673+0000] {dag.py:3096} INFO - Sync 1 DAGs
[2024-05-05T15:38:22.689+0000] {logging_mixin.py:188} INFO - [2024-05-05T15:38:22.689+0000] {dag.py:3954} INFO - Setting next_dagrun for example_time_delta_sensor_async to None, run_after=None
[2024-05-05T15:38:22.715+0000] {processor.py:183} INFO - Processing /home/airflow/.local/lib/python3.12/site-packages/airflow/example_dags/example_time_delta_sensor_async.py took 0.109 seconds
[2024-05-05T15:38:53.610+0000] {processor.py:161} INFO - Started process (PID=680) to work on /home/airflow/.local/lib/python3.12/site-packages/airflow/example_dags/example_time_delta_sensor_async.py
[2024-05-05T15:38:53.611+0000] {processor.py:830} INFO - Processing file /home/airflow/.local/lib/python3.12/site-packages/airflow/example_dags/example_time_delta_sensor_async.py for tasks to queue
[2024-05-05T15:38:53.613+0000] {logging_mixin.py:188} INFO - [2024-05-05T15:38:53.613+0000] {dagbag.py:540} INFO - Filling up the DagBag from /home/airflow/.local/lib/python3.12/site-packages/airflow/example_dags/example_time_delta_sensor_async.py
[2024-05-05T15:38:53.618+0000] {processor.py:840} INFO - DAG(s) 'example_time_delta_sensor_async' retrieved from /home/airflow/.local/lib/python3.12/site-packages/airflow/example_dags/example_time_delta_sensor_async.py
[2024-05-05T15:38:53.660+0000] {logging_mixin.py:188} INFO - [2024-05-05T15:38:53.660+0000] {dag.py:3096} INFO - Sync 1 DAGs
[2024-05-05T15:38:53.699+0000] {logging_mixin.py:188} INFO - [2024-05-05T15:38:53.699+0000] {dag.py:3954} INFO - Setting next_dagrun for example_time_delta_sensor_async to None, run_after=None
[2024-05-05T15:38:53.745+0000] {processor.py:183} INFO - Processing /home/airflow/.local/lib/python3.12/site-packages/airflow/example_dags/example_time_delta_sensor_async.py took 0.141 seconds
[2024-05-05T15:39:24.103+0000] {processor.py:161} INFO - Started process (PID=737) to work on /home/airflow/.local/lib/python3.12/site-packages/airflow/example_dags/example_time_delta_sensor_async.py
[2024-05-05T15:39:24.108+0000] {processor.py:830} INFO - Processing file /home/airflow/.local/lib/python3.12/site-packages/airflow/example_dags/example_time_delta_sensor_async.py for tasks to queue
[2024-05-05T15:39:24.110+0000] {logging_mixin.py:188} INFO - [2024-05-05T15:39:24.110+0000] {dagbag.py:540} INFO - Filling up the DagBag from /home/airflow/.local/lib/python3.12/site-packages/airflow/example_dags/example_time_delta_sensor_async.py
[2024-05-05T15:39:24.119+0000] {processor.py:840} INFO - DAG(s) 'example_time_delta_sensor_async' retrieved from /home/airflow/.local/lib/python3.12/site-packages/airflow/example_dags/example_time_delta_sensor_async.py
[2024-05-05T15:39:24.184+0000] {logging_mixin.py:188} INFO - [2024-05-05T15:39:24.184+0000] {dag.py:3096} INFO - Sync 1 DAGs
[2024-05-05T15:39:24.213+0000] {logging_mixin.py:188} INFO - [2024-05-05T15:39:24.212+0000] {dag.py:3954} INFO - Setting next_dagrun for example_time_delta_sensor_async to None, run_after=None
[2024-05-05T15:39:24.252+0000] {processor.py:183} INFO - Processing /home/airflow/.local/lib/python3.12/site-packages/airflow/example_dags/example_time_delta_sensor_async.py took 0.186 seconds
[2024-05-05T15:39:55.351+0000] {processor.py:161} INFO - Started process (PID=795) to work on /home/airflow/.local/lib/python3.12/site-packages/airflow/example_dags/example_time_delta_sensor_async.py
[2024-05-05T15:39:55.352+0000] {processor.py:830} INFO - Processing file /home/airflow/.local/lib/python3.12/site-packages/airflow/example_dags/example_time_delta_sensor_async.py for tasks to queue
[2024-05-05T15:39:55.354+0000] {logging_mixin.py:188} INFO - [2024-05-05T15:39:55.353+0000] {dagbag.py:540} INFO - Filling up the DagBag from /home/airflow/.local/lib/python3.12/site-packages/airflow/example_dags/example_time_delta_sensor_async.py
[2024-05-05T15:39:55.358+0000] {processor.py:840} INFO - DAG(s) 'example_time_delta_sensor_async' retrieved from /home/airflow/.local/lib/python3.12/site-packages/airflow/example_dags/example_time_delta_sensor_async.py
[2024-05-05T15:39:55.380+0000] {logging_mixin.py:188} INFO - [2024-05-05T15:39:55.380+0000] {dag.py:3096} INFO - Sync 1 DAGs
[2024-05-05T15:39:55.397+0000] {logging_mixin.py:188} INFO - [2024-05-05T15:39:55.396+0000] {dag.py:3954} INFO - Setting next_dagrun for example_time_delta_sensor_async to None, run_after=None
[2024-05-05T15:39:55.431+0000] {processor.py:183} INFO - Processing /home/airflow/.local/lib/python3.12/site-packages/airflow/example_dags/example_time_delta_sensor_async.py took 0.087 seconds
[2024-05-05T15:40:26.489+0000] {processor.py:161} INFO - Started process (PID=853) to work on /home/airflow/.local/lib/python3.12/site-packages/airflow/example_dags/example_time_delta_sensor_async.py
[2024-05-05T15:40:26.490+0000] {processor.py:830} INFO - Processing file /home/airflow/.local/lib/python3.12/site-packages/airflow/example_dags/example_time_delta_sensor_async.py for tasks to queue
[2024-05-05T15:40:26.492+0000] {logging_mixin.py:188} INFO - [2024-05-05T15:40:26.491+0000] {dagbag.py:540} INFO - Filling up the DagBag from /home/airflow/.local/lib/python3.12/site-packages/airflow/example_dags/example_time_delta_sensor_async.py
[2024-05-05T15:40:26.496+0000] {processor.py:840} INFO - DAG(s) 'example_time_delta_sensor_async' retrieved from /home/airflow/.local/lib/python3.12/site-packages/airflow/example_dags/example_time_delta_sensor_async.py
[2024-05-05T15:40:26.518+0000] {logging_mixin.py:188} INFO - [2024-05-05T15:40:26.517+0000] {dag.py:3096} INFO - Sync 1 DAGs
[2024-05-05T15:40:26.533+0000] {logging_mixin.py:188} INFO - [2024-05-05T15:40:26.533+0000] {dag.py:3954} INFO - Setting next_dagrun for example_time_delta_sensor_async to None, run_after=None
[2024-05-05T15:40:26.558+0000] {processor.py:183} INFO - Processing /home/airflow/.local/lib/python3.12/site-packages/airflow/example_dags/example_time_delta_sensor_async.py took 0.075 seconds
[2024-05-05T15:40:57.296+0000] {processor.py:161} INFO - Started process (PID=910) to work on /home/airflow/.local/lib/python3.12/site-packages/airflow/example_dags/example_time_delta_sensor_async.py
[2024-05-05T15:40:57.297+0000] {processor.py:830} INFO - Processing file /home/airflow/.local/lib/python3.12/site-packages/airflow/example_dags/example_time_delta_sensor_async.py for tasks to queue
[2024-05-05T15:40:57.299+0000] {logging_mixin.py:188} INFO - [2024-05-05T15:40:57.299+0000] {dagbag.py:540} INFO - Filling up the DagBag from /home/airflow/.local/lib/python3.12/site-packages/airflow/example_dags/example_time_delta_sensor_async.py
[2024-05-05T15:40:57.306+0000] {processor.py:840} INFO - DAG(s) 'example_time_delta_sensor_async' retrieved from /home/airflow/.local/lib/python3.12/site-packages/airflow/example_dags/example_time_delta_sensor_async.py
[2024-05-05T15:40:57.340+0000] {logging_mixin.py:188} INFO - [2024-05-05T15:40:57.339+0000] {dag.py:3096} INFO - Sync 1 DAGs
[2024-05-05T15:40:57.378+0000] {logging_mixin.py:188} INFO - [2024-05-05T15:40:57.377+0000] {dag.py:3954} INFO - Setting next_dagrun for example_time_delta_sensor_async to None, run_after=None
[2024-05-05T15:40:57.410+0000] {processor.py:183} INFO - Processing /home/airflow/.local/lib/python3.12/site-packages/airflow/example_dags/example_time_delta_sensor_async.py took 0.124 seconds
[2024-05-05T15:41:28.072+0000] {processor.py:161} INFO - Started process (PID=969) to work on /home/airflow/.local/lib/python3.12/site-packages/airflow/example_dags/example_time_delta_sensor_async.py
[2024-05-05T15:41:28.072+0000] {processor.py:830} INFO - Processing file /home/airflow/.local/lib/python3.12/site-packages/airflow/example_dags/example_time_delta_sensor_async.py for tasks to queue
[2024-05-05T15:41:28.074+0000] {logging_mixin.py:188} INFO - [2024-05-05T15:41:28.074+0000] {dagbag.py:540} INFO - Filling up the DagBag from /home/airflow/.local/lib/python3.12/site-packages/airflow/example_dags/example_time_delta_sensor_async.py
[2024-05-05T15:41:28.077+0000] {processor.py:840} INFO - DAG(s) 'example_time_delta_sensor_async' retrieved from /home/airflow/.local/lib/python3.12/site-packages/airflow/example_dags/example_time_delta_sensor_async.py
[2024-05-05T15:41:28.094+0000] {logging_mixin.py:188} INFO - [2024-05-05T15:41:28.094+0000] {dag.py:3096} INFO - Sync 1 DAGs
[2024-05-05T15:41:28.105+0000] {logging_mixin.py:188} INFO - [2024-05-05T15:41:28.105+0000] {dag.py:3954} INFO - Setting next_dagrun for example_time_delta_sensor_async to None, run_after=None
[2024-05-05T15:41:28.126+0000] {processor.py:183} INFO - Processing /home/airflow/.local/lib/python3.12/site-packages/airflow/example_dags/example_time_delta_sensor_async.py took 0.059 seconds
[2024-05-05T15:41:58.345+0000] {processor.py:161} INFO - Started process (PID=1028) to work on /home/airflow/.local/lib/python3.12/site-packages/airflow/example_dags/example_time_delta_sensor_async.py
[2024-05-05T15:41:58.345+0000] {processor.py:830} INFO - Processing file /home/airflow/.local/lib/python3.12/site-packages/airflow/example_dags/example_time_delta_sensor_async.py for tasks to queue
[2024-05-05T15:41:58.347+0000] {logging_mixin.py:188} INFO - [2024-05-05T15:41:58.346+0000] {dagbag.py:540} INFO - Filling up the DagBag from /home/airflow/.local/lib/python3.12/site-packages/airflow/example_dags/example_time_delta_sensor_async.py
[2024-05-05T15:41:58.350+0000] {processor.py:840} INFO - DAG(s) 'example_time_delta_sensor_async' retrieved from /home/airflow/.local/lib/python3.12/site-packages/airflow/example_dags/example_time_delta_sensor_async.py
[2024-05-05T15:41:58.366+0000] {logging_mixin.py:188} INFO - [2024-05-05T15:41:58.366+0000] {dag.py:3096} INFO - Sync 1 DAGs
[2024-05-05T15:41:58.376+0000] {logging_mixin.py:188} INFO - [2024-05-05T15:41:58.376+0000] {dag.py:3954} INFO - Setting next_dagrun for example_time_delta_sensor_async to None, run_after=None
[2024-05-05T15:41:58.396+0000] {processor.py:183} INFO - Processing /home/airflow/.local/lib/python3.12/site-packages/airflow/example_dags/example_time_delta_sensor_async.py took 0.056 seconds
[2024-05-05T15:42:28.742+0000] {processor.py:161} INFO - Started process (PID=1086) to work on /home/airflow/.local/lib/python3.12/site-packages/airflow/example_dags/example_time_delta_sensor_async.py
[2024-05-05T15:42:28.742+0000] {processor.py:830} INFO - Processing file /home/airflow/.local/lib/python3.12/site-packages/airflow/example_dags/example_time_delta_sensor_async.py for tasks to queue
[2024-05-05T15:42:28.744+0000] {logging_mixin.py:188} INFO - [2024-05-05T15:42:28.744+0000] {dagbag.py:540} INFO - Filling up the DagBag from /home/airflow/.local/lib/python3.12/site-packages/airflow/example_dags/example_time_delta_sensor_async.py
[2024-05-05T15:42:28.749+0000] {processor.py:840} INFO - DAG(s) 'example_time_delta_sensor_async' retrieved from /home/airflow/.local/lib/python3.12/site-packages/airflow/example_dags/example_time_delta_sensor_async.py
[2024-05-05T15:42:28.771+0000] {logging_mixin.py:188} INFO - [2024-05-05T15:42:28.770+0000] {dag.py:3096} INFO - Sync 1 DAGs
[2024-05-05T15:42:28.787+0000] {logging_mixin.py:188} INFO - [2024-05-05T15:42:28.787+0000] {dag.py:3954} INFO - Setting next_dagrun for example_time_delta_sensor_async to None, run_after=None
[2024-05-05T15:42:28.841+0000] {processor.py:183} INFO - Processing /home/airflow/.local/lib/python3.12/site-packages/airflow/example_dags/example_time_delta_sensor_async.py took 0.116 seconds
[2024-05-05T15:42:59.589+0000] {processor.py:161} INFO - Started process (PID=1144) to work on /home/airflow/.local/lib/python3.12/site-packages/airflow/example_dags/example_time_delta_sensor_async.py
[2024-05-05T15:42:59.591+0000] {processor.py:830} INFO - Processing file /home/airflow/.local/lib/python3.12/site-packages/airflow/example_dags/example_time_delta_sensor_async.py for tasks to queue
[2024-05-05T15:42:59.594+0000] {logging_mixin.py:188} INFO - [2024-05-05T15:42:59.593+0000] {dagbag.py:540} INFO - Filling up the DagBag from /home/airflow/.local/lib/python3.12/site-packages/airflow/example_dags/example_time_delta_sensor_async.py
[2024-05-05T15:42:59.600+0000] {processor.py:840} INFO - DAG(s) 'example_time_delta_sensor_async' retrieved from /home/airflow/.local/lib/python3.12/site-packages/airflow/example_dags/example_time_delta_sensor_async.py
[2024-05-05T15:42:59.692+0000] {logging_mixin.py:188} INFO - [2024-05-05T15:42:59.692+0000] {dag.py:3096} INFO - Sync 1 DAGs
[2024-05-05T15:42:59.817+0000] {logging_mixin.py:188} INFO - [2024-05-05T15:42:59.817+0000] {dag.py:3954} INFO - Setting next_dagrun for example_time_delta_sensor_async to None, run_after=None
[2024-05-05T15:42:59.952+0000] {processor.py:183} INFO - Processing /home/airflow/.local/lib/python3.12/site-packages/airflow/example_dags/example_time_delta_sensor_async.py took 0.386 seconds
[2024-05-05T15:43:30.560+0000] {processor.py:161} INFO - Started process (PID=1202) to work on /home/airflow/.local/lib/python3.12/site-packages/airflow/example_dags/example_time_delta_sensor_async.py
[2024-05-05T15:43:30.564+0000] {processor.py:830} INFO - Processing file /home/airflow/.local/lib/python3.12/site-packages/airflow/example_dags/example_time_delta_sensor_async.py for tasks to queue
[2024-05-05T15:43:30.572+0000] {logging_mixin.py:188} INFO - [2024-05-05T15:43:30.566+0000] {dagbag.py:540} INFO - Filling up the DagBag from /home/airflow/.local/lib/python3.12/site-packages/airflow/example_dags/example_time_delta_sensor_async.py
[2024-05-05T15:43:30.576+0000] {processor.py:840} INFO - DAG(s) 'example_time_delta_sensor_async' retrieved from /home/airflow/.local/lib/python3.12/site-packages/airflow/example_dags/example_time_delta_sensor_async.py
[2024-05-05T15:43:30.632+0000] {logging_mixin.py:188} INFO - [2024-05-05T15:43:30.632+0000] {dag.py:3096} INFO - Sync 1 DAGs
[2024-05-05T15:43:30.682+0000] {logging_mixin.py:188} INFO - [2024-05-05T15:43:30.681+0000] {dag.py:3954} INFO - Setting next_dagrun for example_time_delta_sensor_async to None, run_after=None
[2024-05-05T15:43:30.732+0000] {processor.py:183} INFO - Processing /home/airflow/.local/lib/python3.12/site-packages/airflow/example_dags/example_time_delta_sensor_async.py took 0.198 seconds
[2024-05-05T15:44:00.917+0000] {processor.py:161} INFO - Started process (PID=1260) to work on /home/airflow/.local/lib/python3.12/site-packages/airflow/example_dags/example_time_delta_sensor_async.py
[2024-05-05T15:44:00.918+0000] {processor.py:830} INFO - Processing file /home/airflow/.local/lib/python3.12/site-packages/airflow/example_dags/example_time_delta_sensor_async.py for tasks to queue
[2024-05-05T15:44:00.920+0000] {logging_mixin.py:188} INFO - [2024-05-05T15:44:00.919+0000] {dagbag.py:540} INFO - Filling up the DagBag from /home/airflow/.local/lib/python3.12/site-packages/airflow/example_dags/example_time_delta_sensor_async.py
[2024-05-05T15:44:00.924+0000] {processor.py:840} INFO - DAG(s) 'example_time_delta_sensor_async' retrieved from /home/airflow/.local/lib/python3.12/site-packages/airflow/example_dags/example_time_delta_sensor_async.py
[2024-05-05T15:44:00.956+0000] {logging_mixin.py:188} INFO - [2024-05-05T15:44:00.956+0000] {dag.py:3096} INFO - Sync 1 DAGs
[2024-05-05T15:44:00.973+0000] {logging_mixin.py:188} INFO - [2024-05-05T15:44:00.973+0000] {dag.py:3954} INFO - Setting next_dagrun for example_time_delta_sensor_async to None, run_after=None
[2024-05-05T15:44:00.999+0000] {processor.py:183} INFO - Processing /home/airflow/.local/lib/python3.12/site-packages/airflow/example_dags/example_time_delta_sensor_async.py took 0.088 seconds
[2024-05-05T15:44:31.165+0000] {processor.py:161} INFO - Started process (PID=1318) to work on /home/airflow/.local/lib/python3.12/site-packages/airflow/example_dags/example_time_delta_sensor_async.py
[2024-05-05T15:44:31.166+0000] {processor.py:830} INFO - Processing file /home/airflow/.local/lib/python3.12/site-packages/airflow/example_dags/example_time_delta_sensor_async.py for tasks to queue
[2024-05-05T15:44:31.167+0000] {logging_mixin.py:188} INFO - [2024-05-05T15:44:31.167+0000] {dagbag.py:540} INFO - Filling up the DagBag from /home/airflow/.local/lib/python3.12/site-packages/airflow/example_dags/example_time_delta_sensor_async.py
[2024-05-05T15:44:31.171+0000] {processor.py:840} INFO - DAG(s) 'example_time_delta_sensor_async' retrieved from /home/airflow/.local/lib/python3.12/site-packages/airflow/example_dags/example_time_delta_sensor_async.py
[2024-05-05T15:44:31.186+0000] {logging_mixin.py:188} INFO - [2024-05-05T15:44:31.186+0000] {dag.py:3096} INFO - Sync 1 DAGs
[2024-05-05T15:44:31.201+0000] {logging_mixin.py:188} INFO - [2024-05-05T15:44:31.201+0000] {dag.py:3954} INFO - Setting next_dagrun for example_time_delta_sensor_async to None, run_after=None
[2024-05-05T15:44:31.222+0000] {processor.py:183} INFO - Processing /home/airflow/.local/lib/python3.12/site-packages/airflow/example_dags/example_time_delta_sensor_async.py took 0.062 seconds
[2024-05-05T15:45:01.395+0000] {processor.py:161} INFO - Started process (PID=1375) to work on /home/airflow/.local/lib/python3.12/site-packages/airflow/example_dags/example_time_delta_sensor_async.py
[2024-05-05T15:45:01.396+0000] {processor.py:830} INFO - Processing file /home/airflow/.local/lib/python3.12/site-packages/airflow/example_dags/example_time_delta_sensor_async.py for tasks to queue
[2024-05-05T15:45:01.398+0000] {logging_mixin.py:188} INFO - [2024-05-05T15:45:01.398+0000] {dagbag.py:540} INFO - Filling up the DagBag from /home/airflow/.local/lib/python3.12/site-packages/airflow/example_dags/example_time_delta_sensor_async.py
[2024-05-05T15:45:01.406+0000] {processor.py:840} INFO - DAG(s) 'example_time_delta_sensor_async' retrieved from /home/airflow/.local/lib/python3.12/site-packages/airflow/example_dags/example_time_delta_sensor_async.py
[2024-05-05T15:45:01.426+0000] {logging_mixin.py:188} INFO - [2024-05-05T15:45:01.426+0000] {dag.py:3096} INFO - Sync 1 DAGs
[2024-05-05T15:45:01.442+0000] {logging_mixin.py:188} INFO - [2024-05-05T15:45:01.442+0000] {dag.py:3954} INFO - Setting next_dagrun for example_time_delta_sensor_async to None, run_after=None
[2024-05-05T15:45:01.469+0000] {processor.py:183} INFO - Processing /home/airflow/.local/lib/python3.12/site-packages/airflow/example_dags/example_time_delta_sensor_async.py took 0.081 seconds
[2024-05-05T15:45:31.822+0000] {processor.py:161} INFO - Started process (PID=1433) to work on /home/airflow/.local/lib/python3.12/site-packages/airflow/example_dags/example_time_delta_sensor_async.py
[2024-05-05T15:45:31.823+0000] {processor.py:830} INFO - Processing file /home/airflow/.local/lib/python3.12/site-packages/airflow/example_dags/example_time_delta_sensor_async.py for tasks to queue
[2024-05-05T15:45:31.825+0000] {logging_mixin.py:188} INFO - [2024-05-05T15:45:31.825+0000] {dagbag.py:540} INFO - Filling up the DagBag from /home/airflow/.local/lib/python3.12/site-packages/airflow/example_dags/example_time_delta_sensor_async.py
[2024-05-05T15:45:31.829+0000] {processor.py:840} INFO - DAG(s) 'example_time_delta_sensor_async' retrieved from /home/airflow/.local/lib/python3.12/site-packages/airflow/example_dags/example_time_delta_sensor_async.py
[2024-05-05T15:45:31.854+0000] {logging_mixin.py:188} INFO - [2024-05-05T15:45:31.854+0000] {dag.py:3096} INFO - Sync 1 DAGs
[2024-05-05T15:45:31.870+0000] {logging_mixin.py:188} INFO - [2024-05-05T15:45:31.870+0000] {dag.py:3954} INFO - Setting next_dagrun for example_time_delta_sensor_async to None, run_after=None
[2024-05-05T15:45:31.895+0000] {processor.py:183} INFO - Processing /home/airflow/.local/lib/python3.12/site-packages/airflow/example_dags/example_time_delta_sensor_async.py took 0.080 seconds
[2024-05-05T15:46:02.477+0000] {processor.py:161} INFO - Started process (PID=1492) to work on /home/airflow/.local/lib/python3.12/site-packages/airflow/example_dags/example_time_delta_sensor_async.py
[2024-05-05T15:46:02.478+0000] {processor.py:830} INFO - Processing file /home/airflow/.local/lib/python3.12/site-packages/airflow/example_dags/example_time_delta_sensor_async.py for tasks to queue
[2024-05-05T15:46:02.480+0000] {logging_mixin.py:188} INFO - [2024-05-05T15:46:02.479+0000] {dagbag.py:540} INFO - Filling up the DagBag from /home/airflow/.local/lib/python3.12/site-packages/airflow/example_dags/example_time_delta_sensor_async.py
[2024-05-05T15:46:02.484+0000] {processor.py:840} INFO - DAG(s) 'example_time_delta_sensor_async' retrieved from /home/airflow/.local/lib/python3.12/site-packages/airflow/example_dags/example_time_delta_sensor_async.py
[2024-05-05T15:46:02.505+0000] {logging_mixin.py:188} INFO - [2024-05-05T15:46:02.505+0000] {dag.py:3096} INFO - Sync 1 DAGs
[2024-05-05T15:46:02.521+0000] {logging_mixin.py:188} INFO - [2024-05-05T15:46:02.521+0000] {dag.py:3954} INFO - Setting next_dagrun for example_time_delta_sensor_async to None, run_after=None
[2024-05-05T15:46:02.548+0000] {processor.py:183} INFO - Processing /home/airflow/.local/lib/python3.12/site-packages/airflow/example_dags/example_time_delta_sensor_async.py took 0.078 seconds
[2024-05-05T15:46:33.545+0000] {processor.py:161} INFO - Started process (PID=1549) to work on /home/airflow/.local/lib/python3.12/site-packages/airflow/example_dags/example_time_delta_sensor_async.py
[2024-05-05T15:46:33.546+0000] {processor.py:830} INFO - Processing file /home/airflow/.local/lib/python3.12/site-packages/airflow/example_dags/example_time_delta_sensor_async.py for tasks to queue
[2024-05-05T15:46:33.548+0000] {logging_mixin.py:188} INFO - [2024-05-05T15:46:33.547+0000] {dagbag.py:540} INFO - Filling up the DagBag from /home/airflow/.local/lib/python3.12/site-packages/airflow/example_dags/example_time_delta_sensor_async.py
[2024-05-05T15:46:33.552+0000] {processor.py:840} INFO - DAG(s) 'example_time_delta_sensor_async' retrieved from /home/airflow/.local/lib/python3.12/site-packages/airflow/example_dags/example_time_delta_sensor_async.py
[2024-05-05T15:46:33.584+0000] {logging_mixin.py:188} INFO - [2024-05-05T15:46:33.584+0000] {dag.py:3096} INFO - Sync 1 DAGs
[2024-05-05T15:46:33.607+0000] {logging_mixin.py:188} INFO - [2024-05-05T15:46:33.607+0000] {dag.py:3954} INFO - Setting next_dagrun for example_time_delta_sensor_async to None, run_after=None
[2024-05-05T15:46:33.659+0000] {processor.py:183} INFO - Processing /home/airflow/.local/lib/python3.12/site-packages/airflow/example_dags/example_time_delta_sensor_async.py took 0.121 seconds
[2024-05-05T15:47:03.995+0000] {processor.py:161} INFO - Started process (PID=1606) to work on /home/airflow/.local/lib/python3.12/site-packages/airflow/example_dags/example_time_delta_sensor_async.py
[2024-05-05T15:47:03.996+0000] {processor.py:830} INFO - Processing file /home/airflow/.local/lib/python3.12/site-packages/airflow/example_dags/example_time_delta_sensor_async.py for tasks to queue
[2024-05-05T15:47:03.997+0000] {logging_mixin.py:188} INFO - [2024-05-05T15:47:03.997+0000] {dagbag.py:540} INFO - Filling up the DagBag from /home/airflow/.local/lib/python3.12/site-packages/airflow/example_dags/example_time_delta_sensor_async.py
[2024-05-05T15:47:04.002+0000] {processor.py:840} INFO - DAG(s) 'example_time_delta_sensor_async' retrieved from /home/airflow/.local/lib/python3.12/site-packages/airflow/example_dags/example_time_delta_sensor_async.py
[2024-05-05T15:47:04.023+0000] {logging_mixin.py:188} INFO - [2024-05-05T15:47:04.023+0000] {dag.py:3096} INFO - Sync 1 DAGs
[2024-05-05T15:47:04.040+0000] {logging_mixin.py:188} INFO - [2024-05-05T15:47:04.040+0000] {dag.py:3954} INFO - Setting next_dagrun for example_time_delta_sensor_async to None, run_after=None
[2024-05-05T15:47:04.066+0000] {processor.py:183} INFO - Processing /home/airflow/.local/lib/python3.12/site-packages/airflow/example_dags/example_time_delta_sensor_async.py took 0.077 seconds
[2024-05-05T15:47:34.216+0000] {processor.py:161} INFO - Started process (PID=1664) to work on /home/airflow/.local/lib/python3.12/site-packages/airflow/example_dags/example_time_delta_sensor_async.py
[2024-05-05T15:47:34.217+0000] {processor.py:830} INFO - Processing file /home/airflow/.local/lib/python3.12/site-packages/airflow/example_dags/example_time_delta_sensor_async.py for tasks to queue
[2024-05-05T15:47:34.219+0000] {logging_mixin.py:188} INFO - [2024-05-05T15:47:34.218+0000] {dagbag.py:540} INFO - Filling up the DagBag from /home/airflow/.local/lib/python3.12/site-packages/airflow/example_dags/example_time_delta_sensor_async.py
[2024-05-05T15:47:34.223+0000] {processor.py:840} INFO - DAG(s) 'example_time_delta_sensor_async' retrieved from /home/airflow/.local/lib/python3.12/site-packages/airflow/example_dags/example_time_delta_sensor_async.py
[2024-05-05T15:47:34.245+0000] {logging_mixin.py:188} INFO - [2024-05-05T15:47:34.245+0000] {dag.py:3096} INFO - Sync 1 DAGs
[2024-05-05T15:47:34.261+0000] {logging_mixin.py:188} INFO - [2024-05-05T15:47:34.261+0000] {dag.py:3954} INFO - Setting next_dagrun for example_time_delta_sensor_async to None, run_after=None
[2024-05-05T15:47:34.294+0000] {processor.py:183} INFO - Processing /home/airflow/.local/lib/python3.12/site-packages/airflow/example_dags/example_time_delta_sensor_async.py took 0.084 seconds
[2024-05-05T15:48:05.642+0000] {processor.py:161} INFO - Started process (PID=1723) to work on /home/airflow/.local/lib/python3.12/site-packages/airflow/example_dags/example_time_delta_sensor_async.py
[2024-05-05T15:48:05.648+0000] {processor.py:830} INFO - Processing file /home/airflow/.local/lib/python3.12/site-packages/airflow/example_dags/example_time_delta_sensor_async.py for tasks to queue
[2024-05-05T15:48:05.652+0000] {logging_mixin.py:188} INFO - [2024-05-05T15:48:05.651+0000] {dagbag.py:540} INFO - Filling up the DagBag from /home/airflow/.local/lib/python3.12/site-packages/airflow/example_dags/example_time_delta_sensor_async.py
[2024-05-05T15:48:05.715+0000] {processor.py:840} INFO - DAG(s) 'example_time_delta_sensor_async' retrieved from /home/airflow/.local/lib/python3.12/site-packages/airflow/example_dags/example_time_delta_sensor_async.py
[2024-05-05T15:48:05.798+0000] {logging_mixin.py:188} INFO - [2024-05-05T15:48:05.798+0000] {dag.py:3096} INFO - Sync 1 DAGs
[2024-05-05T15:48:05.844+0000] {logging_mixin.py:188} INFO - [2024-05-05T15:48:05.844+0000] {dag.py:3954} INFO - Setting next_dagrun for example_time_delta_sensor_async to None, run_after=None
[2024-05-05T15:48:05.913+0000] {processor.py:183} INFO - Processing /home/airflow/.local/lib/python3.12/site-packages/airflow/example_dags/example_time_delta_sensor_async.py took 0.300 seconds
[2024-05-05T15:48:36.482+0000] {processor.py:161} INFO - Started process (PID=1783) to work on /home/airflow/.local/lib/python3.12/site-packages/airflow/example_dags/example_time_delta_sensor_async.py
[2024-05-05T15:48:36.487+0000] {processor.py:830} INFO - Processing file /home/airflow/.local/lib/python3.12/site-packages/airflow/example_dags/example_time_delta_sensor_async.py for tasks to queue
[2024-05-05T15:48:36.489+0000] {logging_mixin.py:188} INFO - [2024-05-05T15:48:36.489+0000] {dagbag.py:540} INFO - Filling up the DagBag from /home/airflow/.local/lib/python3.12/site-packages/airflow/example_dags/example_time_delta_sensor_async.py
[2024-05-05T15:48:36.494+0000] {processor.py:840} INFO - DAG(s) 'example_time_delta_sensor_async' retrieved from /home/airflow/.local/lib/python3.12/site-packages/airflow/example_dags/example_time_delta_sensor_async.py
[2024-05-05T15:48:36.588+0000] {logging_mixin.py:188} INFO - [2024-05-05T15:48:36.588+0000] {dag.py:3096} INFO - Sync 1 DAGs
[2024-05-05T15:48:36.644+0000] {logging_mixin.py:188} INFO - [2024-05-05T15:48:36.643+0000] {dag.py:3954} INFO - Setting next_dagrun for example_time_delta_sensor_async to None, run_after=None
[2024-05-05T15:48:36.716+0000] {processor.py:183} INFO - Processing /home/airflow/.local/lib/python3.12/site-packages/airflow/example_dags/example_time_delta_sensor_async.py took 0.257 seconds
[2024-05-05T15:49:07.144+0000] {processor.py:161} INFO - Started process (PID=1842) to work on /home/airflow/.local/lib/python3.12/site-packages/airflow/example_dags/example_time_delta_sensor_async.py
[2024-05-05T15:49:07.145+0000] {processor.py:830} INFO - Processing file /home/airflow/.local/lib/python3.12/site-packages/airflow/example_dags/example_time_delta_sensor_async.py for tasks to queue
[2024-05-05T15:49:07.146+0000] {logging_mixin.py:188} INFO - [2024-05-05T15:49:07.146+0000] {dagbag.py:540} INFO - Filling up the DagBag from /home/airflow/.local/lib/python3.12/site-packages/airflow/example_dags/example_time_delta_sensor_async.py
[2024-05-05T15:49:07.149+0000] {processor.py:840} INFO - DAG(s) 'example_time_delta_sensor_async' retrieved from /home/airflow/.local/lib/python3.12/site-packages/airflow/example_dags/example_time_delta_sensor_async.py
[2024-05-05T15:49:07.166+0000] {logging_mixin.py:188} INFO - [2024-05-05T15:49:07.165+0000] {dag.py:3096} INFO - Sync 1 DAGs
[2024-05-05T15:49:07.176+0000] {logging_mixin.py:188} INFO - [2024-05-05T15:49:07.176+0000] {dag.py:3954} INFO - Setting next_dagrun for example_time_delta_sensor_async to None, run_after=None
[2024-05-05T15:49:07.197+0000] {processor.py:183} INFO - Processing /home/airflow/.local/lib/python3.12/site-packages/airflow/example_dags/example_time_delta_sensor_async.py took 0.058 seconds
[2024-05-05T15:49:37.972+0000] {processor.py:161} INFO - Started process (PID=1901) to work on /home/airflow/.local/lib/python3.12/site-packages/airflow/example_dags/example_time_delta_sensor_async.py
[2024-05-05T15:49:37.973+0000] {processor.py:830} INFO - Processing file /home/airflow/.local/lib/python3.12/site-packages/airflow/example_dags/example_time_delta_sensor_async.py for tasks to queue
[2024-05-05T15:49:37.975+0000] {logging_mixin.py:188} INFO - [2024-05-05T15:49:37.975+0000] {dagbag.py:540} INFO - Filling up the DagBag from /home/airflow/.local/lib/python3.12/site-packages/airflow/example_dags/example_time_delta_sensor_async.py
[2024-05-05T15:49:37.980+0000] {processor.py:840} INFO - DAG(s) 'example_time_delta_sensor_async' retrieved from /home/airflow/.local/lib/python3.12/site-packages/airflow/example_dags/example_time_delta_sensor_async.py
[2024-05-05T15:49:38.000+0000] {logging_mixin.py:188} INFO - [2024-05-05T15:49:38.000+0000] {dag.py:3096} INFO - Sync 1 DAGs
[2024-05-05T15:49:38.016+0000] {logging_mixin.py:188} INFO - [2024-05-05T15:49:38.016+0000] {dag.py:3954} INFO - Setting next_dagrun for example_time_delta_sensor_async to None, run_after=None
[2024-05-05T15:49:38.041+0000] {processor.py:183} INFO - Processing /home/airflow/.local/lib/python3.12/site-packages/airflow/example_dags/example_time_delta_sensor_async.py took 0.075 seconds
[2024-05-05T15:50:08.494+0000] {processor.py:161} INFO - Started process (PID=1960) to work on /home/airflow/.local/lib/python3.12/site-packages/airflow/example_dags/example_time_delta_sensor_async.py
[2024-05-05T15:50:08.495+0000] {processor.py:830} INFO - Processing file /home/airflow/.local/lib/python3.12/site-packages/airflow/example_dags/example_time_delta_sensor_async.py for tasks to queue
[2024-05-05T15:50:08.497+0000] {logging_mixin.py:188} INFO - [2024-05-05T15:50:08.496+0000] {dagbag.py:540} INFO - Filling up the DagBag from /home/airflow/.local/lib/python3.12/site-packages/airflow/example_dags/example_time_delta_sensor_async.py
[2024-05-05T15:50:08.501+0000] {processor.py:840} INFO - DAG(s) 'example_time_delta_sensor_async' retrieved from /home/airflow/.local/lib/python3.12/site-packages/airflow/example_dags/example_time_delta_sensor_async.py
[2024-05-05T15:50:08.522+0000] {logging_mixin.py:188} INFO - [2024-05-05T15:50:08.522+0000] {dag.py:3096} INFO - Sync 1 DAGs
[2024-05-05T15:50:08.538+0000] {logging_mixin.py:188} INFO - [2024-05-05T15:50:08.537+0000] {dag.py:3954} INFO - Setting next_dagrun for example_time_delta_sensor_async to None, run_after=None
[2024-05-05T15:50:08.566+0000] {processor.py:183} INFO - Processing /home/airflow/.local/lib/python3.12/site-packages/airflow/example_dags/example_time_delta_sensor_async.py took 0.079 seconds
[2024-05-05T15:50:39.343+0000] {processor.py:161} INFO - Started process (PID=2019) to work on /home/airflow/.local/lib/python3.12/site-packages/airflow/example_dags/example_time_delta_sensor_async.py
[2024-05-05T15:50:39.344+0000] {processor.py:830} INFO - Processing file /home/airflow/.local/lib/python3.12/site-packages/airflow/example_dags/example_time_delta_sensor_async.py for tasks to queue
[2024-05-05T15:50:39.346+0000] {logging_mixin.py:188} INFO - [2024-05-05T15:50:39.346+0000] {dagbag.py:540} INFO - Filling up the DagBag from /home/airflow/.local/lib/python3.12/site-packages/airflow/example_dags/example_time_delta_sensor_async.py
[2024-05-05T15:50:39.351+0000] {processor.py:840} INFO - DAG(s) 'example_time_delta_sensor_async' retrieved from /home/airflow/.local/lib/python3.12/site-packages/airflow/example_dags/example_time_delta_sensor_async.py
[2024-05-05T15:50:39.372+0000] {logging_mixin.py:188} INFO - [2024-05-05T15:50:39.372+0000] {dag.py:3096} INFO - Sync 1 DAGs
[2024-05-05T15:50:39.387+0000] {logging_mixin.py:188} INFO - [2024-05-05T15:50:39.387+0000] {dag.py:3954} INFO - Setting next_dagrun for example_time_delta_sensor_async to None, run_after=None
[2024-05-05T15:50:39.412+0000] {processor.py:183} INFO - Processing /home/airflow/.local/lib/python3.12/site-packages/airflow/example_dags/example_time_delta_sensor_async.py took 0.075 seconds
[2024-05-05T15:51:10.111+0000] {processor.py:161} INFO - Started process (PID=2077) to work on /home/airflow/.local/lib/python3.12/site-packages/airflow/example_dags/example_time_delta_sensor_async.py
[2024-05-05T15:51:10.111+0000] {processor.py:830} INFO - Processing file /home/airflow/.local/lib/python3.12/site-packages/airflow/example_dags/example_time_delta_sensor_async.py for tasks to queue
[2024-05-05T15:51:10.113+0000] {logging_mixin.py:188} INFO - [2024-05-05T15:51:10.113+0000] {dagbag.py:540} INFO - Filling up the DagBag from /home/airflow/.local/lib/python3.12/site-packages/airflow/example_dags/example_time_delta_sensor_async.py
[2024-05-05T15:51:10.118+0000] {processor.py:840} INFO - DAG(s) 'example_time_delta_sensor_async' retrieved from /home/airflow/.local/lib/python3.12/site-packages/airflow/example_dags/example_time_delta_sensor_async.py
[2024-05-05T15:51:10.139+0000] {logging_mixin.py:188} INFO - [2024-05-05T15:51:10.138+0000] {dag.py:3096} INFO - Sync 1 DAGs
[2024-05-05T15:51:10.154+0000] {logging_mixin.py:188} INFO - [2024-05-05T15:51:10.154+0000] {dag.py:3954} INFO - Setting next_dagrun for example_time_delta_sensor_async to None, run_after=None
[2024-05-05T15:51:10.179+0000] {processor.py:183} INFO - Processing /home/airflow/.local/lib/python3.12/site-packages/airflow/example_dags/example_time_delta_sensor_async.py took 0.075 seconds
[2024-05-05T15:51:40.540+0000] {processor.py:161} INFO - Started process (PID=2136) to work on /home/airflow/.local/lib/python3.12/site-packages/airflow/example_dags/example_time_delta_sensor_async.py
[2024-05-05T15:51:40.541+0000] {processor.py:830} INFO - Processing file /home/airflow/.local/lib/python3.12/site-packages/airflow/example_dags/example_time_delta_sensor_async.py for tasks to queue
[2024-05-05T15:51:40.544+0000] {logging_mixin.py:188} INFO - [2024-05-05T15:51:40.543+0000] {dagbag.py:540} INFO - Filling up the DagBag from /home/airflow/.local/lib/python3.12/site-packages/airflow/example_dags/example_time_delta_sensor_async.py
[2024-05-05T15:51:40.549+0000] {processor.py:840} INFO - DAG(s) 'example_time_delta_sensor_async' retrieved from /home/airflow/.local/lib/python3.12/site-packages/airflow/example_dags/example_time_delta_sensor_async.py
[2024-05-05T15:51:40.584+0000] {logging_mixin.py:188} INFO - [2024-05-05T15:51:40.583+0000] {dag.py:3096} INFO - Sync 1 DAGs
[2024-05-05T15:51:40.599+0000] {logging_mixin.py:188} INFO - [2024-05-05T15:51:40.598+0000] {dag.py:3954} INFO - Setting next_dagrun for example_time_delta_sensor_async to None, run_after=None
[2024-05-05T15:51:40.627+0000] {processor.py:183} INFO - Processing /home/airflow/.local/lib/python3.12/site-packages/airflow/example_dags/example_time_delta_sensor_async.py took 0.095 seconds
[2024-05-05T15:52:10.822+0000] {processor.py:161} INFO - Started process (PID=2196) to work on /home/airflow/.local/lib/python3.12/site-packages/airflow/example_dags/example_time_delta_sensor_async.py
[2024-05-05T15:52:10.823+0000] {processor.py:830} INFO - Processing file /home/airflow/.local/lib/python3.12/site-packages/airflow/example_dags/example_time_delta_sensor_async.py for tasks to queue
[2024-05-05T15:52:10.824+0000] {logging_mixin.py:188} INFO - [2024-05-05T15:52:10.824+0000] {dagbag.py:540} INFO - Filling up the DagBag from /home/airflow/.local/lib/python3.12/site-packages/airflow/example_dags/example_time_delta_sensor_async.py
[2024-05-05T15:52:10.829+0000] {processor.py:840} INFO - DAG(s) 'example_time_delta_sensor_async' retrieved from /home/airflow/.local/lib/python3.12/site-packages/airflow/example_dags/example_time_delta_sensor_async.py
[2024-05-05T15:52:10.853+0000] {logging_mixin.py:188} INFO - [2024-05-05T15:52:10.852+0000] {dag.py:3096} INFO - Sync 1 DAGs
[2024-05-05T15:52:10.869+0000] {logging_mixin.py:188} INFO - [2024-05-05T15:52:10.869+0000] {dag.py:3954} INFO - Setting next_dagrun for example_time_delta_sensor_async to None, run_after=None
[2024-05-05T15:52:10.895+0000] {processor.py:183} INFO - Processing /home/airflow/.local/lib/python3.12/site-packages/airflow/example_dags/example_time_delta_sensor_async.py took 0.079 seconds
[2024-05-05T15:52:41.603+0000] {processor.py:161} INFO - Started process (PID=2255) to work on /home/airflow/.local/lib/python3.12/site-packages/airflow/example_dags/example_time_delta_sensor_async.py
[2024-05-05T15:52:41.604+0000] {processor.py:830} INFO - Processing file /home/airflow/.local/lib/python3.12/site-packages/airflow/example_dags/example_time_delta_sensor_async.py for tasks to queue
[2024-05-05T15:52:41.606+0000] {logging_mixin.py:188} INFO - [2024-05-05T15:52:41.605+0000] {dagbag.py:540} INFO - Filling up the DagBag from /home/airflow/.local/lib/python3.12/site-packages/airflow/example_dags/example_time_delta_sensor_async.py
[2024-05-05T15:52:41.615+0000] {processor.py:840} INFO - DAG(s) 'example_time_delta_sensor_async' retrieved from /home/airflow/.local/lib/python3.12/site-packages/airflow/example_dags/example_time_delta_sensor_async.py
[2024-05-05T15:52:41.662+0000] {logging_mixin.py:188} INFO - [2024-05-05T15:52:41.662+0000] {dag.py:3096} INFO - Sync 1 DAGs
[2024-05-05T15:52:41.694+0000] {logging_mixin.py:188} INFO - [2024-05-05T15:52:41.694+0000] {dag.py:3954} INFO - Setting next_dagrun for example_time_delta_sensor_async to None, run_after=None
[2024-05-05T15:52:41.745+0000] {processor.py:183} INFO - Processing /home/airflow/.local/lib/python3.12/site-packages/airflow/example_dags/example_time_delta_sensor_async.py took 0.161 seconds
[2024-05-05T15:53:12.376+0000] {processor.py:161} INFO - Started process (PID=2314) to work on /home/airflow/.local/lib/python3.12/site-packages/airflow/example_dags/example_time_delta_sensor_async.py
[2024-05-05T15:53:12.377+0000] {processor.py:830} INFO - Processing file /home/airflow/.local/lib/python3.12/site-packages/airflow/example_dags/example_time_delta_sensor_async.py for tasks to queue
[2024-05-05T15:53:12.378+0000] {logging_mixin.py:188} INFO - [2024-05-05T15:53:12.378+0000] {dagbag.py:540} INFO - Filling up the DagBag from /home/airflow/.local/lib/python3.12/site-packages/airflow/example_dags/example_time_delta_sensor_async.py
[2024-05-05T15:53:12.383+0000] {processor.py:840} INFO - DAG(s) 'example_time_delta_sensor_async' retrieved from /home/airflow/.local/lib/python3.12/site-packages/airflow/example_dags/example_time_delta_sensor_async.py
[2024-05-05T15:53:12.401+0000] {logging_mixin.py:188} INFO - [2024-05-05T15:53:12.401+0000] {dag.py:3096} INFO - Sync 1 DAGs
[2024-05-05T15:53:12.411+0000] {logging_mixin.py:188} INFO - [2024-05-05T15:53:12.411+0000] {dag.py:3954} INFO - Setting next_dagrun for example_time_delta_sensor_async to None, run_after=None
[2024-05-05T15:53:12.431+0000] {processor.py:183} INFO - Processing /home/airflow/.local/lib/python3.12/site-packages/airflow/example_dags/example_time_delta_sensor_async.py took 0.063 seconds
[2024-05-05T15:53:42.967+0000] {processor.py:161} INFO - Started process (PID=2374) to work on /home/airflow/.local/lib/python3.12/site-packages/airflow/example_dags/example_time_delta_sensor_async.py
[2024-05-05T15:53:42.974+0000] {processor.py:830} INFO - Processing file /home/airflow/.local/lib/python3.12/site-packages/airflow/example_dags/example_time_delta_sensor_async.py for tasks to queue
[2024-05-05T15:53:42.976+0000] {logging_mixin.py:188} INFO - [2024-05-05T15:53:42.976+0000] {dagbag.py:540} INFO - Filling up the DagBag from /home/airflow/.local/lib/python3.12/site-packages/airflow/example_dags/example_time_delta_sensor_async.py
[2024-05-05T15:53:42.982+0000] {processor.py:840} INFO - DAG(s) 'example_time_delta_sensor_async' retrieved from /home/airflow/.local/lib/python3.12/site-packages/airflow/example_dags/example_time_delta_sensor_async.py
[2024-05-05T15:53:43.006+0000] {logging_mixin.py:188} INFO - [2024-05-05T15:53:43.006+0000] {dag.py:3096} INFO - Sync 1 DAGs
[2024-05-05T15:53:43.022+0000] {logging_mixin.py:188} INFO - [2024-05-05T15:53:43.022+0000] {dag.py:3954} INFO - Setting next_dagrun for example_time_delta_sensor_async to None, run_after=None
[2024-05-05T15:53:43.058+0000] {processor.py:183} INFO - Processing /home/airflow/.local/lib/python3.12/site-packages/airflow/example_dags/example_time_delta_sensor_async.py took 0.098 seconds
[2024-05-05T15:54:13.915+0000] {processor.py:161} INFO - Started process (PID=2435) to work on /home/airflow/.local/lib/python3.12/site-packages/airflow/example_dags/example_time_delta_sensor_async.py
[2024-05-05T15:54:13.915+0000] {processor.py:830} INFO - Processing file /home/airflow/.local/lib/python3.12/site-packages/airflow/example_dags/example_time_delta_sensor_async.py for tasks to queue
[2024-05-05T15:54:13.917+0000] {logging_mixin.py:188} INFO - [2024-05-05T15:54:13.917+0000] {dagbag.py:540} INFO - Filling up the DagBag from /home/airflow/.local/lib/python3.12/site-packages/airflow/example_dags/example_time_delta_sensor_async.py
[2024-05-05T15:54:13.922+0000] {processor.py:840} INFO - DAG(s) 'example_time_delta_sensor_async' retrieved from /home/airflow/.local/lib/python3.12/site-packages/airflow/example_dags/example_time_delta_sensor_async.py
[2024-05-05T15:54:13.962+0000] {logging_mixin.py:188} INFO - [2024-05-05T15:54:13.962+0000] {dag.py:3096} INFO - Sync 1 DAGs
[2024-05-05T15:54:13.997+0000] {logging_mixin.py:188} INFO - [2024-05-05T15:54:13.996+0000] {dag.py:3954} INFO - Setting next_dagrun for example_time_delta_sensor_async to None, run_after=None
[2024-05-05T15:54:14.026+0000] {processor.py:183} INFO - Processing /home/airflow/.local/lib/python3.12/site-packages/airflow/example_dags/example_time_delta_sensor_async.py took 0.118 seconds
[2024-05-05T15:54:44.568+0000] {processor.py:161} INFO - Started process (PID=2495) to work on /home/airflow/.local/lib/python3.12/site-packages/airflow/example_dags/example_time_delta_sensor_async.py
[2024-05-05T15:54:44.569+0000] {processor.py:830} INFO - Processing file /home/airflow/.local/lib/python3.12/site-packages/airflow/example_dags/example_time_delta_sensor_async.py for tasks to queue
[2024-05-05T15:54:44.571+0000] {logging_mixin.py:188} INFO - [2024-05-05T15:54:44.571+0000] {dagbag.py:540} INFO - Filling up the DagBag from /home/airflow/.local/lib/python3.12/site-packages/airflow/example_dags/example_time_delta_sensor_async.py
[2024-05-05T15:54:44.576+0000] {processor.py:840} INFO - DAG(s) 'example_time_delta_sensor_async' retrieved from /home/airflow/.local/lib/python3.12/site-packages/airflow/example_dags/example_time_delta_sensor_async.py
[2024-05-05T15:54:44.601+0000] {logging_mixin.py:188} INFO - [2024-05-05T15:54:44.600+0000] {dag.py:3096} INFO - Sync 1 DAGs
[2024-05-05T15:54:44.616+0000] {logging_mixin.py:188} INFO - [2024-05-05T15:54:44.616+0000] {dag.py:3954} INFO - Setting next_dagrun for example_time_delta_sensor_async to None, run_after=None
[2024-05-05T15:54:44.644+0000] {processor.py:183} INFO - Processing /home/airflow/.local/lib/python3.12/site-packages/airflow/example_dags/example_time_delta_sensor_async.py took 0.083 seconds
[2024-05-05T15:55:15.204+0000] {processor.py:161} INFO - Started process (PID=2555) to work on /home/airflow/.local/lib/python3.12/site-packages/airflow/example_dags/example_time_delta_sensor_async.py
[2024-05-05T15:55:15.205+0000] {processor.py:830} INFO - Processing file /home/airflow/.local/lib/python3.12/site-packages/airflow/example_dags/example_time_delta_sensor_async.py for tasks to queue
[2024-05-05T15:55:15.207+0000] {logging_mixin.py:188} INFO - [2024-05-05T15:55:15.206+0000] {dagbag.py:540} INFO - Filling up the DagBag from /home/airflow/.local/lib/python3.12/site-packages/airflow/example_dags/example_time_delta_sensor_async.py
[2024-05-05T15:55:15.212+0000] {processor.py:840} INFO - DAG(s) 'example_time_delta_sensor_async' retrieved from /home/airflow/.local/lib/python3.12/site-packages/airflow/example_dags/example_time_delta_sensor_async.py
[2024-05-05T15:55:15.233+0000] {logging_mixin.py:188} INFO - [2024-05-05T15:55:15.232+0000] {dag.py:3096} INFO - Sync 1 DAGs
[2024-05-05T15:55:15.248+0000] {logging_mixin.py:188} INFO - [2024-05-05T15:55:15.248+0000] {dag.py:3954} INFO - Setting next_dagrun for example_time_delta_sensor_async to None, run_after=None
[2024-05-05T15:55:15.294+0000] {processor.py:183} INFO - Processing /home/airflow/.local/lib/python3.12/site-packages/airflow/example_dags/example_time_delta_sensor_async.py took 0.097 seconds
[2024-05-05T15:55:46.113+0000] {processor.py:161} INFO - Started process (PID=2615) to work on /home/airflow/.local/lib/python3.12/site-packages/airflow/example_dags/example_time_delta_sensor_async.py
[2024-05-05T15:55:46.114+0000] {processor.py:830} INFO - Processing file /home/airflow/.local/lib/python3.12/site-packages/airflow/example_dags/example_time_delta_sensor_async.py for tasks to queue
[2024-05-05T15:55:46.116+0000] {logging_mixin.py:188} INFO - [2024-05-05T15:55:46.115+0000] {dagbag.py:540} INFO - Filling up the DagBag from /home/airflow/.local/lib/python3.12/site-packages/airflow/example_dags/example_time_delta_sensor_async.py
[2024-05-05T15:55:46.121+0000] {processor.py:840} INFO - DAG(s) 'example_time_delta_sensor_async' retrieved from /home/airflow/.local/lib/python3.12/site-packages/airflow/example_dags/example_time_delta_sensor_async.py
[2024-05-05T15:55:46.145+0000] {logging_mixin.py:188} INFO - [2024-05-05T15:55:46.145+0000] {dag.py:3096} INFO - Sync 1 DAGs
[2024-05-05T15:55:46.159+0000] {logging_mixin.py:188} INFO - [2024-05-05T15:55:46.159+0000] {dag.py:3954} INFO - Setting next_dagrun for example_time_delta_sensor_async to None, run_after=None
[2024-05-05T15:55:46.184+0000] {processor.py:183} INFO - Processing /home/airflow/.local/lib/python3.12/site-packages/airflow/example_dags/example_time_delta_sensor_async.py took 0.080 seconds
[2024-05-05T15:56:17.219+0000] {processor.py:161} INFO - Started process (PID=2675) to work on /home/airflow/.local/lib/python3.12/site-packages/airflow/example_dags/example_time_delta_sensor_async.py
[2024-05-05T15:56:17.248+0000] {processor.py:830} INFO - Processing file /home/airflow/.local/lib/python3.12/site-packages/airflow/example_dags/example_time_delta_sensor_async.py for tasks to queue
[2024-05-05T15:56:17.250+0000] {logging_mixin.py:188} INFO - [2024-05-05T15:56:17.249+0000] {dagbag.py:540} INFO - Filling up the DagBag from /home/airflow/.local/lib/python3.12/site-packages/airflow/example_dags/example_time_delta_sensor_async.py
[2024-05-05T15:56:17.259+0000] {processor.py:840} INFO - DAG(s) 'example_time_delta_sensor_async' retrieved from /home/airflow/.local/lib/python3.12/site-packages/airflow/example_dags/example_time_delta_sensor_async.py
[2024-05-05T15:56:17.364+0000] {logging_mixin.py:188} INFO - [2024-05-05T15:56:17.364+0000] {dag.py:3096} INFO - Sync 1 DAGs
[2024-05-05T15:56:17.417+0000] {logging_mixin.py:188} INFO - [2024-05-05T15:56:17.417+0000] {dag.py:3954} INFO - Setting next_dagrun for example_time_delta_sensor_async to None, run_after=None
[2024-05-05T15:56:17.479+0000] {processor.py:183} INFO - Processing /home/airflow/.local/lib/python3.12/site-packages/airflow/example_dags/example_time_delta_sensor_async.py took 0.288 seconds
[2024-05-05T15:56:48.181+0000] {processor.py:161} INFO - Started process (PID=2735) to work on /home/airflow/.local/lib/python3.12/site-packages/airflow/example_dags/example_time_delta_sensor_async.py
[2024-05-05T15:56:48.181+0000] {processor.py:830} INFO - Processing file /home/airflow/.local/lib/python3.12/site-packages/airflow/example_dags/example_time_delta_sensor_async.py for tasks to queue
[2024-05-05T15:56:48.184+0000] {logging_mixin.py:188} INFO - [2024-05-05T15:56:48.184+0000] {dagbag.py:540} INFO - Filling up the DagBag from /home/airflow/.local/lib/python3.12/site-packages/airflow/example_dags/example_time_delta_sensor_async.py
[2024-05-05T15:56:48.191+0000] {processor.py:840} INFO - DAG(s) 'example_time_delta_sensor_async' retrieved from /home/airflow/.local/lib/python3.12/site-packages/airflow/example_dags/example_time_delta_sensor_async.py
[2024-05-05T15:56:48.236+0000] {logging_mixin.py:188} INFO - [2024-05-05T15:56:48.236+0000] {dag.py:3096} INFO - Sync 1 DAGs
[2024-05-05T15:56:48.266+0000] {logging_mixin.py:188} INFO - [2024-05-05T15:56:48.266+0000] {dag.py:3954} INFO - Setting next_dagrun for example_time_delta_sensor_async to None, run_after=None
[2024-05-05T15:56:48.318+0000] {processor.py:183} INFO - Processing /home/airflow/.local/lib/python3.12/site-packages/airflow/example_dags/example_time_delta_sensor_async.py took 0.153 seconds
[2024-05-05T15:57:18.737+0000] {processor.py:161} INFO - Started process (PID=2795) to work on /home/airflow/.local/lib/python3.12/site-packages/airflow/example_dags/example_time_delta_sensor_async.py
[2024-05-05T15:57:18.738+0000] {processor.py:830} INFO - Processing file /home/airflow/.local/lib/python3.12/site-packages/airflow/example_dags/example_time_delta_sensor_async.py for tasks to queue
[2024-05-05T15:57:18.740+0000] {logging_mixin.py:188} INFO - [2024-05-05T15:57:18.740+0000] {dagbag.py:540} INFO - Filling up the DagBag from /home/airflow/.local/lib/python3.12/site-packages/airflow/example_dags/example_time_delta_sensor_async.py
[2024-05-05T15:57:18.745+0000] {processor.py:840} INFO - DAG(s) 'example_time_delta_sensor_async' retrieved from /home/airflow/.local/lib/python3.12/site-packages/airflow/example_dags/example_time_delta_sensor_async.py
[2024-05-05T15:57:18.770+0000] {logging_mixin.py:188} INFO - [2024-05-05T15:57:18.770+0000] {dag.py:3096} INFO - Sync 1 DAGs
[2024-05-05T15:57:18.796+0000] {logging_mixin.py:188} INFO - [2024-05-05T15:57:18.796+0000] {dag.py:3954} INFO - Setting next_dagrun for example_time_delta_sensor_async to None, run_after=None
[2024-05-05T15:57:18.830+0000] {processor.py:183} INFO - Processing /home/airflow/.local/lib/python3.12/site-packages/airflow/example_dags/example_time_delta_sensor_async.py took 0.102 seconds
[2024-05-05T15:57:49.125+0000] {processor.py:161} INFO - Started process (PID=2855) to work on /home/airflow/.local/lib/python3.12/site-packages/airflow/example_dags/example_time_delta_sensor_async.py
[2024-05-05T15:57:49.126+0000] {processor.py:830} INFO - Processing file /home/airflow/.local/lib/python3.12/site-packages/airflow/example_dags/example_time_delta_sensor_async.py for tasks to queue
[2024-05-05T15:57:49.128+0000] {logging_mixin.py:188} INFO - [2024-05-05T15:57:49.128+0000] {dagbag.py:540} INFO - Filling up the DagBag from /home/airflow/.local/lib/python3.12/site-packages/airflow/example_dags/example_time_delta_sensor_async.py
[2024-05-05T15:57:49.133+0000] {processor.py:840} INFO - DAG(s) 'example_time_delta_sensor_async' retrieved from /home/airflow/.local/lib/python3.12/site-packages/airflow/example_dags/example_time_delta_sensor_async.py
[2024-05-05T15:57:49.153+0000] {logging_mixin.py:188} INFO - [2024-05-05T15:57:49.153+0000] {dag.py:3096} INFO - Sync 1 DAGs
[2024-05-05T15:57:49.168+0000] {logging_mixin.py:188} INFO - [2024-05-05T15:57:49.168+0000] {dag.py:3954} INFO - Setting next_dagrun for example_time_delta_sensor_async to None, run_after=None
[2024-05-05T15:57:49.193+0000] {processor.py:183} INFO - Processing /home/airflow/.local/lib/python3.12/site-packages/airflow/example_dags/example_time_delta_sensor_async.py took 0.077 seconds
[2024-05-05T15:58:19.632+0000] {processor.py:161} INFO - Started process (PID=2917) to work on /home/airflow/.local/lib/python3.12/site-packages/airflow/example_dags/example_time_delta_sensor_async.py
[2024-05-05T15:58:19.633+0000] {processor.py:830} INFO - Processing file /home/airflow/.local/lib/python3.12/site-packages/airflow/example_dags/example_time_delta_sensor_async.py for tasks to queue
[2024-05-05T15:58:19.634+0000] {logging_mixin.py:188} INFO - [2024-05-05T15:58:19.634+0000] {dagbag.py:540} INFO - Filling up the DagBag from /home/airflow/.local/lib/python3.12/site-packages/airflow/example_dags/example_time_delta_sensor_async.py
[2024-05-05T15:58:19.638+0000] {processor.py:840} INFO - DAG(s) 'example_time_delta_sensor_async' retrieved from /home/airflow/.local/lib/python3.12/site-packages/airflow/example_dags/example_time_delta_sensor_async.py
[2024-05-05T15:58:19.659+0000] {logging_mixin.py:188} INFO - [2024-05-05T15:58:19.659+0000] {dag.py:3096} INFO - Sync 1 DAGs
[2024-05-05T15:58:19.681+0000] {logging_mixin.py:188} INFO - [2024-05-05T15:58:19.681+0000] {dag.py:3954} INFO - Setting next_dagrun for example_time_delta_sensor_async to None, run_after=None
[2024-05-05T15:58:19.706+0000] {processor.py:183} INFO - Processing /home/airflow/.local/lib/python3.12/site-packages/airflow/example_dags/example_time_delta_sensor_async.py took 0.081 seconds
[2024-05-05T15:58:50.770+0000] {processor.py:161} INFO - Started process (PID=2978) to work on /home/airflow/.local/lib/python3.12/site-packages/airflow/example_dags/example_time_delta_sensor_async.py
[2024-05-05T15:58:50.773+0000] {processor.py:830} INFO - Processing file /home/airflow/.local/lib/python3.12/site-packages/airflow/example_dags/example_time_delta_sensor_async.py for tasks to queue
[2024-05-05T15:58:50.775+0000] {logging_mixin.py:188} INFO - [2024-05-05T15:58:50.775+0000] {dagbag.py:540} INFO - Filling up the DagBag from /home/airflow/.local/lib/python3.12/site-packages/airflow/example_dags/example_time_delta_sensor_async.py
[2024-05-05T15:58:50.784+0000] {processor.py:840} INFO - DAG(s) 'example_time_delta_sensor_async' retrieved from /home/airflow/.local/lib/python3.12/site-packages/airflow/example_dags/example_time_delta_sensor_async.py
[2024-05-05T15:58:50.827+0000] {logging_mixin.py:188} INFO - [2024-05-05T15:58:50.827+0000] {dag.py:3096} INFO - Sync 1 DAGs
[2024-05-05T15:58:50.861+0000] {logging_mixin.py:188} INFO - [2024-05-05T15:58:50.860+0000] {dag.py:3954} INFO - Setting next_dagrun for example_time_delta_sensor_async to None, run_after=None
[2024-05-05T15:58:50.895+0000] {processor.py:183} INFO - Processing /home/airflow/.local/lib/python3.12/site-packages/airflow/example_dags/example_time_delta_sensor_async.py took 0.132 seconds
[2024-05-05T15:59:23.471+0000] {processor.py:161} INFO - Started process (PID=3039) to work on /home/airflow/.local/lib/python3.12/site-packages/airflow/example_dags/example_time_delta_sensor_async.py
[2024-05-05T15:59:23.513+0000] {processor.py:830} INFO - Processing file /home/airflow/.local/lib/python3.12/site-packages/airflow/example_dags/example_time_delta_sensor_async.py for tasks to queue
[2024-05-05T15:59:23.526+0000] {logging_mixin.py:188} INFO - [2024-05-05T15:59:23.525+0000] {dagbag.py:540} INFO - Filling up the DagBag from /home/airflow/.local/lib/python3.12/site-packages/airflow/example_dags/example_time_delta_sensor_async.py
[2024-05-05T15:59:23.542+0000] {processor.py:840} INFO - DAG(s) 'example_time_delta_sensor_async' retrieved from /home/airflow/.local/lib/python3.12/site-packages/airflow/example_dags/example_time_delta_sensor_async.py
[2024-05-05T15:59:23.642+0000] {logging_mixin.py:188} INFO - [2024-05-05T15:59:23.641+0000] {dag.py:3096} INFO - Sync 1 DAGs
[2024-05-05T15:59:23.698+0000] {logging_mixin.py:188} INFO - [2024-05-05T15:59:23.698+0000] {dag.py:3954} INFO - Setting next_dagrun for example_time_delta_sensor_async to None, run_after=None
[2024-05-05T15:59:23.794+0000] {processor.py:183} INFO - Processing /home/airflow/.local/lib/python3.12/site-packages/airflow/example_dags/example_time_delta_sensor_async.py took 0.400 seconds
[2024-05-05T15:59:55.731+0000] {processor.py:161} INFO - Started process (PID=3100) to work on /home/airflow/.local/lib/python3.12/site-packages/airflow/example_dags/example_time_delta_sensor_async.py
[2024-05-05T15:59:55.744+0000] {processor.py:830} INFO - Processing file /home/airflow/.local/lib/python3.12/site-packages/airflow/example_dags/example_time_delta_sensor_async.py for tasks to queue
[2024-05-05T15:59:55.746+0000] {logging_mixin.py:188} INFO - [2024-05-05T15:59:55.746+0000] {dagbag.py:540} INFO - Filling up the DagBag from /home/airflow/.local/lib/python3.12/site-packages/airflow/example_dags/example_time_delta_sensor_async.py
[2024-05-05T15:59:55.751+0000] {processor.py:840} INFO - DAG(s) 'example_time_delta_sensor_async' retrieved from /home/airflow/.local/lib/python3.12/site-packages/airflow/example_dags/example_time_delta_sensor_async.py
[2024-05-05T15:59:55.914+0000] {logging_mixin.py:188} INFO - [2024-05-05T15:59:55.913+0000] {dag.py:3096} INFO - Sync 1 DAGs
[2024-05-05T15:59:56.009+0000] {logging_mixin.py:188} INFO - [2024-05-05T15:59:56.009+0000] {dag.py:3954} INFO - Setting next_dagrun for example_time_delta_sensor_async to None, run_after=None
[2024-05-05T15:59:56.047+0000] {processor.py:183} INFO - Processing /home/airflow/.local/lib/python3.12/site-packages/airflow/example_dags/example_time_delta_sensor_async.py took 0.323 seconds
