[2024-05-05T15:33:24.487+0000] {processor.py:161} INFO - Started process (PID=56) to work on /home/airflow/.local/lib/python3.12/site-packages/airflow/example_dags/example_sla_dag.py
[2024-05-05T15:33:24.490+0000] {processor.py:830} INFO - Processing file /home/airflow/.local/lib/python3.12/site-packages/airflow/example_dags/example_sla_dag.py for tasks to queue
[2024-05-05T15:33:24.492+0000] {logging_mixin.py:188} INFO - [2024-05-05T15:33:24.492+0000] {dagbag.py:540} INFO - Filling up the DagBag from /home/airflow/.local/lib/python3.12/site-packages/airflow/example_dags/example_sla_dag.py
[2024-05-05T15:33:24.539+0000] {processor.py:840} INFO - DAG(s) 'example_sla_dag' retrieved from /home/airflow/.local/lib/python3.12/site-packages/airflow/example_dags/example_sla_dag.py
[2024-05-05T15:33:24.895+0000] {logging_mixin.py:188} INFO - [2024-05-05T15:33:24.895+0000] {override.py:1829} INFO - Created Permission View: can edit on DAG:example_sla_dag
[2024-05-05T15:33:24.928+0000] {logging_mixin.py:188} INFO - [2024-05-05T15:33:24.927+0000] {override.py:1829} INFO - Created Permission View: can read on DAG:example_sla_dag
[2024-05-05T15:33:24.953+0000] {logging_mixin.py:188} INFO - [2024-05-05T15:33:24.952+0000] {override.py:1829} INFO - Created Permission View: can delete on DAG:example_sla_dag
[2024-05-05T15:33:24.955+0000] {logging_mixin.py:188} INFO - [2024-05-05T15:33:24.954+0000] {dag.py:3096} INFO - Sync 1 DAGs
[2024-05-05T15:33:25.004+0000] {logging_mixin.py:188} INFO - [2024-05-05T15:33:25.004+0000] {dag.py:3118} INFO - Creating ORM DAG for example_sla_dag
[2024-05-05T15:33:25.024+0000] {logging_mixin.py:188} INFO - [2024-05-05T15:33:25.024+0000] {dag.py:3954} INFO - Setting next_dagrun for example_sla_dag to 2024-05-05 15:30:00+00:00, run_after=2024-05-05 15:32:00+00:00
[2024-05-05T15:33:25.067+0000] {processor.py:183} INFO - Processing /home/airflow/.local/lib/python3.12/site-packages/airflow/example_dags/example_sla_dag.py took 0.601 seconds
[2024-05-05T15:33:55.139+0000] {processor.py:161} INFO - Started process (PID=114) to work on /home/airflow/.local/lib/python3.12/site-packages/airflow/example_dags/example_sla_dag.py
[2024-05-05T15:33:55.140+0000] {processor.py:830} INFO - Processing file /home/airflow/.local/lib/python3.12/site-packages/airflow/example_dags/example_sla_dag.py for tasks to queue
[2024-05-05T15:33:55.141+0000] {logging_mixin.py:188} INFO - [2024-05-05T15:33:55.141+0000] {dagbag.py:540} INFO - Filling up the DagBag from /home/airflow/.local/lib/python3.12/site-packages/airflow/example_dags/example_sla_dag.py
[2024-05-05T15:33:55.148+0000] {processor.py:840} INFO - DAG(s) 'example_sla_dag' retrieved from /home/airflow/.local/lib/python3.12/site-packages/airflow/example_dags/example_sla_dag.py
[2024-05-05T15:33:55.163+0000] {logging_mixin.py:188} INFO - [2024-05-05T15:33:55.163+0000] {dag.py:3096} INFO - Sync 1 DAGs
[2024-05-05T15:33:55.182+0000] {logging_mixin.py:188} INFO - [2024-05-05T15:33:55.182+0000] {dag.py:3954} INFO - Setting next_dagrun for example_sla_dag to 2024-05-05 15:30:00+00:00, run_after=2024-05-05 15:32:00+00:00
[2024-05-05T15:33:55.204+0000] {processor.py:183} INFO - Processing /home/airflow/.local/lib/python3.12/site-packages/airflow/example_dags/example_sla_dag.py took 0.070 seconds
[2024-05-05T15:34:25.462+0000] {processor.py:161} INFO - Started process (PID=172) to work on /home/airflow/.local/lib/python3.12/site-packages/airflow/example_dags/example_sla_dag.py
[2024-05-05T15:34:25.463+0000] {processor.py:830} INFO - Processing file /home/airflow/.local/lib/python3.12/site-packages/airflow/example_dags/example_sla_dag.py for tasks to queue
[2024-05-05T15:34:25.464+0000] {logging_mixin.py:188} INFO - [2024-05-05T15:34:25.464+0000] {dagbag.py:540} INFO - Filling up the DagBag from /home/airflow/.local/lib/python3.12/site-packages/airflow/example_dags/example_sla_dag.py
[2024-05-05T15:34:25.476+0000] {processor.py:840} INFO - DAG(s) 'example_sla_dag' retrieved from /home/airflow/.local/lib/python3.12/site-packages/airflow/example_dags/example_sla_dag.py
[2024-05-05T15:34:25.499+0000] {logging_mixin.py:188} INFO - [2024-05-05T15:34:25.499+0000] {dag.py:3096} INFO - Sync 1 DAGs
[2024-05-05T15:34:25.526+0000] {logging_mixin.py:188} INFO - [2024-05-05T15:34:25.525+0000] {dag.py:3954} INFO - Setting next_dagrun for example_sla_dag to 2024-05-05 15:32:00+00:00, run_after=2024-05-05 15:34:00+00:00
[2024-05-05T15:34:25.548+0000] {processor.py:183} INFO - Processing /home/airflow/.local/lib/python3.12/site-packages/airflow/example_dags/example_sla_dag.py took 0.093 seconds
[2024-05-05T15:34:55.921+0000] {processor.py:161} INFO - Started process (PID=229) to work on /home/airflow/.local/lib/python3.12/site-packages/airflow/example_dags/example_sla_dag.py
[2024-05-05T15:34:55.923+0000] {processor.py:830} INFO - Processing file /home/airflow/.local/lib/python3.12/site-packages/airflow/example_dags/example_sla_dag.py for tasks to queue
[2024-05-05T15:34:55.928+0000] {logging_mixin.py:188} INFO - [2024-05-05T15:34:55.928+0000] {dagbag.py:540} INFO - Filling up the DagBag from /home/airflow/.local/lib/python3.12/site-packages/airflow/example_dags/example_sla_dag.py
[2024-05-05T15:34:55.945+0000] {processor.py:840} INFO - DAG(s) 'example_sla_dag' retrieved from /home/airflow/.local/lib/python3.12/site-packages/airflow/example_dags/example_sla_dag.py
[2024-05-05T15:34:55.981+0000] {logging_mixin.py:188} INFO - [2024-05-05T15:34:55.981+0000] {dag.py:3096} INFO - Sync 1 DAGs
[2024-05-05T15:34:56.017+0000] {logging_mixin.py:188} INFO - [2024-05-05T15:34:56.017+0000] {dag.py:3954} INFO - Setting next_dagrun for example_sla_dag to 2024-05-05 15:32:00+00:00, run_after=2024-05-05 15:34:00+00:00
[2024-05-05T15:34:56.044+0000] {processor.py:183} INFO - Processing /home/airflow/.local/lib/python3.12/site-packages/airflow/example_dags/example_sla_dag.py took 0.133 seconds
[2024-05-05T15:35:26.483+0000] {processor.py:161} INFO - Started process (PID=287) to work on /home/airflow/.local/lib/python3.12/site-packages/airflow/example_dags/example_sla_dag.py
[2024-05-05T15:35:26.498+0000] {processor.py:830} INFO - Processing file /home/airflow/.local/lib/python3.12/site-packages/airflow/example_dags/example_sla_dag.py for tasks to queue
[2024-05-05T15:35:26.502+0000] {logging_mixin.py:188} INFO - [2024-05-05T15:35:26.502+0000] {dagbag.py:540} INFO - Filling up the DagBag from /home/airflow/.local/lib/python3.12/site-packages/airflow/example_dags/example_sla_dag.py
[2024-05-05T15:35:26.535+0000] {processor.py:840} INFO - DAG(s) 'example_sla_dag' retrieved from /home/airflow/.local/lib/python3.12/site-packages/airflow/example_dags/example_sla_dag.py
[2024-05-05T15:35:26.620+0000] {logging_mixin.py:188} INFO - [2024-05-05T15:35:26.620+0000] {dag.py:3096} INFO - Sync 1 DAGs
[2024-05-05T15:35:26.717+0000] {logging_mixin.py:188} INFO - [2024-05-05T15:35:26.716+0000] {dag.py:3954} INFO - Setting next_dagrun for example_sla_dag to 2024-05-05 15:32:00+00:00, run_after=2024-05-05 15:34:00+00:00
[2024-05-05T15:35:26.755+0000] {processor.py:183} INFO - Processing /home/airflow/.local/lib/python3.12/site-packages/airflow/example_dags/example_sla_dag.py took 0.303 seconds
[2024-05-05T15:35:56.793+0000] {processor.py:161} INFO - Started process (PID=345) to work on /home/airflow/.local/lib/python3.12/site-packages/airflow/example_dags/example_sla_dag.py
[2024-05-05T15:35:56.793+0000] {processor.py:830} INFO - Processing file /home/airflow/.local/lib/python3.12/site-packages/airflow/example_dags/example_sla_dag.py for tasks to queue
[2024-05-05T15:35:56.795+0000] {logging_mixin.py:188} INFO - [2024-05-05T15:35:56.794+0000] {dagbag.py:540} INFO - Filling up the DagBag from /home/airflow/.local/lib/python3.12/site-packages/airflow/example_dags/example_sla_dag.py
[2024-05-05T15:35:56.801+0000] {processor.py:840} INFO - DAG(s) 'example_sla_dag' retrieved from /home/airflow/.local/lib/python3.12/site-packages/airflow/example_dags/example_sla_dag.py
[2024-05-05T15:35:56.821+0000] {logging_mixin.py:188} INFO - [2024-05-05T15:35:56.820+0000] {dag.py:3096} INFO - Sync 1 DAGs
[2024-05-05T15:35:56.847+0000] {logging_mixin.py:188} INFO - [2024-05-05T15:35:56.847+0000] {dag.py:3954} INFO - Setting next_dagrun for example_sla_dag to 2024-05-05 15:32:00+00:00, run_after=2024-05-05 15:34:00+00:00
[2024-05-05T15:35:56.875+0000] {processor.py:183} INFO - Processing /home/airflow/.local/lib/python3.12/site-packages/airflow/example_dags/example_sla_dag.py took 0.087 seconds
[2024-05-05T15:36:26.986+0000] {processor.py:161} INFO - Started process (PID=404) to work on /home/airflow/.local/lib/python3.12/site-packages/airflow/example_dags/example_sla_dag.py
[2024-05-05T15:36:26.988+0000] {processor.py:830} INFO - Processing file /home/airflow/.local/lib/python3.12/site-packages/airflow/example_dags/example_sla_dag.py for tasks to queue
[2024-05-05T15:36:26.990+0000] {logging_mixin.py:188} INFO - [2024-05-05T15:36:26.989+0000] {dagbag.py:540} INFO - Filling up the DagBag from /home/airflow/.local/lib/python3.12/site-packages/airflow/example_dags/example_sla_dag.py
[2024-05-05T15:36:26.999+0000] {processor.py:840} INFO - DAG(s) 'example_sla_dag' retrieved from /home/airflow/.local/lib/python3.12/site-packages/airflow/example_dags/example_sla_dag.py
[2024-05-05T15:36:27.022+0000] {logging_mixin.py:188} INFO - [2024-05-05T15:36:27.022+0000] {dag.py:3096} INFO - Sync 1 DAGs
[2024-05-05T15:36:27.052+0000] {logging_mixin.py:188} INFO - [2024-05-05T15:36:27.051+0000] {dag.py:3954} INFO - Setting next_dagrun for example_sla_dag to 2024-05-05 15:34:00+00:00, run_after=2024-05-05 15:36:00+00:00
[2024-05-05T15:36:27.075+0000] {processor.py:183} INFO - Processing /home/airflow/.local/lib/python3.12/site-packages/airflow/example_dags/example_sla_dag.py took 0.095 seconds
[2024-05-05T15:36:57.359+0000] {processor.py:161} INFO - Started process (PID=462) to work on /home/airflow/.local/lib/python3.12/site-packages/airflow/example_dags/example_sla_dag.py
[2024-05-05T15:36:57.359+0000] {processor.py:830} INFO - Processing file /home/airflow/.local/lib/python3.12/site-packages/airflow/example_dags/example_sla_dag.py for tasks to queue
[2024-05-05T15:36:57.361+0000] {logging_mixin.py:188} INFO - [2024-05-05T15:36:57.360+0000] {dagbag.py:540} INFO - Filling up the DagBag from /home/airflow/.local/lib/python3.12/site-packages/airflow/example_dags/example_sla_dag.py
[2024-05-05T15:36:57.367+0000] {processor.py:840} INFO - DAG(s) 'example_sla_dag' retrieved from /home/airflow/.local/lib/python3.12/site-packages/airflow/example_dags/example_sla_dag.py
[2024-05-05T15:36:57.385+0000] {logging_mixin.py:188} INFO - [2024-05-05T15:36:57.384+0000] {dag.py:3096} INFO - Sync 1 DAGs
[2024-05-05T15:36:57.404+0000] {logging_mixin.py:188} INFO - [2024-05-05T15:36:57.404+0000] {dag.py:3954} INFO - Setting next_dagrun for example_sla_dag to 2024-05-05 15:34:00+00:00, run_after=2024-05-05 15:36:00+00:00
[2024-05-05T15:36:57.424+0000] {processor.py:183} INFO - Processing /home/airflow/.local/lib/python3.12/site-packages/airflow/example_dags/example_sla_dag.py took 0.070 seconds
[2024-05-05T15:37:28.035+0000] {processor.py:161} INFO - Started process (PID=521) to work on /home/airflow/.local/lib/python3.12/site-packages/airflow/example_dags/example_sla_dag.py
[2024-05-05T15:37:28.036+0000] {processor.py:830} INFO - Processing file /home/airflow/.local/lib/python3.12/site-packages/airflow/example_dags/example_sla_dag.py for tasks to queue
[2024-05-05T15:37:28.038+0000] {logging_mixin.py:188} INFO - [2024-05-05T15:37:28.038+0000] {dagbag.py:540} INFO - Filling up the DagBag from /home/airflow/.local/lib/python3.12/site-packages/airflow/example_dags/example_sla_dag.py
[2024-05-05T15:37:28.048+0000] {processor.py:840} INFO - DAG(s) 'example_sla_dag' retrieved from /home/airflow/.local/lib/python3.12/site-packages/airflow/example_dags/example_sla_dag.py
[2024-05-05T15:37:28.065+0000] {logging_mixin.py:188} INFO - [2024-05-05T15:37:28.065+0000] {dag.py:3096} INFO - Sync 1 DAGs
[2024-05-05T15:37:28.086+0000] {logging_mixin.py:188} INFO - [2024-05-05T15:37:28.085+0000] {dag.py:3954} INFO - Setting next_dagrun for example_sla_dag to 2024-05-05 15:34:00+00:00, run_after=2024-05-05 15:36:00+00:00
[2024-05-05T15:37:28.105+0000] {processor.py:183} INFO - Processing /home/airflow/.local/lib/python3.12/site-packages/airflow/example_dags/example_sla_dag.py took 0.075 seconds
[2024-05-05T15:37:58.878+0000] {processor.py:161} INFO - Started process (PID=580) to work on /home/airflow/.local/lib/python3.12/site-packages/airflow/example_dags/example_sla_dag.py
[2024-05-05T15:37:58.880+0000] {processor.py:830} INFO - Processing file /home/airflow/.local/lib/python3.12/site-packages/airflow/example_dags/example_sla_dag.py for tasks to queue
[2024-05-05T15:37:58.883+0000] {logging_mixin.py:188} INFO - [2024-05-05T15:37:58.882+0000] {dagbag.py:540} INFO - Filling up the DagBag from /home/airflow/.local/lib/python3.12/site-packages/airflow/example_dags/example_sla_dag.py
[2024-05-05T15:37:58.902+0000] {processor.py:840} INFO - DAG(s) 'example_sla_dag' retrieved from /home/airflow/.local/lib/python3.12/site-packages/airflow/example_dags/example_sla_dag.py
[2024-05-05T15:37:58.935+0000] {logging_mixin.py:188} INFO - [2024-05-05T15:37:58.935+0000] {dag.py:3096} INFO - Sync 1 DAGs
[2024-05-05T15:37:58.957+0000] {logging_mixin.py:188} INFO - [2024-05-05T15:37:58.957+0000] {dag.py:3954} INFO - Setting next_dagrun for example_sla_dag to 2024-05-05 15:34:00+00:00, run_after=2024-05-05 15:36:00+00:00
[2024-05-05T15:37:58.977+0000] {processor.py:183} INFO - Processing /home/airflow/.local/lib/python3.12/site-packages/airflow/example_dags/example_sla_dag.py took 0.106 seconds
[2024-05-05T15:38:29.983+0000] {processor.py:161} INFO - Started process (PID=638) to work on /home/airflow/.local/lib/python3.12/site-packages/airflow/example_dags/example_sla_dag.py
[2024-05-05T15:38:29.984+0000] {processor.py:830} INFO - Processing file /home/airflow/.local/lib/python3.12/site-packages/airflow/example_dags/example_sla_dag.py for tasks to queue
[2024-05-05T15:38:29.986+0000] {logging_mixin.py:188} INFO - [2024-05-05T15:38:29.985+0000] {dagbag.py:540} INFO - Filling up the DagBag from /home/airflow/.local/lib/python3.12/site-packages/airflow/example_dags/example_sla_dag.py
[2024-05-05T15:38:29.992+0000] {processor.py:840} INFO - DAG(s) 'example_sla_dag' retrieved from /home/airflow/.local/lib/python3.12/site-packages/airflow/example_dags/example_sla_dag.py
[2024-05-05T15:38:30.008+0000] {logging_mixin.py:188} INFO - [2024-05-05T15:38:30.007+0000] {dag.py:3096} INFO - Sync 1 DAGs
[2024-05-05T15:38:30.028+0000] {logging_mixin.py:188} INFO - [2024-05-05T15:38:30.028+0000] {dag.py:3954} INFO - Setting next_dagrun for example_sla_dag to 2024-05-05 15:36:00+00:00, run_after=2024-05-05 15:38:00+00:00
[2024-05-05T15:38:30.054+0000] {processor.py:183} INFO - Processing /home/airflow/.local/lib/python3.12/site-packages/airflow/example_dags/example_sla_dag.py took 0.075 seconds
[2024-05-05T15:39:01.115+0000] {processor.py:161} INFO - Started process (PID=696) to work on /home/airflow/.local/lib/python3.12/site-packages/airflow/example_dags/example_sla_dag.py
[2024-05-05T15:39:01.116+0000] {processor.py:830} INFO - Processing file /home/airflow/.local/lib/python3.12/site-packages/airflow/example_dags/example_sla_dag.py for tasks to queue
[2024-05-05T15:39:01.118+0000] {logging_mixin.py:188} INFO - [2024-05-05T15:39:01.118+0000] {dagbag.py:540} INFO - Filling up the DagBag from /home/airflow/.local/lib/python3.12/site-packages/airflow/example_dags/example_sla_dag.py
[2024-05-05T15:39:01.128+0000] {processor.py:840} INFO - DAG(s) 'example_sla_dag' retrieved from /home/airflow/.local/lib/python3.12/site-packages/airflow/example_dags/example_sla_dag.py
[2024-05-05T15:39:01.152+0000] {logging_mixin.py:188} INFO - [2024-05-05T15:39:01.152+0000] {dag.py:3096} INFO - Sync 1 DAGs
[2024-05-05T15:39:01.182+0000] {logging_mixin.py:188} INFO - [2024-05-05T15:39:01.182+0000] {dag.py:3954} INFO - Setting next_dagrun for example_sla_dag to 2024-05-05 15:36:00+00:00, run_after=2024-05-05 15:38:00+00:00
[2024-05-05T15:39:01.208+0000] {processor.py:183} INFO - Processing /home/airflow/.local/lib/python3.12/site-packages/airflow/example_dags/example_sla_dag.py took 0.100 seconds
[2024-05-05T15:39:31.900+0000] {processor.py:161} INFO - Started process (PID=755) to work on /home/airflow/.local/lib/python3.12/site-packages/airflow/example_dags/example_sla_dag.py
[2024-05-05T15:39:31.901+0000] {processor.py:830} INFO - Processing file /home/airflow/.local/lib/python3.12/site-packages/airflow/example_dags/example_sla_dag.py for tasks to queue
[2024-05-05T15:39:31.903+0000] {logging_mixin.py:188} INFO - [2024-05-05T15:39:31.903+0000] {dagbag.py:540} INFO - Filling up the DagBag from /home/airflow/.local/lib/python3.12/site-packages/airflow/example_dags/example_sla_dag.py
[2024-05-05T15:39:31.913+0000] {processor.py:840} INFO - DAG(s) 'example_sla_dag' retrieved from /home/airflow/.local/lib/python3.12/site-packages/airflow/example_dags/example_sla_dag.py
[2024-05-05T15:39:31.937+0000] {logging_mixin.py:188} INFO - [2024-05-05T15:39:31.937+0000] {dag.py:3096} INFO - Sync 1 DAGs
[2024-05-05T15:39:31.968+0000] {logging_mixin.py:188} INFO - [2024-05-05T15:39:31.968+0000] {dag.py:3954} INFO - Setting next_dagrun for example_sla_dag to 2024-05-05 15:36:00+00:00, run_after=2024-05-05 15:38:00+00:00
[2024-05-05T15:39:31.994+0000] {processor.py:183} INFO - Processing /home/airflow/.local/lib/python3.12/site-packages/airflow/example_dags/example_sla_dag.py took 0.100 seconds
[2024-05-05T15:40:03.201+0000] {processor.py:161} INFO - Started process (PID=812) to work on /home/airflow/.local/lib/python3.12/site-packages/airflow/example_dags/example_sla_dag.py
[2024-05-05T15:40:03.204+0000] {processor.py:830} INFO - Processing file /home/airflow/.local/lib/python3.12/site-packages/airflow/example_dags/example_sla_dag.py for tasks to queue
[2024-05-05T15:40:03.206+0000] {logging_mixin.py:188} INFO - [2024-05-05T15:40:03.205+0000] {dagbag.py:540} INFO - Filling up the DagBag from /home/airflow/.local/lib/python3.12/site-packages/airflow/example_dags/example_sla_dag.py
[2024-05-05T15:40:03.228+0000] {processor.py:840} INFO - DAG(s) 'example_sla_dag' retrieved from /home/airflow/.local/lib/python3.12/site-packages/airflow/example_dags/example_sla_dag.py
[2024-05-05T15:40:03.272+0000] {logging_mixin.py:188} INFO - [2024-05-05T15:40:03.272+0000] {dag.py:3096} INFO - Sync 1 DAGs
[2024-05-05T15:40:03.750+0000] {logging_mixin.py:188} INFO - [2024-05-05T15:40:03.750+0000] {dag.py:3954} INFO - Setting next_dagrun for example_sla_dag to 2024-05-05 15:38:00+00:00, run_after=2024-05-05 15:40:00+00:00
[2024-05-05T15:40:03.810+0000] {processor.py:183} INFO - Processing /home/airflow/.local/lib/python3.12/site-packages/airflow/example_dags/example_sla_dag.py took 0.624 seconds
[2024-05-05T15:40:34.585+0000] {processor.py:161} INFO - Started process (PID=870) to work on /home/airflow/.local/lib/python3.12/site-packages/airflow/example_dags/example_sla_dag.py
[2024-05-05T15:40:34.596+0000] {processor.py:830} INFO - Processing file /home/airflow/.local/lib/python3.12/site-packages/airflow/example_dags/example_sla_dag.py for tasks to queue
[2024-05-05T15:40:34.598+0000] {logging_mixin.py:188} INFO - [2024-05-05T15:40:34.597+0000] {dagbag.py:540} INFO - Filling up the DagBag from /home/airflow/.local/lib/python3.12/site-packages/airflow/example_dags/example_sla_dag.py
[2024-05-05T15:40:34.619+0000] {processor.py:840} INFO - DAG(s) 'example_sla_dag' retrieved from /home/airflow/.local/lib/python3.12/site-packages/airflow/example_dags/example_sla_dag.py
[2024-05-05T15:40:34.662+0000] {logging_mixin.py:188} INFO - [2024-05-05T15:40:34.661+0000] {dag.py:3096} INFO - Sync 1 DAGs
[2024-05-05T15:40:35.129+0000] {logging_mixin.py:188} INFO - [2024-05-05T15:40:35.129+0000] {dag.py:3954} INFO - Setting next_dagrun for example_sla_dag to 2024-05-05 15:38:00+00:00, run_after=2024-05-05 15:40:00+00:00
[2024-05-05T15:40:35.200+0000] {processor.py:183} INFO - Processing /home/airflow/.local/lib/python3.12/site-packages/airflow/example_dags/example_sla_dag.py took 0.635 seconds
[2024-05-05T15:41:05.542+0000] {processor.py:161} INFO - Started process (PID=926) to work on /home/airflow/.local/lib/python3.12/site-packages/airflow/example_dags/example_sla_dag.py
[2024-05-05T15:41:05.543+0000] {processor.py:830} INFO - Processing file /home/airflow/.local/lib/python3.12/site-packages/airflow/example_dags/example_sla_dag.py for tasks to queue
[2024-05-05T15:41:05.544+0000] {logging_mixin.py:188} INFO - [2024-05-05T15:41:05.544+0000] {dagbag.py:540} INFO - Filling up the DagBag from /home/airflow/.local/lib/python3.12/site-packages/airflow/example_dags/example_sla_dag.py
[2024-05-05T15:41:05.551+0000] {processor.py:840} INFO - DAG(s) 'example_sla_dag' retrieved from /home/airflow/.local/lib/python3.12/site-packages/airflow/example_dags/example_sla_dag.py
[2024-05-05T15:41:05.567+0000] {logging_mixin.py:188} INFO - [2024-05-05T15:41:05.567+0000] {dag.py:3096} INFO - Sync 1 DAGs
[2024-05-05T15:41:05.727+0000] {logging_mixin.py:188} INFO - [2024-05-05T15:41:05.727+0000] {dag.py:3954} INFO - Setting next_dagrun for example_sla_dag to 2024-05-05 15:38:00+00:00, run_after=2024-05-05 15:40:00+00:00
[2024-05-05T15:41:05.746+0000] {processor.py:183} INFO - Processing /home/airflow/.local/lib/python3.12/site-packages/airflow/example_dags/example_sla_dag.py took 0.209 seconds
[2024-05-05T15:41:36.354+0000] {processor.py:161} INFO - Started process (PID=985) to work on /home/airflow/.local/lib/python3.12/site-packages/airflow/example_dags/example_sla_dag.py
[2024-05-05T15:41:36.355+0000] {processor.py:830} INFO - Processing file /home/airflow/.local/lib/python3.12/site-packages/airflow/example_dags/example_sla_dag.py for tasks to queue
[2024-05-05T15:41:36.356+0000] {logging_mixin.py:188} INFO - [2024-05-05T15:41:36.356+0000] {dagbag.py:540} INFO - Filling up the DagBag from /home/airflow/.local/lib/python3.12/site-packages/airflow/example_dags/example_sla_dag.py
[2024-05-05T15:41:36.363+0000] {processor.py:840} INFO - DAG(s) 'example_sla_dag' retrieved from /home/airflow/.local/lib/python3.12/site-packages/airflow/example_dags/example_sla_dag.py
[2024-05-05T15:41:36.379+0000] {logging_mixin.py:188} INFO - [2024-05-05T15:41:36.379+0000] {dag.py:3096} INFO - Sync 1 DAGs
[2024-05-05T15:41:36.400+0000] {logging_mixin.py:188} INFO - [2024-05-05T15:41:36.400+0000] {dag.py:3954} INFO - Setting next_dagrun for example_sla_dag to 2024-05-05 15:38:00+00:00, run_after=2024-05-05 15:40:00+00:00
[2024-05-05T15:41:36.420+0000] {processor.py:183} INFO - Processing /home/airflow/.local/lib/python3.12/site-packages/airflow/example_dags/example_sla_dag.py took 0.070 seconds
[2024-05-05T15:42:06.539+0000] {processor.py:161} INFO - Started process (PID=1044) to work on /home/airflow/.local/lib/python3.12/site-packages/airflow/example_dags/example_sla_dag.py
[2024-05-05T15:42:06.539+0000] {processor.py:830} INFO - Processing file /home/airflow/.local/lib/python3.12/site-packages/airflow/example_dags/example_sla_dag.py for tasks to queue
[2024-05-05T15:42:06.541+0000] {logging_mixin.py:188} INFO - [2024-05-05T15:42:06.540+0000] {dagbag.py:540} INFO - Filling up the DagBag from /home/airflow/.local/lib/python3.12/site-packages/airflow/example_dags/example_sla_dag.py
[2024-05-05T15:42:06.547+0000] {processor.py:840} INFO - DAG(s) 'example_sla_dag' retrieved from /home/airflow/.local/lib/python3.12/site-packages/airflow/example_dags/example_sla_dag.py
[2024-05-05T15:42:06.563+0000] {logging_mixin.py:188} INFO - [2024-05-05T15:42:06.562+0000] {dag.py:3096} INFO - Sync 1 DAGs
[2024-05-05T15:42:06.584+0000] {logging_mixin.py:188} INFO - [2024-05-05T15:42:06.583+0000] {dag.py:3954} INFO - Setting next_dagrun for example_sla_dag to 2024-05-05 15:40:00+00:00, run_after=2024-05-05 15:42:00+00:00
[2024-05-05T15:42:06.606+0000] {processor.py:183} INFO - Processing /home/airflow/.local/lib/python3.12/site-packages/airflow/example_dags/example_sla_dag.py took 0.072 seconds
[2024-05-05T15:42:37.307+0000] {processor.py:161} INFO - Started process (PID=1102) to work on /home/airflow/.local/lib/python3.12/site-packages/airflow/example_dags/example_sla_dag.py
[2024-05-05T15:42:37.308+0000] {processor.py:830} INFO - Processing file /home/airflow/.local/lib/python3.12/site-packages/airflow/example_dags/example_sla_dag.py for tasks to queue
[2024-05-05T15:42:37.310+0000] {logging_mixin.py:188} INFO - [2024-05-05T15:42:37.310+0000] {dagbag.py:540} INFO - Filling up the DagBag from /home/airflow/.local/lib/python3.12/site-packages/airflow/example_dags/example_sla_dag.py
[2024-05-05T15:42:37.321+0000] {processor.py:840} INFO - DAG(s) 'example_sla_dag' retrieved from /home/airflow/.local/lib/python3.12/site-packages/airflow/example_dags/example_sla_dag.py
[2024-05-05T15:42:37.350+0000] {logging_mixin.py:188} INFO - [2024-05-05T15:42:37.350+0000] {dag.py:3096} INFO - Sync 1 DAGs
[2024-05-05T15:42:37.383+0000] {logging_mixin.py:188} INFO - [2024-05-05T15:42:37.383+0000] {dag.py:3954} INFO - Setting next_dagrun for example_sla_dag to 2024-05-05 15:40:00+00:00, run_after=2024-05-05 15:42:00+00:00
[2024-05-05T15:42:37.408+0000] {processor.py:183} INFO - Processing /home/airflow/.local/lib/python3.12/site-packages/airflow/example_dags/example_sla_dag.py took 0.108 seconds
[2024-05-05T15:43:08.096+0000] {processor.py:161} INFO - Started process (PID=1160) to work on /home/airflow/.local/lib/python3.12/site-packages/airflow/example_dags/example_sla_dag.py
[2024-05-05T15:43:08.097+0000] {processor.py:830} INFO - Processing file /home/airflow/.local/lib/python3.12/site-packages/airflow/example_dags/example_sla_dag.py for tasks to queue
[2024-05-05T15:43:08.099+0000] {logging_mixin.py:188} INFO - [2024-05-05T15:43:08.098+0000] {dagbag.py:540} INFO - Filling up the DagBag from /home/airflow/.local/lib/python3.12/site-packages/airflow/example_dags/example_sla_dag.py
[2024-05-05T15:43:08.110+0000] {processor.py:840} INFO - DAG(s) 'example_sla_dag' retrieved from /home/airflow/.local/lib/python3.12/site-packages/airflow/example_dags/example_sla_dag.py
[2024-05-05T15:43:08.147+0000] {logging_mixin.py:188} INFO - [2024-05-05T15:43:08.147+0000] {dag.py:3096} INFO - Sync 1 DAGs
[2024-05-05T15:43:08.198+0000] {logging_mixin.py:188} INFO - [2024-05-05T15:43:08.198+0000] {dag.py:3954} INFO - Setting next_dagrun for example_sla_dag to 2024-05-05 15:40:00+00:00, run_after=2024-05-05 15:42:00+00:00
[2024-05-05T15:43:08.233+0000] {processor.py:183} INFO - Processing /home/airflow/.local/lib/python3.12/site-packages/airflow/example_dags/example_sla_dag.py took 0.148 seconds
[2024-05-05T15:43:39.069+0000] {processor.py:161} INFO - Started process (PID=1218) to work on /home/airflow/.local/lib/python3.12/site-packages/airflow/example_dags/example_sla_dag.py
[2024-05-05T15:43:39.073+0000] {processor.py:830} INFO - Processing file /home/airflow/.local/lib/python3.12/site-packages/airflow/example_dags/example_sla_dag.py for tasks to queue
[2024-05-05T15:43:39.076+0000] {logging_mixin.py:188} INFO - [2024-05-05T15:43:39.076+0000] {dagbag.py:540} INFO - Filling up the DagBag from /home/airflow/.local/lib/python3.12/site-packages/airflow/example_dags/example_sla_dag.py
[2024-05-05T15:43:39.095+0000] {processor.py:840} INFO - DAG(s) 'example_sla_dag' retrieved from /home/airflow/.local/lib/python3.12/site-packages/airflow/example_dags/example_sla_dag.py
[2024-05-05T15:43:39.130+0000] {logging_mixin.py:188} INFO - [2024-05-05T15:43:39.130+0000] {dag.py:3096} INFO - Sync 1 DAGs
[2024-05-05T15:43:39.182+0000] {logging_mixin.py:188} INFO - [2024-05-05T15:43:39.181+0000] {dag.py:3954} INFO - Setting next_dagrun for example_sla_dag to 2024-05-05 15:40:00+00:00, run_after=2024-05-05 15:42:00+00:00
[2024-05-05T15:43:39.216+0000] {processor.py:183} INFO - Processing /home/airflow/.local/lib/python3.12/site-packages/airflow/example_dags/example_sla_dag.py took 0.160 seconds
[2024-05-05T15:44:09.456+0000] {processor.py:161} INFO - Started process (PID=1276) to work on /home/airflow/.local/lib/python3.12/site-packages/airflow/example_dags/example_sla_dag.py
[2024-05-05T15:44:09.457+0000] {processor.py:830} INFO - Processing file /home/airflow/.local/lib/python3.12/site-packages/airflow/example_dags/example_sla_dag.py for tasks to queue
[2024-05-05T15:44:09.459+0000] {logging_mixin.py:188} INFO - [2024-05-05T15:44:09.459+0000] {dagbag.py:540} INFO - Filling up the DagBag from /home/airflow/.local/lib/python3.12/site-packages/airflow/example_dags/example_sla_dag.py
[2024-05-05T15:44:09.468+0000] {processor.py:840} INFO - DAG(s) 'example_sla_dag' retrieved from /home/airflow/.local/lib/python3.12/site-packages/airflow/example_dags/example_sla_dag.py
[2024-05-05T15:44:09.490+0000] {logging_mixin.py:188} INFO - [2024-05-05T15:44:09.490+0000] {dag.py:3096} INFO - Sync 1 DAGs
[2024-05-05T15:44:09.526+0000] {logging_mixin.py:188} INFO - [2024-05-05T15:44:09.526+0000] {dag.py:3954} INFO - Setting next_dagrun for example_sla_dag to 2024-05-05 15:42:00+00:00, run_after=2024-05-05 15:44:00+00:00
[2024-05-05T15:44:09.554+0000] {processor.py:183} INFO - Processing /home/airflow/.local/lib/python3.12/site-packages/airflow/example_dags/example_sla_dag.py took 0.105 seconds
[2024-05-05T15:44:39.642+0000] {processor.py:161} INFO - Started process (PID=1334) to work on /home/airflow/.local/lib/python3.12/site-packages/airflow/example_dags/example_sla_dag.py
[2024-05-05T15:44:39.644+0000] {processor.py:830} INFO - Processing file /home/airflow/.local/lib/python3.12/site-packages/airflow/example_dags/example_sla_dag.py for tasks to queue
[2024-05-05T15:44:39.654+0000] {logging_mixin.py:188} INFO - [2024-05-05T15:44:39.653+0000] {dagbag.py:540} INFO - Filling up the DagBag from /home/airflow/.local/lib/python3.12/site-packages/airflow/example_dags/example_sla_dag.py
[2024-05-05T15:44:39.676+0000] {processor.py:840} INFO - DAG(s) 'example_sla_dag' retrieved from /home/airflow/.local/lib/python3.12/site-packages/airflow/example_dags/example_sla_dag.py
[2024-05-05T15:44:39.715+0000] {logging_mixin.py:188} INFO - [2024-05-05T15:44:39.714+0000] {dag.py:3096} INFO - Sync 1 DAGs
[2024-05-05T15:44:39.774+0000] {logging_mixin.py:188} INFO - [2024-05-05T15:44:39.774+0000] {dag.py:3954} INFO - Setting next_dagrun for example_sla_dag to 2024-05-05 15:42:00+00:00, run_after=2024-05-05 15:44:00+00:00
[2024-05-05T15:44:39.811+0000] {processor.py:183} INFO - Processing /home/airflow/.local/lib/python3.12/site-packages/airflow/example_dags/example_sla_dag.py took 0.209 seconds
[2024-05-05T15:45:10.684+0000] {processor.py:161} INFO - Started process (PID=1391) to work on /home/airflow/.local/lib/python3.12/site-packages/airflow/example_dags/example_sla_dag.py
[2024-05-05T15:45:10.685+0000] {processor.py:830} INFO - Processing file /home/airflow/.local/lib/python3.12/site-packages/airflow/example_dags/example_sla_dag.py for tasks to queue
[2024-05-05T15:45:10.686+0000] {logging_mixin.py:188} INFO - [2024-05-05T15:45:10.686+0000] {dagbag.py:540} INFO - Filling up the DagBag from /home/airflow/.local/lib/python3.12/site-packages/airflow/example_dags/example_sla_dag.py
[2024-05-05T15:45:10.693+0000] {processor.py:840} INFO - DAG(s) 'example_sla_dag' retrieved from /home/airflow/.local/lib/python3.12/site-packages/airflow/example_dags/example_sla_dag.py
[2024-05-05T15:45:10.708+0000] {logging_mixin.py:188} INFO - [2024-05-05T15:45:10.708+0000] {dag.py:3096} INFO - Sync 1 DAGs
[2024-05-05T15:45:10.729+0000] {logging_mixin.py:188} INFO - [2024-05-05T15:45:10.729+0000] {dag.py:3954} INFO - Setting next_dagrun for example_sla_dag to 2024-05-05 15:42:00+00:00, run_after=2024-05-05 15:44:00+00:00
[2024-05-05T15:45:10.749+0000] {processor.py:183} INFO - Processing /home/airflow/.local/lib/python3.12/site-packages/airflow/example_dags/example_sla_dag.py took 0.070 seconds
[2024-05-05T15:45:41.253+0000] {processor.py:161} INFO - Started process (PID=1449) to work on /home/airflow/.local/lib/python3.12/site-packages/airflow/example_dags/example_sla_dag.py
[2024-05-05T15:45:41.254+0000] {processor.py:830} INFO - Processing file /home/airflow/.local/lib/python3.12/site-packages/airflow/example_dags/example_sla_dag.py for tasks to queue
[2024-05-05T15:45:41.256+0000] {logging_mixin.py:188} INFO - [2024-05-05T15:45:41.255+0000] {dagbag.py:540} INFO - Filling up the DagBag from /home/airflow/.local/lib/python3.12/site-packages/airflow/example_dags/example_sla_dag.py
[2024-05-05T15:45:41.266+0000] {processor.py:840} INFO - DAG(s) 'example_sla_dag' retrieved from /home/airflow/.local/lib/python3.12/site-packages/airflow/example_dags/example_sla_dag.py
[2024-05-05T15:45:41.284+0000] {logging_mixin.py:188} INFO - [2024-05-05T15:45:41.284+0000] {dag.py:3096} INFO - Sync 1 DAGs
[2024-05-05T15:45:41.304+0000] {logging_mixin.py:188} INFO - [2024-05-05T15:45:41.304+0000] {dag.py:3954} INFO - Setting next_dagrun for example_sla_dag to 2024-05-05 15:42:00+00:00, run_after=2024-05-05 15:44:00+00:00
[2024-05-05T15:45:41.325+0000] {processor.py:183} INFO - Processing /home/airflow/.local/lib/python3.12/site-packages/airflow/example_dags/example_sla_dag.py took 0.077 seconds
[2024-05-05T15:46:11.636+0000] {processor.py:161} INFO - Started process (PID=1508) to work on /home/airflow/.local/lib/python3.12/site-packages/airflow/example_dags/example_sla_dag.py
[2024-05-05T15:46:11.637+0000] {processor.py:830} INFO - Processing file /home/airflow/.local/lib/python3.12/site-packages/airflow/example_dags/example_sla_dag.py for tasks to queue
[2024-05-05T15:46:11.638+0000] {logging_mixin.py:188} INFO - [2024-05-05T15:46:11.638+0000] {dagbag.py:540} INFO - Filling up the DagBag from /home/airflow/.local/lib/python3.12/site-packages/airflow/example_dags/example_sla_dag.py
[2024-05-05T15:46:11.645+0000] {processor.py:840} INFO - DAG(s) 'example_sla_dag' retrieved from /home/airflow/.local/lib/python3.12/site-packages/airflow/example_dags/example_sla_dag.py
[2024-05-05T15:46:11.662+0000] {logging_mixin.py:188} INFO - [2024-05-05T15:46:11.662+0000] {dag.py:3096} INFO - Sync 1 DAGs
[2024-05-05T15:46:11.681+0000] {logging_mixin.py:188} INFO - [2024-05-05T15:46:11.681+0000] {dag.py:3954} INFO - Setting next_dagrun for example_sla_dag to 2024-05-05 15:44:00+00:00, run_after=2024-05-05 15:46:00+00:00
[2024-05-05T15:46:11.702+0000] {processor.py:183} INFO - Processing /home/airflow/.local/lib/python3.12/site-packages/airflow/example_dags/example_sla_dag.py took 0.071 seconds
[2024-05-05T15:46:41.812+0000] {processor.py:161} INFO - Started process (PID=1565) to work on /home/airflow/.local/lib/python3.12/site-packages/airflow/example_dags/example_sla_dag.py
[2024-05-05T15:46:41.813+0000] {processor.py:830} INFO - Processing file /home/airflow/.local/lib/python3.12/site-packages/airflow/example_dags/example_sla_dag.py for tasks to queue
[2024-05-05T15:46:41.814+0000] {logging_mixin.py:188} INFO - [2024-05-05T15:46:41.814+0000] {dagbag.py:540} INFO - Filling up the DagBag from /home/airflow/.local/lib/python3.12/site-packages/airflow/example_dags/example_sla_dag.py
[2024-05-05T15:46:41.821+0000] {processor.py:840} INFO - DAG(s) 'example_sla_dag' retrieved from /home/airflow/.local/lib/python3.12/site-packages/airflow/example_dags/example_sla_dag.py
[2024-05-05T15:46:41.841+0000] {logging_mixin.py:188} INFO - [2024-05-05T15:46:41.841+0000] {dag.py:3096} INFO - Sync 1 DAGs
[2024-05-05T15:46:41.863+0000] {logging_mixin.py:188} INFO - [2024-05-05T15:46:41.863+0000] {dag.py:3954} INFO - Setting next_dagrun for example_sla_dag to 2024-05-05 15:44:00+00:00, run_after=2024-05-05 15:46:00+00:00
[2024-05-05T15:46:41.882+0000] {processor.py:183} INFO - Processing /home/airflow/.local/lib/python3.12/site-packages/airflow/example_dags/example_sla_dag.py took 0.076 seconds
[2024-05-05T15:47:12.235+0000] {processor.py:161} INFO - Started process (PID=1622) to work on /home/airflow/.local/lib/python3.12/site-packages/airflow/example_dags/example_sla_dag.py
[2024-05-05T15:47:12.236+0000] {processor.py:830} INFO - Processing file /home/airflow/.local/lib/python3.12/site-packages/airflow/example_dags/example_sla_dag.py for tasks to queue
[2024-05-05T15:47:12.237+0000] {logging_mixin.py:188} INFO - [2024-05-05T15:47:12.237+0000] {dagbag.py:540} INFO - Filling up the DagBag from /home/airflow/.local/lib/python3.12/site-packages/airflow/example_dags/example_sla_dag.py
[2024-05-05T15:47:12.244+0000] {processor.py:840} INFO - DAG(s) 'example_sla_dag' retrieved from /home/airflow/.local/lib/python3.12/site-packages/airflow/example_dags/example_sla_dag.py
[2024-05-05T15:47:12.260+0000] {logging_mixin.py:188} INFO - [2024-05-05T15:47:12.260+0000] {dag.py:3096} INFO - Sync 1 DAGs
[2024-05-05T15:47:12.281+0000] {logging_mixin.py:188} INFO - [2024-05-05T15:47:12.281+0000] {dag.py:3954} INFO - Setting next_dagrun for example_sla_dag to 2024-05-05 15:44:00+00:00, run_after=2024-05-05 15:46:00+00:00
[2024-05-05T15:47:12.301+0000] {processor.py:183} INFO - Processing /home/airflow/.local/lib/python3.12/site-packages/airflow/example_dags/example_sla_dag.py took 0.071 seconds
[2024-05-05T15:47:42.700+0000] {processor.py:161} INFO - Started process (PID=1680) to work on /home/airflow/.local/lib/python3.12/site-packages/airflow/example_dags/example_sla_dag.py
[2024-05-05T15:47:42.701+0000] {processor.py:830} INFO - Processing file /home/airflow/.local/lib/python3.12/site-packages/airflow/example_dags/example_sla_dag.py for tasks to queue
[2024-05-05T15:47:42.703+0000] {logging_mixin.py:188} INFO - [2024-05-05T15:47:42.702+0000] {dagbag.py:540} INFO - Filling up the DagBag from /home/airflow/.local/lib/python3.12/site-packages/airflow/example_dags/example_sla_dag.py
[2024-05-05T15:47:42.713+0000] {processor.py:840} INFO - DAG(s) 'example_sla_dag' retrieved from /home/airflow/.local/lib/python3.12/site-packages/airflow/example_dags/example_sla_dag.py
[2024-05-05T15:47:42.737+0000] {logging_mixin.py:188} INFO - [2024-05-05T15:47:42.737+0000] {dag.py:3096} INFO - Sync 1 DAGs
[2024-05-05T15:47:42.774+0000] {logging_mixin.py:188} INFO - [2024-05-05T15:47:42.773+0000] {dag.py:3954} INFO - Setting next_dagrun for example_sla_dag to 2024-05-05 15:44:00+00:00, run_after=2024-05-05 15:46:00+00:00
[2024-05-05T15:47:42.800+0000] {processor.py:183} INFO - Processing /home/airflow/.local/lib/python3.12/site-packages/airflow/example_dags/example_sla_dag.py took 0.108 seconds
[2024-05-05T15:48:13.475+0000] {processor.py:161} INFO - Started process (PID=1740) to work on /home/airflow/.local/lib/python3.12/site-packages/airflow/example_dags/example_sla_dag.py
[2024-05-05T15:48:13.476+0000] {processor.py:830} INFO - Processing file /home/airflow/.local/lib/python3.12/site-packages/airflow/example_dags/example_sla_dag.py for tasks to queue
[2024-05-05T15:48:13.478+0000] {logging_mixin.py:188} INFO - [2024-05-05T15:48:13.477+0000] {dagbag.py:540} INFO - Filling up the DagBag from /home/airflow/.local/lib/python3.12/site-packages/airflow/example_dags/example_sla_dag.py
[2024-05-05T15:48:13.489+0000] {processor.py:840} INFO - DAG(s) 'example_sla_dag' retrieved from /home/airflow/.local/lib/python3.12/site-packages/airflow/example_dags/example_sla_dag.py
[2024-05-05T15:48:13.516+0000] {logging_mixin.py:188} INFO - [2024-05-05T15:48:13.516+0000] {dag.py:3096} INFO - Sync 1 DAGs
[2024-05-05T15:48:13.559+0000] {logging_mixin.py:188} INFO - [2024-05-05T15:48:13.559+0000] {dag.py:3954} INFO - Setting next_dagrun for example_sla_dag to 2024-05-05 15:46:00+00:00, run_after=2024-05-05 15:48:00+00:00
[2024-05-05T15:48:13.658+0000] {processor.py:183} INFO - Processing /home/airflow/.local/lib/python3.12/site-packages/airflow/example_dags/example_sla_dag.py took 0.194 seconds
[2024-05-05T15:48:43.833+0000] {processor.py:161} INFO - Started process (PID=1799) to work on /home/airflow/.local/lib/python3.12/site-packages/airflow/example_dags/example_sla_dag.py
[2024-05-05T15:48:43.834+0000] {processor.py:830} INFO - Processing file /home/airflow/.local/lib/python3.12/site-packages/airflow/example_dags/example_sla_dag.py for tasks to queue
[2024-05-05T15:48:43.835+0000] {logging_mixin.py:188} INFO - [2024-05-05T15:48:43.835+0000] {dagbag.py:540} INFO - Filling up the DagBag from /home/airflow/.local/lib/python3.12/site-packages/airflow/example_dags/example_sla_dag.py
[2024-05-05T15:48:43.842+0000] {processor.py:840} INFO - DAG(s) 'example_sla_dag' retrieved from /home/airflow/.local/lib/python3.12/site-packages/airflow/example_dags/example_sla_dag.py
[2024-05-05T15:48:43.859+0000] {logging_mixin.py:188} INFO - [2024-05-05T15:48:43.858+0000] {dag.py:3096} INFO - Sync 1 DAGs
[2024-05-05T15:48:43.879+0000] {logging_mixin.py:188} INFO - [2024-05-05T15:48:43.878+0000] {dag.py:3954} INFO - Setting next_dagrun for example_sla_dag to 2024-05-05 15:46:00+00:00, run_after=2024-05-05 15:48:00+00:00
[2024-05-05T15:48:43.898+0000] {processor.py:183} INFO - Processing /home/airflow/.local/lib/python3.12/site-packages/airflow/example_dags/example_sla_dag.py took 0.070 seconds
[2024-05-05T15:49:14.506+0000] {processor.py:161} INFO - Started process (PID=1858) to work on /home/airflow/.local/lib/python3.12/site-packages/airflow/example_dags/example_sla_dag.py
[2024-05-05T15:49:14.507+0000] {processor.py:830} INFO - Processing file /home/airflow/.local/lib/python3.12/site-packages/airflow/example_dags/example_sla_dag.py for tasks to queue
[2024-05-05T15:49:14.509+0000] {logging_mixin.py:188} INFO - [2024-05-05T15:49:14.508+0000] {dagbag.py:540} INFO - Filling up the DagBag from /home/airflow/.local/lib/python3.12/site-packages/airflow/example_dags/example_sla_dag.py
[2024-05-05T15:49:14.526+0000] {processor.py:840} INFO - DAG(s) 'example_sla_dag' retrieved from /home/airflow/.local/lib/python3.12/site-packages/airflow/example_dags/example_sla_dag.py
[2024-05-05T15:49:14.576+0000] {logging_mixin.py:188} INFO - [2024-05-05T15:49:14.576+0000] {dag.py:3096} INFO - Sync 1 DAGs
[2024-05-05T15:49:14.628+0000] {logging_mixin.py:188} INFO - [2024-05-05T15:49:14.628+0000] {dag.py:3954} INFO - Setting next_dagrun for example_sla_dag to 2024-05-05 15:46:00+00:00, run_after=2024-05-05 15:48:00+00:00
[2024-05-05T15:49:14.676+0000] {processor.py:183} INFO - Processing /home/airflow/.local/lib/python3.12/site-packages/airflow/example_dags/example_sla_dag.py took 0.188 seconds
[2024-05-05T15:49:44.797+0000] {processor.py:161} INFO - Started process (PID=1917) to work on /home/airflow/.local/lib/python3.12/site-packages/airflow/example_dags/example_sla_dag.py
[2024-05-05T15:49:44.798+0000] {processor.py:830} INFO - Processing file /home/airflow/.local/lib/python3.12/site-packages/airflow/example_dags/example_sla_dag.py for tasks to queue
[2024-05-05T15:49:44.800+0000] {logging_mixin.py:188} INFO - [2024-05-05T15:49:44.800+0000] {dagbag.py:540} INFO - Filling up the DagBag from /home/airflow/.local/lib/python3.12/site-packages/airflow/example_dags/example_sla_dag.py
[2024-05-05T15:49:44.811+0000] {processor.py:840} INFO - DAG(s) 'example_sla_dag' retrieved from /home/airflow/.local/lib/python3.12/site-packages/airflow/example_dags/example_sla_dag.py
[2024-05-05T15:49:44.842+0000] {logging_mixin.py:188} INFO - [2024-05-05T15:49:44.842+0000] {dag.py:3096} INFO - Sync 1 DAGs
[2024-05-05T15:49:44.896+0000] {logging_mixin.py:188} INFO - [2024-05-05T15:49:44.896+0000] {dag.py:3954} INFO - Setting next_dagrun for example_sla_dag to 2024-05-05 15:46:00+00:00, run_after=2024-05-05 15:48:00+00:00
[2024-05-05T15:49:44.927+0000] {processor.py:183} INFO - Processing /home/airflow/.local/lib/python3.12/site-packages/airflow/example_dags/example_sla_dag.py took 0.138 seconds
[2024-05-05T15:50:15.458+0000] {processor.py:161} INFO - Started process (PID=1976) to work on /home/airflow/.local/lib/python3.12/site-packages/airflow/example_dags/example_sla_dag.py
[2024-05-05T15:50:15.458+0000] {processor.py:830} INFO - Processing file /home/airflow/.local/lib/python3.12/site-packages/airflow/example_dags/example_sla_dag.py for tasks to queue
[2024-05-05T15:50:15.460+0000] {logging_mixin.py:188} INFO - [2024-05-05T15:50:15.459+0000] {dagbag.py:540} INFO - Filling up the DagBag from /home/airflow/.local/lib/python3.12/site-packages/airflow/example_dags/example_sla_dag.py
[2024-05-05T15:50:15.466+0000] {processor.py:840} INFO - DAG(s) 'example_sla_dag' retrieved from /home/airflow/.local/lib/python3.12/site-packages/airflow/example_dags/example_sla_dag.py
[2024-05-05T15:50:15.484+0000] {logging_mixin.py:188} INFO - [2024-05-05T15:50:15.484+0000] {dag.py:3096} INFO - Sync 1 DAGs
[2024-05-05T15:50:15.508+0000] {logging_mixin.py:188} INFO - [2024-05-05T15:50:15.507+0000] {dag.py:3954} INFO - Setting next_dagrun for example_sla_dag to 2024-05-05 15:48:00+00:00, run_after=2024-05-05 15:50:00+00:00
[2024-05-05T15:50:15.528+0000] {processor.py:183} INFO - Processing /home/airflow/.local/lib/python3.12/site-packages/airflow/example_dags/example_sla_dag.py took 0.075 seconds
[2024-05-05T15:50:45.946+0000] {processor.py:161} INFO - Started process (PID=2035) to work on /home/airflow/.local/lib/python3.12/site-packages/airflow/example_dags/example_sla_dag.py
[2024-05-05T15:50:45.946+0000] {processor.py:830} INFO - Processing file /home/airflow/.local/lib/python3.12/site-packages/airflow/example_dags/example_sla_dag.py for tasks to queue
[2024-05-05T15:50:45.948+0000] {logging_mixin.py:188} INFO - [2024-05-05T15:50:45.948+0000] {dagbag.py:540} INFO - Filling up the DagBag from /home/airflow/.local/lib/python3.12/site-packages/airflow/example_dags/example_sla_dag.py
[2024-05-05T15:50:45.955+0000] {processor.py:840} INFO - DAG(s) 'example_sla_dag' retrieved from /home/airflow/.local/lib/python3.12/site-packages/airflow/example_dags/example_sla_dag.py
[2024-05-05T15:50:45.971+0000] {logging_mixin.py:188} INFO - [2024-05-05T15:50:45.971+0000] {dag.py:3096} INFO - Sync 1 DAGs
[2024-05-05T15:50:45.991+0000] {logging_mixin.py:188} INFO - [2024-05-05T15:50:45.991+0000] {dag.py:3954} INFO - Setting next_dagrun for example_sla_dag to 2024-05-05 15:48:00+00:00, run_after=2024-05-05 15:50:00+00:00
[2024-05-05T15:50:46.010+0000] {processor.py:183} INFO - Processing /home/airflow/.local/lib/python3.12/site-packages/airflow/example_dags/example_sla_dag.py took 0.069 seconds
[2024-05-05T15:51:16.285+0000] {processor.py:161} INFO - Started process (PID=2093) to work on /home/airflow/.local/lib/python3.12/site-packages/airflow/example_dags/example_sla_dag.py
[2024-05-05T15:51:16.286+0000] {processor.py:830} INFO - Processing file /home/airflow/.local/lib/python3.12/site-packages/airflow/example_dags/example_sla_dag.py for tasks to queue
[2024-05-05T15:51:16.287+0000] {logging_mixin.py:188} INFO - [2024-05-05T15:51:16.287+0000] {dagbag.py:540} INFO - Filling up the DagBag from /home/airflow/.local/lib/python3.12/site-packages/airflow/example_dags/example_sla_dag.py
[2024-05-05T15:51:16.294+0000] {processor.py:840} INFO - DAG(s) 'example_sla_dag' retrieved from /home/airflow/.local/lib/python3.12/site-packages/airflow/example_dags/example_sla_dag.py
[2024-05-05T15:51:16.311+0000] {logging_mixin.py:188} INFO - [2024-05-05T15:51:16.311+0000] {dag.py:3096} INFO - Sync 1 DAGs
[2024-05-05T15:51:16.334+0000] {logging_mixin.py:188} INFO - [2024-05-05T15:51:16.334+0000] {dag.py:3954} INFO - Setting next_dagrun for example_sla_dag to 2024-05-05 15:48:00+00:00, run_after=2024-05-05 15:50:00+00:00
[2024-05-05T15:51:16.355+0000] {processor.py:183} INFO - Processing /home/airflow/.local/lib/python3.12/site-packages/airflow/example_dags/example_sla_dag.py took 0.075 seconds
[2024-05-05T15:51:46.618+0000] {processor.py:161} INFO - Started process (PID=2152) to work on /home/airflow/.local/lib/python3.12/site-packages/airflow/example_dags/example_sla_dag.py
[2024-05-05T15:51:46.619+0000] {processor.py:830} INFO - Processing file /home/airflow/.local/lib/python3.12/site-packages/airflow/example_dags/example_sla_dag.py for tasks to queue
[2024-05-05T15:51:46.620+0000] {logging_mixin.py:188} INFO - [2024-05-05T15:51:46.620+0000] {dagbag.py:540} INFO - Filling up the DagBag from /home/airflow/.local/lib/python3.12/site-packages/airflow/example_dags/example_sla_dag.py
[2024-05-05T15:51:46.627+0000] {processor.py:840} INFO - DAG(s) 'example_sla_dag' retrieved from /home/airflow/.local/lib/python3.12/site-packages/airflow/example_dags/example_sla_dag.py
[2024-05-05T15:51:46.645+0000] {logging_mixin.py:188} INFO - [2024-05-05T15:51:46.645+0000] {dag.py:3096} INFO - Sync 1 DAGs
[2024-05-05T15:51:46.666+0000] {logging_mixin.py:188} INFO - [2024-05-05T15:51:46.666+0000] {dag.py:3954} INFO - Setting next_dagrun for example_sla_dag to 2024-05-05 15:48:00+00:00, run_after=2024-05-05 15:50:00+00:00
[2024-05-05T15:51:46.686+0000] {processor.py:183} INFO - Processing /home/airflow/.local/lib/python3.12/site-packages/airflow/example_dags/example_sla_dag.py took 0.073 seconds
[2024-05-05T15:52:16.800+0000] {processor.py:161} INFO - Started process (PID=2212) to work on /home/airflow/.local/lib/python3.12/site-packages/airflow/example_dags/example_sla_dag.py
[2024-05-05T15:52:16.801+0000] {processor.py:830} INFO - Processing file /home/airflow/.local/lib/python3.12/site-packages/airflow/example_dags/example_sla_dag.py for tasks to queue
[2024-05-05T15:52:16.803+0000] {logging_mixin.py:188} INFO - [2024-05-05T15:52:16.802+0000] {dagbag.py:540} INFO - Filling up the DagBag from /home/airflow/.local/lib/python3.12/site-packages/airflow/example_dags/example_sla_dag.py
[2024-05-05T15:52:16.813+0000] {processor.py:840} INFO - DAG(s) 'example_sla_dag' retrieved from /home/airflow/.local/lib/python3.12/site-packages/airflow/example_dags/example_sla_dag.py
[2024-05-05T15:52:16.835+0000] {logging_mixin.py:188} INFO - [2024-05-05T15:52:16.835+0000] {dag.py:3096} INFO - Sync 1 DAGs
[2024-05-05T15:52:16.869+0000] {logging_mixin.py:188} INFO - [2024-05-05T15:52:16.868+0000] {dag.py:3954} INFO - Setting next_dagrun for example_sla_dag to 2024-05-05 15:50:00+00:00, run_after=2024-05-05 15:52:00+00:00
[2024-05-05T15:52:16.901+0000] {processor.py:183} INFO - Processing /home/airflow/.local/lib/python3.12/site-packages/airflow/example_dags/example_sla_dag.py took 0.109 seconds
[2024-05-05T15:52:47.041+0000] {processor.py:161} INFO - Started process (PID=2269) to work on /home/airflow/.local/lib/python3.12/site-packages/airflow/example_dags/example_sla_dag.py
[2024-05-05T15:52:47.042+0000] {processor.py:830} INFO - Processing file /home/airflow/.local/lib/python3.12/site-packages/airflow/example_dags/example_sla_dag.py for tasks to queue
[2024-05-05T15:52:47.043+0000] {logging_mixin.py:188} INFO - [2024-05-05T15:52:47.043+0000] {dagbag.py:540} INFO - Filling up the DagBag from /home/airflow/.local/lib/python3.12/site-packages/airflow/example_dags/example_sla_dag.py
[2024-05-05T15:52:47.054+0000] {processor.py:840} INFO - DAG(s) 'example_sla_dag' retrieved from /home/airflow/.local/lib/python3.12/site-packages/airflow/example_dags/example_sla_dag.py
[2024-05-05T15:52:47.073+0000] {logging_mixin.py:188} INFO - [2024-05-05T15:52:47.073+0000] {dag.py:3096} INFO - Sync 1 DAGs
[2024-05-05T15:52:47.094+0000] {logging_mixin.py:188} INFO - [2024-05-05T15:52:47.094+0000] {dag.py:3954} INFO - Setting next_dagrun for example_sla_dag to 2024-05-05 15:50:00+00:00, run_after=2024-05-05 15:52:00+00:00
[2024-05-05T15:52:47.114+0000] {processor.py:183} INFO - Processing /home/airflow/.local/lib/python3.12/site-packages/airflow/example_dags/example_sla_dag.py took 0.078 seconds
[2024-05-05T15:53:17.369+0000] {processor.py:161} INFO - Started process (PID=2329) to work on /home/airflow/.local/lib/python3.12/site-packages/airflow/example_dags/example_sla_dag.py
[2024-05-05T15:53:17.374+0000] {processor.py:830} INFO - Processing file /home/airflow/.local/lib/python3.12/site-packages/airflow/example_dags/example_sla_dag.py for tasks to queue
[2024-05-05T15:53:17.383+0000] {logging_mixin.py:188} INFO - [2024-05-05T15:53:17.382+0000] {dagbag.py:540} INFO - Filling up the DagBag from /home/airflow/.local/lib/python3.12/site-packages/airflow/example_dags/example_sla_dag.py
[2024-05-05T15:53:17.440+0000] {processor.py:840} INFO - DAG(s) 'example_sla_dag' retrieved from /home/airflow/.local/lib/python3.12/site-packages/airflow/example_dags/example_sla_dag.py
[2024-05-05T15:53:17.564+0000] {logging_mixin.py:188} INFO - [2024-05-05T15:53:17.564+0000] {dag.py:3096} INFO - Sync 1 DAGs
[2024-05-05T15:53:17.810+0000] {logging_mixin.py:188} INFO - [2024-05-05T15:53:17.810+0000] {dag.py:3954} INFO - Setting next_dagrun for example_sla_dag to 2024-05-05 15:50:00+00:00, run_after=2024-05-05 15:52:00+00:00
[2024-05-05T15:53:17.991+0000] {processor.py:183} INFO - Processing /home/airflow/.local/lib/python3.12/site-packages/airflow/example_dags/example_sla_dag.py took 0.704 seconds
[2024-05-05T15:53:48.113+0000] {processor.py:161} INFO - Started process (PID=2389) to work on /home/airflow/.local/lib/python3.12/site-packages/airflow/example_dags/example_sla_dag.py
[2024-05-05T15:53:48.123+0000] {processor.py:830} INFO - Processing file /home/airflow/.local/lib/python3.12/site-packages/airflow/example_dags/example_sla_dag.py for tasks to queue
[2024-05-05T15:53:48.125+0000] {logging_mixin.py:188} INFO - [2024-05-05T15:53:48.124+0000] {dagbag.py:540} INFO - Filling up the DagBag from /home/airflow/.local/lib/python3.12/site-packages/airflow/example_dags/example_sla_dag.py
[2024-05-05T15:53:48.145+0000] {processor.py:840} INFO - DAG(s) 'example_sla_dag' retrieved from /home/airflow/.local/lib/python3.12/site-packages/airflow/example_dags/example_sla_dag.py
[2024-05-05T15:53:48.190+0000] {logging_mixin.py:188} INFO - [2024-05-05T15:53:48.190+0000] {dag.py:3096} INFO - Sync 1 DAGs
[2024-05-05T15:53:48.259+0000] {logging_mixin.py:188} INFO - [2024-05-05T15:53:48.259+0000] {dag.py:3954} INFO - Setting next_dagrun for example_sla_dag to 2024-05-05 15:50:00+00:00, run_after=2024-05-05 15:52:00+00:00
[2024-05-05T15:53:48.301+0000] {processor.py:183} INFO - Processing /home/airflow/.local/lib/python3.12/site-packages/airflow/example_dags/example_sla_dag.py took 0.199 seconds
[2024-05-05T15:54:18.962+0000] {processor.py:161} INFO - Started process (PID=2449) to work on /home/airflow/.local/lib/python3.12/site-packages/airflow/example_dags/example_sla_dag.py
[2024-05-05T15:54:18.962+0000] {processor.py:830} INFO - Processing file /home/airflow/.local/lib/python3.12/site-packages/airflow/example_dags/example_sla_dag.py for tasks to queue
[2024-05-05T15:54:18.964+0000] {logging_mixin.py:188} INFO - [2024-05-05T15:54:18.963+0000] {dagbag.py:540} INFO - Filling up the DagBag from /home/airflow/.local/lib/python3.12/site-packages/airflow/example_dags/example_sla_dag.py
[2024-05-05T15:54:18.972+0000] {processor.py:840} INFO - DAG(s) 'example_sla_dag' retrieved from /home/airflow/.local/lib/python3.12/site-packages/airflow/example_dags/example_sla_dag.py
[2024-05-05T15:54:18.988+0000] {logging_mixin.py:188} INFO - [2024-05-05T15:54:18.988+0000] {dag.py:3096} INFO - Sync 1 DAGs
[2024-05-05T15:54:19.008+0000] {logging_mixin.py:188} INFO - [2024-05-05T15:54:19.008+0000] {dag.py:3954} INFO - Setting next_dagrun for example_sla_dag to 2024-05-05 15:52:00+00:00, run_after=2024-05-05 15:54:00+00:00
[2024-05-05T15:54:19.027+0000] {processor.py:183} INFO - Processing /home/airflow/.local/lib/python3.12/site-packages/airflow/example_dags/example_sla_dag.py took 0.072 seconds
[2024-05-05T15:54:49.518+0000] {processor.py:161} INFO - Started process (PID=2509) to work on /home/airflow/.local/lib/python3.12/site-packages/airflow/example_dags/example_sla_dag.py
[2024-05-05T15:54:49.519+0000] {processor.py:830} INFO - Processing file /home/airflow/.local/lib/python3.12/site-packages/airflow/example_dags/example_sla_dag.py for tasks to queue
[2024-05-05T15:54:49.520+0000] {logging_mixin.py:188} INFO - [2024-05-05T15:54:49.520+0000] {dagbag.py:540} INFO - Filling up the DagBag from /home/airflow/.local/lib/python3.12/site-packages/airflow/example_dags/example_sla_dag.py
[2024-05-05T15:54:49.527+0000] {processor.py:840} INFO - DAG(s) 'example_sla_dag' retrieved from /home/airflow/.local/lib/python3.12/site-packages/airflow/example_dags/example_sla_dag.py
[2024-05-05T15:54:49.545+0000] {logging_mixin.py:188} INFO - [2024-05-05T15:54:49.545+0000] {dag.py:3096} INFO - Sync 1 DAGs
[2024-05-05T15:54:49.566+0000] {logging_mixin.py:188} INFO - [2024-05-05T15:54:49.566+0000] {dag.py:3954} INFO - Setting next_dagrun for example_sla_dag to 2024-05-05 15:52:00+00:00, run_after=2024-05-05 15:54:00+00:00
[2024-05-05T15:54:49.587+0000] {processor.py:183} INFO - Processing /home/airflow/.local/lib/python3.12/site-packages/airflow/example_dags/example_sla_dag.py took 0.073 seconds
[2024-05-05T15:55:19.747+0000] {processor.py:161} INFO - Started process (PID=2569) to work on /home/airflow/.local/lib/python3.12/site-packages/airflow/example_dags/example_sla_dag.py
[2024-05-05T15:55:19.748+0000] {processor.py:830} INFO - Processing file /home/airflow/.local/lib/python3.12/site-packages/airflow/example_dags/example_sla_dag.py for tasks to queue
[2024-05-05T15:55:19.751+0000] {logging_mixin.py:188} INFO - [2024-05-05T15:55:19.750+0000] {dagbag.py:540} INFO - Filling up the DagBag from /home/airflow/.local/lib/python3.12/site-packages/airflow/example_dags/example_sla_dag.py
[2024-05-05T15:55:19.760+0000] {processor.py:840} INFO - DAG(s) 'example_sla_dag' retrieved from /home/airflow/.local/lib/python3.12/site-packages/airflow/example_dags/example_sla_dag.py
[2024-05-05T15:55:19.782+0000] {logging_mixin.py:188} INFO - [2024-05-05T15:55:19.781+0000] {dag.py:3096} INFO - Sync 1 DAGs
[2024-05-05T15:55:19.809+0000] {logging_mixin.py:188} INFO - [2024-05-05T15:55:19.809+0000] {dag.py:3954} INFO - Setting next_dagrun for example_sla_dag to 2024-05-05 15:52:00+00:00, run_after=2024-05-05 15:54:00+00:00
[2024-05-05T15:55:19.832+0000] {processor.py:183} INFO - Processing /home/airflow/.local/lib/python3.12/site-packages/airflow/example_dags/example_sla_dag.py took 0.092 seconds
[2024-05-05T15:55:50.633+0000] {processor.py:161} INFO - Started process (PID=2629) to work on /home/airflow/.local/lib/python3.12/site-packages/airflow/example_dags/example_sla_dag.py
[2024-05-05T15:55:50.634+0000] {processor.py:830} INFO - Processing file /home/airflow/.local/lib/python3.12/site-packages/airflow/example_dags/example_sla_dag.py for tasks to queue
[2024-05-05T15:55:50.636+0000] {logging_mixin.py:188} INFO - [2024-05-05T15:55:50.636+0000] {dagbag.py:540} INFO - Filling up the DagBag from /home/airflow/.local/lib/python3.12/site-packages/airflow/example_dags/example_sla_dag.py
[2024-05-05T15:55:50.645+0000] {processor.py:840} INFO - DAG(s) 'example_sla_dag' retrieved from /home/airflow/.local/lib/python3.12/site-packages/airflow/example_dags/example_sla_dag.py
[2024-05-05T15:55:50.664+0000] {logging_mixin.py:188} INFO - [2024-05-05T15:55:50.664+0000] {dag.py:3096} INFO - Sync 1 DAGs
[2024-05-05T15:55:50.684+0000] {logging_mixin.py:188} INFO - [2024-05-05T15:55:50.684+0000] {dag.py:3954} INFO - Setting next_dagrun for example_sla_dag to 2024-05-05 15:52:00+00:00, run_after=2024-05-05 15:54:00+00:00
[2024-05-05T15:55:50.706+0000] {processor.py:183} INFO - Processing /home/airflow/.local/lib/python3.12/site-packages/airflow/example_dags/example_sla_dag.py took 0.080 seconds
[2024-05-05T15:56:21.399+0000] {processor.py:161} INFO - Started process (PID=2689) to work on /home/airflow/.local/lib/python3.12/site-packages/airflow/example_dags/example_sla_dag.py
[2024-05-05T15:56:21.400+0000] {processor.py:830} INFO - Processing file /home/airflow/.local/lib/python3.12/site-packages/airflow/example_dags/example_sla_dag.py for tasks to queue
[2024-05-05T15:56:21.401+0000] {logging_mixin.py:188} INFO - [2024-05-05T15:56:21.401+0000] {dagbag.py:540} INFO - Filling up the DagBag from /home/airflow/.local/lib/python3.12/site-packages/airflow/example_dags/example_sla_dag.py
[2024-05-05T15:56:21.409+0000] {processor.py:840} INFO - DAG(s) 'example_sla_dag' retrieved from /home/airflow/.local/lib/python3.12/site-packages/airflow/example_dags/example_sla_dag.py
[2024-05-05T15:56:21.424+0000] {logging_mixin.py:188} INFO - [2024-05-05T15:56:21.424+0000] {dag.py:3096} INFO - Sync 1 DAGs
[2024-05-05T15:56:21.443+0000] {logging_mixin.py:188} INFO - [2024-05-05T15:56:21.443+0000] {dag.py:3954} INFO - Setting next_dagrun for example_sla_dag to 2024-05-05 15:54:00+00:00, run_after=2024-05-05 15:56:00+00:00
[2024-05-05T15:56:21.463+0000] {processor.py:183} INFO - Processing /home/airflow/.local/lib/python3.12/site-packages/airflow/example_dags/example_sla_dag.py took 0.070 seconds
[2024-05-05T15:56:53.126+0000] {processor.py:161} INFO - Started process (PID=2749) to work on /home/airflow/.local/lib/python3.12/site-packages/airflow/example_dags/example_sla_dag.py
[2024-05-05T15:56:53.136+0000] {processor.py:830} INFO - Processing file /home/airflow/.local/lib/python3.12/site-packages/airflow/example_dags/example_sla_dag.py for tasks to queue
[2024-05-05T15:56:53.138+0000] {logging_mixin.py:188} INFO - [2024-05-05T15:56:53.138+0000] {dagbag.py:540} INFO - Filling up the DagBag from /home/airflow/.local/lib/python3.12/site-packages/airflow/example_dags/example_sla_dag.py
[2024-05-05T15:56:53.163+0000] {processor.py:840} INFO - DAG(s) 'example_sla_dag' retrieved from /home/airflow/.local/lib/python3.12/site-packages/airflow/example_dags/example_sla_dag.py
[2024-05-05T15:56:53.250+0000] {logging_mixin.py:188} INFO - [2024-05-05T15:56:53.250+0000] {dag.py:3096} INFO - Sync 1 DAGs
[2024-05-05T15:56:53.423+0000] {logging_mixin.py:188} INFO - [2024-05-05T15:56:53.423+0000] {dag.py:3954} INFO - Setting next_dagrun for example_sla_dag to 2024-05-05 15:54:00+00:00, run_after=2024-05-05 15:56:00+00:00
[2024-05-05T15:56:53.504+0000] {processor.py:183} INFO - Processing /home/airflow/.local/lib/python3.12/site-packages/airflow/example_dags/example_sla_dag.py took 0.421 seconds
[2024-05-05T15:57:23.718+0000] {processor.py:161} INFO - Started process (PID=2809) to work on /home/airflow/.local/lib/python3.12/site-packages/airflow/example_dags/example_sla_dag.py
[2024-05-05T15:57:23.719+0000] {processor.py:830} INFO - Processing file /home/airflow/.local/lib/python3.12/site-packages/airflow/example_dags/example_sla_dag.py for tasks to queue
[2024-05-05T15:57:23.721+0000] {logging_mixin.py:188} INFO - [2024-05-05T15:57:23.721+0000] {dagbag.py:540} INFO - Filling up the DagBag from /home/airflow/.local/lib/python3.12/site-packages/airflow/example_dags/example_sla_dag.py
[2024-05-05T15:57:23.731+0000] {processor.py:840} INFO - DAG(s) 'example_sla_dag' retrieved from /home/airflow/.local/lib/python3.12/site-packages/airflow/example_dags/example_sla_dag.py
[2024-05-05T15:57:23.772+0000] {logging_mixin.py:188} INFO - [2024-05-05T15:57:23.771+0000] {dag.py:3096} INFO - Sync 1 DAGs
[2024-05-05T15:57:23.829+0000] {logging_mixin.py:188} INFO - [2024-05-05T15:57:23.829+0000] {dag.py:3954} INFO - Setting next_dagrun for example_sla_dag to 2024-05-05 15:54:00+00:00, run_after=2024-05-05 15:56:00+00:00
[2024-05-05T15:57:23.856+0000] {processor.py:183} INFO - Processing /home/airflow/.local/lib/python3.12/site-packages/airflow/example_dags/example_sla_dag.py took 0.144 seconds
[2024-05-05T15:57:54.014+0000] {processor.py:161} INFO - Started process (PID=2869) to work on /home/airflow/.local/lib/python3.12/site-packages/airflow/example_dags/example_sla_dag.py
[2024-05-05T15:57:54.014+0000] {processor.py:830} INFO - Processing file /home/airflow/.local/lib/python3.12/site-packages/airflow/example_dags/example_sla_dag.py for tasks to queue
[2024-05-05T15:57:54.016+0000] {logging_mixin.py:188} INFO - [2024-05-05T15:57:54.015+0000] {dagbag.py:540} INFO - Filling up the DagBag from /home/airflow/.local/lib/python3.12/site-packages/airflow/example_dags/example_sla_dag.py
[2024-05-05T15:57:54.022+0000] {processor.py:840} INFO - DAG(s) 'example_sla_dag' retrieved from /home/airflow/.local/lib/python3.12/site-packages/airflow/example_dags/example_sla_dag.py
[2024-05-05T15:57:54.037+0000] {logging_mixin.py:188} INFO - [2024-05-05T15:57:54.037+0000] {dag.py:3096} INFO - Sync 1 DAGs
[2024-05-05T15:57:54.058+0000] {logging_mixin.py:188} INFO - [2024-05-05T15:57:54.058+0000] {dag.py:3954} INFO - Setting next_dagrun for example_sla_dag to 2024-05-05 15:54:00+00:00, run_after=2024-05-05 15:56:00+00:00
[2024-05-05T15:57:54.079+0000] {processor.py:183} INFO - Processing /home/airflow/.local/lib/python3.12/site-packages/airflow/example_dags/example_sla_dag.py took 0.071 seconds
[2024-05-05T15:58:24.683+0000] {processor.py:161} INFO - Started process (PID=2932) to work on /home/airflow/.local/lib/python3.12/site-packages/airflow/example_dags/example_sla_dag.py
[2024-05-05T15:58:24.684+0000] {processor.py:830} INFO - Processing file /home/airflow/.local/lib/python3.12/site-packages/airflow/example_dags/example_sla_dag.py for tasks to queue
[2024-05-05T15:58:24.686+0000] {logging_mixin.py:188} INFO - [2024-05-05T15:58:24.685+0000] {dagbag.py:540} INFO - Filling up the DagBag from /home/airflow/.local/lib/python3.12/site-packages/airflow/example_dags/example_sla_dag.py
[2024-05-05T15:58:24.693+0000] {processor.py:840} INFO - DAG(s) 'example_sla_dag' retrieved from /home/airflow/.local/lib/python3.12/site-packages/airflow/example_dags/example_sla_dag.py
[2024-05-05T15:58:24.709+0000] {logging_mixin.py:188} INFO - [2024-05-05T15:58:24.709+0000] {dag.py:3096} INFO - Sync 1 DAGs
[2024-05-05T15:58:24.730+0000] {logging_mixin.py:188} INFO - [2024-05-05T15:58:24.729+0000] {dag.py:3954} INFO - Setting next_dagrun for example_sla_dag to 2024-05-05 15:56:00+00:00, run_after=2024-05-05 15:58:00+00:00
[2024-05-05T15:58:24.748+0000] {processor.py:183} INFO - Processing /home/airflow/.local/lib/python3.12/site-packages/airflow/example_dags/example_sla_dag.py took 0.070 seconds
[2024-05-05T15:58:56.108+0000] {processor.py:161} INFO - Started process (PID=2999) to work on /home/airflow/.local/lib/python3.12/site-packages/airflow/example_dags/example_sla_dag.py
[2024-05-05T15:58:56.115+0000] {processor.py:830} INFO - Processing file /home/airflow/.local/lib/python3.12/site-packages/airflow/example_dags/example_sla_dag.py for tasks to queue
[2024-05-05T15:58:56.134+0000] {logging_mixin.py:188} INFO - [2024-05-05T15:58:56.133+0000] {dagbag.py:540} INFO - Filling up the DagBag from /home/airflow/.local/lib/python3.12/site-packages/airflow/example_dags/example_sla_dag.py
[2024-05-05T15:58:56.162+0000] {processor.py:840} INFO - DAG(s) 'example_sla_dag' retrieved from /home/airflow/.local/lib/python3.12/site-packages/airflow/example_dags/example_sla_dag.py
[2024-05-05T15:58:56.248+0000] {logging_mixin.py:188} INFO - [2024-05-05T15:58:56.248+0000] {dag.py:3096} INFO - Sync 1 DAGs
[2024-05-05T15:58:56.318+0000] {logging_mixin.py:188} INFO - [2024-05-05T15:58:56.318+0000] {dag.py:3954} INFO - Setting next_dagrun for example_sla_dag to 2024-05-05 15:56:00+00:00, run_after=2024-05-05 15:58:00+00:00
[2024-05-05T15:58:56.374+0000] {processor.py:183} INFO - Processing /home/airflow/.local/lib/python3.12/site-packages/airflow/example_dags/example_sla_dag.py took 0.294 seconds
[2024-05-05T15:59:28.371+0000] {processor.py:161} INFO - Started process (PID=3060) to work on /home/airflow/.local/lib/python3.12/site-packages/airflow/example_dags/example_sla_dag.py
[2024-05-05T15:59:28.374+0000] {processor.py:830} INFO - Processing file /home/airflow/.local/lib/python3.12/site-packages/airflow/example_dags/example_sla_dag.py for tasks to queue
[2024-05-05T15:59:28.387+0000] {logging_mixin.py:188} INFO - [2024-05-05T15:59:28.387+0000] {dagbag.py:540} INFO - Filling up the DagBag from /home/airflow/.local/lib/python3.12/site-packages/airflow/example_dags/example_sla_dag.py
[2024-05-05T15:59:28.444+0000] {processor.py:840} INFO - DAG(s) 'example_sla_dag' retrieved from /home/airflow/.local/lib/python3.12/site-packages/airflow/example_dags/example_sla_dag.py
[2024-05-05T15:59:28.550+0000] {logging_mixin.py:188} INFO - [2024-05-05T15:59:28.549+0000] {dag.py:3096} INFO - Sync 1 DAGs
[2024-05-05T15:59:28.822+0000] {logging_mixin.py:188} INFO - [2024-05-05T15:59:28.795+0000] {dag.py:3954} INFO - Setting next_dagrun for example_sla_dag to 2024-05-05 15:56:00+00:00, run_after=2024-05-05 15:58:00+00:00
[2024-05-05T15:59:29.000+0000] {processor.py:183} INFO - Processing /home/airflow/.local/lib/python3.12/site-packages/airflow/example_dags/example_sla_dag.py took 0.654 seconds
[2024-05-05T16:00:04.030+0000] {processor.py:161} INFO - Started process (PID=3121) to work on /home/airflow/.local/lib/python3.12/site-packages/airflow/example_dags/example_sla_dag.py
[2024-05-05T16:00:04.047+0000] {processor.py:830} INFO - Processing file /home/airflow/.local/lib/python3.12/site-packages/airflow/example_dags/example_sla_dag.py for tasks to queue
[2024-05-05T16:00:04.065+0000] {logging_mixin.py:188} INFO - [2024-05-05T16:00:04.065+0000] {dagbag.py:540} INFO - Filling up the DagBag from /home/airflow/.local/lib/python3.12/site-packages/airflow/example_dags/example_sla_dag.py
[2024-05-05T16:00:04.087+0000] {processor.py:840} INFO - DAG(s) 'example_sla_dag' retrieved from /home/airflow/.local/lib/python3.12/site-packages/airflow/example_dags/example_sla_dag.py
[2024-05-05T16:00:04.246+0000] {logging_mixin.py:188} INFO - [2024-05-05T16:00:04.246+0000] {dag.py:3096} INFO - Sync 1 DAGs
[2024-05-05T16:00:04.462+0000] {logging_mixin.py:188} INFO - [2024-05-05T16:00:04.462+0000] {dag.py:3954} INFO - Setting next_dagrun for example_sla_dag to 2024-05-05 15:58:00+00:00, run_after=2024-05-05 16:00:00+00:00
[2024-05-05T16:00:04.566+0000] {processor.py:183} INFO - Processing /home/airflow/.local/lib/python3.12/site-packages/airflow/example_dags/example_sla_dag.py took 0.613 seconds
