[2024-05-05T15:33:14.654+0000] {processor.py:161} INFO - Started process (PID=33) to work on /home/airflow/.local/lib/python3.12/site-packages/airflow/example_dags/example_branch_operator.py
[2024-05-05T15:33:14.654+0000] {processor.py:830} INFO - Processing file /home/airflow/.local/lib/python3.12/site-packages/airflow/example_dags/example_branch_operator.py for tasks to queue
[2024-05-05T15:33:14.661+0000] {logging_mixin.py:188} INFO - [2024-05-05T15:33:14.660+0000] {dagbag.py:540} INFO - Filling up the DagBag from /home/airflow/.local/lib/python3.12/site-packages/airflow/example_dags/example_branch_operator.py
[2024-05-05T15:33:14.735+0000] {processor.py:840} INFO - DAG(s) 'example_branch_operator' retrieved from /home/airflow/.local/lib/python3.12/site-packages/airflow/example_dags/example_branch_operator.py
[2024-05-05T15:33:15.203+0000] {logging_mixin.py:188} INFO - [2024-05-05T15:33:15.202+0000] {override.py:1829} INFO - Created Permission View: can edit on DAG:example_branch_operator
[2024-05-05T15:33:15.235+0000] {logging_mixin.py:188} INFO - [2024-05-05T15:33:15.235+0000] {override.py:1829} INFO - Created Permission View: can read on DAG:example_branch_operator
[2024-05-05T15:33:15.252+0000] {logging_mixin.py:188} INFO - [2024-05-05T15:33:15.252+0000] {override.py:1829} INFO - Created Permission View: can delete on DAG:example_branch_operator
[2024-05-05T15:33:15.253+0000] {logging_mixin.py:188} INFO - [2024-05-05T15:33:15.253+0000] {dag.py:3096} INFO - Sync 1 DAGs
[2024-05-05T15:33:15.283+0000] {logging_mixin.py:188} INFO - [2024-05-05T15:33:15.283+0000] {dag.py:3118} INFO - Creating ORM DAG for example_branch_operator
[2024-05-05T15:33:15.328+0000] {logging_mixin.py:188} INFO - [2024-05-05T15:33:15.328+0000] {dag.py:3954} INFO - Setting next_dagrun for example_branch_operator to 2024-05-04 00:00:00+00:00, run_after=2024-05-05 00:00:00+00:00
[2024-05-05T15:33:15.394+0000] {processor.py:183} INFO - Processing /home/airflow/.local/lib/python3.12/site-packages/airflow/example_dags/example_branch_operator.py took 0.763 seconds
[2024-05-05T15:33:45.760+0000] {processor.py:161} INFO - Started process (PID=91) to work on /home/airflow/.local/lib/python3.12/site-packages/airflow/example_dags/example_branch_operator.py
[2024-05-05T15:33:45.761+0000] {processor.py:830} INFO - Processing file /home/airflow/.local/lib/python3.12/site-packages/airflow/example_dags/example_branch_operator.py for tasks to queue
[2024-05-05T15:33:45.763+0000] {logging_mixin.py:188} INFO - [2024-05-05T15:33:45.762+0000] {dagbag.py:540} INFO - Filling up the DagBag from /home/airflow/.local/lib/python3.12/site-packages/airflow/example_dags/example_branch_operator.py
[2024-05-05T15:33:45.786+0000] {processor.py:840} INFO - DAG(s) 'example_branch_operator' retrieved from /home/airflow/.local/lib/python3.12/site-packages/airflow/example_dags/example_branch_operator.py
[2024-05-05T15:33:45.831+0000] {logging_mixin.py:188} INFO - [2024-05-05T15:33:45.831+0000] {dag.py:3096} INFO - Sync 1 DAGs
[2024-05-05T15:33:45.854+0000] {logging_mixin.py:188} INFO - [2024-05-05T15:33:45.854+0000] {dag.py:3954} INFO - Setting next_dagrun for example_branch_operator to 2024-05-04 00:00:00+00:00, run_after=2024-05-05 00:00:00+00:00
[2024-05-05T15:33:45.877+0000] {processor.py:183} INFO - Processing /home/airflow/.local/lib/python3.12/site-packages/airflow/example_dags/example_branch_operator.py took 0.125 seconds
[2024-05-05T15:34:15.974+0000] {processor.py:161} INFO - Started process (PID=149) to work on /home/airflow/.local/lib/python3.12/site-packages/airflow/example_dags/example_branch_operator.py
[2024-05-05T15:34:15.975+0000] {processor.py:830} INFO - Processing file /home/airflow/.local/lib/python3.12/site-packages/airflow/example_dags/example_branch_operator.py for tasks to queue
[2024-05-05T15:34:15.978+0000] {logging_mixin.py:188} INFO - [2024-05-05T15:34:15.977+0000] {dagbag.py:540} INFO - Filling up the DagBag from /home/airflow/.local/lib/python3.12/site-packages/airflow/example_dags/example_branch_operator.py
[2024-05-05T15:34:15.995+0000] {processor.py:840} INFO - DAG(s) 'example_branch_operator' retrieved from /home/airflow/.local/lib/python3.12/site-packages/airflow/example_dags/example_branch_operator.py
[2024-05-05T15:34:16.023+0000] {logging_mixin.py:188} INFO - [2024-05-05T15:34:16.022+0000] {dag.py:3096} INFO - Sync 1 DAGs
[2024-05-05T15:34:16.044+0000] {logging_mixin.py:188} INFO - [2024-05-05T15:34:16.044+0000] {dag.py:3954} INFO - Setting next_dagrun for example_branch_operator to 2024-05-04 00:00:00+00:00, run_after=2024-05-05 00:00:00+00:00
[2024-05-05T15:34:16.066+0000] {processor.py:183} INFO - Processing /home/airflow/.local/lib/python3.12/site-packages/airflow/example_dags/example_branch_operator.py took 0.099 seconds
[2024-05-05T15:34:47.300+0000] {processor.py:161} INFO - Started process (PID=207) to work on /home/airflow/.local/lib/python3.12/site-packages/airflow/example_dags/example_branch_operator.py
[2024-05-05T15:34:47.302+0000] {processor.py:830} INFO - Processing file /home/airflow/.local/lib/python3.12/site-packages/airflow/example_dags/example_branch_operator.py for tasks to queue
[2024-05-05T15:34:47.304+0000] {logging_mixin.py:188} INFO - [2024-05-05T15:34:47.303+0000] {dagbag.py:540} INFO - Filling up the DagBag from /home/airflow/.local/lib/python3.12/site-packages/airflow/example_dags/example_branch_operator.py
[2024-05-05T15:34:47.354+0000] {processor.py:840} INFO - DAG(s) 'example_branch_operator' retrieved from /home/airflow/.local/lib/python3.12/site-packages/airflow/example_dags/example_branch_operator.py
[2024-05-05T15:34:47.480+0000] {logging_mixin.py:188} INFO - [2024-05-05T15:34:47.480+0000] {dag.py:3096} INFO - Sync 1 DAGs
[2024-05-05T15:34:47.583+0000] {logging_mixin.py:188} INFO - [2024-05-05T15:34:47.582+0000] {dag.py:3954} INFO - Setting next_dagrun for example_branch_operator to 2024-05-04 00:00:00+00:00, run_after=2024-05-05 00:00:00+00:00
[2024-05-05T15:34:47.700+0000] {processor.py:183} INFO - Processing /home/airflow/.local/lib/python3.12/site-packages/airflow/example_dags/example_branch_operator.py took 0.414 seconds
[2024-05-05T15:35:18.161+0000] {processor.py:161} INFO - Started process (PID=264) to work on /home/airflow/.local/lib/python3.12/site-packages/airflow/example_dags/example_branch_operator.py
[2024-05-05T15:35:18.162+0000] {processor.py:830} INFO - Processing file /home/airflow/.local/lib/python3.12/site-packages/airflow/example_dags/example_branch_operator.py for tasks to queue
[2024-05-05T15:35:18.164+0000] {logging_mixin.py:188} INFO - [2024-05-05T15:35:18.163+0000] {dagbag.py:540} INFO - Filling up the DagBag from /home/airflow/.local/lib/python3.12/site-packages/airflow/example_dags/example_branch_operator.py
[2024-05-05T15:35:18.188+0000] {processor.py:840} INFO - DAG(s) 'example_branch_operator' retrieved from /home/airflow/.local/lib/python3.12/site-packages/airflow/example_dags/example_branch_operator.py
[2024-05-05T15:35:18.246+0000] {logging_mixin.py:188} INFO - [2024-05-05T15:35:18.245+0000] {dag.py:3096} INFO - Sync 1 DAGs
[2024-05-05T15:35:18.295+0000] {logging_mixin.py:188} INFO - [2024-05-05T15:35:18.294+0000] {dag.py:3954} INFO - Setting next_dagrun for example_branch_operator to 2024-05-04 00:00:00+00:00, run_after=2024-05-05 00:00:00+00:00
[2024-05-05T15:35:18.333+0000] {processor.py:183} INFO - Processing /home/airflow/.local/lib/python3.12/site-packages/airflow/example_dags/example_branch_operator.py took 0.183 seconds
[2024-05-05T15:35:49.086+0000] {processor.py:161} INFO - Started process (PID=328) to work on /home/airflow/.local/lib/python3.12/site-packages/airflow/example_dags/example_branch_operator.py
[2024-05-05T15:35:49.087+0000] {processor.py:830} INFO - Processing file /home/airflow/.local/lib/python3.12/site-packages/airflow/example_dags/example_branch_operator.py for tasks to queue
[2024-05-05T15:35:49.089+0000] {logging_mixin.py:188} INFO - [2024-05-05T15:35:49.089+0000] {dagbag.py:540} INFO - Filling up the DagBag from /home/airflow/.local/lib/python3.12/site-packages/airflow/example_dags/example_branch_operator.py
[2024-05-05T15:35:49.112+0000] {processor.py:840} INFO - DAG(s) 'example_branch_operator' retrieved from /home/airflow/.local/lib/python3.12/site-packages/airflow/example_dags/example_branch_operator.py
[2024-05-05T15:35:49.149+0000] {logging_mixin.py:188} INFO - [2024-05-05T15:35:49.149+0000] {dag.py:3096} INFO - Sync 1 DAGs
[2024-05-05T15:35:49.174+0000] {logging_mixin.py:188} INFO - [2024-05-05T15:35:49.174+0000] {dag.py:3954} INFO - Setting next_dagrun for example_branch_operator to 2024-05-04 00:00:00+00:00, run_after=2024-05-05 00:00:00+00:00
[2024-05-05T15:35:49.196+0000] {processor.py:183} INFO - Processing /home/airflow/.local/lib/python3.12/site-packages/airflow/example_dags/example_branch_operator.py took 0.115 seconds
[2024-05-05T15:36:19.668+0000] {processor.py:161} INFO - Started process (PID=387) to work on /home/airflow/.local/lib/python3.12/site-packages/airflow/example_dags/example_branch_operator.py
[2024-05-05T15:36:19.669+0000] {processor.py:830} INFO - Processing file /home/airflow/.local/lib/python3.12/site-packages/airflow/example_dags/example_branch_operator.py for tasks to queue
[2024-05-05T15:36:19.670+0000] {logging_mixin.py:188} INFO - [2024-05-05T15:36:19.670+0000] {dagbag.py:540} INFO - Filling up the DagBag from /home/airflow/.local/lib/python3.12/site-packages/airflow/example_dags/example_branch_operator.py
[2024-05-05T15:36:19.691+0000] {processor.py:840} INFO - DAG(s) 'example_branch_operator' retrieved from /home/airflow/.local/lib/python3.12/site-packages/airflow/example_dags/example_branch_operator.py
[2024-05-05T15:36:19.739+0000] {logging_mixin.py:188} INFO - [2024-05-05T15:36:19.738+0000] {dag.py:3096} INFO - Sync 1 DAGs
[2024-05-05T15:36:19.763+0000] {logging_mixin.py:188} INFO - [2024-05-05T15:36:19.762+0000] {dag.py:3954} INFO - Setting next_dagrun for example_branch_operator to 2024-05-04 00:00:00+00:00, run_after=2024-05-05 00:00:00+00:00
[2024-05-05T15:36:19.785+0000] {processor.py:183} INFO - Processing /home/airflow/.local/lib/python3.12/site-packages/airflow/example_dags/example_branch_operator.py took 0.123 seconds
[2024-05-05T15:36:49.874+0000] {processor.py:161} INFO - Started process (PID=445) to work on /home/airflow/.local/lib/python3.12/site-packages/airflow/example_dags/example_branch_operator.py
[2024-05-05T15:36:49.877+0000] {processor.py:830} INFO - Processing file /home/airflow/.local/lib/python3.12/site-packages/airflow/example_dags/example_branch_operator.py for tasks to queue
[2024-05-05T15:36:49.879+0000] {logging_mixin.py:188} INFO - [2024-05-05T15:36:49.878+0000] {dagbag.py:540} INFO - Filling up the DagBag from /home/airflow/.local/lib/python3.12/site-packages/airflow/example_dags/example_branch_operator.py
[2024-05-05T15:36:49.915+0000] {processor.py:840} INFO - DAG(s) 'example_branch_operator' retrieved from /home/airflow/.local/lib/python3.12/site-packages/airflow/example_dags/example_branch_operator.py
[2024-05-05T15:36:49.955+0000] {logging_mixin.py:188} INFO - [2024-05-05T15:36:49.955+0000] {dag.py:3096} INFO - Sync 1 DAGs
[2024-05-05T15:36:49.981+0000] {logging_mixin.py:188} INFO - [2024-05-05T15:36:49.981+0000] {dag.py:3954} INFO - Setting next_dagrun for example_branch_operator to 2024-05-04 00:00:00+00:00, run_after=2024-05-05 00:00:00+00:00
[2024-05-05T15:36:50.002+0000] {processor.py:183} INFO - Processing /home/airflow/.local/lib/python3.12/site-packages/airflow/example_dags/example_branch_operator.py took 0.135 seconds
[2024-05-05T15:37:20.575+0000] {processor.py:161} INFO - Started process (PID=504) to work on /home/airflow/.local/lib/python3.12/site-packages/airflow/example_dags/example_branch_operator.py
[2024-05-05T15:37:20.579+0000] {processor.py:830} INFO - Processing file /home/airflow/.local/lib/python3.12/site-packages/airflow/example_dags/example_branch_operator.py for tasks to queue
[2024-05-05T15:37:20.581+0000] {logging_mixin.py:188} INFO - [2024-05-05T15:37:20.581+0000] {dagbag.py:540} INFO - Filling up the DagBag from /home/airflow/.local/lib/python3.12/site-packages/airflow/example_dags/example_branch_operator.py
[2024-05-05T15:37:20.635+0000] {processor.py:840} INFO - DAG(s) 'example_branch_operator' retrieved from /home/airflow/.local/lib/python3.12/site-packages/airflow/example_dags/example_branch_operator.py
[2024-05-05T15:37:20.734+0000] {logging_mixin.py:188} INFO - [2024-05-05T15:37:20.734+0000] {dag.py:3096} INFO - Sync 1 DAGs
[2024-05-05T15:37:20.827+0000] {logging_mixin.py:188} INFO - [2024-05-05T15:37:20.826+0000] {dag.py:3954} INFO - Setting next_dagrun for example_branch_operator to 2024-05-04 00:00:00+00:00, run_after=2024-05-05 00:00:00+00:00
[2024-05-05T15:37:20.909+0000] {processor.py:183} INFO - Processing /home/airflow/.local/lib/python3.12/site-packages/airflow/example_dags/example_branch_operator.py took 0.351 seconds
[2024-05-05T15:37:51.681+0000] {processor.py:161} INFO - Started process (PID=563) to work on /home/airflow/.local/lib/python3.12/site-packages/airflow/example_dags/example_branch_operator.py
[2024-05-05T15:37:51.681+0000] {processor.py:830} INFO - Processing file /home/airflow/.local/lib/python3.12/site-packages/airflow/example_dags/example_branch_operator.py for tasks to queue
[2024-05-05T15:37:51.683+0000] {logging_mixin.py:188} INFO - [2024-05-05T15:37:51.683+0000] {dagbag.py:540} INFO - Filling up the DagBag from /home/airflow/.local/lib/python3.12/site-packages/airflow/example_dags/example_branch_operator.py
[2024-05-05T15:37:51.704+0000] {processor.py:840} INFO - DAG(s) 'example_branch_operator' retrieved from /home/airflow/.local/lib/python3.12/site-packages/airflow/example_dags/example_branch_operator.py
[2024-05-05T15:37:51.744+0000] {logging_mixin.py:188} INFO - [2024-05-05T15:37:51.744+0000] {dag.py:3096} INFO - Sync 1 DAGs
[2024-05-05T15:37:51.770+0000] {logging_mixin.py:188} INFO - [2024-05-05T15:37:51.770+0000] {dag.py:3954} INFO - Setting next_dagrun for example_branch_operator to 2024-05-04 00:00:00+00:00, run_after=2024-05-05 00:00:00+00:00
[2024-05-05T15:37:51.792+0000] {processor.py:183} INFO - Processing /home/airflow/.local/lib/python3.12/site-packages/airflow/example_dags/example_branch_operator.py took 0.118 seconds
[2024-05-05T15:38:22.605+0000] {processor.py:161} INFO - Started process (PID=621) to work on /home/airflow/.local/lib/python3.12/site-packages/airflow/example_dags/example_branch_operator.py
[2024-05-05T15:38:22.606+0000] {processor.py:830} INFO - Processing file /home/airflow/.local/lib/python3.12/site-packages/airflow/example_dags/example_branch_operator.py for tasks to queue
[2024-05-05T15:38:22.612+0000] {logging_mixin.py:188} INFO - [2024-05-05T15:38:22.612+0000] {dagbag.py:540} INFO - Filling up the DagBag from /home/airflow/.local/lib/python3.12/site-packages/airflow/example_dags/example_branch_operator.py
[2024-05-05T15:38:22.641+0000] {processor.py:840} INFO - DAG(s) 'example_branch_operator' retrieved from /home/airflow/.local/lib/python3.12/site-packages/airflow/example_dags/example_branch_operator.py
[2024-05-05T15:38:22.696+0000] {logging_mixin.py:188} INFO - [2024-05-05T15:38:22.695+0000] {dag.py:3096} INFO - Sync 1 DAGs
[2024-05-05T15:38:22.740+0000] {logging_mixin.py:188} INFO - [2024-05-05T15:38:22.739+0000] {dag.py:3954} INFO - Setting next_dagrun for example_branch_operator to 2024-05-04 00:00:00+00:00, run_after=2024-05-05 00:00:00+00:00
[2024-05-05T15:38:22.760+0000] {processor.py:183} INFO - Processing /home/airflow/.local/lib/python3.12/site-packages/airflow/example_dags/example_branch_operator.py took 0.161 seconds
[2024-05-05T15:38:53.152+0000] {processor.py:161} INFO - Started process (PID=679) to work on /home/airflow/.local/lib/python3.12/site-packages/airflow/example_dags/example_branch_operator.py
[2024-05-05T15:38:53.157+0000] {processor.py:830} INFO - Processing file /home/airflow/.local/lib/python3.12/site-packages/airflow/example_dags/example_branch_operator.py for tasks to queue
[2024-05-05T15:38:53.158+0000] {logging_mixin.py:188} INFO - [2024-05-05T15:38:53.158+0000] {dagbag.py:540} INFO - Filling up the DagBag from /home/airflow/.local/lib/python3.12/site-packages/airflow/example_dags/example_branch_operator.py
[2024-05-05T15:38:53.274+0000] {processor.py:840} INFO - DAG(s) 'example_branch_operator' retrieved from /home/airflow/.local/lib/python3.12/site-packages/airflow/example_dags/example_branch_operator.py
[2024-05-05T15:38:53.436+0000] {logging_mixin.py:188} INFO - [2024-05-05T15:38:53.436+0000] {dag.py:3096} INFO - Sync 1 DAGs
[2024-05-05T15:38:53.523+0000] {logging_mixin.py:188} INFO - [2024-05-05T15:38:53.523+0000] {dag.py:3954} INFO - Setting next_dagrun for example_branch_operator to 2024-05-04 00:00:00+00:00, run_after=2024-05-05 00:00:00+00:00
[2024-05-05T15:38:53.575+0000] {processor.py:183} INFO - Processing /home/airflow/.local/lib/python3.12/site-packages/airflow/example_dags/example_branch_operator.py took 0.460 seconds
[2024-05-05T15:39:23.693+0000] {processor.py:161} INFO - Started process (PID=736) to work on /home/airflow/.local/lib/python3.12/site-packages/airflow/example_dags/example_branch_operator.py
[2024-05-05T15:39:23.694+0000] {processor.py:830} INFO - Processing file /home/airflow/.local/lib/python3.12/site-packages/airflow/example_dags/example_branch_operator.py for tasks to queue
[2024-05-05T15:39:23.696+0000] {logging_mixin.py:188} INFO - [2024-05-05T15:39:23.696+0000] {dagbag.py:540} INFO - Filling up the DagBag from /home/airflow/.local/lib/python3.12/site-packages/airflow/example_dags/example_branch_operator.py
[2024-05-05T15:39:23.742+0000] {processor.py:840} INFO - DAG(s) 'example_branch_operator' retrieved from /home/airflow/.local/lib/python3.12/site-packages/airflow/example_dags/example_branch_operator.py
[2024-05-05T15:39:23.817+0000] {logging_mixin.py:188} INFO - [2024-05-05T15:39:23.816+0000] {dag.py:3096} INFO - Sync 1 DAGs
[2024-05-05T15:39:23.875+0000] {logging_mixin.py:188} INFO - [2024-05-05T15:39:23.875+0000] {dag.py:3954} INFO - Setting next_dagrun for example_branch_operator to 2024-05-04 00:00:00+00:00, run_after=2024-05-05 00:00:00+00:00
[2024-05-05T15:39:24.362+0000] {processor.py:183} INFO - Processing /home/airflow/.local/lib/python3.12/site-packages/airflow/example_dags/example_branch_operator.py took 0.703 seconds
[2024-05-05T15:39:55.165+0000] {processor.py:161} INFO - Started process (PID=793) to work on /home/airflow/.local/lib/python3.12/site-packages/airflow/example_dags/example_branch_operator.py
[2024-05-05T15:39:55.165+0000] {processor.py:830} INFO - Processing file /home/airflow/.local/lib/python3.12/site-packages/airflow/example_dags/example_branch_operator.py for tasks to queue
[2024-05-05T15:39:55.167+0000] {logging_mixin.py:188} INFO - [2024-05-05T15:39:55.167+0000] {dagbag.py:540} INFO - Filling up the DagBag from /home/airflow/.local/lib/python3.12/site-packages/airflow/example_dags/example_branch_operator.py
[2024-05-05T15:39:55.226+0000] {processor.py:840} INFO - DAG(s) 'example_branch_operator' retrieved from /home/airflow/.local/lib/python3.12/site-packages/airflow/example_dags/example_branch_operator.py
[2024-05-05T15:39:55.275+0000] {logging_mixin.py:188} INFO - [2024-05-05T15:39:55.275+0000] {dag.py:3096} INFO - Sync 1 DAGs
[2024-05-05T15:39:55.305+0000] {logging_mixin.py:188} INFO - [2024-05-05T15:39:55.304+0000] {dag.py:3954} INFO - Setting next_dagrun for example_branch_operator to 2024-05-04 00:00:00+00:00, run_after=2024-05-05 00:00:00+00:00
[2024-05-05T15:39:55.544+0000] {processor.py:183} INFO - Processing /home/airflow/.local/lib/python3.12/site-packages/airflow/example_dags/example_branch_operator.py took 0.386 seconds
[2024-05-05T15:40:26.337+0000] {processor.py:161} INFO - Started process (PID=851) to work on /home/airflow/.local/lib/python3.12/site-packages/airflow/example_dags/example_branch_operator.py
[2024-05-05T15:40:26.338+0000] {processor.py:830} INFO - Processing file /home/airflow/.local/lib/python3.12/site-packages/airflow/example_dags/example_branch_operator.py for tasks to queue
[2024-05-05T15:40:26.340+0000] {logging_mixin.py:188} INFO - [2024-05-05T15:40:26.339+0000] {dagbag.py:540} INFO - Filling up the DagBag from /home/airflow/.local/lib/python3.12/site-packages/airflow/example_dags/example_branch_operator.py
[2024-05-05T15:40:26.360+0000] {processor.py:840} INFO - DAG(s) 'example_branch_operator' retrieved from /home/airflow/.local/lib/python3.12/site-packages/airflow/example_dags/example_branch_operator.py
[2024-05-05T15:40:26.398+0000] {logging_mixin.py:188} INFO - [2024-05-05T15:40:26.397+0000] {dag.py:3096} INFO - Sync 1 DAGs
[2024-05-05T15:40:26.424+0000] {logging_mixin.py:188} INFO - [2024-05-05T15:40:26.424+0000] {dag.py:3954} INFO - Setting next_dagrun for example_branch_operator to 2024-05-04 00:00:00+00:00, run_after=2024-05-05 00:00:00+00:00
[2024-05-05T15:40:26.608+0000] {processor.py:183} INFO - Processing /home/airflow/.local/lib/python3.12/site-packages/airflow/example_dags/example_branch_operator.py took 0.277 seconds
[2024-05-05T15:40:57.137+0000] {processor.py:161} INFO - Started process (PID=908) to work on /home/airflow/.local/lib/python3.12/site-packages/airflow/example_dags/example_branch_operator.py
[2024-05-05T15:40:57.138+0000] {processor.py:830} INFO - Processing file /home/airflow/.local/lib/python3.12/site-packages/airflow/example_dags/example_branch_operator.py for tasks to queue
[2024-05-05T15:40:57.140+0000] {logging_mixin.py:188} INFO - [2024-05-05T15:40:57.139+0000] {dagbag.py:540} INFO - Filling up the DagBag from /home/airflow/.local/lib/python3.12/site-packages/airflow/example_dags/example_branch_operator.py
[2024-05-05T15:40:57.160+0000] {processor.py:840} INFO - DAG(s) 'example_branch_operator' retrieved from /home/airflow/.local/lib/python3.12/site-packages/airflow/example_dags/example_branch_operator.py
[2024-05-05T15:40:57.201+0000] {logging_mixin.py:188} INFO - [2024-05-05T15:40:57.200+0000] {dag.py:3096} INFO - Sync 1 DAGs
[2024-05-05T15:40:57.228+0000] {logging_mixin.py:188} INFO - [2024-05-05T15:40:57.227+0000] {dag.py:3954} INFO - Setting next_dagrun for example_branch_operator to 2024-05-04 00:00:00+00:00, run_after=2024-05-05 00:00:00+00:00
[2024-05-05T15:40:57.468+0000] {processor.py:183} INFO - Processing /home/airflow/.local/lib/python3.12/site-packages/airflow/example_dags/example_branch_operator.py took 0.341 seconds
[2024-05-05T15:41:27.937+0000] {processor.py:161} INFO - Started process (PID=967) to work on /home/airflow/.local/lib/python3.12/site-packages/airflow/example_dags/example_branch_operator.py
[2024-05-05T15:41:27.938+0000] {processor.py:830} INFO - Processing file /home/airflow/.local/lib/python3.12/site-packages/airflow/example_dags/example_branch_operator.py for tasks to queue
[2024-05-05T15:41:27.940+0000] {logging_mixin.py:188} INFO - [2024-05-05T15:41:27.939+0000] {dagbag.py:540} INFO - Filling up the DagBag from /home/airflow/.local/lib/python3.12/site-packages/airflow/example_dags/example_branch_operator.py
[2024-05-05T15:41:27.961+0000] {processor.py:840} INFO - DAG(s) 'example_branch_operator' retrieved from /home/airflow/.local/lib/python3.12/site-packages/airflow/example_dags/example_branch_operator.py
[2024-05-05T15:41:27.998+0000] {logging_mixin.py:188} INFO - [2024-05-05T15:41:27.998+0000] {dag.py:3096} INFO - Sync 1 DAGs
[2024-05-05T15:41:28.025+0000] {logging_mixin.py:188} INFO - [2024-05-05T15:41:28.025+0000] {dag.py:3954} INFO - Setting next_dagrun for example_branch_operator to 2024-05-04 00:00:00+00:00, run_after=2024-05-05 00:00:00+00:00
[2024-05-05T15:41:28.049+0000] {processor.py:183} INFO - Processing /home/airflow/.local/lib/python3.12/site-packages/airflow/example_dags/example_branch_operator.py took 0.119 seconds
[2024-05-05T15:41:58.208+0000] {processor.py:161} INFO - Started process (PID=1026) to work on /home/airflow/.local/lib/python3.12/site-packages/airflow/example_dags/example_branch_operator.py
[2024-05-05T15:41:58.209+0000] {processor.py:830} INFO - Processing file /home/airflow/.local/lib/python3.12/site-packages/airflow/example_dags/example_branch_operator.py for tasks to queue
[2024-05-05T15:41:58.210+0000] {logging_mixin.py:188} INFO - [2024-05-05T15:41:58.210+0000] {dagbag.py:540} INFO - Filling up the DagBag from /home/airflow/.local/lib/python3.12/site-packages/airflow/example_dags/example_branch_operator.py
[2024-05-05T15:41:58.231+0000] {processor.py:840} INFO - DAG(s) 'example_branch_operator' retrieved from /home/airflow/.local/lib/python3.12/site-packages/airflow/example_dags/example_branch_operator.py
[2024-05-05T15:41:58.268+0000] {logging_mixin.py:188} INFO - [2024-05-05T15:41:58.268+0000] {dag.py:3096} INFO - Sync 1 DAGs
[2024-05-05T15:41:58.296+0000] {logging_mixin.py:188} INFO - [2024-05-05T15:41:58.296+0000] {dag.py:3954} INFO - Setting next_dagrun for example_branch_operator to 2024-05-04 00:00:00+00:00, run_after=2024-05-05 00:00:00+00:00
[2024-05-05T15:41:58.321+0000] {processor.py:183} INFO - Processing /home/airflow/.local/lib/python3.12/site-packages/airflow/example_dags/example_branch_operator.py took 0.120 seconds
[2024-05-05T15:42:28.485+0000] {processor.py:161} INFO - Started process (PID=1084) to work on /home/airflow/.local/lib/python3.12/site-packages/airflow/example_dags/example_branch_operator.py
[2024-05-05T15:42:28.487+0000] {processor.py:830} INFO - Processing file /home/airflow/.local/lib/python3.12/site-packages/airflow/example_dags/example_branch_operator.py for tasks to queue
[2024-05-05T15:42:28.489+0000] {logging_mixin.py:188} INFO - [2024-05-05T15:42:28.489+0000] {dagbag.py:540} INFO - Filling up the DagBag from /home/airflow/.local/lib/python3.12/site-packages/airflow/example_dags/example_branch_operator.py
[2024-05-05T15:42:28.517+0000] {processor.py:840} INFO - DAG(s) 'example_branch_operator' retrieved from /home/airflow/.local/lib/python3.12/site-packages/airflow/example_dags/example_branch_operator.py
[2024-05-05T15:42:28.632+0000] {logging_mixin.py:188} INFO - [2024-05-05T15:42:28.626+0000] {dag.py:3096} INFO - Sync 1 DAGs
[2024-05-05T15:42:28.699+0000] {logging_mixin.py:188} INFO - [2024-05-05T15:42:28.699+0000] {dag.py:3954} INFO - Setting next_dagrun for example_branch_operator to 2024-05-04 00:00:00+00:00, run_after=2024-05-05 00:00:00+00:00
[2024-05-05T15:42:28.734+0000] {processor.py:183} INFO - Processing /home/airflow/.local/lib/python3.12/site-packages/airflow/example_dags/example_branch_operator.py took 0.260 seconds
[2024-05-05T15:42:59.249+0000] {processor.py:161} INFO - Started process (PID=1142) to work on /home/airflow/.local/lib/python3.12/site-packages/airflow/example_dags/example_branch_operator.py
[2024-05-05T15:42:59.250+0000] {processor.py:830} INFO - Processing file /home/airflow/.local/lib/python3.12/site-packages/airflow/example_dags/example_branch_operator.py for tasks to queue
[2024-05-05T15:42:59.264+0000] {logging_mixin.py:188} INFO - [2024-05-05T15:42:59.251+0000] {dagbag.py:540} INFO - Filling up the DagBag from /home/airflow/.local/lib/python3.12/site-packages/airflow/example_dags/example_branch_operator.py
[2024-05-05T15:42:59.289+0000] {processor.py:840} INFO - DAG(s) 'example_branch_operator' retrieved from /home/airflow/.local/lib/python3.12/site-packages/airflow/example_dags/example_branch_operator.py
[2024-05-05T15:42:59.356+0000] {logging_mixin.py:188} INFO - [2024-05-05T15:42:59.356+0000] {dag.py:3096} INFO - Sync 1 DAGs
[2024-05-05T15:42:59.429+0000] {logging_mixin.py:188} INFO - [2024-05-05T15:42:59.414+0000] {dag.py:3954} INFO - Setting next_dagrun for example_branch_operator to 2024-05-04 00:00:00+00:00, run_after=2024-05-05 00:00:00+00:00
[2024-05-05T15:42:59.488+0000] {processor.py:183} INFO - Processing /home/airflow/.local/lib/python3.12/site-packages/airflow/example_dags/example_branch_operator.py took 0.260 seconds
[2024-05-05T15:43:30.161+0000] {processor.py:161} INFO - Started process (PID=1200) to work on /home/airflow/.local/lib/python3.12/site-packages/airflow/example_dags/example_branch_operator.py
[2024-05-05T15:43:30.176+0000] {processor.py:830} INFO - Processing file /home/airflow/.local/lib/python3.12/site-packages/airflow/example_dags/example_branch_operator.py for tasks to queue
[2024-05-05T15:43:30.178+0000] {logging_mixin.py:188} INFO - [2024-05-05T15:43:30.177+0000] {dagbag.py:540} INFO - Filling up the DagBag from /home/airflow/.local/lib/python3.12/site-packages/airflow/example_dags/example_branch_operator.py
[2024-05-05T15:43:30.234+0000] {processor.py:840} INFO - DAG(s) 'example_branch_operator' retrieved from /home/airflow/.local/lib/python3.12/site-packages/airflow/example_dags/example_branch_operator.py
[2024-05-05T15:43:30.341+0000] {logging_mixin.py:188} INFO - [2024-05-05T15:43:30.341+0000] {dag.py:3096} INFO - Sync 1 DAGs
[2024-05-05T15:43:30.424+0000] {logging_mixin.py:188} INFO - [2024-05-05T15:43:30.424+0000] {dag.py:3954} INFO - Setting next_dagrun for example_branch_operator to 2024-05-04 00:00:00+00:00, run_after=2024-05-05 00:00:00+00:00
[2024-05-05T15:43:30.482+0000] {processor.py:183} INFO - Processing /home/airflow/.local/lib/python3.12/site-packages/airflow/example_dags/example_branch_operator.py took 0.335 seconds
[2024-05-05T15:44:00.780+0000] {processor.py:161} INFO - Started process (PID=1258) to work on /home/airflow/.local/lib/python3.12/site-packages/airflow/example_dags/example_branch_operator.py
[2024-05-05T15:44:00.781+0000] {processor.py:830} INFO - Processing file /home/airflow/.local/lib/python3.12/site-packages/airflow/example_dags/example_branch_operator.py for tasks to queue
[2024-05-05T15:44:00.783+0000] {logging_mixin.py:188} INFO - [2024-05-05T15:44:00.782+0000] {dagbag.py:540} INFO - Filling up the DagBag from /home/airflow/.local/lib/python3.12/site-packages/airflow/example_dags/example_branch_operator.py
[2024-05-05T15:44:00.804+0000] {processor.py:840} INFO - DAG(s) 'example_branch_operator' retrieved from /home/airflow/.local/lib/python3.12/site-packages/airflow/example_dags/example_branch_operator.py
[2024-05-05T15:44:00.841+0000] {logging_mixin.py:188} INFO - [2024-05-05T15:44:00.841+0000] {dag.py:3096} INFO - Sync 1 DAGs
[2024-05-05T15:44:00.868+0000] {logging_mixin.py:188} INFO - [2024-05-05T15:44:00.868+0000] {dag.py:3954} INFO - Setting next_dagrun for example_branch_operator to 2024-05-04 00:00:00+00:00, run_after=2024-05-05 00:00:00+00:00
[2024-05-05T15:44:00.900+0000] {processor.py:183} INFO - Processing /home/airflow/.local/lib/python3.12/site-packages/airflow/example_dags/example_branch_operator.py took 0.126 seconds
[2024-05-05T15:44:31.027+0000] {processor.py:161} INFO - Started process (PID=1316) to work on /home/airflow/.local/lib/python3.12/site-packages/airflow/example_dags/example_branch_operator.py
[2024-05-05T15:44:31.028+0000] {processor.py:830} INFO - Processing file /home/airflow/.local/lib/python3.12/site-packages/airflow/example_dags/example_branch_operator.py for tasks to queue
[2024-05-05T15:44:31.030+0000] {logging_mixin.py:188} INFO - [2024-05-05T15:44:31.030+0000] {dagbag.py:540} INFO - Filling up the DagBag from /home/airflow/.local/lib/python3.12/site-packages/airflow/example_dags/example_branch_operator.py
[2024-05-05T15:44:31.052+0000] {processor.py:840} INFO - DAG(s) 'example_branch_operator' retrieved from /home/airflow/.local/lib/python3.12/site-packages/airflow/example_dags/example_branch_operator.py
[2024-05-05T15:44:31.093+0000] {logging_mixin.py:188} INFO - [2024-05-05T15:44:31.092+0000] {dag.py:3096} INFO - Sync 1 DAGs
[2024-05-05T15:44:31.120+0000] {logging_mixin.py:188} INFO - [2024-05-05T15:44:31.120+0000] {dag.py:3954} INFO - Setting next_dagrun for example_branch_operator to 2024-05-04 00:00:00+00:00, run_after=2024-05-05 00:00:00+00:00
[2024-05-05T15:44:31.143+0000] {processor.py:183} INFO - Processing /home/airflow/.local/lib/python3.12/site-packages/airflow/example_dags/example_branch_operator.py took 0.123 seconds
[2024-05-05T15:45:01.261+0000] {processor.py:161} INFO - Started process (PID=1373) to work on /home/airflow/.local/lib/python3.12/site-packages/airflow/example_dags/example_branch_operator.py
[2024-05-05T15:45:01.262+0000] {processor.py:830} INFO - Processing file /home/airflow/.local/lib/python3.12/site-packages/airflow/example_dags/example_branch_operator.py for tasks to queue
[2024-05-05T15:45:01.264+0000] {logging_mixin.py:188} INFO - [2024-05-05T15:45:01.263+0000] {dagbag.py:540} INFO - Filling up the DagBag from /home/airflow/.local/lib/python3.12/site-packages/airflow/example_dags/example_branch_operator.py
[2024-05-05T15:45:01.286+0000] {processor.py:840} INFO - DAG(s) 'example_branch_operator' retrieved from /home/airflow/.local/lib/python3.12/site-packages/airflow/example_dags/example_branch_operator.py
[2024-05-05T15:45:01.323+0000] {logging_mixin.py:188} INFO - [2024-05-05T15:45:01.323+0000] {dag.py:3096} INFO - Sync 1 DAGs
[2024-05-05T15:45:01.352+0000] {logging_mixin.py:188} INFO - [2024-05-05T15:45:01.351+0000] {dag.py:3954} INFO - Setting next_dagrun for example_branch_operator to 2024-05-04 00:00:00+00:00, run_after=2024-05-05 00:00:00+00:00
[2024-05-05T15:45:01.402+0000] {processor.py:183} INFO - Processing /home/airflow/.local/lib/python3.12/site-packages/airflow/example_dags/example_branch_operator.py took 0.147 seconds
[2024-05-05T15:45:31.695+0000] {processor.py:161} INFO - Started process (PID=1431) to work on /home/airflow/.local/lib/python3.12/site-packages/airflow/example_dags/example_branch_operator.py
[2024-05-05T15:45:31.696+0000] {processor.py:830} INFO - Processing file /home/airflow/.local/lib/python3.12/site-packages/airflow/example_dags/example_branch_operator.py for tasks to queue
[2024-05-05T15:45:31.697+0000] {logging_mixin.py:188} INFO - [2024-05-05T15:45:31.697+0000] {dagbag.py:540} INFO - Filling up the DagBag from /home/airflow/.local/lib/python3.12/site-packages/airflow/example_dags/example_branch_operator.py
[2024-05-05T15:45:31.718+0000] {processor.py:840} INFO - DAG(s) 'example_branch_operator' retrieved from /home/airflow/.local/lib/python3.12/site-packages/airflow/example_dags/example_branch_operator.py
[2024-05-05T15:45:31.756+0000] {logging_mixin.py:188} INFO - [2024-05-05T15:45:31.755+0000] {dag.py:3096} INFO - Sync 1 DAGs
[2024-05-05T15:45:31.782+0000] {logging_mixin.py:188} INFO - [2024-05-05T15:45:31.782+0000] {dag.py:3954} INFO - Setting next_dagrun for example_branch_operator to 2024-05-04 00:00:00+00:00, run_after=2024-05-05 00:00:00+00:00
[2024-05-05T15:45:31.805+0000] {processor.py:183} INFO - Processing /home/airflow/.local/lib/python3.12/site-packages/airflow/example_dags/example_branch_operator.py took 0.117 seconds
[2024-05-05T15:46:02.347+0000] {processor.py:161} INFO - Started process (PID=1490) to work on /home/airflow/.local/lib/python3.12/site-packages/airflow/example_dags/example_branch_operator.py
[2024-05-05T15:46:02.348+0000] {processor.py:830} INFO - Processing file /home/airflow/.local/lib/python3.12/site-packages/airflow/example_dags/example_branch_operator.py for tasks to queue
[2024-05-05T15:46:02.350+0000] {logging_mixin.py:188} INFO - [2024-05-05T15:46:02.350+0000] {dagbag.py:540} INFO - Filling up the DagBag from /home/airflow/.local/lib/python3.12/site-packages/airflow/example_dags/example_branch_operator.py
[2024-05-05T15:46:02.370+0000] {processor.py:840} INFO - DAG(s) 'example_branch_operator' retrieved from /home/airflow/.local/lib/python3.12/site-packages/airflow/example_dags/example_branch_operator.py
[2024-05-05T15:46:02.427+0000] {logging_mixin.py:188} INFO - [2024-05-05T15:46:02.427+0000] {dag.py:3096} INFO - Sync 1 DAGs
[2024-05-05T15:46:02.453+0000] {logging_mixin.py:188} INFO - [2024-05-05T15:46:02.453+0000] {dag.py:3954} INFO - Setting next_dagrun for example_branch_operator to 2024-05-04 00:00:00+00:00, run_after=2024-05-05 00:00:00+00:00
[2024-05-05T15:46:02.478+0000] {processor.py:183} INFO - Processing /home/airflow/.local/lib/python3.12/site-packages/airflow/example_dags/example_branch_operator.py took 0.137 seconds
[2024-05-05T15:46:33.415+0000] {processor.py:161} INFO - Started process (PID=1547) to work on /home/airflow/.local/lib/python3.12/site-packages/airflow/example_dags/example_branch_operator.py
[2024-05-05T15:46:33.416+0000] {processor.py:830} INFO - Processing file /home/airflow/.local/lib/python3.12/site-packages/airflow/example_dags/example_branch_operator.py for tasks to queue
[2024-05-05T15:46:33.418+0000] {logging_mixin.py:188} INFO - [2024-05-05T15:46:33.418+0000] {dagbag.py:540} INFO - Filling up the DagBag from /home/airflow/.local/lib/python3.12/site-packages/airflow/example_dags/example_branch_operator.py
[2024-05-05T15:46:33.440+0000] {processor.py:840} INFO - DAG(s) 'example_branch_operator' retrieved from /home/airflow/.local/lib/python3.12/site-packages/airflow/example_dags/example_branch_operator.py
[2024-05-05T15:46:33.478+0000] {logging_mixin.py:188} INFO - [2024-05-05T15:46:33.477+0000] {dag.py:3096} INFO - Sync 1 DAGs
[2024-05-05T15:46:33.522+0000] {logging_mixin.py:188} INFO - [2024-05-05T15:46:33.522+0000] {dag.py:3954} INFO - Setting next_dagrun for example_branch_operator to 2024-05-04 00:00:00+00:00, run_after=2024-05-05 00:00:00+00:00
[2024-05-05T15:46:33.549+0000] {processor.py:183} INFO - Processing /home/airflow/.local/lib/python3.12/site-packages/airflow/example_dags/example_branch_operator.py took 0.140 seconds
[2024-05-05T15:47:03.857+0000] {processor.py:161} INFO - Started process (PID=1604) to work on /home/airflow/.local/lib/python3.12/site-packages/airflow/example_dags/example_branch_operator.py
[2024-05-05T15:47:03.858+0000] {processor.py:830} INFO - Processing file /home/airflow/.local/lib/python3.12/site-packages/airflow/example_dags/example_branch_operator.py for tasks to queue
[2024-05-05T15:47:03.860+0000] {logging_mixin.py:188} INFO - [2024-05-05T15:47:03.859+0000] {dagbag.py:540} INFO - Filling up the DagBag from /home/airflow/.local/lib/python3.12/site-packages/airflow/example_dags/example_branch_operator.py
[2024-05-05T15:47:03.880+0000] {processor.py:840} INFO - DAG(s) 'example_branch_operator' retrieved from /home/airflow/.local/lib/python3.12/site-packages/airflow/example_dags/example_branch_operator.py
[2024-05-05T15:47:03.926+0000] {logging_mixin.py:188} INFO - [2024-05-05T15:47:03.926+0000] {dag.py:3096} INFO - Sync 1 DAGs
[2024-05-05T15:47:03.956+0000] {logging_mixin.py:188} INFO - [2024-05-05T15:47:03.956+0000] {dag.py:3954} INFO - Setting next_dagrun for example_branch_operator to 2024-05-04 00:00:00+00:00, run_after=2024-05-05 00:00:00+00:00
[2024-05-05T15:47:03.979+0000] {processor.py:183} INFO - Processing /home/airflow/.local/lib/python3.12/site-packages/airflow/example_dags/example_branch_operator.py took 0.129 seconds
[2024-05-05T15:47:34.076+0000] {processor.py:161} INFO - Started process (PID=1662) to work on /home/airflow/.local/lib/python3.12/site-packages/airflow/example_dags/example_branch_operator.py
[2024-05-05T15:47:34.077+0000] {processor.py:830} INFO - Processing file /home/airflow/.local/lib/python3.12/site-packages/airflow/example_dags/example_branch_operator.py for tasks to queue
[2024-05-05T15:47:34.079+0000] {logging_mixin.py:188} INFO - [2024-05-05T15:47:34.079+0000] {dagbag.py:540} INFO - Filling up the DagBag from /home/airflow/.local/lib/python3.12/site-packages/airflow/example_dags/example_branch_operator.py
[2024-05-05T15:47:34.101+0000] {processor.py:840} INFO - DAG(s) 'example_branch_operator' retrieved from /home/airflow/.local/lib/python3.12/site-packages/airflow/example_dags/example_branch_operator.py
[2024-05-05T15:47:34.143+0000] {logging_mixin.py:188} INFO - [2024-05-05T15:47:34.143+0000] {dag.py:3096} INFO - Sync 1 DAGs
[2024-05-05T15:47:34.178+0000] {logging_mixin.py:188} INFO - [2024-05-05T15:47:34.178+0000] {dag.py:3954} INFO - Setting next_dagrun for example_branch_operator to 2024-05-04 00:00:00+00:00, run_after=2024-05-05 00:00:00+00:00
[2024-05-05T15:47:34.207+0000] {processor.py:183} INFO - Processing /home/airflow/.local/lib/python3.12/site-packages/airflow/example_dags/example_branch_operator.py took 0.137 seconds
[2024-05-05T15:48:05.116+0000] {processor.py:161} INFO - Started process (PID=1721) to work on /home/airflow/.local/lib/python3.12/site-packages/airflow/example_dags/example_branch_operator.py
[2024-05-05T15:48:05.117+0000] {processor.py:830} INFO - Processing file /home/airflow/.local/lib/python3.12/site-packages/airflow/example_dags/example_branch_operator.py for tasks to queue
[2024-05-05T15:48:05.119+0000] {logging_mixin.py:188} INFO - [2024-05-05T15:48:05.118+0000] {dagbag.py:540} INFO - Filling up the DagBag from /home/airflow/.local/lib/python3.12/site-packages/airflow/example_dags/example_branch_operator.py
[2024-05-05T15:48:05.219+0000] {processor.py:840} INFO - DAG(s) 'example_branch_operator' retrieved from /home/airflow/.local/lib/python3.12/site-packages/airflow/example_dags/example_branch_operator.py
[2024-05-05T15:48:05.384+0000] {logging_mixin.py:188} INFO - [2024-05-05T15:48:05.384+0000] {dag.py:3096} INFO - Sync 1 DAGs
[2024-05-05T15:48:05.493+0000] {logging_mixin.py:188} INFO - [2024-05-05T15:48:05.493+0000] {dag.py:3954} INFO - Setting next_dagrun for example_branch_operator to 2024-05-04 00:00:00+00:00, run_after=2024-05-05 00:00:00+00:00
[2024-05-05T15:48:05.635+0000] {processor.py:183} INFO - Processing /home/airflow/.local/lib/python3.12/site-packages/airflow/example_dags/example_branch_operator.py took 0.547 seconds
[2024-05-05T15:48:35.878+0000] {processor.py:161} INFO - Started process (PID=1781) to work on /home/airflow/.local/lib/python3.12/site-packages/airflow/example_dags/example_branch_operator.py
[2024-05-05T15:48:35.888+0000] {processor.py:830} INFO - Processing file /home/airflow/.local/lib/python3.12/site-packages/airflow/example_dags/example_branch_operator.py for tasks to queue
[2024-05-05T15:48:35.890+0000] {logging_mixin.py:188} INFO - [2024-05-05T15:48:35.889+0000] {dagbag.py:540} INFO - Filling up the DagBag from /home/airflow/.local/lib/python3.12/site-packages/airflow/example_dags/example_branch_operator.py
[2024-05-05T15:48:35.974+0000] {processor.py:840} INFO - DAG(s) 'example_branch_operator' retrieved from /home/airflow/.local/lib/python3.12/site-packages/airflow/example_dags/example_branch_operator.py
[2024-05-05T15:48:36.074+0000] {logging_mixin.py:188} INFO - [2024-05-05T15:48:36.074+0000] {dag.py:3096} INFO - Sync 1 DAGs
[2024-05-05T15:48:36.247+0000] {logging_mixin.py:188} INFO - [2024-05-05T15:48:36.247+0000] {dag.py:3954} INFO - Setting next_dagrun for example_branch_operator to 2024-05-04 00:00:00+00:00, run_after=2024-05-05 00:00:00+00:00
[2024-05-05T15:48:36.348+0000] {processor.py:183} INFO - Processing /home/airflow/.local/lib/python3.12/site-packages/airflow/example_dags/example_branch_operator.py took 0.485 seconds
[2024-05-05T15:49:07.011+0000] {processor.py:161} INFO - Started process (PID=1840) to work on /home/airflow/.local/lib/python3.12/site-packages/airflow/example_dags/example_branch_operator.py
[2024-05-05T15:49:07.012+0000] {processor.py:830} INFO - Processing file /home/airflow/.local/lib/python3.12/site-packages/airflow/example_dags/example_branch_operator.py for tasks to queue
[2024-05-05T15:49:07.014+0000] {logging_mixin.py:188} INFO - [2024-05-05T15:49:07.013+0000] {dagbag.py:540} INFO - Filling up the DagBag from /home/airflow/.local/lib/python3.12/site-packages/airflow/example_dags/example_branch_operator.py
[2024-05-05T15:49:07.036+0000] {processor.py:840} INFO - DAG(s) 'example_branch_operator' retrieved from /home/airflow/.local/lib/python3.12/site-packages/airflow/example_dags/example_branch_operator.py
[2024-05-05T15:49:07.075+0000] {logging_mixin.py:188} INFO - [2024-05-05T15:49:07.075+0000] {dag.py:3096} INFO - Sync 1 DAGs
[2024-05-05T15:49:07.102+0000] {logging_mixin.py:188} INFO - [2024-05-05T15:49:07.102+0000] {dag.py:3954} INFO - Setting next_dagrun for example_branch_operator to 2024-05-04 00:00:00+00:00, run_after=2024-05-05 00:00:00+00:00
[2024-05-05T15:49:07.123+0000] {processor.py:183} INFO - Processing /home/airflow/.local/lib/python3.12/site-packages/airflow/example_dags/example_branch_operator.py took 0.119 seconds
[2024-05-05T15:49:37.845+0000] {processor.py:161} INFO - Started process (PID=1899) to work on /home/airflow/.local/lib/python3.12/site-packages/airflow/example_dags/example_branch_operator.py
[2024-05-05T15:49:37.848+0000] {processor.py:830} INFO - Processing file /home/airflow/.local/lib/python3.12/site-packages/airflow/example_dags/example_branch_operator.py for tasks to queue
[2024-05-05T15:49:37.850+0000] {logging_mixin.py:188} INFO - [2024-05-05T15:49:37.850+0000] {dagbag.py:540} INFO - Filling up the DagBag from /home/airflow/.local/lib/python3.12/site-packages/airflow/example_dags/example_branch_operator.py
[2024-05-05T15:49:37.873+0000] {processor.py:840} INFO - DAG(s) 'example_branch_operator' retrieved from /home/airflow/.local/lib/python3.12/site-packages/airflow/example_dags/example_branch_operator.py
[2024-05-05T15:49:37.911+0000] {logging_mixin.py:188} INFO - [2024-05-05T15:49:37.910+0000] {dag.py:3096} INFO - Sync 1 DAGs
[2024-05-05T15:49:37.937+0000] {logging_mixin.py:188} INFO - [2024-05-05T15:49:37.936+0000] {dag.py:3954} INFO - Setting next_dagrun for example_branch_operator to 2024-05-04 00:00:00+00:00, run_after=2024-05-05 00:00:00+00:00
[2024-05-05T15:49:37.961+0000] {processor.py:183} INFO - Processing /home/airflow/.local/lib/python3.12/site-packages/airflow/example_dags/example_branch_operator.py took 0.122 seconds
[2024-05-05T15:50:08.365+0000] {processor.py:161} INFO - Started process (PID=1958) to work on /home/airflow/.local/lib/python3.12/site-packages/airflow/example_dags/example_branch_operator.py
[2024-05-05T15:50:08.366+0000] {processor.py:830} INFO - Processing file /home/airflow/.local/lib/python3.12/site-packages/airflow/example_dags/example_branch_operator.py for tasks to queue
[2024-05-05T15:50:08.367+0000] {logging_mixin.py:188} INFO - [2024-05-05T15:50:08.367+0000] {dagbag.py:540} INFO - Filling up the DagBag from /home/airflow/.local/lib/python3.12/site-packages/airflow/example_dags/example_branch_operator.py
[2024-05-05T15:50:08.389+0000] {processor.py:840} INFO - DAG(s) 'example_branch_operator' retrieved from /home/airflow/.local/lib/python3.12/site-packages/airflow/example_dags/example_branch_operator.py
[2024-05-05T15:50:08.426+0000] {logging_mixin.py:188} INFO - [2024-05-05T15:50:08.426+0000] {dag.py:3096} INFO - Sync 1 DAGs
[2024-05-05T15:50:08.457+0000] {logging_mixin.py:188} INFO - [2024-05-05T15:50:08.457+0000] {dag.py:3954} INFO - Setting next_dagrun for example_branch_operator to 2024-05-04 00:00:00+00:00, run_after=2024-05-05 00:00:00+00:00
[2024-05-05T15:50:08.482+0000] {processor.py:183} INFO - Processing /home/airflow/.local/lib/python3.12/site-packages/airflow/example_dags/example_branch_operator.py took 0.124 seconds
[2024-05-05T15:50:39.180+0000] {processor.py:161} INFO - Started process (PID=2017) to work on /home/airflow/.local/lib/python3.12/site-packages/airflow/example_dags/example_branch_operator.py
[2024-05-05T15:50:39.184+0000] {processor.py:830} INFO - Processing file /home/airflow/.local/lib/python3.12/site-packages/airflow/example_dags/example_branch_operator.py for tasks to queue
[2024-05-05T15:50:39.185+0000] {logging_mixin.py:188} INFO - [2024-05-05T15:50:39.185+0000] {dagbag.py:540} INFO - Filling up the DagBag from /home/airflow/.local/lib/python3.12/site-packages/airflow/example_dags/example_branch_operator.py
[2024-05-05T15:50:39.209+0000] {processor.py:840} INFO - DAG(s) 'example_branch_operator' retrieved from /home/airflow/.local/lib/python3.12/site-packages/airflow/example_dags/example_branch_operator.py
[2024-05-05T15:50:39.296+0000] {logging_mixin.py:188} INFO - [2024-05-05T15:50:39.296+0000] {dag.py:3096} INFO - Sync 1 DAGs
[2024-05-05T15:50:39.323+0000] {logging_mixin.py:188} INFO - [2024-05-05T15:50:39.323+0000] {dag.py:3954} INFO - Setting next_dagrun for example_branch_operator to 2024-05-04 00:00:00+00:00, run_after=2024-05-05 00:00:00+00:00
[2024-05-05T15:50:39.349+0000] {processor.py:183} INFO - Processing /home/airflow/.local/lib/python3.12/site-packages/airflow/example_dags/example_branch_operator.py took 0.175 seconds
[2024-05-05T15:51:09.976+0000] {processor.py:161} INFO - Started process (PID=2075) to work on /home/airflow/.local/lib/python3.12/site-packages/airflow/example_dags/example_branch_operator.py
[2024-05-05T15:51:09.977+0000] {processor.py:830} INFO - Processing file /home/airflow/.local/lib/python3.12/site-packages/airflow/example_dags/example_branch_operator.py for tasks to queue
[2024-05-05T15:51:09.978+0000] {logging_mixin.py:188} INFO - [2024-05-05T15:51:09.978+0000] {dagbag.py:540} INFO - Filling up the DagBag from /home/airflow/.local/lib/python3.12/site-packages/airflow/example_dags/example_branch_operator.py
[2024-05-05T15:51:09.999+0000] {processor.py:840} INFO - DAG(s) 'example_branch_operator' retrieved from /home/airflow/.local/lib/python3.12/site-packages/airflow/example_dags/example_branch_operator.py
[2024-05-05T15:51:10.035+0000] {logging_mixin.py:188} INFO - [2024-05-05T15:51:10.035+0000] {dag.py:3096} INFO - Sync 1 DAGs
[2024-05-05T15:51:10.079+0000] {logging_mixin.py:188} INFO - [2024-05-05T15:51:10.079+0000] {dag.py:3954} INFO - Setting next_dagrun for example_branch_operator to 2024-05-04 00:00:00+00:00, run_after=2024-05-05 00:00:00+00:00
[2024-05-05T15:51:10.104+0000] {processor.py:183} INFO - Processing /home/airflow/.local/lib/python3.12/site-packages/airflow/example_dags/example_branch_operator.py took 0.134 seconds
[2024-05-05T15:51:40.374+0000] {processor.py:161} INFO - Started process (PID=2134) to work on /home/airflow/.local/lib/python3.12/site-packages/airflow/example_dags/example_branch_operator.py
[2024-05-05T15:51:40.377+0000] {processor.py:830} INFO - Processing file /home/airflow/.local/lib/python3.12/site-packages/airflow/example_dags/example_branch_operator.py for tasks to queue
[2024-05-05T15:51:40.379+0000] {logging_mixin.py:188} INFO - [2024-05-05T15:51:40.378+0000] {dagbag.py:540} INFO - Filling up the DagBag from /home/airflow/.local/lib/python3.12/site-packages/airflow/example_dags/example_branch_operator.py
[2024-05-05T15:51:40.401+0000] {processor.py:840} INFO - DAG(s) 'example_branch_operator' retrieved from /home/airflow/.local/lib/python3.12/site-packages/airflow/example_dags/example_branch_operator.py
[2024-05-05T15:51:40.437+0000] {logging_mixin.py:188} INFO - [2024-05-05T15:51:40.436+0000] {dag.py:3096} INFO - Sync 1 DAGs
[2024-05-05T15:51:40.462+0000] {logging_mixin.py:188} INFO - [2024-05-05T15:51:40.461+0000] {dag.py:3954} INFO - Setting next_dagrun for example_branch_operator to 2024-05-04 00:00:00+00:00, run_after=2024-05-05 00:00:00+00:00
[2024-05-05T15:51:40.502+0000] {processor.py:183} INFO - Processing /home/airflow/.local/lib/python3.12/site-packages/airflow/example_dags/example_branch_operator.py took 0.134 seconds
[2024-05-05T15:52:10.697+0000] {processor.py:161} INFO - Started process (PID=2194) to work on /home/airflow/.local/lib/python3.12/site-packages/airflow/example_dags/example_branch_operator.py
[2024-05-05T15:52:10.698+0000] {processor.py:830} INFO - Processing file /home/airflow/.local/lib/python3.12/site-packages/airflow/example_dags/example_branch_operator.py for tasks to queue
[2024-05-05T15:52:10.700+0000] {logging_mixin.py:188} INFO - [2024-05-05T15:52:10.699+0000] {dagbag.py:540} INFO - Filling up the DagBag from /home/airflow/.local/lib/python3.12/site-packages/airflow/example_dags/example_branch_operator.py
[2024-05-05T15:52:10.721+0000] {processor.py:840} INFO - DAG(s) 'example_branch_operator' retrieved from /home/airflow/.local/lib/python3.12/site-packages/airflow/example_dags/example_branch_operator.py
[2024-05-05T15:52:10.762+0000] {logging_mixin.py:188} INFO - [2024-05-05T15:52:10.762+0000] {dag.py:3096} INFO - Sync 1 DAGs
[2024-05-05T15:52:10.789+0000] {logging_mixin.py:188} INFO - [2024-05-05T15:52:10.789+0000] {dag.py:3954} INFO - Setting next_dagrun for example_branch_operator to 2024-05-04 00:00:00+00:00, run_after=2024-05-05 00:00:00+00:00
[2024-05-05T15:52:10.813+0000] {processor.py:183} INFO - Processing /home/airflow/.local/lib/python3.12/site-packages/airflow/example_dags/example_branch_operator.py took 0.122 seconds
[2024-05-05T15:52:40.970+0000] {processor.py:161} INFO - Started process (PID=2253) to work on /home/airflow/.local/lib/python3.12/site-packages/airflow/example_dags/example_branch_operator.py
[2024-05-05T15:52:40.971+0000] {processor.py:830} INFO - Processing file /home/airflow/.local/lib/python3.12/site-packages/airflow/example_dags/example_branch_operator.py for tasks to queue
[2024-05-05T15:52:40.980+0000] {logging_mixin.py:188} INFO - [2024-05-05T15:52:40.980+0000] {dagbag.py:540} INFO - Filling up the DagBag from /home/airflow/.local/lib/python3.12/site-packages/airflow/example_dags/example_branch_operator.py
[2024-05-05T15:52:41.039+0000] {processor.py:840} INFO - DAG(s) 'example_branch_operator' retrieved from /home/airflow/.local/lib/python3.12/site-packages/airflow/example_dags/example_branch_operator.py
[2024-05-05T15:52:41.254+0000] {logging_mixin.py:188} INFO - [2024-05-05T15:52:41.254+0000] {dag.py:3096} INFO - Sync 1 DAGs
[2024-05-05T15:52:41.398+0000] {logging_mixin.py:188} INFO - [2024-05-05T15:52:41.398+0000] {dag.py:3954} INFO - Setting next_dagrun for example_branch_operator to 2024-05-04 00:00:00+00:00, run_after=2024-05-05 00:00:00+00:00
[2024-05-05T15:52:41.499+0000] {processor.py:183} INFO - Processing /home/airflow/.local/lib/python3.12/site-packages/airflow/example_dags/example_branch_operator.py took 0.546 seconds
[2024-05-05T15:53:12.243+0000] {processor.py:161} INFO - Started process (PID=2312) to work on /home/airflow/.local/lib/python3.12/site-packages/airflow/example_dags/example_branch_operator.py
[2024-05-05T15:53:12.243+0000] {processor.py:830} INFO - Processing file /home/airflow/.local/lib/python3.12/site-packages/airflow/example_dags/example_branch_operator.py for tasks to queue
[2024-05-05T15:53:12.245+0000] {logging_mixin.py:188} INFO - [2024-05-05T15:53:12.245+0000] {dagbag.py:540} INFO - Filling up the DagBag from /home/airflow/.local/lib/python3.12/site-packages/airflow/example_dags/example_branch_operator.py
[2024-05-05T15:53:12.278+0000] {processor.py:840} INFO - DAG(s) 'example_branch_operator' retrieved from /home/airflow/.local/lib/python3.12/site-packages/airflow/example_dags/example_branch_operator.py
[2024-05-05T15:53:12.316+0000] {logging_mixin.py:188} INFO - [2024-05-05T15:53:12.316+0000] {dag.py:3096} INFO - Sync 1 DAGs
[2024-05-05T15:53:12.344+0000] {logging_mixin.py:188} INFO - [2024-05-05T15:53:12.344+0000] {dag.py:3954} INFO - Setting next_dagrun for example_branch_operator to 2024-05-04 00:00:00+00:00, run_after=2024-05-05 00:00:00+00:00
[2024-05-05T15:53:12.371+0000] {processor.py:183} INFO - Processing /home/airflow/.local/lib/python3.12/site-packages/airflow/example_dags/example_branch_operator.py took 0.135 seconds
[2024-05-05T15:53:42.755+0000] {processor.py:161} INFO - Started process (PID=2372) to work on /home/airflow/.local/lib/python3.12/site-packages/airflow/example_dags/example_branch_operator.py
[2024-05-05T15:53:42.756+0000] {processor.py:830} INFO - Processing file /home/airflow/.local/lib/python3.12/site-packages/airflow/example_dags/example_branch_operator.py for tasks to queue
[2024-05-05T15:53:42.758+0000] {logging_mixin.py:188} INFO - [2024-05-05T15:53:42.758+0000] {dagbag.py:540} INFO - Filling up the DagBag from /home/airflow/.local/lib/python3.12/site-packages/airflow/example_dags/example_branch_operator.py
[2024-05-05T15:53:42.779+0000] {processor.py:840} INFO - DAG(s) 'example_branch_operator' retrieved from /home/airflow/.local/lib/python3.12/site-packages/airflow/example_dags/example_branch_operator.py
[2024-05-05T15:53:42.835+0000] {logging_mixin.py:188} INFO - [2024-05-05T15:53:42.834+0000] {dag.py:3096} INFO - Sync 1 DAGs
[2024-05-05T15:53:42.874+0000] {logging_mixin.py:188} INFO - [2024-05-05T15:53:42.874+0000] {dag.py:3954} INFO - Setting next_dagrun for example_branch_operator to 2024-05-04 00:00:00+00:00, run_after=2024-05-05 00:00:00+00:00
[2024-05-05T15:53:42.911+0000] {processor.py:183} INFO - Processing /home/airflow/.local/lib/python3.12/site-packages/airflow/example_dags/example_branch_operator.py took 0.162 seconds
[2024-05-05T15:54:13.758+0000] {processor.py:161} INFO - Started process (PID=2433) to work on /home/airflow/.local/lib/python3.12/site-packages/airflow/example_dags/example_branch_operator.py
[2024-05-05T15:54:13.759+0000] {processor.py:830} INFO - Processing file /home/airflow/.local/lib/python3.12/site-packages/airflow/example_dags/example_branch_operator.py for tasks to queue
[2024-05-05T15:54:13.761+0000] {logging_mixin.py:188} INFO - [2024-05-05T15:54:13.760+0000] {dagbag.py:540} INFO - Filling up the DagBag from /home/airflow/.local/lib/python3.12/site-packages/airflow/example_dags/example_branch_operator.py
[2024-05-05T15:54:13.782+0000] {processor.py:840} INFO - DAG(s) 'example_branch_operator' retrieved from /home/airflow/.local/lib/python3.12/site-packages/airflow/example_dags/example_branch_operator.py
[2024-05-05T15:54:13.822+0000] {logging_mixin.py:188} INFO - [2024-05-05T15:54:13.821+0000] {dag.py:3096} INFO - Sync 1 DAGs
[2024-05-05T15:54:13.853+0000] {logging_mixin.py:188} INFO - [2024-05-05T15:54:13.852+0000] {dag.py:3954} INFO - Setting next_dagrun for example_branch_operator to 2024-05-04 00:00:00+00:00, run_after=2024-05-05 00:00:00+00:00
[2024-05-05T15:54:13.878+0000] {processor.py:183} INFO - Processing /home/airflow/.local/lib/python3.12/site-packages/airflow/example_dags/example_branch_operator.py took 0.128 seconds
[2024-05-05T15:54:44.398+0000] {processor.py:161} INFO - Started process (PID=2493) to work on /home/airflow/.local/lib/python3.12/site-packages/airflow/example_dags/example_branch_operator.py
[2024-05-05T15:54:44.399+0000] {processor.py:830} INFO - Processing file /home/airflow/.local/lib/python3.12/site-packages/airflow/example_dags/example_branch_operator.py for tasks to queue
[2024-05-05T15:54:44.401+0000] {logging_mixin.py:188} INFO - [2024-05-05T15:54:44.400+0000] {dagbag.py:540} INFO - Filling up the DagBag from /home/airflow/.local/lib/python3.12/site-packages/airflow/example_dags/example_branch_operator.py
[2024-05-05T15:54:44.425+0000] {processor.py:840} INFO - DAG(s) 'example_branch_operator' retrieved from /home/airflow/.local/lib/python3.12/site-packages/airflow/example_dags/example_branch_operator.py
[2024-05-05T15:54:44.460+0000] {logging_mixin.py:188} INFO - [2024-05-05T15:54:44.460+0000] {dag.py:3096} INFO - Sync 1 DAGs
[2024-05-05T15:54:44.486+0000] {logging_mixin.py:188} INFO - [2024-05-05T15:54:44.486+0000] {dag.py:3954} INFO - Setting next_dagrun for example_branch_operator to 2024-05-04 00:00:00+00:00, run_after=2024-05-05 00:00:00+00:00
[2024-05-05T15:54:44.515+0000] {processor.py:183} INFO - Processing /home/airflow/.local/lib/python3.12/site-packages/airflow/example_dags/example_branch_operator.py took 0.124 seconds
[2024-05-05T15:55:15.061+0000] {processor.py:161} INFO - Started process (PID=2553) to work on /home/airflow/.local/lib/python3.12/site-packages/airflow/example_dags/example_branch_operator.py
[2024-05-05T15:55:15.062+0000] {processor.py:830} INFO - Processing file /home/airflow/.local/lib/python3.12/site-packages/airflow/example_dags/example_branch_operator.py for tasks to queue
[2024-05-05T15:55:15.064+0000] {logging_mixin.py:188} INFO - [2024-05-05T15:55:15.064+0000] {dagbag.py:540} INFO - Filling up the DagBag from /home/airflow/.local/lib/python3.12/site-packages/airflow/example_dags/example_branch_operator.py
[2024-05-05T15:55:15.085+0000] {processor.py:840} INFO - DAG(s) 'example_branch_operator' retrieved from /home/airflow/.local/lib/python3.12/site-packages/airflow/example_dags/example_branch_operator.py
[2024-05-05T15:55:15.118+0000] {logging_mixin.py:188} INFO - [2024-05-05T15:55:15.118+0000] {dag.py:3096} INFO - Sync 1 DAGs
[2024-05-05T15:55:15.146+0000] {logging_mixin.py:188} INFO - [2024-05-05T15:55:15.145+0000] {dag.py:3954} INFO - Setting next_dagrun for example_branch_operator to 2024-05-04 00:00:00+00:00, run_after=2024-05-05 00:00:00+00:00
[2024-05-05T15:55:15.171+0000] {processor.py:183} INFO - Processing /home/airflow/.local/lib/python3.12/site-packages/airflow/example_dags/example_branch_operator.py took 0.117 seconds
[2024-05-05T15:55:45.958+0000] {processor.py:161} INFO - Started process (PID=2613) to work on /home/airflow/.local/lib/python3.12/site-packages/airflow/example_dags/example_branch_operator.py
[2024-05-05T15:55:45.959+0000] {processor.py:830} INFO - Processing file /home/airflow/.local/lib/python3.12/site-packages/airflow/example_dags/example_branch_operator.py for tasks to queue
[2024-05-05T15:55:45.961+0000] {logging_mixin.py:188} INFO - [2024-05-05T15:55:45.961+0000] {dagbag.py:540} INFO - Filling up the DagBag from /home/airflow/.local/lib/python3.12/site-packages/airflow/example_dags/example_branch_operator.py
[2024-05-05T15:55:45.981+0000] {processor.py:840} INFO - DAG(s) 'example_branch_operator' retrieved from /home/airflow/.local/lib/python3.12/site-packages/airflow/example_dags/example_branch_operator.py
[2024-05-05T15:55:46.015+0000] {logging_mixin.py:188} INFO - [2024-05-05T15:55:46.015+0000] {dag.py:3096} INFO - Sync 1 DAGs
[2024-05-05T15:55:46.046+0000] {logging_mixin.py:188} INFO - [2024-05-05T15:55:46.045+0000] {dag.py:3954} INFO - Setting next_dagrun for example_branch_operator to 2024-05-04 00:00:00+00:00, run_after=2024-05-05 00:00:00+00:00
[2024-05-05T15:55:46.071+0000] {processor.py:183} INFO - Processing /home/airflow/.local/lib/python3.12/site-packages/airflow/example_dags/example_branch_operator.py took 0.121 seconds
[2024-05-05T15:56:16.600+0000] {processor.py:161} INFO - Started process (PID=2673) to work on /home/airflow/.local/lib/python3.12/site-packages/airflow/example_dags/example_branch_operator.py
[2024-05-05T15:56:16.622+0000] {processor.py:830} INFO - Processing file /home/airflow/.local/lib/python3.12/site-packages/airflow/example_dags/example_branch_operator.py for tasks to queue
[2024-05-05T15:56:16.624+0000] {logging_mixin.py:188} INFO - [2024-05-05T15:56:16.624+0000] {dagbag.py:540} INFO - Filling up the DagBag from /home/airflow/.local/lib/python3.12/site-packages/airflow/example_dags/example_branch_operator.py
[2024-05-05T15:56:16.780+0000] {processor.py:840} INFO - DAG(s) 'example_branch_operator' retrieved from /home/airflow/.local/lib/python3.12/site-packages/airflow/example_dags/example_branch_operator.py
[2024-05-05T15:56:16.889+0000] {logging_mixin.py:188} INFO - [2024-05-05T15:56:16.889+0000] {dag.py:3096} INFO - Sync 1 DAGs
[2024-05-05T15:56:16.967+0000] {logging_mixin.py:188} INFO - [2024-05-05T15:56:16.967+0000] {dag.py:3954} INFO - Setting next_dagrun for example_branch_operator to 2024-05-04 00:00:00+00:00, run_after=2024-05-05 00:00:00+00:00
[2024-05-05T15:56:17.081+0000] {processor.py:183} INFO - Processing /home/airflow/.local/lib/python3.12/site-packages/airflow/example_dags/example_branch_operator.py took 0.487 seconds
[2024-05-05T15:56:47.881+0000] {processor.py:161} INFO - Started process (PID=2733) to work on /home/airflow/.local/lib/python3.12/site-packages/airflow/example_dags/example_branch_operator.py
[2024-05-05T15:56:47.882+0000] {processor.py:830} INFO - Processing file /home/airflow/.local/lib/python3.12/site-packages/airflow/example_dags/example_branch_operator.py for tasks to queue
[2024-05-05T15:56:47.884+0000] {logging_mixin.py:188} INFO - [2024-05-05T15:56:47.884+0000] {dagbag.py:540} INFO - Filling up the DagBag from /home/airflow/.local/lib/python3.12/site-packages/airflow/example_dags/example_branch_operator.py
[2024-05-05T15:56:47.914+0000] {processor.py:840} INFO - DAG(s) 'example_branch_operator' retrieved from /home/airflow/.local/lib/python3.12/site-packages/airflow/example_dags/example_branch_operator.py
[2024-05-05T15:56:47.993+0000] {logging_mixin.py:188} INFO - [2024-05-05T15:56:47.992+0000] {dag.py:3096} INFO - Sync 1 DAGs
[2024-05-05T15:56:48.039+0000] {logging_mixin.py:188} INFO - [2024-05-05T15:56:48.039+0000] {dag.py:3954} INFO - Setting next_dagrun for example_branch_operator to 2024-05-04 00:00:00+00:00, run_after=2024-05-05 00:00:00+00:00
[2024-05-05T15:56:48.113+0000] {processor.py:183} INFO - Processing /home/airflow/.local/lib/python3.12/site-packages/airflow/example_dags/example_branch_operator.py took 0.254 seconds
[2024-05-05T15:57:18.537+0000] {processor.py:161} INFO - Started process (PID=2793) to work on /home/airflow/.local/lib/python3.12/site-packages/airflow/example_dags/example_branch_operator.py
[2024-05-05T15:57:18.537+0000] {processor.py:830} INFO - Processing file /home/airflow/.local/lib/python3.12/site-packages/airflow/example_dags/example_branch_operator.py for tasks to queue
[2024-05-05T15:57:18.539+0000] {logging_mixin.py:188} INFO - [2024-05-05T15:57:18.539+0000] {dagbag.py:540} INFO - Filling up the DagBag from /home/airflow/.local/lib/python3.12/site-packages/airflow/example_dags/example_branch_operator.py
[2024-05-05T15:57:18.581+0000] {processor.py:840} INFO - DAG(s) 'example_branch_operator' retrieved from /home/airflow/.local/lib/python3.12/site-packages/airflow/example_dags/example_branch_operator.py
[2024-05-05T15:57:18.635+0000] {logging_mixin.py:188} INFO - [2024-05-05T15:57:18.635+0000] {dag.py:3096} INFO - Sync 1 DAGs
[2024-05-05T15:57:18.667+0000] {logging_mixin.py:188} INFO - [2024-05-05T15:57:18.667+0000] {dag.py:3954} INFO - Setting next_dagrun for example_branch_operator to 2024-05-04 00:00:00+00:00, run_after=2024-05-05 00:00:00+00:00
[2024-05-05T15:57:18.696+0000] {processor.py:183} INFO - Processing /home/airflow/.local/lib/python3.12/site-packages/airflow/example_dags/example_branch_operator.py took 0.169 seconds
[2024-05-05T15:57:48.975+0000] {processor.py:161} INFO - Started process (PID=2853) to work on /home/airflow/.local/lib/python3.12/site-packages/airflow/example_dags/example_branch_operator.py
[2024-05-05T15:57:48.976+0000] {processor.py:830} INFO - Processing file /home/airflow/.local/lib/python3.12/site-packages/airflow/example_dags/example_branch_operator.py for tasks to queue
[2024-05-05T15:57:48.978+0000] {logging_mixin.py:188} INFO - [2024-05-05T15:57:48.978+0000] {dagbag.py:540} INFO - Filling up the DagBag from /home/airflow/.local/lib/python3.12/site-packages/airflow/example_dags/example_branch_operator.py
[2024-05-05T15:57:48.998+0000] {processor.py:840} INFO - DAG(s) 'example_branch_operator' retrieved from /home/airflow/.local/lib/python3.12/site-packages/airflow/example_dags/example_branch_operator.py
[2024-05-05T15:57:49.034+0000] {logging_mixin.py:188} INFO - [2024-05-05T15:57:49.034+0000] {dag.py:3096} INFO - Sync 1 DAGs
[2024-05-05T15:57:49.060+0000] {logging_mixin.py:188} INFO - [2024-05-05T15:57:49.060+0000] {dag.py:3954} INFO - Setting next_dagrun for example_branch_operator to 2024-05-04 00:00:00+00:00, run_after=2024-05-05 00:00:00+00:00
[2024-05-05T15:57:49.087+0000] {processor.py:183} INFO - Processing /home/airflow/.local/lib/python3.12/site-packages/airflow/example_dags/example_branch_operator.py took 0.119 seconds
[2024-05-05T15:58:19.408+0000] {processor.py:161} INFO - Started process (PID=2915) to work on /home/airflow/.local/lib/python3.12/site-packages/airflow/example_dags/example_branch_operator.py
[2024-05-05T15:58:19.409+0000] {processor.py:830} INFO - Processing file /home/airflow/.local/lib/python3.12/site-packages/airflow/example_dags/example_branch_operator.py for tasks to queue
[2024-05-05T15:58:19.410+0000] {logging_mixin.py:188} INFO - [2024-05-05T15:58:19.410+0000] {dagbag.py:540} INFO - Filling up the DagBag from /home/airflow/.local/lib/python3.12/site-packages/airflow/example_dags/example_branch_operator.py
[2024-05-05T15:58:19.432+0000] {processor.py:840} INFO - DAG(s) 'example_branch_operator' retrieved from /home/airflow/.local/lib/python3.12/site-packages/airflow/example_dags/example_branch_operator.py
[2024-05-05T15:58:19.493+0000] {logging_mixin.py:188} INFO - [2024-05-05T15:58:19.493+0000] {dag.py:3096} INFO - Sync 1 DAGs
[2024-05-05T15:58:19.569+0000] {logging_mixin.py:188} INFO - [2024-05-05T15:58:19.568+0000] {dag.py:3954} INFO - Setting next_dagrun for example_branch_operator to 2024-05-04 00:00:00+00:00, run_after=2024-05-05 00:00:00+00:00
[2024-05-05T15:58:19.597+0000] {processor.py:183} INFO - Processing /home/airflow/.local/lib/python3.12/site-packages/airflow/example_dags/example_branch_operator.py took 0.196 seconds
[2024-05-05T15:58:50.338+0000] {processor.py:161} INFO - Started process (PID=2976) to work on /home/airflow/.local/lib/python3.12/site-packages/airflow/example_dags/example_branch_operator.py
[2024-05-05T15:58:50.342+0000] {processor.py:830} INFO - Processing file /home/airflow/.local/lib/python3.12/site-packages/airflow/example_dags/example_branch_operator.py for tasks to queue
[2024-05-05T15:58:50.377+0000] {logging_mixin.py:188} INFO - [2024-05-05T15:58:50.376+0000] {dagbag.py:540} INFO - Filling up the DagBag from /home/airflow/.local/lib/python3.12/site-packages/airflow/example_dags/example_branch_operator.py
[2024-05-05T15:58:50.440+0000] {processor.py:840} INFO - DAG(s) 'example_branch_operator' retrieved from /home/airflow/.local/lib/python3.12/site-packages/airflow/example_dags/example_branch_operator.py
[2024-05-05T15:58:50.589+0000] {logging_mixin.py:188} INFO - [2024-05-05T15:58:50.588+0000] {dag.py:3096} INFO - Sync 1 DAGs
[2024-05-05T15:58:50.678+0000] {logging_mixin.py:188} INFO - [2024-05-05T15:58:50.676+0000] {dag.py:3954} INFO - Setting next_dagrun for example_branch_operator to 2024-05-04 00:00:00+00:00, run_after=2024-05-05 00:00:00+00:00
[2024-05-05T15:58:50.715+0000] {processor.py:183} INFO - Processing /home/airflow/.local/lib/python3.12/site-packages/airflow/example_dags/example_branch_operator.py took 0.392 seconds
[2024-05-05T15:59:22.546+0000] {processor.py:161} INFO - Started process (PID=3037) to work on /home/airflow/.local/lib/python3.12/site-packages/airflow/example_dags/example_branch_operator.py
[2024-05-05T15:59:22.547+0000] {processor.py:830} INFO - Processing file /home/airflow/.local/lib/python3.12/site-packages/airflow/example_dags/example_branch_operator.py for tasks to queue
[2024-05-05T15:59:22.549+0000] {logging_mixin.py:188} INFO - [2024-05-05T15:59:22.549+0000] {dagbag.py:540} INFO - Filling up the DagBag from /home/airflow/.local/lib/python3.12/site-packages/airflow/example_dags/example_branch_operator.py
[2024-05-05T15:59:22.647+0000] {processor.py:840} INFO - DAG(s) 'example_branch_operator' retrieved from /home/airflow/.local/lib/python3.12/site-packages/airflow/example_dags/example_branch_operator.py
[2024-05-05T15:59:22.901+0000] {logging_mixin.py:188} INFO - [2024-05-05T15:59:22.901+0000] {dag.py:3096} INFO - Sync 1 DAGs
[2024-05-05T15:59:23.034+0000] {logging_mixin.py:188} INFO - [2024-05-05T15:59:23.034+0000] {dag.py:3954} INFO - Setting next_dagrun for example_branch_operator to 2024-05-04 00:00:00+00:00, run_after=2024-05-05 00:00:00+00:00
[2024-05-05T15:59:23.219+0000] {processor.py:183} INFO - Processing /home/airflow/.local/lib/python3.12/site-packages/airflow/example_dags/example_branch_operator.py took 0.699 seconds
[2024-05-05T15:59:54.967+0000] {processor.py:161} INFO - Started process (PID=3098) to work on /home/airflow/.local/lib/python3.12/site-packages/airflow/example_dags/example_branch_operator.py
[2024-05-05T15:59:54.967+0000] {processor.py:830} INFO - Processing file /home/airflow/.local/lib/python3.12/site-packages/airflow/example_dags/example_branch_operator.py for tasks to queue
[2024-05-05T15:59:54.986+0000] {logging_mixin.py:188} INFO - [2024-05-05T15:59:54.985+0000] {dagbag.py:540} INFO - Filling up the DagBag from /home/airflow/.local/lib/python3.12/site-packages/airflow/example_dags/example_branch_operator.py
[2024-05-05T15:59:55.063+0000] {processor.py:840} INFO - DAG(s) 'example_branch_operator' retrieved from /home/airflow/.local/lib/python3.12/site-packages/airflow/example_dags/example_branch_operator.py
[2024-05-05T15:59:55.179+0000] {logging_mixin.py:188} INFO - [2024-05-05T15:59:55.179+0000] {dag.py:3096} INFO - Sync 1 DAGs
[2024-05-05T15:59:55.340+0000] {logging_mixin.py:188} INFO - [2024-05-05T15:59:55.332+0000] {dag.py:3954} INFO - Setting next_dagrun for example_branch_operator to 2024-05-04 00:00:00+00:00, run_after=2024-05-05 00:00:00+00:00
[2024-05-05T15:59:55.621+0000] {processor.py:183} INFO - Processing /home/airflow/.local/lib/python3.12/site-packages/airflow/example_dags/example_branch_operator.py took 0.714 seconds
