[2024-05-05T15:33:36.187+0000] {processor.py:161} INFO - Started process (PID=76) to work on /home/airflow/.local/lib/python3.12/site-packages/airflow/example_dags/example_task_group.py
[2024-05-05T15:33:36.188+0000] {processor.py:830} INFO - Processing file /home/airflow/.local/lib/python3.12/site-packages/airflow/example_dags/example_task_group.py for tasks to queue
[2024-05-05T15:33:36.209+0000] {logging_mixin.py:188} INFO - [2024-05-05T15:33:36.209+0000] {dagbag.py:540} INFO - Filling up the DagBag from /home/airflow/.local/lib/python3.12/site-packages/airflow/example_dags/example_task_group.py
[2024-05-05T15:33:36.290+0000] {processor.py:840} INFO - DAG(s) 'example_task_group' retrieved from /home/airflow/.local/lib/python3.12/site-packages/airflow/example_dags/example_task_group.py
[2024-05-05T15:33:36.777+0000] {logging_mixin.py:188} INFO - [2024-05-05T15:33:36.776+0000] {override.py:1829} INFO - Created Permission View: can edit on DAG:example_task_group
[2024-05-05T15:33:36.811+0000] {logging_mixin.py:188} INFO - [2024-05-05T15:33:36.811+0000] {override.py:1829} INFO - Created Permission View: can read on DAG:example_task_group
[2024-05-05T15:33:36.835+0000] {logging_mixin.py:188} INFO - [2024-05-05T15:33:36.835+0000] {override.py:1829} INFO - Created Permission View: can delete on DAG:example_task_group
[2024-05-05T15:33:36.836+0000] {logging_mixin.py:188} INFO - [2024-05-05T15:33:36.835+0000] {dag.py:3096} INFO - Sync 1 DAGs
[2024-05-05T15:33:36.865+0000] {logging_mixin.py:188} INFO - [2024-05-05T15:33:36.865+0000] {dag.py:3118} INFO - Creating ORM DAG for example_task_group
[2024-05-05T15:33:36.878+0000] {logging_mixin.py:188} INFO - [2024-05-05T15:33:36.878+0000] {dag.py:3954} INFO - Setting next_dagrun for example_task_group to 2024-05-04 00:00:00+00:00, run_after=2024-05-05 00:00:00+00:00
[2024-05-05T15:33:36.904+0000] {processor.py:183} INFO - Processing /home/airflow/.local/lib/python3.12/site-packages/airflow/example_dags/example_task_group.py took 0.790 seconds
[2024-05-05T15:34:07.438+0000] {processor.py:161} INFO - Started process (PID=134) to work on /home/airflow/.local/lib/python3.12/site-packages/airflow/example_dags/example_task_group.py
[2024-05-05T15:34:07.439+0000] {processor.py:830} INFO - Processing file /home/airflow/.local/lib/python3.12/site-packages/airflow/example_dags/example_task_group.py for tasks to queue
[2024-05-05T15:34:07.440+0000] {logging_mixin.py:188} INFO - [2024-05-05T15:34:07.440+0000] {dagbag.py:540} INFO - Filling up the DagBag from /home/airflow/.local/lib/python3.12/site-packages/airflow/example_dags/example_task_group.py
[2024-05-05T15:34:07.457+0000] {processor.py:840} INFO - DAG(s) 'example_task_group' retrieved from /home/airflow/.local/lib/python3.12/site-packages/airflow/example_dags/example_task_group.py
[2024-05-05T15:34:07.542+0000] {logging_mixin.py:188} INFO - [2024-05-05T15:34:07.542+0000] {dag.py:3096} INFO - Sync 1 DAGs
[2024-05-05T15:34:07.653+0000] {logging_mixin.py:188} INFO - [2024-05-05T15:34:07.653+0000] {dag.py:3954} INFO - Setting next_dagrun for example_task_group to 2024-05-04 00:00:00+00:00, run_after=2024-05-05 00:00:00+00:00
[2024-05-05T15:34:07.708+0000] {processor.py:183} INFO - Processing /home/airflow/.local/lib/python3.12/site-packages/airflow/example_dags/example_task_group.py took 0.329 seconds
[2024-05-05T15:34:37.799+0000] {processor.py:161} INFO - Started process (PID=191) to work on /home/airflow/.local/lib/python3.12/site-packages/airflow/example_dags/example_task_group.py
[2024-05-05T15:34:37.800+0000] {processor.py:830} INFO - Processing file /home/airflow/.local/lib/python3.12/site-packages/airflow/example_dags/example_task_group.py for tasks to queue
[2024-05-05T15:34:37.801+0000] {logging_mixin.py:188} INFO - [2024-05-05T15:34:37.801+0000] {dagbag.py:540} INFO - Filling up the DagBag from /home/airflow/.local/lib/python3.12/site-packages/airflow/example_dags/example_task_group.py
[2024-05-05T15:34:37.808+0000] {processor.py:840} INFO - DAG(s) 'example_task_group' retrieved from /home/airflow/.local/lib/python3.12/site-packages/airflow/example_dags/example_task_group.py
[2024-05-05T15:34:37.826+0000] {logging_mixin.py:188} INFO - [2024-05-05T15:34:37.826+0000] {dag.py:3096} INFO - Sync 1 DAGs
[2024-05-05T15:34:37.852+0000] {logging_mixin.py:188} INFO - [2024-05-05T15:34:37.852+0000] {dag.py:3954} INFO - Setting next_dagrun for example_task_group to 2024-05-04 00:00:00+00:00, run_after=2024-05-05 00:00:00+00:00
[2024-05-05T15:34:37.880+0000] {processor.py:183} INFO - Processing /home/airflow/.local/lib/python3.12/site-packages/airflow/example_dags/example_task_group.py took 0.086 seconds
[2024-05-05T15:35:08.222+0000] {processor.py:161} INFO - Started process (PID=249) to work on /home/airflow/.local/lib/python3.12/site-packages/airflow/example_dags/example_task_group.py
[2024-05-05T15:35:08.223+0000] {processor.py:830} INFO - Processing file /home/airflow/.local/lib/python3.12/site-packages/airflow/example_dags/example_task_group.py for tasks to queue
[2024-05-05T15:35:08.225+0000] {logging_mixin.py:188} INFO - [2024-05-05T15:35:08.225+0000] {dagbag.py:540} INFO - Filling up the DagBag from /home/airflow/.local/lib/python3.12/site-packages/airflow/example_dags/example_task_group.py
[2024-05-05T15:35:08.234+0000] {processor.py:840} INFO - DAG(s) 'example_task_group' retrieved from /home/airflow/.local/lib/python3.12/site-packages/airflow/example_dags/example_task_group.py
[2024-05-05T15:35:08.284+0000] {logging_mixin.py:188} INFO - [2024-05-05T15:35:08.284+0000] {dag.py:3096} INFO - Sync 1 DAGs
[2024-05-05T15:35:08.327+0000] {logging_mixin.py:188} INFO - [2024-05-05T15:35:08.327+0000] {dag.py:3954} INFO - Setting next_dagrun for example_task_group to 2024-05-04 00:00:00+00:00, run_after=2024-05-05 00:00:00+00:00
[2024-05-05T15:35:08.373+0000] {processor.py:183} INFO - Processing /home/airflow/.local/lib/python3.12/site-packages/airflow/example_dags/example_task_group.py took 0.157 seconds
[2024-05-05T15:35:38.737+0000] {processor.py:161} INFO - Started process (PID=307) to work on /home/airflow/.local/lib/python3.12/site-packages/airflow/example_dags/example_task_group.py
[2024-05-05T15:35:38.741+0000] {processor.py:830} INFO - Processing file /home/airflow/.local/lib/python3.12/site-packages/airflow/example_dags/example_task_group.py for tasks to queue
[2024-05-05T15:35:38.743+0000] {logging_mixin.py:188} INFO - [2024-05-05T15:35:38.742+0000] {dagbag.py:540} INFO - Filling up the DagBag from /home/airflow/.local/lib/python3.12/site-packages/airflow/example_dags/example_task_group.py
[2024-05-05T15:35:38.751+0000] {processor.py:840} INFO - DAG(s) 'example_task_group' retrieved from /home/airflow/.local/lib/python3.12/site-packages/airflow/example_dags/example_task_group.py
[2024-05-05T15:35:38.776+0000] {logging_mixin.py:188} INFO - [2024-05-05T15:35:38.776+0000] {dag.py:3096} INFO - Sync 1 DAGs
[2024-05-05T15:35:38.802+0000] {logging_mixin.py:188} INFO - [2024-05-05T15:35:38.801+0000] {dag.py:3954} INFO - Setting next_dagrun for example_task_group to 2024-05-04 00:00:00+00:00, run_after=2024-05-05 00:00:00+00:00
[2024-05-05T15:35:38.827+0000] {processor.py:183} INFO - Processing /home/airflow/.local/lib/python3.12/site-packages/airflow/example_dags/example_task_group.py took 0.097 seconds
[2024-05-05T15:36:09.301+0000] {processor.py:161} INFO - Started process (PID=365) to work on /home/airflow/.local/lib/python3.12/site-packages/airflow/example_dags/example_task_group.py
[2024-05-05T15:36:09.302+0000] {processor.py:830} INFO - Processing file /home/airflow/.local/lib/python3.12/site-packages/airflow/example_dags/example_task_group.py for tasks to queue
[2024-05-05T15:36:09.304+0000] {logging_mixin.py:188} INFO - [2024-05-05T15:36:09.304+0000] {dagbag.py:540} INFO - Filling up the DagBag from /home/airflow/.local/lib/python3.12/site-packages/airflow/example_dags/example_task_group.py
[2024-05-05T15:36:09.312+0000] {processor.py:840} INFO - DAG(s) 'example_task_group' retrieved from /home/airflow/.local/lib/python3.12/site-packages/airflow/example_dags/example_task_group.py
[2024-05-05T15:36:09.339+0000] {logging_mixin.py:188} INFO - [2024-05-05T15:36:09.338+0000] {dag.py:3096} INFO - Sync 1 DAGs
[2024-05-05T15:36:09.363+0000] {logging_mixin.py:188} INFO - [2024-05-05T15:36:09.363+0000] {dag.py:3954} INFO - Setting next_dagrun for example_task_group to 2024-05-04 00:00:00+00:00, run_after=2024-05-05 00:00:00+00:00
[2024-05-05T15:36:09.387+0000] {processor.py:183} INFO - Processing /home/airflow/.local/lib/python3.12/site-packages/airflow/example_dags/example_task_group.py took 0.093 seconds
[2024-05-05T15:36:39.464+0000] {processor.py:161} INFO - Started process (PID=424) to work on /home/airflow/.local/lib/python3.12/site-packages/airflow/example_dags/example_task_group.py
[2024-05-05T15:36:39.468+0000] {processor.py:830} INFO - Processing file /home/airflow/.local/lib/python3.12/site-packages/airflow/example_dags/example_task_group.py for tasks to queue
[2024-05-05T15:36:39.470+0000] {logging_mixin.py:188} INFO - [2024-05-05T15:36:39.470+0000] {dagbag.py:540} INFO - Filling up the DagBag from /home/airflow/.local/lib/python3.12/site-packages/airflow/example_dags/example_task_group.py
[2024-05-05T15:36:39.491+0000] {processor.py:840} INFO - DAG(s) 'example_task_group' retrieved from /home/airflow/.local/lib/python3.12/site-packages/airflow/example_dags/example_task_group.py
[2024-05-05T15:36:39.534+0000] {logging_mixin.py:188} INFO - [2024-05-05T15:36:39.533+0000] {dag.py:3096} INFO - Sync 1 DAGs
[2024-05-05T15:36:39.562+0000] {logging_mixin.py:188} INFO - [2024-05-05T15:36:39.562+0000] {dag.py:3954} INFO - Setting next_dagrun for example_task_group to 2024-05-04 00:00:00+00:00, run_after=2024-05-05 00:00:00+00:00
[2024-05-05T15:36:39.592+0000] {processor.py:183} INFO - Processing /home/airflow/.local/lib/python3.12/site-packages/airflow/example_dags/example_task_group.py took 0.139 seconds
[2024-05-05T15:37:10.111+0000] {processor.py:161} INFO - Started process (PID=482) to work on /home/airflow/.local/lib/python3.12/site-packages/airflow/example_dags/example_task_group.py
[2024-05-05T15:37:10.136+0000] {processor.py:830} INFO - Processing file /home/airflow/.local/lib/python3.12/site-packages/airflow/example_dags/example_task_group.py for tasks to queue
[2024-05-05T15:37:10.138+0000] {logging_mixin.py:188} INFO - [2024-05-05T15:37:10.138+0000] {dagbag.py:540} INFO - Filling up the DagBag from /home/airflow/.local/lib/python3.12/site-packages/airflow/example_dags/example_task_group.py
[2024-05-05T15:37:10.186+0000] {processor.py:840} INFO - DAG(s) 'example_task_group' retrieved from /home/airflow/.local/lib/python3.12/site-packages/airflow/example_dags/example_task_group.py
[2024-05-05T15:37:10.287+0000] {logging_mixin.py:188} INFO - [2024-05-05T15:37:10.286+0000] {dag.py:3096} INFO - Sync 1 DAGs
[2024-05-05T15:37:10.415+0000] {logging_mixin.py:188} INFO - [2024-05-05T15:37:10.415+0000] {dag.py:3954} INFO - Setting next_dagrun for example_task_group to 2024-05-04 00:00:00+00:00, run_after=2024-05-05 00:00:00+00:00
[2024-05-05T15:37:10.547+0000] {processor.py:183} INFO - Processing /home/airflow/.local/lib/python3.12/site-packages/airflow/example_dags/example_task_group.py took 0.468 seconds
[2024-05-05T15:37:41.290+0000] {processor.py:161} INFO - Started process (PID=541) to work on /home/airflow/.local/lib/python3.12/site-packages/airflow/example_dags/example_task_group.py
[2024-05-05T15:37:41.301+0000] {processor.py:830} INFO - Processing file /home/airflow/.local/lib/python3.12/site-packages/airflow/example_dags/example_task_group.py for tasks to queue
[2024-05-05T15:37:41.303+0000] {logging_mixin.py:188} INFO - [2024-05-05T15:37:41.303+0000] {dagbag.py:540} INFO - Filling up the DagBag from /home/airflow/.local/lib/python3.12/site-packages/airflow/example_dags/example_task_group.py
[2024-05-05T15:37:41.312+0000] {processor.py:840} INFO - DAG(s) 'example_task_group' retrieved from /home/airflow/.local/lib/python3.12/site-packages/airflow/example_dags/example_task_group.py
[2024-05-05T15:37:41.376+0000] {logging_mixin.py:188} INFO - [2024-05-05T15:37:41.375+0000] {dag.py:3096} INFO - Sync 1 DAGs
[2024-05-05T15:37:41.446+0000] {logging_mixin.py:188} INFO - [2024-05-05T15:37:41.446+0000] {dag.py:3954} INFO - Setting next_dagrun for example_task_group to 2024-05-04 00:00:00+00:00, run_after=2024-05-05 00:00:00+00:00
[2024-05-05T15:37:41.569+0000] {processor.py:183} INFO - Processing /home/airflow/.local/lib/python3.12/site-packages/airflow/example_dags/example_task_group.py took 0.334 seconds
[2024-05-05T15:38:12.113+0000] {processor.py:161} INFO - Started process (PID=600) to work on /home/airflow/.local/lib/python3.12/site-packages/airflow/example_dags/example_task_group.py
[2024-05-05T15:38:12.114+0000] {processor.py:830} INFO - Processing file /home/airflow/.local/lib/python3.12/site-packages/airflow/example_dags/example_task_group.py for tasks to queue
[2024-05-05T15:38:12.115+0000] {logging_mixin.py:188} INFO - [2024-05-05T15:38:12.115+0000] {dagbag.py:540} INFO - Filling up the DagBag from /home/airflow/.local/lib/python3.12/site-packages/airflow/example_dags/example_task_group.py
[2024-05-05T15:38:12.126+0000] {processor.py:840} INFO - DAG(s) 'example_task_group' retrieved from /home/airflow/.local/lib/python3.12/site-packages/airflow/example_dags/example_task_group.py
[2024-05-05T15:38:12.163+0000] {logging_mixin.py:188} INFO - [2024-05-05T15:38:12.163+0000] {dag.py:3096} INFO - Sync 1 DAGs
[2024-05-05T15:38:12.193+0000] {logging_mixin.py:188} INFO - [2024-05-05T15:38:12.193+0000] {dag.py:3954} INFO - Setting next_dagrun for example_task_group to 2024-05-04 00:00:00+00:00, run_after=2024-05-05 00:00:00+00:00
[2024-05-05T15:38:12.244+0000] {processor.py:183} INFO - Processing /home/airflow/.local/lib/python3.12/site-packages/airflow/example_dags/example_task_group.py took 0.138 seconds
[2024-05-05T15:38:42.348+0000] {processor.py:161} INFO - Started process (PID=657) to work on /home/airflow/.local/lib/python3.12/site-packages/airflow/example_dags/example_task_group.py
[2024-05-05T15:38:42.348+0000] {processor.py:830} INFO - Processing file /home/airflow/.local/lib/python3.12/site-packages/airflow/example_dags/example_task_group.py for tasks to queue
[2024-05-05T15:38:42.350+0000] {logging_mixin.py:188} INFO - [2024-05-05T15:38:42.349+0000] {dagbag.py:540} INFO - Filling up the DagBag from /home/airflow/.local/lib/python3.12/site-packages/airflow/example_dags/example_task_group.py
[2024-05-05T15:38:42.355+0000] {processor.py:840} INFO - DAG(s) 'example_task_group' retrieved from /home/airflow/.local/lib/python3.12/site-packages/airflow/example_dags/example_task_group.py
[2024-05-05T15:38:42.372+0000] {logging_mixin.py:188} INFO - [2024-05-05T15:38:42.372+0000] {dag.py:3096} INFO - Sync 1 DAGs
[2024-05-05T15:38:42.390+0000] {logging_mixin.py:188} INFO - [2024-05-05T15:38:42.390+0000] {dag.py:3954} INFO - Setting next_dagrun for example_task_group to 2024-05-04 00:00:00+00:00, run_after=2024-05-05 00:00:00+00:00
[2024-05-05T15:38:42.411+0000] {processor.py:183} INFO - Processing /home/airflow/.local/lib/python3.12/site-packages/airflow/example_dags/example_task_group.py took 0.069 seconds
[2024-05-05T15:39:12.492+0000] {processor.py:161} INFO - Started process (PID=715) to work on /home/airflow/.local/lib/python3.12/site-packages/airflow/example_dags/example_task_group.py
[2024-05-05T15:39:12.493+0000] {processor.py:830} INFO - Processing file /home/airflow/.local/lib/python3.12/site-packages/airflow/example_dags/example_task_group.py for tasks to queue
[2024-05-05T15:39:12.494+0000] {logging_mixin.py:188} INFO - [2024-05-05T15:39:12.494+0000] {dagbag.py:540} INFO - Filling up the DagBag from /home/airflow/.local/lib/python3.12/site-packages/airflow/example_dags/example_task_group.py
[2024-05-05T15:39:12.500+0000] {processor.py:840} INFO - DAG(s) 'example_task_group' retrieved from /home/airflow/.local/lib/python3.12/site-packages/airflow/example_dags/example_task_group.py
[2024-05-05T15:39:12.518+0000] {logging_mixin.py:188} INFO - [2024-05-05T15:39:12.518+0000] {dag.py:3096} INFO - Sync 1 DAGs
[2024-05-05T15:39:12.538+0000] {logging_mixin.py:188} INFO - [2024-05-05T15:39:12.538+0000] {dag.py:3954} INFO - Setting next_dagrun for example_task_group to 2024-05-04 00:00:00+00:00, run_after=2024-05-05 00:00:00+00:00
[2024-05-05T15:39:12.559+0000] {processor.py:183} INFO - Processing /home/airflow/.local/lib/python3.12/site-packages/airflow/example_dags/example_task_group.py took 0.072 seconds
[2024-05-05T15:39:43.299+0000] {processor.py:161} INFO - Started process (PID=775) to work on /home/airflow/.local/lib/python3.12/site-packages/airflow/example_dags/example_task_group.py
[2024-05-05T15:39:43.300+0000] {processor.py:830} INFO - Processing file /home/airflow/.local/lib/python3.12/site-packages/airflow/example_dags/example_task_group.py for tasks to queue
[2024-05-05T15:39:43.302+0000] {logging_mixin.py:188} INFO - [2024-05-05T15:39:43.301+0000] {dagbag.py:540} INFO - Filling up the DagBag from /home/airflow/.local/lib/python3.12/site-packages/airflow/example_dags/example_task_group.py
[2024-05-05T15:39:43.313+0000] {processor.py:840} INFO - DAG(s) 'example_task_group' retrieved from /home/airflow/.local/lib/python3.12/site-packages/airflow/example_dags/example_task_group.py
[2024-05-05T15:39:43.342+0000] {logging_mixin.py:188} INFO - [2024-05-05T15:39:43.341+0000] {dag.py:3096} INFO - Sync 1 DAGs
[2024-05-05T15:39:43.396+0000] {logging_mixin.py:188} INFO - [2024-05-05T15:39:43.396+0000] {dag.py:3954} INFO - Setting next_dagrun for example_task_group to 2024-05-04 00:00:00+00:00, run_after=2024-05-05 00:00:00+00:00
[2024-05-05T15:39:43.424+0000] {processor.py:183} INFO - Processing /home/airflow/.local/lib/python3.12/site-packages/airflow/example_dags/example_task_group.py took 0.132 seconds
[2024-05-05T15:40:13.551+0000] {processor.py:161} INFO - Started process (PID=832) to work on /home/airflow/.local/lib/python3.12/site-packages/airflow/example_dags/example_task_group.py
[2024-05-05T15:40:13.557+0000] {processor.py:830} INFO - Processing file /home/airflow/.local/lib/python3.12/site-packages/airflow/example_dags/example_task_group.py for tasks to queue
[2024-05-05T15:40:13.560+0000] {logging_mixin.py:188} INFO - [2024-05-05T15:40:13.560+0000] {dagbag.py:540} INFO - Filling up the DagBag from /home/airflow/.local/lib/python3.12/site-packages/airflow/example_dags/example_task_group.py
[2024-05-05T15:40:13.585+0000] {processor.py:840} INFO - DAG(s) 'example_task_group' retrieved from /home/airflow/.local/lib/python3.12/site-packages/airflow/example_dags/example_task_group.py
[2024-05-05T15:40:13.636+0000] {logging_mixin.py:188} INFO - [2024-05-05T15:40:13.636+0000] {dag.py:3096} INFO - Sync 1 DAGs
[2024-05-05T15:40:13.662+0000] {logging_mixin.py:188} INFO - [2024-05-05T15:40:13.662+0000] {dag.py:3954} INFO - Setting next_dagrun for example_task_group to 2024-05-04 00:00:00+00:00, run_after=2024-05-05 00:00:00+00:00
[2024-05-05T15:40:13.686+0000] {processor.py:183} INFO - Processing /home/airflow/.local/lib/python3.12/site-packages/airflow/example_dags/example_task_group.py took 0.150 seconds
[2024-05-05T15:40:44.287+0000] {processor.py:161} INFO - Started process (PID=890) to work on /home/airflow/.local/lib/python3.12/site-packages/airflow/example_dags/example_task_group.py
[2024-05-05T15:40:44.287+0000] {processor.py:830} INFO - Processing file /home/airflow/.local/lib/python3.12/site-packages/airflow/example_dags/example_task_group.py for tasks to queue
[2024-05-05T15:40:44.291+0000] {logging_mixin.py:188} INFO - [2024-05-05T15:40:44.290+0000] {dagbag.py:540} INFO - Filling up the DagBag from /home/airflow/.local/lib/python3.12/site-packages/airflow/example_dags/example_task_group.py
[2024-05-05T15:40:44.299+0000] {processor.py:840} INFO - DAG(s) 'example_task_group' retrieved from /home/airflow/.local/lib/python3.12/site-packages/airflow/example_dags/example_task_group.py
[2024-05-05T15:40:44.330+0000] {logging_mixin.py:188} INFO - [2024-05-05T15:40:44.330+0000] {dag.py:3096} INFO - Sync 1 DAGs
[2024-05-05T15:40:44.356+0000] {logging_mixin.py:188} INFO - [2024-05-05T15:40:44.356+0000] {dag.py:3954} INFO - Setting next_dagrun for example_task_group to 2024-05-04 00:00:00+00:00, run_after=2024-05-05 00:00:00+00:00
[2024-05-05T15:40:44.380+0000] {processor.py:183} INFO - Processing /home/airflow/.local/lib/python3.12/site-packages/airflow/example_dags/example_task_group.py took 0.102 seconds
[2024-05-05T15:41:14.877+0000] {processor.py:161} INFO - Started process (PID=947) to work on /home/airflow/.local/lib/python3.12/site-packages/airflow/example_dags/example_task_group.py
[2024-05-05T15:41:14.878+0000] {processor.py:830} INFO - Processing file /home/airflow/.local/lib/python3.12/site-packages/airflow/example_dags/example_task_group.py for tasks to queue
[2024-05-05T15:41:14.880+0000] {logging_mixin.py:188} INFO - [2024-05-05T15:41:14.880+0000] {dagbag.py:540} INFO - Filling up the DagBag from /home/airflow/.local/lib/python3.12/site-packages/airflow/example_dags/example_task_group.py
[2024-05-05T15:41:14.889+0000] {processor.py:840} INFO - DAG(s) 'example_task_group' retrieved from /home/airflow/.local/lib/python3.12/site-packages/airflow/example_dags/example_task_group.py
[2024-05-05T15:41:15.047+0000] {logging_mixin.py:188} INFO - [2024-05-05T15:41:15.047+0000] {dag.py:3096} INFO - Sync 1 DAGs
[2024-05-05T15:41:15.063+0000] {logging_mixin.py:188} INFO - [2024-05-05T15:41:15.063+0000] {dag.py:3954} INFO - Setting next_dagrun for example_task_group to 2024-05-04 00:00:00+00:00, run_after=2024-05-05 00:00:00+00:00
[2024-05-05T15:41:15.083+0000] {processor.py:183} INFO - Processing /home/airflow/.local/lib/python3.12/site-packages/airflow/example_dags/example_task_group.py took 0.213 seconds
[2024-05-05T15:41:45.790+0000] {processor.py:161} INFO - Started process (PID=1006) to work on /home/airflow/.local/lib/python3.12/site-packages/airflow/example_dags/example_task_group.py
[2024-05-05T15:41:45.791+0000] {processor.py:830} INFO - Processing file /home/airflow/.local/lib/python3.12/site-packages/airflow/example_dags/example_task_group.py for tasks to queue
[2024-05-05T15:41:45.798+0000] {logging_mixin.py:188} INFO - [2024-05-05T15:41:45.797+0000] {dagbag.py:540} INFO - Filling up the DagBag from /home/airflow/.local/lib/python3.12/site-packages/airflow/example_dags/example_task_group.py
[2024-05-05T15:41:45.806+0000] {processor.py:840} INFO - DAG(s) 'example_task_group' retrieved from /home/airflow/.local/lib/python3.12/site-packages/airflow/example_dags/example_task_group.py
[2024-05-05T15:41:45.901+0000] {logging_mixin.py:188} INFO - [2024-05-05T15:41:45.901+0000] {dag.py:3096} INFO - Sync 1 DAGs
[2024-05-05T15:41:45.998+0000] {logging_mixin.py:188} INFO - [2024-05-05T15:41:45.997+0000] {dag.py:3954} INFO - Setting next_dagrun for example_task_group to 2024-05-04 00:00:00+00:00, run_after=2024-05-05 00:00:00+00:00
[2024-05-05T15:41:46.064+0000] {processor.py:183} INFO - Processing /home/airflow/.local/lib/python3.12/site-packages/airflow/example_dags/example_task_group.py took 0.289 seconds
[2024-05-05T15:42:16.419+0000] {processor.py:161} INFO - Started process (PID=1065) to work on /home/airflow/.local/lib/python3.12/site-packages/airflow/example_dags/example_task_group.py
[2024-05-05T15:42:16.433+0000] {processor.py:830} INFO - Processing file /home/airflow/.local/lib/python3.12/site-packages/airflow/example_dags/example_task_group.py for tasks to queue
[2024-05-05T15:42:16.439+0000] {logging_mixin.py:188} INFO - [2024-05-05T15:42:16.439+0000] {dagbag.py:540} INFO - Filling up the DagBag from /home/airflow/.local/lib/python3.12/site-packages/airflow/example_dags/example_task_group.py
[2024-05-05T15:42:16.474+0000] {processor.py:840} INFO - DAG(s) 'example_task_group' retrieved from /home/airflow/.local/lib/python3.12/site-packages/airflow/example_dags/example_task_group.py
[2024-05-05T15:42:16.507+0000] {logging_mixin.py:188} INFO - [2024-05-05T15:42:16.507+0000] {dag.py:3096} INFO - Sync 1 DAGs
[2024-05-05T15:42:16.535+0000] {logging_mixin.py:188} INFO - [2024-05-05T15:42:16.534+0000] {dag.py:3954} INFO - Setting next_dagrun for example_task_group to 2024-05-04 00:00:00+00:00, run_after=2024-05-05 00:00:00+00:00
[2024-05-05T15:42:16.560+0000] {processor.py:183} INFO - Processing /home/airflow/.local/lib/python3.12/site-packages/airflow/example_dags/example_task_group.py took 0.148 seconds
[2024-05-05T15:42:47.628+0000] {processor.py:161} INFO - Started process (PID=1123) to work on /home/airflow/.local/lib/python3.12/site-packages/airflow/example_dags/example_task_group.py
[2024-05-05T15:42:47.629+0000] {processor.py:830} INFO - Processing file /home/airflow/.local/lib/python3.12/site-packages/airflow/example_dags/example_task_group.py for tasks to queue
[2024-05-05T15:42:47.631+0000] {logging_mixin.py:188} INFO - [2024-05-05T15:42:47.631+0000] {dagbag.py:540} INFO - Filling up the DagBag from /home/airflow/.local/lib/python3.12/site-packages/airflow/example_dags/example_task_group.py
[2024-05-05T15:42:47.641+0000] {processor.py:840} INFO - DAG(s) 'example_task_group' retrieved from /home/airflow/.local/lib/python3.12/site-packages/airflow/example_dags/example_task_group.py
[2024-05-05T15:42:47.678+0000] {logging_mixin.py:188} INFO - [2024-05-05T15:42:47.677+0000] {dag.py:3096} INFO - Sync 1 DAGs
[2024-05-05T15:42:47.713+0000] {logging_mixin.py:188} INFO - [2024-05-05T15:42:47.713+0000] {dag.py:3954} INFO - Setting next_dagrun for example_task_group to 2024-05-04 00:00:00+00:00, run_after=2024-05-05 00:00:00+00:00
[2024-05-05T15:42:47.760+0000] {processor.py:183} INFO - Processing /home/airflow/.local/lib/python3.12/site-packages/airflow/example_dags/example_task_group.py took 0.154 seconds
[2024-05-05T15:43:18.238+0000] {processor.py:161} INFO - Started process (PID=1181) to work on /home/airflow/.local/lib/python3.12/site-packages/airflow/example_dags/example_task_group.py
[2024-05-05T15:43:18.240+0000] {processor.py:830} INFO - Processing file /home/airflow/.local/lib/python3.12/site-packages/airflow/example_dags/example_task_group.py for tasks to queue
[2024-05-05T15:43:18.243+0000] {logging_mixin.py:188} INFO - [2024-05-05T15:43:18.243+0000] {dagbag.py:540} INFO - Filling up the DagBag from /home/airflow/.local/lib/python3.12/site-packages/airflow/example_dags/example_task_group.py
[2024-05-05T15:43:18.272+0000] {processor.py:840} INFO - DAG(s) 'example_task_group' retrieved from /home/airflow/.local/lib/python3.12/site-packages/airflow/example_dags/example_task_group.py
[2024-05-05T15:43:18.343+0000] {logging_mixin.py:188} INFO - [2024-05-05T15:43:18.342+0000] {dag.py:3096} INFO - Sync 1 DAGs
[2024-05-05T15:43:18.411+0000] {logging_mixin.py:188} INFO - [2024-05-05T15:43:18.411+0000] {dag.py:3954} INFO - Setting next_dagrun for example_task_group to 2024-05-04 00:00:00+00:00, run_after=2024-05-05 00:00:00+00:00
[2024-05-05T15:43:18.478+0000] {processor.py:183} INFO - Processing /home/airflow/.local/lib/python3.12/site-packages/airflow/example_dags/example_task_group.py took 0.248 seconds
[2024-05-05T15:43:49.402+0000] {processor.py:161} INFO - Started process (PID=1239) to work on /home/airflow/.local/lib/python3.12/site-packages/airflow/example_dags/example_task_group.py
[2024-05-05T15:43:49.409+0000] {processor.py:830} INFO - Processing file /home/airflow/.local/lib/python3.12/site-packages/airflow/example_dags/example_task_group.py for tasks to queue
[2024-05-05T15:43:49.411+0000] {logging_mixin.py:188} INFO - [2024-05-05T15:43:49.410+0000] {dagbag.py:540} INFO - Filling up the DagBag from /home/airflow/.local/lib/python3.12/site-packages/airflow/example_dags/example_task_group.py
[2024-05-05T15:43:49.432+0000] {processor.py:840} INFO - DAG(s) 'example_task_group' retrieved from /home/airflow/.local/lib/python3.12/site-packages/airflow/example_dags/example_task_group.py
[2024-05-05T15:43:49.486+0000] {logging_mixin.py:188} INFO - [2024-05-05T15:43:49.486+0000] {dag.py:3096} INFO - Sync 1 DAGs
[2024-05-05T15:43:49.666+0000] {logging_mixin.py:188} INFO - [2024-05-05T15:43:49.666+0000] {dag.py:3954} INFO - Setting next_dagrun for example_task_group to 2024-05-04 00:00:00+00:00, run_after=2024-05-05 00:00:00+00:00
[2024-05-05T15:43:49.727+0000] {processor.py:183} INFO - Processing /home/airflow/.local/lib/python3.12/site-packages/airflow/example_dags/example_task_group.py took 0.334 seconds
[2024-05-05T15:44:20.108+0000] {processor.py:161} INFO - Started process (PID=1297) to work on /home/airflow/.local/lib/python3.12/site-packages/airflow/example_dags/example_task_group.py
[2024-05-05T15:44:20.109+0000] {processor.py:830} INFO - Processing file /home/airflow/.local/lib/python3.12/site-packages/airflow/example_dags/example_task_group.py for tasks to queue
[2024-05-05T15:44:20.110+0000] {logging_mixin.py:188} INFO - [2024-05-05T15:44:20.110+0000] {dagbag.py:540} INFO - Filling up the DagBag from /home/airflow/.local/lib/python3.12/site-packages/airflow/example_dags/example_task_group.py
[2024-05-05T15:44:20.118+0000] {processor.py:840} INFO - DAG(s) 'example_task_group' retrieved from /home/airflow/.local/lib/python3.12/site-packages/airflow/example_dags/example_task_group.py
[2024-05-05T15:44:20.144+0000] {logging_mixin.py:188} INFO - [2024-05-05T15:44:20.143+0000] {dag.py:3096} INFO - Sync 1 DAGs
[2024-05-05T15:44:20.171+0000] {logging_mixin.py:188} INFO - [2024-05-05T15:44:20.171+0000] {dag.py:3954} INFO - Setting next_dagrun for example_task_group to 2024-05-04 00:00:00+00:00, run_after=2024-05-05 00:00:00+00:00
[2024-05-05T15:44:20.198+0000] {processor.py:183} INFO - Processing /home/airflow/.local/lib/python3.12/site-packages/airflow/example_dags/example_task_group.py took 0.096 seconds
[2024-05-05T15:44:50.577+0000] {processor.py:161} INFO - Started process (PID=1355) to work on /home/airflow/.local/lib/python3.12/site-packages/airflow/example_dags/example_task_group.py
[2024-05-05T15:44:50.578+0000] {processor.py:830} INFO - Processing file /home/airflow/.local/lib/python3.12/site-packages/airflow/example_dags/example_task_group.py for tasks to queue
[2024-05-05T15:44:50.580+0000] {logging_mixin.py:188} INFO - [2024-05-05T15:44:50.580+0000] {dagbag.py:540} INFO - Filling up the DagBag from /home/airflow/.local/lib/python3.12/site-packages/airflow/example_dags/example_task_group.py
[2024-05-05T15:44:50.588+0000] {processor.py:840} INFO - DAG(s) 'example_task_group' retrieved from /home/airflow/.local/lib/python3.12/site-packages/airflow/example_dags/example_task_group.py
[2024-05-05T15:44:50.615+0000] {logging_mixin.py:188} INFO - [2024-05-05T15:44:50.615+0000] {dag.py:3096} INFO - Sync 1 DAGs
[2024-05-05T15:44:50.661+0000] {logging_mixin.py:188} INFO - [2024-05-05T15:44:50.660+0000] {dag.py:3954} INFO - Setting next_dagrun for example_task_group to 2024-05-04 00:00:00+00:00, run_after=2024-05-05 00:00:00+00:00
[2024-05-05T15:44:50.709+0000] {processor.py:183} INFO - Processing /home/airflow/.local/lib/python3.12/site-packages/airflow/example_dags/example_task_group.py took 0.138 seconds
[2024-05-05T15:45:21.077+0000] {processor.py:161} INFO - Started process (PID=1418) to work on /home/airflow/.local/lib/python3.12/site-packages/airflow/example_dags/example_task_group.py
[2024-05-05T15:45:21.078+0000] {processor.py:830} INFO - Processing file /home/airflow/.local/lib/python3.12/site-packages/airflow/example_dags/example_task_group.py for tasks to queue
[2024-05-05T15:45:21.080+0000] {logging_mixin.py:188} INFO - [2024-05-05T15:45:21.079+0000] {dagbag.py:540} INFO - Filling up the DagBag from /home/airflow/.local/lib/python3.12/site-packages/airflow/example_dags/example_task_group.py
[2024-05-05T15:45:21.094+0000] {processor.py:840} INFO - DAG(s) 'example_task_group' retrieved from /home/airflow/.local/lib/python3.12/site-packages/airflow/example_dags/example_task_group.py
[2024-05-05T15:45:21.139+0000] {logging_mixin.py:188} INFO - [2024-05-05T15:45:21.139+0000] {dag.py:3096} INFO - Sync 1 DAGs
[2024-05-05T15:45:21.166+0000] {logging_mixin.py:188} INFO - [2024-05-05T15:45:21.166+0000] {dag.py:3954} INFO - Setting next_dagrun for example_task_group to 2024-05-04 00:00:00+00:00, run_after=2024-05-05 00:00:00+00:00
[2024-05-05T15:45:21.193+0000] {processor.py:183} INFO - Processing /home/airflow/.local/lib/python3.12/site-packages/airflow/example_dags/example_task_group.py took 0.122 seconds
[2024-05-05T15:45:51.558+0000] {processor.py:161} INFO - Started process (PID=1477) to work on /home/airflow/.local/lib/python3.12/site-packages/airflow/example_dags/example_task_group.py
[2024-05-05T15:45:51.559+0000] {processor.py:830} INFO - Processing file /home/airflow/.local/lib/python3.12/site-packages/airflow/example_dags/example_task_group.py for tasks to queue
[2024-05-05T15:45:51.561+0000] {logging_mixin.py:188} INFO - [2024-05-05T15:45:51.561+0000] {dagbag.py:540} INFO - Filling up the DagBag from /home/airflow/.local/lib/python3.12/site-packages/airflow/example_dags/example_task_group.py
[2024-05-05T15:45:51.573+0000] {processor.py:840} INFO - DAG(s) 'example_task_group' retrieved from /home/airflow/.local/lib/python3.12/site-packages/airflow/example_dags/example_task_group.py
[2024-05-05T15:45:51.600+0000] {logging_mixin.py:188} INFO - [2024-05-05T15:45:51.599+0000] {dag.py:3096} INFO - Sync 1 DAGs
[2024-05-05T15:45:51.628+0000] {logging_mixin.py:188} INFO - [2024-05-05T15:45:51.628+0000] {dag.py:3954} INFO - Setting next_dagrun for example_task_group to 2024-05-04 00:00:00+00:00, run_after=2024-05-05 00:00:00+00:00
[2024-05-05T15:45:51.653+0000] {processor.py:183} INFO - Processing /home/airflow/.local/lib/python3.12/site-packages/airflow/example_dags/example_task_group.py took 0.103 seconds
[2024-05-05T15:46:22.247+0000] {processor.py:161} INFO - Started process (PID=1534) to work on /home/airflow/.local/lib/python3.12/site-packages/airflow/example_dags/example_task_group.py
[2024-05-05T15:46:22.248+0000] {processor.py:830} INFO - Processing file /home/airflow/.local/lib/python3.12/site-packages/airflow/example_dags/example_task_group.py for tasks to queue
[2024-05-05T15:46:22.250+0000] {logging_mixin.py:188} INFO - [2024-05-05T15:46:22.250+0000] {dagbag.py:540} INFO - Filling up the DagBag from /home/airflow/.local/lib/python3.12/site-packages/airflow/example_dags/example_task_group.py
[2024-05-05T15:46:22.262+0000] {processor.py:840} INFO - DAG(s) 'example_task_group' retrieved from /home/airflow/.local/lib/python3.12/site-packages/airflow/example_dags/example_task_group.py
[2024-05-05T15:46:22.307+0000] {logging_mixin.py:188} INFO - [2024-05-05T15:46:22.307+0000] {dag.py:3096} INFO - Sync 1 DAGs
[2024-05-05T15:46:22.363+0000] {logging_mixin.py:188} INFO - [2024-05-05T15:46:22.362+0000] {dag.py:3954} INFO - Setting next_dagrun for example_task_group to 2024-05-04 00:00:00+00:00, run_after=2024-05-05 00:00:00+00:00
[2024-05-05T15:46:22.391+0000] {processor.py:183} INFO - Processing /home/airflow/.local/lib/python3.12/site-packages/airflow/example_dags/example_task_group.py took 0.153 seconds
[2024-05-05T15:46:52.573+0000] {processor.py:161} INFO - Started process (PID=1591) to work on /home/airflow/.local/lib/python3.12/site-packages/airflow/example_dags/example_task_group.py
[2024-05-05T15:46:52.575+0000] {processor.py:830} INFO - Processing file /home/airflow/.local/lib/python3.12/site-packages/airflow/example_dags/example_task_group.py for tasks to queue
[2024-05-05T15:46:52.577+0000] {logging_mixin.py:188} INFO - [2024-05-05T15:46:52.577+0000] {dagbag.py:540} INFO - Filling up the DagBag from /home/airflow/.local/lib/python3.12/site-packages/airflow/example_dags/example_task_group.py
[2024-05-05T15:46:52.599+0000] {processor.py:840} INFO - DAG(s) 'example_task_group' retrieved from /home/airflow/.local/lib/python3.12/site-packages/airflow/example_dags/example_task_group.py
[2024-05-05T15:46:52.660+0000] {logging_mixin.py:188} INFO - [2024-05-05T15:46:52.660+0000] {dag.py:3096} INFO - Sync 1 DAGs
[2024-05-05T15:46:52.704+0000] {logging_mixin.py:188} INFO - [2024-05-05T15:46:52.704+0000] {dag.py:3954} INFO - Setting next_dagrun for example_task_group to 2024-05-04 00:00:00+00:00, run_after=2024-05-05 00:00:00+00:00
[2024-05-05T15:46:52.778+0000] {processor.py:183} INFO - Processing /home/airflow/.local/lib/python3.12/site-packages/airflow/example_dags/example_task_group.py took 0.219 seconds
[2024-05-05T15:47:22.836+0000] {processor.py:161} INFO - Started process (PID=1649) to work on /home/airflow/.local/lib/python3.12/site-packages/airflow/example_dags/example_task_group.py
[2024-05-05T15:47:22.841+0000] {processor.py:830} INFO - Processing file /home/airflow/.local/lib/python3.12/site-packages/airflow/example_dags/example_task_group.py for tasks to queue
[2024-05-05T15:47:22.842+0000] {logging_mixin.py:188} INFO - [2024-05-05T15:47:22.842+0000] {dagbag.py:540} INFO - Filling up the DagBag from /home/airflow/.local/lib/python3.12/site-packages/airflow/example_dags/example_task_group.py
[2024-05-05T15:47:22.851+0000] {processor.py:840} INFO - DAG(s) 'example_task_group' retrieved from /home/airflow/.local/lib/python3.12/site-packages/airflow/example_dags/example_task_group.py
[2024-05-05T15:47:22.878+0000] {logging_mixin.py:188} INFO - [2024-05-05T15:47:22.878+0000] {dag.py:3096} INFO - Sync 1 DAGs
[2024-05-05T15:47:22.903+0000] {logging_mixin.py:188} INFO - [2024-05-05T15:47:22.903+0000] {dag.py:3954} INFO - Setting next_dagrun for example_task_group to 2024-05-04 00:00:00+00:00, run_after=2024-05-05 00:00:00+00:00
[2024-05-05T15:47:22.926+0000] {processor.py:183} INFO - Processing /home/airflow/.local/lib/python3.12/site-packages/airflow/example_dags/example_task_group.py took 0.097 seconds
[2024-05-05T15:47:53.761+0000] {processor.py:161} INFO - Started process (PID=1708) to work on /home/airflow/.local/lib/python3.12/site-packages/airflow/example_dags/example_task_group.py
[2024-05-05T15:47:53.762+0000] {processor.py:830} INFO - Processing file /home/airflow/.local/lib/python3.12/site-packages/airflow/example_dags/example_task_group.py for tasks to queue
[2024-05-05T15:47:53.764+0000] {logging_mixin.py:188} INFO - [2024-05-05T15:47:53.763+0000] {dagbag.py:540} INFO - Filling up the DagBag from /home/airflow/.local/lib/python3.12/site-packages/airflow/example_dags/example_task_group.py
[2024-05-05T15:47:53.776+0000] {processor.py:840} INFO - DAG(s) 'example_task_group' retrieved from /home/airflow/.local/lib/python3.12/site-packages/airflow/example_dags/example_task_group.py
[2024-05-05T15:47:53.814+0000] {logging_mixin.py:188} INFO - [2024-05-05T15:47:53.814+0000] {dag.py:3096} INFO - Sync 1 DAGs
[2024-05-05T15:47:53.840+0000] {logging_mixin.py:188} INFO - [2024-05-05T15:47:53.840+0000] {dag.py:3954} INFO - Setting next_dagrun for example_task_group to 2024-05-04 00:00:00+00:00, run_after=2024-05-05 00:00:00+00:00
[2024-05-05T15:47:53.865+0000] {processor.py:183} INFO - Processing /home/airflow/.local/lib/python3.12/site-packages/airflow/example_dags/example_task_group.py took 0.115 seconds
[2024-05-05T15:48:25.061+0000] {processor.py:161} INFO - Started process (PID=1767) to work on /home/airflow/.local/lib/python3.12/site-packages/airflow/example_dags/example_task_group.py
[2024-05-05T15:48:25.064+0000] {processor.py:830} INFO - Processing file /home/airflow/.local/lib/python3.12/site-packages/airflow/example_dags/example_task_group.py for tasks to queue
[2024-05-05T15:48:25.066+0000] {logging_mixin.py:188} INFO - [2024-05-05T15:48:25.065+0000] {dagbag.py:540} INFO - Filling up the DagBag from /home/airflow/.local/lib/python3.12/site-packages/airflow/example_dags/example_task_group.py
[2024-05-05T15:48:25.077+0000] {processor.py:840} INFO - DAG(s) 'example_task_group' retrieved from /home/airflow/.local/lib/python3.12/site-packages/airflow/example_dags/example_task_group.py
[2024-05-05T15:48:25.117+0000] {logging_mixin.py:188} INFO - [2024-05-05T15:48:25.117+0000] {dag.py:3096} INFO - Sync 1 DAGs
[2024-05-05T15:48:25.154+0000] {logging_mixin.py:188} INFO - [2024-05-05T15:48:25.153+0000] {dag.py:3954} INFO - Setting next_dagrun for example_task_group to 2024-05-04 00:00:00+00:00, run_after=2024-05-05 00:00:00+00:00
[2024-05-05T15:48:25.184+0000] {processor.py:183} INFO - Processing /home/airflow/.local/lib/python3.12/site-packages/airflow/example_dags/example_task_group.py took 0.150 seconds
[2024-05-05T15:48:56.106+0000] {processor.py:161} INFO - Started process (PID=1826) to work on /home/airflow/.local/lib/python3.12/site-packages/airflow/example_dags/example_task_group.py
[2024-05-05T15:48:56.107+0000] {processor.py:830} INFO - Processing file /home/airflow/.local/lib/python3.12/site-packages/airflow/example_dags/example_task_group.py for tasks to queue
[2024-05-05T15:48:56.108+0000] {logging_mixin.py:188} INFO - [2024-05-05T15:48:56.108+0000] {dagbag.py:540} INFO - Filling up the DagBag from /home/airflow/.local/lib/python3.12/site-packages/airflow/example_dags/example_task_group.py
[2024-05-05T15:48:56.117+0000] {processor.py:840} INFO - DAG(s) 'example_task_group' retrieved from /home/airflow/.local/lib/python3.12/site-packages/airflow/example_dags/example_task_group.py
[2024-05-05T15:48:56.142+0000] {logging_mixin.py:188} INFO - [2024-05-05T15:48:56.142+0000] {dag.py:3096} INFO - Sync 1 DAGs
[2024-05-05T15:48:56.168+0000] {logging_mixin.py:188} INFO - [2024-05-05T15:48:56.168+0000] {dag.py:3954} INFO - Setting next_dagrun for example_task_group to 2024-05-04 00:00:00+00:00, run_after=2024-05-05 00:00:00+00:00
[2024-05-05T15:48:56.193+0000] {processor.py:183} INFO - Processing /home/airflow/.local/lib/python3.12/site-packages/airflow/example_dags/example_task_group.py took 0.098 seconds
[2024-05-05T15:49:27.058+0000] {processor.py:161} INFO - Started process (PID=1886) to work on /home/airflow/.local/lib/python3.12/site-packages/airflow/example_dags/example_task_group.py
[2024-05-05T15:49:27.059+0000] {processor.py:830} INFO - Processing file /home/airflow/.local/lib/python3.12/site-packages/airflow/example_dags/example_task_group.py for tasks to queue
[2024-05-05T15:49:27.061+0000] {logging_mixin.py:188} INFO - [2024-05-05T15:49:27.061+0000] {dagbag.py:540} INFO - Filling up the DagBag from /home/airflow/.local/lib/python3.12/site-packages/airflow/example_dags/example_task_group.py
[2024-05-05T15:49:27.069+0000] {processor.py:840} INFO - DAG(s) 'example_task_group' retrieved from /home/airflow/.local/lib/python3.12/site-packages/airflow/example_dags/example_task_group.py
[2024-05-05T15:49:27.105+0000] {logging_mixin.py:188} INFO - [2024-05-05T15:49:27.105+0000] {dag.py:3096} INFO - Sync 1 DAGs
[2024-05-05T15:49:27.136+0000] {logging_mixin.py:188} INFO - [2024-05-05T15:49:27.135+0000] {dag.py:3954} INFO - Setting next_dagrun for example_task_group to 2024-05-04 00:00:00+00:00, run_after=2024-05-05 00:00:00+00:00
[2024-05-05T15:49:27.166+0000] {processor.py:183} INFO - Processing /home/airflow/.local/lib/python3.12/site-packages/airflow/example_dags/example_task_group.py took 0.114 seconds
[2024-05-05T15:49:57.653+0000] {processor.py:161} INFO - Started process (PID=1945) to work on /home/airflow/.local/lib/python3.12/site-packages/airflow/example_dags/example_task_group.py
[2024-05-05T15:49:57.654+0000] {processor.py:830} INFO - Processing file /home/airflow/.local/lib/python3.12/site-packages/airflow/example_dags/example_task_group.py for tasks to queue
[2024-05-05T15:49:57.656+0000] {logging_mixin.py:188} INFO - [2024-05-05T15:49:57.656+0000] {dagbag.py:540} INFO - Filling up the DagBag from /home/airflow/.local/lib/python3.12/site-packages/airflow/example_dags/example_task_group.py
[2024-05-05T15:49:57.664+0000] {processor.py:840} INFO - DAG(s) 'example_task_group' retrieved from /home/airflow/.local/lib/python3.12/site-packages/airflow/example_dags/example_task_group.py
[2024-05-05T15:49:57.706+0000] {logging_mixin.py:188} INFO - [2024-05-05T15:49:57.705+0000] {dag.py:3096} INFO - Sync 1 DAGs
[2024-05-05T15:49:57.756+0000] {logging_mixin.py:188} INFO - [2024-05-05T15:49:57.756+0000] {dag.py:3954} INFO - Setting next_dagrun for example_task_group to 2024-05-04 00:00:00+00:00, run_after=2024-05-05 00:00:00+00:00
[2024-05-05T15:49:57.781+0000] {processor.py:183} INFO - Processing /home/airflow/.local/lib/python3.12/site-packages/airflow/example_dags/example_task_group.py took 0.135 seconds
[2024-05-05T15:50:28.360+0000] {processor.py:161} INFO - Started process (PID=2004) to work on /home/airflow/.local/lib/python3.12/site-packages/airflow/example_dags/example_task_group.py
[2024-05-05T15:50:28.361+0000] {processor.py:830} INFO - Processing file /home/airflow/.local/lib/python3.12/site-packages/airflow/example_dags/example_task_group.py for tasks to queue
[2024-05-05T15:50:28.363+0000] {logging_mixin.py:188} INFO - [2024-05-05T15:50:28.362+0000] {dagbag.py:540} INFO - Filling up the DagBag from /home/airflow/.local/lib/python3.12/site-packages/airflow/example_dags/example_task_group.py
[2024-05-05T15:50:28.371+0000] {processor.py:840} INFO - DAG(s) 'example_task_group' retrieved from /home/airflow/.local/lib/python3.12/site-packages/airflow/example_dags/example_task_group.py
[2024-05-05T15:50:28.407+0000] {logging_mixin.py:188} INFO - [2024-05-05T15:50:28.406+0000] {dag.py:3096} INFO - Sync 1 DAGs
[2024-05-05T15:50:28.443+0000] {logging_mixin.py:188} INFO - [2024-05-05T15:50:28.443+0000] {dag.py:3954} INFO - Setting next_dagrun for example_task_group to 2024-05-04 00:00:00+00:00, run_after=2024-05-05 00:00:00+00:00
[2024-05-05T15:50:28.509+0000] {processor.py:183} INFO - Processing /home/airflow/.local/lib/python3.12/site-packages/airflow/example_dags/example_task_group.py took 0.155 seconds
[2024-05-05T15:50:58.986+0000] {processor.py:161} INFO - Started process (PID=2062) to work on /home/airflow/.local/lib/python3.12/site-packages/airflow/example_dags/example_task_group.py
[2024-05-05T15:50:58.988+0000] {processor.py:830} INFO - Processing file /home/airflow/.local/lib/python3.12/site-packages/airflow/example_dags/example_task_group.py for tasks to queue
[2024-05-05T15:50:58.995+0000] {logging_mixin.py:188} INFO - [2024-05-05T15:50:58.995+0000] {dagbag.py:540} INFO - Filling up the DagBag from /home/airflow/.local/lib/python3.12/site-packages/airflow/example_dags/example_task_group.py
[2024-05-05T15:50:59.016+0000] {processor.py:840} INFO - DAG(s) 'example_task_group' retrieved from /home/airflow/.local/lib/python3.12/site-packages/airflow/example_dags/example_task_group.py
[2024-05-05T15:50:59.074+0000] {logging_mixin.py:188} INFO - [2024-05-05T15:50:59.072+0000] {dag.py:3096} INFO - Sync 1 DAGs
[2024-05-05T15:50:59.116+0000] {logging_mixin.py:188} INFO - [2024-05-05T15:50:59.116+0000] {dag.py:3954} INFO - Setting next_dagrun for example_task_group to 2024-05-04 00:00:00+00:00, run_after=2024-05-05 00:00:00+00:00
[2024-05-05T15:50:59.163+0000] {processor.py:183} INFO - Processing /home/airflow/.local/lib/python3.12/site-packages/airflow/example_dags/example_task_group.py took 0.202 seconds
[2024-05-05T15:51:30.485+0000] {processor.py:161} INFO - Started process (PID=2121) to work on /home/airflow/.local/lib/python3.12/site-packages/airflow/example_dags/example_task_group.py
[2024-05-05T15:51:30.485+0000] {processor.py:830} INFO - Processing file /home/airflow/.local/lib/python3.12/site-packages/airflow/example_dags/example_task_group.py for tasks to queue
[2024-05-05T15:51:30.487+0000] {logging_mixin.py:188} INFO - [2024-05-05T15:51:30.487+0000] {dagbag.py:540} INFO - Filling up the DagBag from /home/airflow/.local/lib/python3.12/site-packages/airflow/example_dags/example_task_group.py
[2024-05-05T15:51:30.511+0000] {processor.py:840} INFO - DAG(s) 'example_task_group' retrieved from /home/airflow/.local/lib/python3.12/site-packages/airflow/example_dags/example_task_group.py
[2024-05-05T15:51:30.606+0000] {logging_mixin.py:188} INFO - [2024-05-05T15:51:30.605+0000] {dag.py:3096} INFO - Sync 1 DAGs
[2024-05-05T15:51:30.685+0000] {logging_mixin.py:188} INFO - [2024-05-05T15:51:30.685+0000] {dag.py:3954} INFO - Setting next_dagrun for example_task_group to 2024-05-04 00:00:00+00:00, run_after=2024-05-05 00:00:00+00:00
[2024-05-05T15:51:30.743+0000] {processor.py:183} INFO - Processing /home/airflow/.local/lib/python3.12/site-packages/airflow/example_dags/example_task_group.py took 0.297 seconds
[2024-05-05T15:52:01.320+0000] {processor.py:161} INFO - Started process (PID=2181) to work on /home/airflow/.local/lib/python3.12/site-packages/airflow/example_dags/example_task_group.py
[2024-05-05T15:52:01.321+0000] {processor.py:830} INFO - Processing file /home/airflow/.local/lib/python3.12/site-packages/airflow/example_dags/example_task_group.py for tasks to queue
[2024-05-05T15:52:01.323+0000] {logging_mixin.py:188} INFO - [2024-05-05T15:52:01.322+0000] {dagbag.py:540} INFO - Filling up the DagBag from /home/airflow/.local/lib/python3.12/site-packages/airflow/example_dags/example_task_group.py
[2024-05-05T15:52:01.330+0000] {processor.py:840} INFO - DAG(s) 'example_task_group' retrieved from /home/airflow/.local/lib/python3.12/site-packages/airflow/example_dags/example_task_group.py
[2024-05-05T15:52:01.359+0000] {logging_mixin.py:188} INFO - [2024-05-05T15:52:01.359+0000] {dag.py:3096} INFO - Sync 1 DAGs
[2024-05-05T15:52:01.390+0000] {logging_mixin.py:188} INFO - [2024-05-05T15:52:01.390+0000] {dag.py:3954} INFO - Setting next_dagrun for example_task_group to 2024-05-04 00:00:00+00:00, run_after=2024-05-05 00:00:00+00:00
[2024-05-05T15:52:01.411+0000] {processor.py:183} INFO - Processing /home/airflow/.local/lib/python3.12/site-packages/airflow/example_dags/example_task_group.py took 0.098 seconds
[2024-05-05T15:52:31.790+0000] {processor.py:161} INFO - Started process (PID=2240) to work on /home/airflow/.local/lib/python3.12/site-packages/airflow/example_dags/example_task_group.py
[2024-05-05T15:52:31.791+0000] {processor.py:830} INFO - Processing file /home/airflow/.local/lib/python3.12/site-packages/airflow/example_dags/example_task_group.py for tasks to queue
[2024-05-05T15:52:31.792+0000] {logging_mixin.py:188} INFO - [2024-05-05T15:52:31.792+0000] {dagbag.py:540} INFO - Filling up the DagBag from /home/airflow/.local/lib/python3.12/site-packages/airflow/example_dags/example_task_group.py
[2024-05-05T15:52:31.801+0000] {processor.py:840} INFO - DAG(s) 'example_task_group' retrieved from /home/airflow/.local/lib/python3.12/site-packages/airflow/example_dags/example_task_group.py
[2024-05-05T15:52:31.836+0000] {logging_mixin.py:188} INFO - [2024-05-05T15:52:31.835+0000] {dag.py:3096} INFO - Sync 1 DAGs
[2024-05-05T15:52:31.867+0000] {logging_mixin.py:188} INFO - [2024-05-05T15:52:31.867+0000] {dag.py:3954} INFO - Setting next_dagrun for example_task_group to 2024-05-04 00:00:00+00:00, run_after=2024-05-05 00:00:00+00:00
[2024-05-05T15:52:31.906+0000] {processor.py:183} INFO - Processing /home/airflow/.local/lib/python3.12/site-packages/airflow/example_dags/example_task_group.py took 0.123 seconds
[2024-05-05T15:53:02.452+0000] {processor.py:161} INFO - Started process (PID=2299) to work on /home/airflow/.local/lib/python3.12/site-packages/airflow/example_dags/example_task_group.py
[2024-05-05T15:53:02.461+0000] {processor.py:830} INFO - Processing file /home/airflow/.local/lib/python3.12/site-packages/airflow/example_dags/example_task_group.py for tasks to queue
[2024-05-05T15:53:02.463+0000] {logging_mixin.py:188} INFO - [2024-05-05T15:53:02.463+0000] {dagbag.py:540} INFO - Filling up the DagBag from /home/airflow/.local/lib/python3.12/site-packages/airflow/example_dags/example_task_group.py
[2024-05-05T15:53:02.490+0000] {processor.py:840} INFO - DAG(s) 'example_task_group' retrieved from /home/airflow/.local/lib/python3.12/site-packages/airflow/example_dags/example_task_group.py
[2024-05-05T15:53:02.514+0000] {logging_mixin.py:188} INFO - [2024-05-05T15:53:02.514+0000] {dag.py:3096} INFO - Sync 1 DAGs
[2024-05-05T15:53:02.563+0000] {logging_mixin.py:188} INFO - [2024-05-05T15:53:02.563+0000] {dag.py:3954} INFO - Setting next_dagrun for example_task_group to 2024-05-04 00:00:00+00:00, run_after=2024-05-05 00:00:00+00:00
[2024-05-05T15:53:02.590+0000] {processor.py:183} INFO - Processing /home/airflow/.local/lib/python3.12/site-packages/airflow/example_dags/example_task_group.py took 0.146 seconds
[2024-05-05T15:53:32.972+0000] {processor.py:161} INFO - Started process (PID=2359) to work on /home/airflow/.local/lib/python3.12/site-packages/airflow/example_dags/example_task_group.py
[2024-05-05T15:53:32.973+0000] {processor.py:830} INFO - Processing file /home/airflow/.local/lib/python3.12/site-packages/airflow/example_dags/example_task_group.py for tasks to queue
[2024-05-05T15:53:32.975+0000] {logging_mixin.py:188} INFO - [2024-05-05T15:53:32.975+0000] {dagbag.py:540} INFO - Filling up the DagBag from /home/airflow/.local/lib/python3.12/site-packages/airflow/example_dags/example_task_group.py
[2024-05-05T15:53:32.983+0000] {processor.py:840} INFO - DAG(s) 'example_task_group' retrieved from /home/airflow/.local/lib/python3.12/site-packages/airflow/example_dags/example_task_group.py
[2024-05-05T15:53:33.008+0000] {logging_mixin.py:188} INFO - [2024-05-05T15:53:33.008+0000] {dag.py:3096} INFO - Sync 1 DAGs
[2024-05-05T15:53:33.036+0000] {logging_mixin.py:188} INFO - [2024-05-05T15:53:33.036+0000] {dag.py:3954} INFO - Setting next_dagrun for example_task_group to 2024-05-04 00:00:00+00:00, run_after=2024-05-05 00:00:00+00:00
[2024-05-05T15:53:33.062+0000] {processor.py:183} INFO - Processing /home/airflow/.local/lib/python3.12/site-packages/airflow/example_dags/example_task_group.py took 0.098 seconds
[2024-05-05T15:54:03.686+0000] {processor.py:161} INFO - Started process (PID=2419) to work on /home/airflow/.local/lib/python3.12/site-packages/airflow/example_dags/example_task_group.py
[2024-05-05T15:54:03.687+0000] {processor.py:830} INFO - Processing file /home/airflow/.local/lib/python3.12/site-packages/airflow/example_dags/example_task_group.py for tasks to queue
[2024-05-05T15:54:03.688+0000] {logging_mixin.py:188} INFO - [2024-05-05T15:54:03.688+0000] {dagbag.py:540} INFO - Filling up the DagBag from /home/airflow/.local/lib/python3.12/site-packages/airflow/example_dags/example_task_group.py
[2024-05-05T15:54:03.697+0000] {processor.py:840} INFO - DAG(s) 'example_task_group' retrieved from /home/airflow/.local/lib/python3.12/site-packages/airflow/example_dags/example_task_group.py
[2024-05-05T15:54:03.827+0000] {logging_mixin.py:188} INFO - [2024-05-05T15:54:03.827+0000] {dag.py:3096} INFO - Sync 1 DAGs
[2024-05-05T15:54:03.904+0000] {logging_mixin.py:188} INFO - [2024-05-05T15:54:03.904+0000] {dag.py:3954} INFO - Setting next_dagrun for example_task_group to 2024-05-04 00:00:00+00:00, run_after=2024-05-05 00:00:00+00:00
[2024-05-05T15:54:03.970+0000] {processor.py:183} INFO - Processing /home/airflow/.local/lib/python3.12/site-packages/airflow/example_dags/example_task_group.py took 0.293 seconds
[2024-05-05T15:54:34.259+0000] {processor.py:161} INFO - Started process (PID=2479) to work on /home/airflow/.local/lib/python3.12/site-packages/airflow/example_dags/example_task_group.py
[2024-05-05T15:54:34.260+0000] {processor.py:830} INFO - Processing file /home/airflow/.local/lib/python3.12/site-packages/airflow/example_dags/example_task_group.py for tasks to queue
[2024-05-05T15:54:34.262+0000] {logging_mixin.py:188} INFO - [2024-05-05T15:54:34.261+0000] {dagbag.py:540} INFO - Filling up the DagBag from /home/airflow/.local/lib/python3.12/site-packages/airflow/example_dags/example_task_group.py
[2024-05-05T15:54:34.271+0000] {processor.py:840} INFO - DAG(s) 'example_task_group' retrieved from /home/airflow/.local/lib/python3.12/site-packages/airflow/example_dags/example_task_group.py
[2024-05-05T15:54:34.326+0000] {logging_mixin.py:188} INFO - [2024-05-05T15:54:34.326+0000] {dag.py:3096} INFO - Sync 1 DAGs
[2024-05-05T15:54:34.351+0000] {logging_mixin.py:188} INFO - [2024-05-05T15:54:34.351+0000] {dag.py:3954} INFO - Setting next_dagrun for example_task_group to 2024-05-04 00:00:00+00:00, run_after=2024-05-05 00:00:00+00:00
[2024-05-05T15:54:34.389+0000] {processor.py:183} INFO - Processing /home/airflow/.local/lib/python3.12/site-packages/airflow/example_dags/example_task_group.py took 0.137 seconds
[2024-05-05T15:55:04.707+0000] {processor.py:161} INFO - Started process (PID=2539) to work on /home/airflow/.local/lib/python3.12/site-packages/airflow/example_dags/example_task_group.py
[2024-05-05T15:55:04.708+0000] {processor.py:830} INFO - Processing file /home/airflow/.local/lib/python3.12/site-packages/airflow/example_dags/example_task_group.py for tasks to queue
[2024-05-05T15:55:04.710+0000] {logging_mixin.py:188} INFO - [2024-05-05T15:55:04.709+0000] {dagbag.py:540} INFO - Filling up the DagBag from /home/airflow/.local/lib/python3.12/site-packages/airflow/example_dags/example_task_group.py
[2024-05-05T15:55:04.739+0000] {processor.py:840} INFO - DAG(s) 'example_task_group' retrieved from /home/airflow/.local/lib/python3.12/site-packages/airflow/example_dags/example_task_group.py
[2024-05-05T15:55:04.821+0000] {logging_mixin.py:188} INFO - [2024-05-05T15:55:04.820+0000] {dag.py:3096} INFO - Sync 1 DAGs
[2024-05-05T15:55:04.867+0000] {logging_mixin.py:188} INFO - [2024-05-05T15:55:04.867+0000] {dag.py:3954} INFO - Setting next_dagrun for example_task_group to 2024-05-04 00:00:00+00:00, run_after=2024-05-05 00:00:00+00:00
[2024-05-05T15:55:04.940+0000] {processor.py:183} INFO - Processing /home/airflow/.local/lib/python3.12/site-packages/airflow/example_dags/example_task_group.py took 0.255 seconds
[2024-05-05T15:55:35.604+0000] {processor.py:161} INFO - Started process (PID=2599) to work on /home/airflow/.local/lib/python3.12/site-packages/airflow/example_dags/example_task_group.py
[2024-05-05T15:55:35.605+0000] {processor.py:830} INFO - Processing file /home/airflow/.local/lib/python3.12/site-packages/airflow/example_dags/example_task_group.py for tasks to queue
[2024-05-05T15:55:35.607+0000] {logging_mixin.py:188} INFO - [2024-05-05T15:55:35.606+0000] {dagbag.py:540} INFO - Filling up the DagBag from /home/airflow/.local/lib/python3.12/site-packages/airflow/example_dags/example_task_group.py
[2024-05-05T15:55:35.615+0000] {processor.py:840} INFO - DAG(s) 'example_task_group' retrieved from /home/airflow/.local/lib/python3.12/site-packages/airflow/example_dags/example_task_group.py
[2024-05-05T15:55:35.643+0000] {logging_mixin.py:188} INFO - [2024-05-05T15:55:35.643+0000] {dag.py:3096} INFO - Sync 1 DAGs
[2024-05-05T15:55:35.672+0000] {logging_mixin.py:188} INFO - [2024-05-05T15:55:35.672+0000] {dag.py:3954} INFO - Setting next_dagrun for example_task_group to 2024-05-04 00:00:00+00:00, run_after=2024-05-05 00:00:00+00:00
[2024-05-05T15:55:35.697+0000] {processor.py:183} INFO - Processing /home/airflow/.local/lib/python3.12/site-packages/airflow/example_dags/example_task_group.py took 0.098 seconds
[2024-05-05T15:56:06.714+0000] {processor.py:161} INFO - Started process (PID=2659) to work on /home/airflow/.local/lib/python3.12/site-packages/airflow/example_dags/example_task_group.py
[2024-05-05T15:56:06.715+0000] {processor.py:830} INFO - Processing file /home/airflow/.local/lib/python3.12/site-packages/airflow/example_dags/example_task_group.py for tasks to queue
[2024-05-05T15:56:06.717+0000] {logging_mixin.py:188} INFO - [2024-05-05T15:56:06.717+0000] {dagbag.py:540} INFO - Filling up the DagBag from /home/airflow/.local/lib/python3.12/site-packages/airflow/example_dags/example_task_group.py
[2024-05-05T15:56:06.725+0000] {processor.py:840} INFO - DAG(s) 'example_task_group' retrieved from /home/airflow/.local/lib/python3.12/site-packages/airflow/example_dags/example_task_group.py
[2024-05-05T15:56:06.751+0000] {logging_mixin.py:188} INFO - [2024-05-05T15:56:06.750+0000] {dag.py:3096} INFO - Sync 1 DAGs
[2024-05-05T15:56:06.786+0000] {logging_mixin.py:188} INFO - [2024-05-05T15:56:06.785+0000] {dag.py:3954} INFO - Setting next_dagrun for example_task_group to 2024-05-04 00:00:00+00:00, run_after=2024-05-05 00:00:00+00:00
[2024-05-05T15:56:06.825+0000] {processor.py:183} INFO - Processing /home/airflow/.local/lib/python3.12/site-packages/airflow/example_dags/example_task_group.py took 0.120 seconds
[2024-05-05T15:56:37.164+0000] {processor.py:161} INFO - Started process (PID=2719) to work on /home/airflow/.local/lib/python3.12/site-packages/airflow/example_dags/example_task_group.py
[2024-05-05T15:56:37.165+0000] {processor.py:830} INFO - Processing file /home/airflow/.local/lib/python3.12/site-packages/airflow/example_dags/example_task_group.py for tasks to queue
[2024-05-05T15:56:37.168+0000] {logging_mixin.py:188} INFO - [2024-05-05T15:56:37.167+0000] {dagbag.py:540} INFO - Filling up the DagBag from /home/airflow/.local/lib/python3.12/site-packages/airflow/example_dags/example_task_group.py
[2024-05-05T15:56:37.175+0000] {processor.py:840} INFO - DAG(s) 'example_task_group' retrieved from /home/airflow/.local/lib/python3.12/site-packages/airflow/example_dags/example_task_group.py
[2024-05-05T15:56:37.201+0000] {logging_mixin.py:188} INFO - [2024-05-05T15:56:37.201+0000] {dag.py:3096} INFO - Sync 1 DAGs
[2024-05-05T15:56:37.228+0000] {logging_mixin.py:188} INFO - [2024-05-05T15:56:37.227+0000] {dag.py:3954} INFO - Setting next_dagrun for example_task_group to 2024-05-04 00:00:00+00:00, run_after=2024-05-05 00:00:00+00:00
[2024-05-05T15:56:37.254+0000] {processor.py:183} INFO - Processing /home/airflow/.local/lib/python3.12/site-packages/airflow/example_dags/example_task_group.py took 0.096 seconds
[2024-05-05T15:57:07.692+0000] {processor.py:161} INFO - Started process (PID=2779) to work on /home/airflow/.local/lib/python3.12/site-packages/airflow/example_dags/example_task_group.py
[2024-05-05T15:57:07.692+0000] {processor.py:830} INFO - Processing file /home/airflow/.local/lib/python3.12/site-packages/airflow/example_dags/example_task_group.py for tasks to queue
[2024-05-05T15:57:07.694+0000] {logging_mixin.py:188} INFO - [2024-05-05T15:57:07.694+0000] {dagbag.py:540} INFO - Filling up the DagBag from /home/airflow/.local/lib/python3.12/site-packages/airflow/example_dags/example_task_group.py
[2024-05-05T15:57:07.701+0000] {processor.py:840} INFO - DAG(s) 'example_task_group' retrieved from /home/airflow/.local/lib/python3.12/site-packages/airflow/example_dags/example_task_group.py
[2024-05-05T15:57:07.725+0000] {logging_mixin.py:188} INFO - [2024-05-05T15:57:07.724+0000] {dag.py:3096} INFO - Sync 1 DAGs
[2024-05-05T15:57:07.752+0000] {logging_mixin.py:188} INFO - [2024-05-05T15:57:07.751+0000] {dag.py:3954} INFO - Setting next_dagrun for example_task_group to 2024-05-04 00:00:00+00:00, run_after=2024-05-05 00:00:00+00:00
[2024-05-05T15:57:07.839+0000] {processor.py:183} INFO - Processing /home/airflow/.local/lib/python3.12/site-packages/airflow/example_dags/example_task_group.py took 0.154 seconds
[2024-05-05T15:57:38.074+0000] {processor.py:161} INFO - Started process (PID=2839) to work on /home/airflow/.local/lib/python3.12/site-packages/airflow/example_dags/example_task_group.py
[2024-05-05T15:57:38.074+0000] {processor.py:830} INFO - Processing file /home/airflow/.local/lib/python3.12/site-packages/airflow/example_dags/example_task_group.py for tasks to queue
[2024-05-05T15:57:38.076+0000] {logging_mixin.py:188} INFO - [2024-05-05T15:57:38.076+0000] {dagbag.py:540} INFO - Filling up the DagBag from /home/airflow/.local/lib/python3.12/site-packages/airflow/example_dags/example_task_group.py
[2024-05-05T15:57:38.084+0000] {processor.py:840} INFO - DAG(s) 'example_task_group' retrieved from /home/airflow/.local/lib/python3.12/site-packages/airflow/example_dags/example_task_group.py
[2024-05-05T15:57:38.110+0000] {logging_mixin.py:188} INFO - [2024-05-05T15:57:38.109+0000] {dag.py:3096} INFO - Sync 1 DAGs
[2024-05-05T15:57:38.135+0000] {logging_mixin.py:188} INFO - [2024-05-05T15:57:38.135+0000] {dag.py:3954} INFO - Setting next_dagrun for example_task_group to 2024-05-04 00:00:00+00:00, run_after=2024-05-05 00:00:00+00:00
[2024-05-05T15:57:38.159+0000] {processor.py:183} INFO - Processing /home/airflow/.local/lib/python3.12/site-packages/airflow/example_dags/example_task_group.py took 0.093 seconds
[2024-05-05T15:58:09.097+0000] {processor.py:161} INFO - Started process (PID=2899) to work on /home/airflow/.local/lib/python3.12/site-packages/airflow/example_dags/example_task_group.py
[2024-05-05T15:58:09.098+0000] {processor.py:830} INFO - Processing file /home/airflow/.local/lib/python3.12/site-packages/airflow/example_dags/example_task_group.py for tasks to queue
[2024-05-05T15:58:09.099+0000] {logging_mixin.py:188} INFO - [2024-05-05T15:58:09.099+0000] {dagbag.py:540} INFO - Filling up the DagBag from /home/airflow/.local/lib/python3.12/site-packages/airflow/example_dags/example_task_group.py
[2024-05-05T15:58:09.107+0000] {processor.py:840} INFO - DAG(s) 'example_task_group' retrieved from /home/airflow/.local/lib/python3.12/site-packages/airflow/example_dags/example_task_group.py
[2024-05-05T15:58:09.132+0000] {logging_mixin.py:188} INFO - [2024-05-05T15:58:09.132+0000] {dag.py:3096} INFO - Sync 1 DAGs
[2024-05-05T15:58:09.166+0000] {logging_mixin.py:188} INFO - [2024-05-05T15:58:09.166+0000] {dag.py:3954} INFO - Setting next_dagrun for example_task_group to 2024-05-04 00:00:00+00:00, run_after=2024-05-05 00:00:00+00:00
[2024-05-05T15:58:09.209+0000] {processor.py:183} INFO - Processing /home/airflow/.local/lib/python3.12/site-packages/airflow/example_dags/example_task_group.py took 0.119 seconds
[2024-05-05T15:58:42.008+0000] {processor.py:161} INFO - Started process (PID=2962) to work on /home/airflow/.local/lib/python3.12/site-packages/airflow/example_dags/example_task_group.py
[2024-05-05T15:58:42.010+0000] {processor.py:830} INFO - Processing file /home/airflow/.local/lib/python3.12/site-packages/airflow/example_dags/example_task_group.py for tasks to queue
[2024-05-05T15:58:42.014+0000] {logging_mixin.py:188} INFO - [2024-05-05T15:58:42.013+0000] {dagbag.py:540} INFO - Filling up the DagBag from /home/airflow/.local/lib/python3.12/site-packages/airflow/example_dags/example_task_group.py
[2024-05-05T15:58:42.259+0000] {processor.py:840} INFO - DAG(s) 'example_task_group' retrieved from /home/airflow/.local/lib/python3.12/site-packages/airflow/example_dags/example_task_group.py
[2024-05-05T15:58:42.525+0000] {logging_mixin.py:188} INFO - [2024-05-05T15:58:42.524+0000] {dag.py:3096} INFO - Sync 1 DAGs
[2024-05-05T15:58:42.842+0000] {logging_mixin.py:188} INFO - [2024-05-05T15:58:42.842+0000] {dag.py:3954} INFO - Setting next_dagrun for example_task_group to 2024-05-04 00:00:00+00:00, run_after=2024-05-05 00:00:00+00:00
[2024-05-05T15:58:43.028+0000] {processor.py:183} INFO - Processing /home/airflow/.local/lib/python3.12/site-packages/airflow/example_dags/example_task_group.py took 1.076 seconds
[2024-05-05T15:59:19.832+0000] {processor.py:161} INFO - Started process (PID=3025) to work on /home/airflow/.local/lib/python3.12/site-packages/airflow/example_dags/example_task_group.py
[2024-05-05T15:59:19.840+0000] {processor.py:830} INFO - Processing file /home/airflow/.local/lib/python3.12/site-packages/airflow/example_dags/example_task_group.py for tasks to queue
[2024-05-05T15:59:19.842+0000] {logging_mixin.py:188} INFO - [2024-05-05T15:59:19.842+0000] {dagbag.py:540} INFO - Filling up the DagBag from /home/airflow/.local/lib/python3.12/site-packages/airflow/example_dags/example_task_group.py
[2024-05-05T15:59:19.874+0000] {processor.py:840} INFO - DAG(s) 'example_task_group' retrieved from /home/airflow/.local/lib/python3.12/site-packages/airflow/example_dags/example_task_group.py
[2024-05-05T15:59:19.975+0000] {logging_mixin.py:188} INFO - [2024-05-05T15:59:19.975+0000] {dag.py:3096} INFO - Sync 1 DAGs
[2024-05-05T15:59:20.042+0000] {logging_mixin.py:188} INFO - [2024-05-05T15:59:20.042+0000] {dag.py:3954} INFO - Setting next_dagrun for example_task_group to 2024-05-04 00:00:00+00:00, run_after=2024-05-05 00:00:00+00:00
[2024-05-05T15:59:20.114+0000] {processor.py:183} INFO - Processing /home/airflow/.local/lib/python3.12/site-packages/airflow/example_dags/example_task_group.py took 0.308 seconds
[2024-05-05T15:59:51.087+0000] {processor.py:161} INFO - Started process (PID=3086) to work on /home/airflow/.local/lib/python3.12/site-packages/airflow/example_dags/example_task_group.py
[2024-05-05T15:59:51.099+0000] {processor.py:830} INFO - Processing file /home/airflow/.local/lib/python3.12/site-packages/airflow/example_dags/example_task_group.py for tasks to queue
[2024-05-05T15:59:51.101+0000] {logging_mixin.py:188} INFO - [2024-05-05T15:59:51.101+0000] {dagbag.py:540} INFO - Filling up the DagBag from /home/airflow/.local/lib/python3.12/site-packages/airflow/example_dags/example_task_group.py
[2024-05-05T15:59:51.163+0000] {processor.py:840} INFO - DAG(s) 'example_task_group' retrieved from /home/airflow/.local/lib/python3.12/site-packages/airflow/example_dags/example_task_group.py
[2024-05-05T15:59:51.228+0000] {logging_mixin.py:188} INFO - [2024-05-05T15:59:51.228+0000] {dag.py:3096} INFO - Sync 1 DAGs
[2024-05-05T15:59:51.353+0000] {logging_mixin.py:188} INFO - [2024-05-05T15:59:51.353+0000] {dag.py:3954} INFO - Setting next_dagrun for example_task_group to 2024-05-04 00:00:00+00:00, run_after=2024-05-05 00:00:00+00:00
[2024-05-05T15:59:51.421+0000] {processor.py:183} INFO - Processing /home/airflow/.local/lib/python3.12/site-packages/airflow/example_dags/example_task_group.py took 0.357 seconds
