[2024-05-05T15:33:12.703+0000] {processor.py:161} INFO - Started process (PID=30) to work on /home/airflow/.local/lib/python3.12/site-packages/airflow/example_dags/example_skip_dag.py
[2024-05-05T15:33:12.704+0000] {processor.py:830} INFO - Processing file /home/airflow/.local/lib/python3.12/site-packages/airflow/example_dags/example_skip_dag.py for tasks to queue
[2024-05-05T15:33:12.706+0000] {logging_mixin.py:188} INFO - [2024-05-05T15:33:12.705+0000] {dagbag.py:540} INFO - Filling up the DagBag from /home/airflow/.local/lib/python3.12/site-packages/airflow/example_dags/example_skip_dag.py
[2024-05-05T15:33:12.750+0000] {processor.py:840} INFO - DAG(s) 'example_skip_dag' retrieved from /home/airflow/.local/lib/python3.12/site-packages/airflow/example_dags/example_skip_dag.py
[2024-05-05T15:33:13.783+0000] {logging_mixin.py:188} INFO - [2024-05-05T15:33:13.782+0000] {override.py:1829} INFO - Created Permission View: can edit on DAG:example_skip_dag
[2024-05-05T15:33:13.830+0000] {logging_mixin.py:188} INFO - [2024-05-05T15:33:13.830+0000] {override.py:1829} INFO - Created Permission View: can read on DAG:example_skip_dag
[2024-05-05T15:33:13.860+0000] {logging_mixin.py:188} INFO - [2024-05-05T15:33:13.860+0000] {override.py:1829} INFO - Created Permission View: can delete on DAG:example_skip_dag
[2024-05-05T15:33:13.861+0000] {logging_mixin.py:188} INFO - [2024-05-05T15:33:13.861+0000] {dag.py:3096} INFO - Sync 1 DAGs
[2024-05-05T15:33:13.889+0000] {logging_mixin.py:188} INFO - [2024-05-05T15:33:13.888+0000] {dag.py:3118} INFO - Creating ORM DAG for example_skip_dag
[2024-05-05T15:33:13.901+0000] {logging_mixin.py:188} INFO - [2024-05-05T15:33:13.901+0000] {dag.py:3954} INFO - Setting next_dagrun for example_skip_dag to 2024-05-04 00:00:00+00:00, run_after=2024-05-05 00:00:00+00:00
[2024-05-05T15:33:13.965+0000] {processor.py:183} INFO - Processing /home/airflow/.local/lib/python3.12/site-packages/airflow/example_dags/example_skip_dag.py took 1.294 seconds
[2024-05-05T15:33:44.263+0000] {processor.py:161} INFO - Started process (PID=88) to work on /home/airflow/.local/lib/python3.12/site-packages/airflow/example_dags/example_skip_dag.py
[2024-05-05T15:33:44.263+0000] {processor.py:830} INFO - Processing file /home/airflow/.local/lib/python3.12/site-packages/airflow/example_dags/example_skip_dag.py for tasks to queue
[2024-05-05T15:33:44.268+0000] {logging_mixin.py:188} INFO - [2024-05-05T15:33:44.267+0000] {dagbag.py:540} INFO - Filling up the DagBag from /home/airflow/.local/lib/python3.12/site-packages/airflow/example_dags/example_skip_dag.py
[2024-05-05T15:33:44.282+0000] {processor.py:840} INFO - DAG(s) 'example_skip_dag' retrieved from /home/airflow/.local/lib/python3.12/site-packages/airflow/example_dags/example_skip_dag.py
[2024-05-05T15:33:44.326+0000] {logging_mixin.py:188} INFO - [2024-05-05T15:33:44.325+0000] {dag.py:3096} INFO - Sync 1 DAGs
[2024-05-05T15:33:44.371+0000] {logging_mixin.py:188} INFO - [2024-05-05T15:33:44.371+0000] {dag.py:3954} INFO - Setting next_dagrun for example_skip_dag to 2024-05-04 00:00:00+00:00, run_after=2024-05-05 00:00:00+00:00
[2024-05-05T15:33:44.409+0000] {processor.py:183} INFO - Processing /home/airflow/.local/lib/python3.12/site-packages/airflow/example_dags/example_skip_dag.py took 0.152 seconds
[2024-05-05T15:34:14.720+0000] {processor.py:161} INFO - Started process (PID=146) to work on /home/airflow/.local/lib/python3.12/site-packages/airflow/example_dags/example_skip_dag.py
[2024-05-05T15:34:14.721+0000] {processor.py:830} INFO - Processing file /home/airflow/.local/lib/python3.12/site-packages/airflow/example_dags/example_skip_dag.py for tasks to queue
[2024-05-05T15:34:14.722+0000] {logging_mixin.py:188} INFO - [2024-05-05T15:34:14.722+0000] {dagbag.py:540} INFO - Filling up the DagBag from /home/airflow/.local/lib/python3.12/site-packages/airflow/example_dags/example_skip_dag.py
[2024-05-05T15:34:14.729+0000] {processor.py:840} INFO - DAG(s) 'example_skip_dag' retrieved from /home/airflow/.local/lib/python3.12/site-packages/airflow/example_dags/example_skip_dag.py
[2024-05-05T15:34:14.754+0000] {logging_mixin.py:188} INFO - [2024-05-05T15:34:14.753+0000] {dag.py:3096} INFO - Sync 1 DAGs
[2024-05-05T15:34:14.780+0000] {logging_mixin.py:188} INFO - [2024-05-05T15:34:14.780+0000] {dag.py:3954} INFO - Setting next_dagrun for example_skip_dag to 2024-05-04 00:00:00+00:00, run_after=2024-05-05 00:00:00+00:00
[2024-05-05T15:34:14.807+0000] {processor.py:183} INFO - Processing /home/airflow/.local/lib/python3.12/site-packages/airflow/example_dags/example_skip_dag.py took 0.093 seconds
[2024-05-05T15:34:45.434+0000] {processor.py:161} INFO - Started process (PID=204) to work on /home/airflow/.local/lib/python3.12/site-packages/airflow/example_dags/example_skip_dag.py
[2024-05-05T15:34:45.438+0000] {processor.py:830} INFO - Processing file /home/airflow/.local/lib/python3.12/site-packages/airflow/example_dags/example_skip_dag.py for tasks to queue
[2024-05-05T15:34:45.469+0000] {logging_mixin.py:188} INFO - [2024-05-05T15:34:45.469+0000] {dagbag.py:540} INFO - Filling up the DagBag from /home/airflow/.local/lib/python3.12/site-packages/airflow/example_dags/example_skip_dag.py
[2024-05-05T15:34:45.509+0000] {processor.py:840} INFO - DAG(s) 'example_skip_dag' retrieved from /home/airflow/.local/lib/python3.12/site-packages/airflow/example_dags/example_skip_dag.py
[2024-05-05T15:34:45.872+0000] {logging_mixin.py:188} INFO - [2024-05-05T15:34:45.872+0000] {dag.py:3096} INFO - Sync 1 DAGs
[2024-05-05T15:34:46.054+0000] {logging_mixin.py:188} INFO - [2024-05-05T15:34:46.054+0000] {dag.py:3954} INFO - Setting next_dagrun for example_skip_dag to 2024-05-04 00:00:00+00:00, run_after=2024-05-05 00:00:00+00:00
[2024-05-05T15:34:46.174+0000] {processor.py:183} INFO - Processing /home/airflow/.local/lib/python3.12/site-packages/airflow/example_dags/example_skip_dag.py took 0.775 seconds
[2024-05-05T15:35:17.069+0000] {processor.py:161} INFO - Started process (PID=261) to work on /home/airflow/.local/lib/python3.12/site-packages/airflow/example_dags/example_skip_dag.py
[2024-05-05T15:35:17.080+0000] {processor.py:830} INFO - Processing file /home/airflow/.local/lib/python3.12/site-packages/airflow/example_dags/example_skip_dag.py for tasks to queue
[2024-05-05T15:35:17.082+0000] {logging_mixin.py:188} INFO - [2024-05-05T15:35:17.081+0000] {dagbag.py:540} INFO - Filling up the DagBag from /home/airflow/.local/lib/python3.12/site-packages/airflow/example_dags/example_skip_dag.py
[2024-05-05T15:35:17.093+0000] {processor.py:840} INFO - DAG(s) 'example_skip_dag' retrieved from /home/airflow/.local/lib/python3.12/site-packages/airflow/example_dags/example_skip_dag.py
[2024-05-05T15:35:17.154+0000] {logging_mixin.py:188} INFO - [2024-05-05T15:35:17.153+0000] {dag.py:3096} INFO - Sync 1 DAGs
[2024-05-05T15:35:17.261+0000] {logging_mixin.py:188} INFO - [2024-05-05T15:35:17.261+0000] {dag.py:3954} INFO - Setting next_dagrun for example_skip_dag to 2024-05-04 00:00:00+00:00, run_after=2024-05-05 00:00:00+00:00
[2024-05-05T15:35:17.344+0000] {processor.py:183} INFO - Processing /home/airflow/.local/lib/python3.12/site-packages/airflow/example_dags/example_skip_dag.py took 0.311 seconds
[2024-05-05T15:35:47.827+0000] {processor.py:161} INFO - Started process (PID=319) to work on /home/airflow/.local/lib/python3.12/site-packages/airflow/example_dags/example_skip_dag.py
[2024-05-05T15:35:47.828+0000] {processor.py:830} INFO - Processing file /home/airflow/.local/lib/python3.12/site-packages/airflow/example_dags/example_skip_dag.py for tasks to queue
[2024-05-05T15:35:47.829+0000] {logging_mixin.py:188} INFO - [2024-05-05T15:35:47.829+0000] {dagbag.py:540} INFO - Filling up the DagBag from /home/airflow/.local/lib/python3.12/site-packages/airflow/example_dags/example_skip_dag.py
[2024-05-05T15:35:47.839+0000] {processor.py:840} INFO - DAG(s) 'example_skip_dag' retrieved from /home/airflow/.local/lib/python3.12/site-packages/airflow/example_dags/example_skip_dag.py
[2024-05-05T15:35:47.868+0000] {logging_mixin.py:188} INFO - [2024-05-05T15:35:47.867+0000] {dag.py:3096} INFO - Sync 1 DAGs
[2024-05-05T15:35:47.905+0000] {logging_mixin.py:188} INFO - [2024-05-05T15:35:47.905+0000] {dag.py:3954} INFO - Setting next_dagrun for example_skip_dag to 2024-05-04 00:00:00+00:00, run_after=2024-05-05 00:00:00+00:00
[2024-05-05T15:35:47.931+0000] {processor.py:183} INFO - Processing /home/airflow/.local/lib/python3.12/site-packages/airflow/example_dags/example_skip_dag.py took 0.110 seconds
[2024-05-05T15:36:18.336+0000] {processor.py:161} INFO - Started process (PID=377) to work on /home/airflow/.local/lib/python3.12/site-packages/airflow/example_dags/example_skip_dag.py
[2024-05-05T15:36:18.338+0000] {processor.py:830} INFO - Processing file /home/airflow/.local/lib/python3.12/site-packages/airflow/example_dags/example_skip_dag.py for tasks to queue
[2024-05-05T15:36:18.340+0000] {logging_mixin.py:188} INFO - [2024-05-05T15:36:18.339+0000] {dagbag.py:540} INFO - Filling up the DagBag from /home/airflow/.local/lib/python3.12/site-packages/airflow/example_dags/example_skip_dag.py
[2024-05-05T15:36:18.348+0000] {processor.py:840} INFO - DAG(s) 'example_skip_dag' retrieved from /home/airflow/.local/lib/python3.12/site-packages/airflow/example_dags/example_skip_dag.py
[2024-05-05T15:36:18.387+0000] {logging_mixin.py:188} INFO - [2024-05-05T15:36:18.387+0000] {dag.py:3096} INFO - Sync 1 DAGs
[2024-05-05T15:36:18.419+0000] {logging_mixin.py:188} INFO - [2024-05-05T15:36:18.419+0000] {dag.py:3954} INFO - Setting next_dagrun for example_skip_dag to 2024-05-04 00:00:00+00:00, run_after=2024-05-05 00:00:00+00:00
[2024-05-05T15:36:18.446+0000] {processor.py:183} INFO - Processing /home/airflow/.local/lib/python3.12/site-packages/airflow/example_dags/example_skip_dag.py took 0.125 seconds
[2024-05-05T15:36:48.724+0000] {processor.py:161} INFO - Started process (PID=436) to work on /home/airflow/.local/lib/python3.12/site-packages/airflow/example_dags/example_skip_dag.py
[2024-05-05T15:36:48.725+0000] {processor.py:830} INFO - Processing file /home/airflow/.local/lib/python3.12/site-packages/airflow/example_dags/example_skip_dag.py for tasks to queue
[2024-05-05T15:36:48.727+0000] {logging_mixin.py:188} INFO - [2024-05-05T15:36:48.727+0000] {dagbag.py:540} INFO - Filling up the DagBag from /home/airflow/.local/lib/python3.12/site-packages/airflow/example_dags/example_skip_dag.py
[2024-05-05T15:36:48.736+0000] {processor.py:840} INFO - DAG(s) 'example_skip_dag' retrieved from /home/airflow/.local/lib/python3.12/site-packages/airflow/example_dags/example_skip_dag.py
[2024-05-05T15:36:48.769+0000] {logging_mixin.py:188} INFO - [2024-05-05T15:36:48.768+0000] {dag.py:3096} INFO - Sync 1 DAGs
[2024-05-05T15:36:48.794+0000] {logging_mixin.py:188} INFO - [2024-05-05T15:36:48.794+0000] {dag.py:3954} INFO - Setting next_dagrun for example_skip_dag to 2024-05-04 00:00:00+00:00, run_after=2024-05-05 00:00:00+00:00
[2024-05-05T15:36:48.830+0000] {processor.py:183} INFO - Processing /home/airflow/.local/lib/python3.12/site-packages/airflow/example_dags/example_skip_dag.py took 0.114 seconds
[2024-05-05T15:37:19.292+0000] {processor.py:161} INFO - Started process (PID=499) to work on /home/airflow/.local/lib/python3.12/site-packages/airflow/example_dags/example_skip_dag.py
[2024-05-05T15:37:19.293+0000] {processor.py:830} INFO - Processing file /home/airflow/.local/lib/python3.12/site-packages/airflow/example_dags/example_skip_dag.py for tasks to queue
[2024-05-05T15:37:19.295+0000] {logging_mixin.py:188} INFO - [2024-05-05T15:37:19.294+0000] {dagbag.py:540} INFO - Filling up the DagBag from /home/airflow/.local/lib/python3.12/site-packages/airflow/example_dags/example_skip_dag.py
[2024-05-05T15:37:19.302+0000] {processor.py:840} INFO - DAG(s) 'example_skip_dag' retrieved from /home/airflow/.local/lib/python3.12/site-packages/airflow/example_dags/example_skip_dag.py
[2024-05-05T15:37:19.327+0000] {logging_mixin.py:188} INFO - [2024-05-05T15:37:19.327+0000] {dag.py:3096} INFO - Sync 1 DAGs
[2024-05-05T15:37:19.355+0000] {logging_mixin.py:188} INFO - [2024-05-05T15:37:19.355+0000] {dag.py:3954} INFO - Setting next_dagrun for example_skip_dag to 2024-05-04 00:00:00+00:00, run_after=2024-05-05 00:00:00+00:00
[2024-05-05T15:37:19.376+0000] {processor.py:183} INFO - Processing /home/airflow/.local/lib/python3.12/site-packages/airflow/example_dags/example_skip_dag.py took 0.090 seconds
[2024-05-05T15:37:50.022+0000] {processor.py:161} INFO - Started process (PID=558) to work on /home/airflow/.local/lib/python3.12/site-packages/airflow/example_dags/example_skip_dag.py
[2024-05-05T15:37:50.022+0000] {processor.py:830} INFO - Processing file /home/airflow/.local/lib/python3.12/site-packages/airflow/example_dags/example_skip_dag.py for tasks to queue
[2024-05-05T15:37:50.024+0000] {logging_mixin.py:188} INFO - [2024-05-05T15:37:50.024+0000] {dagbag.py:540} INFO - Filling up the DagBag from /home/airflow/.local/lib/python3.12/site-packages/airflow/example_dags/example_skip_dag.py
[2024-05-05T15:37:50.031+0000] {processor.py:840} INFO - DAG(s) 'example_skip_dag' retrieved from /home/airflow/.local/lib/python3.12/site-packages/airflow/example_dags/example_skip_dag.py
[2024-05-05T15:37:50.078+0000] {logging_mixin.py:188} INFO - [2024-05-05T15:37:50.078+0000] {dag.py:3096} INFO - Sync 1 DAGs
[2024-05-05T15:37:50.103+0000] {logging_mixin.py:188} INFO - [2024-05-05T15:37:50.102+0000] {dag.py:3954} INFO - Setting next_dagrun for example_skip_dag to 2024-05-04 00:00:00+00:00, run_after=2024-05-05 00:00:00+00:00
[2024-05-05T15:37:50.128+0000] {processor.py:183} INFO - Processing /home/airflow/.local/lib/python3.12/site-packages/airflow/example_dags/example_skip_dag.py took 0.113 seconds
[2024-05-05T15:38:20.673+0000] {processor.py:161} INFO - Started process (PID=616) to work on /home/airflow/.local/lib/python3.12/site-packages/airflow/example_dags/example_skip_dag.py
[2024-05-05T15:38:20.673+0000] {processor.py:830} INFO - Processing file /home/airflow/.local/lib/python3.12/site-packages/airflow/example_dags/example_skip_dag.py for tasks to queue
[2024-05-05T15:38:20.675+0000] {logging_mixin.py:188} INFO - [2024-05-05T15:38:20.675+0000] {dagbag.py:540} INFO - Filling up the DagBag from /home/airflow/.local/lib/python3.12/site-packages/airflow/example_dags/example_skip_dag.py
[2024-05-05T15:38:20.683+0000] {processor.py:840} INFO - DAG(s) 'example_skip_dag' retrieved from /home/airflow/.local/lib/python3.12/site-packages/airflow/example_dags/example_skip_dag.py
[2024-05-05T15:38:20.710+0000] {logging_mixin.py:188} INFO - [2024-05-05T15:38:20.710+0000] {dag.py:3096} INFO - Sync 1 DAGs
[2024-05-05T15:38:20.737+0000] {logging_mixin.py:188} INFO - [2024-05-05T15:38:20.737+0000] {dag.py:3954} INFO - Setting next_dagrun for example_skip_dag to 2024-05-04 00:00:00+00:00, run_after=2024-05-05 00:00:00+00:00
[2024-05-05T15:38:20.762+0000] {processor.py:183} INFO - Processing /home/airflow/.local/lib/python3.12/site-packages/airflow/example_dags/example_skip_dag.py took 0.101 seconds
[2024-05-05T15:38:50.887+0000] {processor.py:161} INFO - Started process (PID=674) to work on /home/airflow/.local/lib/python3.12/site-packages/airflow/example_dags/example_skip_dag.py
[2024-05-05T15:38:50.896+0000] {processor.py:830} INFO - Processing file /home/airflow/.local/lib/python3.12/site-packages/airflow/example_dags/example_skip_dag.py for tasks to queue
[2024-05-05T15:38:50.898+0000] {logging_mixin.py:188} INFO - [2024-05-05T15:38:50.897+0000] {dagbag.py:540} INFO - Filling up the DagBag from /home/airflow/.local/lib/python3.12/site-packages/airflow/example_dags/example_skip_dag.py
[2024-05-05T15:38:50.923+0000] {processor.py:840} INFO - DAG(s) 'example_skip_dag' retrieved from /home/airflow/.local/lib/python3.12/site-packages/airflow/example_dags/example_skip_dag.py
[2024-05-05T15:38:50.996+0000] {logging_mixin.py:188} INFO - [2024-05-05T15:38:50.996+0000] {dag.py:3096} INFO - Sync 1 DAGs
[2024-05-05T15:38:51.076+0000] {logging_mixin.py:188} INFO - [2024-05-05T15:38:51.075+0000] {dag.py:3954} INFO - Setting next_dagrun for example_skip_dag to 2024-05-04 00:00:00+00:00, run_after=2024-05-05 00:00:00+00:00
[2024-05-05T15:38:51.142+0000] {processor.py:183} INFO - Processing /home/airflow/.local/lib/python3.12/site-packages/airflow/example_dags/example_skip_dag.py took 0.270 seconds
[2024-05-05T15:39:21.248+0000] {processor.py:161} INFO - Started process (PID=733) to work on /home/airflow/.local/lib/python3.12/site-packages/airflow/example_dags/example_skip_dag.py
[2024-05-05T15:39:21.249+0000] {processor.py:830} INFO - Processing file /home/airflow/.local/lib/python3.12/site-packages/airflow/example_dags/example_skip_dag.py for tasks to queue
[2024-05-05T15:39:21.251+0000] {logging_mixin.py:188} INFO - [2024-05-05T15:39:21.250+0000] {dagbag.py:540} INFO - Filling up the DagBag from /home/airflow/.local/lib/python3.12/site-packages/airflow/example_dags/example_skip_dag.py
[2024-05-05T15:39:21.256+0000] {processor.py:840} INFO - DAG(s) 'example_skip_dag' retrieved from /home/airflow/.local/lib/python3.12/site-packages/airflow/example_dags/example_skip_dag.py
[2024-05-05T15:39:21.273+0000] {logging_mixin.py:188} INFO - [2024-05-05T15:39:21.273+0000] {dag.py:3096} INFO - Sync 1 DAGs
[2024-05-05T15:39:21.291+0000] {logging_mixin.py:188} INFO - [2024-05-05T15:39:21.291+0000] {dag.py:3954} INFO - Setting next_dagrun for example_skip_dag to 2024-05-04 00:00:00+00:00, run_after=2024-05-05 00:00:00+00:00
[2024-05-05T15:39:21.311+0000] {processor.py:183} INFO - Processing /home/airflow/.local/lib/python3.12/site-packages/airflow/example_dags/example_skip_dag.py took 0.067 seconds
[2024-05-05T15:39:51.902+0000] {processor.py:161} INFO - Started process (PID=790) to work on /home/airflow/.local/lib/python3.12/site-packages/airflow/example_dags/example_skip_dag.py
[2024-05-05T15:39:51.910+0000] {processor.py:830} INFO - Processing file /home/airflow/.local/lib/python3.12/site-packages/airflow/example_dags/example_skip_dag.py for tasks to queue
[2024-05-05T15:39:51.914+0000] {logging_mixin.py:188} INFO - [2024-05-05T15:39:51.913+0000] {dagbag.py:540} INFO - Filling up the DagBag from /home/airflow/.local/lib/python3.12/site-packages/airflow/example_dags/example_skip_dag.py
[2024-05-05T15:39:51.926+0000] {processor.py:840} INFO - DAG(s) 'example_skip_dag' retrieved from /home/airflow/.local/lib/python3.12/site-packages/airflow/example_dags/example_skip_dag.py
[2024-05-05T15:39:51.953+0000] {logging_mixin.py:188} INFO - [2024-05-05T15:39:51.952+0000] {dag.py:3096} INFO - Sync 1 DAGs
[2024-05-05T15:39:51.986+0000] {logging_mixin.py:188} INFO - [2024-05-05T15:39:51.986+0000] {dag.py:3954} INFO - Setting next_dagrun for example_skip_dag to 2024-05-04 00:00:00+00:00, run_after=2024-05-05 00:00:00+00:00
[2024-05-05T15:39:52.013+0000] {processor.py:183} INFO - Processing /home/airflow/.local/lib/python3.12/site-packages/airflow/example_dags/example_skip_dag.py took 0.122 seconds
[2024-05-05T15:40:22.059+0000] {processor.py:161} INFO - Started process (PID=848) to work on /home/airflow/.local/lib/python3.12/site-packages/airflow/example_dags/example_skip_dag.py
[2024-05-05T15:40:22.060+0000] {processor.py:830} INFO - Processing file /home/airflow/.local/lib/python3.12/site-packages/airflow/example_dags/example_skip_dag.py for tasks to queue
[2024-05-05T15:40:22.062+0000] {logging_mixin.py:188} INFO - [2024-05-05T15:40:22.061+0000] {dagbag.py:540} INFO - Filling up the DagBag from /home/airflow/.local/lib/python3.12/site-packages/airflow/example_dags/example_skip_dag.py
[2024-05-05T15:40:22.069+0000] {processor.py:840} INFO - DAG(s) 'example_skip_dag' retrieved from /home/airflow/.local/lib/python3.12/site-packages/airflow/example_dags/example_skip_dag.py
[2024-05-05T15:40:22.092+0000] {logging_mixin.py:188} INFO - [2024-05-05T15:40:22.092+0000] {dag.py:3096} INFO - Sync 1 DAGs
[2024-05-05T15:40:22.118+0000] {logging_mixin.py:188} INFO - [2024-05-05T15:40:22.118+0000] {dag.py:3954} INFO - Setting next_dagrun for example_skip_dag to 2024-05-04 00:00:00+00:00, run_after=2024-05-05 00:00:00+00:00
[2024-05-05T15:40:22.141+0000] {processor.py:183} INFO - Processing /home/airflow/.local/lib/python3.12/site-packages/airflow/example_dags/example_skip_dag.py took 0.089 seconds
[2024-05-05T15:40:52.753+0000] {processor.py:161} INFO - Started process (PID=905) to work on /home/airflow/.local/lib/python3.12/site-packages/airflow/example_dags/example_skip_dag.py
[2024-05-05T15:40:52.754+0000] {processor.py:830} INFO - Processing file /home/airflow/.local/lib/python3.12/site-packages/airflow/example_dags/example_skip_dag.py for tasks to queue
[2024-05-05T15:40:52.755+0000] {logging_mixin.py:188} INFO - [2024-05-05T15:40:52.755+0000] {dagbag.py:540} INFO - Filling up the DagBag from /home/airflow/.local/lib/python3.12/site-packages/airflow/example_dags/example_skip_dag.py
[2024-05-05T15:40:52.762+0000] {processor.py:840} INFO - DAG(s) 'example_skip_dag' retrieved from /home/airflow/.local/lib/python3.12/site-packages/airflow/example_dags/example_skip_dag.py
[2024-05-05T15:40:52.786+0000] {logging_mixin.py:188} INFO - [2024-05-05T15:40:52.786+0000] {dag.py:3096} INFO - Sync 1 DAGs
[2024-05-05T15:40:52.813+0000] {logging_mixin.py:188} INFO - [2024-05-05T15:40:52.812+0000] {dag.py:3954} INFO - Setting next_dagrun for example_skip_dag to 2024-05-04 00:00:00+00:00, run_after=2024-05-05 00:00:00+00:00
[2024-05-05T15:40:52.835+0000] {processor.py:183} INFO - Processing /home/airflow/.local/lib/python3.12/site-packages/airflow/example_dags/example_skip_dag.py took 0.088 seconds
[2024-05-05T15:41:23.637+0000] {processor.py:161} INFO - Started process (PID=964) to work on /home/airflow/.local/lib/python3.12/site-packages/airflow/example_dags/example_skip_dag.py
[2024-05-05T15:41:23.638+0000] {processor.py:830} INFO - Processing file /home/airflow/.local/lib/python3.12/site-packages/airflow/example_dags/example_skip_dag.py for tasks to queue
[2024-05-05T15:41:23.639+0000] {logging_mixin.py:188} INFO - [2024-05-05T15:41:23.639+0000] {dagbag.py:540} INFO - Filling up the DagBag from /home/airflow/.local/lib/python3.12/site-packages/airflow/example_dags/example_skip_dag.py
[2024-05-05T15:41:23.647+0000] {processor.py:840} INFO - DAG(s) 'example_skip_dag' retrieved from /home/airflow/.local/lib/python3.12/site-packages/airflow/example_dags/example_skip_dag.py
[2024-05-05T15:41:23.671+0000] {logging_mixin.py:188} INFO - [2024-05-05T15:41:23.671+0000] {dag.py:3096} INFO - Sync 1 DAGs
[2024-05-05T15:41:23.712+0000] {logging_mixin.py:188} INFO - [2024-05-05T15:41:23.711+0000] {dag.py:3954} INFO - Setting next_dagrun for example_skip_dag to 2024-05-04 00:00:00+00:00, run_after=2024-05-05 00:00:00+00:00
[2024-05-05T15:41:23.753+0000] {processor.py:183} INFO - Processing /home/airflow/.local/lib/python3.12/site-packages/airflow/example_dags/example_skip_dag.py took 0.127 seconds
[2024-05-05T15:41:54.054+0000] {processor.py:161} INFO - Started process (PID=1023) to work on /home/airflow/.local/lib/python3.12/site-packages/airflow/example_dags/example_skip_dag.py
[2024-05-05T15:41:54.055+0000] {processor.py:830} INFO - Processing file /home/airflow/.local/lib/python3.12/site-packages/airflow/example_dags/example_skip_dag.py for tasks to queue
[2024-05-05T15:41:54.058+0000] {logging_mixin.py:188} INFO - [2024-05-05T15:41:54.058+0000] {dagbag.py:540} INFO - Filling up the DagBag from /home/airflow/.local/lib/python3.12/site-packages/airflow/example_dags/example_skip_dag.py
[2024-05-05T15:41:54.065+0000] {processor.py:840} INFO - DAG(s) 'example_skip_dag' retrieved from /home/airflow/.local/lib/python3.12/site-packages/airflow/example_dags/example_skip_dag.py
[2024-05-05T15:41:54.099+0000] {logging_mixin.py:188} INFO - [2024-05-05T15:41:54.099+0000] {dag.py:3096} INFO - Sync 1 DAGs
[2024-05-05T15:41:54.124+0000] {logging_mixin.py:188} INFO - [2024-05-05T15:41:54.124+0000] {dag.py:3954} INFO - Setting next_dagrun for example_skip_dag to 2024-05-04 00:00:00+00:00, run_after=2024-05-05 00:00:00+00:00
[2024-05-05T15:41:54.150+0000] {processor.py:183} INFO - Processing /home/airflow/.local/lib/python3.12/site-packages/airflow/example_dags/example_skip_dag.py took 0.102 seconds
[2024-05-05T15:42:24.205+0000] {processor.py:161} INFO - Started process (PID=1081) to work on /home/airflow/.local/lib/python3.12/site-packages/airflow/example_dags/example_skip_dag.py
[2024-05-05T15:42:24.206+0000] {processor.py:830} INFO - Processing file /home/airflow/.local/lib/python3.12/site-packages/airflow/example_dags/example_skip_dag.py for tasks to queue
[2024-05-05T15:42:24.208+0000] {logging_mixin.py:188} INFO - [2024-05-05T15:42:24.208+0000] {dagbag.py:540} INFO - Filling up the DagBag from /home/airflow/.local/lib/python3.12/site-packages/airflow/example_dags/example_skip_dag.py
[2024-05-05T15:42:24.215+0000] {processor.py:840} INFO - DAG(s) 'example_skip_dag' retrieved from /home/airflow/.local/lib/python3.12/site-packages/airflow/example_dags/example_skip_dag.py
[2024-05-05T15:42:24.240+0000] {logging_mixin.py:188} INFO - [2024-05-05T15:42:24.240+0000] {dag.py:3096} INFO - Sync 1 DAGs
[2024-05-05T15:42:24.281+0000] {logging_mixin.py:188} INFO - [2024-05-05T15:42:24.281+0000] {dag.py:3954} INFO - Setting next_dagrun for example_skip_dag to 2024-05-04 00:00:00+00:00, run_after=2024-05-05 00:00:00+00:00
[2024-05-05T15:42:24.313+0000] {processor.py:183} INFO - Processing /home/airflow/.local/lib/python3.12/site-packages/airflow/example_dags/example_skip_dag.py took 0.115 seconds
[2024-05-05T15:42:54.790+0000] {processor.py:161} INFO - Started process (PID=1139) to work on /home/airflow/.local/lib/python3.12/site-packages/airflow/example_dags/example_skip_dag.py
[2024-05-05T15:42:54.793+0000] {processor.py:830} INFO - Processing file /home/airflow/.local/lib/python3.12/site-packages/airflow/example_dags/example_skip_dag.py for tasks to queue
[2024-05-05T15:42:54.800+0000] {logging_mixin.py:188} INFO - [2024-05-05T15:42:54.800+0000] {dagbag.py:540} INFO - Filling up the DagBag from /home/airflow/.local/lib/python3.12/site-packages/airflow/example_dags/example_skip_dag.py
[2024-05-05T15:42:54.821+0000] {processor.py:840} INFO - DAG(s) 'example_skip_dag' retrieved from /home/airflow/.local/lib/python3.12/site-packages/airflow/example_dags/example_skip_dag.py
[2024-05-05T15:42:54.889+0000] {logging_mixin.py:188} INFO - [2024-05-05T15:42:54.888+0000] {dag.py:3096} INFO - Sync 1 DAGs
[2024-05-05T15:42:54.991+0000] {logging_mixin.py:188} INFO - [2024-05-05T15:42:54.991+0000] {dag.py:3954} INFO - Setting next_dagrun for example_skip_dag to 2024-05-04 00:00:00+00:00, run_after=2024-05-05 00:00:00+00:00
[2024-05-05T15:42:55.043+0000] {processor.py:183} INFO - Processing /home/airflow/.local/lib/python3.12/site-packages/airflow/example_dags/example_skip_dag.py took 0.266 seconds
[2024-05-05T15:43:25.382+0000] {processor.py:161} INFO - Started process (PID=1197) to work on /home/airflow/.local/lib/python3.12/site-packages/airflow/example_dags/example_skip_dag.py
[2024-05-05T15:43:25.398+0000] {processor.py:830} INFO - Processing file /home/airflow/.local/lib/python3.12/site-packages/airflow/example_dags/example_skip_dag.py for tasks to queue
[2024-05-05T15:43:25.400+0000] {logging_mixin.py:188} INFO - [2024-05-05T15:43:25.400+0000] {dagbag.py:540} INFO - Filling up the DagBag from /home/airflow/.local/lib/python3.12/site-packages/airflow/example_dags/example_skip_dag.py
[2024-05-05T15:43:25.420+0000] {processor.py:840} INFO - DAG(s) 'example_skip_dag' retrieved from /home/airflow/.local/lib/python3.12/site-packages/airflow/example_dags/example_skip_dag.py
[2024-05-05T15:43:25.525+0000] {logging_mixin.py:188} INFO - [2024-05-05T15:43:25.524+0000] {dag.py:3096} INFO - Sync 1 DAGs
[2024-05-05T15:43:25.591+0000] {logging_mixin.py:188} INFO - [2024-05-05T15:43:25.591+0000] {dag.py:3954} INFO - Setting next_dagrun for example_skip_dag to 2024-05-04 00:00:00+00:00, run_after=2024-05-05 00:00:00+00:00
[2024-05-05T15:43:25.648+0000] {processor.py:183} INFO - Processing /home/airflow/.local/lib/python3.12/site-packages/airflow/example_dags/example_skip_dag.py took 0.295 seconds
[2024-05-05T15:43:56.340+0000] {processor.py:161} INFO - Started process (PID=1255) to work on /home/airflow/.local/lib/python3.12/site-packages/airflow/example_dags/example_skip_dag.py
[2024-05-05T15:43:56.344+0000] {processor.py:830} INFO - Processing file /home/airflow/.local/lib/python3.12/site-packages/airflow/example_dags/example_skip_dag.py for tasks to queue
[2024-05-05T15:43:56.346+0000] {logging_mixin.py:188} INFO - [2024-05-05T15:43:56.345+0000] {dagbag.py:540} INFO - Filling up the DagBag from /home/airflow/.local/lib/python3.12/site-packages/airflow/example_dags/example_skip_dag.py
[2024-05-05T15:43:56.362+0000] {processor.py:840} INFO - DAG(s) 'example_skip_dag' retrieved from /home/airflow/.local/lib/python3.12/site-packages/airflow/example_dags/example_skip_dag.py
[2024-05-05T15:43:56.496+0000] {logging_mixin.py:188} INFO - [2024-05-05T15:43:56.495+0000] {dag.py:3096} INFO - Sync 1 DAGs
[2024-05-05T15:43:56.567+0000] {logging_mixin.py:188} INFO - [2024-05-05T15:43:56.567+0000] {dag.py:3954} INFO - Setting next_dagrun for example_skip_dag to 2024-05-04 00:00:00+00:00, run_after=2024-05-05 00:00:00+00:00
[2024-05-05T15:43:56.625+0000] {processor.py:183} INFO - Processing /home/airflow/.local/lib/python3.12/site-packages/airflow/example_dags/example_skip_dag.py took 0.300 seconds
[2024-05-05T15:44:26.731+0000] {processor.py:161} INFO - Started process (PID=1313) to work on /home/airflow/.local/lib/python3.12/site-packages/airflow/example_dags/example_skip_dag.py
[2024-05-05T15:44:26.731+0000] {processor.py:830} INFO - Processing file /home/airflow/.local/lib/python3.12/site-packages/airflow/example_dags/example_skip_dag.py for tasks to queue
[2024-05-05T15:44:26.733+0000] {logging_mixin.py:188} INFO - [2024-05-05T15:44:26.733+0000] {dagbag.py:540} INFO - Filling up the DagBag from /home/airflow/.local/lib/python3.12/site-packages/airflow/example_dags/example_skip_dag.py
[2024-05-05T15:44:26.741+0000] {processor.py:840} INFO - DAG(s) 'example_skip_dag' retrieved from /home/airflow/.local/lib/python3.12/site-packages/airflow/example_dags/example_skip_dag.py
[2024-05-05T15:44:26.764+0000] {logging_mixin.py:188} INFO - [2024-05-05T15:44:26.764+0000] {dag.py:3096} INFO - Sync 1 DAGs
[2024-05-05T15:44:26.797+0000] {logging_mixin.py:188} INFO - [2024-05-05T15:44:26.796+0000] {dag.py:3954} INFO - Setting next_dagrun for example_skip_dag to 2024-05-04 00:00:00+00:00, run_after=2024-05-05 00:00:00+00:00
[2024-05-05T15:44:26.831+0000] {processor.py:183} INFO - Processing /home/airflow/.local/lib/python3.12/site-packages/airflow/example_dags/example_skip_dag.py took 0.107 seconds
[2024-05-05T15:44:57.102+0000] {processor.py:161} INFO - Started process (PID=1370) to work on /home/airflow/.local/lib/python3.12/site-packages/airflow/example_dags/example_skip_dag.py
[2024-05-05T15:44:57.102+0000] {processor.py:830} INFO - Processing file /home/airflow/.local/lib/python3.12/site-packages/airflow/example_dags/example_skip_dag.py for tasks to queue
[2024-05-05T15:44:57.104+0000] {logging_mixin.py:188} INFO - [2024-05-05T15:44:57.104+0000] {dagbag.py:540} INFO - Filling up the DagBag from /home/airflow/.local/lib/python3.12/site-packages/airflow/example_dags/example_skip_dag.py
[2024-05-05T15:44:57.112+0000] {processor.py:840} INFO - DAG(s) 'example_skip_dag' retrieved from /home/airflow/.local/lib/python3.12/site-packages/airflow/example_dags/example_skip_dag.py
[2024-05-05T15:44:57.139+0000] {logging_mixin.py:188} INFO - [2024-05-05T15:44:57.139+0000] {dag.py:3096} INFO - Sync 1 DAGs
[2024-05-05T15:44:57.165+0000] {logging_mixin.py:188} INFO - [2024-05-05T15:44:57.165+0000] {dag.py:3954} INFO - Setting next_dagrun for example_skip_dag to 2024-05-04 00:00:00+00:00, run_after=2024-05-05 00:00:00+00:00
[2024-05-05T15:44:57.189+0000] {processor.py:183} INFO - Processing /home/airflow/.local/lib/python3.12/site-packages/airflow/example_dags/example_skip_dag.py took 0.095 seconds
[2024-05-05T15:45:27.540+0000] {processor.py:161} INFO - Started process (PID=1428) to work on /home/airflow/.local/lib/python3.12/site-packages/airflow/example_dags/example_skip_dag.py
[2024-05-05T15:45:27.541+0000] {processor.py:830} INFO - Processing file /home/airflow/.local/lib/python3.12/site-packages/airflow/example_dags/example_skip_dag.py for tasks to queue
[2024-05-05T15:45:27.543+0000] {logging_mixin.py:188} INFO - [2024-05-05T15:45:27.543+0000] {dagbag.py:540} INFO - Filling up the DagBag from /home/airflow/.local/lib/python3.12/site-packages/airflow/example_dags/example_skip_dag.py
[2024-05-05T15:45:27.551+0000] {processor.py:840} INFO - DAG(s) 'example_skip_dag' retrieved from /home/airflow/.local/lib/python3.12/site-packages/airflow/example_dags/example_skip_dag.py
[2024-05-05T15:45:27.575+0000] {logging_mixin.py:188} INFO - [2024-05-05T15:45:27.575+0000] {dag.py:3096} INFO - Sync 1 DAGs
[2024-05-05T15:45:27.602+0000] {logging_mixin.py:188} INFO - [2024-05-05T15:45:27.602+0000] {dag.py:3954} INFO - Setting next_dagrun for example_skip_dag to 2024-05-04 00:00:00+00:00, run_after=2024-05-05 00:00:00+00:00
[2024-05-05T15:45:27.627+0000] {processor.py:183} INFO - Processing /home/airflow/.local/lib/python3.12/site-packages/airflow/example_dags/example_skip_dag.py took 0.094 seconds
[2024-05-05T15:45:57.966+0000] {processor.py:161} INFO - Started process (PID=1487) to work on /home/airflow/.local/lib/python3.12/site-packages/airflow/example_dags/example_skip_dag.py
[2024-05-05T15:45:57.967+0000] {processor.py:830} INFO - Processing file /home/airflow/.local/lib/python3.12/site-packages/airflow/example_dags/example_skip_dag.py for tasks to queue
[2024-05-05T15:45:57.969+0000] {logging_mixin.py:188} INFO - [2024-05-05T15:45:57.968+0000] {dagbag.py:540} INFO - Filling up the DagBag from /home/airflow/.local/lib/python3.12/site-packages/airflow/example_dags/example_skip_dag.py
[2024-05-05T15:45:57.976+0000] {processor.py:840} INFO - DAG(s) 'example_skip_dag' retrieved from /home/airflow/.local/lib/python3.12/site-packages/airflow/example_dags/example_skip_dag.py
[2024-05-05T15:45:58.000+0000] {logging_mixin.py:188} INFO - [2024-05-05T15:45:57.999+0000] {dag.py:3096} INFO - Sync 1 DAGs
[2024-05-05T15:45:58.028+0000] {logging_mixin.py:188} INFO - [2024-05-05T15:45:58.028+0000] {dag.py:3954} INFO - Setting next_dagrun for example_skip_dag to 2024-05-04 00:00:00+00:00, run_after=2024-05-05 00:00:00+00:00
[2024-05-05T15:45:58.079+0000] {processor.py:183} INFO - Processing /home/airflow/.local/lib/python3.12/site-packages/airflow/example_dags/example_skip_dag.py took 0.121 seconds
[2024-05-05T15:46:28.157+0000] {processor.py:161} INFO - Started process (PID=1544) to work on /home/airflow/.local/lib/python3.12/site-packages/airflow/example_dags/example_skip_dag.py
[2024-05-05T15:46:28.157+0000] {processor.py:830} INFO - Processing file /home/airflow/.local/lib/python3.12/site-packages/airflow/example_dags/example_skip_dag.py for tasks to queue
[2024-05-05T15:46:28.159+0000] {logging_mixin.py:188} INFO - [2024-05-05T15:46:28.159+0000] {dagbag.py:540} INFO - Filling up the DagBag from /home/airflow/.local/lib/python3.12/site-packages/airflow/example_dags/example_skip_dag.py
[2024-05-05T15:46:28.172+0000] {processor.py:840} INFO - DAG(s) 'example_skip_dag' retrieved from /home/airflow/.local/lib/python3.12/site-packages/airflow/example_dags/example_skip_dag.py
[2024-05-05T15:46:28.195+0000] {logging_mixin.py:188} INFO - [2024-05-05T15:46:28.195+0000] {dag.py:3096} INFO - Sync 1 DAGs
[2024-05-05T15:46:28.220+0000] {logging_mixin.py:188} INFO - [2024-05-05T15:46:28.220+0000] {dag.py:3954} INFO - Setting next_dagrun for example_skip_dag to 2024-05-04 00:00:00+00:00, run_after=2024-05-05 00:00:00+00:00
[2024-05-05T15:46:28.245+0000] {processor.py:183} INFO - Processing /home/airflow/.local/lib/python3.12/site-packages/airflow/example_dags/example_skip_dag.py took 0.108 seconds
[2024-05-05T15:46:58.516+0000] {processor.py:161} INFO - Started process (PID=1601) to work on /home/airflow/.local/lib/python3.12/site-packages/airflow/example_dags/example_skip_dag.py
[2024-05-05T15:46:58.517+0000] {processor.py:830} INFO - Processing file /home/airflow/.local/lib/python3.12/site-packages/airflow/example_dags/example_skip_dag.py for tasks to queue
[2024-05-05T15:46:58.519+0000] {logging_mixin.py:188} INFO - [2024-05-05T15:46:58.519+0000] {dagbag.py:540} INFO - Filling up the DagBag from /home/airflow/.local/lib/python3.12/site-packages/airflow/example_dags/example_skip_dag.py
[2024-05-05T15:46:58.527+0000] {processor.py:840} INFO - DAG(s) 'example_skip_dag' retrieved from /home/airflow/.local/lib/python3.12/site-packages/airflow/example_dags/example_skip_dag.py
[2024-05-05T15:46:58.555+0000] {logging_mixin.py:188} INFO - [2024-05-05T15:46:58.554+0000] {dag.py:3096} INFO - Sync 1 DAGs
[2024-05-05T15:46:58.611+0000] {logging_mixin.py:188} INFO - [2024-05-05T15:46:58.610+0000] {dag.py:3954} INFO - Setting next_dagrun for example_skip_dag to 2024-05-04 00:00:00+00:00, run_after=2024-05-05 00:00:00+00:00
[2024-05-05T15:46:58.654+0000] {processor.py:183} INFO - Processing /home/airflow/.local/lib/python3.12/site-packages/airflow/example_dags/example_skip_dag.py took 0.144 seconds
[2024-05-05T15:47:29.458+0000] {processor.py:161} INFO - Started process (PID=1659) to work on /home/airflow/.local/lib/python3.12/site-packages/airflow/example_dags/example_skip_dag.py
[2024-05-05T15:47:29.459+0000] {processor.py:830} INFO - Processing file /home/airflow/.local/lib/python3.12/site-packages/airflow/example_dags/example_skip_dag.py for tasks to queue
[2024-05-05T15:47:29.480+0000] {logging_mixin.py:188} INFO - [2024-05-05T15:47:29.480+0000] {dagbag.py:540} INFO - Filling up the DagBag from /home/airflow/.local/lib/python3.12/site-packages/airflow/example_dags/example_skip_dag.py
[2024-05-05T15:47:29.530+0000] {processor.py:840} INFO - DAG(s) 'example_skip_dag' retrieved from /home/airflow/.local/lib/python3.12/site-packages/airflow/example_dags/example_skip_dag.py
[2024-05-05T15:47:29.652+0000] {logging_mixin.py:188} INFO - [2024-05-05T15:47:29.651+0000] {dag.py:3096} INFO - Sync 1 DAGs
[2024-05-05T15:47:29.746+0000] {logging_mixin.py:188} INFO - [2024-05-05T15:47:29.746+0000] {dag.py:3954} INFO - Setting next_dagrun for example_skip_dag to 2024-05-04 00:00:00+00:00, run_after=2024-05-05 00:00:00+00:00
[2024-05-05T15:47:29.816+0000] {processor.py:183} INFO - Processing /home/airflow/.local/lib/python3.12/site-packages/airflow/example_dags/example_skip_dag.py took 0.377 seconds
[2024-05-05T15:48:00.298+0000] {processor.py:161} INFO - Started process (PID=1718) to work on /home/airflow/.local/lib/python3.12/site-packages/airflow/example_dags/example_skip_dag.py
[2024-05-05T15:48:00.304+0000] {processor.py:830} INFO - Processing file /home/airflow/.local/lib/python3.12/site-packages/airflow/example_dags/example_skip_dag.py for tasks to queue
[2024-05-05T15:48:00.321+0000] {logging_mixin.py:188} INFO - [2024-05-05T15:48:00.321+0000] {dagbag.py:540} INFO - Filling up the DagBag from /home/airflow/.local/lib/python3.12/site-packages/airflow/example_dags/example_skip_dag.py
[2024-05-05T15:48:00.331+0000] {processor.py:840} INFO - DAG(s) 'example_skip_dag' retrieved from /home/airflow/.local/lib/python3.12/site-packages/airflow/example_dags/example_skip_dag.py
[2024-05-05T15:48:00.427+0000] {logging_mixin.py:188} INFO - [2024-05-05T15:48:00.425+0000] {dag.py:3096} INFO - Sync 1 DAGs
[2024-05-05T15:48:00.502+0000] {logging_mixin.py:188} INFO - [2024-05-05T15:48:00.502+0000] {dag.py:3954} INFO - Setting next_dagrun for example_skip_dag to 2024-05-04 00:00:00+00:00, run_after=2024-05-05 00:00:00+00:00
[2024-05-05T15:48:00.544+0000] {processor.py:183} INFO - Processing /home/airflow/.local/lib/python3.12/site-packages/airflow/example_dags/example_skip_dag.py took 0.277 seconds
[2024-05-05T15:48:31.175+0000] {processor.py:161} INFO - Started process (PID=1778) to work on /home/airflow/.local/lib/python3.12/site-packages/airflow/example_dags/example_skip_dag.py
[2024-05-05T15:48:31.180+0000] {processor.py:830} INFO - Processing file /home/airflow/.local/lib/python3.12/site-packages/airflow/example_dags/example_skip_dag.py for tasks to queue
[2024-05-05T15:48:31.182+0000] {logging_mixin.py:188} INFO - [2024-05-05T15:48:31.182+0000] {dagbag.py:540} INFO - Filling up the DagBag from /home/airflow/.local/lib/python3.12/site-packages/airflow/example_dags/example_skip_dag.py
[2024-05-05T15:48:31.198+0000] {processor.py:840} INFO - DAG(s) 'example_skip_dag' retrieved from /home/airflow/.local/lib/python3.12/site-packages/airflow/example_dags/example_skip_dag.py
[2024-05-05T15:48:31.258+0000] {logging_mixin.py:188} INFO - [2024-05-05T15:48:31.258+0000] {dag.py:3096} INFO - Sync 1 DAGs
[2024-05-05T15:48:31.324+0000] {logging_mixin.py:188} INFO - [2024-05-05T15:48:31.324+0000] {dag.py:3954} INFO - Setting next_dagrun for example_skip_dag to 2024-05-04 00:00:00+00:00, run_after=2024-05-05 00:00:00+00:00
[2024-05-05T15:48:31.377+0000] {processor.py:183} INFO - Processing /home/airflow/.local/lib/python3.12/site-packages/airflow/example_dags/example_skip_dag.py took 0.213 seconds
[2024-05-05T15:49:01.706+0000] {processor.py:161} INFO - Started process (PID=1837) to work on /home/airflow/.local/lib/python3.12/site-packages/airflow/example_dags/example_skip_dag.py
[2024-05-05T15:49:01.707+0000] {processor.py:830} INFO - Processing file /home/airflow/.local/lib/python3.12/site-packages/airflow/example_dags/example_skip_dag.py for tasks to queue
[2024-05-05T15:49:01.708+0000] {logging_mixin.py:188} INFO - [2024-05-05T15:49:01.708+0000] {dagbag.py:540} INFO - Filling up the DagBag from /home/airflow/.local/lib/python3.12/site-packages/airflow/example_dags/example_skip_dag.py
[2024-05-05T15:49:01.715+0000] {processor.py:840} INFO - DAG(s) 'example_skip_dag' retrieved from /home/airflow/.local/lib/python3.12/site-packages/airflow/example_dags/example_skip_dag.py
[2024-05-05T15:49:01.740+0000] {logging_mixin.py:188} INFO - [2024-05-05T15:49:01.739+0000] {dag.py:3096} INFO - Sync 1 DAGs
[2024-05-05T15:49:01.771+0000] {logging_mixin.py:188} INFO - [2024-05-05T15:49:01.771+0000] {dag.py:3954} INFO - Setting next_dagrun for example_skip_dag to 2024-05-04 00:00:00+00:00, run_after=2024-05-05 00:00:00+00:00
[2024-05-05T15:49:01.798+0000] {processor.py:183} INFO - Processing /home/airflow/.local/lib/python3.12/site-packages/airflow/example_dags/example_skip_dag.py took 0.099 seconds
[2024-05-05T15:49:32.579+0000] {processor.py:161} INFO - Started process (PID=1896) to work on /home/airflow/.local/lib/python3.12/site-packages/airflow/example_dags/example_skip_dag.py
[2024-05-05T15:49:32.580+0000] {processor.py:830} INFO - Processing file /home/airflow/.local/lib/python3.12/site-packages/airflow/example_dags/example_skip_dag.py for tasks to queue
[2024-05-05T15:49:32.582+0000] {logging_mixin.py:188} INFO - [2024-05-05T15:49:32.582+0000] {dagbag.py:540} INFO - Filling up the DagBag from /home/airflow/.local/lib/python3.12/site-packages/airflow/example_dags/example_skip_dag.py
[2024-05-05T15:49:32.590+0000] {processor.py:840} INFO - DAG(s) 'example_skip_dag' retrieved from /home/airflow/.local/lib/python3.12/site-packages/airflow/example_dags/example_skip_dag.py
[2024-05-05T15:49:32.615+0000] {logging_mixin.py:188} INFO - [2024-05-05T15:49:32.615+0000] {dag.py:3096} INFO - Sync 1 DAGs
[2024-05-05T15:49:32.645+0000] {logging_mixin.py:188} INFO - [2024-05-05T15:49:32.644+0000] {dag.py:3954} INFO - Setting next_dagrun for example_skip_dag to 2024-05-04 00:00:00+00:00, run_after=2024-05-05 00:00:00+00:00
[2024-05-05T15:49:32.668+0000] {processor.py:183} INFO - Processing /home/airflow/.local/lib/python3.12/site-packages/airflow/example_dags/example_skip_dag.py took 0.096 seconds
[2024-05-05T15:50:03.167+0000] {processor.py:161} INFO - Started process (PID=1955) to work on /home/airflow/.local/lib/python3.12/site-packages/airflow/example_dags/example_skip_dag.py
[2024-05-05T15:50:03.167+0000] {processor.py:830} INFO - Processing file /home/airflow/.local/lib/python3.12/site-packages/airflow/example_dags/example_skip_dag.py for tasks to queue
[2024-05-05T15:50:03.185+0000] {logging_mixin.py:188} INFO - [2024-05-05T15:50:03.179+0000] {dagbag.py:540} INFO - Filling up the DagBag from /home/airflow/.local/lib/python3.12/site-packages/airflow/example_dags/example_skip_dag.py
[2024-05-05T15:50:03.193+0000] {processor.py:840} INFO - DAG(s) 'example_skip_dag' retrieved from /home/airflow/.local/lib/python3.12/site-packages/airflow/example_dags/example_skip_dag.py
[2024-05-05T15:50:03.261+0000] {logging_mixin.py:188} INFO - [2024-05-05T15:50:03.260+0000] {dag.py:3096} INFO - Sync 1 DAGs
[2024-05-05T15:50:03.297+0000] {logging_mixin.py:188} INFO - [2024-05-05T15:50:03.297+0000] {dag.py:3954} INFO - Setting next_dagrun for example_skip_dag to 2024-05-04 00:00:00+00:00, run_after=2024-05-05 00:00:00+00:00
[2024-05-05T15:50:03.320+0000] {processor.py:183} INFO - Processing /home/airflow/.local/lib/python3.12/site-packages/airflow/example_dags/example_skip_dag.py took 0.177 seconds
[2024-05-05T15:50:33.856+0000] {processor.py:161} INFO - Started process (PID=2014) to work on /home/airflow/.local/lib/python3.12/site-packages/airflow/example_dags/example_skip_dag.py
[2024-05-05T15:50:33.857+0000] {processor.py:830} INFO - Processing file /home/airflow/.local/lib/python3.12/site-packages/airflow/example_dags/example_skip_dag.py for tasks to queue
[2024-05-05T15:50:33.859+0000] {logging_mixin.py:188} INFO - [2024-05-05T15:50:33.859+0000] {dagbag.py:540} INFO - Filling up the DagBag from /home/airflow/.local/lib/python3.12/site-packages/airflow/example_dags/example_skip_dag.py
[2024-05-05T15:50:33.867+0000] {processor.py:840} INFO - DAG(s) 'example_skip_dag' retrieved from /home/airflow/.local/lib/python3.12/site-packages/airflow/example_dags/example_skip_dag.py
[2024-05-05T15:50:33.895+0000] {logging_mixin.py:188} INFO - [2024-05-05T15:50:33.895+0000] {dag.py:3096} INFO - Sync 1 DAGs
[2024-05-05T15:50:33.932+0000] {logging_mixin.py:188} INFO - [2024-05-05T15:50:33.931+0000] {dag.py:3954} INFO - Setting next_dagrun for example_skip_dag to 2024-05-04 00:00:00+00:00, run_after=2024-05-05 00:00:00+00:00
[2024-05-05T15:50:34.006+0000] {processor.py:183} INFO - Processing /home/airflow/.local/lib/python3.12/site-packages/airflow/example_dags/example_skip_dag.py took 0.158 seconds
[2024-05-05T15:51:04.706+0000] {processor.py:161} INFO - Started process (PID=2072) to work on /home/airflow/.local/lib/python3.12/site-packages/airflow/example_dags/example_skip_dag.py
[2024-05-05T15:51:04.707+0000] {processor.py:830} INFO - Processing file /home/airflow/.local/lib/python3.12/site-packages/airflow/example_dags/example_skip_dag.py for tasks to queue
[2024-05-05T15:51:04.708+0000] {logging_mixin.py:188} INFO - [2024-05-05T15:51:04.708+0000] {dagbag.py:540} INFO - Filling up the DagBag from /home/airflow/.local/lib/python3.12/site-packages/airflow/example_dags/example_skip_dag.py
[2024-05-05T15:51:04.727+0000] {processor.py:840} INFO - DAG(s) 'example_skip_dag' retrieved from /home/airflow/.local/lib/python3.12/site-packages/airflow/example_dags/example_skip_dag.py
[2024-05-05T15:51:04.754+0000] {logging_mixin.py:188} INFO - [2024-05-05T15:51:04.753+0000] {dag.py:3096} INFO - Sync 1 DAGs
[2024-05-05T15:51:04.779+0000] {logging_mixin.py:188} INFO - [2024-05-05T15:51:04.778+0000] {dag.py:3954} INFO - Setting next_dagrun for example_skip_dag to 2024-05-04 00:00:00+00:00, run_after=2024-05-05 00:00:00+00:00
[2024-05-05T15:51:04.801+0000] {processor.py:183} INFO - Processing /home/airflow/.local/lib/python3.12/site-packages/airflow/example_dags/example_skip_dag.py took 0.110 seconds
[2024-05-05T15:51:35.103+0000] {processor.py:161} INFO - Started process (PID=2131) to work on /home/airflow/.local/lib/python3.12/site-packages/airflow/example_dags/example_skip_dag.py
[2024-05-05T15:51:35.104+0000] {processor.py:830} INFO - Processing file /home/airflow/.local/lib/python3.12/site-packages/airflow/example_dags/example_skip_dag.py for tasks to queue
[2024-05-05T15:51:35.106+0000] {logging_mixin.py:188} INFO - [2024-05-05T15:51:35.105+0000] {dagbag.py:540} INFO - Filling up the DagBag from /home/airflow/.local/lib/python3.12/site-packages/airflow/example_dags/example_skip_dag.py
[2024-05-05T15:51:35.114+0000] {processor.py:840} INFO - DAG(s) 'example_skip_dag' retrieved from /home/airflow/.local/lib/python3.12/site-packages/airflow/example_dags/example_skip_dag.py
[2024-05-05T15:51:35.139+0000] {logging_mixin.py:188} INFO - [2024-05-05T15:51:35.138+0000] {dag.py:3096} INFO - Sync 1 DAGs
[2024-05-05T15:51:35.164+0000] {logging_mixin.py:188} INFO - [2024-05-05T15:51:35.163+0000] {dag.py:3954} INFO - Setting next_dagrun for example_skip_dag to 2024-05-04 00:00:00+00:00, run_after=2024-05-05 00:00:00+00:00
[2024-05-05T15:51:35.189+0000] {processor.py:183} INFO - Processing /home/airflow/.local/lib/python3.12/site-packages/airflow/example_dags/example_skip_dag.py took 0.093 seconds
[2024-05-05T15:52:05.839+0000] {processor.py:161} INFO - Started process (PID=2191) to work on /home/airflow/.local/lib/python3.12/site-packages/airflow/example_dags/example_skip_dag.py
[2024-05-05T15:52:05.852+0000] {processor.py:830} INFO - Processing file /home/airflow/.local/lib/python3.12/site-packages/airflow/example_dags/example_skip_dag.py for tasks to queue
[2024-05-05T15:52:05.854+0000] {logging_mixin.py:188} INFO - [2024-05-05T15:52:05.853+0000] {dagbag.py:540} INFO - Filling up the DagBag from /home/airflow/.local/lib/python3.12/site-packages/airflow/example_dags/example_skip_dag.py
[2024-05-05T15:52:05.875+0000] {processor.py:840} INFO - DAG(s) 'example_skip_dag' retrieved from /home/airflow/.local/lib/python3.12/site-packages/airflow/example_dags/example_skip_dag.py
[2024-05-05T15:52:05.940+0000] {logging_mixin.py:188} INFO - [2024-05-05T15:52:05.940+0000] {dag.py:3096} INFO - Sync 1 DAGs
[2024-05-05T15:52:06.019+0000] {logging_mixin.py:188} INFO - [2024-05-05T15:52:06.019+0000] {dag.py:3954} INFO - Setting next_dagrun for example_skip_dag to 2024-05-04 00:00:00+00:00, run_after=2024-05-05 00:00:00+00:00
[2024-05-05T15:52:06.073+0000] {processor.py:183} INFO - Processing /home/airflow/.local/lib/python3.12/site-packages/airflow/example_dags/example_skip_dag.py took 0.254 seconds
[2024-05-05T15:52:36.324+0000] {processor.py:161} INFO - Started process (PID=2250) to work on /home/airflow/.local/lib/python3.12/site-packages/airflow/example_dags/example_skip_dag.py
[2024-05-05T15:52:36.325+0000] {processor.py:830} INFO - Processing file /home/airflow/.local/lib/python3.12/site-packages/airflow/example_dags/example_skip_dag.py for tasks to queue
[2024-05-05T15:52:36.327+0000] {logging_mixin.py:188} INFO - [2024-05-05T15:52:36.326+0000] {dagbag.py:540} INFO - Filling up the DagBag from /home/airflow/.local/lib/python3.12/site-packages/airflow/example_dags/example_skip_dag.py
[2024-05-05T15:52:36.334+0000] {processor.py:840} INFO - DAG(s) 'example_skip_dag' retrieved from /home/airflow/.local/lib/python3.12/site-packages/airflow/example_dags/example_skip_dag.py
[2024-05-05T15:52:36.358+0000] {logging_mixin.py:188} INFO - [2024-05-05T15:52:36.358+0000] {dag.py:3096} INFO - Sync 1 DAGs
[2024-05-05T15:52:36.386+0000] {logging_mixin.py:188} INFO - [2024-05-05T15:52:36.386+0000] {dag.py:3954} INFO - Setting next_dagrun for example_skip_dag to 2024-05-04 00:00:00+00:00, run_after=2024-05-05 00:00:00+00:00
[2024-05-05T15:52:36.409+0000] {processor.py:183} INFO - Processing /home/airflow/.local/lib/python3.12/site-packages/airflow/example_dags/example_skip_dag.py took 0.092 seconds
[2024-05-05T15:53:06.937+0000] {processor.py:161} INFO - Started process (PID=2309) to work on /home/airflow/.local/lib/python3.12/site-packages/airflow/example_dags/example_skip_dag.py
[2024-05-05T15:53:06.938+0000] {processor.py:830} INFO - Processing file /home/airflow/.local/lib/python3.12/site-packages/airflow/example_dags/example_skip_dag.py for tasks to queue
[2024-05-05T15:53:06.940+0000] {logging_mixin.py:188} INFO - [2024-05-05T15:53:06.939+0000] {dagbag.py:540} INFO - Filling up the DagBag from /home/airflow/.local/lib/python3.12/site-packages/airflow/example_dags/example_skip_dag.py
[2024-05-05T15:53:06.947+0000] {processor.py:840} INFO - DAG(s) 'example_skip_dag' retrieved from /home/airflow/.local/lib/python3.12/site-packages/airflow/example_dags/example_skip_dag.py
[2024-05-05T15:53:06.984+0000] {logging_mixin.py:188} INFO - [2024-05-05T15:53:06.984+0000] {dag.py:3096} INFO - Sync 1 DAGs
[2024-05-05T15:53:07.012+0000] {logging_mixin.py:188} INFO - [2024-05-05T15:53:07.012+0000] {dag.py:3954} INFO - Setting next_dagrun for example_skip_dag to 2024-05-04 00:00:00+00:00, run_after=2024-05-05 00:00:00+00:00
[2024-05-05T15:53:07.038+0000] {processor.py:183} INFO - Processing /home/airflow/.local/lib/python3.12/site-packages/airflow/example_dags/example_skip_dag.py took 0.108 seconds
[2024-05-05T15:53:37.421+0000] {processor.py:161} INFO - Started process (PID=2369) to work on /home/airflow/.local/lib/python3.12/site-packages/airflow/example_dags/example_skip_dag.py
[2024-05-05T15:53:37.422+0000] {processor.py:830} INFO - Processing file /home/airflow/.local/lib/python3.12/site-packages/airflow/example_dags/example_skip_dag.py for tasks to queue
[2024-05-05T15:53:37.424+0000] {logging_mixin.py:188} INFO - [2024-05-05T15:53:37.423+0000] {dagbag.py:540} INFO - Filling up the DagBag from /home/airflow/.local/lib/python3.12/site-packages/airflow/example_dags/example_skip_dag.py
[2024-05-05T15:53:37.431+0000] {processor.py:840} INFO - DAG(s) 'example_skip_dag' retrieved from /home/airflow/.local/lib/python3.12/site-packages/airflow/example_dags/example_skip_dag.py
[2024-05-05T15:53:37.469+0000] {logging_mixin.py:188} INFO - [2024-05-05T15:53:37.468+0000] {dag.py:3096} INFO - Sync 1 DAGs
[2024-05-05T15:53:37.510+0000] {logging_mixin.py:188} INFO - [2024-05-05T15:53:37.510+0000] {dag.py:3954} INFO - Setting next_dagrun for example_skip_dag to 2024-05-04 00:00:00+00:00, run_after=2024-05-05 00:00:00+00:00
[2024-05-05T15:53:37.562+0000] {processor.py:183} INFO - Processing /home/airflow/.local/lib/python3.12/site-packages/airflow/example_dags/example_skip_dag.py took 0.148 seconds
[2024-05-05T15:54:08.365+0000] {processor.py:161} INFO - Started process (PID=2429) to work on /home/airflow/.local/lib/python3.12/site-packages/airflow/example_dags/example_skip_dag.py
[2024-05-05T15:54:08.365+0000] {processor.py:830} INFO - Processing file /home/airflow/.local/lib/python3.12/site-packages/airflow/example_dags/example_skip_dag.py for tasks to queue
[2024-05-05T15:54:08.367+0000] {logging_mixin.py:188} INFO - [2024-05-05T15:54:08.367+0000] {dagbag.py:540} INFO - Filling up the DagBag from /home/airflow/.local/lib/python3.12/site-packages/airflow/example_dags/example_skip_dag.py
[2024-05-05T15:54:08.375+0000] {processor.py:840} INFO - DAG(s) 'example_skip_dag' retrieved from /home/airflow/.local/lib/python3.12/site-packages/airflow/example_dags/example_skip_dag.py
[2024-05-05T15:54:08.399+0000] {logging_mixin.py:188} INFO - [2024-05-05T15:54:08.399+0000] {dag.py:3096} INFO - Sync 1 DAGs
[2024-05-05T15:54:08.423+0000] {logging_mixin.py:188} INFO - [2024-05-05T15:54:08.423+0000] {dag.py:3954} INFO - Setting next_dagrun for example_skip_dag to 2024-05-04 00:00:00+00:00, run_after=2024-05-05 00:00:00+00:00
[2024-05-05T15:54:08.449+0000] {processor.py:183} INFO - Processing /home/airflow/.local/lib/python3.12/site-packages/airflow/example_dags/example_skip_dag.py took 0.091 seconds
[2024-05-05T15:54:39.090+0000] {processor.py:161} INFO - Started process (PID=2489) to work on /home/airflow/.local/lib/python3.12/site-packages/airflow/example_dags/example_skip_dag.py
[2024-05-05T15:54:39.091+0000] {processor.py:830} INFO - Processing file /home/airflow/.local/lib/python3.12/site-packages/airflow/example_dags/example_skip_dag.py for tasks to queue
[2024-05-05T15:54:39.093+0000] {logging_mixin.py:188} INFO - [2024-05-05T15:54:39.093+0000] {dagbag.py:540} INFO - Filling up the DagBag from /home/airflow/.local/lib/python3.12/site-packages/airflow/example_dags/example_skip_dag.py
[2024-05-05T15:54:39.103+0000] {processor.py:840} INFO - DAG(s) 'example_skip_dag' retrieved from /home/airflow/.local/lib/python3.12/site-packages/airflow/example_dags/example_skip_dag.py
[2024-05-05T15:54:39.137+0000] {logging_mixin.py:188} INFO - [2024-05-05T15:54:39.137+0000] {dag.py:3096} INFO - Sync 1 DAGs
[2024-05-05T15:54:39.169+0000] {logging_mixin.py:188} INFO - [2024-05-05T15:54:39.169+0000] {dag.py:3954} INFO - Setting next_dagrun for example_skip_dag to 2024-05-04 00:00:00+00:00, run_after=2024-05-05 00:00:00+00:00
[2024-05-05T15:54:39.194+0000] {processor.py:183} INFO - Processing /home/airflow/.local/lib/python3.12/site-packages/airflow/example_dags/example_skip_dag.py took 0.111 seconds
[2024-05-05T15:55:09.591+0000] {processor.py:161} INFO - Started process (PID=2549) to work on /home/airflow/.local/lib/python3.12/site-packages/airflow/example_dags/example_skip_dag.py
[2024-05-05T15:55:09.592+0000] {processor.py:830} INFO - Processing file /home/airflow/.local/lib/python3.12/site-packages/airflow/example_dags/example_skip_dag.py for tasks to queue
[2024-05-05T15:55:09.594+0000] {logging_mixin.py:188} INFO - [2024-05-05T15:55:09.594+0000] {dagbag.py:540} INFO - Filling up the DagBag from /home/airflow/.local/lib/python3.12/site-packages/airflow/example_dags/example_skip_dag.py
[2024-05-05T15:55:09.629+0000] {processor.py:840} INFO - DAG(s) 'example_skip_dag' retrieved from /home/airflow/.local/lib/python3.12/site-packages/airflow/example_dags/example_skip_dag.py
[2024-05-05T15:55:09.788+0000] {logging_mixin.py:188} INFO - [2024-05-05T15:55:09.788+0000] {dag.py:3096} INFO - Sync 1 DAGs
[2024-05-05T15:55:09.821+0000] {logging_mixin.py:188} INFO - [2024-05-05T15:55:09.821+0000] {dag.py:3954} INFO - Setting next_dagrun for example_skip_dag to 2024-05-04 00:00:00+00:00, run_after=2024-05-05 00:00:00+00:00
[2024-05-05T15:55:09.873+0000] {processor.py:183} INFO - Processing /home/airflow/.local/lib/python3.12/site-packages/airflow/example_dags/example_skip_dag.py took 0.302 seconds
[2024-05-05T15:55:40.101+0000] {processor.py:161} INFO - Started process (PID=2609) to work on /home/airflow/.local/lib/python3.12/site-packages/airflow/example_dags/example_skip_dag.py
[2024-05-05T15:55:40.108+0000] {processor.py:830} INFO - Processing file /home/airflow/.local/lib/python3.12/site-packages/airflow/example_dags/example_skip_dag.py for tasks to queue
[2024-05-05T15:55:40.109+0000] {logging_mixin.py:188} INFO - [2024-05-05T15:55:40.109+0000] {dagbag.py:540} INFO - Filling up the DagBag from /home/airflow/.local/lib/python3.12/site-packages/airflow/example_dags/example_skip_dag.py
[2024-05-05T15:55:40.119+0000] {processor.py:840} INFO - DAG(s) 'example_skip_dag' retrieved from /home/airflow/.local/lib/python3.12/site-packages/airflow/example_dags/example_skip_dag.py
[2024-05-05T15:55:40.226+0000] {logging_mixin.py:188} INFO - [2024-05-05T15:55:40.225+0000] {dag.py:3096} INFO - Sync 1 DAGs
[2024-05-05T15:55:40.359+0000] {logging_mixin.py:188} INFO - [2024-05-05T15:55:40.359+0000] {dag.py:3954} INFO - Setting next_dagrun for example_skip_dag to 2024-05-04 00:00:00+00:00, run_after=2024-05-05 00:00:00+00:00
[2024-05-05T15:55:40.427+0000] {processor.py:183} INFO - Processing /home/airflow/.local/lib/python3.12/site-packages/airflow/example_dags/example_skip_dag.py took 0.335 seconds
[2024-05-05T15:56:11.224+0000] {processor.py:161} INFO - Started process (PID=2669) to work on /home/airflow/.local/lib/python3.12/site-packages/airflow/example_dags/example_skip_dag.py
[2024-05-05T15:56:11.224+0000] {processor.py:830} INFO - Processing file /home/airflow/.local/lib/python3.12/site-packages/airflow/example_dags/example_skip_dag.py for tasks to queue
[2024-05-05T15:56:11.226+0000] {logging_mixin.py:188} INFO - [2024-05-05T15:56:11.226+0000] {dagbag.py:540} INFO - Filling up the DagBag from /home/airflow/.local/lib/python3.12/site-packages/airflow/example_dags/example_skip_dag.py
[2024-05-05T15:56:11.234+0000] {processor.py:840} INFO - DAG(s) 'example_skip_dag' retrieved from /home/airflow/.local/lib/python3.12/site-packages/airflow/example_dags/example_skip_dag.py
[2024-05-05T15:56:11.298+0000] {logging_mixin.py:188} INFO - [2024-05-05T15:56:11.298+0000] {dag.py:3096} INFO - Sync 1 DAGs
[2024-05-05T15:56:11.353+0000] {logging_mixin.py:188} INFO - [2024-05-05T15:56:11.353+0000] {dag.py:3954} INFO - Setting next_dagrun for example_skip_dag to 2024-05-04 00:00:00+00:00, run_after=2024-05-05 00:00:00+00:00
[2024-05-05T15:56:11.376+0000] {processor.py:183} INFO - Processing /home/airflow/.local/lib/python3.12/site-packages/airflow/example_dags/example_skip_dag.py took 0.159 seconds
[2024-05-05T15:56:41.565+0000] {processor.py:161} INFO - Started process (PID=2729) to work on /home/airflow/.local/lib/python3.12/site-packages/airflow/example_dags/example_skip_dag.py
[2024-05-05T15:56:41.566+0000] {processor.py:830} INFO - Processing file /home/airflow/.local/lib/python3.12/site-packages/airflow/example_dags/example_skip_dag.py for tasks to queue
[2024-05-05T15:56:41.568+0000] {logging_mixin.py:188} INFO - [2024-05-05T15:56:41.568+0000] {dagbag.py:540} INFO - Filling up the DagBag from /home/airflow/.local/lib/python3.12/site-packages/airflow/example_dags/example_skip_dag.py
[2024-05-05T15:56:41.575+0000] {processor.py:840} INFO - DAG(s) 'example_skip_dag' retrieved from /home/airflow/.local/lib/python3.12/site-packages/airflow/example_dags/example_skip_dag.py
[2024-05-05T15:56:41.598+0000] {logging_mixin.py:188} INFO - [2024-05-05T15:56:41.598+0000] {dag.py:3096} INFO - Sync 1 DAGs
[2024-05-05T15:56:41.625+0000] {logging_mixin.py:188} INFO - [2024-05-05T15:56:41.625+0000] {dag.py:3954} INFO - Setting next_dagrun for example_skip_dag to 2024-05-04 00:00:00+00:00, run_after=2024-05-05 00:00:00+00:00
[2024-05-05T15:56:41.648+0000] {processor.py:183} INFO - Processing /home/airflow/.local/lib/python3.12/site-packages/airflow/example_dags/example_skip_dag.py took 0.089 seconds
[2024-05-05T15:57:12.243+0000] {processor.py:161} INFO - Started process (PID=2789) to work on /home/airflow/.local/lib/python3.12/site-packages/airflow/example_dags/example_skip_dag.py
[2024-05-05T15:57:12.244+0000] {processor.py:830} INFO - Processing file /home/airflow/.local/lib/python3.12/site-packages/airflow/example_dags/example_skip_dag.py for tasks to queue
[2024-05-05T15:57:12.246+0000] {logging_mixin.py:188} INFO - [2024-05-05T15:57:12.246+0000] {dagbag.py:540} INFO - Filling up the DagBag from /home/airflow/.local/lib/python3.12/site-packages/airflow/example_dags/example_skip_dag.py
[2024-05-05T15:57:12.253+0000] {processor.py:840} INFO - DAG(s) 'example_skip_dag' retrieved from /home/airflow/.local/lib/python3.12/site-packages/airflow/example_dags/example_skip_dag.py
[2024-05-05T15:57:12.277+0000] {logging_mixin.py:188} INFO - [2024-05-05T15:57:12.276+0000] {dag.py:3096} INFO - Sync 1 DAGs
[2024-05-05T15:57:12.304+0000] {logging_mixin.py:188} INFO - [2024-05-05T15:57:12.303+0000] {dag.py:3954} INFO - Setting next_dagrun for example_skip_dag to 2024-05-04 00:00:00+00:00, run_after=2024-05-05 00:00:00+00:00
[2024-05-05T15:57:12.334+0000] {processor.py:183} INFO - Processing /home/airflow/.local/lib/python3.12/site-packages/airflow/example_dags/example_skip_dag.py took 0.098 seconds
[2024-05-05T15:57:42.572+0000] {processor.py:161} INFO - Started process (PID=2849) to work on /home/airflow/.local/lib/python3.12/site-packages/airflow/example_dags/example_skip_dag.py
[2024-05-05T15:57:42.581+0000] {processor.py:830} INFO - Processing file /home/airflow/.local/lib/python3.12/site-packages/airflow/example_dags/example_skip_dag.py for tasks to queue
[2024-05-05T15:57:42.583+0000] {logging_mixin.py:188} INFO - [2024-05-05T15:57:42.582+0000] {dagbag.py:540} INFO - Filling up the DagBag from /home/airflow/.local/lib/python3.12/site-packages/airflow/example_dags/example_skip_dag.py
[2024-05-05T15:57:42.590+0000] {processor.py:840} INFO - DAG(s) 'example_skip_dag' retrieved from /home/airflow/.local/lib/python3.12/site-packages/airflow/example_dags/example_skip_dag.py
[2024-05-05T15:57:42.655+0000] {logging_mixin.py:188} INFO - [2024-05-05T15:57:42.655+0000] {dag.py:3096} INFO - Sync 1 DAGs
[2024-05-05T15:57:42.706+0000] {logging_mixin.py:188} INFO - [2024-05-05T15:57:42.706+0000] {dag.py:3954} INFO - Setting next_dagrun for example_skip_dag to 2024-05-04 00:00:00+00:00, run_after=2024-05-05 00:00:00+00:00
[2024-05-05T15:57:42.755+0000] {processor.py:183} INFO - Processing /home/airflow/.local/lib/python3.12/site-packages/airflow/example_dags/example_skip_dag.py took 0.194 seconds
[2024-05-05T15:58:13.140+0000] {processor.py:161} INFO - Started process (PID=2910) to work on /home/airflow/.local/lib/python3.12/site-packages/airflow/example_dags/example_skip_dag.py
[2024-05-05T15:58:13.141+0000] {processor.py:830} INFO - Processing file /home/airflow/.local/lib/python3.12/site-packages/airflow/example_dags/example_skip_dag.py for tasks to queue
[2024-05-05T15:58:13.142+0000] {logging_mixin.py:188} INFO - [2024-05-05T15:58:13.142+0000] {dagbag.py:540} INFO - Filling up the DagBag from /home/airflow/.local/lib/python3.12/site-packages/airflow/example_dags/example_skip_dag.py
[2024-05-05T15:58:13.148+0000] {processor.py:840} INFO - DAG(s) 'example_skip_dag' retrieved from /home/airflow/.local/lib/python3.12/site-packages/airflow/example_dags/example_skip_dag.py
[2024-05-05T15:58:13.172+0000] {logging_mixin.py:188} INFO - [2024-05-05T15:58:13.171+0000] {dag.py:3096} INFO - Sync 1 DAGs
[2024-05-05T15:58:13.192+0000] {logging_mixin.py:188} INFO - [2024-05-05T15:58:13.191+0000] {dag.py:3954} INFO - Setting next_dagrun for example_skip_dag to 2024-05-04 00:00:00+00:00, run_after=2024-05-05 00:00:00+00:00
[2024-05-05T15:58:13.212+0000] {processor.py:183} INFO - Processing /home/airflow/.local/lib/python3.12/site-packages/airflow/example_dags/example_skip_dag.py took 0.079 seconds
[2024-05-05T15:58:44.462+0000] {processor.py:161} INFO - Started process (PID=2971) to work on /home/airflow/.local/lib/python3.12/site-packages/airflow/example_dags/example_skip_dag.py
[2024-05-05T15:58:44.476+0000] {processor.py:830} INFO - Processing file /home/airflow/.local/lib/python3.12/site-packages/airflow/example_dags/example_skip_dag.py for tasks to queue
[2024-05-05T15:58:44.478+0000] {logging_mixin.py:188} INFO - [2024-05-05T15:58:44.478+0000] {dagbag.py:540} INFO - Filling up the DagBag from /home/airflow/.local/lib/python3.12/site-packages/airflow/example_dags/example_skip_dag.py
[2024-05-05T15:58:44.487+0000] {processor.py:840} INFO - DAG(s) 'example_skip_dag' retrieved from /home/airflow/.local/lib/python3.12/site-packages/airflow/example_dags/example_skip_dag.py
[2024-05-05T15:58:44.558+0000] {logging_mixin.py:188} INFO - [2024-05-05T15:58:44.558+0000] {dag.py:3096} INFO - Sync 1 DAGs
[2024-05-05T15:58:44.665+0000] {logging_mixin.py:188} INFO - [2024-05-05T15:58:44.665+0000] {dag.py:3954} INFO - Setting next_dagrun for example_skip_dag to 2024-05-04 00:00:00+00:00, run_after=2024-05-05 00:00:00+00:00
[2024-05-05T15:58:44.768+0000] {processor.py:183} INFO - Processing /home/airflow/.local/lib/python3.12/site-packages/airflow/example_dags/example_skip_dag.py took 0.326 seconds
[2024-05-05T15:59:15.830+0000] {processor.py:161} INFO - Started process (PID=3017) to work on /home/airflow/.local/lib/python3.12/site-packages/airflow/example_dags/example_skip_dag.py
[2024-05-05T15:59:15.835+0000] {processor.py:830} INFO - Processing file /home/airflow/.local/lib/python3.12/site-packages/airflow/example_dags/example_skip_dag.py for tasks to queue
[2024-05-05T15:59:15.837+0000] {logging_mixin.py:188} INFO - [2024-05-05T15:59:15.837+0000] {dagbag.py:540} INFO - Filling up the DagBag from /home/airflow/.local/lib/python3.12/site-packages/airflow/example_dags/example_skip_dag.py
[2024-05-05T15:59:15.982+0000] {processor.py:840} INFO - DAG(s) 'example_skip_dag' retrieved from /home/airflow/.local/lib/python3.12/site-packages/airflow/example_dags/example_skip_dag.py
[2024-05-05T15:59:16.431+0000] {logging_mixin.py:188} INFO - [2024-05-05T15:59:16.431+0000] {dag.py:3096} INFO - Sync 1 DAGs
[2024-05-05T15:59:16.577+0000] {logging_mixin.py:188} INFO - [2024-05-05T15:59:16.577+0000] {dag.py:3954} INFO - Setting next_dagrun for example_skip_dag to 2024-05-04 00:00:00+00:00, run_after=2024-05-05 00:00:00+00:00
[2024-05-05T15:59:16.635+0000] {processor.py:183} INFO - Processing /home/airflow/.local/lib/python3.12/site-packages/airflow/example_dags/example_skip_dag.py took 0.817 seconds
[2024-05-05T15:59:46.789+0000] {processor.py:161} INFO - Started process (PID=3078) to work on /home/airflow/.local/lib/python3.12/site-packages/airflow/example_dags/example_skip_dag.py
[2024-05-05T15:59:46.790+0000] {processor.py:830} INFO - Processing file /home/airflow/.local/lib/python3.12/site-packages/airflow/example_dags/example_skip_dag.py for tasks to queue
[2024-05-05T15:59:46.792+0000] {logging_mixin.py:188} INFO - [2024-05-05T15:59:46.791+0000] {dagbag.py:540} INFO - Filling up the DagBag from /home/airflow/.local/lib/python3.12/site-packages/airflow/example_dags/example_skip_dag.py
[2024-05-05T15:59:46.811+0000] {processor.py:840} INFO - DAG(s) 'example_skip_dag' retrieved from /home/airflow/.local/lib/python3.12/site-packages/airflow/example_dags/example_skip_dag.py
[2024-05-05T15:59:46.927+0000] {logging_mixin.py:188} INFO - [2024-05-05T15:59:46.927+0000] {dag.py:3096} INFO - Sync 1 DAGs
[2024-05-05T15:59:47.066+0000] {logging_mixin.py:188} INFO - [2024-05-05T15:59:47.066+0000] {dag.py:3954} INFO - Setting next_dagrun for example_skip_dag to 2024-05-04 00:00:00+00:00, run_after=2024-05-05 00:00:00+00:00
[2024-05-05T15:59:47.260+0000] {processor.py:183} INFO - Processing /home/airflow/.local/lib/python3.12/site-packages/airflow/example_dags/example_skip_dag.py took 0.478 seconds
