[2024-05-05T15:33:27.136+0000] {processor.py:161} INFO - Started process (PID=62) to work on /home/airflow/.local/lib/python3.12/site-packages/airflow/example_dags/example_xcom.py
[2024-05-05T15:33:27.136+0000] {processor.py:830} INFO - Processing file /home/airflow/.local/lib/python3.12/site-packages/airflow/example_dags/example_xcom.py for tasks to queue
[2024-05-05T15:33:27.138+0000] {logging_mixin.py:188} INFO - [2024-05-05T15:33:27.138+0000] {dagbag.py:540} INFO - Filling up the DagBag from /home/airflow/.local/lib/python3.12/site-packages/airflow/example_dags/example_xcom.py
[2024-05-05T15:33:27.156+0000] {processor.py:840} INFO - DAG(s) 'example_xcom' retrieved from /home/airflow/.local/lib/python3.12/site-packages/airflow/example_dags/example_xcom.py
[2024-05-05T15:33:27.645+0000] {logging_mixin.py:188} INFO - [2024-05-05T15:33:27.644+0000] {override.py:1829} INFO - Created Permission View: can edit on DAG:example_xcom
[2024-05-05T15:33:27.688+0000] {logging_mixin.py:188} INFO - [2024-05-05T15:33:27.686+0000] {override.py:1829} INFO - Created Permission View: can read on DAG:example_xcom
[2024-05-05T15:33:27.828+0000] {logging_mixin.py:188} INFO - [2024-05-05T15:33:27.827+0000] {override.py:1829} INFO - Created Permission View: can delete on DAG:example_xcom
[2024-05-05T15:33:27.828+0000] {logging_mixin.py:188} INFO - [2024-05-05T15:33:27.828+0000] {dag.py:3096} INFO - Sync 1 DAGs
[2024-05-05T15:33:27.893+0000] {logging_mixin.py:188} INFO - [2024-05-05T15:33:27.893+0000] {dag.py:3118} INFO - Creating ORM DAG for example_xcom
[2024-05-05T15:33:28.093+0000] {logging_mixin.py:188} INFO - [2024-05-05T15:33:28.090+0000] {dag.py:3954} INFO - Setting next_dagrun for example_xcom to 2021-01-01 00:00:00+00:00, run_after=2021-01-01 00:00:00+00:00
[2024-05-05T15:33:28.199+0000] {processor.py:183} INFO - Processing /home/airflow/.local/lib/python3.12/site-packages/airflow/example_dags/example_xcom.py took 1.070 seconds
[2024-05-05T15:33:58.441+0000] {processor.py:161} INFO - Started process (PID=119) to work on /home/airflow/.local/lib/python3.12/site-packages/airflow/example_dags/example_xcom.py
[2024-05-05T15:33:58.441+0000] {processor.py:830} INFO - Processing file /home/airflow/.local/lib/python3.12/site-packages/airflow/example_dags/example_xcom.py for tasks to queue
[2024-05-05T15:33:58.443+0000] {logging_mixin.py:188} INFO - [2024-05-05T15:33:58.442+0000] {dagbag.py:540} INFO - Filling up the DagBag from /home/airflow/.local/lib/python3.12/site-packages/airflow/example_dags/example_xcom.py
[2024-05-05T15:33:58.449+0000] {processor.py:840} INFO - DAG(s) 'example_xcom' retrieved from /home/airflow/.local/lib/python3.12/site-packages/airflow/example_dags/example_xcom.py
[2024-05-05T15:33:58.467+0000] {logging_mixin.py:188} INFO - [2024-05-05T15:33:58.467+0000] {dag.py:3096} INFO - Sync 1 DAGs
[2024-05-05T15:33:58.485+0000] {logging_mixin.py:188} INFO - [2024-05-05T15:33:58.484+0000] {dag.py:3954} INFO - Setting next_dagrun for example_xcom to 2021-01-01 00:00:00+00:00, run_after=2021-01-01 00:00:00+00:00
[2024-05-05T15:33:58.504+0000] {processor.py:183} INFO - Processing /home/airflow/.local/lib/python3.12/site-packages/airflow/example_dags/example_xcom.py took 0.068 seconds
[2024-05-05T15:34:28.732+0000] {processor.py:161} INFO - Started process (PID=177) to work on /home/airflow/.local/lib/python3.12/site-packages/airflow/example_dags/example_xcom.py
[2024-05-05T15:34:28.733+0000] {processor.py:830} INFO - Processing file /home/airflow/.local/lib/python3.12/site-packages/airflow/example_dags/example_xcom.py for tasks to queue
[2024-05-05T15:34:28.734+0000] {logging_mixin.py:188} INFO - [2024-05-05T15:34:28.734+0000] {dagbag.py:540} INFO - Filling up the DagBag from /home/airflow/.local/lib/python3.12/site-packages/airflow/example_dags/example_xcom.py
[2024-05-05T15:34:28.740+0000] {processor.py:840} INFO - DAG(s) 'example_xcom' retrieved from /home/airflow/.local/lib/python3.12/site-packages/airflow/example_dags/example_xcom.py
[2024-05-05T15:34:28.757+0000] {logging_mixin.py:188} INFO - [2024-05-05T15:34:28.757+0000] {dag.py:3096} INFO - Sync 1 DAGs
[2024-05-05T15:34:28.779+0000] {logging_mixin.py:188} INFO - [2024-05-05T15:34:28.779+0000] {dag.py:3954} INFO - Setting next_dagrun for example_xcom to 2021-01-01 00:00:00+00:00, run_after=2021-01-01 00:00:00+00:00
[2024-05-05T15:34:28.800+0000] {processor.py:183} INFO - Processing /home/airflow/.local/lib/python3.12/site-packages/airflow/example_dags/example_xcom.py took 0.073 seconds
[2024-05-05T15:34:59.420+0000] {processor.py:161} INFO - Started process (PID=234) to work on /home/airflow/.local/lib/python3.12/site-packages/airflow/example_dags/example_xcom.py
[2024-05-05T15:34:59.421+0000] {processor.py:830} INFO - Processing file /home/airflow/.local/lib/python3.12/site-packages/airflow/example_dags/example_xcom.py for tasks to queue
[2024-05-05T15:34:59.423+0000] {logging_mixin.py:188} INFO - [2024-05-05T15:34:59.423+0000] {dagbag.py:540} INFO - Filling up the DagBag from /home/airflow/.local/lib/python3.12/site-packages/airflow/example_dags/example_xcom.py
[2024-05-05T15:34:59.429+0000] {processor.py:840} INFO - DAG(s) 'example_xcom' retrieved from /home/airflow/.local/lib/python3.12/site-packages/airflow/example_dags/example_xcom.py
[2024-05-05T15:34:59.446+0000] {logging_mixin.py:188} INFO - [2024-05-05T15:34:59.446+0000] {dag.py:3096} INFO - Sync 1 DAGs
[2024-05-05T15:34:59.464+0000] {logging_mixin.py:188} INFO - [2024-05-05T15:34:59.463+0000] {dag.py:3954} INFO - Setting next_dagrun for example_xcom to 2021-01-01 00:00:00+00:00, run_after=2021-01-01 00:00:00+00:00
[2024-05-05T15:34:59.483+0000] {processor.py:183} INFO - Processing /home/airflow/.local/lib/python3.12/site-packages/airflow/example_dags/example_xcom.py took 0.069 seconds
[2024-05-05T15:35:29.903+0000] {processor.py:161} INFO - Started process (PID=292) to work on /home/airflow/.local/lib/python3.12/site-packages/airflow/example_dags/example_xcom.py
[2024-05-05T15:35:29.903+0000] {processor.py:830} INFO - Processing file /home/airflow/.local/lib/python3.12/site-packages/airflow/example_dags/example_xcom.py for tasks to queue
[2024-05-05T15:35:29.905+0000] {logging_mixin.py:188} INFO - [2024-05-05T15:35:29.904+0000] {dagbag.py:540} INFO - Filling up the DagBag from /home/airflow/.local/lib/python3.12/site-packages/airflow/example_dags/example_xcom.py
[2024-05-05T15:35:29.911+0000] {processor.py:840} INFO - DAG(s) 'example_xcom' retrieved from /home/airflow/.local/lib/python3.12/site-packages/airflow/example_dags/example_xcom.py
[2024-05-05T15:35:29.929+0000] {logging_mixin.py:188} INFO - [2024-05-05T15:35:29.929+0000] {dag.py:3096} INFO - Sync 1 DAGs
[2024-05-05T15:35:29.948+0000] {logging_mixin.py:188} INFO - [2024-05-05T15:35:29.947+0000] {dag.py:3954} INFO - Setting next_dagrun for example_xcom to 2021-01-01 00:00:00+00:00, run_after=2021-01-01 00:00:00+00:00
[2024-05-05T15:35:29.969+0000] {processor.py:183} INFO - Processing /home/airflow/.local/lib/python3.12/site-packages/airflow/example_dags/example_xcom.py took 0.071 seconds
[2024-05-05T15:36:00.779+0000] {processor.py:161} INFO - Started process (PID=350) to work on /home/airflow/.local/lib/python3.12/site-packages/airflow/example_dags/example_xcom.py
[2024-05-05T15:36:00.797+0000] {processor.py:830} INFO - Processing file /home/airflow/.local/lib/python3.12/site-packages/airflow/example_dags/example_xcom.py for tasks to queue
[2024-05-05T15:36:00.799+0000] {logging_mixin.py:188} INFO - [2024-05-05T15:36:00.799+0000] {dagbag.py:540} INFO - Filling up the DagBag from /home/airflow/.local/lib/python3.12/site-packages/airflow/example_dags/example_xcom.py
[2024-05-05T15:36:00.833+0000] {processor.py:840} INFO - DAG(s) 'example_xcom' retrieved from /home/airflow/.local/lib/python3.12/site-packages/airflow/example_dags/example_xcom.py
[2024-05-05T15:36:00.928+0000] {logging_mixin.py:188} INFO - [2024-05-05T15:36:00.928+0000] {dag.py:3096} INFO - Sync 1 DAGs
[2024-05-05T15:36:01.074+0000] {logging_mixin.py:188} INFO - [2024-05-05T15:36:01.074+0000] {dag.py:3954} INFO - Setting next_dagrun for example_xcom to 2021-01-01 00:00:00+00:00, run_after=2021-01-01 00:00:00+00:00
[2024-05-05T15:36:01.146+0000] {processor.py:183} INFO - Processing /home/airflow/.local/lib/python3.12/site-packages/airflow/example_dags/example_xcom.py took 0.391 seconds
[2024-05-05T15:36:31.415+0000] {processor.py:161} INFO - Started process (PID=409) to work on /home/airflow/.local/lib/python3.12/site-packages/airflow/example_dags/example_xcom.py
[2024-05-05T15:36:31.416+0000] {processor.py:830} INFO - Processing file /home/airflow/.local/lib/python3.12/site-packages/airflow/example_dags/example_xcom.py for tasks to queue
[2024-05-05T15:36:31.417+0000] {logging_mixin.py:188} INFO - [2024-05-05T15:36:31.417+0000] {dagbag.py:540} INFO - Filling up the DagBag from /home/airflow/.local/lib/python3.12/site-packages/airflow/example_dags/example_xcom.py
[2024-05-05T15:36:31.423+0000] {processor.py:840} INFO - DAG(s) 'example_xcom' retrieved from /home/airflow/.local/lib/python3.12/site-packages/airflow/example_dags/example_xcom.py
[2024-05-05T15:36:31.442+0000] {logging_mixin.py:188} INFO - [2024-05-05T15:36:31.441+0000] {dag.py:3096} INFO - Sync 1 DAGs
[2024-05-05T15:36:31.463+0000] {logging_mixin.py:188} INFO - [2024-05-05T15:36:31.463+0000] {dag.py:3954} INFO - Setting next_dagrun for example_xcom to 2021-01-01 00:00:00+00:00, run_after=2021-01-01 00:00:00+00:00
[2024-05-05T15:36:31.487+0000] {processor.py:183} INFO - Processing /home/airflow/.local/lib/python3.12/site-packages/airflow/example_dags/example_xcom.py took 0.077 seconds
[2024-05-05T15:37:01.662+0000] {processor.py:161} INFO - Started process (PID=468) to work on /home/airflow/.local/lib/python3.12/site-packages/airflow/example_dags/example_xcom.py
[2024-05-05T15:37:01.663+0000] {processor.py:830} INFO - Processing file /home/airflow/.local/lib/python3.12/site-packages/airflow/example_dags/example_xcom.py for tasks to queue
[2024-05-05T15:37:01.665+0000] {logging_mixin.py:188} INFO - [2024-05-05T15:37:01.665+0000] {dagbag.py:540} INFO - Filling up the DagBag from /home/airflow/.local/lib/python3.12/site-packages/airflow/example_dags/example_xcom.py
[2024-05-05T15:37:01.674+0000] {processor.py:840} INFO - DAG(s) 'example_xcom' retrieved from /home/airflow/.local/lib/python3.12/site-packages/airflow/example_dags/example_xcom.py
[2024-05-05T15:37:01.697+0000] {logging_mixin.py:188} INFO - [2024-05-05T15:37:01.697+0000] {dag.py:3096} INFO - Sync 1 DAGs
[2024-05-05T15:37:01.722+0000] {logging_mixin.py:188} INFO - [2024-05-05T15:37:01.722+0000] {dag.py:3954} INFO - Setting next_dagrun for example_xcom to 2021-01-01 00:00:00+00:00, run_after=2021-01-01 00:00:00+00:00
[2024-05-05T15:37:01.751+0000] {processor.py:183} INFO - Processing /home/airflow/.local/lib/python3.12/site-packages/airflow/example_dags/example_xcom.py took 0.095 seconds
[2024-05-05T15:37:32.456+0000] {processor.py:161} INFO - Started process (PID=527) to work on /home/airflow/.local/lib/python3.12/site-packages/airflow/example_dags/example_xcom.py
[2024-05-05T15:37:32.457+0000] {processor.py:830} INFO - Processing file /home/airflow/.local/lib/python3.12/site-packages/airflow/example_dags/example_xcom.py for tasks to queue
[2024-05-05T15:37:32.459+0000] {logging_mixin.py:188} INFO - [2024-05-05T15:37:32.458+0000] {dagbag.py:540} INFO - Filling up the DagBag from /home/airflow/.local/lib/python3.12/site-packages/airflow/example_dags/example_xcom.py
[2024-05-05T15:37:32.468+0000] {processor.py:840} INFO - DAG(s) 'example_xcom' retrieved from /home/airflow/.local/lib/python3.12/site-packages/airflow/example_dags/example_xcom.py
[2024-05-05T15:37:32.490+0000] {logging_mixin.py:188} INFO - [2024-05-05T15:37:32.489+0000] {dag.py:3096} INFO - Sync 1 DAGs
[2024-05-05T15:37:32.514+0000] {logging_mixin.py:188} INFO - [2024-05-05T15:37:32.513+0000] {dag.py:3954} INFO - Setting next_dagrun for example_xcom to 2021-01-01 00:00:00+00:00, run_after=2021-01-01 00:00:00+00:00
[2024-05-05T15:37:32.544+0000] {processor.py:183} INFO - Processing /home/airflow/.local/lib/python3.12/site-packages/airflow/example_dags/example_xcom.py took 0.094 seconds
[2024-05-05T15:38:03.253+0000] {processor.py:161} INFO - Started process (PID=586) to work on /home/airflow/.local/lib/python3.12/site-packages/airflow/example_dags/example_xcom.py
[2024-05-05T15:38:03.254+0000] {processor.py:830} INFO - Processing file /home/airflow/.local/lib/python3.12/site-packages/airflow/example_dags/example_xcom.py for tasks to queue
[2024-05-05T15:38:03.256+0000] {logging_mixin.py:188} INFO - [2024-05-05T15:38:03.255+0000] {dagbag.py:540} INFO - Filling up the DagBag from /home/airflow/.local/lib/python3.12/site-packages/airflow/example_dags/example_xcom.py
[2024-05-05T15:38:03.264+0000] {processor.py:840} INFO - DAG(s) 'example_xcom' retrieved from /home/airflow/.local/lib/python3.12/site-packages/airflow/example_dags/example_xcom.py
[2024-05-05T15:38:03.309+0000] {logging_mixin.py:188} INFO - [2024-05-05T15:38:03.308+0000] {dag.py:3096} INFO - Sync 1 DAGs
[2024-05-05T15:38:03.347+0000] {logging_mixin.py:188} INFO - [2024-05-05T15:38:03.347+0000] {dag.py:3954} INFO - Setting next_dagrun for example_xcom to 2021-01-01 00:00:00+00:00, run_after=2021-01-01 00:00:00+00:00
[2024-05-05T15:38:03.373+0000] {processor.py:183} INFO - Processing /home/airflow/.local/lib/python3.12/site-packages/airflow/example_dags/example_xcom.py took 0.127 seconds
[2024-05-05T15:38:33.466+0000] {processor.py:161} INFO - Started process (PID=644) to work on /home/airflow/.local/lib/python3.12/site-packages/airflow/example_dags/example_xcom.py
[2024-05-05T15:38:33.467+0000] {processor.py:830} INFO - Processing file /home/airflow/.local/lib/python3.12/site-packages/airflow/example_dags/example_xcom.py for tasks to queue
[2024-05-05T15:38:33.469+0000] {logging_mixin.py:188} INFO - [2024-05-05T15:38:33.469+0000] {dagbag.py:540} INFO - Filling up the DagBag from /home/airflow/.local/lib/python3.12/site-packages/airflow/example_dags/example_xcom.py
[2024-05-05T15:38:33.478+0000] {processor.py:840} INFO - DAG(s) 'example_xcom' retrieved from /home/airflow/.local/lib/python3.12/site-packages/airflow/example_dags/example_xcom.py
[2024-05-05T15:38:33.502+0000] {logging_mixin.py:188} INFO - [2024-05-05T15:38:33.501+0000] {dag.py:3096} INFO - Sync 1 DAGs
[2024-05-05T15:38:33.527+0000] {logging_mixin.py:188} INFO - [2024-05-05T15:38:33.526+0000] {dag.py:3954} INFO - Setting next_dagrun for example_xcom to 2021-01-01 00:00:00+00:00, run_after=2021-01-01 00:00:00+00:00
[2024-05-05T15:38:33.554+0000] {processor.py:183} INFO - Processing /home/airflow/.local/lib/python3.12/site-packages/airflow/example_dags/example_xcom.py took 0.094 seconds
[2024-05-05T15:39:04.514+0000] {processor.py:161} INFO - Started process (PID=702) to work on /home/airflow/.local/lib/python3.12/site-packages/airflow/example_dags/example_xcom.py
[2024-05-05T15:39:04.515+0000] {processor.py:830} INFO - Processing file /home/airflow/.local/lib/python3.12/site-packages/airflow/example_dags/example_xcom.py for tasks to queue
[2024-05-05T15:39:04.517+0000] {logging_mixin.py:188} INFO - [2024-05-05T15:39:04.516+0000] {dagbag.py:540} INFO - Filling up the DagBag from /home/airflow/.local/lib/python3.12/site-packages/airflow/example_dags/example_xcom.py
[2024-05-05T15:39:04.525+0000] {processor.py:840} INFO - DAG(s) 'example_xcom' retrieved from /home/airflow/.local/lib/python3.12/site-packages/airflow/example_dags/example_xcom.py
[2024-05-05T15:39:04.550+0000] {logging_mixin.py:188} INFO - [2024-05-05T15:39:04.550+0000] {dag.py:3096} INFO - Sync 1 DAGs
[2024-05-05T15:39:04.576+0000] {logging_mixin.py:188} INFO - [2024-05-05T15:39:04.576+0000] {dag.py:3954} INFO - Setting next_dagrun for example_xcom to 2021-01-01 00:00:00+00:00, run_after=2021-01-01 00:00:00+00:00
[2024-05-05T15:39:04.600+0000] {processor.py:183} INFO - Processing /home/airflow/.local/lib/python3.12/site-packages/airflow/example_dags/example_xcom.py took 0.094 seconds
[2024-05-05T15:39:35.472+0000] {processor.py:161} INFO - Started process (PID=761) to work on /home/airflow/.local/lib/python3.12/site-packages/airflow/example_dags/example_xcom.py
[2024-05-05T15:39:35.472+0000] {processor.py:830} INFO - Processing file /home/airflow/.local/lib/python3.12/site-packages/airflow/example_dags/example_xcom.py for tasks to queue
[2024-05-05T15:39:35.474+0000] {logging_mixin.py:188} INFO - [2024-05-05T15:39:35.474+0000] {dagbag.py:540} INFO - Filling up the DagBag from /home/airflow/.local/lib/python3.12/site-packages/airflow/example_dags/example_xcom.py
[2024-05-05T15:39:35.483+0000] {processor.py:840} INFO - DAG(s) 'example_xcom' retrieved from /home/airflow/.local/lib/python3.12/site-packages/airflow/example_dags/example_xcom.py
[2024-05-05T15:39:35.510+0000] {logging_mixin.py:188} INFO - [2024-05-05T15:39:35.510+0000] {dag.py:3096} INFO - Sync 1 DAGs
[2024-05-05T15:39:35.540+0000] {logging_mixin.py:188} INFO - [2024-05-05T15:39:35.539+0000] {dag.py:3954} INFO - Setting next_dagrun for example_xcom to 2021-01-01 00:00:00+00:00, run_after=2021-01-01 00:00:00+00:00
[2024-05-05T15:39:35.563+0000] {processor.py:183} INFO - Processing /home/airflow/.local/lib/python3.12/site-packages/airflow/example_dags/example_xcom.py took 0.098 seconds
[2024-05-05T15:40:06.462+0000] {processor.py:161} INFO - Started process (PID=818) to work on /home/airflow/.local/lib/python3.12/site-packages/airflow/example_dags/example_xcom.py
[2024-05-05T15:40:06.463+0000] {processor.py:830} INFO - Processing file /home/airflow/.local/lib/python3.12/site-packages/airflow/example_dags/example_xcom.py for tasks to queue
[2024-05-05T15:40:06.469+0000] {logging_mixin.py:188} INFO - [2024-05-05T15:40:06.468+0000] {dagbag.py:540} INFO - Filling up the DagBag from /home/airflow/.local/lib/python3.12/site-packages/airflow/example_dags/example_xcom.py
[2024-05-05T15:40:06.498+0000] {processor.py:840} INFO - DAG(s) 'example_xcom' retrieved from /home/airflow/.local/lib/python3.12/site-packages/airflow/example_dags/example_xcom.py
[2024-05-05T15:40:06.545+0000] {logging_mixin.py:188} INFO - [2024-05-05T15:40:06.545+0000] {dag.py:3096} INFO - Sync 1 DAGs
[2024-05-05T15:40:06.569+0000] {logging_mixin.py:188} INFO - [2024-05-05T15:40:06.568+0000] {dag.py:3954} INFO - Setting next_dagrun for example_xcom to 2021-01-01 00:00:00+00:00, run_after=2021-01-01 00:00:00+00:00
[2024-05-05T15:40:06.592+0000] {processor.py:183} INFO - Processing /home/airflow/.local/lib/python3.12/site-packages/airflow/example_dags/example_xcom.py took 0.139 seconds
[2024-05-05T15:40:37.423+0000] {processor.py:161} INFO - Started process (PID=876) to work on /home/airflow/.local/lib/python3.12/site-packages/airflow/example_dags/example_xcom.py
[2024-05-05T15:40:37.424+0000] {processor.py:830} INFO - Processing file /home/airflow/.local/lib/python3.12/site-packages/airflow/example_dags/example_xcom.py for tasks to queue
[2024-05-05T15:40:37.425+0000] {logging_mixin.py:188} INFO - [2024-05-05T15:40:37.425+0000] {dagbag.py:540} INFO - Filling up the DagBag from /home/airflow/.local/lib/python3.12/site-packages/airflow/example_dags/example_xcom.py
[2024-05-05T15:40:37.434+0000] {processor.py:840} INFO - DAG(s) 'example_xcom' retrieved from /home/airflow/.local/lib/python3.12/site-packages/airflow/example_dags/example_xcom.py
[2024-05-05T15:40:37.866+0000] {logging_mixin.py:188} INFO - [2024-05-05T15:40:37.866+0000] {dag.py:3096} INFO - Sync 1 DAGs
[2024-05-05T15:40:37.932+0000] {logging_mixin.py:188} INFO - [2024-05-05T15:40:37.932+0000] {dag.py:3954} INFO - Setting next_dagrun for example_xcom to 2021-01-01 00:00:00+00:00, run_after=2021-01-01 00:00:00+00:00
[2024-05-05T15:40:37.998+0000] {processor.py:183} INFO - Processing /home/airflow/.local/lib/python3.12/site-packages/airflow/example_dags/example_xcom.py took 0.582 seconds
[2024-05-05T15:41:08.740+0000] {processor.py:161} INFO - Started process (PID=933) to work on /home/airflow/.local/lib/python3.12/site-packages/airflow/example_dags/example_xcom.py
[2024-05-05T15:41:08.741+0000] {processor.py:830} INFO - Processing file /home/airflow/.local/lib/python3.12/site-packages/airflow/example_dags/example_xcom.py for tasks to queue
[2024-05-05T15:41:08.744+0000] {logging_mixin.py:188} INFO - [2024-05-05T15:41:08.744+0000] {dagbag.py:540} INFO - Filling up the DagBag from /home/airflow/.local/lib/python3.12/site-packages/airflow/example_dags/example_xcom.py
[2024-05-05T15:41:08.753+0000] {processor.py:840} INFO - DAG(s) 'example_xcom' retrieved from /home/airflow/.local/lib/python3.12/site-packages/airflow/example_dags/example_xcom.py
[2024-05-05T15:41:08.778+0000] {logging_mixin.py:188} INFO - [2024-05-05T15:41:08.778+0000] {dag.py:3096} INFO - Sync 1 DAGs
[2024-05-05T15:41:09.116+0000] {logging_mixin.py:188} INFO - [2024-05-05T15:41:09.116+0000] {dag.py:3954} INFO - Setting next_dagrun for example_xcom to 2021-01-01 00:00:00+00:00, run_after=2021-01-01 00:00:00+00:00
[2024-05-05T15:41:09.156+0000] {processor.py:183} INFO - Processing /home/airflow/.local/lib/python3.12/site-packages/airflow/example_dags/example_xcom.py took 0.423 seconds
[2024-05-05T15:41:40.046+0000] {processor.py:161} INFO - Started process (PID=992) to work on /home/airflow/.local/lib/python3.12/site-packages/airflow/example_dags/example_xcom.py
[2024-05-05T15:41:40.047+0000] {processor.py:830} INFO - Processing file /home/airflow/.local/lib/python3.12/site-packages/airflow/example_dags/example_xcom.py for tasks to queue
[2024-05-05T15:41:40.051+0000] {logging_mixin.py:188} INFO - [2024-05-05T15:41:40.050+0000] {dagbag.py:540} INFO - Filling up the DagBag from /home/airflow/.local/lib/python3.12/site-packages/airflow/example_dags/example_xcom.py
[2024-05-05T15:41:40.064+0000] {processor.py:840} INFO - DAG(s) 'example_xcom' retrieved from /home/airflow/.local/lib/python3.12/site-packages/airflow/example_dags/example_xcom.py
[2024-05-05T15:41:40.090+0000] {logging_mixin.py:188} INFO - [2024-05-05T15:41:40.089+0000] {dag.py:3096} INFO - Sync 1 DAGs
[2024-05-05T15:41:40.114+0000] {logging_mixin.py:188} INFO - [2024-05-05T15:41:40.114+0000] {dag.py:3954} INFO - Setting next_dagrun for example_xcom to 2021-01-01 00:00:00+00:00, run_after=2021-01-01 00:00:00+00:00
[2024-05-05T15:41:40.138+0000] {processor.py:183} INFO - Processing /home/airflow/.local/lib/python3.12/site-packages/airflow/example_dags/example_xcom.py took 0.109 seconds
[2024-05-05T15:42:10.278+0000] {processor.py:161} INFO - Started process (PID=1051) to work on /home/airflow/.local/lib/python3.12/site-packages/airflow/example_dags/example_xcom.py
[2024-05-05T15:42:10.279+0000] {processor.py:830} INFO - Processing file /home/airflow/.local/lib/python3.12/site-packages/airflow/example_dags/example_xcom.py for tasks to queue
[2024-05-05T15:42:10.281+0000] {logging_mixin.py:188} INFO - [2024-05-05T15:42:10.280+0000] {dagbag.py:540} INFO - Filling up the DagBag from /home/airflow/.local/lib/python3.12/site-packages/airflow/example_dags/example_xcom.py
[2024-05-05T15:42:10.289+0000] {processor.py:840} INFO - DAG(s) 'example_xcom' retrieved from /home/airflow/.local/lib/python3.12/site-packages/airflow/example_dags/example_xcom.py
[2024-05-05T15:42:10.313+0000] {logging_mixin.py:188} INFO - [2024-05-05T15:42:10.313+0000] {dag.py:3096} INFO - Sync 1 DAGs
[2024-05-05T15:42:10.339+0000] {logging_mixin.py:188} INFO - [2024-05-05T15:42:10.339+0000] {dag.py:3954} INFO - Setting next_dagrun for example_xcom to 2021-01-01 00:00:00+00:00, run_after=2021-01-01 00:00:00+00:00
[2024-05-05T15:42:10.366+0000] {processor.py:183} INFO - Processing /home/airflow/.local/lib/python3.12/site-packages/airflow/example_dags/example_xcom.py took 0.095 seconds
[2024-05-05T15:42:41.803+0000] {processor.py:161} INFO - Started process (PID=1109) to work on /home/airflow/.local/lib/python3.12/site-packages/airflow/example_dags/example_xcom.py
[2024-05-05T15:42:41.816+0000] {processor.py:830} INFO - Processing file /home/airflow/.local/lib/python3.12/site-packages/airflow/example_dags/example_xcom.py for tasks to queue
[2024-05-05T15:42:41.820+0000] {logging_mixin.py:188} INFO - [2024-05-05T15:42:41.820+0000] {dagbag.py:540} INFO - Filling up the DagBag from /home/airflow/.local/lib/python3.12/site-packages/airflow/example_dags/example_xcom.py
[2024-05-05T15:42:41.848+0000] {processor.py:840} INFO - DAG(s) 'example_xcom' retrieved from /home/airflow/.local/lib/python3.12/site-packages/airflow/example_dags/example_xcom.py
[2024-05-05T15:42:42.011+0000] {logging_mixin.py:188} INFO - [2024-05-05T15:42:42.011+0000] {dag.py:3096} INFO - Sync 1 DAGs
[2024-05-05T15:42:42.186+0000] {logging_mixin.py:188} INFO - [2024-05-05T15:42:42.186+0000] {dag.py:3954} INFO - Setting next_dagrun for example_xcom to 2021-01-01 00:00:00+00:00, run_after=2021-01-01 00:00:00+00:00
[2024-05-05T15:42:42.342+0000] {processor.py:183} INFO - Processing /home/airflow/.local/lib/python3.12/site-packages/airflow/example_dags/example_xcom.py took 0.553 seconds
[2024-05-05T15:43:12.534+0000] {processor.py:161} INFO - Started process (PID=1167) to work on /home/airflow/.local/lib/python3.12/site-packages/airflow/example_dags/example_xcom.py
[2024-05-05T15:43:12.534+0000] {processor.py:830} INFO - Processing file /home/airflow/.local/lib/python3.12/site-packages/airflow/example_dags/example_xcom.py for tasks to queue
[2024-05-05T15:43:12.548+0000] {logging_mixin.py:188} INFO - [2024-05-05T15:43:12.548+0000] {dagbag.py:540} INFO - Filling up the DagBag from /home/airflow/.local/lib/python3.12/site-packages/airflow/example_dags/example_xcom.py
[2024-05-05T15:43:12.571+0000] {processor.py:840} INFO - DAG(s) 'example_xcom' retrieved from /home/airflow/.local/lib/python3.12/site-packages/airflow/example_dags/example_xcom.py
[2024-05-05T15:43:12.611+0000] {logging_mixin.py:188} INFO - [2024-05-05T15:43:12.610+0000] {dag.py:3096} INFO - Sync 1 DAGs
[2024-05-05T15:43:12.659+0000] {logging_mixin.py:188} INFO - [2024-05-05T15:43:12.658+0000] {dag.py:3954} INFO - Setting next_dagrun for example_xcom to 2021-01-01 00:00:00+00:00, run_after=2021-01-01 00:00:00+00:00
[2024-05-05T15:43:12.688+0000] {processor.py:183} INFO - Processing /home/airflow/.local/lib/python3.12/site-packages/airflow/example_dags/example_xcom.py took 0.178 seconds
[2024-05-05T15:43:43.421+0000] {processor.py:161} INFO - Started process (PID=1225) to work on /home/airflow/.local/lib/python3.12/site-packages/airflow/example_dags/example_xcom.py
[2024-05-05T15:43:43.428+0000] {processor.py:830} INFO - Processing file /home/airflow/.local/lib/python3.12/site-packages/airflow/example_dags/example_xcom.py for tasks to queue
[2024-05-05T15:43:43.430+0000] {logging_mixin.py:188} INFO - [2024-05-05T15:43:43.429+0000] {dagbag.py:540} INFO - Filling up the DagBag from /home/airflow/.local/lib/python3.12/site-packages/airflow/example_dags/example_xcom.py
[2024-05-05T15:43:43.458+0000] {processor.py:840} INFO - DAG(s) 'example_xcom' retrieved from /home/airflow/.local/lib/python3.12/site-packages/airflow/example_dags/example_xcom.py
[2024-05-05T15:43:43.505+0000] {logging_mixin.py:188} INFO - [2024-05-05T15:43:43.505+0000] {dag.py:3096} INFO - Sync 1 DAGs
[2024-05-05T15:43:43.568+0000] {logging_mixin.py:188} INFO - [2024-05-05T15:43:43.568+0000] {dag.py:3954} INFO - Setting next_dagrun for example_xcom to 2021-01-01 00:00:00+00:00, run_after=2021-01-01 00:00:00+00:00
[2024-05-05T15:43:43.644+0000] {processor.py:183} INFO - Processing /home/airflow/.local/lib/python3.12/site-packages/airflow/example_dags/example_xcom.py took 0.244 seconds
[2024-05-05T15:44:14.220+0000] {processor.py:161} INFO - Started process (PID=1283) to work on /home/airflow/.local/lib/python3.12/site-packages/airflow/example_dags/example_xcom.py
[2024-05-05T15:44:14.221+0000] {processor.py:830} INFO - Processing file /home/airflow/.local/lib/python3.12/site-packages/airflow/example_dags/example_xcom.py for tasks to queue
[2024-05-05T15:44:14.222+0000] {logging_mixin.py:188} INFO - [2024-05-05T15:44:14.222+0000] {dagbag.py:540} INFO - Filling up the DagBag from /home/airflow/.local/lib/python3.12/site-packages/airflow/example_dags/example_xcom.py
[2024-05-05T15:44:14.231+0000] {processor.py:840} INFO - DAG(s) 'example_xcom' retrieved from /home/airflow/.local/lib/python3.12/site-packages/airflow/example_dags/example_xcom.py
[2024-05-05T15:44:14.257+0000] {logging_mixin.py:188} INFO - [2024-05-05T15:44:14.257+0000] {dag.py:3096} INFO - Sync 1 DAGs
[2024-05-05T15:44:14.283+0000] {logging_mixin.py:188} INFO - [2024-05-05T15:44:14.283+0000] {dag.py:3954} INFO - Setting next_dagrun for example_xcom to 2021-01-01 00:00:00+00:00, run_after=2021-01-01 00:00:00+00:00
[2024-05-05T15:44:14.310+0000] {processor.py:183} INFO - Processing /home/airflow/.local/lib/python3.12/site-packages/airflow/example_dags/example_xcom.py took 0.097 seconds
[2024-05-05T15:44:44.580+0000] {processor.py:161} INFO - Started process (PID=1341) to work on /home/airflow/.local/lib/python3.12/site-packages/airflow/example_dags/example_xcom.py
[2024-05-05T15:44:44.581+0000] {processor.py:830} INFO - Processing file /home/airflow/.local/lib/python3.12/site-packages/airflow/example_dags/example_xcom.py for tasks to queue
[2024-05-05T15:44:44.583+0000] {logging_mixin.py:188} INFO - [2024-05-05T15:44:44.583+0000] {dagbag.py:540} INFO - Filling up the DagBag from /home/airflow/.local/lib/python3.12/site-packages/airflow/example_dags/example_xcom.py
[2024-05-05T15:44:44.591+0000] {processor.py:840} INFO - DAG(s) 'example_xcom' retrieved from /home/airflow/.local/lib/python3.12/site-packages/airflow/example_dags/example_xcom.py
[2024-05-05T15:44:44.616+0000] {logging_mixin.py:188} INFO - [2024-05-05T15:44:44.616+0000] {dag.py:3096} INFO - Sync 1 DAGs
[2024-05-05T15:44:44.639+0000] {logging_mixin.py:188} INFO - [2024-05-05T15:44:44.639+0000] {dag.py:3954} INFO - Setting next_dagrun for example_xcom to 2021-01-01 00:00:00+00:00, run_after=2021-01-01 00:00:00+00:00
[2024-05-05T15:44:44.710+0000] {processor.py:183} INFO - Processing /home/airflow/.local/lib/python3.12/site-packages/airflow/example_dags/example_xcom.py took 0.137 seconds
[2024-05-05T15:45:15.623+0000] {processor.py:161} INFO - Started process (PID=1398) to work on /home/airflow/.local/lib/python3.12/site-packages/airflow/example_dags/example_xcom.py
[2024-05-05T15:45:15.624+0000] {processor.py:830} INFO - Processing file /home/airflow/.local/lib/python3.12/site-packages/airflow/example_dags/example_xcom.py for tasks to queue
[2024-05-05T15:45:15.626+0000] {logging_mixin.py:188} INFO - [2024-05-05T15:45:15.626+0000] {dagbag.py:540} INFO - Filling up the DagBag from /home/airflow/.local/lib/python3.12/site-packages/airflow/example_dags/example_xcom.py
[2024-05-05T15:45:15.635+0000] {processor.py:840} INFO - DAG(s) 'example_xcom' retrieved from /home/airflow/.local/lib/python3.12/site-packages/airflow/example_dags/example_xcom.py
[2024-05-05T15:45:15.678+0000] {logging_mixin.py:188} INFO - [2024-05-05T15:45:15.677+0000] {dag.py:3096} INFO - Sync 1 DAGs
[2024-05-05T15:45:15.713+0000] {logging_mixin.py:188} INFO - [2024-05-05T15:45:15.712+0000] {dag.py:3954} INFO - Setting next_dagrun for example_xcom to 2021-01-01 00:00:00+00:00, run_after=2021-01-01 00:00:00+00:00
[2024-05-05T15:45:15.782+0000] {processor.py:183} INFO - Processing /home/airflow/.local/lib/python3.12/site-packages/airflow/example_dags/example_xcom.py took 0.166 seconds
[2024-05-05T15:45:46.169+0000] {processor.py:161} INFO - Started process (PID=1456) to work on /home/airflow/.local/lib/python3.12/site-packages/airflow/example_dags/example_xcom.py
[2024-05-05T15:45:46.180+0000] {processor.py:830} INFO - Processing file /home/airflow/.local/lib/python3.12/site-packages/airflow/example_dags/example_xcom.py for tasks to queue
[2024-05-05T15:45:46.182+0000] {logging_mixin.py:188} INFO - [2024-05-05T15:45:46.181+0000] {dagbag.py:540} INFO - Filling up the DagBag from /home/airflow/.local/lib/python3.12/site-packages/airflow/example_dags/example_xcom.py
[2024-05-05T15:45:46.199+0000] {processor.py:840} INFO - DAG(s) 'example_xcom' retrieved from /home/airflow/.local/lib/python3.12/site-packages/airflow/example_dags/example_xcom.py
[2024-05-05T15:45:46.276+0000] {logging_mixin.py:188} INFO - [2024-05-05T15:45:46.276+0000] {dag.py:3096} INFO - Sync 1 DAGs
[2024-05-05T15:45:46.341+0000] {logging_mixin.py:188} INFO - [2024-05-05T15:45:46.341+0000] {dag.py:3954} INFO - Setting next_dagrun for example_xcom to 2021-01-01 00:00:00+00:00, run_after=2021-01-01 00:00:00+00:00
[2024-05-05T15:45:46.370+0000] {processor.py:183} INFO - Processing /home/airflow/.local/lib/python3.12/site-packages/airflow/example_dags/example_xcom.py took 0.219 seconds
[2024-05-05T15:46:17.126+0000] {processor.py:161} INFO - Started process (PID=1515) to work on /home/airflow/.local/lib/python3.12/site-packages/airflow/example_dags/example_xcom.py
[2024-05-05T15:46:17.127+0000] {processor.py:830} INFO - Processing file /home/airflow/.local/lib/python3.12/site-packages/airflow/example_dags/example_xcom.py for tasks to queue
[2024-05-05T15:46:17.129+0000] {logging_mixin.py:188} INFO - [2024-05-05T15:46:17.128+0000] {dagbag.py:540} INFO - Filling up the DagBag from /home/airflow/.local/lib/python3.12/site-packages/airflow/example_dags/example_xcom.py
[2024-05-05T15:46:17.137+0000] {processor.py:840} INFO - DAG(s) 'example_xcom' retrieved from /home/airflow/.local/lib/python3.12/site-packages/airflow/example_dags/example_xcom.py
[2024-05-05T15:46:17.163+0000] {logging_mixin.py:188} INFO - [2024-05-05T15:46:17.163+0000] {dag.py:3096} INFO - Sync 1 DAGs
[2024-05-05T15:46:17.188+0000] {logging_mixin.py:188} INFO - [2024-05-05T15:46:17.188+0000] {dag.py:3954} INFO - Setting next_dagrun for example_xcom to 2021-01-01 00:00:00+00:00, run_after=2021-01-01 00:00:00+00:00
[2024-05-05T15:46:17.212+0000] {processor.py:183} INFO - Processing /home/airflow/.local/lib/python3.12/site-packages/airflow/example_dags/example_xcom.py took 0.097 seconds
[2024-05-05T15:46:47.547+0000] {processor.py:161} INFO - Started process (PID=1572) to work on /home/airflow/.local/lib/python3.12/site-packages/airflow/example_dags/example_xcom.py
[2024-05-05T15:46:47.548+0000] {processor.py:830} INFO - Processing file /home/airflow/.local/lib/python3.12/site-packages/airflow/example_dags/example_xcom.py for tasks to queue
[2024-05-05T15:46:47.549+0000] {logging_mixin.py:188} INFO - [2024-05-05T15:46:47.549+0000] {dagbag.py:540} INFO - Filling up the DagBag from /home/airflow/.local/lib/python3.12/site-packages/airflow/example_dags/example_xcom.py
[2024-05-05T15:46:47.558+0000] {processor.py:840} INFO - DAG(s) 'example_xcom' retrieved from /home/airflow/.local/lib/python3.12/site-packages/airflow/example_dags/example_xcom.py
[2024-05-05T15:46:47.583+0000] {logging_mixin.py:188} INFO - [2024-05-05T15:46:47.583+0000] {dag.py:3096} INFO - Sync 1 DAGs
[2024-05-05T15:46:47.625+0000] {logging_mixin.py:188} INFO - [2024-05-05T15:46:47.624+0000] {dag.py:3954} INFO - Setting next_dagrun for example_xcom to 2021-01-01 00:00:00+00:00, run_after=2021-01-01 00:00:00+00:00
[2024-05-05T15:46:47.656+0000] {processor.py:183} INFO - Processing /home/airflow/.local/lib/python3.12/site-packages/airflow/example_dags/example_xcom.py took 0.116 seconds
[2024-05-05T15:47:17.779+0000] {processor.py:161} INFO - Started process (PID=1629) to work on /home/airflow/.local/lib/python3.12/site-packages/airflow/example_dags/example_xcom.py
[2024-05-05T15:47:17.780+0000] {processor.py:830} INFO - Processing file /home/airflow/.local/lib/python3.12/site-packages/airflow/example_dags/example_xcom.py for tasks to queue
[2024-05-05T15:47:17.782+0000] {logging_mixin.py:188} INFO - [2024-05-05T15:47:17.781+0000] {dagbag.py:540} INFO - Filling up the DagBag from /home/airflow/.local/lib/python3.12/site-packages/airflow/example_dags/example_xcom.py
[2024-05-05T15:47:17.799+0000] {processor.py:840} INFO - DAG(s) 'example_xcom' retrieved from /home/airflow/.local/lib/python3.12/site-packages/airflow/example_dags/example_xcom.py
[2024-05-05T15:47:17.833+0000] {logging_mixin.py:188} INFO - [2024-05-05T15:47:17.833+0000] {dag.py:3096} INFO - Sync 1 DAGs
[2024-05-05T15:47:17.859+0000] {logging_mixin.py:188} INFO - [2024-05-05T15:47:17.859+0000] {dag.py:3954} INFO - Setting next_dagrun for example_xcom to 2021-01-01 00:00:00+00:00, run_after=2021-01-01 00:00:00+00:00
[2024-05-05T15:47:17.885+0000] {processor.py:183} INFO - Processing /home/airflow/.local/lib/python3.12/site-packages/airflow/example_dags/example_xcom.py took 0.113 seconds
[2024-05-05T15:47:49.155+0000] {processor.py:161} INFO - Started process (PID=1687) to work on /home/airflow/.local/lib/python3.12/site-packages/airflow/example_dags/example_xcom.py
[2024-05-05T15:47:49.156+0000] {processor.py:830} INFO - Processing file /home/airflow/.local/lib/python3.12/site-packages/airflow/example_dags/example_xcom.py for tasks to queue
[2024-05-05T15:47:49.161+0000] {logging_mixin.py:188} INFO - [2024-05-05T15:47:49.160+0000] {dagbag.py:540} INFO - Filling up the DagBag from /home/airflow/.local/lib/python3.12/site-packages/airflow/example_dags/example_xcom.py
[2024-05-05T15:47:49.177+0000] {processor.py:840} INFO - DAG(s) 'example_xcom' retrieved from /home/airflow/.local/lib/python3.12/site-packages/airflow/example_dags/example_xcom.py
[2024-05-05T15:47:49.224+0000] {logging_mixin.py:188} INFO - [2024-05-05T15:47:49.223+0000] {dag.py:3096} INFO - Sync 1 DAGs
[2024-05-05T15:47:49.268+0000] {logging_mixin.py:188} INFO - [2024-05-05T15:47:49.268+0000] {dag.py:3954} INFO - Setting next_dagrun for example_xcom to 2021-01-01 00:00:00+00:00, run_after=2021-01-01 00:00:00+00:00
[2024-05-05T15:47:49.303+0000] {processor.py:183} INFO - Processing /home/airflow/.local/lib/python3.12/site-packages/airflow/example_dags/example_xcom.py took 0.160 seconds
[2024-05-05T15:48:20.191+0000] {processor.py:161} INFO - Started process (PID=1747) to work on /home/airflow/.local/lib/python3.12/site-packages/airflow/example_dags/example_xcom.py
[2024-05-05T15:48:20.191+0000] {processor.py:830} INFO - Processing file /home/airflow/.local/lib/python3.12/site-packages/airflow/example_dags/example_xcom.py for tasks to queue
[2024-05-05T15:48:20.198+0000] {logging_mixin.py:188} INFO - [2024-05-05T15:48:20.198+0000] {dagbag.py:540} INFO - Filling up the DagBag from /home/airflow/.local/lib/python3.12/site-packages/airflow/example_dags/example_xcom.py
[2024-05-05T15:48:20.216+0000] {processor.py:840} INFO - DAG(s) 'example_xcom' retrieved from /home/airflow/.local/lib/python3.12/site-packages/airflow/example_dags/example_xcom.py
[2024-05-05T15:48:20.258+0000] {logging_mixin.py:188} INFO - [2024-05-05T15:48:20.258+0000] {dag.py:3096} INFO - Sync 1 DAGs
[2024-05-05T15:48:20.351+0000] {logging_mixin.py:188} INFO - [2024-05-05T15:48:20.348+0000] {dag.py:3954} INFO - Setting next_dagrun for example_xcom to 2021-01-01 00:00:00+00:00, run_after=2021-01-01 00:00:00+00:00
[2024-05-05T15:48:20.428+0000] {processor.py:183} INFO - Processing /home/airflow/.local/lib/python3.12/site-packages/airflow/example_dags/example_xcom.py took 0.254 seconds
[2024-05-05T15:48:51.155+0000] {processor.py:161} INFO - Started process (PID=1806) to work on /home/airflow/.local/lib/python3.12/site-packages/airflow/example_dags/example_xcom.py
[2024-05-05T15:48:51.155+0000] {processor.py:830} INFO - Processing file /home/airflow/.local/lib/python3.12/site-packages/airflow/example_dags/example_xcom.py for tasks to queue
[2024-05-05T15:48:51.157+0000] {logging_mixin.py:188} INFO - [2024-05-05T15:48:51.157+0000] {dagbag.py:540} INFO - Filling up the DagBag from /home/airflow/.local/lib/python3.12/site-packages/airflow/example_dags/example_xcom.py
[2024-05-05T15:48:51.166+0000] {processor.py:840} INFO - DAG(s) 'example_xcom' retrieved from /home/airflow/.local/lib/python3.12/site-packages/airflow/example_dags/example_xcom.py
[2024-05-05T15:48:51.192+0000] {logging_mixin.py:188} INFO - [2024-05-05T15:48:51.191+0000] {dag.py:3096} INFO - Sync 1 DAGs
[2024-05-05T15:48:51.222+0000] {logging_mixin.py:188} INFO - [2024-05-05T15:48:51.222+0000] {dag.py:3954} INFO - Setting next_dagrun for example_xcom to 2021-01-01 00:00:00+00:00, run_after=2021-01-01 00:00:00+00:00
[2024-05-05T15:48:51.248+0000] {processor.py:183} INFO - Processing /home/airflow/.local/lib/python3.12/site-packages/airflow/example_dags/example_xcom.py took 0.100 seconds
[2024-05-05T15:49:22.065+0000] {processor.py:161} INFO - Started process (PID=1865) to work on /home/airflow/.local/lib/python3.12/site-packages/airflow/example_dags/example_xcom.py
[2024-05-05T15:49:22.066+0000] {processor.py:830} INFO - Processing file /home/airflow/.local/lib/python3.12/site-packages/airflow/example_dags/example_xcom.py for tasks to queue
[2024-05-05T15:49:22.068+0000] {logging_mixin.py:188} INFO - [2024-05-05T15:49:22.067+0000] {dagbag.py:540} INFO - Filling up the DagBag from /home/airflow/.local/lib/python3.12/site-packages/airflow/example_dags/example_xcom.py
[2024-05-05T15:49:22.078+0000] {processor.py:840} INFO - DAG(s) 'example_xcom' retrieved from /home/airflow/.local/lib/python3.12/site-packages/airflow/example_dags/example_xcom.py
[2024-05-05T15:49:22.102+0000] {logging_mixin.py:188} INFO - [2024-05-05T15:49:22.102+0000] {dag.py:3096} INFO - Sync 1 DAGs
[2024-05-05T15:49:22.153+0000] {logging_mixin.py:188} INFO - [2024-05-05T15:49:22.153+0000] {dag.py:3954} INFO - Setting next_dagrun for example_xcom to 2021-01-01 00:00:00+00:00, run_after=2021-01-01 00:00:00+00:00
[2024-05-05T15:49:22.197+0000] {processor.py:183} INFO - Processing /home/airflow/.local/lib/python3.12/site-packages/airflow/example_dags/example_xcom.py took 0.138 seconds
[2024-05-05T15:49:52.275+0000] {processor.py:161} INFO - Started process (PID=1923) to work on /home/airflow/.local/lib/python3.12/site-packages/airflow/example_dags/example_xcom.py
[2024-05-05T15:49:52.275+0000] {processor.py:830} INFO - Processing file /home/airflow/.local/lib/python3.12/site-packages/airflow/example_dags/example_xcom.py for tasks to queue
[2024-05-05T15:49:52.277+0000] {logging_mixin.py:188} INFO - [2024-05-05T15:49:52.277+0000] {dagbag.py:540} INFO - Filling up the DagBag from /home/airflow/.local/lib/python3.12/site-packages/airflow/example_dags/example_xcom.py
[2024-05-05T15:49:52.290+0000] {processor.py:840} INFO - DAG(s) 'example_xcom' retrieved from /home/airflow/.local/lib/python3.12/site-packages/airflow/example_dags/example_xcom.py
[2024-05-05T15:49:52.314+0000] {logging_mixin.py:188} INFO - [2024-05-05T15:49:52.314+0000] {dag.py:3096} INFO - Sync 1 DAGs
[2024-05-05T15:49:52.340+0000] {logging_mixin.py:188} INFO - [2024-05-05T15:49:52.339+0000] {dag.py:3954} INFO - Setting next_dagrun for example_xcom to 2021-01-01 00:00:00+00:00, run_after=2021-01-01 00:00:00+00:00
[2024-05-05T15:49:52.380+0000] {processor.py:183} INFO - Processing /home/airflow/.local/lib/python3.12/site-packages/airflow/example_dags/example_xcom.py took 0.114 seconds
[2024-05-05T15:50:22.969+0000] {processor.py:161} INFO - Started process (PID=1988) to work on /home/airflow/.local/lib/python3.12/site-packages/airflow/example_dags/example_xcom.py
[2024-05-05T15:50:22.977+0000] {processor.py:830} INFO - Processing file /home/airflow/.local/lib/python3.12/site-packages/airflow/example_dags/example_xcom.py for tasks to queue
[2024-05-05T15:50:22.979+0000] {logging_mixin.py:188} INFO - [2024-05-05T15:50:22.978+0000] {dagbag.py:540} INFO - Filling up the DagBag from /home/airflow/.local/lib/python3.12/site-packages/airflow/example_dags/example_xcom.py
[2024-05-05T15:50:23.006+0000] {processor.py:840} INFO - DAG(s) 'example_xcom' retrieved from /home/airflow/.local/lib/python3.12/site-packages/airflow/example_dags/example_xcom.py
[2024-05-05T15:50:23.079+0000] {logging_mixin.py:188} INFO - [2024-05-05T15:50:23.078+0000] {dag.py:3096} INFO - Sync 1 DAGs
[2024-05-05T15:50:23.131+0000] {logging_mixin.py:188} INFO - [2024-05-05T15:50:23.131+0000] {dag.py:3954} INFO - Setting next_dagrun for example_xcom to 2021-01-01 00:00:00+00:00, run_after=2021-01-01 00:00:00+00:00
[2024-05-05T15:50:23.156+0000] {processor.py:183} INFO - Processing /home/airflow/.local/lib/python3.12/site-packages/airflow/example_dags/example_xcom.py took 0.218 seconds
[2024-05-05T15:50:53.348+0000] {processor.py:161} INFO - Started process (PID=2046) to work on /home/airflow/.local/lib/python3.12/site-packages/airflow/example_dags/example_xcom.py
[2024-05-05T15:50:53.368+0000] {processor.py:830} INFO - Processing file /home/airflow/.local/lib/python3.12/site-packages/airflow/example_dags/example_xcom.py for tasks to queue
[2024-05-05T15:50:53.370+0000] {logging_mixin.py:188} INFO - [2024-05-05T15:50:53.370+0000] {dagbag.py:540} INFO - Filling up the DagBag from /home/airflow/.local/lib/python3.12/site-packages/airflow/example_dags/example_xcom.py
[2024-05-05T15:50:53.401+0000] {processor.py:840} INFO - DAG(s) 'example_xcom' retrieved from /home/airflow/.local/lib/python3.12/site-packages/airflow/example_dags/example_xcom.py
[2024-05-05T15:50:53.528+0000] {logging_mixin.py:188} INFO - [2024-05-05T15:50:53.527+0000] {dag.py:3096} INFO - Sync 1 DAGs
[2024-05-05T15:50:53.589+0000] {logging_mixin.py:188} INFO - [2024-05-05T15:50:53.589+0000] {dag.py:3954} INFO - Setting next_dagrun for example_xcom to 2021-01-01 00:00:00+00:00, run_after=2021-01-01 00:00:00+00:00
[2024-05-05T15:50:53.646+0000] {processor.py:183} INFO - Processing /home/airflow/.local/lib/python3.12/site-packages/airflow/example_dags/example_xcom.py took 0.309 seconds
[2024-05-05T15:51:23.899+0000] {processor.py:161} INFO - Started process (PID=2105) to work on /home/airflow/.local/lib/python3.12/site-packages/airflow/example_dags/example_xcom.py
[2024-05-05T15:51:23.904+0000] {processor.py:830} INFO - Processing file /home/airflow/.local/lib/python3.12/site-packages/airflow/example_dags/example_xcom.py for tasks to queue
[2024-05-05T15:51:23.906+0000] {logging_mixin.py:188} INFO - [2024-05-05T15:51:23.906+0000] {dagbag.py:540} INFO - Filling up the DagBag from /home/airflow/.local/lib/python3.12/site-packages/airflow/example_dags/example_xcom.py
[2024-05-05T15:51:23.928+0000] {processor.py:840} INFO - DAG(s) 'example_xcom' retrieved from /home/airflow/.local/lib/python3.12/site-packages/airflow/example_dags/example_xcom.py
[2024-05-05T15:51:24.040+0000] {logging_mixin.py:188} INFO - [2024-05-05T15:51:24.040+0000] {dag.py:3096} INFO - Sync 1 DAGs
[2024-05-05T15:51:24.101+0000] {logging_mixin.py:188} INFO - [2024-05-05T15:51:24.100+0000] {dag.py:3954} INFO - Setting next_dagrun for example_xcom to 2021-01-01 00:00:00+00:00, run_after=2021-01-01 00:00:00+00:00
[2024-05-05T15:51:24.145+0000] {processor.py:183} INFO - Processing /home/airflow/.local/lib/python3.12/site-packages/airflow/example_dags/example_xcom.py took 0.261 seconds
[2024-05-05T15:51:54.998+0000] {processor.py:161} INFO - Started process (PID=2165) to work on /home/airflow/.local/lib/python3.12/site-packages/airflow/example_dags/example_xcom.py
[2024-05-05T15:51:54.999+0000] {processor.py:830} INFO - Processing file /home/airflow/.local/lib/python3.12/site-packages/airflow/example_dags/example_xcom.py for tasks to queue
[2024-05-05T15:51:55.001+0000] {logging_mixin.py:188} INFO - [2024-05-05T15:51:55.001+0000] {dagbag.py:540} INFO - Filling up the DagBag from /home/airflow/.local/lib/python3.12/site-packages/airflow/example_dags/example_xcom.py
[2024-05-05T15:51:55.013+0000] {processor.py:840} INFO - DAG(s) 'example_xcom' retrieved from /home/airflow/.local/lib/python3.12/site-packages/airflow/example_dags/example_xcom.py
[2024-05-05T15:51:55.069+0000] {logging_mixin.py:188} INFO - [2024-05-05T15:51:55.068+0000] {dag.py:3096} INFO - Sync 1 DAGs
[2024-05-05T15:51:55.113+0000] {logging_mixin.py:188} INFO - [2024-05-05T15:51:55.113+0000] {dag.py:3954} INFO - Setting next_dagrun for example_xcom to 2021-01-01 00:00:00+00:00, run_after=2021-01-01 00:00:00+00:00
[2024-05-05T15:51:55.159+0000] {processor.py:183} INFO - Processing /home/airflow/.local/lib/python3.12/site-packages/airflow/example_dags/example_xcom.py took 0.167 seconds
[2024-05-05T15:52:25.241+0000] {processor.py:161} INFO - Started process (PID=2224) to work on /home/airflow/.local/lib/python3.12/site-packages/airflow/example_dags/example_xcom.py
[2024-05-05T15:52:25.243+0000] {processor.py:830} INFO - Processing file /home/airflow/.local/lib/python3.12/site-packages/airflow/example_dags/example_xcom.py for tasks to queue
[2024-05-05T15:52:25.245+0000] {logging_mixin.py:188} INFO - [2024-05-05T15:52:25.245+0000] {dagbag.py:540} INFO - Filling up the DagBag from /home/airflow/.local/lib/python3.12/site-packages/airflow/example_dags/example_xcom.py
[2024-05-05T15:52:25.280+0000] {processor.py:840} INFO - DAG(s) 'example_xcom' retrieved from /home/airflow/.local/lib/python3.12/site-packages/airflow/example_dags/example_xcom.py
[2024-05-05T15:52:25.346+0000] {logging_mixin.py:188} INFO - [2024-05-05T15:52:25.346+0000] {dag.py:3096} INFO - Sync 1 DAGs
[2024-05-05T15:52:25.389+0000] {logging_mixin.py:188} INFO - [2024-05-05T15:52:25.389+0000] {dag.py:3954} INFO - Setting next_dagrun for example_xcom to 2021-01-01 00:00:00+00:00, run_after=2021-01-01 00:00:00+00:00
[2024-05-05T15:52:25.422+0000] {processor.py:183} INFO - Processing /home/airflow/.local/lib/python3.12/site-packages/airflow/example_dags/example_xcom.py took 0.202 seconds
[2024-05-05T15:52:55.462+0000] {processor.py:161} INFO - Started process (PID=2283) to work on /home/airflow/.local/lib/python3.12/site-packages/airflow/example_dags/example_xcom.py
[2024-05-05T15:52:55.463+0000] {processor.py:830} INFO - Processing file /home/airflow/.local/lib/python3.12/site-packages/airflow/example_dags/example_xcom.py for tasks to queue
[2024-05-05T15:52:55.465+0000] {logging_mixin.py:188} INFO - [2024-05-05T15:52:55.464+0000] {dagbag.py:540} INFO - Filling up the DagBag from /home/airflow/.local/lib/python3.12/site-packages/airflow/example_dags/example_xcom.py
[2024-05-05T15:52:55.473+0000] {processor.py:840} INFO - DAG(s) 'example_xcom' retrieved from /home/airflow/.local/lib/python3.12/site-packages/airflow/example_dags/example_xcom.py
[2024-05-05T15:52:55.498+0000] {logging_mixin.py:188} INFO - [2024-05-05T15:52:55.498+0000] {dag.py:3096} INFO - Sync 1 DAGs
[2024-05-05T15:52:55.521+0000] {logging_mixin.py:188} INFO - [2024-05-05T15:52:55.521+0000] {dag.py:3954} INFO - Setting next_dagrun for example_xcom to 2021-01-01 00:00:00+00:00, run_after=2021-01-01 00:00:00+00:00
[2024-05-05T15:52:55.546+0000] {processor.py:183} INFO - Processing /home/airflow/.local/lib/python3.12/site-packages/airflow/example_dags/example_xcom.py took 0.091 seconds
[2024-05-05T15:53:25.654+0000] {processor.py:161} INFO - Started process (PID=2343) to work on /home/airflow/.local/lib/python3.12/site-packages/airflow/example_dags/example_xcom.py
[2024-05-05T15:53:25.665+0000] {processor.py:830} INFO - Processing file /home/airflow/.local/lib/python3.12/site-packages/airflow/example_dags/example_xcom.py for tasks to queue
[2024-05-05T15:53:25.667+0000] {logging_mixin.py:188} INFO - [2024-05-05T15:53:25.667+0000] {dagbag.py:540} INFO - Filling up the DagBag from /home/airflow/.local/lib/python3.12/site-packages/airflow/example_dags/example_xcom.py
[2024-05-05T15:53:25.784+0000] {processor.py:840} INFO - DAG(s) 'example_xcom' retrieved from /home/airflow/.local/lib/python3.12/site-packages/airflow/example_dags/example_xcom.py
[2024-05-05T15:53:26.040+0000] {logging_mixin.py:188} INFO - [2024-05-05T15:53:26.039+0000] {dag.py:3096} INFO - Sync 1 DAGs
[2024-05-05T15:53:26.351+0000] {logging_mixin.py:188} INFO - [2024-05-05T15:53:26.351+0000] {dag.py:3954} INFO - Setting next_dagrun for example_xcom to 2021-01-01 00:00:00+00:00, run_after=2021-01-01 00:00:00+00:00
[2024-05-05T15:53:26.475+0000] {processor.py:183} INFO - Processing /home/airflow/.local/lib/python3.12/site-packages/airflow/example_dags/example_xcom.py took 0.851 seconds
[2024-05-05T15:53:57.287+0000] {processor.py:161} INFO - Started process (PID=2403) to work on /home/airflow/.local/lib/python3.12/site-packages/airflow/example_dags/example_xcom.py
[2024-05-05T15:53:57.289+0000] {processor.py:830} INFO - Processing file /home/airflow/.local/lib/python3.12/site-packages/airflow/example_dags/example_xcom.py for tasks to queue
[2024-05-05T15:53:57.294+0000] {logging_mixin.py:188} INFO - [2024-05-05T15:53:57.294+0000] {dagbag.py:540} INFO - Filling up the DagBag from /home/airflow/.local/lib/python3.12/site-packages/airflow/example_dags/example_xcom.py
[2024-05-05T15:53:57.310+0000] {processor.py:840} INFO - DAG(s) 'example_xcom' retrieved from /home/airflow/.local/lib/python3.12/site-packages/airflow/example_dags/example_xcom.py
[2024-05-05T15:53:57.375+0000] {logging_mixin.py:188} INFO - [2024-05-05T15:53:57.375+0000] {dag.py:3096} INFO - Sync 1 DAGs
[2024-05-05T15:53:57.437+0000] {logging_mixin.py:188} INFO - [2024-05-05T15:53:57.436+0000] {dag.py:3954} INFO - Setting next_dagrun for example_xcom to 2021-01-01 00:00:00+00:00, run_after=2021-01-01 00:00:00+00:00
[2024-05-05T15:53:57.476+0000] {processor.py:183} INFO - Processing /home/airflow/.local/lib/python3.12/site-packages/airflow/example_dags/example_xcom.py took 0.237 seconds
[2024-05-05T15:54:28.403+0000] {processor.py:161} INFO - Started process (PID=2463) to work on /home/airflow/.local/lib/python3.12/site-packages/airflow/example_dags/example_xcom.py
[2024-05-05T15:54:28.404+0000] {processor.py:830} INFO - Processing file /home/airflow/.local/lib/python3.12/site-packages/airflow/example_dags/example_xcom.py for tasks to queue
[2024-05-05T15:54:28.407+0000] {logging_mixin.py:188} INFO - [2024-05-05T15:54:28.406+0000] {dagbag.py:540} INFO - Filling up the DagBag from /home/airflow/.local/lib/python3.12/site-packages/airflow/example_dags/example_xcom.py
[2024-05-05T15:54:28.416+0000] {processor.py:840} INFO - DAG(s) 'example_xcom' retrieved from /home/airflow/.local/lib/python3.12/site-packages/airflow/example_dags/example_xcom.py
[2024-05-05T15:54:28.440+0000] {logging_mixin.py:188} INFO - [2024-05-05T15:54:28.440+0000] {dag.py:3096} INFO - Sync 1 DAGs
[2024-05-05T15:54:28.469+0000] {logging_mixin.py:188} INFO - [2024-05-05T15:54:28.469+0000] {dag.py:3954} INFO - Setting next_dagrun for example_xcom to 2021-01-01 00:00:00+00:00, run_after=2021-01-01 00:00:00+00:00
[2024-05-05T15:54:28.496+0000] {processor.py:183} INFO - Processing /home/airflow/.local/lib/python3.12/site-packages/airflow/example_dags/example_xcom.py took 0.104 seconds
[2024-05-05T15:54:58.865+0000] {processor.py:161} INFO - Started process (PID=2523) to work on /home/airflow/.local/lib/python3.12/site-packages/airflow/example_dags/example_xcom.py
[2024-05-05T15:54:58.866+0000] {processor.py:830} INFO - Processing file /home/airflow/.local/lib/python3.12/site-packages/airflow/example_dags/example_xcom.py for tasks to queue
[2024-05-05T15:54:58.868+0000] {logging_mixin.py:188} INFO - [2024-05-05T15:54:58.868+0000] {dagbag.py:540} INFO - Filling up the DagBag from /home/airflow/.local/lib/python3.12/site-packages/airflow/example_dags/example_xcom.py
[2024-05-05T15:54:58.877+0000] {processor.py:840} INFO - DAG(s) 'example_xcom' retrieved from /home/airflow/.local/lib/python3.12/site-packages/airflow/example_dags/example_xcom.py
[2024-05-05T15:54:58.901+0000] {logging_mixin.py:188} INFO - [2024-05-05T15:54:58.900+0000] {dag.py:3096} INFO - Sync 1 DAGs
[2024-05-05T15:54:58.932+0000] {logging_mixin.py:188} INFO - [2024-05-05T15:54:58.932+0000] {dag.py:3954} INFO - Setting next_dagrun for example_xcom to 2021-01-01 00:00:00+00:00, run_after=2021-01-01 00:00:00+00:00
[2024-05-05T15:54:58.960+0000] {processor.py:183} INFO - Processing /home/airflow/.local/lib/python3.12/site-packages/airflow/example_dags/example_xcom.py took 0.101 seconds
[2024-05-05T15:55:29.140+0000] {processor.py:161} INFO - Started process (PID=2583) to work on /home/airflow/.local/lib/python3.12/site-packages/airflow/example_dags/example_xcom.py
[2024-05-05T15:55:29.147+0000] {processor.py:830} INFO - Processing file /home/airflow/.local/lib/python3.12/site-packages/airflow/example_dags/example_xcom.py for tasks to queue
[2024-05-05T15:55:29.149+0000] {logging_mixin.py:188} INFO - [2024-05-05T15:55:29.149+0000] {dagbag.py:540} INFO - Filling up the DagBag from /home/airflow/.local/lib/python3.12/site-packages/airflow/example_dags/example_xcom.py
[2024-05-05T15:55:29.198+0000] {processor.py:840} INFO - DAG(s) 'example_xcom' retrieved from /home/airflow/.local/lib/python3.12/site-packages/airflow/example_dags/example_xcom.py
[2024-05-05T15:55:29.259+0000] {logging_mixin.py:188} INFO - [2024-05-05T15:55:29.259+0000] {dag.py:3096} INFO - Sync 1 DAGs
[2024-05-05T15:55:29.293+0000] {logging_mixin.py:188} INFO - [2024-05-05T15:55:29.293+0000] {dag.py:3954} INFO - Setting next_dagrun for example_xcom to 2021-01-01 00:00:00+00:00, run_after=2021-01-01 00:00:00+00:00
[2024-05-05T15:55:29.320+0000] {processor.py:183} INFO - Processing /home/airflow/.local/lib/python3.12/site-packages/airflow/example_dags/example_xcom.py took 0.201 seconds
[2024-05-05T15:55:59.483+0000] {processor.py:161} INFO - Started process (PID=2643) to work on /home/airflow/.local/lib/python3.12/site-packages/airflow/example_dags/example_xcom.py
[2024-05-05T15:55:59.484+0000] {processor.py:830} INFO - Processing file /home/airflow/.local/lib/python3.12/site-packages/airflow/example_dags/example_xcom.py for tasks to queue
[2024-05-05T15:55:59.486+0000] {logging_mixin.py:188} INFO - [2024-05-05T15:55:59.486+0000] {dagbag.py:540} INFO - Filling up the DagBag from /home/airflow/.local/lib/python3.12/site-packages/airflow/example_dags/example_xcom.py
[2024-05-05T15:55:59.494+0000] {processor.py:840} INFO - DAG(s) 'example_xcom' retrieved from /home/airflow/.local/lib/python3.12/site-packages/airflow/example_dags/example_xcom.py
[2024-05-05T15:55:59.518+0000] {logging_mixin.py:188} INFO - [2024-05-05T15:55:59.517+0000] {dag.py:3096} INFO - Sync 1 DAGs
[2024-05-05T15:55:59.544+0000] {logging_mixin.py:188} INFO - [2024-05-05T15:55:59.543+0000] {dag.py:3954} INFO - Setting next_dagrun for example_xcom to 2021-01-01 00:00:00+00:00, run_after=2021-01-01 00:00:00+00:00
[2024-05-05T15:55:59.567+0000] {processor.py:183} INFO - Processing /home/airflow/.local/lib/python3.12/site-packages/airflow/example_dags/example_xcom.py took 0.090 seconds
[2024-05-05T15:56:29.935+0000] {processor.py:161} INFO - Started process (PID=2703) to work on /home/airflow/.local/lib/python3.12/site-packages/airflow/example_dags/example_xcom.py
[2024-05-05T15:56:29.936+0000] {processor.py:830} INFO - Processing file /home/airflow/.local/lib/python3.12/site-packages/airflow/example_dags/example_xcom.py for tasks to queue
[2024-05-05T15:56:29.938+0000] {logging_mixin.py:188} INFO - [2024-05-05T15:56:29.937+0000] {dagbag.py:540} INFO - Filling up the DagBag from /home/airflow/.local/lib/python3.12/site-packages/airflow/example_dags/example_xcom.py
[2024-05-05T15:56:29.946+0000] {processor.py:840} INFO - DAG(s) 'example_xcom' retrieved from /home/airflow/.local/lib/python3.12/site-packages/airflow/example_dags/example_xcom.py
[2024-05-05T15:56:29.970+0000] {logging_mixin.py:188} INFO - [2024-05-05T15:56:29.970+0000] {dag.py:3096} INFO - Sync 1 DAGs
[2024-05-05T15:56:29.999+0000] {logging_mixin.py:188} INFO - [2024-05-05T15:56:29.998+0000] {dag.py:3954} INFO - Setting next_dagrun for example_xcom to 2021-01-01 00:00:00+00:00, run_after=2021-01-01 00:00:00+00:00
[2024-05-05T15:56:30.029+0000] {processor.py:183} INFO - Processing /home/airflow/.local/lib/python3.12/site-packages/airflow/example_dags/example_xcom.py took 0.100 seconds
[2024-05-05T15:57:00.431+0000] {processor.py:161} INFO - Started process (PID=2763) to work on /home/airflow/.local/lib/python3.12/site-packages/airflow/example_dags/example_xcom.py
[2024-05-05T15:57:00.432+0000] {processor.py:830} INFO - Processing file /home/airflow/.local/lib/python3.12/site-packages/airflow/example_dags/example_xcom.py for tasks to queue
[2024-05-05T15:57:00.434+0000] {logging_mixin.py:188} INFO - [2024-05-05T15:57:00.434+0000] {dagbag.py:540} INFO - Filling up the DagBag from /home/airflow/.local/lib/python3.12/site-packages/airflow/example_dags/example_xcom.py
[2024-05-05T15:57:00.447+0000] {processor.py:840} INFO - DAG(s) 'example_xcom' retrieved from /home/airflow/.local/lib/python3.12/site-packages/airflow/example_dags/example_xcom.py
[2024-05-05T15:57:00.497+0000] {logging_mixin.py:188} INFO - [2024-05-05T15:57:00.497+0000] {dag.py:3096} INFO - Sync 1 DAGs
[2024-05-05T15:57:00.520+0000] {logging_mixin.py:188} INFO - [2024-05-05T15:57:00.520+0000] {dag.py:3954} INFO - Setting next_dagrun for example_xcom to 2021-01-01 00:00:00+00:00, run_after=2021-01-01 00:00:00+00:00
[2024-05-05T15:57:00.544+0000] {processor.py:183} INFO - Processing /home/airflow/.local/lib/python3.12/site-packages/airflow/example_dags/example_xcom.py took 0.120 seconds
[2024-05-05T15:57:30.890+0000] {processor.py:161} INFO - Started process (PID=2823) to work on /home/airflow/.local/lib/python3.12/site-packages/airflow/example_dags/example_xcom.py
[2024-05-05T15:57:30.890+0000] {processor.py:830} INFO - Processing file /home/airflow/.local/lib/python3.12/site-packages/airflow/example_dags/example_xcom.py for tasks to queue
[2024-05-05T15:57:30.905+0000] {logging_mixin.py:188} INFO - [2024-05-05T15:57:30.904+0000] {dagbag.py:540} INFO - Filling up the DagBag from /home/airflow/.local/lib/python3.12/site-packages/airflow/example_dags/example_xcom.py
[2024-05-05T15:57:30.916+0000] {processor.py:840} INFO - DAG(s) 'example_xcom' retrieved from /home/airflow/.local/lib/python3.12/site-packages/airflow/example_dags/example_xcom.py
[2024-05-05T15:57:30.960+0000] {logging_mixin.py:188} INFO - [2024-05-05T15:57:30.959+0000] {dag.py:3096} INFO - Sync 1 DAGs
[2024-05-05T15:57:30.986+0000] {logging_mixin.py:188} INFO - [2024-05-05T15:57:30.986+0000] {dag.py:3954} INFO - Setting next_dagrun for example_xcom to 2021-01-01 00:00:00+00:00, run_after=2021-01-01 00:00:00+00:00
[2024-05-05T15:57:31.010+0000] {processor.py:183} INFO - Processing /home/airflow/.local/lib/python3.12/site-packages/airflow/example_dags/example_xcom.py took 0.150 seconds
[2024-05-05T15:58:01.355+0000] {processor.py:161} INFO - Started process (PID=2883) to work on /home/airflow/.local/lib/python3.12/site-packages/airflow/example_dags/example_xcom.py
[2024-05-05T15:58:01.360+0000] {processor.py:830} INFO - Processing file /home/airflow/.local/lib/python3.12/site-packages/airflow/example_dags/example_xcom.py for tasks to queue
[2024-05-05T15:58:01.362+0000] {logging_mixin.py:188} INFO - [2024-05-05T15:58:01.361+0000] {dagbag.py:540} INFO - Filling up the DagBag from /home/airflow/.local/lib/python3.12/site-packages/airflow/example_dags/example_xcom.py
[2024-05-05T15:58:01.387+0000] {processor.py:840} INFO - DAG(s) 'example_xcom' retrieved from /home/airflow/.local/lib/python3.12/site-packages/airflow/example_dags/example_xcom.py
[2024-05-05T15:58:01.487+0000] {logging_mixin.py:188} INFO - [2024-05-05T15:58:01.486+0000] {dag.py:3096} INFO - Sync 1 DAGs
[2024-05-05T15:58:01.572+0000] {logging_mixin.py:188} INFO - [2024-05-05T15:58:01.572+0000] {dag.py:3954} INFO - Setting next_dagrun for example_xcom to 2021-01-01 00:00:00+00:00, run_after=2021-01-01 00:00:00+00:00
[2024-05-05T15:58:01.636+0000] {processor.py:183} INFO - Processing /home/airflow/.local/lib/python3.12/site-packages/airflow/example_dags/example_xcom.py took 0.301 seconds
[2024-05-05T15:58:32.123+0000] {processor.py:161} INFO - Started process (PID=2946) to work on /home/airflow/.local/lib/python3.12/site-packages/airflow/example_dags/example_xcom.py
[2024-05-05T15:58:32.123+0000] {processor.py:830} INFO - Processing file /home/airflow/.local/lib/python3.12/site-packages/airflow/example_dags/example_xcom.py for tasks to queue
[2024-05-05T15:58:32.125+0000] {logging_mixin.py:188} INFO - [2024-05-05T15:58:32.125+0000] {dagbag.py:540} INFO - Filling up the DagBag from /home/airflow/.local/lib/python3.12/site-packages/airflow/example_dags/example_xcom.py
[2024-05-05T15:58:32.135+0000] {processor.py:840} INFO - DAG(s) 'example_xcom' retrieved from /home/airflow/.local/lib/python3.12/site-packages/airflow/example_dags/example_xcom.py
[2024-05-05T15:58:32.158+0000] {logging_mixin.py:188} INFO - [2024-05-05T15:58:32.158+0000] {dag.py:3096} INFO - Sync 1 DAGs
[2024-05-05T15:58:32.183+0000] {logging_mixin.py:188} INFO - [2024-05-05T15:58:32.183+0000] {dag.py:3954} INFO - Setting next_dagrun for example_xcom to 2021-01-01 00:00:00+00:00, run_after=2021-01-01 00:00:00+00:00
[2024-05-05T15:58:32.207+0000] {processor.py:183} INFO - Processing /home/airflow/.local/lib/python3.12/site-packages/airflow/example_dags/example_xcom.py took 0.091 seconds
[2024-05-05T15:59:03.146+0000] {processor.py:161} INFO - Started process (PID=3007) to work on /home/airflow/.local/lib/python3.12/site-packages/airflow/example_dags/example_xcom.py
[2024-05-05T15:59:03.158+0000] {processor.py:830} INFO - Processing file /home/airflow/.local/lib/python3.12/site-packages/airflow/example_dags/example_xcom.py for tasks to queue
[2024-05-05T15:59:03.258+0000] {logging_mixin.py:188} INFO - [2024-05-05T15:59:03.160+0000] {dagbag.py:540} INFO - Filling up the DagBag from /home/airflow/.local/lib/python3.12/site-packages/airflow/example_dags/example_xcom.py
[2024-05-05T15:59:03.622+0000] {processor.py:840} INFO - DAG(s) 'example_xcom' retrieved from /home/airflow/.local/lib/python3.12/site-packages/airflow/example_dags/example_xcom.py
[2024-05-05T15:59:03.882+0000] {logging_mixin.py:188} INFO - [2024-05-05T15:59:03.882+0000] {dag.py:3096} INFO - Sync 1 DAGs
[2024-05-05T15:59:03.937+0000] {logging_mixin.py:188} INFO - [2024-05-05T15:59:03.937+0000] {dag.py:3954} INFO - Setting next_dagrun for example_xcom to 2021-01-01 00:00:00+00:00, run_after=2021-01-01 00:00:00+00:00
[2024-05-05T15:59:04.121+0000] {processor.py:183} INFO - Processing /home/airflow/.local/lib/python3.12/site-packages/airflow/example_dags/example_xcom.py took 1.606 seconds
[2024-05-05T15:59:34.598+0000] {processor.py:161} INFO - Started process (PID=3068) to work on /home/airflow/.local/lib/python3.12/site-packages/airflow/example_dags/example_xcom.py
[2024-05-05T15:59:34.606+0000] {processor.py:830} INFO - Processing file /home/airflow/.local/lib/python3.12/site-packages/airflow/example_dags/example_xcom.py for tasks to queue
[2024-05-05T15:59:34.615+0000] {logging_mixin.py:188} INFO - [2024-05-05T15:59:34.614+0000] {dagbag.py:540} INFO - Filling up the DagBag from /home/airflow/.local/lib/python3.12/site-packages/airflow/example_dags/example_xcom.py
[2024-05-05T15:59:34.669+0000] {processor.py:840} INFO - DAG(s) 'example_xcom' retrieved from /home/airflow/.local/lib/python3.12/site-packages/airflow/example_dags/example_xcom.py
[2024-05-05T15:59:34.793+0000] {logging_mixin.py:188} INFO - [2024-05-05T15:59:34.788+0000] {dag.py:3096} INFO - Sync 1 DAGs
[2024-05-05T15:59:34.910+0000] {logging_mixin.py:188} INFO - [2024-05-05T15:59:34.909+0000] {dag.py:3954} INFO - Setting next_dagrun for example_xcom to 2021-01-01 00:00:00+00:00, run_after=2021-01-01 00:00:00+00:00
[2024-05-05T15:59:35.030+0000] {processor.py:183} INFO - Processing /home/airflow/.local/lib/python3.12/site-packages/airflow/example_dags/example_xcom.py took 0.506 seconds
[2024-05-05T16:00:08.959+0000] {processor.py:161} INFO - Started process (PID=3129) to work on /home/airflow/.local/lib/python3.12/site-packages/airflow/example_dags/example_xcom.py
[2024-05-05T16:00:08.964+0000] {processor.py:830} INFO - Processing file /home/airflow/.local/lib/python3.12/site-packages/airflow/example_dags/example_xcom.py for tasks to queue
[2024-05-05T16:00:08.966+0000] {logging_mixin.py:188} INFO - [2024-05-05T16:00:08.966+0000] {dagbag.py:540} INFO - Filling up the DagBag from /home/airflow/.local/lib/python3.12/site-packages/airflow/example_dags/example_xcom.py
[2024-05-05T16:00:09.107+0000] {processor.py:840} INFO - DAG(s) 'example_xcom' retrieved from /home/airflow/.local/lib/python3.12/site-packages/airflow/example_dags/example_xcom.py
[2024-05-05T16:00:09.324+0000] {logging_mixin.py:188} INFO - [2024-05-05T16:00:09.319+0000] {dag.py:3096} INFO - Sync 1 DAGs
[2024-05-05T16:00:15.761+0000] {logging_mixin.py:188} INFO - [2024-05-05T16:00:15.761+0000] {process_utils.py:263} INFO - Waiting up to 5 seconds for processes to exit...
[2024-05-05T16:00:15.796+0000] {logging_mixin.py:188} INFO - [2024-05-05T16:00:15.796+0000] {process_utils.py:263} INFO - Waiting up to 5 seconds for processes to exit...
