[2024-05-05T15:33:18.327+0000] {processor.py:161} INFO - Started process (PID=46) to work on /home/airflow/.local/lib/python3.12/site-packages/airflow/example_dags/example_bash_operator.py
[2024-05-05T15:33:18.341+0000] {processor.py:830} INFO - Processing file /home/airflow/.local/lib/python3.12/site-packages/airflow/example_dags/example_bash_operator.py for tasks to queue
[2024-05-05T15:33:18.352+0000] {logging_mixin.py:188} INFO - [2024-05-05T15:33:18.351+0000] {dagbag.py:540} INFO - Filling up the DagBag from /home/airflow/.local/lib/python3.12/site-packages/airflow/example_dags/example_bash_operator.py
[2024-05-05T15:33:18.485+0000] {processor.py:840} INFO - DAG(s) 'example_bash_operator' retrieved from /home/airflow/.local/lib/python3.12/site-packages/airflow/example_dags/example_bash_operator.py
[2024-05-05T15:33:19.012+0000] {logging_mixin.py:188} INFO - [2024-05-05T15:33:19.012+0000] {override.py:1829} INFO - Created Permission View: can edit on DAG:example_bash_operator
[2024-05-05T15:33:19.046+0000] {logging_mixin.py:188} INFO - [2024-05-05T15:33:19.046+0000] {override.py:1829} INFO - Created Permission View: can read on DAG:example_bash_operator
[2024-05-05T15:33:19.065+0000] {logging_mixin.py:188} INFO - [2024-05-05T15:33:19.065+0000] {override.py:1829} INFO - Created Permission View: can delete on DAG:example_bash_operator
[2024-05-05T15:33:19.065+0000] {logging_mixin.py:188} INFO - [2024-05-05T15:33:19.065+0000] {dag.py:3096} INFO - Sync 1 DAGs
[2024-05-05T15:33:19.101+0000] {logging_mixin.py:188} INFO - [2024-05-05T15:33:19.100+0000] {dag.py:3118} INFO - Creating ORM DAG for example_bash_operator
[2024-05-05T15:33:19.131+0000] {logging_mixin.py:188} INFO - [2024-05-05T15:33:19.130+0000] {dag.py:3954} INFO - Setting next_dagrun for example_bash_operator to 2024-05-04 00:00:00+00:00, run_after=2024-05-05 00:00:00+00:00
[2024-05-05T15:33:19.188+0000] {processor.py:183} INFO - Processing /home/airflow/.local/lib/python3.12/site-packages/airflow/example_dags/example_bash_operator.py took 0.907 seconds
[2024-05-05T15:33:49.230+0000] {processor.py:161} INFO - Started process (PID=103) to work on /home/airflow/.local/lib/python3.12/site-packages/airflow/example_dags/example_bash_operator.py
[2024-05-05T15:33:49.230+0000] {processor.py:830} INFO - Processing file /home/airflow/.local/lib/python3.12/site-packages/airflow/example_dags/example_bash_operator.py for tasks to queue
[2024-05-05T15:33:49.232+0000] {logging_mixin.py:188} INFO - [2024-05-05T15:33:49.232+0000] {dagbag.py:540} INFO - Filling up the DagBag from /home/airflow/.local/lib/python3.12/site-packages/airflow/example_dags/example_bash_operator.py
[2024-05-05T15:33:49.241+0000] {processor.py:840} INFO - DAG(s) 'example_bash_operator' retrieved from /home/airflow/.local/lib/python3.12/site-packages/airflow/example_dags/example_bash_operator.py
[2024-05-05T15:33:49.265+0000] {logging_mixin.py:188} INFO - [2024-05-05T15:33:49.265+0000] {dag.py:3096} INFO - Sync 1 DAGs
[2024-05-05T15:33:49.284+0000] {logging_mixin.py:188} INFO - [2024-05-05T15:33:49.284+0000] {dag.py:3954} INFO - Setting next_dagrun for example_bash_operator to 2024-05-04 00:00:00+00:00, run_after=2024-05-05 00:00:00+00:00
[2024-05-05T15:33:49.303+0000] {processor.py:183} INFO - Processing /home/airflow/.local/lib/python3.12/site-packages/airflow/example_dags/example_bash_operator.py took 0.078 seconds
[2024-05-05T15:34:19.339+0000] {processor.py:161} INFO - Started process (PID=161) to work on /home/airflow/.local/lib/python3.12/site-packages/airflow/example_dags/example_bash_operator.py
[2024-05-05T15:34:19.339+0000] {processor.py:830} INFO - Processing file /home/airflow/.local/lib/python3.12/site-packages/airflow/example_dags/example_bash_operator.py for tasks to queue
[2024-05-05T15:34:19.341+0000] {logging_mixin.py:188} INFO - [2024-05-05T15:34:19.341+0000] {dagbag.py:540} INFO - Filling up the DagBag from /home/airflow/.local/lib/python3.12/site-packages/airflow/example_dags/example_bash_operator.py
[2024-05-05T15:34:19.355+0000] {processor.py:840} INFO - DAG(s) 'example_bash_operator' retrieved from /home/airflow/.local/lib/python3.12/site-packages/airflow/example_dags/example_bash_operator.py
[2024-05-05T15:34:19.390+0000] {logging_mixin.py:188} INFO - [2024-05-05T15:34:19.390+0000] {dag.py:3096} INFO - Sync 1 DAGs
[2024-05-05T15:34:19.417+0000] {logging_mixin.py:188} INFO - [2024-05-05T15:34:19.417+0000] {dag.py:3954} INFO - Setting next_dagrun for example_bash_operator to 2024-05-04 00:00:00+00:00, run_after=2024-05-05 00:00:00+00:00
[2024-05-05T15:34:19.439+0000] {processor.py:183} INFO - Processing /home/airflow/.local/lib/python3.12/site-packages/airflow/example_dags/example_bash_operator.py took 0.107 seconds
[2024-05-05T15:34:49.669+0000] {processor.py:161} INFO - Started process (PID=218) to work on /home/airflow/.local/lib/python3.12/site-packages/airflow/example_dags/example_bash_operator.py
[2024-05-05T15:34:49.671+0000] {processor.py:830} INFO - Processing file /home/airflow/.local/lib/python3.12/site-packages/airflow/example_dags/example_bash_operator.py for tasks to queue
[2024-05-05T15:34:49.688+0000] {logging_mixin.py:188} INFO - [2024-05-05T15:34:49.688+0000] {dagbag.py:540} INFO - Filling up the DagBag from /home/airflow/.local/lib/python3.12/site-packages/airflow/example_dags/example_bash_operator.py
[2024-05-05T15:34:49.738+0000] {processor.py:840} INFO - DAG(s) 'example_bash_operator' retrieved from /home/airflow/.local/lib/python3.12/site-packages/airflow/example_dags/example_bash_operator.py
[2024-05-05T15:34:49.801+0000] {logging_mixin.py:188} INFO - [2024-05-05T15:34:49.800+0000] {dag.py:3096} INFO - Sync 1 DAGs
[2024-05-05T15:34:49.856+0000] {logging_mixin.py:188} INFO - [2024-05-05T15:34:49.856+0000] {dag.py:3954} INFO - Setting next_dagrun for example_bash_operator to 2024-05-04 00:00:00+00:00, run_after=2024-05-05 00:00:00+00:00
[2024-05-05T15:34:49.925+0000] {processor.py:183} INFO - Processing /home/airflow/.local/lib/python3.12/site-packages/airflow/example_dags/example_bash_operator.py took 0.280 seconds
[2024-05-05T15:35:20.311+0000] {processor.py:161} INFO - Started process (PID=276) to work on /home/airflow/.local/lib/python3.12/site-packages/airflow/example_dags/example_bash_operator.py
[2024-05-05T15:35:20.395+0000] {processor.py:830} INFO - Processing file /home/airflow/.local/lib/python3.12/site-packages/airflow/example_dags/example_bash_operator.py for tasks to queue
[2024-05-05T15:35:20.415+0000] {logging_mixin.py:188} INFO - [2024-05-05T15:35:20.415+0000] {dagbag.py:540} INFO - Filling up the DagBag from /home/airflow/.local/lib/python3.12/site-packages/airflow/example_dags/example_bash_operator.py
[2024-05-05T15:35:20.436+0000] {processor.py:840} INFO - DAG(s) 'example_bash_operator' retrieved from /home/airflow/.local/lib/python3.12/site-packages/airflow/example_dags/example_bash_operator.py
[2024-05-05T15:35:20.905+0000] {logging_mixin.py:188} INFO - [2024-05-05T15:35:20.900+0000] {dag.py:3096} INFO - Sync 1 DAGs
[2024-05-05T15:35:21.006+0000] {logging_mixin.py:188} INFO - [2024-05-05T15:35:21.006+0000] {dag.py:3954} INFO - Setting next_dagrun for example_bash_operator to 2024-05-04 00:00:00+00:00, run_after=2024-05-05 00:00:00+00:00
[2024-05-05T15:35:21.114+0000] {processor.py:183} INFO - Processing /home/airflow/.local/lib/python3.12/site-packages/airflow/example_dags/example_bash_operator.py took 0.833 seconds
[2024-05-05T15:35:51.342+0000] {processor.py:161} INFO - Started process (PID=333) to work on /home/airflow/.local/lib/python3.12/site-packages/airflow/example_dags/example_bash_operator.py
[2024-05-05T15:35:51.343+0000] {processor.py:830} INFO - Processing file /home/airflow/.local/lib/python3.12/site-packages/airflow/example_dags/example_bash_operator.py for tasks to queue
[2024-05-05T15:35:51.345+0000] {logging_mixin.py:188} INFO - [2024-05-05T15:35:51.344+0000] {dagbag.py:540} INFO - Filling up the DagBag from /home/airflow/.local/lib/python3.12/site-packages/airflow/example_dags/example_bash_operator.py
[2024-05-05T15:35:51.356+0000] {processor.py:840} INFO - DAG(s) 'example_bash_operator' retrieved from /home/airflow/.local/lib/python3.12/site-packages/airflow/example_dags/example_bash_operator.py
[2024-05-05T15:35:51.379+0000] {logging_mixin.py:188} INFO - [2024-05-05T15:35:51.379+0000] {dag.py:3096} INFO - Sync 1 DAGs
[2024-05-05T15:35:51.398+0000] {logging_mixin.py:188} INFO - [2024-05-05T15:35:51.398+0000] {dag.py:3954} INFO - Setting next_dagrun for example_bash_operator to 2024-05-04 00:00:00+00:00, run_after=2024-05-05 00:00:00+00:00
[2024-05-05T15:35:51.418+0000] {processor.py:183} INFO - Processing /home/airflow/.local/lib/python3.12/site-packages/airflow/example_dags/example_bash_operator.py took 0.080 seconds
[2024-05-05T15:36:21.932+0000] {processor.py:161} INFO - Started process (PID=392) to work on /home/airflow/.local/lib/python3.12/site-packages/airflow/example_dags/example_bash_operator.py
[2024-05-05T15:36:21.933+0000] {processor.py:830} INFO - Processing file /home/airflow/.local/lib/python3.12/site-packages/airflow/example_dags/example_bash_operator.py for tasks to queue
[2024-05-05T15:36:21.934+0000] {logging_mixin.py:188} INFO - [2024-05-05T15:36:21.934+0000] {dagbag.py:540} INFO - Filling up the DagBag from /home/airflow/.local/lib/python3.12/site-packages/airflow/example_dags/example_bash_operator.py
[2024-05-05T15:36:21.943+0000] {processor.py:840} INFO - DAG(s) 'example_bash_operator' retrieved from /home/airflow/.local/lib/python3.12/site-packages/airflow/example_dags/example_bash_operator.py
[2024-05-05T15:36:21.967+0000] {logging_mixin.py:188} INFO - [2024-05-05T15:36:21.966+0000] {dag.py:3096} INFO - Sync 1 DAGs
[2024-05-05T15:36:21.985+0000] {logging_mixin.py:188} INFO - [2024-05-05T15:36:21.985+0000] {dag.py:3954} INFO - Setting next_dagrun for example_bash_operator to 2024-05-04 00:00:00+00:00, run_after=2024-05-05 00:00:00+00:00
[2024-05-05T15:36:22.006+0000] {processor.py:183} INFO - Processing /home/airflow/.local/lib/python3.12/site-packages/airflow/example_dags/example_bash_operator.py took 0.079 seconds
[2024-05-05T15:36:52.153+0000] {processor.py:161} INFO - Started process (PID=450) to work on /home/airflow/.local/lib/python3.12/site-packages/airflow/example_dags/example_bash_operator.py
[2024-05-05T15:36:52.154+0000] {processor.py:830} INFO - Processing file /home/airflow/.local/lib/python3.12/site-packages/airflow/example_dags/example_bash_operator.py for tasks to queue
[2024-05-05T15:36:52.155+0000] {logging_mixin.py:188} INFO - [2024-05-05T15:36:52.155+0000] {dagbag.py:540} INFO - Filling up the DagBag from /home/airflow/.local/lib/python3.12/site-packages/airflow/example_dags/example_bash_operator.py
[2024-05-05T15:36:52.168+0000] {processor.py:840} INFO - DAG(s) 'example_bash_operator' retrieved from /home/airflow/.local/lib/python3.12/site-packages/airflow/example_dags/example_bash_operator.py
[2024-05-05T15:36:52.191+0000] {logging_mixin.py:188} INFO - [2024-05-05T15:36:52.191+0000] {dag.py:3096} INFO - Sync 1 DAGs
[2024-05-05T15:36:52.209+0000] {logging_mixin.py:188} INFO - [2024-05-05T15:36:52.209+0000] {dag.py:3954} INFO - Setting next_dagrun for example_bash_operator to 2024-05-04 00:00:00+00:00, run_after=2024-05-05 00:00:00+00:00
[2024-05-05T15:36:52.229+0000] {processor.py:183} INFO - Processing /home/airflow/.local/lib/python3.12/site-packages/airflow/example_dags/example_bash_operator.py took 0.081 seconds
[2024-05-05T15:37:23.087+0000] {processor.py:161} INFO - Started process (PID=509) to work on /home/airflow/.local/lib/python3.12/site-packages/airflow/example_dags/example_bash_operator.py
[2024-05-05T15:37:23.088+0000] {processor.py:830} INFO - Processing file /home/airflow/.local/lib/python3.12/site-packages/airflow/example_dags/example_bash_operator.py for tasks to queue
[2024-05-05T15:37:23.089+0000] {logging_mixin.py:188} INFO - [2024-05-05T15:37:23.089+0000] {dagbag.py:540} INFO - Filling up the DagBag from /home/airflow/.local/lib/python3.12/site-packages/airflow/example_dags/example_bash_operator.py
[2024-05-05T15:37:23.099+0000] {processor.py:840} INFO - DAG(s) 'example_bash_operator' retrieved from /home/airflow/.local/lib/python3.12/site-packages/airflow/example_dags/example_bash_operator.py
[2024-05-05T15:37:23.122+0000] {logging_mixin.py:188} INFO - [2024-05-05T15:37:23.122+0000] {dag.py:3096} INFO - Sync 1 DAGs
[2024-05-05T15:37:23.144+0000] {logging_mixin.py:188} INFO - [2024-05-05T15:37:23.144+0000] {dag.py:3954} INFO - Setting next_dagrun for example_bash_operator to 2024-05-04 00:00:00+00:00, run_after=2024-05-05 00:00:00+00:00
[2024-05-05T15:37:23.163+0000] {processor.py:183} INFO - Processing /home/airflow/.local/lib/python3.12/site-packages/airflow/example_dags/example_bash_operator.py took 0.080 seconds
[2024-05-05T15:37:53.957+0000] {processor.py:161} INFO - Started process (PID=568) to work on /home/airflow/.local/lib/python3.12/site-packages/airflow/example_dags/example_bash_operator.py
[2024-05-05T15:37:53.958+0000] {processor.py:830} INFO - Processing file /home/airflow/.local/lib/python3.12/site-packages/airflow/example_dags/example_bash_operator.py for tasks to queue
[2024-05-05T15:37:53.959+0000] {logging_mixin.py:188} INFO - [2024-05-05T15:37:53.959+0000] {dagbag.py:540} INFO - Filling up the DagBag from /home/airflow/.local/lib/python3.12/site-packages/airflow/example_dags/example_bash_operator.py
[2024-05-05T15:37:53.969+0000] {processor.py:840} INFO - DAG(s) 'example_bash_operator' retrieved from /home/airflow/.local/lib/python3.12/site-packages/airflow/example_dags/example_bash_operator.py
[2024-05-05T15:37:54.020+0000] {logging_mixin.py:188} INFO - [2024-05-05T15:37:54.020+0000] {dag.py:3096} INFO - Sync 1 DAGs
[2024-05-05T15:37:54.051+0000] {logging_mixin.py:188} INFO - [2024-05-05T15:37:54.051+0000] {dag.py:3954} INFO - Setting next_dagrun for example_bash_operator to 2024-05-04 00:00:00+00:00, run_after=2024-05-05 00:00:00+00:00
[2024-05-05T15:37:54.072+0000] {processor.py:183} INFO - Processing /home/airflow/.local/lib/python3.12/site-packages/airflow/example_dags/example_bash_operator.py took 0.120 seconds
[2024-05-05T15:38:24.907+0000] {processor.py:161} INFO - Started process (PID=626) to work on /home/airflow/.local/lib/python3.12/site-packages/airflow/example_dags/example_bash_operator.py
[2024-05-05T15:38:24.908+0000] {processor.py:830} INFO - Processing file /home/airflow/.local/lib/python3.12/site-packages/airflow/example_dags/example_bash_operator.py for tasks to queue
[2024-05-05T15:38:24.910+0000] {logging_mixin.py:188} INFO - [2024-05-05T15:38:24.910+0000] {dagbag.py:540} INFO - Filling up the DagBag from /home/airflow/.local/lib/python3.12/site-packages/airflow/example_dags/example_bash_operator.py
[2024-05-05T15:38:24.923+0000] {processor.py:840} INFO - DAG(s) 'example_bash_operator' retrieved from /home/airflow/.local/lib/python3.12/site-packages/airflow/example_dags/example_bash_operator.py
[2024-05-05T15:38:24.947+0000] {logging_mixin.py:188} INFO - [2024-05-05T15:38:24.947+0000] {dag.py:3096} INFO - Sync 1 DAGs
[2024-05-05T15:38:24.966+0000] {logging_mixin.py:188} INFO - [2024-05-05T15:38:24.965+0000] {dag.py:3954} INFO - Setting next_dagrun for example_bash_operator to 2024-05-04 00:00:00+00:00, run_after=2024-05-05 00:00:00+00:00
[2024-05-05T15:38:24.986+0000] {processor.py:183} INFO - Processing /home/airflow/.local/lib/python3.12/site-packages/airflow/example_dags/example_bash_operator.py took 0.085 seconds
[2024-05-05T15:38:55.230+0000] {processor.py:161} INFO - Started process (PID=684) to work on /home/airflow/.local/lib/python3.12/site-packages/airflow/example_dags/example_bash_operator.py
[2024-05-05T15:38:55.231+0000] {processor.py:830} INFO - Processing file /home/airflow/.local/lib/python3.12/site-packages/airflow/example_dags/example_bash_operator.py for tasks to queue
[2024-05-05T15:38:55.232+0000] {logging_mixin.py:188} INFO - [2024-05-05T15:38:55.232+0000] {dagbag.py:540} INFO - Filling up the DagBag from /home/airflow/.local/lib/python3.12/site-packages/airflow/example_dags/example_bash_operator.py
[2024-05-05T15:38:55.242+0000] {processor.py:840} INFO - DAG(s) 'example_bash_operator' retrieved from /home/airflow/.local/lib/python3.12/site-packages/airflow/example_dags/example_bash_operator.py
[2024-05-05T15:38:55.267+0000] {logging_mixin.py:188} INFO - [2024-05-05T15:38:55.266+0000] {dag.py:3096} INFO - Sync 1 DAGs
[2024-05-05T15:38:55.286+0000] {logging_mixin.py:188} INFO - [2024-05-05T15:38:55.285+0000] {dag.py:3954} INFO - Setting next_dagrun for example_bash_operator to 2024-05-04 00:00:00+00:00, run_after=2024-05-05 00:00:00+00:00
[2024-05-05T15:38:55.306+0000] {processor.py:183} INFO - Processing /home/airflow/.local/lib/python3.12/site-packages/airflow/example_dags/example_bash_operator.py took 0.080 seconds
[2024-05-05T15:39:25.479+0000] {processor.py:161} INFO - Started process (PID=743) to work on /home/airflow/.local/lib/python3.12/site-packages/airflow/example_dags/example_bash_operator.py
[2024-05-05T15:39:25.490+0000] {processor.py:830} INFO - Processing file /home/airflow/.local/lib/python3.12/site-packages/airflow/example_dags/example_bash_operator.py for tasks to queue
[2024-05-05T15:39:25.492+0000] {logging_mixin.py:188} INFO - [2024-05-05T15:39:25.491+0000] {dagbag.py:540} INFO - Filling up the DagBag from /home/airflow/.local/lib/python3.12/site-packages/airflow/example_dags/example_bash_operator.py
[2024-05-05T15:39:25.523+0000] {processor.py:840} INFO - DAG(s) 'example_bash_operator' retrieved from /home/airflow/.local/lib/python3.12/site-packages/airflow/example_dags/example_bash_operator.py
[2024-05-05T15:39:25.610+0000] {logging_mixin.py:188} INFO - [2024-05-05T15:39:25.610+0000] {dag.py:3096} INFO - Sync 1 DAGs
[2024-05-05T15:39:25.640+0000] {logging_mixin.py:188} INFO - [2024-05-05T15:39:25.640+0000] {dag.py:3954} INFO - Setting next_dagrun for example_bash_operator to 2024-05-04 00:00:00+00:00, run_after=2024-05-05 00:00:00+00:00
[2024-05-05T15:39:25.681+0000] {processor.py:183} INFO - Processing /home/airflow/.local/lib/python3.12/site-packages/airflow/example_dags/example_bash_operator.py took 0.218 seconds
[2024-05-05T15:39:55.763+0000] {processor.py:161} INFO - Started process (PID=800) to work on /home/airflow/.local/lib/python3.12/site-packages/airflow/example_dags/example_bash_operator.py
[2024-05-05T15:39:55.764+0000] {processor.py:830} INFO - Processing file /home/airflow/.local/lib/python3.12/site-packages/airflow/example_dags/example_bash_operator.py for tasks to queue
[2024-05-05T15:39:55.766+0000] {logging_mixin.py:188} INFO - [2024-05-05T15:39:55.766+0000] {dagbag.py:540} INFO - Filling up the DagBag from /home/airflow/.local/lib/python3.12/site-packages/airflow/example_dags/example_bash_operator.py
[2024-05-05T15:39:55.785+0000] {processor.py:840} INFO - DAG(s) 'example_bash_operator' retrieved from /home/airflow/.local/lib/python3.12/site-packages/airflow/example_dags/example_bash_operator.py
[2024-05-05T15:39:55.820+0000] {logging_mixin.py:188} INFO - [2024-05-05T15:39:55.820+0000] {dag.py:3096} INFO - Sync 1 DAGs
[2024-05-05T15:39:55.850+0000] {logging_mixin.py:188} INFO - [2024-05-05T15:39:55.849+0000] {dag.py:3954} INFO - Setting next_dagrun for example_bash_operator to 2024-05-04 00:00:00+00:00, run_after=2024-05-05 00:00:00+00:00
[2024-05-05T15:39:55.875+0000] {processor.py:183} INFO - Processing /home/airflow/.local/lib/python3.12/site-packages/airflow/example_dags/example_bash_operator.py took 0.118 seconds
[2024-05-05T15:40:26.711+0000] {processor.py:161} INFO - Started process (PID=856) to work on /home/airflow/.local/lib/python3.12/site-packages/airflow/example_dags/example_bash_operator.py
[2024-05-05T15:40:26.712+0000] {processor.py:830} INFO - Processing file /home/airflow/.local/lib/python3.12/site-packages/airflow/example_dags/example_bash_operator.py for tasks to queue
[2024-05-05T15:40:26.713+0000] {logging_mixin.py:188} INFO - [2024-05-05T15:40:26.713+0000] {dagbag.py:540} INFO - Filling up the DagBag from /home/airflow/.local/lib/python3.12/site-packages/airflow/example_dags/example_bash_operator.py
[2024-05-05T15:40:26.727+0000] {processor.py:840} INFO - DAG(s) 'example_bash_operator' retrieved from /home/airflow/.local/lib/python3.12/site-packages/airflow/example_dags/example_bash_operator.py
[2024-05-05T15:40:26.764+0000] {logging_mixin.py:188} INFO - [2024-05-05T15:40:26.764+0000] {dag.py:3096} INFO - Sync 1 DAGs
[2024-05-05T15:40:26.793+0000] {logging_mixin.py:188} INFO - [2024-05-05T15:40:26.792+0000] {dag.py:3954} INFO - Setting next_dagrun for example_bash_operator to 2024-05-04 00:00:00+00:00, run_after=2024-05-05 00:00:00+00:00
[2024-05-05T15:40:26.819+0000] {processor.py:183} INFO - Processing /home/airflow/.local/lib/python3.12/site-packages/airflow/example_dags/example_bash_operator.py took 0.115 seconds
[2024-05-05T15:40:57.580+0000] {processor.py:161} INFO - Started process (PID=913) to work on /home/airflow/.local/lib/python3.12/site-packages/airflow/example_dags/example_bash_operator.py
[2024-05-05T15:40:57.580+0000] {processor.py:830} INFO - Processing file /home/airflow/.local/lib/python3.12/site-packages/airflow/example_dags/example_bash_operator.py for tasks to queue
[2024-05-05T15:40:57.582+0000] {logging_mixin.py:188} INFO - [2024-05-05T15:40:57.582+0000] {dagbag.py:540} INFO - Filling up the DagBag from /home/airflow/.local/lib/python3.12/site-packages/airflow/example_dags/example_bash_operator.py
[2024-05-05T15:40:57.594+0000] {processor.py:840} INFO - DAG(s) 'example_bash_operator' retrieved from /home/airflow/.local/lib/python3.12/site-packages/airflow/example_dags/example_bash_operator.py
[2024-05-05T15:40:57.631+0000] {logging_mixin.py:188} INFO - [2024-05-05T15:40:57.631+0000] {dag.py:3096} INFO - Sync 1 DAGs
[2024-05-05T15:40:57.660+0000] {logging_mixin.py:188} INFO - [2024-05-05T15:40:57.660+0000] {dag.py:3954} INFO - Setting next_dagrun for example_bash_operator to 2024-05-04 00:00:00+00:00, run_after=2024-05-05 00:00:00+00:00
[2024-05-05T15:40:57.686+0000] {processor.py:183} INFO - Processing /home/airflow/.local/lib/python3.12/site-packages/airflow/example_dags/example_bash_operator.py took 0.116 seconds
[2024-05-05T15:41:28.374+0000] {processor.py:161} INFO - Started process (PID=973) to work on /home/airflow/.local/lib/python3.12/site-packages/airflow/example_dags/example_bash_operator.py
[2024-05-05T15:41:28.374+0000] {processor.py:830} INFO - Processing file /home/airflow/.local/lib/python3.12/site-packages/airflow/example_dags/example_bash_operator.py for tasks to queue
[2024-05-05T15:41:28.375+0000] {logging_mixin.py:188} INFO - [2024-05-05T15:41:28.375+0000] {dagbag.py:540} INFO - Filling up the DagBag from /home/airflow/.local/lib/python3.12/site-packages/airflow/example_dags/example_bash_operator.py
[2024-05-05T15:41:28.385+0000] {processor.py:840} INFO - DAG(s) 'example_bash_operator' retrieved from /home/airflow/.local/lib/python3.12/site-packages/airflow/example_dags/example_bash_operator.py
[2024-05-05T15:41:28.411+0000] {logging_mixin.py:188} INFO - [2024-05-05T15:41:28.411+0000] {dag.py:3096} INFO - Sync 1 DAGs
[2024-05-05T15:41:28.436+0000] {logging_mixin.py:188} INFO - [2024-05-05T15:41:28.435+0000] {dag.py:3954} INFO - Setting next_dagrun for example_bash_operator to 2024-05-04 00:00:00+00:00, run_after=2024-05-05 00:00:00+00:00
[2024-05-05T15:41:28.458+0000] {processor.py:183} INFO - Processing /home/airflow/.local/lib/python3.12/site-packages/airflow/example_dags/example_bash_operator.py took 0.089 seconds
[2024-05-05T15:41:58.640+0000] {processor.py:161} INFO - Started process (PID=1032) to work on /home/airflow/.local/lib/python3.12/site-packages/airflow/example_dags/example_bash_operator.py
[2024-05-05T15:41:58.641+0000] {processor.py:830} INFO - Processing file /home/airflow/.local/lib/python3.12/site-packages/airflow/example_dags/example_bash_operator.py for tasks to queue
[2024-05-05T15:41:58.642+0000] {logging_mixin.py:188} INFO - [2024-05-05T15:41:58.642+0000] {dagbag.py:540} INFO - Filling up the DagBag from /home/airflow/.local/lib/python3.12/site-packages/airflow/example_dags/example_bash_operator.py
[2024-05-05T15:41:58.661+0000] {processor.py:840} INFO - DAG(s) 'example_bash_operator' retrieved from /home/airflow/.local/lib/python3.12/site-packages/airflow/example_dags/example_bash_operator.py
[2024-05-05T15:41:58.686+0000] {logging_mixin.py:188} INFO - [2024-05-05T15:41:58.686+0000] {dag.py:3096} INFO - Sync 1 DAGs
[2024-05-05T15:41:58.705+0000] {logging_mixin.py:188} INFO - [2024-05-05T15:41:58.705+0000] {dag.py:3954} INFO - Setting next_dagrun for example_bash_operator to 2024-05-04 00:00:00+00:00, run_after=2024-05-05 00:00:00+00:00
[2024-05-05T15:41:58.726+0000] {processor.py:183} INFO - Processing /home/airflow/.local/lib/python3.12/site-packages/airflow/example_dags/example_bash_operator.py took 0.091 seconds
[2024-05-05T15:42:29.077+0000] {processor.py:161} INFO - Started process (PID=1090) to work on /home/airflow/.local/lib/python3.12/site-packages/airflow/example_dags/example_bash_operator.py
[2024-05-05T15:42:29.078+0000] {processor.py:830} INFO - Processing file /home/airflow/.local/lib/python3.12/site-packages/airflow/example_dags/example_bash_operator.py for tasks to queue
[2024-05-05T15:42:29.080+0000] {logging_mixin.py:188} INFO - [2024-05-05T15:42:29.080+0000] {dagbag.py:540} INFO - Filling up the DagBag from /home/airflow/.local/lib/python3.12/site-packages/airflow/example_dags/example_bash_operator.py
[2024-05-05T15:42:29.095+0000] {processor.py:840} INFO - DAG(s) 'example_bash_operator' retrieved from /home/airflow/.local/lib/python3.12/site-packages/airflow/example_dags/example_bash_operator.py
[2024-05-05T15:42:29.131+0000] {logging_mixin.py:188} INFO - [2024-05-05T15:42:29.131+0000] {dag.py:3096} INFO - Sync 1 DAGs
[2024-05-05T15:42:29.159+0000] {logging_mixin.py:188} INFO - [2024-05-05T15:42:29.159+0000] {dag.py:3954} INFO - Setting next_dagrun for example_bash_operator to 2024-05-04 00:00:00+00:00, run_after=2024-05-05 00:00:00+00:00
[2024-05-05T15:42:29.184+0000] {processor.py:183} INFO - Processing /home/airflow/.local/lib/python3.12/site-packages/airflow/example_dags/example_bash_operator.py took 0.121 seconds
[2024-05-05T15:43:00.220+0000] {processor.py:161} INFO - Started process (PID=1147) to work on /home/airflow/.local/lib/python3.12/site-packages/airflow/example_dags/example_bash_operator.py
[2024-05-05T15:43:00.226+0000] {processor.py:830} INFO - Processing file /home/airflow/.local/lib/python3.12/site-packages/airflow/example_dags/example_bash_operator.py for tasks to queue
[2024-05-05T15:43:00.227+0000] {logging_mixin.py:188} INFO - [2024-05-05T15:43:00.227+0000] {dagbag.py:540} INFO - Filling up the DagBag from /home/airflow/.local/lib/python3.12/site-packages/airflow/example_dags/example_bash_operator.py
[2024-05-05T15:43:00.272+0000] {processor.py:840} INFO - DAG(s) 'example_bash_operator' retrieved from /home/airflow/.local/lib/python3.12/site-packages/airflow/example_dags/example_bash_operator.py
[2024-05-05T15:43:00.318+0000] {logging_mixin.py:188} INFO - [2024-05-05T15:43:00.318+0000] {dag.py:3096} INFO - Sync 1 DAGs
[2024-05-05T15:43:00.370+0000] {logging_mixin.py:188} INFO - [2024-05-05T15:43:00.370+0000] {dag.py:3954} INFO - Setting next_dagrun for example_bash_operator to 2024-05-04 00:00:00+00:00, run_after=2024-05-05 00:00:00+00:00
[2024-05-05T15:43:00.408+0000] {processor.py:183} INFO - Processing /home/airflow/.local/lib/python3.12/site-packages/airflow/example_dags/example_bash_operator.py took 0.223 seconds
[2024-05-05T15:43:31.044+0000] {processor.py:161} INFO - Started process (PID=1205) to work on /home/airflow/.local/lib/python3.12/site-packages/airflow/example_dags/example_bash_operator.py
[2024-05-05T15:43:31.048+0000] {processor.py:830} INFO - Processing file /home/airflow/.local/lib/python3.12/site-packages/airflow/example_dags/example_bash_operator.py for tasks to queue
[2024-05-05T15:43:31.050+0000] {logging_mixin.py:188} INFO - [2024-05-05T15:43:31.049+0000] {dagbag.py:540} INFO - Filling up the DagBag from /home/airflow/.local/lib/python3.12/site-packages/airflow/example_dags/example_bash_operator.py
[2024-05-05T15:43:31.147+0000] {processor.py:840} INFO - DAG(s) 'example_bash_operator' retrieved from /home/airflow/.local/lib/python3.12/site-packages/airflow/example_dags/example_bash_operator.py
[2024-05-05T15:43:31.323+0000] {logging_mixin.py:188} INFO - [2024-05-05T15:43:31.323+0000] {dag.py:3096} INFO - Sync 1 DAGs
[2024-05-05T15:43:31.406+0000] {logging_mixin.py:188} INFO - [2024-05-05T15:43:31.406+0000] {dag.py:3954} INFO - Setting next_dagrun for example_bash_operator to 2024-05-04 00:00:00+00:00, run_after=2024-05-05 00:00:00+00:00
[2024-05-05T15:43:31.480+0000] {processor.py:183} INFO - Processing /home/airflow/.local/lib/python3.12/site-packages/airflow/example_dags/example_bash_operator.py took 0.484 seconds
[2024-05-05T15:44:02.171+0000] {processor.py:161} INFO - Started process (PID=1264) to work on /home/airflow/.local/lib/python3.12/site-packages/airflow/example_dags/example_bash_operator.py
[2024-05-05T15:44:02.173+0000] {processor.py:830} INFO - Processing file /home/airflow/.local/lib/python3.12/site-packages/airflow/example_dags/example_bash_operator.py for tasks to queue
[2024-05-05T15:44:02.177+0000] {logging_mixin.py:188} INFO - [2024-05-05T15:44:02.177+0000] {dagbag.py:540} INFO - Filling up the DagBag from /home/airflow/.local/lib/python3.12/site-packages/airflow/example_dags/example_bash_operator.py
[2024-05-05T15:44:02.191+0000] {processor.py:840} INFO - DAG(s) 'example_bash_operator' retrieved from /home/airflow/.local/lib/python3.12/site-packages/airflow/example_dags/example_bash_operator.py
[2024-05-05T15:44:02.240+0000] {logging_mixin.py:188} INFO - [2024-05-05T15:44:02.239+0000] {dag.py:3096} INFO - Sync 1 DAGs
[2024-05-05T15:44:02.272+0000] {logging_mixin.py:188} INFO - [2024-05-05T15:44:02.272+0000] {dag.py:3954} INFO - Setting next_dagrun for example_bash_operator to 2024-05-04 00:00:00+00:00, run_after=2024-05-05 00:00:00+00:00
[2024-05-05T15:44:02.297+0000] {processor.py:183} INFO - Processing /home/airflow/.local/lib/python3.12/site-packages/airflow/example_dags/example_bash_operator.py took 0.133 seconds
[2024-05-05T15:44:32.378+0000] {processor.py:161} INFO - Started process (PID=1322) to work on /home/airflow/.local/lib/python3.12/site-packages/airflow/example_dags/example_bash_operator.py
[2024-05-05T15:44:32.379+0000] {processor.py:830} INFO - Processing file /home/airflow/.local/lib/python3.12/site-packages/airflow/example_dags/example_bash_operator.py for tasks to queue
[2024-05-05T15:44:32.381+0000] {logging_mixin.py:188} INFO - [2024-05-05T15:44:32.381+0000] {dagbag.py:540} INFO - Filling up the DagBag from /home/airflow/.local/lib/python3.12/site-packages/airflow/example_dags/example_bash_operator.py
[2024-05-05T15:44:32.403+0000] {processor.py:840} INFO - DAG(s) 'example_bash_operator' retrieved from /home/airflow/.local/lib/python3.12/site-packages/airflow/example_dags/example_bash_operator.py
[2024-05-05T15:44:32.439+0000] {logging_mixin.py:188} INFO - [2024-05-05T15:44:32.439+0000] {dag.py:3096} INFO - Sync 1 DAGs
[2024-05-05T15:44:32.489+0000] {logging_mixin.py:188} INFO - [2024-05-05T15:44:32.489+0000] {dag.py:3954} INFO - Setting next_dagrun for example_bash_operator to 2024-05-04 00:00:00+00:00, run_after=2024-05-05 00:00:00+00:00
[2024-05-05T15:44:32.516+0000] {processor.py:183} INFO - Processing /home/airflow/.local/lib/python3.12/site-packages/airflow/example_dags/example_bash_operator.py took 0.146 seconds
[2024-05-05T15:45:02.630+0000] {processor.py:161} INFO - Started process (PID=1379) to work on /home/airflow/.local/lib/python3.12/site-packages/airflow/example_dags/example_bash_operator.py
[2024-05-05T15:45:02.630+0000] {processor.py:830} INFO - Processing file /home/airflow/.local/lib/python3.12/site-packages/airflow/example_dags/example_bash_operator.py for tasks to queue
[2024-05-05T15:45:02.632+0000] {logging_mixin.py:188} INFO - [2024-05-05T15:45:02.631+0000] {dagbag.py:540} INFO - Filling up the DagBag from /home/airflow/.local/lib/python3.12/site-packages/airflow/example_dags/example_bash_operator.py
[2024-05-05T15:45:02.645+0000] {processor.py:840} INFO - DAG(s) 'example_bash_operator' retrieved from /home/airflow/.local/lib/python3.12/site-packages/airflow/example_dags/example_bash_operator.py
[2024-05-05T15:45:02.680+0000] {logging_mixin.py:188} INFO - [2024-05-05T15:45:02.680+0000] {dag.py:3096} INFO - Sync 1 DAGs
[2024-05-05T15:45:02.710+0000] {logging_mixin.py:188} INFO - [2024-05-05T15:45:02.709+0000] {dag.py:3954} INFO - Setting next_dagrun for example_bash_operator to 2024-05-04 00:00:00+00:00, run_after=2024-05-05 00:00:00+00:00
[2024-05-05T15:45:02.736+0000] {processor.py:183} INFO - Processing /home/airflow/.local/lib/python3.12/site-packages/airflow/example_dags/example_bash_operator.py took 0.111 seconds
[2024-05-05T15:45:33.118+0000] {processor.py:161} INFO - Started process (PID=1438) to work on /home/airflow/.local/lib/python3.12/site-packages/airflow/example_dags/example_bash_operator.py
[2024-05-05T15:45:33.119+0000] {processor.py:830} INFO - Processing file /home/airflow/.local/lib/python3.12/site-packages/airflow/example_dags/example_bash_operator.py for tasks to queue
[2024-05-05T15:45:33.129+0000] {logging_mixin.py:188} INFO - [2024-05-05T15:45:33.120+0000] {dagbag.py:540} INFO - Filling up the DagBag from /home/airflow/.local/lib/python3.12/site-packages/airflow/example_dags/example_bash_operator.py
[2024-05-05T15:45:33.165+0000] {processor.py:840} INFO - DAG(s) 'example_bash_operator' retrieved from /home/airflow/.local/lib/python3.12/site-packages/airflow/example_dags/example_bash_operator.py
[2024-05-05T15:45:33.231+0000] {logging_mixin.py:188} INFO - [2024-05-05T15:45:33.231+0000] {dag.py:3096} INFO - Sync 1 DAGs
[2024-05-05T15:45:33.275+0000] {logging_mixin.py:188} INFO - [2024-05-05T15:45:33.272+0000] {dag.py:3954} INFO - Setting next_dagrun for example_bash_operator to 2024-05-04 00:00:00+00:00, run_after=2024-05-05 00:00:00+00:00
[2024-05-05T15:45:33.320+0000] {processor.py:183} INFO - Processing /home/airflow/.local/lib/python3.12/site-packages/airflow/example_dags/example_bash_operator.py took 0.209 seconds
[2024-05-05T15:46:03.768+0000] {processor.py:161} INFO - Started process (PID=1497) to work on /home/airflow/.local/lib/python3.12/site-packages/airflow/example_dags/example_bash_operator.py
[2024-05-05T15:46:03.769+0000] {processor.py:830} INFO - Processing file /home/airflow/.local/lib/python3.12/site-packages/airflow/example_dags/example_bash_operator.py for tasks to queue
[2024-05-05T15:46:03.770+0000] {logging_mixin.py:188} INFO - [2024-05-05T15:46:03.770+0000] {dagbag.py:540} INFO - Filling up the DagBag from /home/airflow/.local/lib/python3.12/site-packages/airflow/example_dags/example_bash_operator.py
[2024-05-05T15:46:03.784+0000] {processor.py:840} INFO - DAG(s) 'example_bash_operator' retrieved from /home/airflow/.local/lib/python3.12/site-packages/airflow/example_dags/example_bash_operator.py
[2024-05-05T15:46:03.816+0000] {logging_mixin.py:188} INFO - [2024-05-05T15:46:03.816+0000] {dag.py:3096} INFO - Sync 1 DAGs
[2024-05-05T15:46:03.843+0000] {logging_mixin.py:188} INFO - [2024-05-05T15:46:03.843+0000] {dag.py:3954} INFO - Setting next_dagrun for example_bash_operator to 2024-05-04 00:00:00+00:00, run_after=2024-05-05 00:00:00+00:00
[2024-05-05T15:46:03.872+0000] {processor.py:183} INFO - Processing /home/airflow/.local/lib/python3.12/site-packages/airflow/example_dags/example_bash_operator.py took 0.111 seconds
[2024-05-05T15:46:33.914+0000] {processor.py:161} INFO - Started process (PID=1554) to work on /home/airflow/.local/lib/python3.12/site-packages/airflow/example_dags/example_bash_operator.py
[2024-05-05T15:46:33.915+0000] {processor.py:830} INFO - Processing file /home/airflow/.local/lib/python3.12/site-packages/airflow/example_dags/example_bash_operator.py for tasks to queue
[2024-05-05T15:46:33.917+0000] {logging_mixin.py:188} INFO - [2024-05-05T15:46:33.916+0000] {dagbag.py:540} INFO - Filling up the DagBag from /home/airflow/.local/lib/python3.12/site-packages/airflow/example_dags/example_bash_operator.py
[2024-05-05T15:46:33.932+0000] {processor.py:840} INFO - DAG(s) 'example_bash_operator' retrieved from /home/airflow/.local/lib/python3.12/site-packages/airflow/example_dags/example_bash_operator.py
[2024-05-05T15:46:33.967+0000] {logging_mixin.py:188} INFO - [2024-05-05T15:46:33.967+0000] {dag.py:3096} INFO - Sync 1 DAGs
[2024-05-05T15:46:33.995+0000] {logging_mixin.py:188} INFO - [2024-05-05T15:46:33.995+0000] {dag.py:3954} INFO - Setting next_dagrun for example_bash_operator to 2024-05-04 00:00:00+00:00, run_after=2024-05-05 00:00:00+00:00
[2024-05-05T15:46:34.016+0000] {processor.py:183} INFO - Processing /home/airflow/.local/lib/python3.12/site-packages/airflow/example_dags/example_bash_operator.py took 0.109 seconds
[2024-05-05T15:47:04.296+0000] {processor.py:161} INFO - Started process (PID=1611) to work on /home/airflow/.local/lib/python3.12/site-packages/airflow/example_dags/example_bash_operator.py
[2024-05-05T15:47:04.297+0000] {processor.py:830} INFO - Processing file /home/airflow/.local/lib/python3.12/site-packages/airflow/example_dags/example_bash_operator.py for tasks to queue
[2024-05-05T15:47:04.299+0000] {logging_mixin.py:188} INFO - [2024-05-05T15:47:04.299+0000] {dagbag.py:540} INFO - Filling up the DagBag from /home/airflow/.local/lib/python3.12/site-packages/airflow/example_dags/example_bash_operator.py
[2024-05-05T15:47:04.317+0000] {processor.py:840} INFO - DAG(s) 'example_bash_operator' retrieved from /home/airflow/.local/lib/python3.12/site-packages/airflow/example_dags/example_bash_operator.py
[2024-05-05T15:47:04.349+0000] {logging_mixin.py:188} INFO - [2024-05-05T15:47:04.349+0000] {dag.py:3096} INFO - Sync 1 DAGs
[2024-05-05T15:47:04.383+0000] {logging_mixin.py:188} INFO - [2024-05-05T15:47:04.382+0000] {dag.py:3954} INFO - Setting next_dagrun for example_bash_operator to 2024-05-04 00:00:00+00:00, run_after=2024-05-05 00:00:00+00:00
[2024-05-05T15:47:04.407+0000] {processor.py:183} INFO - Processing /home/airflow/.local/lib/python3.12/site-packages/airflow/example_dags/example_bash_operator.py took 0.118 seconds
[2024-05-05T15:47:34.655+0000] {processor.py:161} INFO - Started process (PID=1669) to work on /home/airflow/.local/lib/python3.12/site-packages/airflow/example_dags/example_bash_operator.py
[2024-05-05T15:47:34.656+0000] {processor.py:830} INFO - Processing file /home/airflow/.local/lib/python3.12/site-packages/airflow/example_dags/example_bash_operator.py for tasks to queue
[2024-05-05T15:47:34.658+0000] {logging_mixin.py:188} INFO - [2024-05-05T15:47:34.657+0000] {dagbag.py:540} INFO - Filling up the DagBag from /home/airflow/.local/lib/python3.12/site-packages/airflow/example_dags/example_bash_operator.py
[2024-05-05T15:47:34.672+0000] {processor.py:840} INFO - DAG(s) 'example_bash_operator' retrieved from /home/airflow/.local/lib/python3.12/site-packages/airflow/example_dags/example_bash_operator.py
[2024-05-05T15:47:34.704+0000] {logging_mixin.py:188} INFO - [2024-05-05T15:47:34.704+0000] {dag.py:3096} INFO - Sync 1 DAGs
[2024-05-05T15:47:34.734+0000] {logging_mixin.py:188} INFO - [2024-05-05T15:47:34.734+0000] {dag.py:3954} INFO - Setting next_dagrun for example_bash_operator to 2024-05-04 00:00:00+00:00, run_after=2024-05-05 00:00:00+00:00
[2024-05-05T15:47:34.760+0000] {processor.py:183} INFO - Processing /home/airflow/.local/lib/python3.12/site-packages/airflow/example_dags/example_bash_operator.py took 0.112 seconds
[2024-05-05T15:48:07.273+0000] {processor.py:161} INFO - Started process (PID=1728) to work on /home/airflow/.local/lib/python3.12/site-packages/airflow/example_dags/example_bash_operator.py
[2024-05-05T15:48:07.284+0000] {processor.py:830} INFO - Processing file /home/airflow/.local/lib/python3.12/site-packages/airflow/example_dags/example_bash_operator.py for tasks to queue
[2024-05-05T15:48:07.290+0000] {logging_mixin.py:188} INFO - [2024-05-05T15:48:07.290+0000] {dagbag.py:540} INFO - Filling up the DagBag from /home/airflow/.local/lib/python3.12/site-packages/airflow/example_dags/example_bash_operator.py
[2024-05-05T15:48:07.341+0000] {processor.py:840} INFO - DAG(s) 'example_bash_operator' retrieved from /home/airflow/.local/lib/python3.12/site-packages/airflow/example_dags/example_bash_operator.py
[2024-05-05T15:48:07.461+0000] {logging_mixin.py:188} INFO - [2024-05-05T15:48:07.461+0000] {dag.py:3096} INFO - Sync 1 DAGs
[2024-05-05T15:48:07.632+0000] {logging_mixin.py:188} INFO - [2024-05-05T15:48:07.631+0000] {dag.py:3954} INFO - Setting next_dagrun for example_bash_operator to 2024-05-04 00:00:00+00:00, run_after=2024-05-05 00:00:00+00:00
[2024-05-05T15:48:07.751+0000] {processor.py:183} INFO - Processing /home/airflow/.local/lib/python3.12/site-packages/airflow/example_dags/example_bash_operator.py took 0.528 seconds
[2024-05-05T15:48:38.711+0000] {processor.py:161} INFO - Started process (PID=1788) to work on /home/airflow/.local/lib/python3.12/site-packages/airflow/example_dags/example_bash_operator.py
[2024-05-05T15:48:38.712+0000] {processor.py:830} INFO - Processing file /home/airflow/.local/lib/python3.12/site-packages/airflow/example_dags/example_bash_operator.py for tasks to queue
[2024-05-05T15:48:38.714+0000] {logging_mixin.py:188} INFO - [2024-05-05T15:48:38.714+0000] {dagbag.py:540} INFO - Filling up the DagBag from /home/airflow/.local/lib/python3.12/site-packages/airflow/example_dags/example_bash_operator.py
[2024-05-05T15:48:38.729+0000] {processor.py:840} INFO - DAG(s) 'example_bash_operator' retrieved from /home/airflow/.local/lib/python3.12/site-packages/airflow/example_dags/example_bash_operator.py
[2024-05-05T15:48:38.780+0000] {logging_mixin.py:188} INFO - [2024-05-05T15:48:38.779+0000] {dag.py:3096} INFO - Sync 1 DAGs
[2024-05-05T15:48:38.823+0000] {logging_mixin.py:188} INFO - [2024-05-05T15:48:38.822+0000] {dag.py:3954} INFO - Setting next_dagrun for example_bash_operator to 2024-05-04 00:00:00+00:00, run_after=2024-05-05 00:00:00+00:00
[2024-05-05T15:48:38.874+0000] {processor.py:183} INFO - Processing /home/airflow/.local/lib/python3.12/site-packages/airflow/example_dags/example_bash_operator.py took 0.170 seconds
[2024-05-05T15:49:09.502+0000] {processor.py:161} INFO - Started process (PID=1847) to work on /home/airflow/.local/lib/python3.12/site-packages/airflow/example_dags/example_bash_operator.py
[2024-05-05T15:49:09.504+0000] {processor.py:830} INFO - Processing file /home/airflow/.local/lib/python3.12/site-packages/airflow/example_dags/example_bash_operator.py for tasks to queue
[2024-05-05T15:49:09.506+0000] {logging_mixin.py:188} INFO - [2024-05-05T15:49:09.506+0000] {dagbag.py:540} INFO - Filling up the DagBag from /home/airflow/.local/lib/python3.12/site-packages/airflow/example_dags/example_bash_operator.py
[2024-05-05T15:49:09.521+0000] {processor.py:840} INFO - DAG(s) 'example_bash_operator' retrieved from /home/airflow/.local/lib/python3.12/site-packages/airflow/example_dags/example_bash_operator.py
[2024-05-05T15:49:09.560+0000] {logging_mixin.py:188} INFO - [2024-05-05T15:49:09.560+0000] {dag.py:3096} INFO - Sync 1 DAGs
[2024-05-05T15:49:09.588+0000] {logging_mixin.py:188} INFO - [2024-05-05T15:49:09.588+0000] {dag.py:3954} INFO - Setting next_dagrun for example_bash_operator to 2024-05-04 00:00:00+00:00, run_after=2024-05-05 00:00:00+00:00
[2024-05-05T15:49:09.611+0000] {processor.py:183} INFO - Processing /home/airflow/.local/lib/python3.12/site-packages/airflow/example_dags/example_bash_operator.py took 0.116 seconds
[2024-05-05T15:49:40.277+0000] {processor.py:161} INFO - Started process (PID=1906) to work on /home/airflow/.local/lib/python3.12/site-packages/airflow/example_dags/example_bash_operator.py
[2024-05-05T15:49:40.278+0000] {processor.py:830} INFO - Processing file /home/airflow/.local/lib/python3.12/site-packages/airflow/example_dags/example_bash_operator.py for tasks to queue
[2024-05-05T15:49:40.280+0000] {logging_mixin.py:188} INFO - [2024-05-05T15:49:40.279+0000] {dagbag.py:540} INFO - Filling up the DagBag from /home/airflow/.local/lib/python3.12/site-packages/airflow/example_dags/example_bash_operator.py
[2024-05-05T15:49:40.293+0000] {processor.py:840} INFO - DAG(s) 'example_bash_operator' retrieved from /home/airflow/.local/lib/python3.12/site-packages/airflow/example_dags/example_bash_operator.py
[2024-05-05T15:49:40.329+0000] {logging_mixin.py:188} INFO - [2024-05-05T15:49:40.329+0000] {dag.py:3096} INFO - Sync 1 DAGs
[2024-05-05T15:49:40.357+0000] {logging_mixin.py:188} INFO - [2024-05-05T15:49:40.356+0000] {dag.py:3954} INFO - Setting next_dagrun for example_bash_operator to 2024-05-04 00:00:00+00:00, run_after=2024-05-05 00:00:00+00:00
[2024-05-05T15:49:40.384+0000] {processor.py:183} INFO - Processing /home/airflow/.local/lib/python3.12/site-packages/airflow/example_dags/example_bash_operator.py took 0.113 seconds
[2024-05-05T15:50:10.821+0000] {processor.py:161} INFO - Started process (PID=1965) to work on /home/airflow/.local/lib/python3.12/site-packages/airflow/example_dags/example_bash_operator.py
[2024-05-05T15:50:10.826+0000] {processor.py:830} INFO - Processing file /home/airflow/.local/lib/python3.12/site-packages/airflow/example_dags/example_bash_operator.py for tasks to queue
[2024-05-05T15:50:10.828+0000] {logging_mixin.py:188} INFO - [2024-05-05T15:50:10.828+0000] {dagbag.py:540} INFO - Filling up the DagBag from /home/airflow/.local/lib/python3.12/site-packages/airflow/example_dags/example_bash_operator.py
[2024-05-05T15:50:10.846+0000] {processor.py:840} INFO - DAG(s) 'example_bash_operator' retrieved from /home/airflow/.local/lib/python3.12/site-packages/airflow/example_dags/example_bash_operator.py
[2024-05-05T15:50:10.906+0000] {logging_mixin.py:188} INFO - [2024-05-05T15:50:10.906+0000] {dag.py:3096} INFO - Sync 1 DAGs
[2024-05-05T15:50:10.950+0000] {logging_mixin.py:188} INFO - [2024-05-05T15:50:10.950+0000] {dag.py:3954} INFO - Setting next_dagrun for example_bash_operator to 2024-05-04 00:00:00+00:00, run_after=2024-05-05 00:00:00+00:00
[2024-05-05T15:50:10.989+0000] {processor.py:183} INFO - Processing /home/airflow/.local/lib/python3.12/site-packages/airflow/example_dags/example_bash_operator.py took 0.182 seconds
[2024-05-05T15:50:41.728+0000] {processor.py:161} INFO - Started process (PID=2024) to work on /home/airflow/.local/lib/python3.12/site-packages/airflow/example_dags/example_bash_operator.py
[2024-05-05T15:50:41.731+0000] {processor.py:830} INFO - Processing file /home/airflow/.local/lib/python3.12/site-packages/airflow/example_dags/example_bash_operator.py for tasks to queue
[2024-05-05T15:50:41.732+0000] {logging_mixin.py:188} INFO - [2024-05-05T15:50:41.732+0000] {dagbag.py:540} INFO - Filling up the DagBag from /home/airflow/.local/lib/python3.12/site-packages/airflow/example_dags/example_bash_operator.py
[2024-05-05T15:50:41.746+0000] {processor.py:840} INFO - DAG(s) 'example_bash_operator' retrieved from /home/airflow/.local/lib/python3.12/site-packages/airflow/example_dags/example_bash_operator.py
[2024-05-05T15:50:41.782+0000] {logging_mixin.py:188} INFO - [2024-05-05T15:50:41.781+0000] {dag.py:3096} INFO - Sync 1 DAGs
[2024-05-05T15:50:41.812+0000] {logging_mixin.py:188} INFO - [2024-05-05T15:50:41.812+0000] {dag.py:3954} INFO - Setting next_dagrun for example_bash_operator to 2024-05-04 00:00:00+00:00, run_after=2024-05-05 00:00:00+00:00
[2024-05-05T15:50:41.839+0000] {processor.py:183} INFO - Processing /home/airflow/.local/lib/python3.12/site-packages/airflow/example_dags/example_bash_operator.py took 0.116 seconds
[2024-05-05T15:51:12.418+0000] {processor.py:161} INFO - Started process (PID=2082) to work on /home/airflow/.local/lib/python3.12/site-packages/airflow/example_dags/example_bash_operator.py
[2024-05-05T15:51:12.419+0000] {processor.py:830} INFO - Processing file /home/airflow/.local/lib/python3.12/site-packages/airflow/example_dags/example_bash_operator.py for tasks to queue
[2024-05-05T15:51:12.420+0000] {logging_mixin.py:188} INFO - [2024-05-05T15:51:12.420+0000] {dagbag.py:540} INFO - Filling up the DagBag from /home/airflow/.local/lib/python3.12/site-packages/airflow/example_dags/example_bash_operator.py
[2024-05-05T15:51:12.429+0000] {processor.py:840} INFO - DAG(s) 'example_bash_operator' retrieved from /home/airflow/.local/lib/python3.12/site-packages/airflow/example_dags/example_bash_operator.py
[2024-05-05T15:51:12.453+0000] {logging_mixin.py:188} INFO - [2024-05-05T15:51:12.453+0000] {dag.py:3096} INFO - Sync 1 DAGs
[2024-05-05T15:51:12.472+0000] {logging_mixin.py:188} INFO - [2024-05-05T15:51:12.471+0000] {dag.py:3954} INFO - Setting next_dagrun for example_bash_operator to 2024-05-04 00:00:00+00:00, run_after=2024-05-05 00:00:00+00:00
[2024-05-05T15:51:12.493+0000] {processor.py:183} INFO - Processing /home/airflow/.local/lib/python3.12/site-packages/airflow/example_dags/example_bash_operator.py took 0.080 seconds
[2024-05-05T15:51:42.828+0000] {processor.py:161} INFO - Started process (PID=2141) to work on /home/airflow/.local/lib/python3.12/site-packages/airflow/example_dags/example_bash_operator.py
[2024-05-05T15:51:42.829+0000] {processor.py:830} INFO - Processing file /home/airflow/.local/lib/python3.12/site-packages/airflow/example_dags/example_bash_operator.py for tasks to queue
[2024-05-05T15:51:42.830+0000] {logging_mixin.py:188} INFO - [2024-05-05T15:51:42.830+0000] {dagbag.py:540} INFO - Filling up the DagBag from /home/airflow/.local/lib/python3.12/site-packages/airflow/example_dags/example_bash_operator.py
[2024-05-05T15:51:42.840+0000] {processor.py:840} INFO - DAG(s) 'example_bash_operator' retrieved from /home/airflow/.local/lib/python3.12/site-packages/airflow/example_dags/example_bash_operator.py
[2024-05-05T15:51:42.864+0000] {logging_mixin.py:188} INFO - [2024-05-05T15:51:42.864+0000] {dag.py:3096} INFO - Sync 1 DAGs
[2024-05-05T15:51:42.882+0000] {logging_mixin.py:188} INFO - [2024-05-05T15:51:42.882+0000] {dag.py:3954} INFO - Setting next_dagrun for example_bash_operator to 2024-05-04 00:00:00+00:00, run_after=2024-05-05 00:00:00+00:00
[2024-05-05T15:51:42.904+0000] {processor.py:183} INFO - Processing /home/airflow/.local/lib/python3.12/site-packages/airflow/example_dags/example_bash_operator.py took 0.081 seconds
[2024-05-05T15:52:13.134+0000] {processor.py:161} INFO - Started process (PID=2201) to work on /home/airflow/.local/lib/python3.12/site-packages/airflow/example_dags/example_bash_operator.py
[2024-05-05T15:52:13.134+0000] {processor.py:830} INFO - Processing file /home/airflow/.local/lib/python3.12/site-packages/airflow/example_dags/example_bash_operator.py for tasks to queue
[2024-05-05T15:52:13.135+0000] {logging_mixin.py:188} INFO - [2024-05-05T15:52:13.135+0000] {dagbag.py:540} INFO - Filling up the DagBag from /home/airflow/.local/lib/python3.12/site-packages/airflow/example_dags/example_bash_operator.py
[2024-05-05T15:52:13.147+0000] {processor.py:840} INFO - DAG(s) 'example_bash_operator' retrieved from /home/airflow/.local/lib/python3.12/site-packages/airflow/example_dags/example_bash_operator.py
[2024-05-05T15:52:13.170+0000] {logging_mixin.py:188} INFO - [2024-05-05T15:52:13.169+0000] {dag.py:3096} INFO - Sync 1 DAGs
[2024-05-05T15:52:13.188+0000] {logging_mixin.py:188} INFO - [2024-05-05T15:52:13.188+0000] {dag.py:3954} INFO - Setting next_dagrun for example_bash_operator to 2024-05-04 00:00:00+00:00, run_after=2024-05-05 00:00:00+00:00
[2024-05-05T15:52:13.208+0000] {processor.py:183} INFO - Processing /home/airflow/.local/lib/python3.12/site-packages/airflow/example_dags/example_bash_operator.py took 0.079 seconds
[2024-05-05T15:52:44.119+0000] {processor.py:161} INFO - Started process (PID=2260) to work on /home/airflow/.local/lib/python3.12/site-packages/airflow/example_dags/example_bash_operator.py
[2024-05-05T15:52:44.125+0000] {processor.py:830} INFO - Processing file /home/airflow/.local/lib/python3.12/site-packages/airflow/example_dags/example_bash_operator.py for tasks to queue
[2024-05-05T15:52:44.129+0000] {logging_mixin.py:188} INFO - [2024-05-05T15:52:44.129+0000] {dagbag.py:540} INFO - Filling up the DagBag from /home/airflow/.local/lib/python3.12/site-packages/airflow/example_dags/example_bash_operator.py
[2024-05-05T15:52:44.189+0000] {processor.py:840} INFO - DAG(s) 'example_bash_operator' retrieved from /home/airflow/.local/lib/python3.12/site-packages/airflow/example_dags/example_bash_operator.py
[2024-05-05T15:52:44.284+0000] {logging_mixin.py:188} INFO - [2024-05-05T15:52:44.284+0000] {dag.py:3096} INFO - Sync 1 DAGs
[2024-05-05T15:52:44.435+0000] {logging_mixin.py:188} INFO - [2024-05-05T15:52:44.435+0000] {dag.py:3954} INFO - Setting next_dagrun for example_bash_operator to 2024-05-04 00:00:00+00:00, run_after=2024-05-05 00:00:00+00:00
[2024-05-05T15:52:44.513+0000] {processor.py:183} INFO - Processing /home/airflow/.local/lib/python3.12/site-packages/airflow/example_dags/example_bash_operator.py took 0.418 seconds
[2024-05-05T15:53:15.032+0000] {processor.py:161} INFO - Started process (PID=2320) to work on /home/airflow/.local/lib/python3.12/site-packages/airflow/example_dags/example_bash_operator.py
[2024-05-05T15:53:15.032+0000] {processor.py:830} INFO - Processing file /home/airflow/.local/lib/python3.12/site-packages/airflow/example_dags/example_bash_operator.py for tasks to queue
[2024-05-05T15:53:15.034+0000] {logging_mixin.py:188} INFO - [2024-05-05T15:53:15.033+0000] {dagbag.py:540} INFO - Filling up the DagBag from /home/airflow/.local/lib/python3.12/site-packages/airflow/example_dags/example_bash_operator.py
[2024-05-05T15:53:15.044+0000] {processor.py:840} INFO - DAG(s) 'example_bash_operator' retrieved from /home/airflow/.local/lib/python3.12/site-packages/airflow/example_dags/example_bash_operator.py
[2024-05-05T15:53:15.068+0000] {logging_mixin.py:188} INFO - [2024-05-05T15:53:15.067+0000] {dag.py:3096} INFO - Sync 1 DAGs
[2024-05-05T15:53:15.087+0000] {logging_mixin.py:188} INFO - [2024-05-05T15:53:15.087+0000] {dag.py:3954} INFO - Setting next_dagrun for example_bash_operator to 2024-05-04 00:00:00+00:00, run_after=2024-05-05 00:00:00+00:00
[2024-05-05T15:53:15.112+0000] {processor.py:183} INFO - Processing /home/airflow/.local/lib/python3.12/site-packages/airflow/example_dags/example_bash_operator.py took 0.085 seconds
[2024-05-05T15:53:45.444+0000] {processor.py:161} INFO - Started process (PID=2380) to work on /home/airflow/.local/lib/python3.12/site-packages/airflow/example_dags/example_bash_operator.py
[2024-05-05T15:53:45.445+0000] {processor.py:830} INFO - Processing file /home/airflow/.local/lib/python3.12/site-packages/airflow/example_dags/example_bash_operator.py for tasks to queue
[2024-05-05T15:53:45.447+0000] {logging_mixin.py:188} INFO - [2024-05-05T15:53:45.446+0000] {dagbag.py:540} INFO - Filling up the DagBag from /home/airflow/.local/lib/python3.12/site-packages/airflow/example_dags/example_bash_operator.py
[2024-05-05T15:53:45.456+0000] {processor.py:840} INFO - DAG(s) 'example_bash_operator' retrieved from /home/airflow/.local/lib/python3.12/site-packages/airflow/example_dags/example_bash_operator.py
[2024-05-05T15:53:45.480+0000] {logging_mixin.py:188} INFO - [2024-05-05T15:53:45.480+0000] {dag.py:3096} INFO - Sync 1 DAGs
[2024-05-05T15:53:45.500+0000] {logging_mixin.py:188} INFO - [2024-05-05T15:53:45.500+0000] {dag.py:3954} INFO - Setting next_dagrun for example_bash_operator to 2024-05-04 00:00:00+00:00, run_after=2024-05-05 00:00:00+00:00
[2024-05-05T15:53:45.521+0000] {processor.py:183} INFO - Processing /home/airflow/.local/lib/python3.12/site-packages/airflow/example_dags/example_bash_operator.py took 0.082 seconds
[2024-05-05T15:54:16.359+0000] {processor.py:161} INFO - Started process (PID=2440) to work on /home/airflow/.local/lib/python3.12/site-packages/airflow/example_dags/example_bash_operator.py
[2024-05-05T15:54:16.360+0000] {processor.py:830} INFO - Processing file /home/airflow/.local/lib/python3.12/site-packages/airflow/example_dags/example_bash_operator.py for tasks to queue
[2024-05-05T15:54:16.361+0000] {logging_mixin.py:188} INFO - [2024-05-05T15:54:16.361+0000] {dagbag.py:540} INFO - Filling up the DagBag from /home/airflow/.local/lib/python3.12/site-packages/airflow/example_dags/example_bash_operator.py
[2024-05-05T15:54:16.371+0000] {processor.py:840} INFO - DAG(s) 'example_bash_operator' retrieved from /home/airflow/.local/lib/python3.12/site-packages/airflow/example_dags/example_bash_operator.py
[2024-05-05T15:54:16.394+0000] {logging_mixin.py:188} INFO - [2024-05-05T15:54:16.394+0000] {dag.py:3096} INFO - Sync 1 DAGs
[2024-05-05T15:54:16.415+0000] {logging_mixin.py:188} INFO - [2024-05-05T15:54:16.414+0000] {dag.py:3954} INFO - Setting next_dagrun for example_bash_operator to 2024-05-04 00:00:00+00:00, run_after=2024-05-05 00:00:00+00:00
[2024-05-05T15:54:16.439+0000] {processor.py:183} INFO - Processing /home/airflow/.local/lib/python3.12/site-packages/airflow/example_dags/example_bash_operator.py took 0.084 seconds
[2024-05-05T15:54:46.906+0000] {processor.py:161} INFO - Started process (PID=2500) to work on /home/airflow/.local/lib/python3.12/site-packages/airflow/example_dags/example_bash_operator.py
[2024-05-05T15:54:46.907+0000] {processor.py:830} INFO - Processing file /home/airflow/.local/lib/python3.12/site-packages/airflow/example_dags/example_bash_operator.py for tasks to queue
[2024-05-05T15:54:46.909+0000] {logging_mixin.py:188} INFO - [2024-05-05T15:54:46.908+0000] {dagbag.py:540} INFO - Filling up the DagBag from /home/airflow/.local/lib/python3.12/site-packages/airflow/example_dags/example_bash_operator.py
[2024-05-05T15:54:46.919+0000] {processor.py:840} INFO - DAG(s) 'example_bash_operator' retrieved from /home/airflow/.local/lib/python3.12/site-packages/airflow/example_dags/example_bash_operator.py
[2024-05-05T15:54:46.944+0000] {logging_mixin.py:188} INFO - [2024-05-05T15:54:46.944+0000] {dag.py:3096} INFO - Sync 1 DAGs
[2024-05-05T15:54:46.964+0000] {logging_mixin.py:188} INFO - [2024-05-05T15:54:46.964+0000] {dag.py:3954} INFO - Setting next_dagrun for example_bash_operator to 2024-05-04 00:00:00+00:00, run_after=2024-05-05 00:00:00+00:00
[2024-05-05T15:54:46.984+0000] {processor.py:183} INFO - Processing /home/airflow/.local/lib/python3.12/site-packages/airflow/example_dags/example_bash_operator.py took 0.083 seconds
[2024-05-05T15:55:17.615+0000] {processor.py:161} INFO - Started process (PID=2560) to work on /home/airflow/.local/lib/python3.12/site-packages/airflow/example_dags/example_bash_operator.py
[2024-05-05T15:55:17.616+0000] {processor.py:830} INFO - Processing file /home/airflow/.local/lib/python3.12/site-packages/airflow/example_dags/example_bash_operator.py for tasks to queue
[2024-05-05T15:55:17.618+0000] {logging_mixin.py:188} INFO - [2024-05-05T15:55:17.617+0000] {dagbag.py:540} INFO - Filling up the DagBag from /home/airflow/.local/lib/python3.12/site-packages/airflow/example_dags/example_bash_operator.py
[2024-05-05T15:55:17.633+0000] {processor.py:840} INFO - DAG(s) 'example_bash_operator' retrieved from /home/airflow/.local/lib/python3.12/site-packages/airflow/example_dags/example_bash_operator.py
[2024-05-05T15:55:17.677+0000] {logging_mixin.py:188} INFO - [2024-05-05T15:55:17.677+0000] {dag.py:3096} INFO - Sync 1 DAGs
[2024-05-05T15:55:17.798+0000] {logging_mixin.py:188} INFO - [2024-05-05T15:55:17.798+0000] {dag.py:3954} INFO - Setting next_dagrun for example_bash_operator to 2024-05-04 00:00:00+00:00, run_after=2024-05-05 00:00:00+00:00
[2024-05-05T15:55:17.859+0000] {processor.py:183} INFO - Processing /home/airflow/.local/lib/python3.12/site-packages/airflow/example_dags/example_bash_operator.py took 0.250 seconds
[2024-05-05T15:55:48.974+0000] {processor.py:161} INFO - Started process (PID=2620) to work on /home/airflow/.local/lib/python3.12/site-packages/airflow/example_dags/example_bash_operator.py
[2024-05-05T15:55:48.976+0000] {processor.py:830} INFO - Processing file /home/airflow/.local/lib/python3.12/site-packages/airflow/example_dags/example_bash_operator.py for tasks to queue
[2024-05-05T15:55:48.982+0000] {logging_mixin.py:188} INFO - [2024-05-05T15:55:48.980+0000] {dagbag.py:540} INFO - Filling up the DagBag from /home/airflow/.local/lib/python3.12/site-packages/airflow/example_dags/example_bash_operator.py
[2024-05-05T15:55:49.037+0000] {processor.py:840} INFO - DAG(s) 'example_bash_operator' retrieved from /home/airflow/.local/lib/python3.12/site-packages/airflow/example_dags/example_bash_operator.py
[2024-05-05T15:55:49.103+0000] {logging_mixin.py:188} INFO - [2024-05-05T15:55:49.102+0000] {dag.py:3096} INFO - Sync 1 DAGs
[2024-05-05T15:55:49.132+0000] {logging_mixin.py:188} INFO - [2024-05-05T15:55:49.132+0000] {dag.py:3954} INFO - Setting next_dagrun for example_bash_operator to 2024-05-04 00:00:00+00:00, run_after=2024-05-05 00:00:00+00:00
[2024-05-05T15:55:49.159+0000] {processor.py:183} INFO - Processing /home/airflow/.local/lib/python3.12/site-packages/airflow/example_dags/example_bash_operator.py took 0.233 seconds
[2024-05-05T15:56:19.480+0000] {processor.py:161} INFO - Started process (PID=2680) to work on /home/airflow/.local/lib/python3.12/site-packages/airflow/example_dags/example_bash_operator.py
[2024-05-05T15:56:19.480+0000] {processor.py:830} INFO - Processing file /home/airflow/.local/lib/python3.12/site-packages/airflow/example_dags/example_bash_operator.py for tasks to queue
[2024-05-05T15:56:19.482+0000] {logging_mixin.py:188} INFO - [2024-05-05T15:56:19.482+0000] {dagbag.py:540} INFO - Filling up the DagBag from /home/airflow/.local/lib/python3.12/site-packages/airflow/example_dags/example_bash_operator.py
[2024-05-05T15:56:19.538+0000] {processor.py:840} INFO - DAG(s) 'example_bash_operator' retrieved from /home/airflow/.local/lib/python3.12/site-packages/airflow/example_dags/example_bash_operator.py
[2024-05-05T15:56:19.685+0000] {logging_mixin.py:188} INFO - [2024-05-05T15:56:19.684+0000] {dag.py:3096} INFO - Sync 1 DAGs
[2024-05-05T15:56:19.759+0000] {logging_mixin.py:188} INFO - [2024-05-05T15:56:19.759+0000] {dag.py:3954} INFO - Setting next_dagrun for example_bash_operator to 2024-05-04 00:00:00+00:00, run_after=2024-05-05 00:00:00+00:00
[2024-05-05T15:56:19.828+0000] {processor.py:183} INFO - Processing /home/airflow/.local/lib/python3.12/site-packages/airflow/example_dags/example_bash_operator.py took 0.375 seconds
[2024-05-05T15:56:50.508+0000] {processor.py:161} INFO - Started process (PID=2740) to work on /home/airflow/.local/lib/python3.12/site-packages/airflow/example_dags/example_bash_operator.py
[2024-05-05T15:56:50.518+0000] {processor.py:830} INFO - Processing file /home/airflow/.local/lib/python3.12/site-packages/airflow/example_dags/example_bash_operator.py for tasks to queue
[2024-05-05T15:56:50.520+0000] {logging_mixin.py:188} INFO - [2024-05-05T15:56:50.520+0000] {dagbag.py:540} INFO - Filling up the DagBag from /home/airflow/.local/lib/python3.12/site-packages/airflow/example_dags/example_bash_operator.py
[2024-05-05T15:56:50.542+0000] {processor.py:840} INFO - DAG(s) 'example_bash_operator' retrieved from /home/airflow/.local/lib/python3.12/site-packages/airflow/example_dags/example_bash_operator.py
[2024-05-05T15:56:50.616+0000] {logging_mixin.py:188} INFO - [2024-05-05T15:56:50.614+0000] {dag.py:3096} INFO - Sync 1 DAGs
[2024-05-05T15:56:50.701+0000] {logging_mixin.py:188} INFO - [2024-05-05T15:56:50.701+0000] {dag.py:3954} INFO - Setting next_dagrun for example_bash_operator to 2024-05-04 00:00:00+00:00, run_after=2024-05-05 00:00:00+00:00
[2024-05-05T15:56:50.773+0000] {processor.py:183} INFO - Processing /home/airflow/.local/lib/python3.12/site-packages/airflow/example_dags/example_bash_operator.py took 0.274 seconds
[2024-05-05T15:57:21.061+0000] {processor.py:161} INFO - Started process (PID=2800) to work on /home/airflow/.local/lib/python3.12/site-packages/airflow/example_dags/example_bash_operator.py
[2024-05-05T15:57:21.062+0000] {processor.py:830} INFO - Processing file /home/airflow/.local/lib/python3.12/site-packages/airflow/example_dags/example_bash_operator.py for tasks to queue
[2024-05-05T15:57:21.064+0000] {logging_mixin.py:188} INFO - [2024-05-05T15:57:21.063+0000] {dagbag.py:540} INFO - Filling up the DagBag from /home/airflow/.local/lib/python3.12/site-packages/airflow/example_dags/example_bash_operator.py
[2024-05-05T15:57:21.079+0000] {processor.py:840} INFO - DAG(s) 'example_bash_operator' retrieved from /home/airflow/.local/lib/python3.12/site-packages/airflow/example_dags/example_bash_operator.py
[2024-05-05T15:57:21.113+0000] {logging_mixin.py:188} INFO - [2024-05-05T15:57:21.112+0000] {dag.py:3096} INFO - Sync 1 DAGs
[2024-05-05T15:57:21.141+0000] {logging_mixin.py:188} INFO - [2024-05-05T15:57:21.141+0000] {dag.py:3954} INFO - Setting next_dagrun for example_bash_operator to 2024-05-04 00:00:00+00:00, run_after=2024-05-05 00:00:00+00:00
[2024-05-05T15:57:21.170+0000] {processor.py:183} INFO - Processing /home/airflow/.local/lib/python3.12/site-packages/airflow/example_dags/example_bash_operator.py took 0.117 seconds
[2024-05-05T15:57:51.387+0000] {processor.py:161} INFO - Started process (PID=2860) to work on /home/airflow/.local/lib/python3.12/site-packages/airflow/example_dags/example_bash_operator.py
[2024-05-05T15:57:51.388+0000] {processor.py:830} INFO - Processing file /home/airflow/.local/lib/python3.12/site-packages/airflow/example_dags/example_bash_operator.py for tasks to queue
[2024-05-05T15:57:51.390+0000] {logging_mixin.py:188} INFO - [2024-05-05T15:57:51.389+0000] {dagbag.py:540} INFO - Filling up the DagBag from /home/airflow/.local/lib/python3.12/site-packages/airflow/example_dags/example_bash_operator.py
[2024-05-05T15:57:51.408+0000] {processor.py:840} INFO - DAG(s) 'example_bash_operator' retrieved from /home/airflow/.local/lib/python3.12/site-packages/airflow/example_dags/example_bash_operator.py
[2024-05-05T15:57:51.443+0000] {logging_mixin.py:188} INFO - [2024-05-05T15:57:51.443+0000] {dag.py:3096} INFO - Sync 1 DAGs
[2024-05-05T15:57:51.482+0000] {logging_mixin.py:188} INFO - [2024-05-05T15:57:51.482+0000] {dag.py:3954} INFO - Setting next_dagrun for example_bash_operator to 2024-05-04 00:00:00+00:00, run_after=2024-05-05 00:00:00+00:00
[2024-05-05T15:57:51.503+0000] {processor.py:183} INFO - Processing /home/airflow/.local/lib/python3.12/site-packages/airflow/example_dags/example_bash_operator.py took 0.128 seconds
[2024-05-05T15:58:22.015+0000] {processor.py:161} INFO - Started process (PID=2923) to work on /home/airflow/.local/lib/python3.12/site-packages/airflow/example_dags/example_bash_operator.py
[2024-05-05T15:58:22.016+0000] {processor.py:830} INFO - Processing file /home/airflow/.local/lib/python3.12/site-packages/airflow/example_dags/example_bash_operator.py for tasks to queue
[2024-05-05T15:58:22.018+0000] {logging_mixin.py:188} INFO - [2024-05-05T15:58:22.018+0000] {dagbag.py:540} INFO - Filling up the DagBag from /home/airflow/.local/lib/python3.12/site-packages/airflow/example_dags/example_bash_operator.py
[2024-05-05T15:58:22.032+0000] {processor.py:840} INFO - DAG(s) 'example_bash_operator' retrieved from /home/airflow/.local/lib/python3.12/site-packages/airflow/example_dags/example_bash_operator.py
[2024-05-05T15:58:22.070+0000] {logging_mixin.py:188} INFO - [2024-05-05T15:58:22.070+0000] {dag.py:3096} INFO - Sync 1 DAGs
[2024-05-05T15:58:22.108+0000] {logging_mixin.py:188} INFO - [2024-05-05T15:58:22.108+0000] {dag.py:3954} INFO - Setting next_dagrun for example_bash_operator to 2024-05-04 00:00:00+00:00, run_after=2024-05-05 00:00:00+00:00
[2024-05-05T15:58:22.146+0000] {processor.py:183} INFO - Processing /home/airflow/.local/lib/python3.12/site-packages/airflow/example_dags/example_bash_operator.py took 0.138 seconds
[2024-05-05T15:58:52.717+0000] {processor.py:161} INFO - Started process (PID=2984) to work on /home/airflow/.local/lib/python3.12/site-packages/airflow/example_dags/example_bash_operator.py
[2024-05-05T15:58:52.724+0000] {processor.py:830} INFO - Processing file /home/airflow/.local/lib/python3.12/site-packages/airflow/example_dags/example_bash_operator.py for tasks to queue
[2024-05-05T15:58:52.736+0000] {logging_mixin.py:188} INFO - [2024-05-05T15:58:52.725+0000] {dagbag.py:540} INFO - Filling up the DagBag from /home/airflow/.local/lib/python3.12/site-packages/airflow/example_dags/example_bash_operator.py
[2024-05-05T15:58:52.877+0000] {processor.py:840} INFO - DAG(s) 'example_bash_operator' retrieved from /home/airflow/.local/lib/python3.12/site-packages/airflow/example_dags/example_bash_operator.py
[2024-05-05T15:58:53.058+0000] {logging_mixin.py:188} INFO - [2024-05-05T15:58:53.052+0000] {dag.py:3096} INFO - Sync 1 DAGs
[2024-05-05T15:58:53.174+0000] {logging_mixin.py:188} INFO - [2024-05-05T15:58:53.174+0000] {dag.py:3954} INFO - Setting next_dagrun for example_bash_operator to 2024-05-04 00:00:00+00:00, run_after=2024-05-05 00:00:00+00:00
[2024-05-05T15:58:53.268+0000] {processor.py:183} INFO - Processing /home/airflow/.local/lib/python3.12/site-packages/airflow/example_dags/example_bash_operator.py took 0.572 seconds
[2024-05-05T15:59:25.510+0000] {processor.py:161} INFO - Started process (PID=3045) to work on /home/airflow/.local/lib/python3.12/site-packages/airflow/example_dags/example_bash_operator.py
[2024-05-05T15:59:25.518+0000] {processor.py:830} INFO - Processing file /home/airflow/.local/lib/python3.12/site-packages/airflow/example_dags/example_bash_operator.py for tasks to queue
[2024-05-05T15:59:25.521+0000] {logging_mixin.py:188} INFO - [2024-05-05T15:59:25.521+0000] {dagbag.py:540} INFO - Filling up the DagBag from /home/airflow/.local/lib/python3.12/site-packages/airflow/example_dags/example_bash_operator.py
[2024-05-05T15:59:25.609+0000] {processor.py:840} INFO - DAG(s) 'example_bash_operator' retrieved from /home/airflow/.local/lib/python3.12/site-packages/airflow/example_dags/example_bash_operator.py
[2024-05-05T15:59:25.783+0000] {logging_mixin.py:188} INFO - [2024-05-05T15:59:25.777+0000] {dag.py:3096} INFO - Sync 1 DAGs
[2024-05-05T15:59:26.156+0000] {logging_mixin.py:188} INFO - [2024-05-05T15:59:26.140+0000] {dag.py:3954} INFO - Setting next_dagrun for example_bash_operator to 2024-05-04 00:00:00+00:00, run_after=2024-05-05 00:00:00+00:00
[2024-05-05T15:59:26.279+0000] {processor.py:183} INFO - Processing /home/airflow/.local/lib/python3.12/site-packages/airflow/example_dags/example_bash_operator.py took 0.811 seconds
[2024-05-05T15:59:58.455+0000] {processor.py:161} INFO - Started process (PID=3112) to work on /home/airflow/.local/lib/python3.12/site-packages/airflow/example_dags/example_bash_operator.py
[2024-05-05T15:59:58.472+0000] {processor.py:830} INFO - Processing file /home/airflow/.local/lib/python3.12/site-packages/airflow/example_dags/example_bash_operator.py for tasks to queue
[2024-05-05T15:59:58.501+0000] {logging_mixin.py:188} INFO - [2024-05-05T15:59:58.501+0000] {dagbag.py:540} INFO - Filling up the DagBag from /home/airflow/.local/lib/python3.12/site-packages/airflow/example_dags/example_bash_operator.py
[2024-05-05T15:59:58.813+0000] {processor.py:840} INFO - DAG(s) 'example_bash_operator' retrieved from /home/airflow/.local/lib/python3.12/site-packages/airflow/example_dags/example_bash_operator.py
[2024-05-05T15:59:59.282+0000] {logging_mixin.py:188} INFO - [2024-05-05T15:59:59.282+0000] {dag.py:3096} INFO - Sync 1 DAGs
[2024-05-05T15:59:59.477+0000] {logging_mixin.py:188} INFO - [2024-05-05T15:59:59.476+0000] {dag.py:3954} INFO - Setting next_dagrun for example_bash_operator to 2024-05-04 00:00:00+00:00, run_after=2024-05-05 00:00:00+00:00
[2024-05-05T15:59:59.744+0000] {processor.py:183} INFO - Processing /home/airflow/.local/lib/python3.12/site-packages/airflow/example_dags/example_bash_operator.py took 1.331 seconds
