[2024-05-05T15:33:19.500+0000] {processor.py:161} INFO - Started process (PID=48) to work on /home/airflow/.local/lib/python3.12/site-packages/airflow/example_dags/example_latest_only.py
[2024-05-05T15:33:19.512+0000] {processor.py:830} INFO - Processing file /home/airflow/.local/lib/python3.12/site-packages/airflow/example_dags/example_latest_only.py for tasks to queue
[2024-05-05T15:33:19.514+0000] {logging_mixin.py:188} INFO - [2024-05-05T15:33:19.513+0000] {dagbag.py:540} INFO - Filling up the DagBag from /home/airflow/.local/lib/python3.12/site-packages/airflow/example_dags/example_latest_only.py
[2024-05-05T15:33:19.529+0000] {processor.py:840} INFO - DAG(s) 'latest_only' retrieved from /home/airflow/.local/lib/python3.12/site-packages/airflow/example_dags/example_latest_only.py
[2024-05-05T15:33:20.008+0000] {logging_mixin.py:188} INFO - [2024-05-05T15:33:20.007+0000] {override.py:1829} INFO - Created Permission View: can edit on DAG:latest_only
[2024-05-05T15:33:20.043+0000] {logging_mixin.py:188} INFO - [2024-05-05T15:33:20.042+0000] {override.py:1829} INFO - Created Permission View: can read on DAG:latest_only
[2024-05-05T15:33:20.069+0000] {logging_mixin.py:188} INFO - [2024-05-05T15:33:20.068+0000] {override.py:1829} INFO - Created Permission View: can delete on DAG:latest_only
[2024-05-05T15:33:20.069+0000] {logging_mixin.py:188} INFO - [2024-05-05T15:33:20.069+0000] {dag.py:3096} INFO - Sync 1 DAGs
[2024-05-05T15:33:20.111+0000] {logging_mixin.py:188} INFO - [2024-05-05T15:33:20.110+0000] {dag.py:3118} INFO - Creating ORM DAG for latest_only
[2024-05-05T15:33:20.167+0000] {logging_mixin.py:188} INFO - [2024-05-05T15:33:20.167+0000] {dag.py:3954} INFO - Setting next_dagrun for latest_only to 2024-05-05 08:00:00+00:00, run_after=2024-05-05 12:00:00+00:00
[2024-05-05T15:33:20.342+0000] {processor.py:183} INFO - Processing /home/airflow/.local/lib/python3.12/site-packages/airflow/example_dags/example_latest_only.py took 0.853 seconds
[2024-05-05T15:33:51.351+0000] {processor.py:161} INFO - Started process (PID=106) to work on /home/airflow/.local/lib/python3.12/site-packages/airflow/example_dags/example_latest_only.py
[2024-05-05T15:33:51.352+0000] {processor.py:830} INFO - Processing file /home/airflow/.local/lib/python3.12/site-packages/airflow/example_dags/example_latest_only.py for tasks to queue
[2024-05-05T15:33:51.362+0000] {logging_mixin.py:188} INFO - [2024-05-05T15:33:51.361+0000] {dagbag.py:540} INFO - Filling up the DagBag from /home/airflow/.local/lib/python3.12/site-packages/airflow/example_dags/example_latest_only.py
[2024-05-05T15:33:51.367+0000] {processor.py:840} INFO - DAG(s) 'latest_only' retrieved from /home/airflow/.local/lib/python3.12/site-packages/airflow/example_dags/example_latest_only.py
[2024-05-05T15:33:51.394+0000] {logging_mixin.py:188} INFO - [2024-05-05T15:33:51.394+0000] {dag.py:3096} INFO - Sync 1 DAGs
[2024-05-05T15:33:51.424+0000] {logging_mixin.py:188} INFO - [2024-05-05T15:33:51.424+0000] {dag.py:3954} INFO - Setting next_dagrun for latest_only to 2024-05-05 08:00:00+00:00, run_after=2024-05-05 12:00:00+00:00
[2024-05-05T15:33:51.452+0000] {processor.py:183} INFO - Processing /home/airflow/.local/lib/python3.12/site-packages/airflow/example_dags/example_latest_only.py took 0.107 seconds
[2024-05-05T15:34:21.609+0000] {processor.py:161} INFO - Started process (PID=163) to work on /home/airflow/.local/lib/python3.12/site-packages/airflow/example_dags/example_latest_only.py
[2024-05-05T15:34:21.610+0000] {processor.py:830} INFO - Processing file /home/airflow/.local/lib/python3.12/site-packages/airflow/example_dags/example_latest_only.py for tasks to queue
[2024-05-05T15:34:21.612+0000] {logging_mixin.py:188} INFO - [2024-05-05T15:34:21.612+0000] {dagbag.py:540} INFO - Filling up the DagBag from /home/airflow/.local/lib/python3.12/site-packages/airflow/example_dags/example_latest_only.py
[2024-05-05T15:34:21.618+0000] {processor.py:840} INFO - DAG(s) 'latest_only' retrieved from /home/airflow/.local/lib/python3.12/site-packages/airflow/example_dags/example_latest_only.py
[2024-05-05T15:34:21.643+0000] {logging_mixin.py:188} INFO - [2024-05-05T15:34:21.643+0000] {dag.py:3096} INFO - Sync 1 DAGs
[2024-05-05T15:34:21.672+0000] {logging_mixin.py:188} INFO - [2024-05-05T15:34:21.672+0000] {dag.py:3954} INFO - Setting next_dagrun for latest_only to 2024-05-05 08:00:00+00:00, run_after=2024-05-05 12:00:00+00:00
[2024-05-05T15:34:21.699+0000] {processor.py:183} INFO - Processing /home/airflow/.local/lib/python3.12/site-packages/airflow/example_dags/example_latest_only.py took 0.097 seconds
[2024-05-05T15:34:51.993+0000] {processor.py:161} INFO - Started process (PID=220) to work on /home/airflow/.local/lib/python3.12/site-packages/airflow/example_dags/example_latest_only.py
[2024-05-05T15:34:51.996+0000] {processor.py:830} INFO - Processing file /home/airflow/.local/lib/python3.12/site-packages/airflow/example_dags/example_latest_only.py for tasks to queue
[2024-05-05T15:34:51.998+0000] {logging_mixin.py:188} INFO - [2024-05-05T15:34:51.998+0000] {dagbag.py:540} INFO - Filling up the DagBag from /home/airflow/.local/lib/python3.12/site-packages/airflow/example_dags/example_latest_only.py
[2024-05-05T15:34:52.004+0000] {processor.py:840} INFO - DAG(s) 'latest_only' retrieved from /home/airflow/.local/lib/python3.12/site-packages/airflow/example_dags/example_latest_only.py
[2024-05-05T15:34:52.039+0000] {logging_mixin.py:188} INFO - [2024-05-05T15:34:52.039+0000] {dag.py:3096} INFO - Sync 1 DAGs
[2024-05-05T15:34:52.068+0000] {logging_mixin.py:188} INFO - [2024-05-05T15:34:52.068+0000] {dag.py:3954} INFO - Setting next_dagrun for latest_only to 2024-05-05 08:00:00+00:00, run_after=2024-05-05 12:00:00+00:00
[2024-05-05T15:34:52.092+0000] {processor.py:183} INFO - Processing /home/airflow/.local/lib/python3.12/site-packages/airflow/example_dags/example_latest_only.py took 0.106 seconds
[2024-05-05T15:35:22.587+0000] {processor.py:161} INFO - Started process (PID=278) to work on /home/airflow/.local/lib/python3.12/site-packages/airflow/example_dags/example_latest_only.py
[2024-05-05T15:35:22.648+0000] {processor.py:830} INFO - Processing file /home/airflow/.local/lib/python3.12/site-packages/airflow/example_dags/example_latest_only.py for tasks to queue
[2024-05-05T15:35:22.657+0000] {logging_mixin.py:188} INFO - [2024-05-05T15:35:22.657+0000] {dagbag.py:540} INFO - Filling up the DagBag from /home/airflow/.local/lib/python3.12/site-packages/airflow/example_dags/example_latest_only.py
[2024-05-05T15:35:22.725+0000] {processor.py:840} INFO - DAG(s) 'latest_only' retrieved from /home/airflow/.local/lib/python3.12/site-packages/airflow/example_dags/example_latest_only.py
[2024-05-05T15:35:22.953+0000] {logging_mixin.py:188} INFO - [2024-05-05T15:35:22.953+0000] {dag.py:3096} INFO - Sync 1 DAGs
[2024-05-05T15:35:23.112+0000] {logging_mixin.py:188} INFO - [2024-05-05T15:35:23.112+0000] {dag.py:3954} INFO - Setting next_dagrun for latest_only to 2024-05-05 08:00:00+00:00, run_after=2024-05-05 12:00:00+00:00
[2024-05-05T15:35:23.196+0000] {processor.py:183} INFO - Processing /home/airflow/.local/lib/python3.12/site-packages/airflow/example_dags/example_latest_only.py took 0.661 seconds
[2024-05-05T15:35:53.593+0000] {processor.py:161} INFO - Started process (PID=336) to work on /home/airflow/.local/lib/python3.12/site-packages/airflow/example_dags/example_latest_only.py
[2024-05-05T15:35:53.600+0000] {processor.py:830} INFO - Processing file /home/airflow/.local/lib/python3.12/site-packages/airflow/example_dags/example_latest_only.py for tasks to queue
[2024-05-05T15:35:53.601+0000] {logging_mixin.py:188} INFO - [2024-05-05T15:35:53.601+0000] {dagbag.py:540} INFO - Filling up the DagBag from /home/airflow/.local/lib/python3.12/site-packages/airflow/example_dags/example_latest_only.py
[2024-05-05T15:35:53.609+0000] {processor.py:840} INFO - DAG(s) 'latest_only' retrieved from /home/airflow/.local/lib/python3.12/site-packages/airflow/example_dags/example_latest_only.py
[2024-05-05T15:35:53.640+0000] {logging_mixin.py:188} INFO - [2024-05-05T15:35:53.640+0000] {dag.py:3096} INFO - Sync 1 DAGs
[2024-05-05T15:35:53.670+0000] {logging_mixin.py:188} INFO - [2024-05-05T15:35:53.670+0000] {dag.py:3954} INFO - Setting next_dagrun for latest_only to 2024-05-05 08:00:00+00:00, run_after=2024-05-05 12:00:00+00:00
[2024-05-05T15:35:53.708+0000] {processor.py:183} INFO - Processing /home/airflow/.local/lib/python3.12/site-packages/airflow/example_dags/example_latest_only.py took 0.130 seconds
[2024-05-05T15:36:24.163+0000] {processor.py:161} INFO - Started process (PID=395) to work on /home/airflow/.local/lib/python3.12/site-packages/airflow/example_dags/example_latest_only.py
[2024-05-05T15:36:24.164+0000] {processor.py:830} INFO - Processing file /home/airflow/.local/lib/python3.12/site-packages/airflow/example_dags/example_latest_only.py for tasks to queue
[2024-05-05T15:36:24.166+0000] {logging_mixin.py:188} INFO - [2024-05-05T15:36:24.165+0000] {dagbag.py:540} INFO - Filling up the DagBag from /home/airflow/.local/lib/python3.12/site-packages/airflow/example_dags/example_latest_only.py
[2024-05-05T15:36:24.170+0000] {processor.py:840} INFO - DAG(s) 'latest_only' retrieved from /home/airflow/.local/lib/python3.12/site-packages/airflow/example_dags/example_latest_only.py
[2024-05-05T15:36:24.217+0000] {logging_mixin.py:188} INFO - [2024-05-05T15:36:24.217+0000] {dag.py:3096} INFO - Sync 1 DAGs
[2024-05-05T15:36:24.268+0000] {logging_mixin.py:188} INFO - [2024-05-05T15:36:24.268+0000] {dag.py:3954} INFO - Setting next_dagrun for latest_only to 2024-05-05 08:00:00+00:00, run_after=2024-05-05 12:00:00+00:00
[2024-05-05T15:36:24.303+0000] {processor.py:183} INFO - Processing /home/airflow/.local/lib/python3.12/site-packages/airflow/example_dags/example_latest_only.py took 0.146 seconds
[2024-05-05T15:36:54.423+0000] {processor.py:161} INFO - Started process (PID=453) to work on /home/airflow/.local/lib/python3.12/site-packages/airflow/example_dags/example_latest_only.py
[2024-05-05T15:36:54.423+0000] {processor.py:830} INFO - Processing file /home/airflow/.local/lib/python3.12/site-packages/airflow/example_dags/example_latest_only.py for tasks to queue
[2024-05-05T15:36:54.425+0000] {logging_mixin.py:188} INFO - [2024-05-05T15:36:54.425+0000] {dagbag.py:540} INFO - Filling up the DagBag from /home/airflow/.local/lib/python3.12/site-packages/airflow/example_dags/example_latest_only.py
[2024-05-05T15:36:54.430+0000] {processor.py:840} INFO - DAG(s) 'latest_only' retrieved from /home/airflow/.local/lib/python3.12/site-packages/airflow/example_dags/example_latest_only.py
[2024-05-05T15:36:54.452+0000] {logging_mixin.py:188} INFO - [2024-05-05T15:36:54.452+0000] {dag.py:3096} INFO - Sync 1 DAGs
[2024-05-05T15:36:54.480+0000] {logging_mixin.py:188} INFO - [2024-05-05T15:36:54.480+0000] {dag.py:3954} INFO - Setting next_dagrun for latest_only to 2024-05-05 08:00:00+00:00, run_after=2024-05-05 12:00:00+00:00
[2024-05-05T15:36:54.512+0000] {processor.py:183} INFO - Processing /home/airflow/.local/lib/python3.12/site-packages/airflow/example_dags/example_latest_only.py took 0.095 seconds
[2024-05-05T15:37:25.324+0000] {processor.py:161} INFO - Started process (PID=512) to work on /home/airflow/.local/lib/python3.12/site-packages/airflow/example_dags/example_latest_only.py
[2024-05-05T15:37:25.325+0000] {processor.py:830} INFO - Processing file /home/airflow/.local/lib/python3.12/site-packages/airflow/example_dags/example_latest_only.py for tasks to queue
[2024-05-05T15:37:25.327+0000] {logging_mixin.py:188} INFO - [2024-05-05T15:37:25.327+0000] {dagbag.py:540} INFO - Filling up the DagBag from /home/airflow/.local/lib/python3.12/site-packages/airflow/example_dags/example_latest_only.py
[2024-05-05T15:37:25.334+0000] {processor.py:840} INFO - DAG(s) 'latest_only' retrieved from /home/airflow/.local/lib/python3.12/site-packages/airflow/example_dags/example_latest_only.py
[2024-05-05T15:37:25.357+0000] {logging_mixin.py:188} INFO - [2024-05-05T15:37:25.357+0000] {dag.py:3096} INFO - Sync 1 DAGs
[2024-05-05T15:37:25.382+0000] {logging_mixin.py:188} INFO - [2024-05-05T15:37:25.382+0000] {dag.py:3954} INFO - Setting next_dagrun for latest_only to 2024-05-05 08:00:00+00:00, run_after=2024-05-05 12:00:00+00:00
[2024-05-05T15:37:25.434+0000] {processor.py:183} INFO - Processing /home/airflow/.local/lib/python3.12/site-packages/airflow/example_dags/example_latest_only.py took 0.117 seconds
[2024-05-05T15:37:56.188+0000] {processor.py:161} INFO - Started process (PID=571) to work on /home/airflow/.local/lib/python3.12/site-packages/airflow/example_dags/example_latest_only.py
[2024-05-05T15:37:56.189+0000] {processor.py:830} INFO - Processing file /home/airflow/.local/lib/python3.12/site-packages/airflow/example_dags/example_latest_only.py for tasks to queue
[2024-05-05T15:37:56.192+0000] {logging_mixin.py:188} INFO - [2024-05-05T15:37:56.192+0000] {dagbag.py:540} INFO - Filling up the DagBag from /home/airflow/.local/lib/python3.12/site-packages/airflow/example_dags/example_latest_only.py
[2024-05-05T15:37:56.197+0000] {processor.py:840} INFO - DAG(s) 'latest_only' retrieved from /home/airflow/.local/lib/python3.12/site-packages/airflow/example_dags/example_latest_only.py
[2024-05-05T15:37:56.219+0000] {logging_mixin.py:188} INFO - [2024-05-05T15:37:56.219+0000] {dag.py:3096} INFO - Sync 1 DAGs
[2024-05-05T15:37:56.246+0000] {logging_mixin.py:188} INFO - [2024-05-05T15:37:56.246+0000] {dag.py:3954} INFO - Setting next_dagrun for latest_only to 2024-05-05 08:00:00+00:00, run_after=2024-05-05 12:00:00+00:00
[2024-05-05T15:37:56.272+0000] {processor.py:183} INFO - Processing /home/airflow/.local/lib/python3.12/site-packages/airflow/example_dags/example_latest_only.py took 0.090 seconds
[2024-05-05T15:38:27.189+0000] {processor.py:161} INFO - Started process (PID=629) to work on /home/airflow/.local/lib/python3.12/site-packages/airflow/example_dags/example_latest_only.py
[2024-05-05T15:38:27.193+0000] {processor.py:830} INFO - Processing file /home/airflow/.local/lib/python3.12/site-packages/airflow/example_dags/example_latest_only.py for tasks to queue
[2024-05-05T15:38:27.195+0000] {logging_mixin.py:188} INFO - [2024-05-05T15:38:27.195+0000] {dagbag.py:540} INFO - Filling up the DagBag from /home/airflow/.local/lib/python3.12/site-packages/airflow/example_dags/example_latest_only.py
[2024-05-05T15:38:27.200+0000] {processor.py:840} INFO - DAG(s) 'latest_only' retrieved from /home/airflow/.local/lib/python3.12/site-packages/airflow/example_dags/example_latest_only.py
[2024-05-05T15:38:27.223+0000] {logging_mixin.py:188} INFO - [2024-05-05T15:38:27.223+0000] {dag.py:3096} INFO - Sync 1 DAGs
[2024-05-05T15:38:27.252+0000] {logging_mixin.py:188} INFO - [2024-05-05T15:38:27.251+0000] {dag.py:3954} INFO - Setting next_dagrun for latest_only to 2024-05-05 08:00:00+00:00, run_after=2024-05-05 12:00:00+00:00
[2024-05-05T15:38:27.286+0000] {processor.py:183} INFO - Processing /home/airflow/.local/lib/python3.12/site-packages/airflow/example_dags/example_latest_only.py took 0.110 seconds
[2024-05-05T15:38:57.514+0000] {processor.py:161} INFO - Started process (PID=687) to work on /home/airflow/.local/lib/python3.12/site-packages/airflow/example_dags/example_latest_only.py
[2024-05-05T15:38:57.515+0000] {processor.py:830} INFO - Processing file /home/airflow/.local/lib/python3.12/site-packages/airflow/example_dags/example_latest_only.py for tasks to queue
[2024-05-05T15:38:57.517+0000] {logging_mixin.py:188} INFO - [2024-05-05T15:38:57.517+0000] {dagbag.py:540} INFO - Filling up the DagBag from /home/airflow/.local/lib/python3.12/site-packages/airflow/example_dags/example_latest_only.py
[2024-05-05T15:38:57.522+0000] {processor.py:840} INFO - DAG(s) 'latest_only' retrieved from /home/airflow/.local/lib/python3.12/site-packages/airflow/example_dags/example_latest_only.py
[2024-05-05T15:38:57.546+0000] {logging_mixin.py:188} INFO - [2024-05-05T15:38:57.545+0000] {dag.py:3096} INFO - Sync 1 DAGs
[2024-05-05T15:38:57.572+0000] {logging_mixin.py:188} INFO - [2024-05-05T15:38:57.572+0000] {dag.py:3954} INFO - Setting next_dagrun for latest_only to 2024-05-05 08:00:00+00:00, run_after=2024-05-05 12:00:00+00:00
[2024-05-05T15:38:57.600+0000] {processor.py:183} INFO - Processing /home/airflow/.local/lib/python3.12/site-packages/airflow/example_dags/example_latest_only.py took 0.091 seconds
[2024-05-05T15:39:28.170+0000] {processor.py:161} INFO - Started process (PID=746) to work on /home/airflow/.local/lib/python3.12/site-packages/airflow/example_dags/example_latest_only.py
[2024-05-05T15:39:28.184+0000] {processor.py:830} INFO - Processing file /home/airflow/.local/lib/python3.12/site-packages/airflow/example_dags/example_latest_only.py for tasks to queue
[2024-05-05T15:39:28.186+0000] {logging_mixin.py:188} INFO - [2024-05-05T15:39:28.185+0000] {dagbag.py:540} INFO - Filling up the DagBag from /home/airflow/.local/lib/python3.12/site-packages/airflow/example_dags/example_latest_only.py
[2024-05-05T15:39:28.200+0000] {processor.py:840} INFO - DAG(s) 'latest_only' retrieved from /home/airflow/.local/lib/python3.12/site-packages/airflow/example_dags/example_latest_only.py
[2024-05-05T15:39:28.245+0000] {logging_mixin.py:188} INFO - [2024-05-05T15:39:28.245+0000] {dag.py:3096} INFO - Sync 1 DAGs
[2024-05-05T15:39:28.297+0000] {logging_mixin.py:188} INFO - [2024-05-05T15:39:28.297+0000] {dag.py:3954} INFO - Setting next_dagrun for latest_only to 2024-05-05 08:00:00+00:00, run_after=2024-05-05 12:00:00+00:00
[2024-05-05T15:39:28.345+0000] {processor.py:183} INFO - Processing /home/airflow/.local/lib/python3.12/site-packages/airflow/example_dags/example_latest_only.py took 0.181 seconds
[2024-05-05T15:39:58.490+0000] {processor.py:161} INFO - Started process (PID=803) to work on /home/airflow/.local/lib/python3.12/site-packages/airflow/example_dags/example_latest_only.py
[2024-05-05T15:39:58.492+0000] {processor.py:830} INFO - Processing file /home/airflow/.local/lib/python3.12/site-packages/airflow/example_dags/example_latest_only.py for tasks to queue
[2024-05-05T15:39:58.499+0000] {logging_mixin.py:188} INFO - [2024-05-05T15:39:58.498+0000] {dagbag.py:540} INFO - Filling up the DagBag from /home/airflow/.local/lib/python3.12/site-packages/airflow/example_dags/example_latest_only.py
[2024-05-05T15:39:58.527+0000] {processor.py:840} INFO - DAG(s) 'latest_only' retrieved from /home/airflow/.local/lib/python3.12/site-packages/airflow/example_dags/example_latest_only.py
[2024-05-05T15:39:58.623+0000] {logging_mixin.py:188} INFO - [2024-05-05T15:39:58.623+0000] {dag.py:3096} INFO - Sync 1 DAGs
[2024-05-05T15:39:58.671+0000] {logging_mixin.py:188} INFO - [2024-05-05T15:39:58.670+0000] {dag.py:3954} INFO - Setting next_dagrun for latest_only to 2024-05-05 08:00:00+00:00, run_after=2024-05-05 12:00:00+00:00
[2024-05-05T15:39:58.712+0000] {processor.py:183} INFO - Processing /home/airflow/.local/lib/python3.12/site-packages/airflow/example_dags/example_latest_only.py took 0.257 seconds
[2024-05-05T15:40:28.854+0000] {processor.py:161} INFO - Started process (PID=861) to work on /home/airflow/.local/lib/python3.12/site-packages/airflow/example_dags/example_latest_only.py
[2024-05-05T15:40:28.855+0000] {processor.py:830} INFO - Processing file /home/airflow/.local/lib/python3.12/site-packages/airflow/example_dags/example_latest_only.py for tasks to queue
[2024-05-05T15:40:28.857+0000] {logging_mixin.py:188} INFO - [2024-05-05T15:40:28.857+0000] {dagbag.py:540} INFO - Filling up the DagBag from /home/airflow/.local/lib/python3.12/site-packages/airflow/example_dags/example_latest_only.py
[2024-05-05T15:40:28.862+0000] {processor.py:840} INFO - DAG(s) 'latest_only' retrieved from /home/airflow/.local/lib/python3.12/site-packages/airflow/example_dags/example_latest_only.py
[2024-05-05T15:40:28.885+0000] {logging_mixin.py:188} INFO - [2024-05-05T15:40:28.884+0000] {dag.py:3096} INFO - Sync 1 DAGs
[2024-05-05T15:40:28.911+0000] {logging_mixin.py:188} INFO - [2024-05-05T15:40:28.911+0000] {dag.py:3954} INFO - Setting next_dagrun for latest_only to 2024-05-05 08:00:00+00:00, run_after=2024-05-05 12:00:00+00:00
[2024-05-05T15:40:29.104+0000] {processor.py:183} INFO - Processing /home/airflow/.local/lib/python3.12/site-packages/airflow/example_dags/example_latest_only.py took 0.260 seconds
[2024-05-05T15:40:59.307+0000] {processor.py:161} INFO - Started process (PID=918) to work on /home/airflow/.local/lib/python3.12/site-packages/airflow/example_dags/example_latest_only.py
[2024-05-05T15:40:59.309+0000] {processor.py:830} INFO - Processing file /home/airflow/.local/lib/python3.12/site-packages/airflow/example_dags/example_latest_only.py for tasks to queue
[2024-05-05T15:40:59.310+0000] {logging_mixin.py:188} INFO - [2024-05-05T15:40:59.310+0000] {dagbag.py:540} INFO - Filling up the DagBag from /home/airflow/.local/lib/python3.12/site-packages/airflow/example_dags/example_latest_only.py
[2024-05-05T15:40:59.315+0000] {processor.py:840} INFO - DAG(s) 'latest_only' retrieved from /home/airflow/.local/lib/python3.12/site-packages/airflow/example_dags/example_latest_only.py
[2024-05-05T15:40:59.342+0000] {logging_mixin.py:188} INFO - [2024-05-05T15:40:59.342+0000] {dag.py:3096} INFO - Sync 1 DAGs
[2024-05-05T15:40:59.369+0000] {logging_mixin.py:188} INFO - [2024-05-05T15:40:59.369+0000] {dag.py:3954} INFO - Setting next_dagrun for latest_only to 2024-05-05 08:00:00+00:00, run_after=2024-05-05 12:00:00+00:00
[2024-05-05T15:40:59.530+0000] {processor.py:183} INFO - Processing /home/airflow/.local/lib/python3.12/site-packages/airflow/example_dags/example_latest_only.py took 0.228 seconds
[2024-05-05T15:41:29.863+0000] {processor.py:161} INFO - Started process (PID=977) to work on /home/airflow/.local/lib/python3.12/site-packages/airflow/example_dags/example_latest_only.py
[2024-05-05T15:41:29.864+0000] {processor.py:830} INFO - Processing file /home/airflow/.local/lib/python3.12/site-packages/airflow/example_dags/example_latest_only.py for tasks to queue
[2024-05-05T15:41:29.875+0000] {logging_mixin.py:188} INFO - [2024-05-05T15:41:29.875+0000] {dagbag.py:540} INFO - Filling up the DagBag from /home/airflow/.local/lib/python3.12/site-packages/airflow/example_dags/example_latest_only.py
[2024-05-05T15:41:29.880+0000] {processor.py:840} INFO - DAG(s) 'latest_only' retrieved from /home/airflow/.local/lib/python3.12/site-packages/airflow/example_dags/example_latest_only.py
[2024-05-05T15:41:29.907+0000] {logging_mixin.py:188} INFO - [2024-05-05T15:41:29.907+0000] {dag.py:3096} INFO - Sync 1 DAGs
[2024-05-05T15:41:29.935+0000] {logging_mixin.py:188} INFO - [2024-05-05T15:41:29.934+0000] {dag.py:3954} INFO - Setting next_dagrun for latest_only to 2024-05-05 08:00:00+00:00, run_after=2024-05-05 12:00:00+00:00
[2024-05-05T15:41:29.961+0000] {processor.py:183} INFO - Processing /home/airflow/.local/lib/python3.12/site-packages/airflow/example_dags/example_latest_only.py took 0.105 seconds
[2024-05-05T15:42:00.018+0000] {processor.py:161} INFO - Started process (PID=1036) to work on /home/airflow/.local/lib/python3.12/site-packages/airflow/example_dags/example_latest_only.py
[2024-05-05T15:42:00.019+0000] {processor.py:830} INFO - Processing file /home/airflow/.local/lib/python3.12/site-packages/airflow/example_dags/example_latest_only.py for tasks to queue
[2024-05-05T15:42:00.021+0000] {logging_mixin.py:188} INFO - [2024-05-05T15:42:00.021+0000] {dagbag.py:540} INFO - Filling up the DagBag from /home/airflow/.local/lib/python3.12/site-packages/airflow/example_dags/example_latest_only.py
[2024-05-05T15:42:00.026+0000] {processor.py:840} INFO - DAG(s) 'latest_only' retrieved from /home/airflow/.local/lib/python3.12/site-packages/airflow/example_dags/example_latest_only.py
[2024-05-05T15:42:00.050+0000] {logging_mixin.py:188} INFO - [2024-05-05T15:42:00.050+0000] {dag.py:3096} INFO - Sync 1 DAGs
[2024-05-05T15:42:00.081+0000] {logging_mixin.py:188} INFO - [2024-05-05T15:42:00.081+0000] {dag.py:3954} INFO - Setting next_dagrun for latest_only to 2024-05-05 08:00:00+00:00, run_after=2024-05-05 12:00:00+00:00
[2024-05-05T15:42:00.106+0000] {processor.py:183} INFO - Processing /home/airflow/.local/lib/python3.12/site-packages/airflow/example_dags/example_latest_only.py took 0.095 seconds
[2024-05-05T15:42:30.336+0000] {processor.py:161} INFO - Started process (PID=1094) to work on /home/airflow/.local/lib/python3.12/site-packages/airflow/example_dags/example_latest_only.py
[2024-05-05T15:42:30.338+0000] {processor.py:830} INFO - Processing file /home/airflow/.local/lib/python3.12/site-packages/airflow/example_dags/example_latest_only.py for tasks to queue
[2024-05-05T15:42:30.343+0000] {logging_mixin.py:188} INFO - [2024-05-05T15:42:30.343+0000] {dagbag.py:540} INFO - Filling up the DagBag from /home/airflow/.local/lib/python3.12/site-packages/airflow/example_dags/example_latest_only.py
[2024-05-05T15:42:30.354+0000] {processor.py:840} INFO - DAG(s) 'latest_only' retrieved from /home/airflow/.local/lib/python3.12/site-packages/airflow/example_dags/example_latest_only.py
[2024-05-05T15:42:30.407+0000] {logging_mixin.py:188} INFO - [2024-05-05T15:42:30.406+0000] {dag.py:3096} INFO - Sync 1 DAGs
[2024-05-05T15:42:30.435+0000] {logging_mixin.py:188} INFO - [2024-05-05T15:42:30.434+0000] {dag.py:3954} INFO - Setting next_dagrun for latest_only to 2024-05-05 08:00:00+00:00, run_after=2024-05-05 12:00:00+00:00
[2024-05-05T15:42:30.461+0000] {processor.py:183} INFO - Processing /home/airflow/.local/lib/python3.12/site-packages/airflow/example_dags/example_latest_only.py took 0.137 seconds
[2024-05-05T15:43:00.699+0000] {processor.py:161} INFO - Started process (PID=1150) to work on /home/airflow/.local/lib/python3.12/site-packages/airflow/example_dags/example_latest_only.py
[2024-05-05T15:43:00.699+0000] {processor.py:830} INFO - Processing file /home/airflow/.local/lib/python3.12/site-packages/airflow/example_dags/example_latest_only.py for tasks to queue
[2024-05-05T15:43:00.701+0000] {logging_mixin.py:188} INFO - [2024-05-05T15:43:00.701+0000] {dagbag.py:540} INFO - Filling up the DagBag from /home/airflow/.local/lib/python3.12/site-packages/airflow/example_dags/example_latest_only.py
[2024-05-05T15:43:00.708+0000] {processor.py:840} INFO - DAG(s) 'latest_only' retrieved from /home/airflow/.local/lib/python3.12/site-packages/airflow/example_dags/example_latest_only.py
[2024-05-05T15:43:00.734+0000] {logging_mixin.py:188} INFO - [2024-05-05T15:43:00.734+0000] {dag.py:3096} INFO - Sync 1 DAGs
[2024-05-05T15:43:00.761+0000] {logging_mixin.py:188} INFO - [2024-05-05T15:43:00.760+0000] {dag.py:3954} INFO - Setting next_dagrun for latest_only to 2024-05-05 08:00:00+00:00, run_after=2024-05-05 12:00:00+00:00
[2024-05-05T15:43:00.789+0000] {processor.py:183} INFO - Processing /home/airflow/.local/lib/python3.12/site-packages/airflow/example_dags/example_latest_only.py took 0.104 seconds
[2024-05-05T15:43:31.882+0000] {processor.py:161} INFO - Started process (PID=1208) to work on /home/airflow/.local/lib/python3.12/site-packages/airflow/example_dags/example_latest_only.py
[2024-05-05T15:43:31.887+0000] {processor.py:830} INFO - Processing file /home/airflow/.local/lib/python3.12/site-packages/airflow/example_dags/example_latest_only.py for tasks to queue
[2024-05-05T15:43:31.889+0000] {logging_mixin.py:188} INFO - [2024-05-05T15:43:31.889+0000] {dagbag.py:540} INFO - Filling up the DagBag from /home/airflow/.local/lib/python3.12/site-packages/airflow/example_dags/example_latest_only.py
[2024-05-05T15:43:31.907+0000] {processor.py:840} INFO - DAG(s) 'latest_only' retrieved from /home/airflow/.local/lib/python3.12/site-packages/airflow/example_dags/example_latest_only.py
[2024-05-05T15:43:32.019+0000] {logging_mixin.py:188} INFO - [2024-05-05T15:43:32.019+0000] {dag.py:3096} INFO - Sync 1 DAGs
[2024-05-05T15:43:32.196+0000] {logging_mixin.py:188} INFO - [2024-05-05T15:43:32.196+0000] {dag.py:3954} INFO - Setting next_dagrun for latest_only to 2024-05-05 08:00:00+00:00, run_after=2024-05-05 12:00:00+00:00
[2024-05-05T15:43:32.344+0000] {processor.py:183} INFO - Processing /home/airflow/.local/lib/python3.12/site-packages/airflow/example_dags/example_latest_only.py took 0.545 seconds
[2024-05-05T15:44:02.474+0000] {processor.py:161} INFO - Started process (PID=1266) to work on /home/airflow/.local/lib/python3.12/site-packages/airflow/example_dags/example_latest_only.py
[2024-05-05T15:44:02.475+0000] {processor.py:830} INFO - Processing file /home/airflow/.local/lib/python3.12/site-packages/airflow/example_dags/example_latest_only.py for tasks to queue
[2024-05-05T15:44:02.476+0000] {logging_mixin.py:188} INFO - [2024-05-05T15:44:02.476+0000] {dagbag.py:540} INFO - Filling up the DagBag from /home/airflow/.local/lib/python3.12/site-packages/airflow/example_dags/example_latest_only.py
[2024-05-05T15:44:02.480+0000] {processor.py:840} INFO - DAG(s) 'latest_only' retrieved from /home/airflow/.local/lib/python3.12/site-packages/airflow/example_dags/example_latest_only.py
[2024-05-05T15:44:02.496+0000] {logging_mixin.py:188} INFO - [2024-05-05T15:44:02.496+0000] {dag.py:3096} INFO - Sync 1 DAGs
[2024-05-05T15:44:02.513+0000] {logging_mixin.py:188} INFO - [2024-05-05T15:44:02.513+0000] {dag.py:3954} INFO - Setting next_dagrun for latest_only to 2024-05-05 08:00:00+00:00, run_after=2024-05-05 12:00:00+00:00
[2024-05-05T15:44:02.533+0000] {processor.py:183} INFO - Processing /home/airflow/.local/lib/python3.12/site-packages/airflow/example_dags/example_latest_only.py took 0.064 seconds
[2024-05-05T15:44:32.659+0000] {processor.py:161} INFO - Started process (PID=1324) to work on /home/airflow/.local/lib/python3.12/site-packages/airflow/example_dags/example_latest_only.py
[2024-05-05T15:44:32.660+0000] {processor.py:830} INFO - Processing file /home/airflow/.local/lib/python3.12/site-packages/airflow/example_dags/example_latest_only.py for tasks to queue
[2024-05-05T15:44:32.662+0000] {logging_mixin.py:188} INFO - [2024-05-05T15:44:32.661+0000] {dagbag.py:540} INFO - Filling up the DagBag from /home/airflow/.local/lib/python3.12/site-packages/airflow/example_dags/example_latest_only.py
[2024-05-05T15:44:32.667+0000] {processor.py:840} INFO - DAG(s) 'latest_only' retrieved from /home/airflow/.local/lib/python3.12/site-packages/airflow/example_dags/example_latest_only.py
[2024-05-05T15:44:32.688+0000] {logging_mixin.py:188} INFO - [2024-05-05T15:44:32.688+0000] {dag.py:3096} INFO - Sync 1 DAGs
[2024-05-05T15:44:32.714+0000] {logging_mixin.py:188} INFO - [2024-05-05T15:44:32.714+0000] {dag.py:3954} INFO - Setting next_dagrun for latest_only to 2024-05-05 08:00:00+00:00, run_after=2024-05-05 12:00:00+00:00
[2024-05-05T15:44:32.742+0000] {processor.py:183} INFO - Processing /home/airflow/.local/lib/python3.12/site-packages/airflow/example_dags/example_latest_only.py took 0.089 seconds
[2024-05-05T15:45:02.780+0000] {processor.py:161} INFO - Started process (PID=1381) to work on /home/airflow/.local/lib/python3.12/site-packages/airflow/example_dags/example_latest_only.py
[2024-05-05T15:45:02.781+0000] {processor.py:830} INFO - Processing file /home/airflow/.local/lib/python3.12/site-packages/airflow/example_dags/example_latest_only.py for tasks to queue
[2024-05-05T15:45:02.783+0000] {logging_mixin.py:188} INFO - [2024-05-05T15:45:02.783+0000] {dagbag.py:540} INFO - Filling up the DagBag from /home/airflow/.local/lib/python3.12/site-packages/airflow/example_dags/example_latest_only.py
[2024-05-05T15:45:02.792+0000] {processor.py:840} INFO - DAG(s) 'latest_only' retrieved from /home/airflow/.local/lib/python3.12/site-packages/airflow/example_dags/example_latest_only.py
[2024-05-05T15:45:02.814+0000] {logging_mixin.py:188} INFO - [2024-05-05T15:45:02.813+0000] {dag.py:3096} INFO - Sync 1 DAGs
[2024-05-05T15:45:02.832+0000] {logging_mixin.py:188} INFO - [2024-05-05T15:45:02.831+0000] {dag.py:3954} INFO - Setting next_dagrun for latest_only to 2024-05-05 08:00:00+00:00, run_after=2024-05-05 12:00:00+00:00
[2024-05-05T15:45:02.851+0000] {processor.py:183} INFO - Processing /home/airflow/.local/lib/python3.12/site-packages/airflow/example_dags/example_latest_only.py took 0.076 seconds
[2024-05-05T15:45:33.338+0000] {processor.py:161} INFO - Started process (PID=1439) to work on /home/airflow/.local/lib/python3.12/site-packages/airflow/example_dags/example_latest_only.py
[2024-05-05T15:45:33.339+0000] {processor.py:830} INFO - Processing file /home/airflow/.local/lib/python3.12/site-packages/airflow/example_dags/example_latest_only.py for tasks to queue
[2024-05-05T15:45:33.341+0000] {logging_mixin.py:188} INFO - [2024-05-05T15:45:33.341+0000] {dagbag.py:540} INFO - Filling up the DagBag from /home/airflow/.local/lib/python3.12/site-packages/airflow/example_dags/example_latest_only.py
[2024-05-05T15:45:33.346+0000] {processor.py:840} INFO - DAG(s) 'latest_only' retrieved from /home/airflow/.local/lib/python3.12/site-packages/airflow/example_dags/example_latest_only.py
[2024-05-05T15:45:33.371+0000] {logging_mixin.py:188} INFO - [2024-05-05T15:45:33.371+0000] {dag.py:3096} INFO - Sync 1 DAGs
[2024-05-05T15:45:33.390+0000] {logging_mixin.py:188} INFO - [2024-05-05T15:45:33.390+0000] {dag.py:3954} INFO - Setting next_dagrun for latest_only to 2024-05-05 08:00:00+00:00, run_after=2024-05-05 12:00:00+00:00
[2024-05-05T15:45:33.414+0000] {processor.py:183} INFO - Processing /home/airflow/.local/lib/python3.12/site-packages/airflow/example_dags/example_latest_only.py took 0.095 seconds
[2024-05-05T15:46:03.857+0000] {processor.py:161} INFO - Started process (PID=1498) to work on /home/airflow/.local/lib/python3.12/site-packages/airflow/example_dags/example_latest_only.py
[2024-05-05T15:46:03.858+0000] {processor.py:830} INFO - Processing file /home/airflow/.local/lib/python3.12/site-packages/airflow/example_dags/example_latest_only.py for tasks to queue
[2024-05-05T15:46:03.859+0000] {logging_mixin.py:188} INFO - [2024-05-05T15:46:03.859+0000] {dagbag.py:540} INFO - Filling up the DagBag from /home/airflow/.local/lib/python3.12/site-packages/airflow/example_dags/example_latest_only.py
[2024-05-05T15:46:03.863+0000] {processor.py:840} INFO - DAG(s) 'latest_only' retrieved from /home/airflow/.local/lib/python3.12/site-packages/airflow/example_dags/example_latest_only.py
[2024-05-05T15:46:03.884+0000] {logging_mixin.py:188} INFO - [2024-05-05T15:46:03.884+0000] {dag.py:3096} INFO - Sync 1 DAGs
[2024-05-05T15:46:03.910+0000] {logging_mixin.py:188} INFO - [2024-05-05T15:46:03.910+0000] {dag.py:3954} INFO - Setting next_dagrun for latest_only to 2024-05-05 08:00:00+00:00, run_after=2024-05-05 12:00:00+00:00
[2024-05-05T15:46:03.936+0000] {processor.py:183} INFO - Processing /home/airflow/.local/lib/python3.12/site-packages/airflow/example_dags/example_latest_only.py took 0.086 seconds
[2024-05-05T15:46:34.038+0000] {processor.py:161} INFO - Started process (PID=1555) to work on /home/airflow/.local/lib/python3.12/site-packages/airflow/example_dags/example_latest_only.py
[2024-05-05T15:46:34.038+0000] {processor.py:830} INFO - Processing file /home/airflow/.local/lib/python3.12/site-packages/airflow/example_dags/example_latest_only.py for tasks to queue
[2024-05-05T15:46:34.040+0000] {logging_mixin.py:188} INFO - [2024-05-05T15:46:34.039+0000] {dagbag.py:540} INFO - Filling up the DagBag from /home/airflow/.local/lib/python3.12/site-packages/airflow/example_dags/example_latest_only.py
[2024-05-05T15:46:34.043+0000] {processor.py:840} INFO - DAG(s) 'latest_only' retrieved from /home/airflow/.local/lib/python3.12/site-packages/airflow/example_dags/example_latest_only.py
[2024-05-05T15:46:34.060+0000] {logging_mixin.py:188} INFO - [2024-05-05T15:46:34.059+0000] {dag.py:3096} INFO - Sync 1 DAGs
[2024-05-05T15:46:34.079+0000] {logging_mixin.py:188} INFO - [2024-05-05T15:46:34.079+0000] {dag.py:3954} INFO - Setting next_dagrun for latest_only to 2024-05-05 08:00:00+00:00, run_after=2024-05-05 12:00:00+00:00
[2024-05-05T15:46:34.104+0000] {processor.py:183} INFO - Processing /home/airflow/.local/lib/python3.12/site-packages/airflow/example_dags/example_latest_only.py took 0.071 seconds
[2024-05-05T15:47:04.405+0000] {processor.py:161} INFO - Started process (PID=1612) to work on /home/airflow/.local/lib/python3.12/site-packages/airflow/example_dags/example_latest_only.py
[2024-05-05T15:47:04.406+0000] {processor.py:830} INFO - Processing file /home/airflow/.local/lib/python3.12/site-packages/airflow/example_dags/example_latest_only.py for tasks to queue
[2024-05-05T15:47:04.408+0000] {logging_mixin.py:188} INFO - [2024-05-05T15:47:04.408+0000] {dagbag.py:540} INFO - Filling up the DagBag from /home/airflow/.local/lib/python3.12/site-packages/airflow/example_dags/example_latest_only.py
[2024-05-05T15:47:04.413+0000] {processor.py:840} INFO - DAG(s) 'latest_only' retrieved from /home/airflow/.local/lib/python3.12/site-packages/airflow/example_dags/example_latest_only.py
[2024-05-05T15:47:04.432+0000] {logging_mixin.py:188} INFO - [2024-05-05T15:47:04.432+0000] {dag.py:3096} INFO - Sync 1 DAGs
[2024-05-05T15:47:04.450+0000] {logging_mixin.py:188} INFO - [2024-05-05T15:47:04.450+0000] {dag.py:3954} INFO - Setting next_dagrun for latest_only to 2024-05-05 08:00:00+00:00, run_after=2024-05-05 12:00:00+00:00
[2024-05-05T15:47:04.470+0000] {processor.py:183} INFO - Processing /home/airflow/.local/lib/python3.12/site-packages/airflow/example_dags/example_latest_only.py took 0.071 seconds
[2024-05-05T15:47:34.731+0000] {processor.py:161} INFO - Started process (PID=1670) to work on /home/airflow/.local/lib/python3.12/site-packages/airflow/example_dags/example_latest_only.py
[2024-05-05T15:47:34.732+0000] {processor.py:830} INFO - Processing file /home/airflow/.local/lib/python3.12/site-packages/airflow/example_dags/example_latest_only.py for tasks to queue
[2024-05-05T15:47:34.734+0000] {logging_mixin.py:188} INFO - [2024-05-05T15:47:34.734+0000] {dagbag.py:540} INFO - Filling up the DagBag from /home/airflow/.local/lib/python3.12/site-packages/airflow/example_dags/example_latest_only.py
[2024-05-05T15:47:34.739+0000] {processor.py:840} INFO - DAG(s) 'latest_only' retrieved from /home/airflow/.local/lib/python3.12/site-packages/airflow/example_dags/example_latest_only.py
[2024-05-05T15:47:34.761+0000] {logging_mixin.py:188} INFO - [2024-05-05T15:47:34.760+0000] {dag.py:3096} INFO - Sync 1 DAGs
[2024-05-05T15:47:34.790+0000] {logging_mixin.py:188} INFO - [2024-05-05T15:47:34.790+0000] {dag.py:3954} INFO - Setting next_dagrun for latest_only to 2024-05-05 08:00:00+00:00, run_after=2024-05-05 12:00:00+00:00
[2024-05-05T15:47:34.818+0000] {processor.py:183} INFO - Processing /home/airflow/.local/lib/python3.12/site-packages/airflow/example_dags/example_latest_only.py took 0.093 seconds
[2024-05-05T15:48:07.323+0000] {processor.py:161} INFO - Started process (PID=1729) to work on /home/airflow/.local/lib/python3.12/site-packages/airflow/example_dags/example_latest_only.py
[2024-05-05T15:48:07.335+0000] {processor.py:830} INFO - Processing file /home/airflow/.local/lib/python3.12/site-packages/airflow/example_dags/example_latest_only.py for tasks to queue
[2024-05-05T15:48:07.337+0000] {logging_mixin.py:188} INFO - [2024-05-05T15:48:07.337+0000] {dagbag.py:540} INFO - Filling up the DagBag from /home/airflow/.local/lib/python3.12/site-packages/airflow/example_dags/example_latest_only.py
[2024-05-05T15:48:07.361+0000] {processor.py:840} INFO - DAG(s) 'latest_only' retrieved from /home/airflow/.local/lib/python3.12/site-packages/airflow/example_dags/example_latest_only.py
[2024-05-05T15:48:07.509+0000] {logging_mixin.py:188} INFO - [2024-05-05T15:48:07.508+0000] {dag.py:3096} INFO - Sync 1 DAGs
[2024-05-05T15:48:07.677+0000] {logging_mixin.py:188} INFO - [2024-05-05T15:48:07.677+0000] {dag.py:3954} INFO - Setting next_dagrun for latest_only to 2024-05-05 08:00:00+00:00, run_after=2024-05-05 12:00:00+00:00
[2024-05-05T15:48:07.781+0000] {processor.py:183} INFO - Processing /home/airflow/.local/lib/python3.12/site-packages/airflow/example_dags/example_latest_only.py took 0.502 seconds
[2024-05-05T15:48:38.777+0000] {processor.py:161} INFO - Started process (PID=1789) to work on /home/airflow/.local/lib/python3.12/site-packages/airflow/example_dags/example_latest_only.py
[2024-05-05T15:48:38.780+0000] {processor.py:830} INFO - Processing file /home/airflow/.local/lib/python3.12/site-packages/airflow/example_dags/example_latest_only.py for tasks to queue
[2024-05-05T15:48:38.782+0000] {logging_mixin.py:188} INFO - [2024-05-05T15:48:38.782+0000] {dagbag.py:540} INFO - Filling up the DagBag from /home/airflow/.local/lib/python3.12/site-packages/airflow/example_dags/example_latest_only.py
[2024-05-05T15:48:38.807+0000] {processor.py:840} INFO - DAG(s) 'latest_only' retrieved from /home/airflow/.local/lib/python3.12/site-packages/airflow/example_dags/example_latest_only.py
[2024-05-05T15:48:38.853+0000] {logging_mixin.py:188} INFO - [2024-05-05T15:48:38.852+0000] {dag.py:3096} INFO - Sync 1 DAGs
[2024-05-05T15:48:38.951+0000] {logging_mixin.py:188} INFO - [2024-05-05T15:48:38.951+0000] {dag.py:3954} INFO - Setting next_dagrun for latest_only to 2024-05-05 08:00:00+00:00, run_after=2024-05-05 12:00:00+00:00
[2024-05-05T15:48:39.025+0000] {processor.py:183} INFO - Processing /home/airflow/.local/lib/python3.12/site-packages/airflow/example_dags/example_latest_only.py took 0.261 seconds
[2024-05-05T15:49:09.523+0000] {processor.py:161} INFO - Started process (PID=1848) to work on /home/airflow/.local/lib/python3.12/site-packages/airflow/example_dags/example_latest_only.py
[2024-05-05T15:49:09.524+0000] {processor.py:830} INFO - Processing file /home/airflow/.local/lib/python3.12/site-packages/airflow/example_dags/example_latest_only.py for tasks to queue
[2024-05-05T15:49:09.525+0000] {logging_mixin.py:188} INFO - [2024-05-05T15:49:09.525+0000] {dagbag.py:540} INFO - Filling up the DagBag from /home/airflow/.local/lib/python3.12/site-packages/airflow/example_dags/example_latest_only.py
[2024-05-05T15:49:09.532+0000] {processor.py:840} INFO - DAG(s) 'latest_only' retrieved from /home/airflow/.local/lib/python3.12/site-packages/airflow/example_dags/example_latest_only.py
[2024-05-05T15:49:09.554+0000] {logging_mixin.py:188} INFO - [2024-05-05T15:49:09.553+0000] {dag.py:3096} INFO - Sync 1 DAGs
[2024-05-05T15:49:09.580+0000] {logging_mixin.py:188} INFO - [2024-05-05T15:49:09.580+0000] {dag.py:3954} INFO - Setting next_dagrun for latest_only to 2024-05-05 08:00:00+00:00, run_after=2024-05-05 12:00:00+00:00
[2024-05-05T15:49:09.604+0000] {processor.py:183} INFO - Processing /home/airflow/.local/lib/python3.12/site-packages/airflow/example_dags/example_latest_only.py took 0.088 seconds
[2024-05-05T15:49:40.298+0000] {processor.py:161} INFO - Started process (PID=1907) to work on /home/airflow/.local/lib/python3.12/site-packages/airflow/example_dags/example_latest_only.py
[2024-05-05T15:49:40.299+0000] {processor.py:830} INFO - Processing file /home/airflow/.local/lib/python3.12/site-packages/airflow/example_dags/example_latest_only.py for tasks to queue
[2024-05-05T15:49:40.301+0000] {logging_mixin.py:188} INFO - [2024-05-05T15:49:40.301+0000] {dagbag.py:540} INFO - Filling up the DagBag from /home/airflow/.local/lib/python3.12/site-packages/airflow/example_dags/example_latest_only.py
[2024-05-05T15:49:40.307+0000] {processor.py:840} INFO - DAG(s) 'latest_only' retrieved from /home/airflow/.local/lib/python3.12/site-packages/airflow/example_dags/example_latest_only.py
[2024-05-05T15:49:40.328+0000] {logging_mixin.py:188} INFO - [2024-05-05T15:49:40.328+0000] {dag.py:3096} INFO - Sync 1 DAGs
[2024-05-05T15:49:40.355+0000] {logging_mixin.py:188} INFO - [2024-05-05T15:49:40.355+0000] {dag.py:3954} INFO - Setting next_dagrun for latest_only to 2024-05-05 08:00:00+00:00, run_after=2024-05-05 12:00:00+00:00
[2024-05-05T15:49:40.378+0000] {processor.py:183} INFO - Processing /home/airflow/.local/lib/python3.12/site-packages/airflow/example_dags/example_latest_only.py took 0.086 seconds
[2024-05-05T15:50:10.876+0000] {processor.py:161} INFO - Started process (PID=1966) to work on /home/airflow/.local/lib/python3.12/site-packages/airflow/example_dags/example_latest_only.py
[2024-05-05T15:50:10.877+0000] {processor.py:830} INFO - Processing file /home/airflow/.local/lib/python3.12/site-packages/airflow/example_dags/example_latest_only.py for tasks to queue
[2024-05-05T15:50:10.886+0000] {logging_mixin.py:188} INFO - [2024-05-05T15:50:10.885+0000] {dagbag.py:540} INFO - Filling up the DagBag from /home/airflow/.local/lib/python3.12/site-packages/airflow/example_dags/example_latest_only.py
[2024-05-05T15:50:10.921+0000] {processor.py:840} INFO - DAG(s) 'latest_only' retrieved from /home/airflow/.local/lib/python3.12/site-packages/airflow/example_dags/example_latest_only.py
[2024-05-05T15:50:11.019+0000] {logging_mixin.py:188} INFO - [2024-05-05T15:50:11.018+0000] {dag.py:3096} INFO - Sync 1 DAGs
[2024-05-05T15:50:11.072+0000] {logging_mixin.py:188} INFO - [2024-05-05T15:50:11.071+0000] {dag.py:3954} INFO - Setting next_dagrun for latest_only to 2024-05-05 08:00:00+00:00, run_after=2024-05-05 12:00:00+00:00
[2024-05-05T15:50:11.097+0000] {processor.py:183} INFO - Processing /home/airflow/.local/lib/python3.12/site-packages/airflow/example_dags/example_latest_only.py took 0.233 seconds
[2024-05-05T15:50:41.743+0000] {processor.py:161} INFO - Started process (PID=2025) to work on /home/airflow/.local/lib/python3.12/site-packages/airflow/example_dags/example_latest_only.py
[2024-05-05T15:50:41.743+0000] {processor.py:830} INFO - Processing file /home/airflow/.local/lib/python3.12/site-packages/airflow/example_dags/example_latest_only.py for tasks to queue
[2024-05-05T15:50:41.745+0000] {logging_mixin.py:188} INFO - [2024-05-05T15:50:41.745+0000] {dagbag.py:540} INFO - Filling up the DagBag from /home/airflow/.local/lib/python3.12/site-packages/airflow/example_dags/example_latest_only.py
[2024-05-05T15:50:41.752+0000] {processor.py:840} INFO - DAG(s) 'latest_only' retrieved from /home/airflow/.local/lib/python3.12/site-packages/airflow/example_dags/example_latest_only.py
[2024-05-05T15:50:41.774+0000] {logging_mixin.py:188} INFO - [2024-05-05T15:50:41.774+0000] {dag.py:3096} INFO - Sync 1 DAGs
[2024-05-05T15:50:41.802+0000] {logging_mixin.py:188} INFO - [2024-05-05T15:50:41.801+0000] {dag.py:3954} INFO - Setting next_dagrun for latest_only to 2024-05-05 08:00:00+00:00, run_after=2024-05-05 12:00:00+00:00
[2024-05-05T15:50:41.833+0000] {processor.py:183} INFO - Processing /home/airflow/.local/lib/python3.12/site-packages/airflow/example_dags/example_latest_only.py took 0.097 seconds
[2024-05-05T15:51:12.542+0000] {processor.py:161} INFO - Started process (PID=2083) to work on /home/airflow/.local/lib/python3.12/site-packages/airflow/example_dags/example_latest_only.py
[2024-05-05T15:51:12.543+0000] {processor.py:830} INFO - Processing file /home/airflow/.local/lib/python3.12/site-packages/airflow/example_dags/example_latest_only.py for tasks to queue
[2024-05-05T15:51:12.545+0000] {logging_mixin.py:188} INFO - [2024-05-05T15:51:12.545+0000] {dagbag.py:540} INFO - Filling up the DagBag from /home/airflow/.local/lib/python3.12/site-packages/airflow/example_dags/example_latest_only.py
[2024-05-05T15:51:12.551+0000] {processor.py:840} INFO - DAG(s) 'latest_only' retrieved from /home/airflow/.local/lib/python3.12/site-packages/airflow/example_dags/example_latest_only.py
[2024-05-05T15:51:12.587+0000] {logging_mixin.py:188} INFO - [2024-05-05T15:51:12.587+0000] {dag.py:3096} INFO - Sync 1 DAGs
[2024-05-05T15:51:12.634+0000] {logging_mixin.py:188} INFO - [2024-05-05T15:51:12.634+0000] {dag.py:3954} INFO - Setting next_dagrun for latest_only to 2024-05-05 08:00:00+00:00, run_after=2024-05-05 12:00:00+00:00
[2024-05-05T15:51:12.662+0000] {processor.py:183} INFO - Processing /home/airflow/.local/lib/python3.12/site-packages/airflow/example_dags/example_latest_only.py took 0.127 seconds
[2024-05-05T15:51:43.037+0000] {processor.py:161} INFO - Started process (PID=2143) to work on /home/airflow/.local/lib/python3.12/site-packages/airflow/example_dags/example_latest_only.py
[2024-05-05T15:51:43.038+0000] {processor.py:830} INFO - Processing file /home/airflow/.local/lib/python3.12/site-packages/airflow/example_dags/example_latest_only.py for tasks to queue
[2024-05-05T15:51:43.040+0000] {logging_mixin.py:188} INFO - [2024-05-05T15:51:43.040+0000] {dagbag.py:540} INFO - Filling up the DagBag from /home/airflow/.local/lib/python3.12/site-packages/airflow/example_dags/example_latest_only.py
[2024-05-05T15:51:43.045+0000] {processor.py:840} INFO - DAG(s) 'latest_only' retrieved from /home/airflow/.local/lib/python3.12/site-packages/airflow/example_dags/example_latest_only.py
[2024-05-05T15:51:43.070+0000] {logging_mixin.py:188} INFO - [2024-05-05T15:51:43.070+0000] {dag.py:3096} INFO - Sync 1 DAGs
[2024-05-05T15:51:43.107+0000] {logging_mixin.py:188} INFO - [2024-05-05T15:51:43.107+0000] {dag.py:3954} INFO - Setting next_dagrun for latest_only to 2024-05-05 08:00:00+00:00, run_after=2024-05-05 12:00:00+00:00
[2024-05-05T15:51:43.135+0000] {processor.py:183} INFO - Processing /home/airflow/.local/lib/python3.12/site-packages/airflow/example_dags/example_latest_only.py took 0.105 seconds
[2024-05-05T15:52:13.231+0000] {processor.py:161} INFO - Started process (PID=2202) to work on /home/airflow/.local/lib/python3.12/site-packages/airflow/example_dags/example_latest_only.py
[2024-05-05T15:52:13.232+0000] {processor.py:830} INFO - Processing file /home/airflow/.local/lib/python3.12/site-packages/airflow/example_dags/example_latest_only.py for tasks to queue
[2024-05-05T15:52:13.233+0000] {logging_mixin.py:188} INFO - [2024-05-05T15:52:13.233+0000] {dagbag.py:540} INFO - Filling up the DagBag from /home/airflow/.local/lib/python3.12/site-packages/airflow/example_dags/example_latest_only.py
[2024-05-05T15:52:13.238+0000] {processor.py:840} INFO - DAG(s) 'latest_only' retrieved from /home/airflow/.local/lib/python3.12/site-packages/airflow/example_dags/example_latest_only.py
[2024-05-05T15:52:13.260+0000] {logging_mixin.py:188} INFO - [2024-05-05T15:52:13.259+0000] {dag.py:3096} INFO - Sync 1 DAGs
[2024-05-05T15:52:13.286+0000] {logging_mixin.py:188} INFO - [2024-05-05T15:52:13.286+0000] {dag.py:3954} INFO - Setting next_dagrun for latest_only to 2024-05-05 08:00:00+00:00, run_after=2024-05-05 12:00:00+00:00
[2024-05-05T15:52:13.320+0000] {processor.py:183} INFO - Processing /home/airflow/.local/lib/python3.12/site-packages/airflow/example_dags/example_latest_only.py took 0.095 seconds
[2024-05-05T15:52:44.323+0000] {processor.py:161} INFO - Started process (PID=2261) to work on /home/airflow/.local/lib/python3.12/site-packages/airflow/example_dags/example_latest_only.py
[2024-05-05T15:52:44.362+0000] {processor.py:830} INFO - Processing file /home/airflow/.local/lib/python3.12/site-packages/airflow/example_dags/example_latest_only.py for tasks to queue
[2024-05-05T15:52:44.372+0000] {logging_mixin.py:188} INFO - [2024-05-05T15:52:44.372+0000] {dagbag.py:540} INFO - Filling up the DagBag from /home/airflow/.local/lib/python3.12/site-packages/airflow/example_dags/example_latest_only.py
[2024-05-05T15:52:44.394+0000] {processor.py:840} INFO - DAG(s) 'latest_only' retrieved from /home/airflow/.local/lib/python3.12/site-packages/airflow/example_dags/example_latest_only.py
[2024-05-05T15:52:44.496+0000] {logging_mixin.py:188} INFO - [2024-05-05T15:52:44.492+0000] {dag.py:3096} INFO - Sync 1 DAGs
[2024-05-05T15:52:44.652+0000] {logging_mixin.py:188} INFO - [2024-05-05T15:52:44.652+0000] {dag.py:3954} INFO - Setting next_dagrun for latest_only to 2024-05-05 08:00:00+00:00, run_after=2024-05-05 12:00:00+00:00
[2024-05-05T15:52:44.746+0000] {processor.py:183} INFO - Processing /home/airflow/.local/lib/python3.12/site-packages/airflow/example_dags/example_latest_only.py took 0.474 seconds
[2024-05-05T15:53:15.139+0000] {processor.py:161} INFO - Started process (PID=2321) to work on /home/airflow/.local/lib/python3.12/site-packages/airflow/example_dags/example_latest_only.py
[2024-05-05T15:53:15.140+0000] {processor.py:830} INFO - Processing file /home/airflow/.local/lib/python3.12/site-packages/airflow/example_dags/example_latest_only.py for tasks to queue
[2024-05-05T15:53:15.141+0000] {logging_mixin.py:188} INFO - [2024-05-05T15:53:15.141+0000] {dagbag.py:540} INFO - Filling up the DagBag from /home/airflow/.local/lib/python3.12/site-packages/airflow/example_dags/example_latest_only.py
[2024-05-05T15:53:15.145+0000] {processor.py:840} INFO - DAG(s) 'latest_only' retrieved from /home/airflow/.local/lib/python3.12/site-packages/airflow/example_dags/example_latest_only.py
[2024-05-05T15:53:15.161+0000] {logging_mixin.py:188} INFO - [2024-05-05T15:53:15.161+0000] {dag.py:3096} INFO - Sync 1 DAGs
[2024-05-05T15:53:15.178+0000] {logging_mixin.py:188} INFO - [2024-05-05T15:53:15.178+0000] {dag.py:3954} INFO - Setting next_dagrun for latest_only to 2024-05-05 08:00:00+00:00, run_after=2024-05-05 12:00:00+00:00
[2024-05-05T15:53:15.197+0000] {processor.py:183} INFO - Processing /home/airflow/.local/lib/python3.12/site-packages/airflow/example_dags/example_latest_only.py took 0.063 seconds
[2024-05-05T15:53:45.544+0000] {processor.py:161} INFO - Started process (PID=2381) to work on /home/airflow/.local/lib/python3.12/site-packages/airflow/example_dags/example_latest_only.py
[2024-05-05T15:53:45.545+0000] {processor.py:830} INFO - Processing file /home/airflow/.local/lib/python3.12/site-packages/airflow/example_dags/example_latest_only.py for tasks to queue
[2024-05-05T15:53:45.546+0000] {logging_mixin.py:188} INFO - [2024-05-05T15:53:45.546+0000] {dagbag.py:540} INFO - Filling up the DagBag from /home/airflow/.local/lib/python3.12/site-packages/airflow/example_dags/example_latest_only.py
[2024-05-05T15:53:45.551+0000] {processor.py:840} INFO - DAG(s) 'latest_only' retrieved from /home/airflow/.local/lib/python3.12/site-packages/airflow/example_dags/example_latest_only.py
[2024-05-05T15:53:45.567+0000] {logging_mixin.py:188} INFO - [2024-05-05T15:53:45.567+0000] {dag.py:3096} INFO - Sync 1 DAGs
[2024-05-05T15:53:45.584+0000] {logging_mixin.py:188} INFO - [2024-05-05T15:53:45.584+0000] {dag.py:3954} INFO - Setting next_dagrun for latest_only to 2024-05-05 08:00:00+00:00, run_after=2024-05-05 12:00:00+00:00
[2024-05-05T15:53:45.604+0000] {processor.py:183} INFO - Processing /home/airflow/.local/lib/python3.12/site-packages/airflow/example_dags/example_latest_only.py took 0.065 seconds
[2024-05-05T15:54:16.467+0000] {processor.py:161} INFO - Started process (PID=2441) to work on /home/airflow/.local/lib/python3.12/site-packages/airflow/example_dags/example_latest_only.py
[2024-05-05T15:54:16.468+0000] {processor.py:830} INFO - Processing file /home/airflow/.local/lib/python3.12/site-packages/airflow/example_dags/example_latest_only.py for tasks to queue
[2024-05-05T15:54:16.470+0000] {logging_mixin.py:188} INFO - [2024-05-05T15:54:16.469+0000] {dagbag.py:540} INFO - Filling up the DagBag from /home/airflow/.local/lib/python3.12/site-packages/airflow/example_dags/example_latest_only.py
[2024-05-05T15:54:16.475+0000] {processor.py:840} INFO - DAG(s) 'latest_only' retrieved from /home/airflow/.local/lib/python3.12/site-packages/airflow/example_dags/example_latest_only.py
[2024-05-05T15:54:16.498+0000] {logging_mixin.py:188} INFO - [2024-05-05T15:54:16.498+0000] {dag.py:3096} INFO - Sync 1 DAGs
[2024-05-05T15:54:16.525+0000] {logging_mixin.py:188} INFO - [2024-05-05T15:54:16.525+0000] {dag.py:3954} INFO - Setting next_dagrun for latest_only to 2024-05-05 08:00:00+00:00, run_after=2024-05-05 12:00:00+00:00
[2024-05-05T15:54:16.552+0000] {processor.py:183} INFO - Processing /home/airflow/.local/lib/python3.12/site-packages/airflow/example_dags/example_latest_only.py took 0.091 seconds
[2024-05-05T15:54:47.009+0000] {processor.py:161} INFO - Started process (PID=2501) to work on /home/airflow/.local/lib/python3.12/site-packages/airflow/example_dags/example_latest_only.py
[2024-05-05T15:54:47.010+0000] {processor.py:830} INFO - Processing file /home/airflow/.local/lib/python3.12/site-packages/airflow/example_dags/example_latest_only.py for tasks to queue
[2024-05-05T15:54:47.012+0000] {logging_mixin.py:188} INFO - [2024-05-05T15:54:47.012+0000] {dagbag.py:540} INFO - Filling up the DagBag from /home/airflow/.local/lib/python3.12/site-packages/airflow/example_dags/example_latest_only.py
[2024-05-05T15:54:47.018+0000] {processor.py:840} INFO - DAG(s) 'latest_only' retrieved from /home/airflow/.local/lib/python3.12/site-packages/airflow/example_dags/example_latest_only.py
[2024-05-05T15:54:47.041+0000] {logging_mixin.py:188} INFO - [2024-05-05T15:54:47.040+0000] {dag.py:3096} INFO - Sync 1 DAGs
[2024-05-05T15:54:47.076+0000] {logging_mixin.py:188} INFO - [2024-05-05T15:54:47.076+0000] {dag.py:3954} INFO - Setting next_dagrun for latest_only to 2024-05-05 08:00:00+00:00, run_after=2024-05-05 12:00:00+00:00
[2024-05-05T15:54:47.114+0000] {processor.py:183} INFO - Processing /home/airflow/.local/lib/python3.12/site-packages/airflow/example_dags/example_latest_only.py took 0.111 seconds
[2024-05-05T15:55:17.631+0000] {processor.py:161} INFO - Started process (PID=2561) to work on /home/airflow/.local/lib/python3.12/site-packages/airflow/example_dags/example_latest_only.py
[2024-05-05T15:55:17.632+0000] {processor.py:830} INFO - Processing file /home/airflow/.local/lib/python3.12/site-packages/airflow/example_dags/example_latest_only.py for tasks to queue
[2024-05-05T15:55:17.634+0000] {logging_mixin.py:188} INFO - [2024-05-05T15:55:17.633+0000] {dagbag.py:540} INFO - Filling up the DagBag from /home/airflow/.local/lib/python3.12/site-packages/airflow/example_dags/example_latest_only.py
[2024-05-05T15:55:17.640+0000] {processor.py:840} INFO - DAG(s) 'latest_only' retrieved from /home/airflow/.local/lib/python3.12/site-packages/airflow/example_dags/example_latest_only.py
[2024-05-05T15:55:17.735+0000] {logging_mixin.py:188} INFO - [2024-05-05T15:55:17.734+0000] {dag.py:3096} INFO - Sync 1 DAGs
[2024-05-05T15:55:17.790+0000] {logging_mixin.py:188} INFO - [2024-05-05T15:55:17.789+0000] {dag.py:3954} INFO - Setting next_dagrun for latest_only to 2024-05-05 08:00:00+00:00, run_after=2024-05-05 12:00:00+00:00
[2024-05-05T15:55:17.832+0000] {processor.py:183} INFO - Processing /home/airflow/.local/lib/python3.12/site-packages/airflow/example_dags/example_latest_only.py took 0.208 seconds
[2024-05-05T15:55:49.084+0000] {processor.py:161} INFO - Started process (PID=2621) to work on /home/airflow/.local/lib/python3.12/site-packages/airflow/example_dags/example_latest_only.py
[2024-05-05T15:55:49.086+0000] {processor.py:830} INFO - Processing file /home/airflow/.local/lib/python3.12/site-packages/airflow/example_dags/example_latest_only.py for tasks to queue
[2024-05-05T15:55:49.087+0000] {logging_mixin.py:188} INFO - [2024-05-05T15:55:49.087+0000] {dagbag.py:540} INFO - Filling up the DagBag from /home/airflow/.local/lib/python3.12/site-packages/airflow/example_dags/example_latest_only.py
[2024-05-05T15:55:49.093+0000] {processor.py:840} INFO - DAG(s) 'latest_only' retrieved from /home/airflow/.local/lib/python3.12/site-packages/airflow/example_dags/example_latest_only.py
[2024-05-05T15:55:49.117+0000] {logging_mixin.py:188} INFO - [2024-05-05T15:55:49.117+0000] {dag.py:3096} INFO - Sync 1 DAGs
[2024-05-05T15:55:49.156+0000] {logging_mixin.py:188} INFO - [2024-05-05T15:55:49.156+0000] {dag.py:3954} INFO - Setting next_dagrun for latest_only to 2024-05-05 08:00:00+00:00, run_after=2024-05-05 12:00:00+00:00
[2024-05-05T15:55:49.183+0000] {processor.py:183} INFO - Processing /home/airflow/.local/lib/python3.12/site-packages/airflow/example_dags/example_latest_only.py took 0.115 seconds
[2024-05-05T15:56:19.880+0000] {processor.py:161} INFO - Started process (PID=2681) to work on /home/airflow/.local/lib/python3.12/site-packages/airflow/example_dags/example_latest_only.py
[2024-05-05T15:56:19.882+0000] {processor.py:830} INFO - Processing file /home/airflow/.local/lib/python3.12/site-packages/airflow/example_dags/example_latest_only.py for tasks to queue
[2024-05-05T15:56:19.885+0000] {logging_mixin.py:188} INFO - [2024-05-05T15:56:19.884+0000] {dagbag.py:540} INFO - Filling up the DagBag from /home/airflow/.local/lib/python3.12/site-packages/airflow/example_dags/example_latest_only.py
[2024-05-05T15:56:19.891+0000] {processor.py:840} INFO - DAG(s) 'latest_only' retrieved from /home/airflow/.local/lib/python3.12/site-packages/airflow/example_dags/example_latest_only.py
[2024-05-05T15:56:19.916+0000] {logging_mixin.py:188} INFO - [2024-05-05T15:56:19.915+0000] {dag.py:3096} INFO - Sync 1 DAGs
[2024-05-05T15:56:19.949+0000] {logging_mixin.py:188} INFO - [2024-05-05T15:56:19.949+0000] {dag.py:3954} INFO - Setting next_dagrun for latest_only to 2024-05-05 08:00:00+00:00, run_after=2024-05-05 12:00:00+00:00
[2024-05-05T15:56:19.976+0000] {processor.py:183} INFO - Processing /home/airflow/.local/lib/python3.12/site-packages/airflow/example_dags/example_latest_only.py took 0.108 seconds
[2024-05-05T15:56:50.819+0000] {processor.py:161} INFO - Started process (PID=2741) to work on /home/airflow/.local/lib/python3.12/site-packages/airflow/example_dags/example_latest_only.py
[2024-05-05T15:56:50.820+0000] {processor.py:830} INFO - Processing file /home/airflow/.local/lib/python3.12/site-packages/airflow/example_dags/example_latest_only.py for tasks to queue
[2024-05-05T15:56:50.822+0000] {logging_mixin.py:188} INFO - [2024-05-05T15:56:50.822+0000] {dagbag.py:540} INFO - Filling up the DagBag from /home/airflow/.local/lib/python3.12/site-packages/airflow/example_dags/example_latest_only.py
[2024-05-05T15:56:50.828+0000] {processor.py:840} INFO - DAG(s) 'latest_only' retrieved from /home/airflow/.local/lib/python3.12/site-packages/airflow/example_dags/example_latest_only.py
[2024-05-05T15:56:50.878+0000] {logging_mixin.py:188} INFO - [2024-05-05T15:56:50.878+0000] {dag.py:3096} INFO - Sync 1 DAGs
[2024-05-05T15:56:50.999+0000] {logging_mixin.py:188} INFO - [2024-05-05T15:56:50.999+0000] {dag.py:3954} INFO - Setting next_dagrun for latest_only to 2024-05-05 08:00:00+00:00, run_after=2024-05-05 12:00:00+00:00
[2024-05-05T15:56:51.061+0000] {processor.py:183} INFO - Processing /home/airflow/.local/lib/python3.12/site-packages/airflow/example_dags/example_latest_only.py took 0.254 seconds
[2024-05-05T15:57:21.190+0000] {processor.py:161} INFO - Started process (PID=2801) to work on /home/airflow/.local/lib/python3.12/site-packages/airflow/example_dags/example_latest_only.py
[2024-05-05T15:57:21.191+0000] {processor.py:830} INFO - Processing file /home/airflow/.local/lib/python3.12/site-packages/airflow/example_dags/example_latest_only.py for tasks to queue
[2024-05-05T15:57:21.192+0000] {logging_mixin.py:188} INFO - [2024-05-05T15:57:21.192+0000] {dagbag.py:540} INFO - Filling up the DagBag from /home/airflow/.local/lib/python3.12/site-packages/airflow/example_dags/example_latest_only.py
[2024-05-05T15:57:21.196+0000] {processor.py:840} INFO - DAG(s) 'latest_only' retrieved from /home/airflow/.local/lib/python3.12/site-packages/airflow/example_dags/example_latest_only.py
[2024-05-05T15:57:21.213+0000] {logging_mixin.py:188} INFO - [2024-05-05T15:57:21.212+0000] {dag.py:3096} INFO - Sync 1 DAGs
[2024-05-05T15:57:21.236+0000] {logging_mixin.py:188} INFO - [2024-05-05T15:57:21.236+0000] {dag.py:3954} INFO - Setting next_dagrun for latest_only to 2024-05-05 08:00:00+00:00, run_after=2024-05-05 12:00:00+00:00
[2024-05-05T15:57:21.259+0000] {processor.py:183} INFO - Processing /home/airflow/.local/lib/python3.12/site-packages/airflow/example_dags/example_latest_only.py took 0.074 seconds
[2024-05-05T15:57:51.532+0000] {processor.py:161} INFO - Started process (PID=2861) to work on /home/airflow/.local/lib/python3.12/site-packages/airflow/example_dags/example_latest_only.py
[2024-05-05T15:57:51.533+0000] {processor.py:830} INFO - Processing file /home/airflow/.local/lib/python3.12/site-packages/airflow/example_dags/example_latest_only.py for tasks to queue
[2024-05-05T15:57:51.535+0000] {logging_mixin.py:188} INFO - [2024-05-05T15:57:51.535+0000] {dagbag.py:540} INFO - Filling up the DagBag from /home/airflow/.local/lib/python3.12/site-packages/airflow/example_dags/example_latest_only.py
[2024-05-05T15:57:51.539+0000] {processor.py:840} INFO - DAG(s) 'latest_only' retrieved from /home/airflow/.local/lib/python3.12/site-packages/airflow/example_dags/example_latest_only.py
[2024-05-05T15:57:51.556+0000] {logging_mixin.py:188} INFO - [2024-05-05T15:57:51.556+0000] {dag.py:3096} INFO - Sync 1 DAGs
[2024-05-05T15:57:51.575+0000] {logging_mixin.py:188} INFO - [2024-05-05T15:57:51.575+0000] {dag.py:3954} INFO - Setting next_dagrun for latest_only to 2024-05-05 08:00:00+00:00, run_after=2024-05-05 12:00:00+00:00
[2024-05-05T15:57:51.595+0000] {processor.py:183} INFO - Processing /home/airflow/.local/lib/python3.12/site-packages/airflow/example_dags/example_latest_only.py took 0.073 seconds
[2024-05-05T15:58:22.166+0000] {processor.py:161} INFO - Started process (PID=2924) to work on /home/airflow/.local/lib/python3.12/site-packages/airflow/example_dags/example_latest_only.py
[2024-05-05T15:58:22.167+0000] {processor.py:830} INFO - Processing file /home/airflow/.local/lib/python3.12/site-packages/airflow/example_dags/example_latest_only.py for tasks to queue
[2024-05-05T15:58:22.168+0000] {logging_mixin.py:188} INFO - [2024-05-05T15:58:22.168+0000] {dagbag.py:540} INFO - Filling up the DagBag from /home/airflow/.local/lib/python3.12/site-packages/airflow/example_dags/example_latest_only.py
[2024-05-05T15:58:22.173+0000] {processor.py:840} INFO - DAG(s) 'latest_only' retrieved from /home/airflow/.local/lib/python3.12/site-packages/airflow/example_dags/example_latest_only.py
[2024-05-05T15:58:22.194+0000] {logging_mixin.py:188} INFO - [2024-05-05T15:58:22.194+0000] {dag.py:3096} INFO - Sync 1 DAGs
[2024-05-05T15:58:22.223+0000] {logging_mixin.py:188} INFO - [2024-05-05T15:58:22.223+0000] {dag.py:3954} INFO - Setting next_dagrun for latest_only to 2024-05-05 08:00:00+00:00, run_after=2024-05-05 12:00:00+00:00
[2024-05-05T15:58:22.248+0000] {processor.py:183} INFO - Processing /home/airflow/.local/lib/python3.12/site-packages/airflow/example_dags/example_latest_only.py took 0.089 seconds
[2024-05-05T15:58:52.806+0000] {processor.py:161} INFO - Started process (PID=2985) to work on /home/airflow/.local/lib/python3.12/site-packages/airflow/example_dags/example_latest_only.py
[2024-05-05T15:58:52.816+0000] {processor.py:830} INFO - Processing file /home/airflow/.local/lib/python3.12/site-packages/airflow/example_dags/example_latest_only.py for tasks to queue
[2024-05-05T15:58:52.824+0000] {logging_mixin.py:188} INFO - [2024-05-05T15:58:52.823+0000] {dagbag.py:540} INFO - Filling up the DagBag from /home/airflow/.local/lib/python3.12/site-packages/airflow/example_dags/example_latest_only.py
[2024-05-05T15:58:52.862+0000] {processor.py:840} INFO - DAG(s) 'latest_only' retrieved from /home/airflow/.local/lib/python3.12/site-packages/airflow/example_dags/example_latest_only.py
[2024-05-05T15:58:52.980+0000] {logging_mixin.py:188} INFO - [2024-05-05T15:58:52.980+0000] {dag.py:3096} INFO - Sync 1 DAGs
[2024-05-05T15:58:53.098+0000] {logging_mixin.py:188} INFO - [2024-05-05T15:58:53.098+0000] {dag.py:3954} INFO - Setting next_dagrun for latest_only to 2024-05-05 08:00:00+00:00, run_after=2024-05-05 12:00:00+00:00
[2024-05-05T15:58:53.185+0000] {processor.py:183} INFO - Processing /home/airflow/.local/lib/python3.12/site-packages/airflow/example_dags/example_latest_only.py took 0.472 seconds
[2024-05-05T15:59:25.721+0000] {processor.py:161} INFO - Started process (PID=3046) to work on /home/airflow/.local/lib/python3.12/site-packages/airflow/example_dags/example_latest_only.py
[2024-05-05T15:59:25.722+0000] {processor.py:830} INFO - Processing file /home/airflow/.local/lib/python3.12/site-packages/airflow/example_dags/example_latest_only.py for tasks to queue
[2024-05-05T15:59:25.753+0000] {logging_mixin.py:188} INFO - [2024-05-05T15:59:25.753+0000] {dagbag.py:540} INFO - Filling up the DagBag from /home/airflow/.local/lib/python3.12/site-packages/airflow/example_dags/example_latest_only.py
[2024-05-05T15:59:25.860+0000] {processor.py:840} INFO - DAG(s) 'latest_only' retrieved from /home/airflow/.local/lib/python3.12/site-packages/airflow/example_dags/example_latest_only.py
[2024-05-05T15:59:25.949+0000] {logging_mixin.py:188} INFO - [2024-05-05T15:59:25.949+0000] {dag.py:3096} INFO - Sync 1 DAGs
[2024-05-05T15:59:26.082+0000] {logging_mixin.py:188} INFO - [2024-05-05T15:59:26.076+0000] {dag.py:3954} INFO - Setting next_dagrun for latest_only to 2024-05-05 08:00:00+00:00, run_after=2024-05-05 12:00:00+00:00
[2024-05-05T15:59:26.227+0000] {processor.py:183} INFO - Processing /home/airflow/.local/lib/python3.12/site-packages/airflow/example_dags/example_latest_only.py took 0.519 seconds
[2024-05-05T15:59:58.838+0000] {processor.py:161} INFO - Started process (PID=3113) to work on /home/airflow/.local/lib/python3.12/site-packages/airflow/example_dags/example_latest_only.py
[2024-05-05T15:59:58.848+0000] {processor.py:830} INFO - Processing file /home/airflow/.local/lib/python3.12/site-packages/airflow/example_dags/example_latest_only.py for tasks to queue
[2024-05-05T15:59:58.850+0000] {logging_mixin.py:188} INFO - [2024-05-05T15:59:58.850+0000] {dagbag.py:540} INFO - Filling up the DagBag from /home/airflow/.local/lib/python3.12/site-packages/airflow/example_dags/example_latest_only.py
[2024-05-05T15:59:58.919+0000] {processor.py:840} INFO - DAG(s) 'latest_only' retrieved from /home/airflow/.local/lib/python3.12/site-packages/airflow/example_dags/example_latest_only.py
[2024-05-05T15:59:59.185+0000] {logging_mixin.py:188} INFO - [2024-05-05T15:59:59.173+0000] {dag.py:3096} INFO - Sync 1 DAGs
[2024-05-05T15:59:59.601+0000] {logging_mixin.py:188} INFO - [2024-05-05T15:59:59.601+0000] {dag.py:3954} INFO - Setting next_dagrun for latest_only to 2024-05-05 08:00:00+00:00, run_after=2024-05-05 12:00:00+00:00
[2024-05-05T15:59:59.944+0000] {processor.py:183} INFO - Processing /home/airflow/.local/lib/python3.12/site-packages/airflow/example_dags/example_latest_only.py took 1.257 seconds
