[2024-05-05T15:33:25.833+0000] {processor.py:161} INFO - Started process (PID=60) to work on /home/airflow/.local/lib/python3.12/site-packages/airflow/example_dags/example_branch_python_dop_operator_3.py
[2024-05-05T15:33:25.836+0000] {processor.py:830} INFO - Processing file /home/airflow/.local/lib/python3.12/site-packages/airflow/example_dags/example_branch_python_dop_operator_3.py for tasks to queue
[2024-05-05T15:33:25.842+0000] {logging_mixin.py:188} INFO - [2024-05-05T15:33:25.841+0000] {dagbag.py:540} INFO - Filling up the DagBag from /home/airflow/.local/lib/python3.12/site-packages/airflow/example_dags/example_branch_python_dop_operator_3.py
[2024-05-05T15:33:25.860+0000] {processor.py:840} INFO - DAG(s) 'example_branch_dop_operator_v3' retrieved from /home/airflow/.local/lib/python3.12/site-packages/airflow/example_dags/example_branch_python_dop_operator_3.py
[2024-05-05T15:33:26.621+0000] {logging_mixin.py:188} INFO - [2024-05-05T15:33:26.620+0000] {override.py:1829} INFO - Created Permission View: can edit on DAG:example_branch_dop_operator_v3
[2024-05-05T15:33:26.737+0000] {logging_mixin.py:188} INFO - [2024-05-05T15:33:26.737+0000] {override.py:1829} INFO - Created Permission View: can read on DAG:example_branch_dop_operator_v3
[2024-05-05T15:33:26.773+0000] {logging_mixin.py:188} INFO - [2024-05-05T15:33:26.772+0000] {override.py:1829} INFO - Created Permission View: can delete on DAG:example_branch_dop_operator_v3
[2024-05-05T15:33:26.773+0000] {logging_mixin.py:188} INFO - [2024-05-05T15:33:26.773+0000] {dag.py:3096} INFO - Sync 1 DAGs
[2024-05-05T15:33:26.854+0000] {logging_mixin.py:188} INFO - [2024-05-05T15:33:26.853+0000] {dag.py:3118} INFO - Creating ORM DAG for example_branch_dop_operator_v3
[2024-05-05T15:33:26.932+0000] {logging_mixin.py:188} INFO - [2024-05-05T15:33:26.931+0000] {dag.py:3954} INFO - Setting next_dagrun for example_branch_dop_operator_v3 to 2024-05-05 15:32:00+00:00, run_after=2024-05-05 15:33:00+00:00
[2024-05-05T15:33:27.017+0000] {processor.py:183} INFO - Processing /home/airflow/.local/lib/python3.12/site-packages/airflow/example_dags/example_branch_python_dop_operator_3.py took 1.196 seconds
[2024-05-05T15:33:57.322+0000] {processor.py:161} INFO - Started process (PID=118) to work on /home/airflow/.local/lib/python3.12/site-packages/airflow/example_dags/example_branch_python_dop_operator_3.py
[2024-05-05T15:33:57.322+0000] {processor.py:830} INFO - Processing file /home/airflow/.local/lib/python3.12/site-packages/airflow/example_dags/example_branch_python_dop_operator_3.py for tasks to queue
[2024-05-05T15:33:57.324+0000] {logging_mixin.py:188} INFO - [2024-05-05T15:33:57.324+0000] {dagbag.py:540} INFO - Filling up the DagBag from /home/airflow/.local/lib/python3.12/site-packages/airflow/example_dags/example_branch_python_dop_operator_3.py
[2024-05-05T15:33:57.334+0000] {processor.py:840} INFO - DAG(s) 'example_branch_dop_operator_v3' retrieved from /home/airflow/.local/lib/python3.12/site-packages/airflow/example_dags/example_branch_python_dop_operator_3.py
[2024-05-05T15:33:57.356+0000] {logging_mixin.py:188} INFO - [2024-05-05T15:33:57.355+0000] {dag.py:3096} INFO - Sync 1 DAGs
[2024-05-05T15:33:57.387+0000] {logging_mixin.py:188} INFO - [2024-05-05T15:33:57.387+0000] {dag.py:3954} INFO - Setting next_dagrun for example_branch_dop_operator_v3 to 2024-05-05 15:32:00+00:00, run_after=2024-05-05 15:33:00+00:00
[2024-05-05T15:33:57.411+0000] {processor.py:183} INFO - Processing /home/airflow/.local/lib/python3.12/site-packages/airflow/example_dags/example_branch_python_dop_operator_3.py took 0.099 seconds
[2024-05-05T15:34:27.719+0000] {processor.py:161} INFO - Started process (PID=176) to work on /home/airflow/.local/lib/python3.12/site-packages/airflow/example_dags/example_branch_python_dop_operator_3.py
[2024-05-05T15:34:27.720+0000] {processor.py:830} INFO - Processing file /home/airflow/.local/lib/python3.12/site-packages/airflow/example_dags/example_branch_python_dop_operator_3.py for tasks to queue
[2024-05-05T15:34:27.722+0000] {logging_mixin.py:188} INFO - [2024-05-05T15:34:27.721+0000] {dagbag.py:540} INFO - Filling up the DagBag from /home/airflow/.local/lib/python3.12/site-packages/airflow/example_dags/example_branch_python_dop_operator_3.py
[2024-05-05T15:34:27.736+0000] {processor.py:840} INFO - DAG(s) 'example_branch_dop_operator_v3' retrieved from /home/airflow/.local/lib/python3.12/site-packages/airflow/example_dags/example_branch_python_dop_operator_3.py
[2024-05-05T15:34:27.757+0000] {logging_mixin.py:188} INFO - [2024-05-05T15:34:27.757+0000] {dag.py:3096} INFO - Sync 1 DAGs
[2024-05-05T15:34:27.790+0000] {logging_mixin.py:188} INFO - [2024-05-05T15:34:27.789+0000] {dag.py:3954} INFO - Setting next_dagrun for example_branch_dop_operator_v3 to 2024-05-05 15:33:00+00:00, run_after=2024-05-05 15:34:00+00:00
[2024-05-05T15:34:27.816+0000] {processor.py:183} INFO - Processing /home/airflow/.local/lib/python3.12/site-packages/airflow/example_dags/example_branch_python_dop_operator_3.py took 0.103 seconds
[2024-05-05T15:34:58.202+0000] {processor.py:161} INFO - Started process (PID=233) to work on /home/airflow/.local/lib/python3.12/site-packages/airflow/example_dags/example_branch_python_dop_operator_3.py
[2024-05-05T15:34:58.202+0000] {processor.py:830} INFO - Processing file /home/airflow/.local/lib/python3.12/site-packages/airflow/example_dags/example_branch_python_dop_operator_3.py for tasks to queue
[2024-05-05T15:34:58.207+0000] {logging_mixin.py:188} INFO - [2024-05-05T15:34:58.207+0000] {dagbag.py:540} INFO - Filling up the DagBag from /home/airflow/.local/lib/python3.12/site-packages/airflow/example_dags/example_branch_python_dop_operator_3.py
[2024-05-05T15:34:58.224+0000] {processor.py:840} INFO - DAG(s) 'example_branch_dop_operator_v3' retrieved from /home/airflow/.local/lib/python3.12/site-packages/airflow/example_dags/example_branch_python_dop_operator_3.py
[2024-05-05T15:34:58.307+0000] {logging_mixin.py:188} INFO - [2024-05-05T15:34:58.307+0000] {dag.py:3096} INFO - Sync 1 DAGs
[2024-05-05T15:34:58.357+0000] {logging_mixin.py:188} INFO - [2024-05-05T15:34:58.357+0000] {dag.py:3954} INFO - Setting next_dagrun for example_branch_dop_operator_v3 to 2024-05-05 15:33:00+00:00, run_after=2024-05-05 15:34:00+00:00
[2024-05-05T15:34:58.397+0000] {processor.py:183} INFO - Processing /home/airflow/.local/lib/python3.12/site-packages/airflow/example_dags/example_branch_python_dop_operator_3.py took 0.214 seconds
[2024-05-05T15:35:28.895+0000] {processor.py:161} INFO - Started process (PID=291) to work on /home/airflow/.local/lib/python3.12/site-packages/airflow/example_dags/example_branch_python_dop_operator_3.py
[2024-05-05T15:35:28.896+0000] {processor.py:830} INFO - Processing file /home/airflow/.local/lib/python3.12/site-packages/airflow/example_dags/example_branch_python_dop_operator_3.py for tasks to queue
[2024-05-05T15:35:28.898+0000] {logging_mixin.py:188} INFO - [2024-05-05T15:35:28.898+0000] {dagbag.py:540} INFO - Filling up the DagBag from /home/airflow/.local/lib/python3.12/site-packages/airflow/example_dags/example_branch_python_dop_operator_3.py
[2024-05-05T15:35:28.909+0000] {processor.py:840} INFO - DAG(s) 'example_branch_dop_operator_v3' retrieved from /home/airflow/.local/lib/python3.12/site-packages/airflow/example_dags/example_branch_python_dop_operator_3.py
[2024-05-05T15:35:28.931+0000] {logging_mixin.py:188} INFO - [2024-05-05T15:35:28.931+0000] {dag.py:3096} INFO - Sync 1 DAGs
[2024-05-05T15:35:28.963+0000] {logging_mixin.py:188} INFO - [2024-05-05T15:35:28.963+0000] {dag.py:3954} INFO - Setting next_dagrun for example_branch_dop_operator_v3 to 2024-05-05 15:34:00+00:00, run_after=2024-05-05 15:35:00+00:00
[2024-05-05T15:35:28.988+0000] {processor.py:183} INFO - Processing /home/airflow/.local/lib/python3.12/site-packages/airflow/example_dags/example_branch_python_dop_operator_3.py took 0.099 seconds
[2024-05-05T15:35:59.452+0000] {processor.py:161} INFO - Started process (PID=349) to work on /home/airflow/.local/lib/python3.12/site-packages/airflow/example_dags/example_branch_python_dop_operator_3.py
[2024-05-05T15:35:59.453+0000] {processor.py:830} INFO - Processing file /home/airflow/.local/lib/python3.12/site-packages/airflow/example_dags/example_branch_python_dop_operator_3.py for tasks to queue
[2024-05-05T15:35:59.455+0000] {logging_mixin.py:188} INFO - [2024-05-05T15:35:59.455+0000] {dagbag.py:540} INFO - Filling up the DagBag from /home/airflow/.local/lib/python3.12/site-packages/airflow/example_dags/example_branch_python_dop_operator_3.py
[2024-05-05T15:35:59.500+0000] {processor.py:840} INFO - DAG(s) 'example_branch_dop_operator_v3' retrieved from /home/airflow/.local/lib/python3.12/site-packages/airflow/example_dags/example_branch_python_dop_operator_3.py
[2024-05-05T15:35:59.587+0000] {logging_mixin.py:188} INFO - [2024-05-05T15:35:59.586+0000] {dag.py:3096} INFO - Sync 1 DAGs
[2024-05-05T15:35:59.650+0000] {logging_mixin.py:188} INFO - [2024-05-05T15:35:59.650+0000] {dag.py:3954} INFO - Setting next_dagrun for example_branch_dop_operator_v3 to 2024-05-05 15:34:00+00:00, run_after=2024-05-05 15:35:00+00:00
[2024-05-05T15:35:59.718+0000] {processor.py:183} INFO - Processing /home/airflow/.local/lib/python3.12/site-packages/airflow/example_dags/example_branch_python_dop_operator_3.py took 0.319 seconds
[2024-05-05T15:36:30.252+0000] {processor.py:161} INFO - Started process (PID=408) to work on /home/airflow/.local/lib/python3.12/site-packages/airflow/example_dags/example_branch_python_dop_operator_3.py
[2024-05-05T15:36:30.253+0000] {processor.py:830} INFO - Processing file /home/airflow/.local/lib/python3.12/site-packages/airflow/example_dags/example_branch_python_dop_operator_3.py for tasks to queue
[2024-05-05T15:36:30.255+0000] {logging_mixin.py:188} INFO - [2024-05-05T15:36:30.255+0000] {dagbag.py:540} INFO - Filling up the DagBag from /home/airflow/.local/lib/python3.12/site-packages/airflow/example_dags/example_branch_python_dop_operator_3.py
[2024-05-05T15:36:30.268+0000] {processor.py:840} INFO - DAG(s) 'example_branch_dop_operator_v3' retrieved from /home/airflow/.local/lib/python3.12/site-packages/airflow/example_dags/example_branch_python_dop_operator_3.py
[2024-05-05T15:36:30.319+0000] {logging_mixin.py:188} INFO - [2024-05-05T15:36:30.317+0000] {dag.py:3096} INFO - Sync 1 DAGs
[2024-05-05T15:36:30.359+0000] {logging_mixin.py:188} INFO - [2024-05-05T15:36:30.359+0000] {dag.py:3954} INFO - Setting next_dagrun for example_branch_dop_operator_v3 to 2024-05-05 15:35:00+00:00, run_after=2024-05-05 15:36:00+00:00
[2024-05-05T15:36:30.389+0000] {processor.py:183} INFO - Processing /home/airflow/.local/lib/python3.12/site-packages/airflow/example_dags/example_branch_python_dop_operator_3.py took 0.145 seconds
[2024-05-05T15:37:00.615+0000] {processor.py:161} INFO - Started process (PID=466) to work on /home/airflow/.local/lib/python3.12/site-packages/airflow/example_dags/example_branch_python_dop_operator_3.py
[2024-05-05T15:37:00.620+0000] {processor.py:830} INFO - Processing file /home/airflow/.local/lib/python3.12/site-packages/airflow/example_dags/example_branch_python_dop_operator_3.py for tasks to queue
[2024-05-05T15:37:00.622+0000] {logging_mixin.py:188} INFO - [2024-05-05T15:37:00.622+0000] {dagbag.py:540} INFO - Filling up the DagBag from /home/airflow/.local/lib/python3.12/site-packages/airflow/example_dags/example_branch_python_dop_operator_3.py
[2024-05-05T15:37:00.640+0000] {processor.py:840} INFO - DAG(s) 'example_branch_dop_operator_v3' retrieved from /home/airflow/.local/lib/python3.12/site-packages/airflow/example_dags/example_branch_python_dop_operator_3.py
[2024-05-05T15:37:00.691+0000] {logging_mixin.py:188} INFO - [2024-05-05T15:37:00.690+0000] {dag.py:3096} INFO - Sync 1 DAGs
[2024-05-05T15:37:00.727+0000] {logging_mixin.py:188} INFO - [2024-05-05T15:37:00.727+0000] {dag.py:3954} INFO - Setting next_dagrun for example_branch_dop_operator_v3 to 2024-05-05 15:36:00+00:00, run_after=2024-05-05 15:37:00+00:00
[2024-05-05T15:37:00.750+0000] {processor.py:183} INFO - Processing /home/airflow/.local/lib/python3.12/site-packages/airflow/example_dags/example_branch_python_dop_operator_3.py took 0.141 seconds
[2024-05-05T15:37:31.264+0000] {processor.py:161} INFO - Started process (PID=525) to work on /home/airflow/.local/lib/python3.12/site-packages/airflow/example_dags/example_branch_python_dop_operator_3.py
[2024-05-05T15:37:31.265+0000] {processor.py:830} INFO - Processing file /home/airflow/.local/lib/python3.12/site-packages/airflow/example_dags/example_branch_python_dop_operator_3.py for tasks to queue
[2024-05-05T15:37:31.267+0000] {logging_mixin.py:188} INFO - [2024-05-05T15:37:31.267+0000] {dagbag.py:540} INFO - Filling up the DagBag from /home/airflow/.local/lib/python3.12/site-packages/airflow/example_dags/example_branch_python_dop_operator_3.py
[2024-05-05T15:37:31.293+0000] {processor.py:840} INFO - DAG(s) 'example_branch_dop_operator_v3' retrieved from /home/airflow/.local/lib/python3.12/site-packages/airflow/example_dags/example_branch_python_dop_operator_3.py
[2024-05-05T15:37:31.334+0000] {logging_mixin.py:188} INFO - [2024-05-05T15:37:31.334+0000] {dag.py:3096} INFO - Sync 1 DAGs
[2024-05-05T15:37:31.390+0000] {logging_mixin.py:188} INFO - [2024-05-05T15:37:31.390+0000] {dag.py:3954} INFO - Setting next_dagrun for example_branch_dop_operator_v3 to 2024-05-05 15:36:00+00:00, run_after=2024-05-05 15:37:00+00:00
[2024-05-05T15:37:31.414+0000] {processor.py:183} INFO - Processing /home/airflow/.local/lib/python3.12/site-packages/airflow/example_dags/example_branch_python_dop_operator_3.py took 0.165 seconds
[2024-05-05T15:38:02.105+0000] {processor.py:161} INFO - Started process (PID=584) to work on /home/airflow/.local/lib/python3.12/site-packages/airflow/example_dags/example_branch_python_dop_operator_3.py
[2024-05-05T15:38:02.106+0000] {processor.py:830} INFO - Processing file /home/airflow/.local/lib/python3.12/site-packages/airflow/example_dags/example_branch_python_dop_operator_3.py for tasks to queue
[2024-05-05T15:38:02.108+0000] {logging_mixin.py:188} INFO - [2024-05-05T15:38:02.107+0000] {dagbag.py:540} INFO - Filling up the DagBag from /home/airflow/.local/lib/python3.12/site-packages/airflow/example_dags/example_branch_python_dop_operator_3.py
[2024-05-05T15:38:02.118+0000] {processor.py:840} INFO - DAG(s) 'example_branch_dop_operator_v3' retrieved from /home/airflow/.local/lib/python3.12/site-packages/airflow/example_dags/example_branch_python_dop_operator_3.py
[2024-05-05T15:38:02.144+0000] {logging_mixin.py:188} INFO - [2024-05-05T15:38:02.144+0000] {dag.py:3096} INFO - Sync 1 DAGs
[2024-05-05T15:38:02.177+0000] {logging_mixin.py:188} INFO - [2024-05-05T15:38:02.177+0000] {dag.py:3954} INFO - Setting next_dagrun for example_branch_dop_operator_v3 to 2024-05-05 15:37:00+00:00, run_after=2024-05-05 15:38:00+00:00
[2024-05-05T15:38:02.210+0000] {processor.py:183} INFO - Processing /home/airflow/.local/lib/python3.12/site-packages/airflow/example_dags/example_branch_python_dop_operator_3.py took 0.113 seconds
[2024-05-05T15:38:32.291+0000] {processor.py:161} INFO - Started process (PID=642) to work on /home/airflow/.local/lib/python3.12/site-packages/airflow/example_dags/example_branch_python_dop_operator_3.py
[2024-05-05T15:38:32.292+0000] {processor.py:830} INFO - Processing file /home/airflow/.local/lib/python3.12/site-packages/airflow/example_dags/example_branch_python_dop_operator_3.py for tasks to queue
[2024-05-05T15:38:32.294+0000] {logging_mixin.py:188} INFO - [2024-05-05T15:38:32.293+0000] {dagbag.py:540} INFO - Filling up the DagBag from /home/airflow/.local/lib/python3.12/site-packages/airflow/example_dags/example_branch_python_dop_operator_3.py
[2024-05-05T15:38:32.305+0000] {processor.py:840} INFO - DAG(s) 'example_branch_dop_operator_v3' retrieved from /home/airflow/.local/lib/python3.12/site-packages/airflow/example_dags/example_branch_python_dop_operator_3.py
[2024-05-05T15:38:32.329+0000] {logging_mixin.py:188} INFO - [2024-05-05T15:38:32.329+0000] {dag.py:3096} INFO - Sync 1 DAGs
[2024-05-05T15:38:32.361+0000] {logging_mixin.py:188} INFO - [2024-05-05T15:38:32.361+0000] {dag.py:3954} INFO - Setting next_dagrun for example_branch_dop_operator_v3 to 2024-05-05 15:37:00+00:00, run_after=2024-05-05 15:38:00+00:00
[2024-05-05T15:38:32.406+0000] {processor.py:183} INFO - Processing /home/airflow/.local/lib/python3.12/site-packages/airflow/example_dags/example_branch_python_dop_operator_3.py took 0.132 seconds
[2024-05-05T15:39:03.366+0000] {processor.py:161} INFO - Started process (PID=700) to work on /home/airflow/.local/lib/python3.12/site-packages/airflow/example_dags/example_branch_python_dop_operator_3.py
[2024-05-05T15:39:03.366+0000] {processor.py:830} INFO - Processing file /home/airflow/.local/lib/python3.12/site-packages/airflow/example_dags/example_branch_python_dop_operator_3.py for tasks to queue
[2024-05-05T15:39:03.369+0000] {logging_mixin.py:188} INFO - [2024-05-05T15:39:03.368+0000] {dagbag.py:540} INFO - Filling up the DagBag from /home/airflow/.local/lib/python3.12/site-packages/airflow/example_dags/example_branch_python_dop_operator_3.py
[2024-05-05T15:39:03.378+0000] {processor.py:840} INFO - DAG(s) 'example_branch_dop_operator_v3' retrieved from /home/airflow/.local/lib/python3.12/site-packages/airflow/example_dags/example_branch_python_dop_operator_3.py
[2024-05-05T15:39:03.404+0000] {logging_mixin.py:188} INFO - [2024-05-05T15:39:03.404+0000] {dag.py:3096} INFO - Sync 1 DAGs
[2024-05-05T15:39:03.435+0000] {logging_mixin.py:188} INFO - [2024-05-05T15:39:03.435+0000] {dag.py:3954} INFO - Setting next_dagrun for example_branch_dop_operator_v3 to 2024-05-05 15:38:00+00:00, run_after=2024-05-05 15:39:00+00:00
[2024-05-05T15:39:03.459+0000] {processor.py:183} INFO - Processing /home/airflow/.local/lib/python3.12/site-packages/airflow/example_dags/example_branch_python_dop_operator_3.py took 0.100 seconds
[2024-05-05T15:39:34.256+0000] {processor.py:161} INFO - Started process (PID=759) to work on /home/airflow/.local/lib/python3.12/site-packages/airflow/example_dags/example_branch_python_dop_operator_3.py
[2024-05-05T15:39:34.257+0000] {processor.py:830} INFO - Processing file /home/airflow/.local/lib/python3.12/site-packages/airflow/example_dags/example_branch_python_dop_operator_3.py for tasks to queue
[2024-05-05T15:39:34.259+0000] {logging_mixin.py:188} INFO - [2024-05-05T15:39:34.259+0000] {dagbag.py:540} INFO - Filling up the DagBag from /home/airflow/.local/lib/python3.12/site-packages/airflow/example_dags/example_branch_python_dop_operator_3.py
[2024-05-05T15:39:34.297+0000] {processor.py:840} INFO - DAG(s) 'example_branch_dop_operator_v3' retrieved from /home/airflow/.local/lib/python3.12/site-packages/airflow/example_dags/example_branch_python_dop_operator_3.py
[2024-05-05T15:39:34.333+0000] {logging_mixin.py:188} INFO - [2024-05-05T15:39:34.333+0000] {dag.py:3096} INFO - Sync 1 DAGs
[2024-05-05T15:39:34.401+0000] {logging_mixin.py:188} INFO - [2024-05-05T15:39:34.401+0000] {dag.py:3954} INFO - Setting next_dagrun for example_branch_dop_operator_v3 to 2024-05-05 15:38:00+00:00, run_after=2024-05-05 15:39:00+00:00
[2024-05-05T15:39:34.434+0000] {processor.py:183} INFO - Processing /home/airflow/.local/lib/python3.12/site-packages/airflow/example_dags/example_branch_python_dop_operator_3.py took 0.195 seconds
[2024-05-05T15:40:05.283+0000] {processor.py:161} INFO - Started process (PID=816) to work on /home/airflow/.local/lib/python3.12/site-packages/airflow/example_dags/example_branch_python_dop_operator_3.py
[2024-05-05T15:40:05.284+0000] {processor.py:830} INFO - Processing file /home/airflow/.local/lib/python3.12/site-packages/airflow/example_dags/example_branch_python_dop_operator_3.py for tasks to queue
[2024-05-05T15:40:05.286+0000] {logging_mixin.py:188} INFO - [2024-05-05T15:40:05.286+0000] {dagbag.py:540} INFO - Filling up the DagBag from /home/airflow/.local/lib/python3.12/site-packages/airflow/example_dags/example_branch_python_dop_operator_3.py
[2024-05-05T15:40:05.296+0000] {processor.py:840} INFO - DAG(s) 'example_branch_dop_operator_v3' retrieved from /home/airflow/.local/lib/python3.12/site-packages/airflow/example_dags/example_branch_python_dop_operator_3.py
[2024-05-05T15:40:05.318+0000] {logging_mixin.py:188} INFO - [2024-05-05T15:40:05.317+0000] {dag.py:3096} INFO - Sync 1 DAGs
[2024-05-05T15:40:05.357+0000] {logging_mixin.py:188} INFO - [2024-05-05T15:40:05.357+0000] {dag.py:3954} INFO - Setting next_dagrun for example_branch_dop_operator_v3 to 2024-05-05 15:39:00+00:00, run_after=2024-05-05 15:40:00+00:00
[2024-05-05T15:40:05.398+0000] {processor.py:183} INFO - Processing /home/airflow/.local/lib/python3.12/site-packages/airflow/example_dags/example_branch_python_dop_operator_3.py took 0.122 seconds
[2024-05-05T15:40:36.825+0000] {processor.py:161} INFO - Started process (PID=874) to work on /home/airflow/.local/lib/python3.12/site-packages/airflow/example_dags/example_branch_python_dop_operator_3.py
[2024-05-05T15:40:36.827+0000] {processor.py:830} INFO - Processing file /home/airflow/.local/lib/python3.12/site-packages/airflow/example_dags/example_branch_python_dop_operator_3.py for tasks to queue
[2024-05-05T15:40:36.829+0000] {logging_mixin.py:188} INFO - [2024-05-05T15:40:36.829+0000] {dagbag.py:540} INFO - Filling up the DagBag from /home/airflow/.local/lib/python3.12/site-packages/airflow/example_dags/example_branch_python_dop_operator_3.py
[2024-05-05T15:40:36.856+0000] {processor.py:840} INFO - DAG(s) 'example_branch_dop_operator_v3' retrieved from /home/airflow/.local/lib/python3.12/site-packages/airflow/example_dags/example_branch_python_dop_operator_3.py
[2024-05-05T15:40:36.925+0000] {logging_mixin.py:188} INFO - [2024-05-05T15:40:36.925+0000] {dag.py:3096} INFO - Sync 1 DAGs
[2024-05-05T15:40:37.322+0000] {logging_mixin.py:188} INFO - [2024-05-05T15:40:37.322+0000] {dag.py:3954} INFO - Setting next_dagrun for example_branch_dop_operator_v3 to 2024-05-05 15:39:00+00:00, run_after=2024-05-05 15:40:00+00:00
[2024-05-05T15:40:37.364+0000] {processor.py:183} INFO - Processing /home/airflow/.local/lib/python3.12/site-packages/airflow/example_dags/example_branch_python_dop_operator_3.py took 0.551 seconds
[2024-05-05T15:41:08.146+0000] {processor.py:161} INFO - Started process (PID=931) to work on /home/airflow/.local/lib/python3.12/site-packages/airflow/example_dags/example_branch_python_dop_operator_3.py
[2024-05-05T15:41:08.148+0000] {processor.py:830} INFO - Processing file /home/airflow/.local/lib/python3.12/site-packages/airflow/example_dags/example_branch_python_dop_operator_3.py for tasks to queue
[2024-05-05T15:41:08.152+0000] {logging_mixin.py:188} INFO - [2024-05-05T15:41:08.152+0000] {dagbag.py:540} INFO - Filling up the DagBag from /home/airflow/.local/lib/python3.12/site-packages/airflow/example_dags/example_branch_python_dop_operator_3.py
[2024-05-05T15:41:08.170+0000] {processor.py:840} INFO - DAG(s) 'example_branch_dop_operator_v3' retrieved from /home/airflow/.local/lib/python3.12/site-packages/airflow/example_dags/example_branch_python_dop_operator_3.py
[2024-05-05T15:41:08.251+0000] {logging_mixin.py:188} INFO - [2024-05-05T15:41:08.251+0000] {dag.py:3096} INFO - Sync 1 DAGs
[2024-05-05T15:41:08.589+0000] {logging_mixin.py:188} INFO - [2024-05-05T15:41:08.589+0000] {dag.py:3954} INFO - Setting next_dagrun for example_branch_dop_operator_v3 to 2024-05-05 15:40:00+00:00, run_after=2024-05-05 15:41:00+00:00
[2024-05-05T15:41:08.634+0000] {processor.py:183} INFO - Processing /home/airflow/.local/lib/python3.12/site-packages/airflow/example_dags/example_branch_python_dop_operator_3.py took 0.508 seconds
[2024-05-05T15:41:38.971+0000] {processor.py:161} INFO - Started process (PID=990) to work on /home/airflow/.local/lib/python3.12/site-packages/airflow/example_dags/example_branch_python_dop_operator_3.py
[2024-05-05T15:41:38.972+0000] {processor.py:830} INFO - Processing file /home/airflow/.local/lib/python3.12/site-packages/airflow/example_dags/example_branch_python_dop_operator_3.py for tasks to queue
[2024-05-05T15:41:38.974+0000] {logging_mixin.py:188} INFO - [2024-05-05T15:41:38.973+0000] {dagbag.py:540} INFO - Filling up the DagBag from /home/airflow/.local/lib/python3.12/site-packages/airflow/example_dags/example_branch_python_dop_operator_3.py
[2024-05-05T15:41:38.990+0000] {processor.py:840} INFO - DAG(s) 'example_branch_dop_operator_v3' retrieved from /home/airflow/.local/lib/python3.12/site-packages/airflow/example_dags/example_branch_python_dop_operator_3.py
[2024-05-05T15:41:39.007+0000] {logging_mixin.py:188} INFO - [2024-05-05T15:41:39.007+0000] {dag.py:3096} INFO - Sync 1 DAGs
[2024-05-05T15:41:39.028+0000] {logging_mixin.py:188} INFO - [2024-05-05T15:41:39.028+0000] {dag.py:3954} INFO - Setting next_dagrun for example_branch_dop_operator_v3 to 2024-05-05 15:40:00+00:00, run_after=2024-05-05 15:41:00+00:00
[2024-05-05T15:41:39.048+0000] {processor.py:183} INFO - Processing /home/airflow/.local/lib/python3.12/site-packages/airflow/example_dags/example_branch_python_dop_operator_3.py took 0.089 seconds
[2024-05-05T15:42:10.151+0000] {processor.py:161} INFO - Started process (PID=1049) to work on /home/airflow/.local/lib/python3.12/site-packages/airflow/example_dags/example_branch_python_dop_operator_3.py
[2024-05-05T15:42:10.152+0000] {processor.py:830} INFO - Processing file /home/airflow/.local/lib/python3.12/site-packages/airflow/example_dags/example_branch_python_dop_operator_3.py for tasks to queue
[2024-05-05T15:42:10.154+0000] {logging_mixin.py:188} INFO - [2024-05-05T15:42:10.153+0000] {dagbag.py:540} INFO - Filling up the DagBag from /home/airflow/.local/lib/python3.12/site-packages/airflow/example_dags/example_branch_python_dop_operator_3.py
[2024-05-05T15:42:10.164+0000] {processor.py:840} INFO - DAG(s) 'example_branch_dop_operator_v3' retrieved from /home/airflow/.local/lib/python3.12/site-packages/airflow/example_dags/example_branch_python_dop_operator_3.py
[2024-05-05T15:42:10.187+0000] {logging_mixin.py:188} INFO - [2024-05-05T15:42:10.187+0000] {dag.py:3096} INFO - Sync 1 DAGs
[2024-05-05T15:42:10.218+0000] {logging_mixin.py:188} INFO - [2024-05-05T15:42:10.218+0000] {dag.py:3954} INFO - Setting next_dagrun for example_branch_dop_operator_v3 to 2024-05-05 15:41:00+00:00, run_after=2024-05-05 15:42:00+00:00
[2024-05-05T15:42:10.244+0000] {processor.py:183} INFO - Processing /home/airflow/.local/lib/python3.12/site-packages/airflow/example_dags/example_branch_python_dop_operator_3.py took 0.100 seconds
[2024-05-05T15:42:41.237+0000] {processor.py:161} INFO - Started process (PID=1107) to work on /home/airflow/.local/lib/python3.12/site-packages/airflow/example_dags/example_branch_python_dop_operator_3.py
[2024-05-05T15:42:41.241+0000] {processor.py:830} INFO - Processing file /home/airflow/.local/lib/python3.12/site-packages/airflow/example_dags/example_branch_python_dop_operator_3.py for tasks to queue
[2024-05-05T15:42:41.243+0000] {logging_mixin.py:188} INFO - [2024-05-05T15:42:41.243+0000] {dagbag.py:540} INFO - Filling up the DagBag from /home/airflow/.local/lib/python3.12/site-packages/airflow/example_dags/example_branch_python_dop_operator_3.py
[2024-05-05T15:42:41.260+0000] {processor.py:840} INFO - DAG(s) 'example_branch_dop_operator_v3' retrieved from /home/airflow/.local/lib/python3.12/site-packages/airflow/example_dags/example_branch_python_dop_operator_3.py
[2024-05-05T15:42:41.320+0000] {logging_mixin.py:188} INFO - [2024-05-05T15:42:41.320+0000] {dag.py:3096} INFO - Sync 1 DAGs
[2024-05-05T15:42:41.486+0000] {logging_mixin.py:188} INFO - [2024-05-05T15:42:41.486+0000] {dag.py:3954} INFO - Setting next_dagrun for example_branch_dop_operator_v3 to 2024-05-05 15:41:00+00:00, run_after=2024-05-05 15:42:00+00:00
[2024-05-05T15:42:41.627+0000] {processor.py:183} INFO - Processing /home/airflow/.local/lib/python3.12/site-packages/airflow/example_dags/example_branch_python_dop_operator_3.py took 0.403 seconds
[2024-05-05T15:43:12.172+0000] {processor.py:161} INFO - Started process (PID=1165) to work on /home/airflow/.local/lib/python3.12/site-packages/airflow/example_dags/example_branch_python_dop_operator_3.py
[2024-05-05T15:43:12.173+0000] {processor.py:830} INFO - Processing file /home/airflow/.local/lib/python3.12/site-packages/airflow/example_dags/example_branch_python_dop_operator_3.py for tasks to queue
[2024-05-05T15:43:12.175+0000] {logging_mixin.py:188} INFO - [2024-05-05T15:43:12.174+0000] {dagbag.py:540} INFO - Filling up the DagBag from /home/airflow/.local/lib/python3.12/site-packages/airflow/example_dags/example_branch_python_dop_operator_3.py
[2024-05-05T15:43:12.189+0000] {processor.py:840} INFO - DAG(s) 'example_branch_dop_operator_v3' retrieved from /home/airflow/.local/lib/python3.12/site-packages/airflow/example_dags/example_branch_python_dop_operator_3.py
[2024-05-05T15:43:12.228+0000] {logging_mixin.py:188} INFO - [2024-05-05T15:43:12.228+0000] {dag.py:3096} INFO - Sync 1 DAGs
[2024-05-05T15:43:12.323+0000] {logging_mixin.py:188} INFO - [2024-05-05T15:43:12.323+0000] {dag.py:3954} INFO - Setting next_dagrun for example_branch_dop_operator_v3 to 2024-05-05 15:42:00+00:00, run_after=2024-05-05 15:43:00+00:00
[2024-05-05T15:43:12.435+0000] {processor.py:183} INFO - Processing /home/airflow/.local/lib/python3.12/site-packages/airflow/example_dags/example_branch_python_dop_operator_3.py took 0.278 seconds
[2024-05-05T15:43:43.077+0000] {processor.py:161} INFO - Started process (PID=1223) to work on /home/airflow/.local/lib/python3.12/site-packages/airflow/example_dags/example_branch_python_dop_operator_3.py
[2024-05-05T15:43:43.078+0000] {processor.py:830} INFO - Processing file /home/airflow/.local/lib/python3.12/site-packages/airflow/example_dags/example_branch_python_dop_operator_3.py for tasks to queue
[2024-05-05T15:43:43.079+0000] {logging_mixin.py:188} INFO - [2024-05-05T15:43:43.079+0000] {dagbag.py:540} INFO - Filling up the DagBag from /home/airflow/.local/lib/python3.12/site-packages/airflow/example_dags/example_branch_python_dop_operator_3.py
[2024-05-05T15:43:43.112+0000] {processor.py:840} INFO - DAG(s) 'example_branch_dop_operator_v3' retrieved from /home/airflow/.local/lib/python3.12/site-packages/airflow/example_dags/example_branch_python_dop_operator_3.py
[2024-05-05T15:43:43.159+0000] {logging_mixin.py:188} INFO - [2024-05-05T15:43:43.159+0000] {dag.py:3096} INFO - Sync 1 DAGs
[2024-05-05T15:43:43.218+0000] {logging_mixin.py:188} INFO - [2024-05-05T15:43:43.218+0000] {dag.py:3954} INFO - Setting next_dagrun for example_branch_dop_operator_v3 to 2024-05-05 15:42:00+00:00, run_after=2024-05-05 15:43:00+00:00
[2024-05-05T15:43:43.321+0000] {processor.py:183} INFO - Processing /home/airflow/.local/lib/python3.12/site-packages/airflow/example_dags/example_branch_python_dop_operator_3.py took 0.267 seconds
[2024-05-05T15:44:14.094+0000] {processor.py:161} INFO - Started process (PID=1281) to work on /home/airflow/.local/lib/python3.12/site-packages/airflow/example_dags/example_branch_python_dop_operator_3.py
[2024-05-05T15:44:14.094+0000] {processor.py:830} INFO - Processing file /home/airflow/.local/lib/python3.12/site-packages/airflow/example_dags/example_branch_python_dop_operator_3.py for tasks to queue
[2024-05-05T15:44:14.096+0000] {logging_mixin.py:188} INFO - [2024-05-05T15:44:14.096+0000] {dagbag.py:540} INFO - Filling up the DagBag from /home/airflow/.local/lib/python3.12/site-packages/airflow/example_dags/example_branch_python_dop_operator_3.py
[2024-05-05T15:44:14.106+0000] {processor.py:840} INFO - DAG(s) 'example_branch_dop_operator_v3' retrieved from /home/airflow/.local/lib/python3.12/site-packages/airflow/example_dags/example_branch_python_dop_operator_3.py
[2024-05-05T15:44:14.129+0000] {logging_mixin.py:188} INFO - [2024-05-05T15:44:14.128+0000] {dag.py:3096} INFO - Sync 1 DAGs
[2024-05-05T15:44:14.161+0000] {logging_mixin.py:188} INFO - [2024-05-05T15:44:14.160+0000] {dag.py:3954} INFO - Setting next_dagrun for example_branch_dop_operator_v3 to 2024-05-05 15:43:00+00:00, run_after=2024-05-05 15:44:00+00:00
[2024-05-05T15:44:14.188+0000] {processor.py:183} INFO - Processing /home/airflow/.local/lib/python3.12/site-packages/airflow/example_dags/example_branch_python_dop_operator_3.py took 0.101 seconds
[2024-05-05T15:44:44.353+0000] {processor.py:161} INFO - Started process (PID=1339) to work on /home/airflow/.local/lib/python3.12/site-packages/airflow/example_dags/example_branch_python_dop_operator_3.py
[2024-05-05T15:44:44.354+0000] {processor.py:830} INFO - Processing file /home/airflow/.local/lib/python3.12/site-packages/airflow/example_dags/example_branch_python_dop_operator_3.py for tasks to queue
[2024-05-05T15:44:44.356+0000] {logging_mixin.py:188} INFO - [2024-05-05T15:44:44.356+0000] {dagbag.py:540} INFO - Filling up the DagBag from /home/airflow/.local/lib/python3.12/site-packages/airflow/example_dags/example_branch_python_dop_operator_3.py
[2024-05-05T15:44:44.366+0000] {processor.py:840} INFO - DAG(s) 'example_branch_dop_operator_v3' retrieved from /home/airflow/.local/lib/python3.12/site-packages/airflow/example_dags/example_branch_python_dop_operator_3.py
[2024-05-05T15:44:44.389+0000] {logging_mixin.py:188} INFO - [2024-05-05T15:44:44.389+0000] {dag.py:3096} INFO - Sync 1 DAGs
[2024-05-05T15:44:44.486+0000] {logging_mixin.py:188} INFO - [2024-05-05T15:44:44.485+0000] {dag.py:3954} INFO - Setting next_dagrun for example_branch_dop_operator_v3 to 2024-05-05 15:43:00+00:00, run_after=2024-05-05 15:44:00+00:00
[2024-05-05T15:44:44.511+0000] {processor.py:183} INFO - Processing /home/airflow/.local/lib/python3.12/site-packages/airflow/example_dags/example_branch_python_dop_operator_3.py took 0.165 seconds
[2024-05-05T15:45:15.382+0000] {processor.py:161} INFO - Started process (PID=1396) to work on /home/airflow/.local/lib/python3.12/site-packages/airflow/example_dags/example_branch_python_dop_operator_3.py
[2024-05-05T15:45:15.383+0000] {processor.py:830} INFO - Processing file /home/airflow/.local/lib/python3.12/site-packages/airflow/example_dags/example_branch_python_dop_operator_3.py for tasks to queue
[2024-05-05T15:45:15.384+0000] {logging_mixin.py:188} INFO - [2024-05-05T15:45:15.384+0000] {dagbag.py:540} INFO - Filling up the DagBag from /home/airflow/.local/lib/python3.12/site-packages/airflow/example_dags/example_branch_python_dop_operator_3.py
[2024-05-05T15:45:15.394+0000] {processor.py:840} INFO - DAG(s) 'example_branch_dop_operator_v3' retrieved from /home/airflow/.local/lib/python3.12/site-packages/airflow/example_dags/example_branch_python_dop_operator_3.py
[2024-05-05T15:45:15.432+0000] {logging_mixin.py:188} INFO - [2024-05-05T15:45:15.432+0000] {dag.py:3096} INFO - Sync 1 DAGs
[2024-05-05T15:45:15.489+0000] {logging_mixin.py:188} INFO - [2024-05-05T15:45:15.489+0000] {dag.py:3954} INFO - Setting next_dagrun for example_branch_dop_operator_v3 to 2024-05-05 15:44:00+00:00, run_after=2024-05-05 15:45:00+00:00
[2024-05-05T15:45:15.553+0000] {processor.py:183} INFO - Processing /home/airflow/.local/lib/python3.12/site-packages/airflow/example_dags/example_branch_python_dop_operator_3.py took 0.178 seconds
[2024-05-05T15:45:45.777+0000] {processor.py:161} INFO - Started process (PID=1454) to work on /home/airflow/.local/lib/python3.12/site-packages/airflow/example_dags/example_branch_python_dop_operator_3.py
[2024-05-05T15:45:45.778+0000] {processor.py:830} INFO - Processing file /home/airflow/.local/lib/python3.12/site-packages/airflow/example_dags/example_branch_python_dop_operator_3.py for tasks to queue
[2024-05-05T15:45:45.780+0000] {logging_mixin.py:188} INFO - [2024-05-05T15:45:45.780+0000] {dagbag.py:540} INFO - Filling up the DagBag from /home/airflow/.local/lib/python3.12/site-packages/airflow/example_dags/example_branch_python_dop_operator_3.py
[2024-05-05T15:45:45.804+0000] {processor.py:840} INFO - DAG(s) 'example_branch_dop_operator_v3' retrieved from /home/airflow/.local/lib/python3.12/site-packages/airflow/example_dags/example_branch_python_dop_operator_3.py
[2024-05-05T15:45:45.841+0000] {logging_mixin.py:188} INFO - [2024-05-05T15:45:45.841+0000] {dag.py:3096} INFO - Sync 1 DAGs
[2024-05-05T15:45:45.903+0000] {logging_mixin.py:188} INFO - [2024-05-05T15:45:45.902+0000] {dag.py:3954} INFO - Setting next_dagrun for example_branch_dop_operator_v3 to 2024-05-05 15:44:00+00:00, run_after=2024-05-05 15:45:00+00:00
[2024-05-05T15:45:45.946+0000] {processor.py:183} INFO - Processing /home/airflow/.local/lib/python3.12/site-packages/airflow/example_dags/example_branch_python_dop_operator_3.py took 0.188 seconds
[2024-05-05T15:46:16.864+0000] {processor.py:161} INFO - Started process (PID=1513) to work on /home/airflow/.local/lib/python3.12/site-packages/airflow/example_dags/example_branch_python_dop_operator_3.py
[2024-05-05T15:46:16.865+0000] {processor.py:830} INFO - Processing file /home/airflow/.local/lib/python3.12/site-packages/airflow/example_dags/example_branch_python_dop_operator_3.py for tasks to queue
[2024-05-05T15:46:16.867+0000] {logging_mixin.py:188} INFO - [2024-05-05T15:46:16.867+0000] {dagbag.py:540} INFO - Filling up the DagBag from /home/airflow/.local/lib/python3.12/site-packages/airflow/example_dags/example_branch_python_dop_operator_3.py
[2024-05-05T15:46:16.877+0000] {processor.py:840} INFO - DAG(s) 'example_branch_dop_operator_v3' retrieved from /home/airflow/.local/lib/python3.12/site-packages/airflow/example_dags/example_branch_python_dop_operator_3.py
[2024-05-05T15:46:16.899+0000] {logging_mixin.py:188} INFO - [2024-05-05T15:46:16.898+0000] {dag.py:3096} INFO - Sync 1 DAGs
[2024-05-05T15:46:16.935+0000] {logging_mixin.py:188} INFO - [2024-05-05T15:46:16.935+0000] {dag.py:3954} INFO - Setting next_dagrun for example_branch_dop_operator_v3 to 2024-05-05 15:45:00+00:00, run_after=2024-05-05 15:46:00+00:00
[2024-05-05T15:46:16.960+0000] {processor.py:183} INFO - Processing /home/airflow/.local/lib/python3.12/site-packages/airflow/example_dags/example_branch_python_dop_operator_3.py took 0.102 seconds
[2024-05-05T15:46:47.294+0000] {processor.py:161} INFO - Started process (PID=1570) to work on /home/airflow/.local/lib/python3.12/site-packages/airflow/example_dags/example_branch_python_dop_operator_3.py
[2024-05-05T15:46:47.295+0000] {processor.py:830} INFO - Processing file /home/airflow/.local/lib/python3.12/site-packages/airflow/example_dags/example_branch_python_dop_operator_3.py for tasks to queue
[2024-05-05T15:46:47.297+0000] {logging_mixin.py:188} INFO - [2024-05-05T15:46:47.296+0000] {dagbag.py:540} INFO - Filling up the DagBag from /home/airflow/.local/lib/python3.12/site-packages/airflow/example_dags/example_branch_python_dop_operator_3.py
[2024-05-05T15:46:47.307+0000] {processor.py:840} INFO - DAG(s) 'example_branch_dop_operator_v3' retrieved from /home/airflow/.local/lib/python3.12/site-packages/airflow/example_dags/example_branch_python_dop_operator_3.py
[2024-05-05T15:46:47.329+0000] {logging_mixin.py:188} INFO - [2024-05-05T15:46:47.329+0000] {dag.py:3096} INFO - Sync 1 DAGs
[2024-05-05T15:46:47.359+0000] {logging_mixin.py:188} INFO - [2024-05-05T15:46:47.359+0000] {dag.py:3954} INFO - Setting next_dagrun for example_branch_dop_operator_v3 to 2024-05-05 15:45:00+00:00, run_after=2024-05-05 15:46:00+00:00
[2024-05-05T15:46:47.385+0000] {processor.py:183} INFO - Processing /home/airflow/.local/lib/python3.12/site-packages/airflow/example_dags/example_branch_python_dop_operator_3.py took 0.101 seconds
[2024-05-05T15:47:17.491+0000] {processor.py:161} INFO - Started process (PID=1626) to work on /home/airflow/.local/lib/python3.12/site-packages/airflow/example_dags/example_branch_python_dop_operator_3.py
[2024-05-05T15:47:17.492+0000] {processor.py:830} INFO - Processing file /home/airflow/.local/lib/python3.12/site-packages/airflow/example_dags/example_branch_python_dop_operator_3.py for tasks to queue
[2024-05-05T15:47:17.494+0000] {logging_mixin.py:188} INFO - [2024-05-05T15:47:17.494+0000] {dagbag.py:540} INFO - Filling up the DagBag from /home/airflow/.local/lib/python3.12/site-packages/airflow/example_dags/example_branch_python_dop_operator_3.py
[2024-05-05T15:47:17.505+0000] {processor.py:840} INFO - DAG(s) 'example_branch_dop_operator_v3' retrieved from /home/airflow/.local/lib/python3.12/site-packages/airflow/example_dags/example_branch_python_dop_operator_3.py
[2024-05-05T15:47:17.528+0000] {logging_mixin.py:188} INFO - [2024-05-05T15:47:17.528+0000] {dag.py:3096} INFO - Sync 1 DAGs
[2024-05-05T15:47:17.562+0000] {logging_mixin.py:188} INFO - [2024-05-05T15:47:17.561+0000] {dag.py:3954} INFO - Setting next_dagrun for example_branch_dop_operator_v3 to 2024-05-05 15:46:00+00:00, run_after=2024-05-05 15:47:00+00:00
[2024-05-05T15:47:17.589+0000] {processor.py:183} INFO - Processing /home/airflow/.local/lib/python3.12/site-packages/airflow/example_dags/example_branch_python_dop_operator_3.py took 0.111 seconds
[2024-05-05T15:47:48.501+0000] {processor.py:161} INFO - Started process (PID=1685) to work on /home/airflow/.local/lib/python3.12/site-packages/airflow/example_dags/example_branch_python_dop_operator_3.py
[2024-05-05T15:47:48.505+0000] {processor.py:830} INFO - Processing file /home/airflow/.local/lib/python3.12/site-packages/airflow/example_dags/example_branch_python_dop_operator_3.py for tasks to queue
[2024-05-05T15:47:48.512+0000] {logging_mixin.py:188} INFO - [2024-05-05T15:47:48.512+0000] {dagbag.py:540} INFO - Filling up the DagBag from /home/airflow/.local/lib/python3.12/site-packages/airflow/example_dags/example_branch_python_dop_operator_3.py
[2024-05-05T15:47:48.571+0000] {processor.py:840} INFO - DAG(s) 'example_branch_dop_operator_v3' retrieved from /home/airflow/.local/lib/python3.12/site-packages/airflow/example_dags/example_branch_python_dop_operator_3.py
[2024-05-05T15:47:48.649+0000] {logging_mixin.py:188} INFO - [2024-05-05T15:47:48.649+0000] {dag.py:3096} INFO - Sync 1 DAGs
[2024-05-05T15:47:48.720+0000] {logging_mixin.py:188} INFO - [2024-05-05T15:47:48.718+0000] {dag.py:3954} INFO - Setting next_dagrun for example_branch_dop_operator_v3 to 2024-05-05 15:46:00+00:00, run_after=2024-05-05 15:47:00+00:00
[2024-05-05T15:47:48.774+0000] {processor.py:183} INFO - Processing /home/airflow/.local/lib/python3.12/site-packages/airflow/example_dags/example_branch_python_dop_operator_3.py took 0.284 seconds
[2024-05-05T15:48:18.840+0000] {processor.py:161} INFO - Started process (PID=1744) to work on /home/airflow/.local/lib/python3.12/site-packages/airflow/example_dags/example_branch_python_dop_operator_3.py
[2024-05-05T15:48:18.841+0000] {processor.py:830} INFO - Processing file /home/airflow/.local/lib/python3.12/site-packages/airflow/example_dags/example_branch_python_dop_operator_3.py for tasks to queue
[2024-05-05T15:48:18.843+0000] {logging_mixin.py:188} INFO - [2024-05-05T15:48:18.843+0000] {dagbag.py:540} INFO - Filling up the DagBag from /home/airflow/.local/lib/python3.12/site-packages/airflow/example_dags/example_branch_python_dop_operator_3.py
[2024-05-05T15:48:18.856+0000] {processor.py:840} INFO - DAG(s) 'example_branch_dop_operator_v3' retrieved from /home/airflow/.local/lib/python3.12/site-packages/airflow/example_dags/example_branch_python_dop_operator_3.py
[2024-05-05T15:48:18.883+0000] {logging_mixin.py:188} INFO - [2024-05-05T15:48:18.882+0000] {dag.py:3096} INFO - Sync 1 DAGs
[2024-05-05T15:48:18.909+0000] {logging_mixin.py:188} INFO - [2024-05-05T15:48:18.908+0000] {dag.py:3954} INFO - Setting next_dagrun for example_branch_dop_operator_v3 to 2024-05-05 15:47:00+00:00, run_after=2024-05-05 15:48:00+00:00
[2024-05-05T15:48:18.952+0000] {processor.py:183} INFO - Processing /home/airflow/.local/lib/python3.12/site-packages/airflow/example_dags/example_branch_python_dop_operator_3.py took 0.120 seconds
[2024-05-05T15:48:48.990+0000] {processor.py:161} INFO - Started process (PID=1803) to work on /home/airflow/.local/lib/python3.12/site-packages/airflow/example_dags/example_branch_python_dop_operator_3.py
[2024-05-05T15:48:48.990+0000] {processor.py:830} INFO - Processing file /home/airflow/.local/lib/python3.12/site-packages/airflow/example_dags/example_branch_python_dop_operator_3.py for tasks to queue
[2024-05-05T15:48:48.992+0000] {logging_mixin.py:188} INFO - [2024-05-05T15:48:48.992+0000] {dagbag.py:540} INFO - Filling up the DagBag from /home/airflow/.local/lib/python3.12/site-packages/airflow/example_dags/example_branch_python_dop_operator_3.py
[2024-05-05T15:48:49.000+0000] {processor.py:840} INFO - DAG(s) 'example_branch_dop_operator_v3' retrieved from /home/airflow/.local/lib/python3.12/site-packages/airflow/example_dags/example_branch_python_dop_operator_3.py
[2024-05-05T15:48:49.016+0000] {logging_mixin.py:188} INFO - [2024-05-05T15:48:49.016+0000] {dag.py:3096} INFO - Sync 1 DAGs
[2024-05-05T15:48:49.037+0000] {logging_mixin.py:188} INFO - [2024-05-05T15:48:49.037+0000] {dag.py:3954} INFO - Setting next_dagrun for example_branch_dop_operator_v3 to 2024-05-05 15:47:00+00:00, run_after=2024-05-05 15:48:00+00:00
[2024-05-05T15:48:49.057+0000] {processor.py:183} INFO - Processing /home/airflow/.local/lib/python3.12/site-packages/airflow/example_dags/example_branch_python_dop_operator_3.py took 0.073 seconds
[2024-05-05T15:49:19.866+0000] {processor.py:161} INFO - Started process (PID=1862) to work on /home/airflow/.local/lib/python3.12/site-packages/airflow/example_dags/example_branch_python_dop_operator_3.py
[2024-05-05T15:49:19.867+0000] {processor.py:830} INFO - Processing file /home/airflow/.local/lib/python3.12/site-packages/airflow/example_dags/example_branch_python_dop_operator_3.py for tasks to queue
[2024-05-05T15:49:19.868+0000] {logging_mixin.py:188} INFO - [2024-05-05T15:49:19.868+0000] {dagbag.py:540} INFO - Filling up the DagBag from /home/airflow/.local/lib/python3.12/site-packages/airflow/example_dags/example_branch_python_dop_operator_3.py
[2024-05-05T15:49:19.875+0000] {processor.py:840} INFO - DAG(s) 'example_branch_dop_operator_v3' retrieved from /home/airflow/.local/lib/python3.12/site-packages/airflow/example_dags/example_branch_python_dop_operator_3.py
[2024-05-05T15:49:19.890+0000] {logging_mixin.py:188} INFO - [2024-05-05T15:49:19.890+0000] {dag.py:3096} INFO - Sync 1 DAGs
[2024-05-05T15:49:19.911+0000] {logging_mixin.py:188} INFO - [2024-05-05T15:49:19.911+0000] {dag.py:3954} INFO - Setting next_dagrun for example_branch_dop_operator_v3 to 2024-05-05 15:48:00+00:00, run_after=2024-05-05 15:49:00+00:00
[2024-05-05T15:49:19.931+0000] {processor.py:183} INFO - Processing /home/airflow/.local/lib/python3.12/site-packages/airflow/example_dags/example_branch_python_dop_operator_3.py took 0.070 seconds
[2024-05-05T15:49:50.198+0000] {processor.py:161} INFO - Started process (PID=1921) to work on /home/airflow/.local/lib/python3.12/site-packages/airflow/example_dags/example_branch_python_dop_operator_3.py
[2024-05-05T15:49:50.198+0000] {processor.py:830} INFO - Processing file /home/airflow/.local/lib/python3.12/site-packages/airflow/example_dags/example_branch_python_dop_operator_3.py for tasks to queue
[2024-05-05T15:49:50.200+0000] {logging_mixin.py:188} INFO - [2024-05-05T15:49:50.199+0000] {dagbag.py:540} INFO - Filling up the DagBag from /home/airflow/.local/lib/python3.12/site-packages/airflow/example_dags/example_branch_python_dop_operator_3.py
[2024-05-05T15:49:50.207+0000] {processor.py:840} INFO - DAG(s) 'example_branch_dop_operator_v3' retrieved from /home/airflow/.local/lib/python3.12/site-packages/airflow/example_dags/example_branch_python_dop_operator_3.py
[2024-05-05T15:49:50.223+0000] {logging_mixin.py:188} INFO - [2024-05-05T15:49:50.223+0000] {dag.py:3096} INFO - Sync 1 DAGs
[2024-05-05T15:49:50.245+0000] {logging_mixin.py:188} INFO - [2024-05-05T15:49:50.245+0000] {dag.py:3954} INFO - Setting next_dagrun for example_branch_dop_operator_v3 to 2024-05-05 15:48:00+00:00, run_after=2024-05-05 15:49:00+00:00
[2024-05-05T15:49:50.267+0000] {processor.py:183} INFO - Processing /home/airflow/.local/lib/python3.12/site-packages/airflow/example_dags/example_branch_python_dop_operator_3.py took 0.074 seconds
[2024-05-05T15:50:20.817+0000] {processor.py:161} INFO - Started process (PID=1980) to work on /home/airflow/.local/lib/python3.12/site-packages/airflow/example_dags/example_branch_python_dop_operator_3.py
[2024-05-05T15:50:20.818+0000] {processor.py:830} INFO - Processing file /home/airflow/.local/lib/python3.12/site-packages/airflow/example_dags/example_branch_python_dop_operator_3.py for tasks to queue
[2024-05-05T15:50:20.820+0000] {logging_mixin.py:188} INFO - [2024-05-05T15:50:20.819+0000] {dagbag.py:540} INFO - Filling up the DagBag from /home/airflow/.local/lib/python3.12/site-packages/airflow/example_dags/example_branch_python_dop_operator_3.py
[2024-05-05T15:50:20.848+0000] {processor.py:840} INFO - DAG(s) 'example_branch_dop_operator_v3' retrieved from /home/airflow/.local/lib/python3.12/site-packages/airflow/example_dags/example_branch_python_dop_operator_3.py
[2024-05-05T15:50:20.880+0000] {logging_mixin.py:188} INFO - [2024-05-05T15:50:20.880+0000] {dag.py:3096} INFO - Sync 1 DAGs
[2024-05-05T15:50:20.945+0000] {logging_mixin.py:188} INFO - [2024-05-05T15:50:20.945+0000] {dag.py:3954} INFO - Setting next_dagrun for example_branch_dop_operator_v3 to 2024-05-05 15:49:00+00:00, run_after=2024-05-05 15:50:00+00:00
[2024-05-05T15:50:20.992+0000] {processor.py:183} INFO - Processing /home/airflow/.local/lib/python3.12/site-packages/airflow/example_dags/example_branch_python_dop_operator_3.py took 0.190 seconds
[2024-05-05T15:50:51.205+0000] {processor.py:161} INFO - Started process (PID=2039) to work on /home/airflow/.local/lib/python3.12/site-packages/airflow/example_dags/example_branch_python_dop_operator_3.py
[2024-05-05T15:50:51.205+0000] {processor.py:830} INFO - Processing file /home/airflow/.local/lib/python3.12/site-packages/airflow/example_dags/example_branch_python_dop_operator_3.py for tasks to queue
[2024-05-05T15:50:51.207+0000] {logging_mixin.py:188} INFO - [2024-05-05T15:50:51.206+0000] {dagbag.py:540} INFO - Filling up the DagBag from /home/airflow/.local/lib/python3.12/site-packages/airflow/example_dags/example_branch_python_dop_operator_3.py
[2024-05-05T15:50:51.214+0000] {processor.py:840} INFO - DAG(s) 'example_branch_dop_operator_v3' retrieved from /home/airflow/.local/lib/python3.12/site-packages/airflow/example_dags/example_branch_python_dop_operator_3.py
[2024-05-05T15:50:51.247+0000] {logging_mixin.py:188} INFO - [2024-05-05T15:50:51.247+0000] {dag.py:3096} INFO - Sync 1 DAGs
[2024-05-05T15:50:51.279+0000] {logging_mixin.py:188} INFO - [2024-05-05T15:50:51.279+0000] {dag.py:3954} INFO - Setting next_dagrun for example_branch_dop_operator_v3 to 2024-05-05 15:49:00+00:00, run_after=2024-05-05 15:50:00+00:00
[2024-05-05T15:50:51.305+0000] {processor.py:183} INFO - Processing /home/airflow/.local/lib/python3.12/site-packages/airflow/example_dags/example_branch_python_dop_operator_3.py took 0.105 seconds
[2024-05-05T15:51:21.803+0000] {processor.py:161} INFO - Started process (PID=2097) to work on /home/airflow/.local/lib/python3.12/site-packages/airflow/example_dags/example_branch_python_dop_operator_3.py
[2024-05-05T15:51:21.804+0000] {processor.py:830} INFO - Processing file /home/airflow/.local/lib/python3.12/site-packages/airflow/example_dags/example_branch_python_dop_operator_3.py for tasks to queue
[2024-05-05T15:51:21.806+0000] {logging_mixin.py:188} INFO - [2024-05-05T15:51:21.805+0000] {dagbag.py:540} INFO - Filling up the DagBag from /home/airflow/.local/lib/python3.12/site-packages/airflow/example_dags/example_branch_python_dop_operator_3.py
[2024-05-05T15:51:21.813+0000] {processor.py:840} INFO - DAG(s) 'example_branch_dop_operator_v3' retrieved from /home/airflow/.local/lib/python3.12/site-packages/airflow/example_dags/example_branch_python_dop_operator_3.py
[2024-05-05T15:51:21.829+0000] {logging_mixin.py:188} INFO - [2024-05-05T15:51:21.829+0000] {dag.py:3096} INFO - Sync 1 DAGs
[2024-05-05T15:51:21.853+0000] {logging_mixin.py:188} INFO - [2024-05-05T15:51:21.853+0000] {dag.py:3954} INFO - Setting next_dagrun for example_branch_dop_operator_v3 to 2024-05-05 15:50:00+00:00, run_after=2024-05-05 15:51:00+00:00
[2024-05-05T15:51:21.873+0000] {processor.py:183} INFO - Processing /home/airflow/.local/lib/python3.12/site-packages/airflow/example_dags/example_branch_python_dop_operator_3.py took 0.075 seconds
[2024-05-05T15:51:51.933+0000] {processor.py:161} INFO - Started process (PID=2156) to work on /home/airflow/.local/lib/python3.12/site-packages/airflow/example_dags/example_branch_python_dop_operator_3.py
[2024-05-05T15:51:51.934+0000] {processor.py:830} INFO - Processing file /home/airflow/.local/lib/python3.12/site-packages/airflow/example_dags/example_branch_python_dop_operator_3.py for tasks to queue
[2024-05-05T15:51:51.935+0000] {logging_mixin.py:188} INFO - [2024-05-05T15:51:51.935+0000] {dagbag.py:540} INFO - Filling up the DagBag from /home/airflow/.local/lib/python3.12/site-packages/airflow/example_dags/example_branch_python_dop_operator_3.py
[2024-05-05T15:51:51.945+0000] {processor.py:840} INFO - DAG(s) 'example_branch_dop_operator_v3' retrieved from /home/airflow/.local/lib/python3.12/site-packages/airflow/example_dags/example_branch_python_dop_operator_3.py
[2024-05-05T15:51:51.966+0000] {logging_mixin.py:188} INFO - [2024-05-05T15:51:51.966+0000] {dag.py:3096} INFO - Sync 1 DAGs
[2024-05-05T15:51:51.987+0000] {logging_mixin.py:188} INFO - [2024-05-05T15:51:51.987+0000] {dag.py:3954} INFO - Setting next_dagrun for example_branch_dop_operator_v3 to 2024-05-05 15:50:00+00:00, run_after=2024-05-05 15:51:00+00:00
[2024-05-05T15:51:52.011+0000] {processor.py:183} INFO - Processing /home/airflow/.local/lib/python3.12/site-packages/airflow/example_dags/example_branch_python_dop_operator_3.py took 0.099 seconds
[2024-05-05T15:52:22.077+0000] {processor.py:161} INFO - Started process (PID=2216) to work on /home/airflow/.local/lib/python3.12/site-packages/airflow/example_dags/example_branch_python_dop_operator_3.py
[2024-05-05T15:52:22.077+0000] {processor.py:830} INFO - Processing file /home/airflow/.local/lib/python3.12/site-packages/airflow/example_dags/example_branch_python_dop_operator_3.py for tasks to queue
[2024-05-05T15:52:22.079+0000] {logging_mixin.py:188} INFO - [2024-05-05T15:52:22.079+0000] {dagbag.py:540} INFO - Filling up the DagBag from /home/airflow/.local/lib/python3.12/site-packages/airflow/example_dags/example_branch_python_dop_operator_3.py
[2024-05-05T15:52:22.089+0000] {processor.py:840} INFO - DAG(s) 'example_branch_dop_operator_v3' retrieved from /home/airflow/.local/lib/python3.12/site-packages/airflow/example_dags/example_branch_python_dop_operator_3.py
[2024-05-05T15:52:22.111+0000] {logging_mixin.py:188} INFO - [2024-05-05T15:52:22.111+0000] {dag.py:3096} INFO - Sync 1 DAGs
[2024-05-05T15:52:22.144+0000] {logging_mixin.py:188} INFO - [2024-05-05T15:52:22.143+0000] {dag.py:3954} INFO - Setting next_dagrun for example_branch_dop_operator_v3 to 2024-05-05 15:51:00+00:00, run_after=2024-05-05 15:52:00+00:00
[2024-05-05T15:52:22.168+0000] {processor.py:183} INFO - Processing /home/airflow/.local/lib/python3.12/site-packages/airflow/example_dags/example_branch_python_dop_operator_3.py took 0.098 seconds
[2024-05-05T15:52:52.311+0000] {processor.py:161} INFO - Started process (PID=2275) to work on /home/airflow/.local/lib/python3.12/site-packages/airflow/example_dags/example_branch_python_dop_operator_3.py
[2024-05-05T15:52:52.312+0000] {processor.py:830} INFO - Processing file /home/airflow/.local/lib/python3.12/site-packages/airflow/example_dags/example_branch_python_dop_operator_3.py for tasks to queue
[2024-05-05T15:52:52.314+0000] {logging_mixin.py:188} INFO - [2024-05-05T15:52:52.314+0000] {dagbag.py:540} INFO - Filling up the DagBag from /home/airflow/.local/lib/python3.12/site-packages/airflow/example_dags/example_branch_python_dop_operator_3.py
[2024-05-05T15:52:52.324+0000] {processor.py:840} INFO - DAG(s) 'example_branch_dop_operator_v3' retrieved from /home/airflow/.local/lib/python3.12/site-packages/airflow/example_dags/example_branch_python_dop_operator_3.py
[2024-05-05T15:52:52.349+0000] {logging_mixin.py:188} INFO - [2024-05-05T15:52:52.349+0000] {dag.py:3096} INFO - Sync 1 DAGs
[2024-05-05T15:52:52.386+0000] {logging_mixin.py:188} INFO - [2024-05-05T15:52:52.386+0000] {dag.py:3954} INFO - Setting next_dagrun for example_branch_dop_operator_v3 to 2024-05-05 15:51:00+00:00, run_after=2024-05-05 15:52:00+00:00
[2024-05-05T15:52:52.418+0000] {processor.py:183} INFO - Processing /home/airflow/.local/lib/python3.12/site-packages/airflow/example_dags/example_branch_python_dop_operator_3.py took 0.129 seconds
[2024-05-05T15:53:22.759+0000] {processor.py:161} INFO - Started process (PID=2335) to work on /home/airflow/.local/lib/python3.12/site-packages/airflow/example_dags/example_branch_python_dop_operator_3.py
[2024-05-05T15:53:22.779+0000] {processor.py:830} INFO - Processing file /home/airflow/.local/lib/python3.12/site-packages/airflow/example_dags/example_branch_python_dop_operator_3.py for tasks to queue
[2024-05-05T15:53:22.789+0000] {logging_mixin.py:188} INFO - [2024-05-05T15:53:22.781+0000] {dagbag.py:540} INFO - Filling up the DagBag from /home/airflow/.local/lib/python3.12/site-packages/airflow/example_dags/example_branch_python_dop_operator_3.py
[2024-05-05T15:53:22.850+0000] {processor.py:840} INFO - DAG(s) 'example_branch_dop_operator_v3' retrieved from /home/airflow/.local/lib/python3.12/site-packages/airflow/example_dags/example_branch_python_dop_operator_3.py
[2024-05-05T15:53:22.992+0000] {logging_mixin.py:188} INFO - [2024-05-05T15:53:22.992+0000] {dag.py:3096} INFO - Sync 1 DAGs
[2024-05-05T15:53:23.251+0000] {logging_mixin.py:188} INFO - [2024-05-05T15:53:23.251+0000] {dag.py:3954} INFO - Setting next_dagrun for example_branch_dop_operator_v3 to 2024-05-05 15:52:00+00:00, run_after=2024-05-05 15:53:00+00:00
[2024-05-05T15:53:23.478+0000] {processor.py:183} INFO - Processing /home/airflow/.local/lib/python3.12/site-packages/airflow/example_dags/example_branch_python_dop_operator_3.py took 0.751 seconds
[2024-05-05T15:53:53.769+0000] {processor.py:161} INFO - Started process (PID=2395) to work on /home/airflow/.local/lib/python3.12/site-packages/airflow/example_dags/example_branch_python_dop_operator_3.py
[2024-05-05T15:53:53.770+0000] {processor.py:830} INFO - Processing file /home/airflow/.local/lib/python3.12/site-packages/airflow/example_dags/example_branch_python_dop_operator_3.py for tasks to queue
[2024-05-05T15:53:53.772+0000] {logging_mixin.py:188} INFO - [2024-05-05T15:53:53.771+0000] {dagbag.py:540} INFO - Filling up the DagBag from /home/airflow/.local/lib/python3.12/site-packages/airflow/example_dags/example_branch_python_dop_operator_3.py
[2024-05-05T15:53:53.782+0000] {processor.py:840} INFO - DAG(s) 'example_branch_dop_operator_v3' retrieved from /home/airflow/.local/lib/python3.12/site-packages/airflow/example_dags/example_branch_python_dop_operator_3.py
[2024-05-05T15:53:53.816+0000] {logging_mixin.py:188} INFO - [2024-05-05T15:53:53.816+0000] {dag.py:3096} INFO - Sync 1 DAGs
[2024-05-05T15:53:53.912+0000] {logging_mixin.py:188} INFO - [2024-05-05T15:53:53.912+0000] {dag.py:3954} INFO - Setting next_dagrun for example_branch_dop_operator_v3 to 2024-05-05 15:52:00+00:00, run_after=2024-05-05 15:53:00+00:00
[2024-05-05T15:53:54.019+0000] {processor.py:183} INFO - Processing /home/airflow/.local/lib/python3.12/site-packages/airflow/example_dags/example_branch_python_dop_operator_3.py took 0.258 seconds
[2024-05-05T15:54:24.147+0000] {processor.py:161} INFO - Started process (PID=2455) to work on /home/airflow/.local/lib/python3.12/site-packages/airflow/example_dags/example_branch_python_dop_operator_3.py
[2024-05-05T15:54:24.148+0000] {processor.py:830} INFO - Processing file /home/airflow/.local/lib/python3.12/site-packages/airflow/example_dags/example_branch_python_dop_operator_3.py for tasks to queue
[2024-05-05T15:54:24.152+0000] {logging_mixin.py:188} INFO - [2024-05-05T15:54:24.151+0000] {dagbag.py:540} INFO - Filling up the DagBag from /home/airflow/.local/lib/python3.12/site-packages/airflow/example_dags/example_branch_python_dop_operator_3.py
[2024-05-05T15:54:24.164+0000] {processor.py:840} INFO - DAG(s) 'example_branch_dop_operator_v3' retrieved from /home/airflow/.local/lib/python3.12/site-packages/airflow/example_dags/example_branch_python_dop_operator_3.py
[2024-05-05T15:54:24.200+0000] {logging_mixin.py:188} INFO - [2024-05-05T15:54:24.198+0000] {dag.py:3096} INFO - Sync 1 DAGs
[2024-05-05T15:54:24.298+0000] {logging_mixin.py:188} INFO - [2024-05-05T15:54:24.298+0000] {dag.py:3954} INFO - Setting next_dagrun for example_branch_dop_operator_v3 to 2024-05-05 15:53:00+00:00, run_after=2024-05-05 15:54:00+00:00
[2024-05-05T15:54:24.367+0000] {processor.py:183} INFO - Processing /home/airflow/.local/lib/python3.12/site-packages/airflow/example_dags/example_branch_python_dop_operator_3.py took 0.240 seconds
[2024-05-05T15:54:54.705+0000] {processor.py:161} INFO - Started process (PID=2521) to work on /home/airflow/.local/lib/python3.12/site-packages/airflow/example_dags/example_branch_python_dop_operator_3.py
[2024-05-05T15:54:54.708+0000] {processor.py:830} INFO - Processing file /home/airflow/.local/lib/python3.12/site-packages/airflow/example_dags/example_branch_python_dop_operator_3.py for tasks to queue
[2024-05-05T15:54:54.710+0000] {logging_mixin.py:188} INFO - [2024-05-05T15:54:54.709+0000] {dagbag.py:540} INFO - Filling up the DagBag from /home/airflow/.local/lib/python3.12/site-packages/airflow/example_dags/example_branch_python_dop_operator_3.py
[2024-05-05T15:54:54.720+0000] {processor.py:840} INFO - DAG(s) 'example_branch_dop_operator_v3' retrieved from /home/airflow/.local/lib/python3.12/site-packages/airflow/example_dags/example_branch_python_dop_operator_3.py
[2024-05-05T15:54:54.748+0000] {logging_mixin.py:188} INFO - [2024-05-05T15:54:54.748+0000] {dag.py:3096} INFO - Sync 1 DAGs
[2024-05-05T15:54:54.779+0000] {logging_mixin.py:188} INFO - [2024-05-05T15:54:54.779+0000] {dag.py:3954} INFO - Setting next_dagrun for example_branch_dop_operator_v3 to 2024-05-05 15:53:00+00:00, run_after=2024-05-05 15:54:00+00:00
[2024-05-05T15:54:54.810+0000] {processor.py:183} INFO - Processing /home/airflow/.local/lib/python3.12/site-packages/airflow/example_dags/example_branch_python_dop_operator_3.py took 0.113 seconds
[2024-05-05T15:55:25.018+0000] {processor.py:161} INFO - Started process (PID=2581) to work on /home/airflow/.local/lib/python3.12/site-packages/airflow/example_dags/example_branch_python_dop_operator_3.py
[2024-05-05T15:55:25.019+0000] {processor.py:830} INFO - Processing file /home/airflow/.local/lib/python3.12/site-packages/airflow/example_dags/example_branch_python_dop_operator_3.py for tasks to queue
[2024-05-05T15:55:25.024+0000] {logging_mixin.py:188} INFO - [2024-05-05T15:55:25.024+0000] {dagbag.py:540} INFO - Filling up the DagBag from /home/airflow/.local/lib/python3.12/site-packages/airflow/example_dags/example_branch_python_dop_operator_3.py
[2024-05-05T15:55:25.037+0000] {processor.py:840} INFO - DAG(s) 'example_branch_dop_operator_v3' retrieved from /home/airflow/.local/lib/python3.12/site-packages/airflow/example_dags/example_branch_python_dop_operator_3.py
[2024-05-05T15:55:25.059+0000] {logging_mixin.py:188} INFO - [2024-05-05T15:55:25.059+0000] {dag.py:3096} INFO - Sync 1 DAGs
[2024-05-05T15:55:25.093+0000] {logging_mixin.py:188} INFO - [2024-05-05T15:55:25.092+0000] {dag.py:3954} INFO - Setting next_dagrun for example_branch_dop_operator_v3 to 2024-05-05 15:54:00+00:00, run_after=2024-05-05 15:55:00+00:00
[2024-05-05T15:55:25.134+0000] {processor.py:183} INFO - Processing /home/airflow/.local/lib/python3.12/site-packages/airflow/example_dags/example_branch_python_dop_operator_3.py took 0.122 seconds
[2024-05-05T15:55:55.311+0000] {processor.py:161} INFO - Started process (PID=2641) to work on /home/airflow/.local/lib/python3.12/site-packages/airflow/example_dags/example_branch_python_dop_operator_3.py
[2024-05-05T15:55:55.312+0000] {processor.py:830} INFO - Processing file /home/airflow/.local/lib/python3.12/site-packages/airflow/example_dags/example_branch_python_dop_operator_3.py for tasks to queue
[2024-05-05T15:55:55.314+0000] {logging_mixin.py:188} INFO - [2024-05-05T15:55:55.314+0000] {dagbag.py:540} INFO - Filling up the DagBag from /home/airflow/.local/lib/python3.12/site-packages/airflow/example_dags/example_branch_python_dop_operator_3.py
[2024-05-05T15:55:55.324+0000] {processor.py:840} INFO - DAG(s) 'example_branch_dop_operator_v3' retrieved from /home/airflow/.local/lib/python3.12/site-packages/airflow/example_dags/example_branch_python_dop_operator_3.py
[2024-05-05T15:55:55.353+0000] {logging_mixin.py:188} INFO - [2024-05-05T15:55:55.352+0000] {dag.py:3096} INFO - Sync 1 DAGs
[2024-05-05T15:55:55.386+0000] {logging_mixin.py:188} INFO - [2024-05-05T15:55:55.385+0000] {dag.py:3954} INFO - Setting next_dagrun for example_branch_dop_operator_v3 to 2024-05-05 15:54:00+00:00, run_after=2024-05-05 15:55:00+00:00
[2024-05-05T15:55:55.420+0000] {processor.py:183} INFO - Processing /home/airflow/.local/lib/python3.12/site-packages/airflow/example_dags/example_branch_python_dop_operator_3.py took 0.115 seconds
[2024-05-05T15:56:25.786+0000] {processor.py:161} INFO - Started process (PID=2701) to work on /home/airflow/.local/lib/python3.12/site-packages/airflow/example_dags/example_branch_python_dop_operator_3.py
[2024-05-05T15:56:25.787+0000] {processor.py:830} INFO - Processing file /home/airflow/.local/lib/python3.12/site-packages/airflow/example_dags/example_branch_python_dop_operator_3.py for tasks to queue
[2024-05-05T15:56:25.788+0000] {logging_mixin.py:188} INFO - [2024-05-05T15:56:25.788+0000] {dagbag.py:540} INFO - Filling up the DagBag from /home/airflow/.local/lib/python3.12/site-packages/airflow/example_dags/example_branch_python_dop_operator_3.py
[2024-05-05T15:56:25.799+0000] {processor.py:840} INFO - DAG(s) 'example_branch_dop_operator_v3' retrieved from /home/airflow/.local/lib/python3.12/site-packages/airflow/example_dags/example_branch_python_dop_operator_3.py
[2024-05-05T15:56:25.821+0000] {logging_mixin.py:188} INFO - [2024-05-05T15:56:25.821+0000] {dag.py:3096} INFO - Sync 1 DAGs
[2024-05-05T15:56:25.852+0000] {logging_mixin.py:188} INFO - [2024-05-05T15:56:25.852+0000] {dag.py:3954} INFO - Setting next_dagrun for example_branch_dop_operator_v3 to 2024-05-05 15:55:00+00:00, run_after=2024-05-05 15:56:00+00:00
[2024-05-05T15:56:25.876+0000] {processor.py:183} INFO - Processing /home/airflow/.local/lib/python3.12/site-packages/airflow/example_dags/example_branch_python_dop_operator_3.py took 0.097 seconds
[2024-05-05T15:56:56.059+0000] {processor.py:161} INFO - Started process (PID=2761) to work on /home/airflow/.local/lib/python3.12/site-packages/airflow/example_dags/example_branch_python_dop_operator_3.py
[2024-05-05T15:56:56.060+0000] {processor.py:830} INFO - Processing file /home/airflow/.local/lib/python3.12/site-packages/airflow/example_dags/example_branch_python_dop_operator_3.py for tasks to queue
[2024-05-05T15:56:56.062+0000] {logging_mixin.py:188} INFO - [2024-05-05T15:56:56.062+0000] {dagbag.py:540} INFO - Filling up the DagBag from /home/airflow/.local/lib/python3.12/site-packages/airflow/example_dags/example_branch_python_dop_operator_3.py
[2024-05-05T15:56:56.082+0000] {processor.py:840} INFO - DAG(s) 'example_branch_dop_operator_v3' retrieved from /home/airflow/.local/lib/python3.12/site-packages/airflow/example_dags/example_branch_python_dop_operator_3.py
[2024-05-05T15:56:56.144+0000] {logging_mixin.py:188} INFO - [2024-05-05T15:56:56.144+0000] {dag.py:3096} INFO - Sync 1 DAGs
[2024-05-05T15:56:56.271+0000] {logging_mixin.py:188} INFO - [2024-05-05T15:56:56.271+0000] {dag.py:3954} INFO - Setting next_dagrun for example_branch_dop_operator_v3 to 2024-05-05 15:55:00+00:00, run_after=2024-05-05 15:56:00+00:00
[2024-05-05T15:56:56.398+0000] {processor.py:183} INFO - Processing /home/airflow/.local/lib/python3.12/site-packages/airflow/example_dags/example_branch_python_dop_operator_3.py took 0.355 seconds
[2024-05-05T15:57:26.546+0000] {processor.py:161} INFO - Started process (PID=2821) to work on /home/airflow/.local/lib/python3.12/site-packages/airflow/example_dags/example_branch_python_dop_operator_3.py
[2024-05-05T15:57:26.546+0000] {processor.py:830} INFO - Processing file /home/airflow/.local/lib/python3.12/site-packages/airflow/example_dags/example_branch_python_dop_operator_3.py for tasks to queue
[2024-05-05T15:57:26.548+0000] {logging_mixin.py:188} INFO - [2024-05-05T15:57:26.548+0000] {dagbag.py:540} INFO - Filling up the DagBag from /home/airflow/.local/lib/python3.12/site-packages/airflow/example_dags/example_branch_python_dop_operator_3.py
[2024-05-05T15:57:26.577+0000] {processor.py:840} INFO - DAG(s) 'example_branch_dop_operator_v3' retrieved from /home/airflow/.local/lib/python3.12/site-packages/airflow/example_dags/example_branch_python_dop_operator_3.py
[2024-05-05T15:57:26.636+0000] {logging_mixin.py:188} INFO - [2024-05-05T15:57:26.636+0000] {dag.py:3096} INFO - Sync 1 DAGs
[2024-05-05T15:57:26.739+0000] {logging_mixin.py:188} INFO - [2024-05-05T15:57:26.738+0000] {dag.py:3954} INFO - Setting next_dagrun for example_branch_dop_operator_v3 to 2024-05-05 15:56:00+00:00, run_after=2024-05-05 15:57:00+00:00
[2024-05-05T15:57:26.817+0000] {processor.py:183} INFO - Processing /home/airflow/.local/lib/python3.12/site-packages/airflow/example_dags/example_branch_python_dop_operator_3.py took 0.287 seconds
[2024-05-05T15:57:57.281+0000] {processor.py:161} INFO - Started process (PID=2881) to work on /home/airflow/.local/lib/python3.12/site-packages/airflow/example_dags/example_branch_python_dop_operator_3.py
[2024-05-05T15:57:57.281+0000] {processor.py:830} INFO - Processing file /home/airflow/.local/lib/python3.12/site-packages/airflow/example_dags/example_branch_python_dop_operator_3.py for tasks to queue
[2024-05-05T15:57:57.283+0000] {logging_mixin.py:188} INFO - [2024-05-05T15:57:57.283+0000] {dagbag.py:540} INFO - Filling up the DagBag from /home/airflow/.local/lib/python3.12/site-packages/airflow/example_dags/example_branch_python_dop_operator_3.py
[2024-05-05T15:57:57.294+0000] {processor.py:840} INFO - DAG(s) 'example_branch_dop_operator_v3' retrieved from /home/airflow/.local/lib/python3.12/site-packages/airflow/example_dags/example_branch_python_dop_operator_3.py
[2024-05-05T15:57:57.317+0000] {logging_mixin.py:188} INFO - [2024-05-05T15:57:57.316+0000] {dag.py:3096} INFO - Sync 1 DAGs
[2024-05-05T15:57:57.350+0000] {logging_mixin.py:188} INFO - [2024-05-05T15:57:57.350+0000] {dag.py:3954} INFO - Setting next_dagrun for example_branch_dop_operator_v3 to 2024-05-05 15:56:00+00:00, run_after=2024-05-05 15:57:00+00:00
[2024-05-05T15:57:57.380+0000] {processor.py:183} INFO - Processing /home/airflow/.local/lib/python3.12/site-packages/airflow/example_dags/example_branch_python_dop_operator_3.py took 0.106 seconds
[2024-05-05T15:58:27.952+0000] {processor.py:161} INFO - Started process (PID=2944) to work on /home/airflow/.local/lib/python3.12/site-packages/airflow/example_dags/example_branch_python_dop_operator_3.py
[2024-05-05T15:58:27.952+0000] {processor.py:830} INFO - Processing file /home/airflow/.local/lib/python3.12/site-packages/airflow/example_dags/example_branch_python_dop_operator_3.py for tasks to queue
[2024-05-05T15:58:27.954+0000] {logging_mixin.py:188} INFO - [2024-05-05T15:58:27.954+0000] {dagbag.py:540} INFO - Filling up the DagBag from /home/airflow/.local/lib/python3.12/site-packages/airflow/example_dags/example_branch_python_dop_operator_3.py
[2024-05-05T15:58:27.964+0000] {processor.py:840} INFO - DAG(s) 'example_branch_dop_operator_v3' retrieved from /home/airflow/.local/lib/python3.12/site-packages/airflow/example_dags/example_branch_python_dop_operator_3.py
[2024-05-05T15:58:27.986+0000] {logging_mixin.py:188} INFO - [2024-05-05T15:58:27.986+0000] {dag.py:3096} INFO - Sync 1 DAGs
[2024-05-05T15:58:28.017+0000] {logging_mixin.py:188} INFO - [2024-05-05T15:58:28.017+0000] {dag.py:3954} INFO - Setting next_dagrun for example_branch_dop_operator_v3 to 2024-05-05 15:57:00+00:00, run_after=2024-05-05 15:58:00+00:00
[2024-05-05T15:58:28.043+0000] {processor.py:183} INFO - Processing /home/airflow/.local/lib/python3.12/site-packages/airflow/example_dags/example_branch_python_dop_operator_3.py took 0.098 seconds
[2024-05-05T15:58:58.675+0000] {processor.py:161} INFO - Started process (PID=3005) to work on /home/airflow/.local/lib/python3.12/site-packages/airflow/example_dags/example_branch_python_dop_operator_3.py
[2024-05-05T15:58:58.698+0000] {processor.py:830} INFO - Processing file /home/airflow/.local/lib/python3.12/site-packages/airflow/example_dags/example_branch_python_dop_operator_3.py for tasks to queue
[2024-05-05T15:58:58.700+0000] {logging_mixin.py:188} INFO - [2024-05-05T15:58:58.699+0000] {dagbag.py:540} INFO - Filling up the DagBag from /home/airflow/.local/lib/python3.12/site-packages/airflow/example_dags/example_branch_python_dop_operator_3.py
[2024-05-05T15:58:58.752+0000] {processor.py:840} INFO - DAG(s) 'example_branch_dop_operator_v3' retrieved from /home/airflow/.local/lib/python3.12/site-packages/airflow/example_dags/example_branch_python_dop_operator_3.py
[2024-05-05T15:58:58.902+0000] {logging_mixin.py:188} INFO - [2024-05-05T15:58:58.892+0000] {dag.py:3096} INFO - Sync 1 DAGs
[2024-05-05T15:58:59.003+0000] {logging_mixin.py:188} INFO - [2024-05-05T15:58:59.003+0000] {dag.py:3954} INFO - Setting next_dagrun for example_branch_dop_operator_v3 to 2024-05-05 15:57:00+00:00, run_after=2024-05-05 15:58:00+00:00
[2024-05-05T15:58:59.106+0000] {processor.py:183} INFO - Processing /home/airflow/.local/lib/python3.12/site-packages/airflow/example_dags/example_branch_python_dop_operator_3.py took 0.443 seconds
[2024-05-05T15:59:30.009+0000] {processor.py:161} INFO - Started process (PID=3064) to work on /home/airflow/.local/lib/python3.12/site-packages/airflow/example_dags/example_branch_python_dop_operator_3.py
[2024-05-05T15:59:30.016+0000] {processor.py:830} INFO - Processing file /home/airflow/.local/lib/python3.12/site-packages/airflow/example_dags/example_branch_python_dop_operator_3.py for tasks to queue
[2024-05-05T15:59:30.018+0000] {logging_mixin.py:188} INFO - [2024-05-05T15:59:30.017+0000] {dagbag.py:540} INFO - Filling up the DagBag from /home/airflow/.local/lib/python3.12/site-packages/airflow/example_dags/example_branch_python_dop_operator_3.py
[2024-05-05T15:59:30.063+0000] {processor.py:840} INFO - DAG(s) 'example_branch_dop_operator_v3' retrieved from /home/airflow/.local/lib/python3.12/site-packages/airflow/example_dags/example_branch_python_dop_operator_3.py
[2024-05-05T15:59:30.176+0000] {logging_mixin.py:188} INFO - [2024-05-05T15:59:30.176+0000] {dag.py:3096} INFO - Sync 1 DAGs
[2024-05-05T15:59:30.338+0000] {logging_mixin.py:188} INFO - [2024-05-05T15:59:30.338+0000] {dag.py:3954} INFO - Setting next_dagrun for example_branch_dop_operator_v3 to 2024-05-05 15:58:00+00:00, run_after=2024-05-05 15:59:00+00:00
[2024-05-05T15:59:30.394+0000] {processor.py:183} INFO - Processing /home/airflow/.local/lib/python3.12/site-packages/airflow/example_dags/example_branch_python_dop_operator_3.py took 0.414 seconds
[2024-05-05T16:00:06.299+0000] {processor.py:161} INFO - Started process (PID=3125) to work on /home/airflow/.local/lib/python3.12/site-packages/airflow/example_dags/example_branch_python_dop_operator_3.py
[2024-05-05T16:00:06.312+0000] {processor.py:830} INFO - Processing file /home/airflow/.local/lib/python3.12/site-packages/airflow/example_dags/example_branch_python_dop_operator_3.py for tasks to queue
[2024-05-05T16:00:06.315+0000] {logging_mixin.py:188} INFO - [2024-05-05T16:00:06.314+0000] {dagbag.py:540} INFO - Filling up the DagBag from /home/airflow/.local/lib/python3.12/site-packages/airflow/example_dags/example_branch_python_dop_operator_3.py
[2024-05-05T16:00:06.373+0000] {processor.py:840} INFO - DAG(s) 'example_branch_dop_operator_v3' retrieved from /home/airflow/.local/lib/python3.12/site-packages/airflow/example_dags/example_branch_python_dop_operator_3.py
[2024-05-05T16:00:06.584+0000] {logging_mixin.py:188} INFO - [2024-05-05T16:00:06.584+0000] {dag.py:3096} INFO - Sync 1 DAGs
[2024-05-05T16:00:06.983+0000] {logging_mixin.py:188} INFO - [2024-05-05T16:00:06.983+0000] {dag.py:3954} INFO - Setting next_dagrun for example_branch_dop_operator_v3 to 2024-05-05 15:59:00+00:00, run_after=2024-05-05 16:00:00+00:00
[2024-05-05T16:00:07.167+0000] {processor.py:183} INFO - Processing /home/airflow/.local/lib/python3.12/site-packages/airflow/example_dags/example_branch_python_dop_operator_3.py took 0.901 seconds
