[2024-05-05T15:33:21.272+0000] {processor.py:161} INFO - Started process (PID=50) to work on /home/airflow/.local/lib/python3.12/site-packages/airflow/example_dags/example_params_trigger_ui.py
[2024-05-05T15:33:21.273+0000] {processor.py:830} INFO - Processing file /home/airflow/.local/lib/python3.12/site-packages/airflow/example_dags/example_params_trigger_ui.py for tasks to queue
[2024-05-05T15:33:21.275+0000] {logging_mixin.py:188} INFO - [2024-05-05T15:33:21.274+0000] {dagbag.py:540} INFO - Filling up the DagBag from /home/airflow/.local/lib/python3.12/site-packages/airflow/example_dags/example_params_trigger_ui.py
[2024-05-05T15:33:21.322+0000] {processor.py:840} INFO - DAG(s) 'example_params_trigger_ui' retrieved from /home/airflow/.local/lib/python3.12/site-packages/airflow/example_dags/example_params_trigger_ui.py
[2024-05-05T15:33:22.018+0000] {logging_mixin.py:188} INFO - [2024-05-05T15:33:22.017+0000] {override.py:1829} INFO - Created Permission View: can edit on DAG:example_params_trigger_ui
[2024-05-05T15:33:22.083+0000] {logging_mixin.py:188} INFO - [2024-05-05T15:33:22.082+0000] {override.py:1829} INFO - Created Permission View: can read on DAG:example_params_trigger_ui
[2024-05-05T15:33:22.101+0000] {logging_mixin.py:188} INFO - [2024-05-05T15:33:22.101+0000] {override.py:1829} INFO - Created Permission View: can delete on DAG:example_params_trigger_ui
[2024-05-05T15:33:22.102+0000] {logging_mixin.py:188} INFO - [2024-05-05T15:33:22.101+0000] {dag.py:3096} INFO - Sync 1 DAGs
[2024-05-05T15:33:22.136+0000] {logging_mixin.py:188} INFO - [2024-05-05T15:33:22.136+0000] {dag.py:3118} INFO - Creating ORM DAG for example_params_trigger_ui
[2024-05-05T15:33:22.144+0000] {logging_mixin.py:188} INFO - [2024-05-05T15:33:22.137+0000] {dag.py:3954} INFO - Setting next_dagrun for example_params_trigger_ui to None, run_after=None
[2024-05-05T15:33:22.324+0000] {processor.py:183} INFO - Processing /home/airflow/.local/lib/python3.12/site-packages/airflow/example_dags/example_params_trigger_ui.py took 1.070 seconds
[2024-05-05T15:33:52.685+0000] {processor.py:161} INFO - Started process (PID=108) to work on /home/airflow/.local/lib/python3.12/site-packages/airflow/example_dags/example_params_trigger_ui.py
[2024-05-05T15:33:52.686+0000] {processor.py:830} INFO - Processing file /home/airflow/.local/lib/python3.12/site-packages/airflow/example_dags/example_params_trigger_ui.py for tasks to queue
[2024-05-05T15:33:52.688+0000] {logging_mixin.py:188} INFO - [2024-05-05T15:33:52.688+0000] {dagbag.py:540} INFO - Filling up the DagBag from /home/airflow/.local/lib/python3.12/site-packages/airflow/example_dags/example_params_trigger_ui.py
[2024-05-05T15:33:52.704+0000] {processor.py:840} INFO - DAG(s) 'example_params_trigger_ui' retrieved from /home/airflow/.local/lib/python3.12/site-packages/airflow/example_dags/example_params_trigger_ui.py
[2024-05-05T15:33:52.760+0000] {logging_mixin.py:188} INFO - [2024-05-05T15:33:52.760+0000] {dag.py:3096} INFO - Sync 1 DAGs
[2024-05-05T15:33:52.779+0000] {logging_mixin.py:188} INFO - [2024-05-05T15:33:52.778+0000] {dag.py:3954} INFO - Setting next_dagrun for example_params_trigger_ui to None, run_after=None
[2024-05-05T15:33:52.871+0000] {processor.py:183} INFO - Processing /home/airflow/.local/lib/python3.12/site-packages/airflow/example_dags/example_params_trigger_ui.py took 0.191 seconds
[2024-05-05T15:34:23.059+0000] {processor.py:161} INFO - Started process (PID=166) to work on /home/airflow/.local/lib/python3.12/site-packages/airflow/example_dags/example_params_trigger_ui.py
[2024-05-05T15:34:23.060+0000] {processor.py:830} INFO - Processing file /home/airflow/.local/lib/python3.12/site-packages/airflow/example_dags/example_params_trigger_ui.py for tasks to queue
[2024-05-05T15:34:23.061+0000] {logging_mixin.py:188} INFO - [2024-05-05T15:34:23.061+0000] {dagbag.py:540} INFO - Filling up the DagBag from /home/airflow/.local/lib/python3.12/site-packages/airflow/example_dags/example_params_trigger_ui.py
[2024-05-05T15:34:23.073+0000] {processor.py:840} INFO - DAG(s) 'example_params_trigger_ui' retrieved from /home/airflow/.local/lib/python3.12/site-packages/airflow/example_dags/example_params_trigger_ui.py
[2024-05-05T15:34:23.112+0000] {logging_mixin.py:188} INFO - [2024-05-05T15:34:23.112+0000] {dag.py:3096} INFO - Sync 1 DAGs
[2024-05-05T15:34:23.128+0000] {logging_mixin.py:188} INFO - [2024-05-05T15:34:23.128+0000] {dag.py:3954} INFO - Setting next_dagrun for example_params_trigger_ui to None, run_after=None
[2024-05-05T15:34:23.159+0000] {processor.py:183} INFO - Processing /home/airflow/.local/lib/python3.12/site-packages/airflow/example_dags/example_params_trigger_ui.py took 0.105 seconds
[2024-05-05T15:34:53.517+0000] {processor.py:161} INFO - Started process (PID=223) to work on /home/airflow/.local/lib/python3.12/site-packages/airflow/example_dags/example_params_trigger_ui.py
[2024-05-05T15:34:53.520+0000] {processor.py:830} INFO - Processing file /home/airflow/.local/lib/python3.12/site-packages/airflow/example_dags/example_params_trigger_ui.py for tasks to queue
[2024-05-05T15:34:53.522+0000] {logging_mixin.py:188} INFO - [2024-05-05T15:34:53.522+0000] {dagbag.py:540} INFO - Filling up the DagBag from /home/airflow/.local/lib/python3.12/site-packages/airflow/example_dags/example_params_trigger_ui.py
[2024-05-05T15:34:53.537+0000] {processor.py:840} INFO - DAG(s) 'example_params_trigger_ui' retrieved from /home/airflow/.local/lib/python3.12/site-packages/airflow/example_dags/example_params_trigger_ui.py
[2024-05-05T15:34:53.587+0000] {logging_mixin.py:188} INFO - [2024-05-05T15:34:53.587+0000] {dag.py:3096} INFO - Sync 1 DAGs
[2024-05-05T15:34:53.598+0000] {logging_mixin.py:188} INFO - [2024-05-05T15:34:53.598+0000] {dag.py:3954} INFO - Setting next_dagrun for example_params_trigger_ui to None, run_after=None
[2024-05-05T15:34:53.619+0000] {processor.py:183} INFO - Processing /home/airflow/.local/lib/python3.12/site-packages/airflow/example_dags/example_params_trigger_ui.py took 0.113 seconds
[2024-05-05T15:35:23.883+0000] {processor.py:161} INFO - Started process (PID=281) to work on /home/airflow/.local/lib/python3.12/site-packages/airflow/example_dags/example_params_trigger_ui.py
[2024-05-05T15:35:23.905+0000] {processor.py:830} INFO - Processing file /home/airflow/.local/lib/python3.12/site-packages/airflow/example_dags/example_params_trigger_ui.py for tasks to queue
[2024-05-05T15:35:23.929+0000] {logging_mixin.py:188} INFO - [2024-05-05T15:35:23.928+0000] {dagbag.py:540} INFO - Filling up the DagBag from /home/airflow/.local/lib/python3.12/site-packages/airflow/example_dags/example_params_trigger_ui.py
[2024-05-05T15:35:24.006+0000] {processor.py:840} INFO - DAG(s) 'example_params_trigger_ui' retrieved from /home/airflow/.local/lib/python3.12/site-packages/airflow/example_dags/example_params_trigger_ui.py
[2024-05-05T15:35:24.258+0000] {logging_mixin.py:188} INFO - [2024-05-05T15:35:24.258+0000] {dag.py:3096} INFO - Sync 1 DAGs
[2024-05-05T15:35:24.325+0000] {logging_mixin.py:188} INFO - [2024-05-05T15:35:24.317+0000] {dag.py:3954} INFO - Setting next_dagrun for example_params_trigger_ui to None, run_after=None
[2024-05-05T15:35:24.387+0000] {processor.py:183} INFO - Processing /home/airflow/.local/lib/python3.12/site-packages/airflow/example_dags/example_params_trigger_ui.py took 0.557 seconds
[2024-05-05T15:35:54.766+0000] {processor.py:161} INFO - Started process (PID=339) to work on /home/airflow/.local/lib/python3.12/site-packages/airflow/example_dags/example_params_trigger_ui.py
[2024-05-05T15:35:54.768+0000] {processor.py:830} INFO - Processing file /home/airflow/.local/lib/python3.12/site-packages/airflow/example_dags/example_params_trigger_ui.py for tasks to queue
[2024-05-05T15:35:54.769+0000] {logging_mixin.py:188} INFO - [2024-05-05T15:35:54.769+0000] {dagbag.py:540} INFO - Filling up the DagBag from /home/airflow/.local/lib/python3.12/site-packages/airflow/example_dags/example_params_trigger_ui.py
[2024-05-05T15:35:54.785+0000] {processor.py:840} INFO - DAG(s) 'example_params_trigger_ui' retrieved from /home/airflow/.local/lib/python3.12/site-packages/airflow/example_dags/example_params_trigger_ui.py
[2024-05-05T15:35:54.847+0000] {logging_mixin.py:188} INFO - [2024-05-05T15:35:54.847+0000] {dag.py:3096} INFO - Sync 1 DAGs
[2024-05-05T15:35:54.873+0000] {logging_mixin.py:188} INFO - [2024-05-05T15:35:54.873+0000] {dag.py:3954} INFO - Setting next_dagrun for example_params_trigger_ui to None, run_after=None
[2024-05-05T15:35:54.905+0000] {processor.py:183} INFO - Processing /home/airflow/.local/lib/python3.12/site-packages/airflow/example_dags/example_params_trigger_ui.py took 0.144 seconds
[2024-05-05T15:36:25.351+0000] {processor.py:161} INFO - Started process (PID=398) to work on /home/airflow/.local/lib/python3.12/site-packages/airflow/example_dags/example_params_trigger_ui.py
[2024-05-05T15:36:25.352+0000] {processor.py:830} INFO - Processing file /home/airflow/.local/lib/python3.12/site-packages/airflow/example_dags/example_params_trigger_ui.py for tasks to queue
[2024-05-05T15:36:25.354+0000] {logging_mixin.py:188} INFO - [2024-05-05T15:36:25.354+0000] {dagbag.py:540} INFO - Filling up the DagBag from /home/airflow/.local/lib/python3.12/site-packages/airflow/example_dags/example_params_trigger_ui.py
[2024-05-05T15:36:25.392+0000] {processor.py:840} INFO - DAG(s) 'example_params_trigger_ui' retrieved from /home/airflow/.local/lib/python3.12/site-packages/airflow/example_dags/example_params_trigger_ui.py
[2024-05-05T15:36:25.457+0000] {logging_mixin.py:188} INFO - [2024-05-05T15:36:25.457+0000] {dag.py:3096} INFO - Sync 1 DAGs
[2024-05-05T15:36:25.474+0000] {logging_mixin.py:188} INFO - [2024-05-05T15:36:25.474+0000] {dag.py:3954} INFO - Setting next_dagrun for example_params_trigger_ui to None, run_after=None
[2024-05-05T15:36:25.500+0000] {processor.py:183} INFO - Processing /home/airflow/.local/lib/python3.12/site-packages/airflow/example_dags/example_params_trigger_ui.py took 0.157 seconds
[2024-05-05T15:36:55.542+0000] {processor.py:161} INFO - Started process (PID=455) to work on /home/airflow/.local/lib/python3.12/site-packages/airflow/example_dags/example_params_trigger_ui.py
[2024-05-05T15:36:55.543+0000] {processor.py:830} INFO - Processing file /home/airflow/.local/lib/python3.12/site-packages/airflow/example_dags/example_params_trigger_ui.py for tasks to queue
[2024-05-05T15:36:55.544+0000] {logging_mixin.py:188} INFO - [2024-05-05T15:36:55.544+0000] {dagbag.py:540} INFO - Filling up the DagBag from /home/airflow/.local/lib/python3.12/site-packages/airflow/example_dags/example_params_trigger_ui.py
[2024-05-05T15:36:55.555+0000] {processor.py:840} INFO - DAG(s) 'example_params_trigger_ui' retrieved from /home/airflow/.local/lib/python3.12/site-packages/airflow/example_dags/example_params_trigger_ui.py
[2024-05-05T15:36:55.598+0000] {logging_mixin.py:188} INFO - [2024-05-05T15:36:55.598+0000] {dag.py:3096} INFO - Sync 1 DAGs
[2024-05-05T15:36:55.608+0000] {logging_mixin.py:188} INFO - [2024-05-05T15:36:55.608+0000] {dag.py:3954} INFO - Setting next_dagrun for example_params_trigger_ui to None, run_after=None
[2024-05-05T15:36:55.628+0000] {processor.py:183} INFO - Processing /home/airflow/.local/lib/python3.12/site-packages/airflow/example_dags/example_params_trigger_ui.py took 0.091 seconds
[2024-05-05T15:37:26.435+0000] {processor.py:161} INFO - Started process (PID=514) to work on /home/airflow/.local/lib/python3.12/site-packages/airflow/example_dags/example_params_trigger_ui.py
[2024-05-05T15:37:26.436+0000] {processor.py:830} INFO - Processing file /home/airflow/.local/lib/python3.12/site-packages/airflow/example_dags/example_params_trigger_ui.py for tasks to queue
[2024-05-05T15:37:26.438+0000] {logging_mixin.py:188} INFO - [2024-05-05T15:37:26.437+0000] {dagbag.py:540} INFO - Filling up the DagBag from /home/airflow/.local/lib/python3.12/site-packages/airflow/example_dags/example_params_trigger_ui.py
[2024-05-05T15:37:26.452+0000] {processor.py:840} INFO - DAG(s) 'example_params_trigger_ui' retrieved from /home/airflow/.local/lib/python3.12/site-packages/airflow/example_dags/example_params_trigger_ui.py
[2024-05-05T15:37:26.491+0000] {logging_mixin.py:188} INFO - [2024-05-05T15:37:26.491+0000] {dag.py:3096} INFO - Sync 1 DAGs
[2024-05-05T15:37:26.509+0000] {logging_mixin.py:188} INFO - [2024-05-05T15:37:26.508+0000] {dag.py:3954} INFO - Setting next_dagrun for example_params_trigger_ui to None, run_after=None
[2024-05-05T15:37:26.539+0000] {processor.py:183} INFO - Processing /home/airflow/.local/lib/python3.12/site-packages/airflow/example_dags/example_params_trigger_ui.py took 0.108 seconds
[2024-05-05T15:37:57.302+0000] {processor.py:161} INFO - Started process (PID=573) to work on /home/airflow/.local/lib/python3.12/site-packages/airflow/example_dags/example_params_trigger_ui.py
[2024-05-05T15:37:57.303+0000] {processor.py:830} INFO - Processing file /home/airflow/.local/lib/python3.12/site-packages/airflow/example_dags/example_params_trigger_ui.py for tasks to queue
[2024-05-05T15:37:57.304+0000] {logging_mixin.py:188} INFO - [2024-05-05T15:37:57.304+0000] {dagbag.py:540} INFO - Filling up the DagBag from /home/airflow/.local/lib/python3.12/site-packages/airflow/example_dags/example_params_trigger_ui.py
[2024-05-05T15:37:57.315+0000] {processor.py:840} INFO - DAG(s) 'example_params_trigger_ui' retrieved from /home/airflow/.local/lib/python3.12/site-packages/airflow/example_dags/example_params_trigger_ui.py
[2024-05-05T15:37:57.355+0000] {logging_mixin.py:188} INFO - [2024-05-05T15:37:57.355+0000] {dag.py:3096} INFO - Sync 1 DAGs
[2024-05-05T15:37:57.366+0000] {logging_mixin.py:188} INFO - [2024-05-05T15:37:57.366+0000] {dag.py:3954} INFO - Setting next_dagrun for example_params_trigger_ui to None, run_after=None
[2024-05-05T15:37:57.386+0000] {processor.py:183} INFO - Processing /home/airflow/.local/lib/python3.12/site-packages/airflow/example_dags/example_params_trigger_ui.py took 0.089 seconds
[2024-05-05T15:38:28.328+0000] {processor.py:161} INFO - Started process (PID=631) to work on /home/airflow/.local/lib/python3.12/site-packages/airflow/example_dags/example_params_trigger_ui.py
[2024-05-05T15:38:28.329+0000] {processor.py:830} INFO - Processing file /home/airflow/.local/lib/python3.12/site-packages/airflow/example_dags/example_params_trigger_ui.py for tasks to queue
[2024-05-05T15:38:28.330+0000] {logging_mixin.py:188} INFO - [2024-05-05T15:38:28.330+0000] {dagbag.py:540} INFO - Filling up the DagBag from /home/airflow/.local/lib/python3.12/site-packages/airflow/example_dags/example_params_trigger_ui.py
[2024-05-05T15:38:28.341+0000] {processor.py:840} INFO - DAG(s) 'example_params_trigger_ui' retrieved from /home/airflow/.local/lib/python3.12/site-packages/airflow/example_dags/example_params_trigger_ui.py
[2024-05-05T15:38:28.389+0000] {logging_mixin.py:188} INFO - [2024-05-05T15:38:28.388+0000] {dag.py:3096} INFO - Sync 1 DAGs
[2024-05-05T15:38:28.399+0000] {logging_mixin.py:188} INFO - [2024-05-05T15:38:28.398+0000] {dag.py:3954} INFO - Setting next_dagrun for example_params_trigger_ui to None, run_after=None
[2024-05-05T15:38:28.418+0000] {processor.py:183} INFO - Processing /home/airflow/.local/lib/python3.12/site-packages/airflow/example_dags/example_params_trigger_ui.py took 0.094 seconds
[2024-05-05T15:38:58.631+0000] {processor.py:161} INFO - Started process (PID=689) to work on /home/airflow/.local/lib/python3.12/site-packages/airflow/example_dags/example_params_trigger_ui.py
[2024-05-05T15:38:58.632+0000] {processor.py:830} INFO - Processing file /home/airflow/.local/lib/python3.12/site-packages/airflow/example_dags/example_params_trigger_ui.py for tasks to queue
[2024-05-05T15:38:58.633+0000] {logging_mixin.py:188} INFO - [2024-05-05T15:38:58.633+0000] {dagbag.py:540} INFO - Filling up the DagBag from /home/airflow/.local/lib/python3.12/site-packages/airflow/example_dags/example_params_trigger_ui.py
[2024-05-05T15:38:58.644+0000] {processor.py:840} INFO - DAG(s) 'example_params_trigger_ui' retrieved from /home/airflow/.local/lib/python3.12/site-packages/airflow/example_dags/example_params_trigger_ui.py
[2024-05-05T15:38:58.684+0000] {logging_mixin.py:188} INFO - [2024-05-05T15:38:58.684+0000] {dag.py:3096} INFO - Sync 1 DAGs
[2024-05-05T15:38:58.694+0000] {logging_mixin.py:188} INFO - [2024-05-05T15:38:58.694+0000] {dag.py:3954} INFO - Setting next_dagrun for example_params_trigger_ui to None, run_after=None
[2024-05-05T15:38:58.714+0000] {processor.py:183} INFO - Processing /home/airflow/.local/lib/python3.12/site-packages/airflow/example_dags/example_params_trigger_ui.py took 0.089 seconds
[2024-05-05T15:39:29.312+0000] {processor.py:161} INFO - Started process (PID=748) to work on /home/airflow/.local/lib/python3.12/site-packages/airflow/example_dags/example_params_trigger_ui.py
[2024-05-05T15:39:29.313+0000] {processor.py:830} INFO - Processing file /home/airflow/.local/lib/python3.12/site-packages/airflow/example_dags/example_params_trigger_ui.py for tasks to queue
[2024-05-05T15:39:29.315+0000] {logging_mixin.py:188} INFO - [2024-05-05T15:39:29.314+0000] {dagbag.py:540} INFO - Filling up the DagBag from /home/airflow/.local/lib/python3.12/site-packages/airflow/example_dags/example_params_trigger_ui.py
[2024-05-05T15:39:29.332+0000] {processor.py:840} INFO - DAG(s) 'example_params_trigger_ui' retrieved from /home/airflow/.local/lib/python3.12/site-packages/airflow/example_dags/example_params_trigger_ui.py
[2024-05-05T15:39:29.386+0000] {logging_mixin.py:188} INFO - [2024-05-05T15:39:29.386+0000] {dag.py:3096} INFO - Sync 1 DAGs
[2024-05-05T15:39:29.397+0000] {logging_mixin.py:188} INFO - [2024-05-05T15:39:29.397+0000] {dag.py:3954} INFO - Setting next_dagrun for example_params_trigger_ui to None, run_after=None
[2024-05-05T15:39:29.417+0000] {processor.py:183} INFO - Processing /home/airflow/.local/lib/python3.12/site-packages/airflow/example_dags/example_params_trigger_ui.py took 0.112 seconds
[2024-05-05T15:39:59.774+0000] {processor.py:161} INFO - Started process (PID=805) to work on /home/airflow/.local/lib/python3.12/site-packages/airflow/example_dags/example_params_trigger_ui.py
[2024-05-05T15:39:59.781+0000] {processor.py:830} INFO - Processing file /home/airflow/.local/lib/python3.12/site-packages/airflow/example_dags/example_params_trigger_ui.py for tasks to queue
[2024-05-05T15:39:59.792+0000] {logging_mixin.py:188} INFO - [2024-05-05T15:39:59.792+0000] {dagbag.py:540} INFO - Filling up the DagBag from /home/airflow/.local/lib/python3.12/site-packages/airflow/example_dags/example_params_trigger_ui.py
[2024-05-05T15:39:59.824+0000] {processor.py:840} INFO - DAG(s) 'example_params_trigger_ui' retrieved from /home/airflow/.local/lib/python3.12/site-packages/airflow/example_dags/example_params_trigger_ui.py
[2024-05-05T15:39:59.914+0000] {logging_mixin.py:188} INFO - [2024-05-05T15:39:59.914+0000] {dag.py:3096} INFO - Sync 1 DAGs
[2024-05-05T15:40:00.262+0000] {logging_mixin.py:188} INFO - [2024-05-05T15:40:00.262+0000] {dag.py:3954} INFO - Setting next_dagrun for example_params_trigger_ui to None, run_after=None
[2024-05-05T15:40:00.294+0000] {processor.py:183} INFO - Processing /home/airflow/.local/lib/python3.12/site-packages/airflow/example_dags/example_params_trigger_ui.py took 0.527 seconds
[2024-05-05T15:40:31.151+0000] {processor.py:161} INFO - Started process (PID=863) to work on /home/airflow/.local/lib/python3.12/site-packages/airflow/example_dags/example_params_trigger_ui.py
[2024-05-05T15:40:31.151+0000] {processor.py:830} INFO - Processing file /home/airflow/.local/lib/python3.12/site-packages/airflow/example_dags/example_params_trigger_ui.py for tasks to queue
[2024-05-05T15:40:31.153+0000] {logging_mixin.py:188} INFO - [2024-05-05T15:40:31.152+0000] {dagbag.py:540} INFO - Filling up the DagBag from /home/airflow/.local/lib/python3.12/site-packages/airflow/example_dags/example_params_trigger_ui.py
[2024-05-05T15:40:31.164+0000] {processor.py:840} INFO - DAG(s) 'example_params_trigger_ui' retrieved from /home/airflow/.local/lib/python3.12/site-packages/airflow/example_dags/example_params_trigger_ui.py
[2024-05-05T15:40:31.202+0000] {logging_mixin.py:188} INFO - [2024-05-05T15:40:31.202+0000] {dag.py:3096} INFO - Sync 1 DAGs
[2024-05-05T15:40:31.339+0000] {logging_mixin.py:188} INFO - [2024-05-05T15:40:31.339+0000] {dag.py:3954} INFO - Setting next_dagrun for example_params_trigger_ui to None, run_after=None
[2024-05-05T15:40:31.363+0000] {processor.py:183} INFO - Processing /home/airflow/.local/lib/python3.12/site-packages/airflow/example_dags/example_params_trigger_ui.py took 0.218 seconds
[2024-05-05T15:41:01.473+0000] {processor.py:161} INFO - Started process (PID=920) to work on /home/airflow/.local/lib/python3.12/site-packages/airflow/example_dags/example_params_trigger_ui.py
[2024-05-05T15:41:01.474+0000] {processor.py:830} INFO - Processing file /home/airflow/.local/lib/python3.12/site-packages/airflow/example_dags/example_params_trigger_ui.py for tasks to queue
[2024-05-05T15:41:01.476+0000] {logging_mixin.py:188} INFO - [2024-05-05T15:41:01.476+0000] {dagbag.py:540} INFO - Filling up the DagBag from /home/airflow/.local/lib/python3.12/site-packages/airflow/example_dags/example_params_trigger_ui.py
[2024-05-05T15:41:01.489+0000] {processor.py:840} INFO - DAG(s) 'example_params_trigger_ui' retrieved from /home/airflow/.local/lib/python3.12/site-packages/airflow/example_dags/example_params_trigger_ui.py
[2024-05-05T15:41:01.529+0000] {logging_mixin.py:188} INFO - [2024-05-05T15:41:01.529+0000] {dag.py:3096} INFO - Sync 1 DAGs
[2024-05-05T15:41:01.677+0000] {logging_mixin.py:188} INFO - [2024-05-05T15:41:01.677+0000] {dag.py:3954} INFO - Setting next_dagrun for example_params_trigger_ui to None, run_after=None
[2024-05-05T15:41:01.703+0000] {processor.py:183} INFO - Processing /home/airflow/.local/lib/python3.12/site-packages/airflow/example_dags/example_params_trigger_ui.py took 0.244 seconds
[2024-05-05T15:41:31.984+0000] {processor.py:161} INFO - Started process (PID=979) to work on /home/airflow/.local/lib/python3.12/site-packages/airflow/example_dags/example_params_trigger_ui.py
[2024-05-05T15:41:31.985+0000] {processor.py:830} INFO - Processing file /home/airflow/.local/lib/python3.12/site-packages/airflow/example_dags/example_params_trigger_ui.py for tasks to queue
[2024-05-05T15:41:31.986+0000] {logging_mixin.py:188} INFO - [2024-05-05T15:41:31.986+0000] {dagbag.py:540} INFO - Filling up the DagBag from /home/airflow/.local/lib/python3.12/site-packages/airflow/example_dags/example_params_trigger_ui.py
[2024-05-05T15:41:31.997+0000] {processor.py:840} INFO - DAG(s) 'example_params_trigger_ui' retrieved from /home/airflow/.local/lib/python3.12/site-packages/airflow/example_dags/example_params_trigger_ui.py
[2024-05-05T15:41:32.037+0000] {logging_mixin.py:188} INFO - [2024-05-05T15:41:32.037+0000] {dag.py:3096} INFO - Sync 1 DAGs
[2024-05-05T15:41:32.051+0000] {logging_mixin.py:188} INFO - [2024-05-05T15:41:32.051+0000] {dag.py:3954} INFO - Setting next_dagrun for example_params_trigger_ui to None, run_after=None
[2024-05-05T15:41:32.074+0000] {processor.py:183} INFO - Processing /home/airflow/.local/lib/python3.12/site-packages/airflow/example_dags/example_params_trigger_ui.py took 0.096 seconds
[2024-05-05T15:42:02.149+0000] {processor.py:161} INFO - Started process (PID=1038) to work on /home/airflow/.local/lib/python3.12/site-packages/airflow/example_dags/example_params_trigger_ui.py
[2024-05-05T15:42:02.150+0000] {processor.py:830} INFO - Processing file /home/airflow/.local/lib/python3.12/site-packages/airflow/example_dags/example_params_trigger_ui.py for tasks to queue
[2024-05-05T15:42:02.152+0000] {logging_mixin.py:188} INFO - [2024-05-05T15:42:02.151+0000] {dagbag.py:540} INFO - Filling up the DagBag from /home/airflow/.local/lib/python3.12/site-packages/airflow/example_dags/example_params_trigger_ui.py
[2024-05-05T15:42:02.163+0000] {processor.py:840} INFO - DAG(s) 'example_params_trigger_ui' retrieved from /home/airflow/.local/lib/python3.12/site-packages/airflow/example_dags/example_params_trigger_ui.py
[2024-05-05T15:42:02.202+0000] {logging_mixin.py:188} INFO - [2024-05-05T15:42:02.202+0000] {dag.py:3096} INFO - Sync 1 DAGs
[2024-05-05T15:42:02.213+0000] {logging_mixin.py:188} INFO - [2024-05-05T15:42:02.212+0000] {dag.py:3954} INFO - Setting next_dagrun for example_params_trigger_ui to None, run_after=None
[2024-05-05T15:42:02.233+0000] {processor.py:183} INFO - Processing /home/airflow/.local/lib/python3.12/site-packages/airflow/example_dags/example_params_trigger_ui.py took 0.090 seconds
[2024-05-05T15:42:32.612+0000] {processor.py:161} INFO - Started process (PID=1096) to work on /home/airflow/.local/lib/python3.12/site-packages/airflow/example_dags/example_params_trigger_ui.py
[2024-05-05T15:42:32.612+0000] {processor.py:830} INFO - Processing file /home/airflow/.local/lib/python3.12/site-packages/airflow/example_dags/example_params_trigger_ui.py for tasks to queue
[2024-05-05T15:42:32.614+0000] {logging_mixin.py:188} INFO - [2024-05-05T15:42:32.614+0000] {dagbag.py:540} INFO - Filling up the DagBag from /home/airflow/.local/lib/python3.12/site-packages/airflow/example_dags/example_params_trigger_ui.py
[2024-05-05T15:42:32.626+0000] {processor.py:840} INFO - DAG(s) 'example_params_trigger_ui' retrieved from /home/airflow/.local/lib/python3.12/site-packages/airflow/example_dags/example_params_trigger_ui.py
[2024-05-05T15:42:32.667+0000] {logging_mixin.py:188} INFO - [2024-05-05T15:42:32.667+0000] {dag.py:3096} INFO - Sync 1 DAGs
[2024-05-05T15:42:32.677+0000] {logging_mixin.py:188} INFO - [2024-05-05T15:42:32.677+0000] {dag.py:3954} INFO - Setting next_dagrun for example_params_trigger_ui to None, run_after=None
[2024-05-05T15:42:32.698+0000] {processor.py:183} INFO - Processing /home/airflow/.local/lib/python3.12/site-packages/airflow/example_dags/example_params_trigger_ui.py took 0.091 seconds
[2024-05-05T15:43:03.180+0000] {processor.py:161} INFO - Started process (PID=1154) to work on /home/airflow/.local/lib/python3.12/site-packages/airflow/example_dags/example_params_trigger_ui.py
[2024-05-05T15:43:03.183+0000] {processor.py:830} INFO - Processing file /home/airflow/.local/lib/python3.12/site-packages/airflow/example_dags/example_params_trigger_ui.py for tasks to queue
[2024-05-05T15:43:03.189+0000] {logging_mixin.py:188} INFO - [2024-05-05T15:43:03.189+0000] {dagbag.py:540} INFO - Filling up the DagBag from /home/airflow/.local/lib/python3.12/site-packages/airflow/example_dags/example_params_trigger_ui.py
[2024-05-05T15:43:03.215+0000] {processor.py:840} INFO - DAG(s) 'example_params_trigger_ui' retrieved from /home/airflow/.local/lib/python3.12/site-packages/airflow/example_dags/example_params_trigger_ui.py
[2024-05-05T15:43:03.309+0000] {logging_mixin.py:188} INFO - [2024-05-05T15:43:03.309+0000] {dag.py:3096} INFO - Sync 1 DAGs
[2024-05-05T15:43:03.329+0000] {logging_mixin.py:188} INFO - [2024-05-05T15:43:03.329+0000] {dag.py:3954} INFO - Setting next_dagrun for example_params_trigger_ui to None, run_after=None
[2024-05-05T15:43:03.365+0000] {processor.py:183} INFO - Processing /home/airflow/.local/lib/python3.12/site-packages/airflow/example_dags/example_params_trigger_ui.py took 0.192 seconds
[2024-05-05T15:43:33.504+0000] {processor.py:161} INFO - Started process (PID=1212) to work on /home/airflow/.local/lib/python3.12/site-packages/airflow/example_dags/example_params_trigger_ui.py
[2024-05-05T15:43:33.508+0000] {processor.py:830} INFO - Processing file /home/airflow/.local/lib/python3.12/site-packages/airflow/example_dags/example_params_trigger_ui.py for tasks to queue
[2024-05-05T15:43:33.510+0000] {logging_mixin.py:188} INFO - [2024-05-05T15:43:33.509+0000] {dagbag.py:540} INFO - Filling up the DagBag from /home/airflow/.local/lib/python3.12/site-packages/airflow/example_dags/example_params_trigger_ui.py
[2024-05-05T15:43:33.556+0000] {processor.py:840} INFO - DAG(s) 'example_params_trigger_ui' retrieved from /home/airflow/.local/lib/python3.12/site-packages/airflow/example_dags/example_params_trigger_ui.py
[2024-05-05T15:43:33.656+0000] {logging_mixin.py:188} INFO - [2024-05-05T15:43:33.656+0000] {dag.py:3096} INFO - Sync 1 DAGs
[2024-05-05T15:43:33.681+0000] {logging_mixin.py:188} INFO - [2024-05-05T15:43:33.680+0000] {dag.py:3954} INFO - Setting next_dagrun for example_params_trigger_ui to None, run_after=None
[2024-05-05T15:43:33.714+0000] {processor.py:183} INFO - Processing /home/airflow/.local/lib/python3.12/site-packages/airflow/example_dags/example_params_trigger_ui.py took 0.238 seconds
[2024-05-05T15:44:03.898+0000] {processor.py:161} INFO - Started process (PID=1270) to work on /home/airflow/.local/lib/python3.12/site-packages/airflow/example_dags/example_params_trigger_ui.py
[2024-05-05T15:44:03.898+0000] {processor.py:830} INFO - Processing file /home/airflow/.local/lib/python3.12/site-packages/airflow/example_dags/example_params_trigger_ui.py for tasks to queue
[2024-05-05T15:44:03.900+0000] {logging_mixin.py:188} INFO - [2024-05-05T15:44:03.899+0000] {dagbag.py:540} INFO - Filling up the DagBag from /home/airflow/.local/lib/python3.12/site-packages/airflow/example_dags/example_params_trigger_ui.py
[2024-05-05T15:44:03.910+0000] {processor.py:840} INFO - DAG(s) 'example_params_trigger_ui' retrieved from /home/airflow/.local/lib/python3.12/site-packages/airflow/example_dags/example_params_trigger_ui.py
[2024-05-05T15:44:03.951+0000] {logging_mixin.py:188} INFO - [2024-05-05T15:44:03.951+0000] {dag.py:3096} INFO - Sync 1 DAGs
[2024-05-05T15:44:03.961+0000] {logging_mixin.py:188} INFO - [2024-05-05T15:44:03.961+0000] {dag.py:3954} INFO - Setting next_dagrun for example_params_trigger_ui to None, run_after=None
[2024-05-05T15:44:03.983+0000] {processor.py:183} INFO - Processing /home/airflow/.local/lib/python3.12/site-packages/airflow/example_dags/example_params_trigger_ui.py took 0.090 seconds
[2024-05-05T15:44:34.678+0000] {processor.py:161} INFO - Started process (PID=1326) to work on /home/airflow/.local/lib/python3.12/site-packages/airflow/example_dags/example_params_trigger_ui.py
[2024-05-05T15:44:34.678+0000] {processor.py:830} INFO - Processing file /home/airflow/.local/lib/python3.12/site-packages/airflow/example_dags/example_params_trigger_ui.py for tasks to queue
[2024-05-05T15:44:34.680+0000] {logging_mixin.py:188} INFO - [2024-05-05T15:44:34.680+0000] {dagbag.py:540} INFO - Filling up the DagBag from /home/airflow/.local/lib/python3.12/site-packages/airflow/example_dags/example_params_trigger_ui.py
[2024-05-05T15:44:34.696+0000] {processor.py:840} INFO - DAG(s) 'example_params_trigger_ui' retrieved from /home/airflow/.local/lib/python3.12/site-packages/airflow/example_dags/example_params_trigger_ui.py
[2024-05-05T15:44:34.760+0000] {logging_mixin.py:188} INFO - [2024-05-05T15:44:34.759+0000] {dag.py:3096} INFO - Sync 1 DAGs
[2024-05-05T15:44:34.776+0000] {logging_mixin.py:188} INFO - [2024-05-05T15:44:34.775+0000] {dag.py:3954} INFO - Setting next_dagrun for example_params_trigger_ui to None, run_after=None
[2024-05-05T15:44:34.805+0000] {processor.py:183} INFO - Processing /home/airflow/.local/lib/python3.12/site-packages/airflow/example_dags/example_params_trigger_ui.py took 0.134 seconds
[2024-05-05T15:45:04.891+0000] {processor.py:161} INFO - Started process (PID=1383) to work on /home/airflow/.local/lib/python3.12/site-packages/airflow/example_dags/example_params_trigger_ui.py
[2024-05-05T15:45:04.892+0000] {processor.py:830} INFO - Processing file /home/airflow/.local/lib/python3.12/site-packages/airflow/example_dags/example_params_trigger_ui.py for tasks to queue
[2024-05-05T15:45:04.893+0000] {logging_mixin.py:188} INFO - [2024-05-05T15:45:04.893+0000] {dagbag.py:540} INFO - Filling up the DagBag from /home/airflow/.local/lib/python3.12/site-packages/airflow/example_dags/example_params_trigger_ui.py
[2024-05-05T15:45:04.904+0000] {processor.py:840} INFO - DAG(s) 'example_params_trigger_ui' retrieved from /home/airflow/.local/lib/python3.12/site-packages/airflow/example_dags/example_params_trigger_ui.py
[2024-05-05T15:45:04.946+0000] {logging_mixin.py:188} INFO - [2024-05-05T15:45:04.946+0000] {dag.py:3096} INFO - Sync 1 DAGs
[2024-05-05T15:45:04.957+0000] {logging_mixin.py:188} INFO - [2024-05-05T15:45:04.957+0000] {dag.py:3954} INFO - Setting next_dagrun for example_params_trigger_ui to None, run_after=None
[2024-05-05T15:45:04.976+0000] {processor.py:183} INFO - Processing /home/airflow/.local/lib/python3.12/site-packages/airflow/example_dags/example_params_trigger_ui.py took 0.090 seconds
[2024-05-05T15:45:35.447+0000] {processor.py:161} INFO - Started process (PID=1441) to work on /home/airflow/.local/lib/python3.12/site-packages/airflow/example_dags/example_params_trigger_ui.py
[2024-05-05T15:45:35.448+0000] {processor.py:830} INFO - Processing file /home/airflow/.local/lib/python3.12/site-packages/airflow/example_dags/example_params_trigger_ui.py for tasks to queue
[2024-05-05T15:45:35.449+0000] {logging_mixin.py:188} INFO - [2024-05-05T15:45:35.449+0000] {dagbag.py:540} INFO - Filling up the DagBag from /home/airflow/.local/lib/python3.12/site-packages/airflow/example_dags/example_params_trigger_ui.py
[2024-05-05T15:45:35.460+0000] {processor.py:840} INFO - DAG(s) 'example_params_trigger_ui' retrieved from /home/airflow/.local/lib/python3.12/site-packages/airflow/example_dags/example_params_trigger_ui.py
[2024-05-05T15:45:35.498+0000] {logging_mixin.py:188} INFO - [2024-05-05T15:45:35.498+0000] {dag.py:3096} INFO - Sync 1 DAGs
[2024-05-05T15:45:35.509+0000] {logging_mixin.py:188} INFO - [2024-05-05T15:45:35.509+0000] {dag.py:3954} INFO - Setting next_dagrun for example_params_trigger_ui to None, run_after=None
[2024-05-05T15:45:35.529+0000] {processor.py:183} INFO - Processing /home/airflow/.local/lib/python3.12/site-packages/airflow/example_dags/example_params_trigger_ui.py took 0.088 seconds
[2024-05-05T15:46:05.969+0000] {processor.py:161} INFO - Started process (PID=1500) to work on /home/airflow/.local/lib/python3.12/site-packages/airflow/example_dags/example_params_trigger_ui.py
[2024-05-05T15:46:05.970+0000] {processor.py:830} INFO - Processing file /home/airflow/.local/lib/python3.12/site-packages/airflow/example_dags/example_params_trigger_ui.py for tasks to queue
[2024-05-05T15:46:05.971+0000] {logging_mixin.py:188} INFO - [2024-05-05T15:46:05.971+0000] {dagbag.py:540} INFO - Filling up the DagBag from /home/airflow/.local/lib/python3.12/site-packages/airflow/example_dags/example_params_trigger_ui.py
[2024-05-05T15:46:05.982+0000] {processor.py:840} INFO - DAG(s) 'example_params_trigger_ui' retrieved from /home/airflow/.local/lib/python3.12/site-packages/airflow/example_dags/example_params_trigger_ui.py
[2024-05-05T15:46:06.021+0000] {logging_mixin.py:188} INFO - [2024-05-05T15:46:06.021+0000] {dag.py:3096} INFO - Sync 1 DAGs
[2024-05-05T15:46:06.032+0000] {logging_mixin.py:188} INFO - [2024-05-05T15:46:06.032+0000] {dag.py:3954} INFO - Setting next_dagrun for example_params_trigger_ui to None, run_after=None
[2024-05-05T15:46:06.053+0000] {processor.py:183} INFO - Processing /home/airflow/.local/lib/python3.12/site-packages/airflow/example_dags/example_params_trigger_ui.py took 0.088 seconds
[2024-05-05T15:46:36.143+0000] {processor.py:161} INFO - Started process (PID=1557) to work on /home/airflow/.local/lib/python3.12/site-packages/airflow/example_dags/example_params_trigger_ui.py
[2024-05-05T15:46:36.144+0000] {processor.py:830} INFO - Processing file /home/airflow/.local/lib/python3.12/site-packages/airflow/example_dags/example_params_trigger_ui.py for tasks to queue
[2024-05-05T15:46:36.145+0000] {logging_mixin.py:188} INFO - [2024-05-05T15:46:36.145+0000] {dagbag.py:540} INFO - Filling up the DagBag from /home/airflow/.local/lib/python3.12/site-packages/airflow/example_dags/example_params_trigger_ui.py
[2024-05-05T15:46:36.157+0000] {processor.py:840} INFO - DAG(s) 'example_params_trigger_ui' retrieved from /home/airflow/.local/lib/python3.12/site-packages/airflow/example_dags/example_params_trigger_ui.py
[2024-05-05T15:46:36.195+0000] {logging_mixin.py:188} INFO - [2024-05-05T15:46:36.195+0000] {dag.py:3096} INFO - Sync 1 DAGs
[2024-05-05T15:46:36.206+0000] {logging_mixin.py:188} INFO - [2024-05-05T15:46:36.206+0000] {dag.py:3954} INFO - Setting next_dagrun for example_params_trigger_ui to None, run_after=None
[2024-05-05T15:46:36.226+0000] {processor.py:183} INFO - Processing /home/airflow/.local/lib/python3.12/site-packages/airflow/example_dags/example_params_trigger_ui.py took 0.088 seconds
[2024-05-05T15:47:06.502+0000] {processor.py:161} INFO - Started process (PID=1614) to work on /home/airflow/.local/lib/python3.12/site-packages/airflow/example_dags/example_params_trigger_ui.py
[2024-05-05T15:47:06.503+0000] {processor.py:830} INFO - Processing file /home/airflow/.local/lib/python3.12/site-packages/airflow/example_dags/example_params_trigger_ui.py for tasks to queue
[2024-05-05T15:47:06.504+0000] {logging_mixin.py:188} INFO - [2024-05-05T15:47:06.504+0000] {dagbag.py:540} INFO - Filling up the DagBag from /home/airflow/.local/lib/python3.12/site-packages/airflow/example_dags/example_params_trigger_ui.py
[2024-05-05T15:47:06.515+0000] {processor.py:840} INFO - DAG(s) 'example_params_trigger_ui' retrieved from /home/airflow/.local/lib/python3.12/site-packages/airflow/example_dags/example_params_trigger_ui.py
[2024-05-05T15:47:06.558+0000] {logging_mixin.py:188} INFO - [2024-05-05T15:47:06.558+0000] {dag.py:3096} INFO - Sync 1 DAGs
[2024-05-05T15:47:06.568+0000] {logging_mixin.py:188} INFO - [2024-05-05T15:47:06.568+0000] {dag.py:3954} INFO - Setting next_dagrun for example_params_trigger_ui to None, run_after=None
[2024-05-05T15:47:06.588+0000] {processor.py:183} INFO - Processing /home/airflow/.local/lib/python3.12/site-packages/airflow/example_dags/example_params_trigger_ui.py took 0.091 seconds
[2024-05-05T15:47:36.930+0000] {processor.py:161} INFO - Started process (PID=1672) to work on /home/airflow/.local/lib/python3.12/site-packages/airflow/example_dags/example_params_trigger_ui.py
[2024-05-05T15:47:36.936+0000] {processor.py:830} INFO - Processing file /home/airflow/.local/lib/python3.12/site-packages/airflow/example_dags/example_params_trigger_ui.py for tasks to queue
[2024-05-05T15:47:36.943+0000] {logging_mixin.py:188} INFO - [2024-05-05T15:47:36.942+0000] {dagbag.py:540} INFO - Filling up the DagBag from /home/airflow/.local/lib/python3.12/site-packages/airflow/example_dags/example_params_trigger_ui.py
[2024-05-05T15:47:36.969+0000] {processor.py:840} INFO - DAG(s) 'example_params_trigger_ui' retrieved from /home/airflow/.local/lib/python3.12/site-packages/airflow/example_dags/example_params_trigger_ui.py
[2024-05-05T15:47:37.054+0000] {logging_mixin.py:188} INFO - [2024-05-05T15:47:37.054+0000] {dag.py:3096} INFO - Sync 1 DAGs
[2024-05-05T15:47:37.071+0000] {logging_mixin.py:188} INFO - [2024-05-05T15:47:37.071+0000] {dag.py:3954} INFO - Setting next_dagrun for example_params_trigger_ui to None, run_after=None
[2024-05-05T15:47:37.099+0000] {processor.py:183} INFO - Processing /home/airflow/.local/lib/python3.12/site-packages/airflow/example_dags/example_params_trigger_ui.py took 0.185 seconds
[2024-05-05T15:48:08.011+0000] {processor.py:161} INFO - Started process (PID=1731) to work on /home/airflow/.local/lib/python3.12/site-packages/airflow/example_dags/example_params_trigger_ui.py
[2024-05-05T15:48:08.017+0000] {processor.py:830} INFO - Processing file /home/airflow/.local/lib/python3.12/site-packages/airflow/example_dags/example_params_trigger_ui.py for tasks to queue
[2024-05-05T15:48:08.020+0000] {logging_mixin.py:188} INFO - [2024-05-05T15:48:08.020+0000] {dagbag.py:540} INFO - Filling up the DagBag from /home/airflow/.local/lib/python3.12/site-packages/airflow/example_dags/example_params_trigger_ui.py
[2024-05-05T15:48:08.055+0000] {processor.py:840} INFO - DAG(s) 'example_params_trigger_ui' retrieved from /home/airflow/.local/lib/python3.12/site-packages/airflow/example_dags/example_params_trigger_ui.py
[2024-05-05T15:48:08.145+0000] {logging_mixin.py:188} INFO - [2024-05-05T15:48:08.145+0000] {dag.py:3096} INFO - Sync 1 DAGs
[2024-05-05T15:48:08.170+0000] {logging_mixin.py:188} INFO - [2024-05-05T15:48:08.169+0000] {dag.py:3954} INFO - Setting next_dagrun for example_params_trigger_ui to None, run_after=None
[2024-05-05T15:48:08.198+0000] {processor.py:183} INFO - Processing /home/airflow/.local/lib/python3.12/site-packages/airflow/example_dags/example_params_trigger_ui.py took 0.198 seconds
[2024-05-05T15:48:39.188+0000] {processor.py:161} INFO - Started process (PID=1791) to work on /home/airflow/.local/lib/python3.12/site-packages/airflow/example_dags/example_params_trigger_ui.py
[2024-05-05T15:48:39.191+0000] {processor.py:830} INFO - Processing file /home/airflow/.local/lib/python3.12/site-packages/airflow/example_dags/example_params_trigger_ui.py for tasks to queue
[2024-05-05T15:48:39.198+0000] {logging_mixin.py:188} INFO - [2024-05-05T15:48:39.198+0000] {dagbag.py:540} INFO - Filling up the DagBag from /home/airflow/.local/lib/python3.12/site-packages/airflow/example_dags/example_params_trigger_ui.py
[2024-05-05T15:48:39.290+0000] {processor.py:840} INFO - DAG(s) 'example_params_trigger_ui' retrieved from /home/airflow/.local/lib/python3.12/site-packages/airflow/example_dags/example_params_trigger_ui.py
[2024-05-05T15:48:39.368+0000] {logging_mixin.py:188} INFO - [2024-05-05T15:48:39.367+0000] {dag.py:3096} INFO - Sync 1 DAGs
[2024-05-05T15:48:39.458+0000] {logging_mixin.py:188} INFO - [2024-05-05T15:48:39.454+0000] {dag.py:3954} INFO - Setting next_dagrun for example_params_trigger_ui to None, run_after=None
[2024-05-05T15:48:39.604+0000] {processor.py:183} INFO - Processing /home/airflow/.local/lib/python3.12/site-packages/airflow/example_dags/example_params_trigger_ui.py took 0.488 seconds
[2024-05-05T15:49:09.717+0000] {processor.py:161} INFO - Started process (PID=1850) to work on /home/airflow/.local/lib/python3.12/site-packages/airflow/example_dags/example_params_trigger_ui.py
[2024-05-05T15:49:09.718+0000] {processor.py:830} INFO - Processing file /home/airflow/.local/lib/python3.12/site-packages/airflow/example_dags/example_params_trigger_ui.py for tasks to queue
[2024-05-05T15:49:09.719+0000] {logging_mixin.py:188} INFO - [2024-05-05T15:49:09.719+0000] {dagbag.py:540} INFO - Filling up the DagBag from /home/airflow/.local/lib/python3.12/site-packages/airflow/example_dags/example_params_trigger_ui.py
[2024-05-05T15:49:09.730+0000] {processor.py:840} INFO - DAG(s) 'example_params_trigger_ui' retrieved from /home/airflow/.local/lib/python3.12/site-packages/airflow/example_dags/example_params_trigger_ui.py
[2024-05-05T15:49:09.770+0000] {logging_mixin.py:188} INFO - [2024-05-05T15:49:09.770+0000] {dag.py:3096} INFO - Sync 1 DAGs
[2024-05-05T15:49:09.782+0000] {logging_mixin.py:188} INFO - [2024-05-05T15:49:09.782+0000] {dag.py:3954} INFO - Setting next_dagrun for example_params_trigger_ui to None, run_after=None
[2024-05-05T15:49:09.809+0000] {processor.py:183} INFO - Processing /home/airflow/.local/lib/python3.12/site-packages/airflow/example_dags/example_params_trigger_ui.py took 0.097 seconds
[2024-05-05T15:49:40.493+0000] {processor.py:161} INFO - Started process (PID=1909) to work on /home/airflow/.local/lib/python3.12/site-packages/airflow/example_dags/example_params_trigger_ui.py
[2024-05-05T15:49:40.494+0000] {processor.py:830} INFO - Processing file /home/airflow/.local/lib/python3.12/site-packages/airflow/example_dags/example_params_trigger_ui.py for tasks to queue
[2024-05-05T15:49:40.495+0000] {logging_mixin.py:188} INFO - [2024-05-05T15:49:40.495+0000] {dagbag.py:540} INFO - Filling up the DagBag from /home/airflow/.local/lib/python3.12/site-packages/airflow/example_dags/example_params_trigger_ui.py
[2024-05-05T15:49:40.506+0000] {processor.py:840} INFO - DAG(s) 'example_params_trigger_ui' retrieved from /home/airflow/.local/lib/python3.12/site-packages/airflow/example_dags/example_params_trigger_ui.py
[2024-05-05T15:49:40.547+0000] {logging_mixin.py:188} INFO - [2024-05-05T15:49:40.547+0000] {dag.py:3096} INFO - Sync 1 DAGs
[2024-05-05T15:49:40.558+0000] {logging_mixin.py:188} INFO - [2024-05-05T15:49:40.558+0000] {dag.py:3954} INFO - Setting next_dagrun for example_params_trigger_ui to None, run_after=None
[2024-05-05T15:49:40.577+0000] {processor.py:183} INFO - Processing /home/airflow/.local/lib/python3.12/site-packages/airflow/example_dags/example_params_trigger_ui.py took 0.089 seconds
[2024-05-05T15:50:11.136+0000] {processor.py:161} INFO - Started process (PID=1968) to work on /home/airflow/.local/lib/python3.12/site-packages/airflow/example_dags/example_params_trigger_ui.py
[2024-05-05T15:50:11.137+0000] {processor.py:830} INFO - Processing file /home/airflow/.local/lib/python3.12/site-packages/airflow/example_dags/example_params_trigger_ui.py for tasks to queue
[2024-05-05T15:50:11.139+0000] {logging_mixin.py:188} INFO - [2024-05-05T15:50:11.139+0000] {dagbag.py:540} INFO - Filling up the DagBag from /home/airflow/.local/lib/python3.12/site-packages/airflow/example_dags/example_params_trigger_ui.py
[2024-05-05T15:50:11.153+0000] {processor.py:840} INFO - DAG(s) 'example_params_trigger_ui' retrieved from /home/airflow/.local/lib/python3.12/site-packages/airflow/example_dags/example_params_trigger_ui.py
[2024-05-05T15:50:11.196+0000] {logging_mixin.py:188} INFO - [2024-05-05T15:50:11.196+0000] {dag.py:3096} INFO - Sync 1 DAGs
[2024-05-05T15:50:11.206+0000] {logging_mixin.py:188} INFO - [2024-05-05T15:50:11.206+0000] {dag.py:3954} INFO - Setting next_dagrun for example_params_trigger_ui to None, run_after=None
[2024-05-05T15:50:11.226+0000] {processor.py:183} INFO - Processing /home/airflow/.local/lib/python3.12/site-packages/airflow/example_dags/example_params_trigger_ui.py took 0.097 seconds
[2024-05-05T15:50:41.965+0000] {processor.py:161} INFO - Started process (PID=2027) to work on /home/airflow/.local/lib/python3.12/site-packages/airflow/example_dags/example_params_trigger_ui.py
[2024-05-05T15:50:41.966+0000] {processor.py:830} INFO - Processing file /home/airflow/.local/lib/python3.12/site-packages/airflow/example_dags/example_params_trigger_ui.py for tasks to queue
[2024-05-05T15:50:41.968+0000] {logging_mixin.py:188} INFO - [2024-05-05T15:50:41.967+0000] {dagbag.py:540} INFO - Filling up the DagBag from /home/airflow/.local/lib/python3.12/site-packages/airflow/example_dags/example_params_trigger_ui.py
[2024-05-05T15:50:41.987+0000] {processor.py:840} INFO - DAG(s) 'example_params_trigger_ui' retrieved from /home/airflow/.local/lib/python3.12/site-packages/airflow/example_dags/example_params_trigger_ui.py
[2024-05-05T15:50:42.033+0000] {logging_mixin.py:188} INFO - [2024-05-05T15:50:42.033+0000] {dag.py:3096} INFO - Sync 1 DAGs
[2024-05-05T15:50:42.044+0000] {logging_mixin.py:188} INFO - [2024-05-05T15:50:42.044+0000] {dag.py:3954} INFO - Setting next_dagrun for example_params_trigger_ui to None, run_after=None
[2024-05-05T15:50:42.066+0000] {processor.py:183} INFO - Processing /home/airflow/.local/lib/python3.12/site-packages/airflow/example_dags/example_params_trigger_ui.py took 0.108 seconds
[2024-05-05T15:51:12.686+0000] {processor.py:161} INFO - Started process (PID=2085) to work on /home/airflow/.local/lib/python3.12/site-packages/airflow/example_dags/example_params_trigger_ui.py
[2024-05-05T15:51:12.686+0000] {processor.py:830} INFO - Processing file /home/airflow/.local/lib/python3.12/site-packages/airflow/example_dags/example_params_trigger_ui.py for tasks to queue
[2024-05-05T15:51:12.688+0000] {logging_mixin.py:188} INFO - [2024-05-05T15:51:12.688+0000] {dagbag.py:540} INFO - Filling up the DagBag from /home/airflow/.local/lib/python3.12/site-packages/airflow/example_dags/example_params_trigger_ui.py
[2024-05-05T15:51:12.698+0000] {processor.py:840} INFO - DAG(s) 'example_params_trigger_ui' retrieved from /home/airflow/.local/lib/python3.12/site-packages/airflow/example_dags/example_params_trigger_ui.py
[2024-05-05T15:51:12.760+0000] {logging_mixin.py:188} INFO - [2024-05-05T15:51:12.760+0000] {dag.py:3096} INFO - Sync 1 DAGs
[2024-05-05T15:51:12.784+0000] {logging_mixin.py:188} INFO - [2024-05-05T15:51:12.784+0000] {dag.py:3954} INFO - Setting next_dagrun for example_params_trigger_ui to None, run_after=None
[2024-05-05T15:51:12.810+0000] {processor.py:183} INFO - Processing /home/airflow/.local/lib/python3.12/site-packages/airflow/example_dags/example_params_trigger_ui.py took 0.129 seconds
[2024-05-05T15:51:43.044+0000] {processor.py:161} INFO - Started process (PID=2144) to work on /home/airflow/.local/lib/python3.12/site-packages/airflow/example_dags/example_params_trigger_ui.py
[2024-05-05T15:51:43.044+0000] {processor.py:830} INFO - Processing file /home/airflow/.local/lib/python3.12/site-packages/airflow/example_dags/example_params_trigger_ui.py for tasks to queue
[2024-05-05T15:51:43.046+0000] {logging_mixin.py:188} INFO - [2024-05-05T15:51:43.046+0000] {dagbag.py:540} INFO - Filling up the DagBag from /home/airflow/.local/lib/python3.12/site-packages/airflow/example_dags/example_params_trigger_ui.py
[2024-05-05T15:51:43.062+0000] {processor.py:840} INFO - DAG(s) 'example_params_trigger_ui' retrieved from /home/airflow/.local/lib/python3.12/site-packages/airflow/example_dags/example_params_trigger_ui.py
[2024-05-05T15:51:43.184+0000] {logging_mixin.py:188} INFO - [2024-05-05T15:51:43.184+0000] {dag.py:3096} INFO - Sync 1 DAGs
[2024-05-05T15:51:43.197+0000] {logging_mixin.py:188} INFO - [2024-05-05T15:51:43.197+0000] {dag.py:3954} INFO - Setting next_dagrun for example_params_trigger_ui to None, run_after=None
[2024-05-05T15:51:43.223+0000] {processor.py:183} INFO - Processing /home/airflow/.local/lib/python3.12/site-packages/airflow/example_dags/example_params_trigger_ui.py took 0.186 seconds
[2024-05-05T15:52:13.359+0000] {processor.py:161} INFO - Started process (PID=2204) to work on /home/airflow/.local/lib/python3.12/site-packages/airflow/example_dags/example_params_trigger_ui.py
[2024-05-05T15:52:13.359+0000] {processor.py:830} INFO - Processing file /home/airflow/.local/lib/python3.12/site-packages/airflow/example_dags/example_params_trigger_ui.py for tasks to queue
[2024-05-05T15:52:13.361+0000] {logging_mixin.py:188} INFO - [2024-05-05T15:52:13.360+0000] {dagbag.py:540} INFO - Filling up the DagBag from /home/airflow/.local/lib/python3.12/site-packages/airflow/example_dags/example_params_trigger_ui.py
[2024-05-05T15:52:13.371+0000] {processor.py:840} INFO - DAG(s) 'example_params_trigger_ui' retrieved from /home/airflow/.local/lib/python3.12/site-packages/airflow/example_dags/example_params_trigger_ui.py
[2024-05-05T15:52:13.412+0000] {logging_mixin.py:188} INFO - [2024-05-05T15:52:13.412+0000] {dag.py:3096} INFO - Sync 1 DAGs
[2024-05-05T15:52:13.422+0000] {logging_mixin.py:188} INFO - [2024-05-05T15:52:13.422+0000] {dag.py:3954} INFO - Setting next_dagrun for example_params_trigger_ui to None, run_after=None
[2024-05-05T15:52:13.444+0000] {processor.py:183} INFO - Processing /home/airflow/.local/lib/python3.12/site-packages/airflow/example_dags/example_params_trigger_ui.py took 0.091 seconds
[2024-05-05T15:52:44.887+0000] {processor.py:161} INFO - Started process (PID=2263) to work on /home/airflow/.local/lib/python3.12/site-packages/airflow/example_dags/example_params_trigger_ui.py
[2024-05-05T15:52:44.912+0000] {processor.py:830} INFO - Processing file /home/airflow/.local/lib/python3.12/site-packages/airflow/example_dags/example_params_trigger_ui.py for tasks to queue
[2024-05-05T15:52:44.914+0000] {logging_mixin.py:188} INFO - [2024-05-05T15:52:44.914+0000] {dagbag.py:540} INFO - Filling up the DagBag from /home/airflow/.local/lib/python3.12/site-packages/airflow/example_dags/example_params_trigger_ui.py
[2024-05-05T15:52:44.947+0000] {processor.py:840} INFO - DAG(s) 'example_params_trigger_ui' retrieved from /home/airflow/.local/lib/python3.12/site-packages/airflow/example_dags/example_params_trigger_ui.py
[2024-05-05T15:52:45.177+0000] {logging_mixin.py:188} INFO - [2024-05-05T15:52:45.177+0000] {dag.py:3096} INFO - Sync 1 DAGs
[2024-05-05T15:52:45.234+0000] {logging_mixin.py:188} INFO - [2024-05-05T15:52:45.234+0000] {dag.py:3954} INFO - Setting next_dagrun for example_params_trigger_ui to None, run_after=None
[2024-05-05T15:52:45.302+0000] {processor.py:183} INFO - Processing /home/airflow/.local/lib/python3.12/site-packages/airflow/example_dags/example_params_trigger_ui.py took 0.448 seconds
[2024-05-05T15:53:16.235+0000] {processor.py:161} INFO - Started process (PID=2323) to work on /home/airflow/.local/lib/python3.12/site-packages/airflow/example_dags/example_params_trigger_ui.py
[2024-05-05T15:53:16.236+0000] {processor.py:830} INFO - Processing file /home/airflow/.local/lib/python3.12/site-packages/airflow/example_dags/example_params_trigger_ui.py for tasks to queue
[2024-05-05T15:53:16.238+0000] {logging_mixin.py:188} INFO - [2024-05-05T15:53:16.237+0000] {dagbag.py:540} INFO - Filling up the DagBag from /home/airflow/.local/lib/python3.12/site-packages/airflow/example_dags/example_params_trigger_ui.py
[2024-05-05T15:53:16.263+0000] {processor.py:840} INFO - DAG(s) 'example_params_trigger_ui' retrieved from /home/airflow/.local/lib/python3.12/site-packages/airflow/example_dags/example_params_trigger_ui.py
[2024-05-05T15:53:16.339+0000] {logging_mixin.py:188} INFO - [2024-05-05T15:53:16.339+0000] {dag.py:3096} INFO - Sync 1 DAGs
[2024-05-05T15:53:16.353+0000] {logging_mixin.py:188} INFO - [2024-05-05T15:53:16.353+0000] {dag.py:3954} INFO - Setting next_dagrun for example_params_trigger_ui to None, run_after=None
[2024-05-05T15:53:16.390+0000] {processor.py:183} INFO - Processing /home/airflow/.local/lib/python3.12/site-packages/airflow/example_dags/example_params_trigger_ui.py took 0.163 seconds
[2024-05-05T15:53:46.640+0000] {processor.py:161} INFO - Started process (PID=2383) to work on /home/airflow/.local/lib/python3.12/site-packages/airflow/example_dags/example_params_trigger_ui.py
[2024-05-05T15:53:46.641+0000] {processor.py:830} INFO - Processing file /home/airflow/.local/lib/python3.12/site-packages/airflow/example_dags/example_params_trigger_ui.py for tasks to queue
[2024-05-05T15:53:46.642+0000] {logging_mixin.py:188} INFO - [2024-05-05T15:53:46.642+0000] {dagbag.py:540} INFO - Filling up the DagBag from /home/airflow/.local/lib/python3.12/site-packages/airflow/example_dags/example_params_trigger_ui.py
[2024-05-05T15:53:46.657+0000] {processor.py:840} INFO - DAG(s) 'example_params_trigger_ui' retrieved from /home/airflow/.local/lib/python3.12/site-packages/airflow/example_dags/example_params_trigger_ui.py
[2024-05-05T15:53:46.747+0000] {logging_mixin.py:188} INFO - [2024-05-05T15:53:46.747+0000] {dag.py:3096} INFO - Sync 1 DAGs
[2024-05-05T15:53:46.763+0000] {logging_mixin.py:188} INFO - [2024-05-05T15:53:46.763+0000] {dag.py:3954} INFO - Setting next_dagrun for example_params_trigger_ui to None, run_after=None
[2024-05-05T15:53:46.788+0000] {processor.py:183} INFO - Processing /home/airflow/.local/lib/python3.12/site-packages/airflow/example_dags/example_params_trigger_ui.py took 0.155 seconds
[2024-05-05T15:54:17.584+0000] {processor.py:161} INFO - Started process (PID=2443) to work on /home/airflow/.local/lib/python3.12/site-packages/airflow/example_dags/example_params_trigger_ui.py
[2024-05-05T15:54:17.585+0000] {processor.py:830} INFO - Processing file /home/airflow/.local/lib/python3.12/site-packages/airflow/example_dags/example_params_trigger_ui.py for tasks to queue
[2024-05-05T15:54:17.586+0000] {logging_mixin.py:188} INFO - [2024-05-05T15:54:17.586+0000] {dagbag.py:540} INFO - Filling up the DagBag from /home/airflow/.local/lib/python3.12/site-packages/airflow/example_dags/example_params_trigger_ui.py
[2024-05-05T15:54:17.603+0000] {processor.py:840} INFO - DAG(s) 'example_params_trigger_ui' retrieved from /home/airflow/.local/lib/python3.12/site-packages/airflow/example_dags/example_params_trigger_ui.py
[2024-05-05T15:54:17.668+0000] {logging_mixin.py:188} INFO - [2024-05-05T15:54:17.668+0000] {dag.py:3096} INFO - Sync 1 DAGs
[2024-05-05T15:54:17.681+0000] {logging_mixin.py:188} INFO - [2024-05-05T15:54:17.681+0000] {dag.py:3954} INFO - Setting next_dagrun for example_params_trigger_ui to None, run_after=None
[2024-05-05T15:54:17.707+0000] {processor.py:183} INFO - Processing /home/airflow/.local/lib/python3.12/site-packages/airflow/example_dags/example_params_trigger_ui.py took 0.129 seconds
[2024-05-05T15:54:48.148+0000] {processor.py:161} INFO - Started process (PID=2503) to work on /home/airflow/.local/lib/python3.12/site-packages/airflow/example_dags/example_params_trigger_ui.py
[2024-05-05T15:54:48.151+0000] {processor.py:830} INFO - Processing file /home/airflow/.local/lib/python3.12/site-packages/airflow/example_dags/example_params_trigger_ui.py for tasks to queue
[2024-05-05T15:54:48.153+0000] {logging_mixin.py:188} INFO - [2024-05-05T15:54:48.153+0000] {dagbag.py:540} INFO - Filling up the DagBag from /home/airflow/.local/lib/python3.12/site-packages/airflow/example_dags/example_params_trigger_ui.py
[2024-05-05T15:54:48.172+0000] {processor.py:840} INFO - DAG(s) 'example_params_trigger_ui' retrieved from /home/airflow/.local/lib/python3.12/site-packages/airflow/example_dags/example_params_trigger_ui.py
[2024-05-05T15:54:48.235+0000] {logging_mixin.py:188} INFO - [2024-05-05T15:54:48.234+0000] {dag.py:3096} INFO - Sync 1 DAGs
[2024-05-05T15:54:48.250+0000] {logging_mixin.py:188} INFO - [2024-05-05T15:54:48.250+0000] {dag.py:3954} INFO - Setting next_dagrun for example_params_trigger_ui to None, run_after=None
[2024-05-05T15:54:48.275+0000] {processor.py:183} INFO - Processing /home/airflow/.local/lib/python3.12/site-packages/airflow/example_dags/example_params_trigger_ui.py took 0.133 seconds
[2024-05-05T15:55:18.956+0000] {processor.py:161} INFO - Started process (PID=2563) to work on /home/airflow/.local/lib/python3.12/site-packages/airflow/example_dags/example_params_trigger_ui.py
[2024-05-05T15:55:18.962+0000] {processor.py:830} INFO - Processing file /home/airflow/.local/lib/python3.12/site-packages/airflow/example_dags/example_params_trigger_ui.py for tasks to queue
[2024-05-05T15:55:18.968+0000] {logging_mixin.py:188} INFO - [2024-05-05T15:55:18.967+0000] {dagbag.py:540} INFO - Filling up the DagBag from /home/airflow/.local/lib/python3.12/site-packages/airflow/example_dags/example_params_trigger_ui.py
[2024-05-05T15:55:19.051+0000] {processor.py:840} INFO - DAG(s) 'example_params_trigger_ui' retrieved from /home/airflow/.local/lib/python3.12/site-packages/airflow/example_dags/example_params_trigger_ui.py
[2024-05-05T15:55:19.245+0000] {logging_mixin.py:188} INFO - [2024-05-05T15:55:19.245+0000] {dag.py:3096} INFO - Sync 1 DAGs
[2024-05-05T15:55:19.314+0000] {logging_mixin.py:188} INFO - [2024-05-05T15:55:19.314+0000] {dag.py:3954} INFO - Setting next_dagrun for example_params_trigger_ui to None, run_after=None
[2024-05-05T15:55:19.441+0000] {processor.py:183} INFO - Processing /home/airflow/.local/lib/python3.12/site-packages/airflow/example_dags/example_params_trigger_ui.py took 0.512 seconds
[2024-05-05T15:55:50.236+0000] {processor.py:161} INFO - Started process (PID=2623) to work on /home/airflow/.local/lib/python3.12/site-packages/airflow/example_dags/example_params_trigger_ui.py
[2024-05-05T15:55:50.237+0000] {processor.py:830} INFO - Processing file /home/airflow/.local/lib/python3.12/site-packages/airflow/example_dags/example_params_trigger_ui.py for tasks to queue
[2024-05-05T15:55:50.239+0000] {logging_mixin.py:188} INFO - [2024-05-05T15:55:50.239+0000] {dagbag.py:540} INFO - Filling up the DagBag from /home/airflow/.local/lib/python3.12/site-packages/airflow/example_dags/example_params_trigger_ui.py
[2024-05-05T15:55:50.255+0000] {processor.py:840} INFO - DAG(s) 'example_params_trigger_ui' retrieved from /home/airflow/.local/lib/python3.12/site-packages/airflow/example_dags/example_params_trigger_ui.py
[2024-05-05T15:55:50.331+0000] {logging_mixin.py:188} INFO - [2024-05-05T15:55:50.330+0000] {dag.py:3096} INFO - Sync 1 DAGs
[2024-05-05T15:55:50.366+0000] {logging_mixin.py:188} INFO - [2024-05-05T15:55:50.366+0000] {dag.py:3954} INFO - Setting next_dagrun for example_params_trigger_ui to None, run_after=None
[2024-05-05T15:55:50.392+0000] {processor.py:183} INFO - Processing /home/airflow/.local/lib/python3.12/site-packages/airflow/example_dags/example_params_trigger_ui.py took 0.163 seconds
[2024-05-05T15:56:21.031+0000] {processor.py:161} INFO - Started process (PID=2683) to work on /home/airflow/.local/lib/python3.12/site-packages/airflow/example_dags/example_params_trigger_ui.py
[2024-05-05T15:56:21.032+0000] {processor.py:830} INFO - Processing file /home/airflow/.local/lib/python3.12/site-packages/airflow/example_dags/example_params_trigger_ui.py for tasks to queue
[2024-05-05T15:56:21.034+0000] {logging_mixin.py:188} INFO - [2024-05-05T15:56:21.033+0000] {dagbag.py:540} INFO - Filling up the DagBag from /home/airflow/.local/lib/python3.12/site-packages/airflow/example_dags/example_params_trigger_ui.py
[2024-05-05T15:56:21.050+0000] {processor.py:840} INFO - DAG(s) 'example_params_trigger_ui' retrieved from /home/airflow/.local/lib/python3.12/site-packages/airflow/example_dags/example_params_trigger_ui.py
[2024-05-05T15:56:21.113+0000] {logging_mixin.py:188} INFO - [2024-05-05T15:56:21.112+0000] {dag.py:3096} INFO - Sync 1 DAGs
[2024-05-05T15:56:21.132+0000] {logging_mixin.py:188} INFO - [2024-05-05T15:56:21.131+0000] {dag.py:3954} INFO - Setting next_dagrun for example_params_trigger_ui to None, run_after=None
[2024-05-05T15:56:21.153+0000] {processor.py:183} INFO - Processing /home/airflow/.local/lib/python3.12/site-packages/airflow/example_dags/example_params_trigger_ui.py took 0.130 seconds
[2024-05-05T15:56:51.861+0000] {processor.py:161} INFO - Started process (PID=2743) to work on /home/airflow/.local/lib/python3.12/site-packages/airflow/example_dags/example_params_trigger_ui.py
[2024-05-05T15:56:51.866+0000] {processor.py:830} INFO - Processing file /home/airflow/.local/lib/python3.12/site-packages/airflow/example_dags/example_params_trigger_ui.py for tasks to queue
[2024-05-05T15:56:51.868+0000] {logging_mixin.py:188} INFO - [2024-05-05T15:56:51.868+0000] {dagbag.py:540} INFO - Filling up the DagBag from /home/airflow/.local/lib/python3.12/site-packages/airflow/example_dags/example_params_trigger_ui.py
[2024-05-05T15:56:51.947+0000] {processor.py:840} INFO - DAG(s) 'example_params_trigger_ui' retrieved from /home/airflow/.local/lib/python3.12/site-packages/airflow/example_dags/example_params_trigger_ui.py
[2024-05-05T15:56:52.206+0000] {logging_mixin.py:188} INFO - [2024-05-05T15:56:52.205+0000] {dag.py:3096} INFO - Sync 1 DAGs
[2024-05-05T15:56:52.291+0000] {logging_mixin.py:188} INFO - [2024-05-05T15:56:52.291+0000] {dag.py:3954} INFO - Setting next_dagrun for example_params_trigger_ui to None, run_after=None
[2024-05-05T15:56:52.388+0000] {processor.py:183} INFO - Processing /home/airflow/.local/lib/python3.12/site-packages/airflow/example_dags/example_params_trigger_ui.py took 0.546 seconds
[2024-05-05T15:57:23.303+0000] {processor.py:161} INFO - Started process (PID=2803) to work on /home/airflow/.local/lib/python3.12/site-packages/airflow/example_dags/example_params_trigger_ui.py
[2024-05-05T15:57:23.304+0000] {processor.py:830} INFO - Processing file /home/airflow/.local/lib/python3.12/site-packages/airflow/example_dags/example_params_trigger_ui.py for tasks to queue
[2024-05-05T15:57:23.305+0000] {logging_mixin.py:188} INFO - [2024-05-05T15:57:23.305+0000] {dagbag.py:540} INFO - Filling up the DagBag from /home/airflow/.local/lib/python3.12/site-packages/airflow/example_dags/example_params_trigger_ui.py
[2024-05-05T15:57:23.321+0000] {processor.py:840} INFO - DAG(s) 'example_params_trigger_ui' retrieved from /home/airflow/.local/lib/python3.12/site-packages/airflow/example_dags/example_params_trigger_ui.py
[2024-05-05T15:57:23.410+0000] {logging_mixin.py:188} INFO - [2024-05-05T15:57:23.410+0000] {dag.py:3096} INFO - Sync 1 DAGs
[2024-05-05T15:57:23.425+0000] {logging_mixin.py:188} INFO - [2024-05-05T15:57:23.425+0000] {dag.py:3954} INFO - Setting next_dagrun for example_params_trigger_ui to None, run_after=None
[2024-05-05T15:57:23.455+0000] {processor.py:183} INFO - Processing /home/airflow/.local/lib/python3.12/site-packages/airflow/example_dags/example_params_trigger_ui.py took 0.160 seconds
[2024-05-05T15:57:53.636+0000] {processor.py:161} INFO - Started process (PID=2863) to work on /home/airflow/.local/lib/python3.12/site-packages/airflow/example_dags/example_params_trigger_ui.py
[2024-05-05T15:57:53.637+0000] {processor.py:830} INFO - Processing file /home/airflow/.local/lib/python3.12/site-packages/airflow/example_dags/example_params_trigger_ui.py for tasks to queue
[2024-05-05T15:57:53.639+0000] {logging_mixin.py:188} INFO - [2024-05-05T15:57:53.638+0000] {dagbag.py:540} INFO - Filling up the DagBag from /home/airflow/.local/lib/python3.12/site-packages/airflow/example_dags/example_params_trigger_ui.py
[2024-05-05T15:57:53.655+0000] {processor.py:840} INFO - DAG(s) 'example_params_trigger_ui' retrieved from /home/airflow/.local/lib/python3.12/site-packages/airflow/example_dags/example_params_trigger_ui.py
[2024-05-05T15:57:53.721+0000] {logging_mixin.py:188} INFO - [2024-05-05T15:57:53.720+0000] {dag.py:3096} INFO - Sync 1 DAGs
[2024-05-05T15:57:53.737+0000] {logging_mixin.py:188} INFO - [2024-05-05T15:57:53.737+0000] {dag.py:3954} INFO - Setting next_dagrun for example_params_trigger_ui to None, run_after=None
[2024-05-05T15:57:53.761+0000] {processor.py:183} INFO - Processing /home/airflow/.local/lib/python3.12/site-packages/airflow/example_dags/example_params_trigger_ui.py took 0.132 seconds
[2024-05-05T15:58:24.289+0000] {processor.py:161} INFO - Started process (PID=2926) to work on /home/airflow/.local/lib/python3.12/site-packages/airflow/example_dags/example_params_trigger_ui.py
[2024-05-05T15:58:24.290+0000] {processor.py:830} INFO - Processing file /home/airflow/.local/lib/python3.12/site-packages/airflow/example_dags/example_params_trigger_ui.py for tasks to queue
[2024-05-05T15:58:24.291+0000] {logging_mixin.py:188} INFO - [2024-05-05T15:58:24.291+0000] {dagbag.py:540} INFO - Filling up the DagBag from /home/airflow/.local/lib/python3.12/site-packages/airflow/example_dags/example_params_trigger_ui.py
[2024-05-05T15:58:24.308+0000] {processor.py:840} INFO - DAG(s) 'example_params_trigger_ui' retrieved from /home/airflow/.local/lib/python3.12/site-packages/airflow/example_dags/example_params_trigger_ui.py
[2024-05-05T15:58:24.374+0000] {logging_mixin.py:188} INFO - [2024-05-05T15:58:24.374+0000] {dag.py:3096} INFO - Sync 1 DAGs
[2024-05-05T15:58:24.395+0000] {logging_mixin.py:188} INFO - [2024-05-05T15:58:24.395+0000] {dag.py:3954} INFO - Setting next_dagrun for example_params_trigger_ui to None, run_after=None
[2024-05-05T15:58:24.421+0000] {processor.py:183} INFO - Processing /home/airflow/.local/lib/python3.12/site-packages/airflow/example_dags/example_params_trigger_ui.py took 0.138 seconds
[2024-05-05T15:58:54.670+0000] {processor.py:161} INFO - Started process (PID=2987) to work on /home/airflow/.local/lib/python3.12/site-packages/airflow/example_dags/example_params_trigger_ui.py
[2024-05-05T15:58:54.680+0000] {processor.py:830} INFO - Processing file /home/airflow/.local/lib/python3.12/site-packages/airflow/example_dags/example_params_trigger_ui.py for tasks to queue
[2024-05-05T15:58:54.690+0000] {logging_mixin.py:188} INFO - [2024-05-05T15:58:54.690+0000] {dagbag.py:540} INFO - Filling up the DagBag from /home/airflow/.local/lib/python3.12/site-packages/airflow/example_dags/example_params_trigger_ui.py
[2024-05-05T15:58:54.767+0000] {processor.py:840} INFO - DAG(s) 'example_params_trigger_ui' retrieved from /home/airflow/.local/lib/python3.12/site-packages/airflow/example_dags/example_params_trigger_ui.py
[2024-05-05T15:58:55.046+0000] {logging_mixin.py:188} INFO - [2024-05-05T15:58:55.045+0000] {dag.py:3096} INFO - Sync 1 DAGs
[2024-05-05T15:58:55.147+0000] {logging_mixin.py:188} INFO - [2024-05-05T15:58:55.146+0000] {dag.py:3954} INFO - Setting next_dagrun for example_params_trigger_ui to None, run_after=None
[2024-05-05T15:58:55.293+0000] {processor.py:183} INFO - Processing /home/airflow/.local/lib/python3.12/site-packages/airflow/example_dags/example_params_trigger_ui.py took 0.662 seconds
[2024-05-05T15:59:26.770+0000] {processor.py:161} INFO - Started process (PID=3054) to work on /home/airflow/.local/lib/python3.12/site-packages/airflow/example_dags/example_params_trigger_ui.py
[2024-05-05T15:59:26.775+0000] {processor.py:830} INFO - Processing file /home/airflow/.local/lib/python3.12/site-packages/airflow/example_dags/example_params_trigger_ui.py for tasks to queue
[2024-05-05T15:59:26.799+0000] {logging_mixin.py:188} INFO - [2024-05-05T15:59:26.798+0000] {dagbag.py:540} INFO - Filling up the DagBag from /home/airflow/.local/lib/python3.12/site-packages/airflow/example_dags/example_params_trigger_ui.py
[2024-05-05T15:59:26.867+0000] {processor.py:840} INFO - DAG(s) 'example_params_trigger_ui' retrieved from /home/airflow/.local/lib/python3.12/site-packages/airflow/example_dags/example_params_trigger_ui.py
[2024-05-05T15:59:27.141+0000] {logging_mixin.py:188} INFO - [2024-05-05T15:59:27.140+0000] {dag.py:3096} INFO - Sync 1 DAGs
[2024-05-05T15:59:27.200+0000] {logging_mixin.py:188} INFO - [2024-05-05T15:59:27.200+0000] {dag.py:3954} INFO - Setting next_dagrun for example_params_trigger_ui to None, run_after=None
[2024-05-05T15:59:27.281+0000] {processor.py:183} INFO - Processing /home/airflow/.local/lib/python3.12/site-packages/airflow/example_dags/example_params_trigger_ui.py took 0.523 seconds
[2024-05-05T16:00:00.209+0000] {processor.py:161} INFO - Started process (PID=3115) to work on /home/airflow/.local/lib/python3.12/site-packages/airflow/example_dags/example_params_trigger_ui.py
[2024-05-05T16:00:00.225+0000] {processor.py:830} INFO - Processing file /home/airflow/.local/lib/python3.12/site-packages/airflow/example_dags/example_params_trigger_ui.py for tasks to queue
[2024-05-05T16:00:00.259+0000] {logging_mixin.py:188} INFO - [2024-05-05T16:00:00.242+0000] {dagbag.py:540} INFO - Filling up the DagBag from /home/airflow/.local/lib/python3.12/site-packages/airflow/example_dags/example_params_trigger_ui.py
[2024-05-05T16:00:00.463+0000] {processor.py:840} INFO - DAG(s) 'example_params_trigger_ui' retrieved from /home/airflow/.local/lib/python3.12/site-packages/airflow/example_dags/example_params_trigger_ui.py
[2024-05-05T16:00:00.870+0000] {logging_mixin.py:188} INFO - [2024-05-05T16:00:00.864+0000] {dag.py:3096} INFO - Sync 1 DAGs
[2024-05-05T16:00:01.027+0000] {logging_mixin.py:188} INFO - [2024-05-05T16:00:01.027+0000] {dag.py:3954} INFO - Setting next_dagrun for example_params_trigger_ui to None, run_after=None
[2024-05-05T16:00:01.148+0000] {processor.py:183} INFO - Processing /home/airflow/.local/lib/python3.12/site-packages/airflow/example_dags/example_params_trigger_ui.py took 1.005 seconds
