[2024-05-05T15:33:25.780+0000] {processor.py:161} INFO - Started process (PID=59) to work on /home/airflow/.local/lib/python3.12/site-packages/airflow/example_dags/example_complex.py
[2024-05-05T15:33:25.783+0000] {processor.py:830} INFO - Processing file /home/airflow/.local/lib/python3.12/site-packages/airflow/example_dags/example_complex.py for tasks to queue
[2024-05-05T15:33:25.787+0000] {logging_mixin.py:188} INFO - [2024-05-05T15:33:25.787+0000] {dagbag.py:540} INFO - Filling up the DagBag from /home/airflow/.local/lib/python3.12/site-packages/airflow/example_dags/example_complex.py
[2024-05-05T15:33:25.829+0000] {processor.py:840} INFO - DAG(s) 'example_complex' retrieved from /home/airflow/.local/lib/python3.12/site-packages/airflow/example_dags/example_complex.py
[2024-05-05T15:33:26.466+0000] {logging_mixin.py:188} INFO - [2024-05-05T15:33:26.465+0000] {override.py:1829} INFO - Created Permission View: can edit on DAG:example_complex
[2024-05-05T15:33:26.574+0000] {logging_mixin.py:188} INFO - [2024-05-05T15:33:26.573+0000] {override.py:1829} INFO - Created Permission View: can read on DAG:example_complex
[2024-05-05T15:33:26.632+0000] {logging_mixin.py:188} INFO - [2024-05-05T15:33:26.631+0000] {override.py:1829} INFO - Created Permission View: can delete on DAG:example_complex
[2024-05-05T15:33:26.632+0000] {logging_mixin.py:188} INFO - [2024-05-05T15:33:26.632+0000] {dag.py:3096} INFO - Sync 1 DAGs
[2024-05-05T15:33:26.705+0000] {logging_mixin.py:188} INFO - [2024-05-05T15:33:26.699+0000] {dag.py:3118} INFO - Creating ORM DAG for example_complex
[2024-05-05T15:33:26.706+0000] {logging_mixin.py:188} INFO - [2024-05-05T15:33:26.705+0000] {dag.py:3954} INFO - Setting next_dagrun for example_complex to None, run_after=None
[2024-05-05T15:33:26.935+0000] {processor.py:183} INFO - Processing /home/airflow/.local/lib/python3.12/site-packages/airflow/example_dags/example_complex.py took 1.169 seconds
[2024-05-05T15:33:57.307+0000] {processor.py:161} INFO - Started process (PID=117) to work on /home/airflow/.local/lib/python3.12/site-packages/airflow/example_dags/example_complex.py
[2024-05-05T15:33:57.308+0000] {processor.py:830} INFO - Processing file /home/airflow/.local/lib/python3.12/site-packages/airflow/example_dags/example_complex.py for tasks to queue
[2024-05-05T15:33:57.310+0000] {logging_mixin.py:188} INFO - [2024-05-05T15:33:57.310+0000] {dagbag.py:540} INFO - Filling up the DagBag from /home/airflow/.local/lib/python3.12/site-packages/airflow/example_dags/example_complex.py
[2024-05-05T15:33:57.325+0000] {processor.py:840} INFO - DAG(s) 'example_complex' retrieved from /home/airflow/.local/lib/python3.12/site-packages/airflow/example_dags/example_complex.py
[2024-05-05T15:33:57.371+0000] {logging_mixin.py:188} INFO - [2024-05-05T15:33:57.371+0000] {dag.py:3096} INFO - Sync 1 DAGs
[2024-05-05T15:33:57.389+0000] {logging_mixin.py:188} INFO - [2024-05-05T15:33:57.388+0000] {dag.py:3954} INFO - Setting next_dagrun for example_complex to None, run_after=None
[2024-05-05T15:33:57.420+0000] {processor.py:183} INFO - Processing /home/airflow/.local/lib/python3.12/site-packages/airflow/example_dags/example_complex.py took 0.119 seconds
[2024-05-05T15:34:27.705+0000] {processor.py:161} INFO - Started process (PID=175) to work on /home/airflow/.local/lib/python3.12/site-packages/airflow/example_dags/example_complex.py
[2024-05-05T15:34:27.705+0000] {processor.py:830} INFO - Processing file /home/airflow/.local/lib/python3.12/site-packages/airflow/example_dags/example_complex.py for tasks to queue
[2024-05-05T15:34:27.707+0000] {logging_mixin.py:188} INFO - [2024-05-05T15:34:27.707+0000] {dagbag.py:540} INFO - Filling up the DagBag from /home/airflow/.local/lib/python3.12/site-packages/airflow/example_dags/example_complex.py
[2024-05-05T15:34:27.722+0000] {processor.py:840} INFO - DAG(s) 'example_complex' retrieved from /home/airflow/.local/lib/python3.12/site-packages/airflow/example_dags/example_complex.py
[2024-05-05T15:34:27.772+0000] {logging_mixin.py:188} INFO - [2024-05-05T15:34:27.771+0000] {dag.py:3096} INFO - Sync 1 DAGs
[2024-05-05T15:34:27.787+0000] {logging_mixin.py:188} INFO - [2024-05-05T15:34:27.787+0000] {dag.py:3954} INFO - Setting next_dagrun for example_complex to None, run_after=None
[2024-05-05T15:34:27.816+0000] {processor.py:183} INFO - Processing /home/airflow/.local/lib/python3.12/site-packages/airflow/example_dags/example_complex.py took 0.118 seconds
[2024-05-05T15:34:58.191+0000] {processor.py:161} INFO - Started process (PID=232) to work on /home/airflow/.local/lib/python3.12/site-packages/airflow/example_dags/example_complex.py
[2024-05-05T15:34:58.195+0000] {processor.py:830} INFO - Processing file /home/airflow/.local/lib/python3.12/site-packages/airflow/example_dags/example_complex.py for tasks to queue
[2024-05-05T15:34:58.198+0000] {logging_mixin.py:188} INFO - [2024-05-05T15:34:58.197+0000] {dagbag.py:540} INFO - Filling up the DagBag from /home/airflow/.local/lib/python3.12/site-packages/airflow/example_dags/example_complex.py
[2024-05-05T15:34:58.225+0000] {processor.py:840} INFO - DAG(s) 'example_complex' retrieved from /home/airflow/.local/lib/python3.12/site-packages/airflow/example_dags/example_complex.py
[2024-05-05T15:34:58.283+0000] {logging_mixin.py:188} INFO - [2024-05-05T15:34:58.283+0000] {dag.py:3096} INFO - Sync 1 DAGs
[2024-05-05T15:34:58.340+0000] {logging_mixin.py:188} INFO - [2024-05-05T15:34:58.336+0000] {dag.py:3954} INFO - Setting next_dagrun for example_complex to None, run_after=None
[2024-05-05T15:34:58.379+0000] {processor.py:183} INFO - Processing /home/airflow/.local/lib/python3.12/site-packages/airflow/example_dags/example_complex.py took 0.205 seconds
[2024-05-05T15:35:28.883+0000] {processor.py:161} INFO - Started process (PID=290) to work on /home/airflow/.local/lib/python3.12/site-packages/airflow/example_dags/example_complex.py
[2024-05-05T15:35:28.884+0000] {processor.py:830} INFO - Processing file /home/airflow/.local/lib/python3.12/site-packages/airflow/example_dags/example_complex.py for tasks to queue
[2024-05-05T15:35:28.886+0000] {logging_mixin.py:188} INFO - [2024-05-05T15:35:28.886+0000] {dagbag.py:540} INFO - Filling up the DagBag from /home/airflow/.local/lib/python3.12/site-packages/airflow/example_dags/example_complex.py
[2024-05-05T15:35:28.902+0000] {processor.py:840} INFO - DAG(s) 'example_complex' retrieved from /home/airflow/.local/lib/python3.12/site-packages/airflow/example_dags/example_complex.py
[2024-05-05T15:35:28.952+0000] {logging_mixin.py:188} INFO - [2024-05-05T15:35:28.952+0000] {dag.py:3096} INFO - Sync 1 DAGs
[2024-05-05T15:35:28.968+0000] {logging_mixin.py:188} INFO - [2024-05-05T15:35:28.968+0000] {dag.py:3954} INFO - Setting next_dagrun for example_complex to None, run_after=None
[2024-05-05T15:35:28.994+0000] {processor.py:183} INFO - Processing /home/airflow/.local/lib/python3.12/site-packages/airflow/example_dags/example_complex.py took 0.120 seconds
[2024-05-05T15:35:59.385+0000] {processor.py:161} INFO - Started process (PID=348) to work on /home/airflow/.local/lib/python3.12/site-packages/airflow/example_dags/example_complex.py
[2024-05-05T15:35:59.393+0000] {processor.py:830} INFO - Processing file /home/airflow/.local/lib/python3.12/site-packages/airflow/example_dags/example_complex.py for tasks to queue
[2024-05-05T15:35:59.395+0000] {logging_mixin.py:188} INFO - [2024-05-05T15:35:59.395+0000] {dagbag.py:540} INFO - Filling up the DagBag from /home/airflow/.local/lib/python3.12/site-packages/airflow/example_dags/example_complex.py
[2024-05-05T15:35:59.489+0000] {processor.py:840} INFO - DAG(s) 'example_complex' retrieved from /home/airflow/.local/lib/python3.12/site-packages/airflow/example_dags/example_complex.py
[2024-05-05T15:35:59.572+0000] {logging_mixin.py:188} INFO - [2024-05-05T15:35:59.572+0000] {dag.py:3096} INFO - Sync 1 DAGs
[2024-05-05T15:35:59.602+0000] {logging_mixin.py:188} INFO - [2024-05-05T15:35:59.602+0000] {dag.py:3954} INFO - Setting next_dagrun for example_complex to None, run_after=None
[2024-05-05T15:35:59.668+0000] {processor.py:183} INFO - Processing /home/airflow/.local/lib/python3.12/site-packages/airflow/example_dags/example_complex.py took 0.299 seconds
[2024-05-05T15:36:30.206+0000] {processor.py:161} INFO - Started process (PID=407) to work on /home/airflow/.local/lib/python3.12/site-packages/airflow/example_dags/example_complex.py
[2024-05-05T15:36:30.207+0000] {processor.py:830} INFO - Processing file /home/airflow/.local/lib/python3.12/site-packages/airflow/example_dags/example_complex.py for tasks to queue
[2024-05-05T15:36:30.209+0000] {logging_mixin.py:188} INFO - [2024-05-05T15:36:30.208+0000] {dagbag.py:540} INFO - Filling up the DagBag from /home/airflow/.local/lib/python3.12/site-packages/airflow/example_dags/example_complex.py
[2024-05-05T15:36:30.223+0000] {processor.py:840} INFO - DAG(s) 'example_complex' retrieved from /home/airflow/.local/lib/python3.12/site-packages/airflow/example_dags/example_complex.py
[2024-05-05T15:36:30.339+0000] {logging_mixin.py:188} INFO - [2024-05-05T15:36:30.338+0000] {dag.py:3096} INFO - Sync 1 DAGs
[2024-05-05T15:36:30.357+0000] {logging_mixin.py:188} INFO - [2024-05-05T15:36:30.357+0000] {dag.py:3954} INFO - Setting next_dagrun for example_complex to None, run_after=None
[2024-05-05T15:36:30.382+0000] {processor.py:183} INFO - Processing /home/airflow/.local/lib/python3.12/site-packages/airflow/example_dags/example_complex.py took 0.182 seconds
[2024-05-05T15:37:00.596+0000] {processor.py:161} INFO - Started process (PID=465) to work on /home/airflow/.local/lib/python3.12/site-packages/airflow/example_dags/example_complex.py
[2024-05-05T15:37:00.600+0000] {processor.py:830} INFO - Processing file /home/airflow/.local/lib/python3.12/site-packages/airflow/example_dags/example_complex.py for tasks to queue
[2024-05-05T15:37:00.602+0000] {logging_mixin.py:188} INFO - [2024-05-05T15:37:00.601+0000] {dagbag.py:540} INFO - Filling up the DagBag from /home/airflow/.local/lib/python3.12/site-packages/airflow/example_dags/example_complex.py
[2024-05-05T15:37:00.632+0000] {processor.py:840} INFO - DAG(s) 'example_complex' retrieved from /home/airflow/.local/lib/python3.12/site-packages/airflow/example_dags/example_complex.py
[2024-05-05T15:37:00.703+0000] {logging_mixin.py:188} INFO - [2024-05-05T15:37:00.702+0000] {dag.py:3096} INFO - Sync 1 DAGs
[2024-05-05T15:37:00.719+0000] {logging_mixin.py:188} INFO - [2024-05-05T15:37:00.718+0000] {dag.py:3954} INFO - Setting next_dagrun for example_complex to None, run_after=None
[2024-05-05T15:37:00.743+0000] {processor.py:183} INFO - Processing /home/airflow/.local/lib/python3.12/site-packages/airflow/example_dags/example_complex.py took 0.153 seconds
[2024-05-05T15:37:31.231+0000] {processor.py:161} INFO - Started process (PID=524) to work on /home/airflow/.local/lib/python3.12/site-packages/airflow/example_dags/example_complex.py
[2024-05-05T15:37:31.233+0000] {processor.py:830} INFO - Processing file /home/airflow/.local/lib/python3.12/site-packages/airflow/example_dags/example_complex.py for tasks to queue
[2024-05-05T15:37:31.235+0000] {logging_mixin.py:188} INFO - [2024-05-05T15:37:31.234+0000] {dagbag.py:540} INFO - Filling up the DagBag from /home/airflow/.local/lib/python3.12/site-packages/airflow/example_dags/example_complex.py
[2024-05-05T15:37:31.251+0000] {processor.py:840} INFO - DAG(s) 'example_complex' retrieved from /home/airflow/.local/lib/python3.12/site-packages/airflow/example_dags/example_complex.py
[2024-05-05T15:37:31.340+0000] {logging_mixin.py:188} INFO - [2024-05-05T15:37:31.340+0000] {dag.py:3096} INFO - Sync 1 DAGs
[2024-05-05T15:37:31.370+0000] {logging_mixin.py:188} INFO - [2024-05-05T15:37:31.370+0000] {dag.py:3954} INFO - Setting next_dagrun for example_complex to None, run_after=None
[2024-05-05T15:37:31.407+0000] {processor.py:183} INFO - Processing /home/airflow/.local/lib/python3.12/site-packages/airflow/example_dags/example_complex.py took 0.184 seconds
[2024-05-05T15:38:02.089+0000] {processor.py:161} INFO - Started process (PID=583) to work on /home/airflow/.local/lib/python3.12/site-packages/airflow/example_dags/example_complex.py
[2024-05-05T15:38:02.090+0000] {processor.py:830} INFO - Processing file /home/airflow/.local/lib/python3.12/site-packages/airflow/example_dags/example_complex.py for tasks to queue
[2024-05-05T15:38:02.092+0000] {logging_mixin.py:188} INFO - [2024-05-05T15:38:02.092+0000] {dagbag.py:540} INFO - Filling up the DagBag from /home/airflow/.local/lib/python3.12/site-packages/airflow/example_dags/example_complex.py
[2024-05-05T15:38:02.107+0000] {processor.py:840} INFO - DAG(s) 'example_complex' retrieved from /home/airflow/.local/lib/python3.12/site-packages/airflow/example_dags/example_complex.py
[2024-05-05T15:38:02.154+0000] {logging_mixin.py:188} INFO - [2024-05-05T15:38:02.154+0000] {dag.py:3096} INFO - Sync 1 DAGs
[2024-05-05T15:38:02.170+0000] {logging_mixin.py:188} INFO - [2024-05-05T15:38:02.169+0000] {dag.py:3954} INFO - Setting next_dagrun for example_complex to None, run_after=None
[2024-05-05T15:38:02.197+0000] {processor.py:183} INFO - Processing /home/airflow/.local/lib/python3.12/site-packages/airflow/example_dags/example_complex.py took 0.114 seconds
[2024-05-05T15:38:32.259+0000] {processor.py:161} INFO - Started process (PID=641) to work on /home/airflow/.local/lib/python3.12/site-packages/airflow/example_dags/example_complex.py
[2024-05-05T15:38:32.260+0000] {processor.py:830} INFO - Processing file /home/airflow/.local/lib/python3.12/site-packages/airflow/example_dags/example_complex.py for tasks to queue
[2024-05-05T15:38:32.262+0000] {logging_mixin.py:188} INFO - [2024-05-05T15:38:32.261+0000] {dagbag.py:540} INFO - Filling up the DagBag from /home/airflow/.local/lib/python3.12/site-packages/airflow/example_dags/example_complex.py
[2024-05-05T15:38:32.285+0000] {processor.py:840} INFO - DAG(s) 'example_complex' retrieved from /home/airflow/.local/lib/python3.12/site-packages/airflow/example_dags/example_complex.py
[2024-05-05T15:38:32.368+0000] {logging_mixin.py:188} INFO - [2024-05-05T15:38:32.368+0000] {dag.py:3096} INFO - Sync 1 DAGs
[2024-05-05T15:38:32.386+0000] {logging_mixin.py:188} INFO - [2024-05-05T15:38:32.386+0000] {dag.py:3954} INFO - Setting next_dagrun for example_complex to None, run_after=None
[2024-05-05T15:38:32.417+0000] {processor.py:183} INFO - Processing /home/airflow/.local/lib/python3.12/site-packages/airflow/example_dags/example_complex.py took 0.166 seconds
[2024-05-05T15:39:03.357+0000] {processor.py:161} INFO - Started process (PID=699) to work on /home/airflow/.local/lib/python3.12/site-packages/airflow/example_dags/example_complex.py
[2024-05-05T15:39:03.358+0000] {processor.py:830} INFO - Processing file /home/airflow/.local/lib/python3.12/site-packages/airflow/example_dags/example_complex.py for tasks to queue
[2024-05-05T15:39:03.359+0000] {logging_mixin.py:188} INFO - [2024-05-05T15:39:03.359+0000] {dagbag.py:540} INFO - Filling up the DagBag from /home/airflow/.local/lib/python3.12/site-packages/airflow/example_dags/example_complex.py
[2024-05-05T15:39:03.378+0000] {processor.py:840} INFO - DAG(s) 'example_complex' retrieved from /home/airflow/.local/lib/python3.12/site-packages/airflow/example_dags/example_complex.py
[2024-05-05T15:39:03.423+0000] {logging_mixin.py:188} INFO - [2024-05-05T15:39:03.423+0000] {dag.py:3096} INFO - Sync 1 DAGs
[2024-05-05T15:39:03.439+0000] {logging_mixin.py:188} INFO - [2024-05-05T15:39:03.438+0000] {dag.py:3954} INFO - Setting next_dagrun for example_complex to None, run_after=None
[2024-05-05T15:39:03.465+0000] {processor.py:183} INFO - Processing /home/airflow/.local/lib/python3.12/site-packages/airflow/example_dags/example_complex.py took 0.115 seconds
[2024-05-05T15:39:34.232+0000] {processor.py:161} INFO - Started process (PID=758) to work on /home/airflow/.local/lib/python3.12/site-packages/airflow/example_dags/example_complex.py
[2024-05-05T15:39:34.234+0000] {processor.py:830} INFO - Processing file /home/airflow/.local/lib/python3.12/site-packages/airflow/example_dags/example_complex.py for tasks to queue
[2024-05-05T15:39:34.235+0000] {logging_mixin.py:188} INFO - [2024-05-05T15:39:34.235+0000] {dagbag.py:540} INFO - Filling up the DagBag from /home/airflow/.local/lib/python3.12/site-packages/airflow/example_dags/example_complex.py
[2024-05-05T15:39:34.258+0000] {processor.py:840} INFO - DAG(s) 'example_complex' retrieved from /home/airflow/.local/lib/python3.12/site-packages/airflow/example_dags/example_complex.py
[2024-05-05T15:39:34.352+0000] {logging_mixin.py:188} INFO - [2024-05-05T15:39:34.352+0000] {dag.py:3096} INFO - Sync 1 DAGs
[2024-05-05T15:39:34.390+0000] {logging_mixin.py:188} INFO - [2024-05-05T15:39:34.390+0000] {dag.py:3954} INFO - Setting next_dagrun for example_complex to None, run_after=None
[2024-05-05T15:39:34.423+0000] {processor.py:183} INFO - Processing /home/airflow/.local/lib/python3.12/site-packages/airflow/example_dags/example_complex.py took 0.198 seconds
[2024-05-05T15:40:05.273+0000] {processor.py:161} INFO - Started process (PID=815) to work on /home/airflow/.local/lib/python3.12/site-packages/airflow/example_dags/example_complex.py
[2024-05-05T15:40:05.274+0000] {processor.py:830} INFO - Processing file /home/airflow/.local/lib/python3.12/site-packages/airflow/example_dags/example_complex.py for tasks to queue
[2024-05-05T15:40:05.276+0000] {logging_mixin.py:188} INFO - [2024-05-05T15:40:05.276+0000] {dagbag.py:540} INFO - Filling up the DagBag from /home/airflow/.local/lib/python3.12/site-packages/airflow/example_dags/example_complex.py
[2024-05-05T15:40:05.290+0000] {processor.py:840} INFO - DAG(s) 'example_complex' retrieved from /home/airflow/.local/lib/python3.12/site-packages/airflow/example_dags/example_complex.py
[2024-05-05T15:40:05.337+0000] {logging_mixin.py:188} INFO - [2024-05-05T15:40:05.336+0000] {dag.py:3096} INFO - Sync 1 DAGs
[2024-05-05T15:40:05.357+0000] {logging_mixin.py:188} INFO - [2024-05-05T15:40:05.357+0000] {dag.py:3954} INFO - Setting next_dagrun for example_complex to None, run_after=None
[2024-05-05T15:40:05.382+0000] {processor.py:183} INFO - Processing /home/airflow/.local/lib/python3.12/site-packages/airflow/example_dags/example_complex.py took 0.116 seconds
[2024-05-05T15:40:36.184+0000] {processor.py:161} INFO - Started process (PID=873) to work on /home/airflow/.local/lib/python3.12/site-packages/airflow/example_dags/example_complex.py
[2024-05-05T15:40:36.185+0000] {processor.py:830} INFO - Processing file /home/airflow/.local/lib/python3.12/site-packages/airflow/example_dags/example_complex.py for tasks to queue
[2024-05-05T15:40:36.191+0000] {logging_mixin.py:188} INFO - [2024-05-05T15:40:36.191+0000] {dagbag.py:540} INFO - Filling up the DagBag from /home/airflow/.local/lib/python3.12/site-packages/airflow/example_dags/example_complex.py
[2024-05-05T15:40:36.253+0000] {processor.py:840} INFO - DAG(s) 'example_complex' retrieved from /home/airflow/.local/lib/python3.12/site-packages/airflow/example_dags/example_complex.py
[2024-05-05T15:40:36.791+0000] {logging_mixin.py:188} INFO - [2024-05-05T15:40:36.790+0000] {dag.py:3096} INFO - Sync 1 DAGs
[2024-05-05T15:40:36.805+0000] {logging_mixin.py:188} INFO - [2024-05-05T15:40:36.805+0000] {dag.py:3954} INFO - Setting next_dagrun for example_complex to None, run_after=None
[2024-05-05T15:40:36.846+0000] {processor.py:183} INFO - Processing /home/airflow/.local/lib/python3.12/site-packages/airflow/example_dags/example_complex.py took 0.685 seconds
[2024-05-05T15:41:08.055+0000] {processor.py:161} INFO - Started process (PID=930) to work on /home/airflow/.local/lib/python3.12/site-packages/airflow/example_dags/example_complex.py
[2024-05-05T15:41:08.056+0000] {processor.py:830} INFO - Processing file /home/airflow/.local/lib/python3.12/site-packages/airflow/example_dags/example_complex.py for tasks to queue
[2024-05-05T15:41:08.058+0000] {logging_mixin.py:188} INFO - [2024-05-05T15:41:08.057+0000] {dagbag.py:540} INFO - Filling up the DagBag from /home/airflow/.local/lib/python3.12/site-packages/airflow/example_dags/example_complex.py
[2024-05-05T15:41:08.093+0000] {processor.py:840} INFO - DAG(s) 'example_complex' retrieved from /home/airflow/.local/lib/python3.12/site-packages/airflow/example_dags/example_complex.py
[2024-05-05T15:41:08.164+0000] {logging_mixin.py:188} INFO - [2024-05-05T15:41:08.164+0000] {dag.py:3096} INFO - Sync 1 DAGs
[2024-05-05T15:41:08.642+0000] {logging_mixin.py:188} INFO - [2024-05-05T15:41:08.641+0000] {dag.py:3954} INFO - Setting next_dagrun for example_complex to None, run_after=None
[2024-05-05T15:41:08.695+0000] {processor.py:183} INFO - Processing /home/airflow/.local/lib/python3.12/site-packages/airflow/example_dags/example_complex.py took 0.668 seconds
[2024-05-05T15:41:38.822+0000] {processor.py:161} INFO - Started process (PID=989) to work on /home/airflow/.local/lib/python3.12/site-packages/airflow/example_dags/example_complex.py
[2024-05-05T15:41:38.823+0000] {processor.py:830} INFO - Processing file /home/airflow/.local/lib/python3.12/site-packages/airflow/example_dags/example_complex.py for tasks to queue
[2024-05-05T15:41:38.825+0000] {logging_mixin.py:188} INFO - [2024-05-05T15:41:38.825+0000] {dagbag.py:540} INFO - Filling up the DagBag from /home/airflow/.local/lib/python3.12/site-packages/airflow/example_dags/example_complex.py
[2024-05-05T15:41:38.839+0000] {processor.py:840} INFO - DAG(s) 'example_complex' retrieved from /home/airflow/.local/lib/python3.12/site-packages/airflow/example_dags/example_complex.py
[2024-05-05T15:41:38.885+0000] {logging_mixin.py:188} INFO - [2024-05-05T15:41:38.885+0000] {dag.py:3096} INFO - Sync 1 DAGs
[2024-05-05T15:41:38.903+0000] {logging_mixin.py:188} INFO - [2024-05-05T15:41:38.902+0000] {dag.py:3954} INFO - Setting next_dagrun for example_complex to None, run_after=None
[2024-05-05T15:41:38.928+0000] {processor.py:183} INFO - Processing /home/airflow/.local/lib/python3.12/site-packages/airflow/example_dags/example_complex.py took 0.113 seconds
[2024-05-05T15:42:10.082+0000] {processor.py:161} INFO - Started process (PID=1048) to work on /home/airflow/.local/lib/python3.12/site-packages/airflow/example_dags/example_complex.py
[2024-05-05T15:42:10.083+0000] {processor.py:830} INFO - Processing file /home/airflow/.local/lib/python3.12/site-packages/airflow/example_dags/example_complex.py for tasks to queue
[2024-05-05T15:42:10.086+0000] {logging_mixin.py:188} INFO - [2024-05-05T15:42:10.086+0000] {dagbag.py:540} INFO - Filling up the DagBag from /home/airflow/.local/lib/python3.12/site-packages/airflow/example_dags/example_complex.py
[2024-05-05T15:42:10.100+0000] {processor.py:840} INFO - DAG(s) 'example_complex' retrieved from /home/airflow/.local/lib/python3.12/site-packages/airflow/example_dags/example_complex.py
[2024-05-05T15:42:10.141+0000] {logging_mixin.py:188} INFO - [2024-05-05T15:42:10.141+0000] {dag.py:3096} INFO - Sync 1 DAGs
[2024-05-05T15:42:10.157+0000] {logging_mixin.py:188} INFO - [2024-05-05T15:42:10.157+0000] {dag.py:3954} INFO - Setting next_dagrun for example_complex to None, run_after=None
[2024-05-05T15:42:10.182+0000] {processor.py:183} INFO - Processing /home/airflow/.local/lib/python3.12/site-packages/airflow/example_dags/example_complex.py took 0.122 seconds
[2024-05-05T15:42:40.904+0000] {processor.py:161} INFO - Started process (PID=1106) to work on /home/airflow/.local/lib/python3.12/site-packages/airflow/example_dags/example_complex.py
[2024-05-05T15:42:40.907+0000] {processor.py:830} INFO - Processing file /home/airflow/.local/lib/python3.12/site-packages/airflow/example_dags/example_complex.py for tasks to queue
[2024-05-05T15:42:40.912+0000] {logging_mixin.py:188} INFO - [2024-05-05T15:42:40.912+0000] {dagbag.py:540} INFO - Filling up the DagBag from /home/airflow/.local/lib/python3.12/site-packages/airflow/example_dags/example_complex.py
[2024-05-05T15:42:40.972+0000] {processor.py:840} INFO - DAG(s) 'example_complex' retrieved from /home/airflow/.local/lib/python3.12/site-packages/airflow/example_dags/example_complex.py
[2024-05-05T15:42:41.077+0000] {logging_mixin.py:188} INFO - [2024-05-05T15:42:41.076+0000] {dag.py:3096} INFO - Sync 1 DAGs
[2024-05-05T15:42:41.109+0000] {logging_mixin.py:188} INFO - [2024-05-05T15:42:41.109+0000] {dag.py:3954} INFO - Setting next_dagrun for example_complex to None, run_after=None
[2024-05-05T15:42:41.169+0000] {processor.py:183} INFO - Processing /home/airflow/.local/lib/python3.12/site-packages/airflow/example_dags/example_complex.py took 0.292 seconds
[2024-05-05T15:43:11.339+0000] {processor.py:161} INFO - Started process (PID=1163) to work on /home/airflow/.local/lib/python3.12/site-packages/airflow/example_dags/example_complex.py
[2024-05-05T15:43:11.351+0000] {processor.py:830} INFO - Processing file /home/airflow/.local/lib/python3.12/site-packages/airflow/example_dags/example_complex.py for tasks to queue
[2024-05-05T15:43:11.362+0000] {logging_mixin.py:188} INFO - [2024-05-05T15:43:11.353+0000] {dagbag.py:540} INFO - Filling up the DagBag from /home/airflow/.local/lib/python3.12/site-packages/airflow/example_dags/example_complex.py
[2024-05-05T15:43:11.391+0000] {processor.py:840} INFO - DAG(s) 'example_complex' retrieved from /home/airflow/.local/lib/python3.12/site-packages/airflow/example_dags/example_complex.py
[2024-05-05T15:43:11.458+0000] {logging_mixin.py:188} INFO - [2024-05-05T15:43:11.458+0000] {dag.py:3096} INFO - Sync 1 DAGs
[2024-05-05T15:43:11.474+0000] {logging_mixin.py:188} INFO - [2024-05-05T15:43:11.474+0000] {dag.py:3954} INFO - Setting next_dagrun for example_complex to None, run_after=None
[2024-05-05T15:43:11.509+0000] {processor.py:183} INFO - Processing /home/airflow/.local/lib/python3.12/site-packages/airflow/example_dags/example_complex.py took 0.176 seconds
[2024-05-05T15:43:42.710+0000] {processor.py:161} INFO - Started process (PID=1222) to work on /home/airflow/.local/lib/python3.12/site-packages/airflow/example_dags/example_complex.py
[2024-05-05T15:43:42.717+0000] {processor.py:830} INFO - Processing file /home/airflow/.local/lib/python3.12/site-packages/airflow/example_dags/example_complex.py for tasks to queue
[2024-05-05T15:43:42.719+0000] {logging_mixin.py:188} INFO - [2024-05-05T15:43:42.718+0000] {dagbag.py:540} INFO - Filling up the DagBag from /home/airflow/.local/lib/python3.12/site-packages/airflow/example_dags/example_complex.py
[2024-05-05T15:43:42.767+0000] {processor.py:840} INFO - DAG(s) 'example_complex' retrieved from /home/airflow/.local/lib/python3.12/site-packages/airflow/example_dags/example_complex.py
[2024-05-05T15:43:42.924+0000] {logging_mixin.py:188} INFO - [2024-05-05T15:43:42.924+0000] {dag.py:3096} INFO - Sync 1 DAGs
[2024-05-05T15:43:42.960+0000] {logging_mixin.py:188} INFO - [2024-05-05T15:43:42.959+0000] {dag.py:3954} INFO - Setting next_dagrun for example_complex to None, run_after=None
[2024-05-05T15:43:43.005+0000] {processor.py:183} INFO - Processing /home/airflow/.local/lib/python3.12/site-packages/airflow/example_dags/example_complex.py took 0.318 seconds
[2024-05-05T15:44:13.945+0000] {processor.py:161} INFO - Started process (PID=1280) to work on /home/airflow/.local/lib/python3.12/site-packages/airflow/example_dags/example_complex.py
[2024-05-05T15:44:13.946+0000] {processor.py:830} INFO - Processing file /home/airflow/.local/lib/python3.12/site-packages/airflow/example_dags/example_complex.py for tasks to queue
[2024-05-05T15:44:13.948+0000] {logging_mixin.py:188} INFO - [2024-05-05T15:44:13.947+0000] {dagbag.py:540} INFO - Filling up the DagBag from /home/airflow/.local/lib/python3.12/site-packages/airflow/example_dags/example_complex.py
[2024-05-05T15:44:13.963+0000] {processor.py:840} INFO - DAG(s) 'example_complex' retrieved from /home/airflow/.local/lib/python3.12/site-packages/airflow/example_dags/example_complex.py
[2024-05-05T15:44:14.019+0000] {logging_mixin.py:188} INFO - [2024-05-05T15:44:14.018+0000] {dag.py:3096} INFO - Sync 1 DAGs
[2024-05-05T15:44:14.034+0000] {logging_mixin.py:188} INFO - [2024-05-05T15:44:14.034+0000] {dag.py:3954} INFO - Setting next_dagrun for example_complex to None, run_after=None
[2024-05-05T15:44:14.061+0000] {processor.py:183} INFO - Processing /home/airflow/.local/lib/python3.12/site-packages/airflow/example_dags/example_complex.py took 0.123 seconds
[2024-05-05T15:44:44.196+0000] {processor.py:161} INFO - Started process (PID=1338) to work on /home/airflow/.local/lib/python3.12/site-packages/airflow/example_dags/example_complex.py
[2024-05-05T15:44:44.197+0000] {processor.py:830} INFO - Processing file /home/airflow/.local/lib/python3.12/site-packages/airflow/example_dags/example_complex.py for tasks to queue
[2024-05-05T15:44:44.200+0000] {logging_mixin.py:188} INFO - [2024-05-05T15:44:44.199+0000] {dagbag.py:540} INFO - Filling up the DagBag from /home/airflow/.local/lib/python3.12/site-packages/airflow/example_dags/example_complex.py
[2024-05-05T15:44:44.219+0000] {processor.py:840} INFO - DAG(s) 'example_complex' retrieved from /home/airflow/.local/lib/python3.12/site-packages/airflow/example_dags/example_complex.py
[2024-05-05T15:44:44.267+0000] {logging_mixin.py:188} INFO - [2024-05-05T15:44:44.267+0000] {dag.py:3096} INFO - Sync 1 DAGs
[2024-05-05T15:44:44.284+0000] {logging_mixin.py:188} INFO - [2024-05-05T15:44:44.284+0000] {dag.py:3954} INFO - Setting next_dagrun for example_complex to None, run_after=None
[2024-05-05T15:44:44.314+0000] {processor.py:183} INFO - Processing /home/airflow/.local/lib/python3.12/site-packages/airflow/example_dags/example_complex.py took 0.135 seconds
[2024-05-05T15:45:15.147+0000] {processor.py:161} INFO - Started process (PID=1395) to work on /home/airflow/.local/lib/python3.12/site-packages/airflow/example_dags/example_complex.py
[2024-05-05T15:45:15.159+0000] {processor.py:830} INFO - Processing file /home/airflow/.local/lib/python3.12/site-packages/airflow/example_dags/example_complex.py for tasks to queue
[2024-05-05T15:45:15.160+0000] {logging_mixin.py:188} INFO - [2024-05-05T15:45:15.160+0000] {dagbag.py:540} INFO - Filling up the DagBag from /home/airflow/.local/lib/python3.12/site-packages/airflow/example_dags/example_complex.py
[2024-05-05T15:45:15.209+0000] {processor.py:840} INFO - DAG(s) 'example_complex' retrieved from /home/airflow/.local/lib/python3.12/site-packages/airflow/example_dags/example_complex.py
[2024-05-05T15:45:15.281+0000] {logging_mixin.py:188} INFO - [2024-05-05T15:45:15.281+0000] {dag.py:3096} INFO - Sync 1 DAGs
[2024-05-05T15:45:15.297+0000] {logging_mixin.py:188} INFO - [2024-05-05T15:45:15.297+0000] {dag.py:3954} INFO - Setting next_dagrun for example_complex to None, run_after=None
[2024-05-05T15:45:15.345+0000] {processor.py:183} INFO - Processing /home/airflow/.local/lib/python3.12/site-packages/airflow/example_dags/example_complex.py took 0.225 seconds
[2024-05-05T15:45:45.470+0000] {processor.py:161} INFO - Started process (PID=1452) to work on /home/airflow/.local/lib/python3.12/site-packages/airflow/example_dags/example_complex.py
[2024-05-05T15:45:45.471+0000] {processor.py:830} INFO - Processing file /home/airflow/.local/lib/python3.12/site-packages/airflow/example_dags/example_complex.py for tasks to queue
[2024-05-05T15:45:45.473+0000] {logging_mixin.py:188} INFO - [2024-05-05T15:45:45.472+0000] {dagbag.py:540} INFO - Filling up the DagBag from /home/airflow/.local/lib/python3.12/site-packages/airflow/example_dags/example_complex.py
[2024-05-05T15:45:45.498+0000] {processor.py:840} INFO - DAG(s) 'example_complex' retrieved from /home/airflow/.local/lib/python3.12/site-packages/airflow/example_dags/example_complex.py
[2024-05-05T15:45:45.630+0000] {logging_mixin.py:188} INFO - [2024-05-05T15:45:45.630+0000] {dag.py:3096} INFO - Sync 1 DAGs
[2024-05-05T15:45:45.666+0000] {logging_mixin.py:188} INFO - [2024-05-05T15:45:45.666+0000] {dag.py:3954} INFO - Setting next_dagrun for example_complex to None, run_after=None
[2024-05-05T15:45:45.711+0000] {processor.py:183} INFO - Processing /home/airflow/.local/lib/python3.12/site-packages/airflow/example_dags/example_complex.py took 0.266 seconds
[2024-05-05T15:46:15.815+0000] {processor.py:161} INFO - Started process (PID=1511) to work on /home/airflow/.local/lib/python3.12/site-packages/airflow/example_dags/example_complex.py
[2024-05-05T15:46:15.816+0000] {processor.py:830} INFO - Processing file /home/airflow/.local/lib/python3.12/site-packages/airflow/example_dags/example_complex.py for tasks to queue
[2024-05-05T15:46:15.818+0000] {logging_mixin.py:188} INFO - [2024-05-05T15:46:15.818+0000] {dagbag.py:540} INFO - Filling up the DagBag from /home/airflow/.local/lib/python3.12/site-packages/airflow/example_dags/example_complex.py
[2024-05-05T15:46:15.831+0000] {processor.py:840} INFO - DAG(s) 'example_complex' retrieved from /home/airflow/.local/lib/python3.12/site-packages/airflow/example_dags/example_complex.py
[2024-05-05T15:46:15.860+0000] {logging_mixin.py:188} INFO - [2024-05-05T15:46:15.860+0000] {dag.py:3096} INFO - Sync 1 DAGs
[2024-05-05T15:46:15.871+0000] {logging_mixin.py:188} INFO - [2024-05-05T15:46:15.870+0000] {dag.py:3954} INFO - Setting next_dagrun for example_complex to None, run_after=None
[2024-05-05T15:46:15.893+0000] {processor.py:183} INFO - Processing /home/airflow/.local/lib/python3.12/site-packages/airflow/example_dags/example_complex.py took 0.086 seconds
[2024-05-05T15:46:45.978+0000] {processor.py:161} INFO - Started process (PID=1568) to work on /home/airflow/.local/lib/python3.12/site-packages/airflow/example_dags/example_complex.py
[2024-05-05T15:46:45.979+0000] {processor.py:830} INFO - Processing file /home/airflow/.local/lib/python3.12/site-packages/airflow/example_dags/example_complex.py for tasks to queue
[2024-05-05T15:46:45.981+0000] {logging_mixin.py:188} INFO - [2024-05-05T15:46:45.981+0000] {dagbag.py:540} INFO - Filling up the DagBag from /home/airflow/.local/lib/python3.12/site-packages/airflow/example_dags/example_complex.py
[2024-05-05T15:46:45.996+0000] {processor.py:840} INFO - DAG(s) 'example_complex' retrieved from /home/airflow/.local/lib/python3.12/site-packages/airflow/example_dags/example_complex.py
[2024-05-05T15:46:46.159+0000] {logging_mixin.py:188} INFO - [2024-05-05T15:46:46.159+0000] {dag.py:3096} INFO - Sync 1 DAGs
[2024-05-05T15:46:46.214+0000] {logging_mixin.py:188} INFO - [2024-05-05T15:46:46.214+0000] {dag.py:3954} INFO - Setting next_dagrun for example_complex to None, run_after=None
[2024-05-05T15:46:46.242+0000] {processor.py:183} INFO - Processing /home/airflow/.local/lib/python3.12/site-packages/airflow/example_dags/example_complex.py took 0.270 seconds
[2024-05-05T15:47:16.357+0000] {processor.py:161} INFO - Started process (PID=1625) to work on /home/airflow/.local/lib/python3.12/site-packages/airflow/example_dags/example_complex.py
[2024-05-05T15:47:16.358+0000] {processor.py:830} INFO - Processing file /home/airflow/.local/lib/python3.12/site-packages/airflow/example_dags/example_complex.py for tasks to queue
[2024-05-05T15:47:16.360+0000] {logging_mixin.py:188} INFO - [2024-05-05T15:47:16.359+0000] {dagbag.py:540} INFO - Filling up the DagBag from /home/airflow/.local/lib/python3.12/site-packages/airflow/example_dags/example_complex.py
[2024-05-05T15:47:16.374+0000] {processor.py:840} INFO - DAG(s) 'example_complex' retrieved from /home/airflow/.local/lib/python3.12/site-packages/airflow/example_dags/example_complex.py
[2024-05-05T15:47:16.420+0000] {logging_mixin.py:188} INFO - [2024-05-05T15:47:16.420+0000] {dag.py:3096} INFO - Sync 1 DAGs
[2024-05-05T15:47:16.436+0000] {logging_mixin.py:188} INFO - [2024-05-05T15:47:16.436+0000] {dag.py:3954} INFO - Setting next_dagrun for example_complex to None, run_after=None
[2024-05-05T15:47:16.469+0000] {processor.py:183} INFO - Processing /home/airflow/.local/lib/python3.12/site-packages/airflow/example_dags/example_complex.py took 0.119 seconds
[2024-05-05T15:47:46.955+0000] {processor.py:161} INFO - Started process (PID=1683) to work on /home/airflow/.local/lib/python3.12/site-packages/airflow/example_dags/example_complex.py
[2024-05-05T15:47:46.965+0000] {processor.py:830} INFO - Processing file /home/airflow/.local/lib/python3.12/site-packages/airflow/example_dags/example_complex.py for tasks to queue
[2024-05-05T15:47:46.970+0000] {logging_mixin.py:188} INFO - [2024-05-05T15:47:46.969+0000] {dagbag.py:540} INFO - Filling up the DagBag from /home/airflow/.local/lib/python3.12/site-packages/airflow/example_dags/example_complex.py
[2024-05-05T15:47:47.124+0000] {processor.py:840} INFO - DAG(s) 'example_complex' retrieved from /home/airflow/.local/lib/python3.12/site-packages/airflow/example_dags/example_complex.py
[2024-05-05T15:47:47.326+0000] {logging_mixin.py:188} INFO - [2024-05-05T15:47:47.325+0000] {dag.py:3096} INFO - Sync 1 DAGs
[2024-05-05T15:47:47.409+0000] {logging_mixin.py:188} INFO - [2024-05-05T15:47:47.409+0000] {dag.py:3954} INFO - Setting next_dagrun for example_complex to None, run_after=None
[2024-05-05T15:47:47.516+0000] {processor.py:183} INFO - Processing /home/airflow/.local/lib/python3.12/site-packages/airflow/example_dags/example_complex.py took 0.588 seconds
[2024-05-05T15:48:17.641+0000] {processor.py:161} INFO - Started process (PID=1743) to work on /home/airflow/.local/lib/python3.12/site-packages/airflow/example_dags/example_complex.py
[2024-05-05T15:48:17.657+0000] {processor.py:830} INFO - Processing file /home/airflow/.local/lib/python3.12/site-packages/airflow/example_dags/example_complex.py for tasks to queue
[2024-05-05T15:48:17.663+0000] {logging_mixin.py:188} INFO - [2024-05-05T15:48:17.662+0000] {dagbag.py:540} INFO - Filling up the DagBag from /home/airflow/.local/lib/python3.12/site-packages/airflow/example_dags/example_complex.py
[2024-05-05T15:48:17.703+0000] {processor.py:840} INFO - DAG(s) 'example_complex' retrieved from /home/airflow/.local/lib/python3.12/site-packages/airflow/example_dags/example_complex.py
[2024-05-05T15:48:17.750+0000] {logging_mixin.py:188} INFO - [2024-05-05T15:48:17.750+0000] {dag.py:3096} INFO - Sync 1 DAGs
[2024-05-05T15:48:17.767+0000] {logging_mixin.py:188} INFO - [2024-05-05T15:48:17.767+0000] {dag.py:3954} INFO - Setting next_dagrun for example_complex to None, run_after=None
[2024-05-05T15:48:17.801+0000] {processor.py:183} INFO - Processing /home/airflow/.local/lib/python3.12/site-packages/airflow/example_dags/example_complex.py took 0.182 seconds
[2024-05-05T15:48:47.876+0000] {processor.py:161} INFO - Started process (PID=1802) to work on /home/airflow/.local/lib/python3.12/site-packages/airflow/example_dags/example_complex.py
[2024-05-05T15:48:47.877+0000] {processor.py:830} INFO - Processing file /home/airflow/.local/lib/python3.12/site-packages/airflow/example_dags/example_complex.py for tasks to queue
[2024-05-05T15:48:47.879+0000] {logging_mixin.py:188} INFO - [2024-05-05T15:48:47.878+0000] {dagbag.py:540} INFO - Filling up the DagBag from /home/airflow/.local/lib/python3.12/site-packages/airflow/example_dags/example_complex.py
[2024-05-05T15:48:47.893+0000] {processor.py:840} INFO - DAG(s) 'example_complex' retrieved from /home/airflow/.local/lib/python3.12/site-packages/airflow/example_dags/example_complex.py
[2024-05-05T15:48:47.942+0000] {logging_mixin.py:188} INFO - [2024-05-05T15:48:47.941+0000] {dag.py:3096} INFO - Sync 1 DAGs
[2024-05-05T15:48:47.954+0000] {logging_mixin.py:188} INFO - [2024-05-05T15:48:47.954+0000] {dag.py:3954} INFO - Setting next_dagrun for example_complex to None, run_after=None
[2024-05-05T15:48:47.977+0000] {processor.py:183} INFO - Processing /home/airflow/.local/lib/python3.12/site-packages/airflow/example_dags/example_complex.py took 0.108 seconds
[2024-05-05T15:49:18.749+0000] {processor.py:161} INFO - Started process (PID=1861) to work on /home/airflow/.local/lib/python3.12/site-packages/airflow/example_dags/example_complex.py
[2024-05-05T15:49:18.750+0000] {processor.py:830} INFO - Processing file /home/airflow/.local/lib/python3.12/site-packages/airflow/example_dags/example_complex.py for tasks to queue
[2024-05-05T15:49:18.751+0000] {logging_mixin.py:188} INFO - [2024-05-05T15:49:18.751+0000] {dagbag.py:540} INFO - Filling up the DagBag from /home/airflow/.local/lib/python3.12/site-packages/airflow/example_dags/example_complex.py
[2024-05-05T15:49:18.765+0000] {processor.py:840} INFO - DAG(s) 'example_complex' retrieved from /home/airflow/.local/lib/python3.12/site-packages/airflow/example_dags/example_complex.py
[2024-05-05T15:49:18.810+0000] {logging_mixin.py:188} INFO - [2024-05-05T15:49:18.810+0000] {dag.py:3096} INFO - Sync 1 DAGs
[2024-05-05T15:49:18.825+0000] {logging_mixin.py:188} INFO - [2024-05-05T15:49:18.825+0000] {dag.py:3954} INFO - Setting next_dagrun for example_complex to None, run_after=None
[2024-05-05T15:49:18.850+0000] {processor.py:183} INFO - Processing /home/airflow/.local/lib/python3.12/site-packages/airflow/example_dags/example_complex.py took 0.108 seconds
[2024-05-05T15:49:49.012+0000] {processor.py:161} INFO - Started process (PID=1920) to work on /home/airflow/.local/lib/python3.12/site-packages/airflow/example_dags/example_complex.py
[2024-05-05T15:49:49.013+0000] {processor.py:830} INFO - Processing file /home/airflow/.local/lib/python3.12/site-packages/airflow/example_dags/example_complex.py for tasks to queue
[2024-05-05T15:49:49.015+0000] {logging_mixin.py:188} INFO - [2024-05-05T15:49:49.014+0000] {dagbag.py:540} INFO - Filling up the DagBag from /home/airflow/.local/lib/python3.12/site-packages/airflow/example_dags/example_complex.py
[2024-05-05T15:49:49.053+0000] {processor.py:840} INFO - DAG(s) 'example_complex' retrieved from /home/airflow/.local/lib/python3.12/site-packages/airflow/example_dags/example_complex.py
[2024-05-05T15:49:49.149+0000] {logging_mixin.py:188} INFO - [2024-05-05T15:49:49.149+0000] {dag.py:3096} INFO - Sync 1 DAGs
[2024-05-05T15:49:49.184+0000] {logging_mixin.py:188} INFO - [2024-05-05T15:49:49.183+0000] {dag.py:3954} INFO - Setting next_dagrun for example_complex to None, run_after=None
[2024-05-05T15:49:49.209+0000] {processor.py:183} INFO - Processing /home/airflow/.local/lib/python3.12/site-packages/airflow/example_dags/example_complex.py took 0.211 seconds
[2024-05-05T15:50:19.613+0000] {processor.py:161} INFO - Started process (PID=1979) to work on /home/airflow/.local/lib/python3.12/site-packages/airflow/example_dags/example_complex.py
[2024-05-05T15:50:19.620+0000] {processor.py:830} INFO - Processing file /home/airflow/.local/lib/python3.12/site-packages/airflow/example_dags/example_complex.py for tasks to queue
[2024-05-05T15:50:19.622+0000] {logging_mixin.py:188} INFO - [2024-05-05T15:50:19.621+0000] {dagbag.py:540} INFO - Filling up the DagBag from /home/airflow/.local/lib/python3.12/site-packages/airflow/example_dags/example_complex.py
[2024-05-05T15:50:19.653+0000] {processor.py:840} INFO - DAG(s) 'example_complex' retrieved from /home/airflow/.local/lib/python3.12/site-packages/airflow/example_dags/example_complex.py
[2024-05-05T15:50:19.737+0000] {logging_mixin.py:188} INFO - [2024-05-05T15:50:19.737+0000] {dag.py:3096} INFO - Sync 1 DAGs
[2024-05-05T15:50:19.754+0000] {logging_mixin.py:188} INFO - [2024-05-05T15:50:19.753+0000] {dag.py:3954} INFO - Setting next_dagrun for example_complex to None, run_after=None
[2024-05-05T15:50:19.789+0000] {processor.py:183} INFO - Processing /home/airflow/.local/lib/python3.12/site-packages/airflow/example_dags/example_complex.py took 0.202 seconds
[2024-05-05T15:50:50.069+0000] {processor.py:161} INFO - Started process (PID=2038) to work on /home/airflow/.local/lib/python3.12/site-packages/airflow/example_dags/example_complex.py
[2024-05-05T15:50:50.070+0000] {processor.py:830} INFO - Processing file /home/airflow/.local/lib/python3.12/site-packages/airflow/example_dags/example_complex.py for tasks to queue
[2024-05-05T15:50:50.077+0000] {logging_mixin.py:188} INFO - [2024-05-05T15:50:50.071+0000] {dagbag.py:540} INFO - Filling up the DagBag from /home/airflow/.local/lib/python3.12/site-packages/airflow/example_dags/example_complex.py
[2024-05-05T15:50:50.099+0000] {processor.py:840} INFO - DAG(s) 'example_complex' retrieved from /home/airflow/.local/lib/python3.12/site-packages/airflow/example_dags/example_complex.py
[2024-05-05T15:50:50.145+0000] {logging_mixin.py:188} INFO - [2024-05-05T15:50:50.145+0000] {dag.py:3096} INFO - Sync 1 DAGs
[2024-05-05T15:50:50.162+0000] {logging_mixin.py:188} INFO - [2024-05-05T15:50:50.162+0000] {dag.py:3954} INFO - Setting next_dagrun for example_complex to None, run_after=None
[2024-05-05T15:50:50.213+0000] {processor.py:183} INFO - Processing /home/airflow/.local/lib/python3.12/site-packages/airflow/example_dags/example_complex.py took 0.151 seconds
[2024-05-05T15:51:20.604+0000] {processor.py:161} INFO - Started process (PID=2096) to work on /home/airflow/.local/lib/python3.12/site-packages/airflow/example_dags/example_complex.py
[2024-05-05T15:51:20.614+0000] {processor.py:830} INFO - Processing file /home/airflow/.local/lib/python3.12/site-packages/airflow/example_dags/example_complex.py for tasks to queue
[2024-05-05T15:51:20.629+0000] {logging_mixin.py:188} INFO - [2024-05-05T15:51:20.627+0000] {dagbag.py:540} INFO - Filling up the DagBag from /home/airflow/.local/lib/python3.12/site-packages/airflow/example_dags/example_complex.py
[2024-05-05T15:51:20.694+0000] {processor.py:840} INFO - DAG(s) 'example_complex' retrieved from /home/airflow/.local/lib/python3.12/site-packages/airflow/example_dags/example_complex.py
[2024-05-05T15:51:20.797+0000] {logging_mixin.py:188} INFO - [2024-05-05T15:51:20.797+0000] {dag.py:3096} INFO - Sync 1 DAGs
[2024-05-05T15:51:20.809+0000] {logging_mixin.py:188} INFO - [2024-05-05T15:51:20.809+0000] {dag.py:3954} INFO - Setting next_dagrun for example_complex to None, run_after=None
[2024-05-05T15:51:20.831+0000] {processor.py:183} INFO - Processing /home/airflow/.local/lib/python3.12/site-packages/airflow/example_dags/example_complex.py took 0.288 seconds
[2024-05-05T15:51:51.770+0000] {processor.py:161} INFO - Started process (PID=2155) to work on /home/airflow/.local/lib/python3.12/site-packages/airflow/example_dags/example_complex.py
[2024-05-05T15:51:51.771+0000] {processor.py:830} INFO - Processing file /home/airflow/.local/lib/python3.12/site-packages/airflow/example_dags/example_complex.py for tasks to queue
[2024-05-05T15:51:51.772+0000] {logging_mixin.py:188} INFO - [2024-05-05T15:51:51.772+0000] {dagbag.py:540} INFO - Filling up the DagBag from /home/airflow/.local/lib/python3.12/site-packages/airflow/example_dags/example_complex.py
[2024-05-05T15:51:51.786+0000] {processor.py:840} INFO - DAG(s) 'example_complex' retrieved from /home/airflow/.local/lib/python3.12/site-packages/airflow/example_dags/example_complex.py
[2024-05-05T15:51:51.838+0000] {logging_mixin.py:188} INFO - [2024-05-05T15:51:51.837+0000] {dag.py:3096} INFO - Sync 1 DAGs
[2024-05-05T15:51:51.874+0000] {logging_mixin.py:188} INFO - [2024-05-05T15:51:51.874+0000] {dag.py:3954} INFO - Setting next_dagrun for example_complex to None, run_after=None
[2024-05-05T15:51:51.941+0000] {processor.py:183} INFO - Processing /home/airflow/.local/lib/python3.12/site-packages/airflow/example_dags/example_complex.py took 0.178 seconds
[2024-05-05T15:52:22.066+0000] {processor.py:161} INFO - Started process (PID=2215) to work on /home/airflow/.local/lib/python3.12/site-packages/airflow/example_dags/example_complex.py
[2024-05-05T15:52:22.067+0000] {processor.py:830} INFO - Processing file /home/airflow/.local/lib/python3.12/site-packages/airflow/example_dags/example_complex.py for tasks to queue
[2024-05-05T15:52:22.069+0000] {logging_mixin.py:188} INFO - [2024-05-05T15:52:22.069+0000] {dagbag.py:540} INFO - Filling up the DagBag from /home/airflow/.local/lib/python3.12/site-packages/airflow/example_dags/example_complex.py
[2024-05-05T15:52:22.083+0000] {processor.py:840} INFO - DAG(s) 'example_complex' retrieved from /home/airflow/.local/lib/python3.12/site-packages/airflow/example_dags/example_complex.py
[2024-05-05T15:52:22.131+0000] {logging_mixin.py:188} INFO - [2024-05-05T15:52:22.130+0000] {dag.py:3096} INFO - Sync 1 DAGs
[2024-05-05T15:52:22.149+0000] {logging_mixin.py:188} INFO - [2024-05-05T15:52:22.149+0000] {dag.py:3954} INFO - Setting next_dagrun for example_complex to None, run_after=None
[2024-05-05T15:52:22.174+0000] {processor.py:183} INFO - Processing /home/airflow/.local/lib/python3.12/site-packages/airflow/example_dags/example_complex.py took 0.114 seconds
[2024-05-05T15:52:52.271+0000] {processor.py:161} INFO - Started process (PID=2274) to work on /home/airflow/.local/lib/python3.12/site-packages/airflow/example_dags/example_complex.py
[2024-05-05T15:52:52.272+0000] {processor.py:830} INFO - Processing file /home/airflow/.local/lib/python3.12/site-packages/airflow/example_dags/example_complex.py for tasks to queue
[2024-05-05T15:52:52.274+0000] {logging_mixin.py:188} INFO - [2024-05-05T15:52:52.274+0000] {dagbag.py:540} INFO - Filling up the DagBag from /home/airflow/.local/lib/python3.12/site-packages/airflow/example_dags/example_complex.py
[2024-05-05T15:52:52.288+0000] {processor.py:840} INFO - DAG(s) 'example_complex' retrieved from /home/airflow/.local/lib/python3.12/site-packages/airflow/example_dags/example_complex.py
[2024-05-05T15:52:52.335+0000] {logging_mixin.py:188} INFO - [2024-05-05T15:52:52.335+0000] {dag.py:3096} INFO - Sync 1 DAGs
[2024-05-05T15:52:52.350+0000] {logging_mixin.py:188} INFO - [2024-05-05T15:52:52.350+0000] {dag.py:3954} INFO - Setting next_dagrun for example_complex to None, run_after=None
[2024-05-05T15:52:52.392+0000] {processor.py:183} INFO - Processing /home/airflow/.local/lib/python3.12/site-packages/airflow/example_dags/example_complex.py took 0.127 seconds
[2024-05-05T15:53:22.726+0000] {processor.py:161} INFO - Started process (PID=2334) to work on /home/airflow/.local/lib/python3.12/site-packages/airflow/example_dags/example_complex.py
[2024-05-05T15:53:22.736+0000] {processor.py:830} INFO - Processing file /home/airflow/.local/lib/python3.12/site-packages/airflow/example_dags/example_complex.py for tasks to queue
[2024-05-05T15:53:22.741+0000] {logging_mixin.py:188} INFO - [2024-05-05T15:53:22.741+0000] {dagbag.py:540} INFO - Filling up the DagBag from /home/airflow/.local/lib/python3.12/site-packages/airflow/example_dags/example_complex.py
[2024-05-05T15:53:22.834+0000] {processor.py:840} INFO - DAG(s) 'example_complex' retrieved from /home/airflow/.local/lib/python3.12/site-packages/airflow/example_dags/example_complex.py
[2024-05-05T15:53:23.244+0000] {logging_mixin.py:188} INFO - [2024-05-05T15:53:23.243+0000] {dag.py:3096} INFO - Sync 1 DAGs
[2024-05-05T15:53:23.364+0000] {logging_mixin.py:188} INFO - [2024-05-05T15:53:23.363+0000] {dag.py:3954} INFO - Setting next_dagrun for example_complex to None, run_after=None
[2024-05-05T15:53:23.557+0000] {processor.py:183} INFO - Processing /home/airflow/.local/lib/python3.12/site-packages/airflow/example_dags/example_complex.py took 0.850 seconds
[2024-05-05T15:53:53.761+0000] {processor.py:161} INFO - Started process (PID=2394) to work on /home/airflow/.local/lib/python3.12/site-packages/airflow/example_dags/example_complex.py
[2024-05-05T15:53:53.762+0000] {processor.py:830} INFO - Processing file /home/airflow/.local/lib/python3.12/site-packages/airflow/example_dags/example_complex.py for tasks to queue
[2024-05-05T15:53:53.764+0000] {logging_mixin.py:188} INFO - [2024-05-05T15:53:53.764+0000] {dagbag.py:540} INFO - Filling up the DagBag from /home/airflow/.local/lib/python3.12/site-packages/airflow/example_dags/example_complex.py
[2024-05-05T15:53:53.779+0000] {processor.py:840} INFO - DAG(s) 'example_complex' retrieved from /home/airflow/.local/lib/python3.12/site-packages/airflow/example_dags/example_complex.py
[2024-05-05T15:53:53.840+0000] {logging_mixin.py:188} INFO - [2024-05-05T15:53:53.839+0000] {dag.py:3096} INFO - Sync 1 DAGs
[2024-05-05T15:53:53.887+0000] {logging_mixin.py:188} INFO - [2024-05-05T15:53:53.887+0000] {dag.py:3954} INFO - Setting next_dagrun for example_complex to None, run_after=None
[2024-05-05T15:53:53.975+0000] {processor.py:183} INFO - Processing /home/airflow/.local/lib/python3.12/site-packages/airflow/example_dags/example_complex.py took 0.221 seconds
[2024-05-05T15:54:24.120+0000] {processor.py:161} INFO - Started process (PID=2454) to work on /home/airflow/.local/lib/python3.12/site-packages/airflow/example_dags/example_complex.py
[2024-05-05T15:54:24.121+0000] {processor.py:830} INFO - Processing file /home/airflow/.local/lib/python3.12/site-packages/airflow/example_dags/example_complex.py for tasks to queue
[2024-05-05T15:54:24.123+0000] {logging_mixin.py:188} INFO - [2024-05-05T15:54:24.123+0000] {dagbag.py:540} INFO - Filling up the DagBag from /home/airflow/.local/lib/python3.12/site-packages/airflow/example_dags/example_complex.py
[2024-05-05T15:54:24.145+0000] {processor.py:840} INFO - DAG(s) 'example_complex' retrieved from /home/airflow/.local/lib/python3.12/site-packages/airflow/example_dags/example_complex.py
[2024-05-05T15:54:24.244+0000] {logging_mixin.py:188} INFO - [2024-05-05T15:54:24.240+0000] {dag.py:3096} INFO - Sync 1 DAGs
[2024-05-05T15:54:24.278+0000] {logging_mixin.py:188} INFO - [2024-05-05T15:54:24.277+0000] {dag.py:3954} INFO - Setting next_dagrun for example_complex to None, run_after=None
[2024-05-05T15:54:24.332+0000] {processor.py:183} INFO - Processing /home/airflow/.local/lib/python3.12/site-packages/airflow/example_dags/example_complex.py took 0.219 seconds
[2024-05-05T15:54:54.695+0000] {processor.py:161} INFO - Started process (PID=2520) to work on /home/airflow/.local/lib/python3.12/site-packages/airflow/example_dags/example_complex.py
[2024-05-05T15:54:54.697+0000] {processor.py:830} INFO - Processing file /home/airflow/.local/lib/python3.12/site-packages/airflow/example_dags/example_complex.py for tasks to queue
[2024-05-05T15:54:54.701+0000] {logging_mixin.py:188} INFO - [2024-05-05T15:54:54.701+0000] {dagbag.py:540} INFO - Filling up the DagBag from /home/airflow/.local/lib/python3.12/site-packages/airflow/example_dags/example_complex.py
[2024-05-05T15:54:54.717+0000] {processor.py:840} INFO - DAG(s) 'example_complex' retrieved from /home/airflow/.local/lib/python3.12/site-packages/airflow/example_dags/example_complex.py
[2024-05-05T15:54:54.762+0000] {logging_mixin.py:188} INFO - [2024-05-05T15:54:54.762+0000] {dag.py:3096} INFO - Sync 1 DAGs
[2024-05-05T15:54:54.777+0000] {logging_mixin.py:188} INFO - [2024-05-05T15:54:54.777+0000] {dag.py:3954} INFO - Setting next_dagrun for example_complex to None, run_after=None
[2024-05-05T15:54:54.801+0000] {processor.py:183} INFO - Processing /home/airflow/.local/lib/python3.12/site-packages/airflow/example_dags/example_complex.py took 0.122 seconds
[2024-05-05T15:55:25.012+0000] {processor.py:161} INFO - Started process (PID=2580) to work on /home/airflow/.local/lib/python3.12/site-packages/airflow/example_dags/example_complex.py
[2024-05-05T15:55:25.013+0000] {processor.py:830} INFO - Processing file /home/airflow/.local/lib/python3.12/site-packages/airflow/example_dags/example_complex.py for tasks to queue
[2024-05-05T15:55:25.014+0000] {logging_mixin.py:188} INFO - [2024-05-05T15:55:25.014+0000] {dagbag.py:540} INFO - Filling up the DagBag from /home/airflow/.local/lib/python3.12/site-packages/airflow/example_dags/example_complex.py
[2024-05-05T15:55:25.031+0000] {processor.py:840} INFO - DAG(s) 'example_complex' retrieved from /home/airflow/.local/lib/python3.12/site-packages/airflow/example_dags/example_complex.py
[2024-05-05T15:55:25.082+0000] {logging_mixin.py:188} INFO - [2024-05-05T15:55:25.082+0000] {dag.py:3096} INFO - Sync 1 DAGs
[2024-05-05T15:55:25.099+0000] {logging_mixin.py:188} INFO - [2024-05-05T15:55:25.098+0000] {dag.py:3954} INFO - Setting next_dagrun for example_complex to None, run_after=None
[2024-05-05T15:55:25.126+0000] {processor.py:183} INFO - Processing /home/airflow/.local/lib/python3.12/site-packages/airflow/example_dags/example_complex.py took 0.121 seconds
[2024-05-05T15:55:55.297+0000] {processor.py:161} INFO - Started process (PID=2640) to work on /home/airflow/.local/lib/python3.12/site-packages/airflow/example_dags/example_complex.py
[2024-05-05T15:55:55.297+0000] {processor.py:830} INFO - Processing file /home/airflow/.local/lib/python3.12/site-packages/airflow/example_dags/example_complex.py for tasks to queue
[2024-05-05T15:55:55.299+0000] {logging_mixin.py:188} INFO - [2024-05-05T15:55:55.299+0000] {dagbag.py:540} INFO - Filling up the DagBag from /home/airflow/.local/lib/python3.12/site-packages/airflow/example_dags/example_complex.py
[2024-05-05T15:55:55.314+0000] {processor.py:840} INFO - DAG(s) 'example_complex' retrieved from /home/airflow/.local/lib/python3.12/site-packages/airflow/example_dags/example_complex.py
[2024-05-05T15:55:55.361+0000] {logging_mixin.py:188} INFO - [2024-05-05T15:55:55.361+0000] {dag.py:3096} INFO - Sync 1 DAGs
[2024-05-05T15:55:55.377+0000] {logging_mixin.py:188} INFO - [2024-05-05T15:55:55.376+0000] {dag.py:3954} INFO - Setting next_dagrun for example_complex to None, run_after=None
[2024-05-05T15:55:55.411+0000] {processor.py:183} INFO - Processing /home/airflow/.local/lib/python3.12/site-packages/airflow/example_dags/example_complex.py took 0.121 seconds
[2024-05-05T15:56:25.775+0000] {processor.py:161} INFO - Started process (PID=2700) to work on /home/airflow/.local/lib/python3.12/site-packages/airflow/example_dags/example_complex.py
[2024-05-05T15:56:25.776+0000] {processor.py:830} INFO - Processing file /home/airflow/.local/lib/python3.12/site-packages/airflow/example_dags/example_complex.py for tasks to queue
[2024-05-05T15:56:25.777+0000] {logging_mixin.py:188} INFO - [2024-05-05T15:56:25.777+0000] {dagbag.py:540} INFO - Filling up the DagBag from /home/airflow/.local/lib/python3.12/site-packages/airflow/example_dags/example_complex.py
[2024-05-05T15:56:25.791+0000] {processor.py:840} INFO - DAG(s) 'example_complex' retrieved from /home/airflow/.local/lib/python3.12/site-packages/airflow/example_dags/example_complex.py
[2024-05-05T15:56:25.837+0000] {logging_mixin.py:188} INFO - [2024-05-05T15:56:25.837+0000] {dag.py:3096} INFO - Sync 1 DAGs
[2024-05-05T15:56:25.855+0000] {logging_mixin.py:188} INFO - [2024-05-05T15:56:25.855+0000] {dag.py:3954} INFO - Setting next_dagrun for example_complex to None, run_after=None
[2024-05-05T15:56:25.883+0000] {processor.py:183} INFO - Processing /home/airflow/.local/lib/python3.12/site-packages/airflow/example_dags/example_complex.py took 0.114 seconds
[2024-05-05T15:56:56.022+0000] {processor.py:161} INFO - Started process (PID=2760) to work on /home/airflow/.local/lib/python3.12/site-packages/airflow/example_dags/example_complex.py
[2024-05-05T15:56:56.022+0000] {processor.py:830} INFO - Processing file /home/airflow/.local/lib/python3.12/site-packages/airflow/example_dags/example_complex.py for tasks to queue
[2024-05-05T15:56:56.028+0000] {logging_mixin.py:188} INFO - [2024-05-05T15:56:56.025+0000] {dagbag.py:540} INFO - Filling up the DagBag from /home/airflow/.local/lib/python3.12/site-packages/airflow/example_dags/example_complex.py
[2024-05-05T15:56:56.052+0000] {processor.py:840} INFO - DAG(s) 'example_complex' retrieved from /home/airflow/.local/lib/python3.12/site-packages/airflow/example_dags/example_complex.py
[2024-05-05T15:56:56.158+0000] {logging_mixin.py:188} INFO - [2024-05-05T15:56:56.158+0000] {dag.py:3096} INFO - Sync 1 DAGs
[2024-05-05T15:56:56.225+0000] {logging_mixin.py:188} INFO - [2024-05-05T15:56:56.224+0000] {dag.py:3954} INFO - Setting next_dagrun for example_complex to None, run_after=None
[2024-05-05T15:56:56.317+0000] {processor.py:183} INFO - Processing /home/airflow/.local/lib/python3.12/site-packages/airflow/example_dags/example_complex.py took 0.301 seconds
[2024-05-05T15:57:26.535+0000] {processor.py:161} INFO - Started process (PID=2820) to work on /home/airflow/.local/lib/python3.12/site-packages/airflow/example_dags/example_complex.py
[2024-05-05T15:57:26.536+0000] {processor.py:830} INFO - Processing file /home/airflow/.local/lib/python3.12/site-packages/airflow/example_dags/example_complex.py for tasks to queue
[2024-05-05T15:57:26.538+0000] {logging_mixin.py:188} INFO - [2024-05-05T15:57:26.538+0000] {dagbag.py:540} INFO - Filling up the DagBag from /home/airflow/.local/lib/python3.12/site-packages/airflow/example_dags/example_complex.py
[2024-05-05T15:57:26.572+0000] {processor.py:840} INFO - DAG(s) 'example_complex' retrieved from /home/airflow/.local/lib/python3.12/site-packages/airflow/example_dags/example_complex.py
[2024-05-05T15:57:26.677+0000] {logging_mixin.py:188} INFO - [2024-05-05T15:57:26.677+0000] {dag.py:3096} INFO - Sync 1 DAGs
[2024-05-05T15:57:26.707+0000] {logging_mixin.py:188} INFO - [2024-05-05T15:57:26.707+0000] {dag.py:3954} INFO - Setting next_dagrun for example_complex to None, run_after=None
[2024-05-05T15:57:26.758+0000] {processor.py:183} INFO - Processing /home/airflow/.local/lib/python3.12/site-packages/airflow/example_dags/example_complex.py took 0.240 seconds
[2024-05-05T15:57:57.269+0000] {processor.py:161} INFO - Started process (PID=2880) to work on /home/airflow/.local/lib/python3.12/site-packages/airflow/example_dags/example_complex.py
[2024-05-05T15:57:57.270+0000] {processor.py:830} INFO - Processing file /home/airflow/.local/lib/python3.12/site-packages/airflow/example_dags/example_complex.py for tasks to queue
[2024-05-05T15:57:57.272+0000] {logging_mixin.py:188} INFO - [2024-05-05T15:57:57.271+0000] {dagbag.py:540} INFO - Filling up the DagBag from /home/airflow/.local/lib/python3.12/site-packages/airflow/example_dags/example_complex.py
[2024-05-05T15:57:57.286+0000] {processor.py:840} INFO - DAG(s) 'example_complex' retrieved from /home/airflow/.local/lib/python3.12/site-packages/airflow/example_dags/example_complex.py
[2024-05-05T15:57:57.331+0000] {logging_mixin.py:188} INFO - [2024-05-05T15:57:57.331+0000] {dag.py:3096} INFO - Sync 1 DAGs
[2024-05-05T15:57:57.347+0000] {logging_mixin.py:188} INFO - [2024-05-05T15:57:57.346+0000] {dag.py:3954} INFO - Setting next_dagrun for example_complex to None, run_after=None
[2024-05-05T15:57:57.373+0000] {processor.py:183} INFO - Processing /home/airflow/.local/lib/python3.12/site-packages/airflow/example_dags/example_complex.py took 0.111 seconds
[2024-05-05T15:58:27.942+0000] {processor.py:161} INFO - Started process (PID=2943) to work on /home/airflow/.local/lib/python3.12/site-packages/airflow/example_dags/example_complex.py
[2024-05-05T15:58:27.943+0000] {processor.py:830} INFO - Processing file /home/airflow/.local/lib/python3.12/site-packages/airflow/example_dags/example_complex.py for tasks to queue
[2024-05-05T15:58:27.945+0000] {logging_mixin.py:188} INFO - [2024-05-05T15:58:27.945+0000] {dagbag.py:540} INFO - Filling up the DagBag from /home/airflow/.local/lib/python3.12/site-packages/airflow/example_dags/example_complex.py
[2024-05-05T15:58:27.960+0000] {processor.py:840} INFO - DAG(s) 'example_complex' retrieved from /home/airflow/.local/lib/python3.12/site-packages/airflow/example_dags/example_complex.py
[2024-05-05T15:58:28.006+0000] {logging_mixin.py:188} INFO - [2024-05-05T15:58:28.005+0000] {dag.py:3096} INFO - Sync 1 DAGs
[2024-05-05T15:58:28.028+0000] {logging_mixin.py:188} INFO - [2024-05-05T15:58:28.028+0000] {dag.py:3954} INFO - Setting next_dagrun for example_complex to None, run_after=None
[2024-05-05T15:58:28.053+0000] {processor.py:183} INFO - Processing /home/airflow/.local/lib/python3.12/site-packages/airflow/example_dags/example_complex.py took 0.118 seconds
[2024-05-05T15:58:58.533+0000] {processor.py:161} INFO - Started process (PID=3004) to work on /home/airflow/.local/lib/python3.12/site-packages/airflow/example_dags/example_complex.py
[2024-05-05T15:58:58.536+0000] {processor.py:830} INFO - Processing file /home/airflow/.local/lib/python3.12/site-packages/airflow/example_dags/example_complex.py for tasks to queue
[2024-05-05T15:58:58.538+0000] {logging_mixin.py:188} INFO - [2024-05-05T15:58:58.538+0000] {dagbag.py:540} INFO - Filling up the DagBag from /home/airflow/.local/lib/python3.12/site-packages/airflow/example_dags/example_complex.py
[2024-05-05T15:58:58.592+0000] {processor.py:840} INFO - DAG(s) 'example_complex' retrieved from /home/airflow/.local/lib/python3.12/site-packages/airflow/example_dags/example_complex.py
[2024-05-05T15:58:58.777+0000] {logging_mixin.py:188} INFO - [2024-05-05T15:58:58.773+0000] {dag.py:3096} INFO - Sync 1 DAGs
[2024-05-05T15:58:58.838+0000] {logging_mixin.py:188} INFO - [2024-05-05T15:58:58.838+0000] {dag.py:3954} INFO - Setting next_dagrun for example_complex to None, run_after=None
[2024-05-05T15:58:58.970+0000] {processor.py:183} INFO - Processing /home/airflow/.local/lib/python3.12/site-packages/airflow/example_dags/example_complex.py took 0.460 seconds
[2024-05-05T15:59:29.773+0000] {processor.py:161} INFO - Started process (PID=3063) to work on /home/airflow/.local/lib/python3.12/site-packages/airflow/example_dags/example_complex.py
[2024-05-05T15:59:29.781+0000] {processor.py:830} INFO - Processing file /home/airflow/.local/lib/python3.12/site-packages/airflow/example_dags/example_complex.py for tasks to queue
[2024-05-05T15:59:29.801+0000] {logging_mixin.py:188} INFO - [2024-05-05T15:59:29.792+0000] {dagbag.py:540} INFO - Filling up the DagBag from /home/airflow/.local/lib/python3.12/site-packages/airflow/example_dags/example_complex.py
[2024-05-05T15:59:29.885+0000] {processor.py:840} INFO - DAG(s) 'example_complex' retrieved from /home/airflow/.local/lib/python3.12/site-packages/airflow/example_dags/example_complex.py
[2024-05-05T15:59:30.090+0000] {logging_mixin.py:188} INFO - [2024-05-05T15:59:30.090+0000] {dag.py:3096} INFO - Sync 1 DAGs
[2024-05-05T15:59:30.160+0000] {logging_mixin.py:188} INFO - [2024-05-05T15:59:30.159+0000] {dag.py:3954} INFO - Setting next_dagrun for example_complex to None, run_after=None
[2024-05-05T15:59:30.238+0000] {processor.py:183} INFO - Processing /home/airflow/.local/lib/python3.12/site-packages/airflow/example_dags/example_complex.py took 0.502 seconds
[2024-05-05T16:00:05.964+0000] {processor.py:161} INFO - Started process (PID=3124) to work on /home/airflow/.local/lib/python3.12/site-packages/airflow/example_dags/example_complex.py
[2024-05-05T16:00:05.975+0000] {processor.py:830} INFO - Processing file /home/airflow/.local/lib/python3.12/site-packages/airflow/example_dags/example_complex.py for tasks to queue
[2024-05-05T16:00:05.993+0000] {logging_mixin.py:188} INFO - [2024-05-05T16:00:05.992+0000] {dagbag.py:540} INFO - Filling up the DagBag from /home/airflow/.local/lib/python3.12/site-packages/airflow/example_dags/example_complex.py
[2024-05-05T16:00:06.065+0000] {processor.py:840} INFO - DAG(s) 'example_complex' retrieved from /home/airflow/.local/lib/python3.12/site-packages/airflow/example_dags/example_complex.py
[2024-05-05T16:00:06.468+0000] {logging_mixin.py:188} INFO - [2024-05-05T16:00:06.458+0000] {dag.py:3096} INFO - Sync 1 DAGs
[2024-05-05T16:00:06.613+0000] {logging_mixin.py:188} INFO - [2024-05-05T16:00:06.613+0000] {dag.py:3954} INFO - Setting next_dagrun for example_complex to None, run_after=None
[2024-05-05T16:00:06.898+0000] {processor.py:183} INFO - Processing /home/airflow/.local/lib/python3.12/site-packages/airflow/example_dags/example_complex.py took 1.008 seconds
