[2024-05-05T15:33:16.469+0000] {processor.py:161} INFO - Started process (PID=37) to work on /home/airflow/.local/lib/python3.12/site-packages/airflow/example_dags/example_setup_teardown.py
[2024-05-05T15:33:16.469+0000] {processor.py:830} INFO - Processing file /home/airflow/.local/lib/python3.12/site-packages/airflow/example_dags/example_setup_teardown.py for tasks to queue
[2024-05-05T15:33:16.487+0000] {logging_mixin.py:188} INFO - [2024-05-05T15:33:16.486+0000] {dagbag.py:540} INFO - Filling up the DagBag from /home/airflow/.local/lib/python3.12/site-packages/airflow/example_dags/example_setup_teardown.py
[2024-05-05T15:33:16.533+0000] {processor.py:840} INFO - DAG(s) 'example_setup_teardown' retrieved from /home/airflow/.local/lib/python3.12/site-packages/airflow/example_dags/example_setup_teardown.py
[2024-05-05T15:33:17.241+0000] {logging_mixin.py:188} INFO - [2024-05-05T15:33:17.237+0000] {override.py:1829} INFO - Created Permission View: can edit on DAG:example_setup_teardown
[2024-05-05T15:33:17.302+0000] {logging_mixin.py:188} INFO - [2024-05-05T15:33:17.302+0000] {override.py:1829} INFO - Created Permission View: can read on DAG:example_setup_teardown
[2024-05-05T15:33:17.321+0000] {logging_mixin.py:188} INFO - [2024-05-05T15:33:17.321+0000] {override.py:1829} INFO - Created Permission View: can delete on DAG:example_setup_teardown
[2024-05-05T15:33:17.322+0000] {logging_mixin.py:188} INFO - [2024-05-05T15:33:17.321+0000] {dag.py:3096} INFO - Sync 1 DAGs
[2024-05-05T15:33:17.359+0000] {logging_mixin.py:188} INFO - [2024-05-05T15:33:17.359+0000] {dag.py:3118} INFO - Creating ORM DAG for example_setup_teardown
[2024-05-05T15:33:17.396+0000] {logging_mixin.py:188} INFO - [2024-05-05T15:33:17.395+0000] {dag.py:3954} INFO - Setting next_dagrun for example_setup_teardown to 2024-05-04 00:00:00+00:00, run_after=2024-05-05 00:00:00+00:00
[2024-05-05T15:33:17.470+0000] {processor.py:183} INFO - Processing /home/airflow/.local/lib/python3.12/site-packages/airflow/example_dags/example_setup_teardown.py took 1.021 seconds
[2024-05-05T15:33:48.010+0000] {processor.py:161} INFO - Started process (PID=101) to work on /home/airflow/.local/lib/python3.12/site-packages/airflow/example_dags/example_setup_teardown.py
[2024-05-05T15:33:48.016+0000] {processor.py:830} INFO - Processing file /home/airflow/.local/lib/python3.12/site-packages/airflow/example_dags/example_setup_teardown.py for tasks to queue
[2024-05-05T15:33:48.018+0000] {logging_mixin.py:188} INFO - [2024-05-05T15:33:48.018+0000] {dagbag.py:540} INFO - Filling up the DagBag from /home/airflow/.local/lib/python3.12/site-packages/airflow/example_dags/example_setup_teardown.py
[2024-05-05T15:33:48.025+0000] {processor.py:840} INFO - DAG(s) 'example_setup_teardown' retrieved from /home/airflow/.local/lib/python3.12/site-packages/airflow/example_dags/example_setup_teardown.py
[2024-05-05T15:33:48.048+0000] {logging_mixin.py:188} INFO - [2024-05-05T15:33:48.047+0000] {dag.py:3096} INFO - Sync 1 DAGs
[2024-05-05T15:33:48.075+0000] {logging_mixin.py:188} INFO - [2024-05-05T15:33:48.075+0000] {dag.py:3954} INFO - Setting next_dagrun for example_setup_teardown to 2024-05-04 00:00:00+00:00, run_after=2024-05-05 00:00:00+00:00
[2024-05-05T15:33:48.098+0000] {processor.py:183} INFO - Processing /home/airflow/.local/lib/python3.12/site-packages/airflow/example_dags/example_setup_teardown.py took 0.107 seconds
[2024-05-05T15:34:18.176+0000] {processor.py:161} INFO - Started process (PID=159) to work on /home/airflow/.local/lib/python3.12/site-packages/airflow/example_dags/example_setup_teardown.py
[2024-05-05T15:34:18.177+0000] {processor.py:830} INFO - Processing file /home/airflow/.local/lib/python3.12/site-packages/airflow/example_dags/example_setup_teardown.py for tasks to queue
[2024-05-05T15:34:18.178+0000] {logging_mixin.py:188} INFO - [2024-05-05T15:34:18.178+0000] {dagbag.py:540} INFO - Filling up the DagBag from /home/airflow/.local/lib/python3.12/site-packages/airflow/example_dags/example_setup_teardown.py
[2024-05-05T15:34:18.198+0000] {processor.py:840} INFO - DAG(s) 'example_setup_teardown' retrieved from /home/airflow/.local/lib/python3.12/site-packages/airflow/example_dags/example_setup_teardown.py
[2024-05-05T15:34:18.246+0000] {logging_mixin.py:188} INFO - [2024-05-05T15:34:18.245+0000] {dag.py:3096} INFO - Sync 1 DAGs
[2024-05-05T15:34:18.278+0000] {logging_mixin.py:188} INFO - [2024-05-05T15:34:18.278+0000] {dag.py:3954} INFO - Setting next_dagrun for example_setup_teardown to 2024-05-04 00:00:00+00:00, run_after=2024-05-05 00:00:00+00:00
[2024-05-05T15:34:18.303+0000] {processor.py:183} INFO - Processing /home/airflow/.local/lib/python3.12/site-packages/airflow/example_dags/example_setup_teardown.py took 0.133 seconds
[2024-05-05T15:34:48.429+0000] {processor.py:161} INFO - Started process (PID=216) to work on /home/airflow/.local/lib/python3.12/site-packages/airflow/example_dags/example_setup_teardown.py
[2024-05-05T15:34:48.431+0000] {processor.py:830} INFO - Processing file /home/airflow/.local/lib/python3.12/site-packages/airflow/example_dags/example_setup_teardown.py for tasks to queue
[2024-05-05T15:34:48.435+0000] {logging_mixin.py:188} INFO - [2024-05-05T15:34:48.435+0000] {dagbag.py:540} INFO - Filling up the DagBag from /home/airflow/.local/lib/python3.12/site-packages/airflow/example_dags/example_setup_teardown.py
[2024-05-05T15:34:48.443+0000] {processor.py:840} INFO - DAG(s) 'example_setup_teardown' retrieved from /home/airflow/.local/lib/python3.12/site-packages/airflow/example_dags/example_setup_teardown.py
[2024-05-05T15:34:48.509+0000] {logging_mixin.py:188} INFO - [2024-05-05T15:34:48.508+0000] {dag.py:3096} INFO - Sync 1 DAGs
[2024-05-05T15:34:48.569+0000] {logging_mixin.py:188} INFO - [2024-05-05T15:34:48.569+0000] {dag.py:3954} INFO - Setting next_dagrun for example_setup_teardown to 2024-05-04 00:00:00+00:00, run_after=2024-05-05 00:00:00+00:00
[2024-05-05T15:34:48.632+0000] {processor.py:183} INFO - Processing /home/airflow/.local/lib/python3.12/site-packages/airflow/example_dags/example_setup_teardown.py took 0.224 seconds
[2024-05-05T15:35:19.637+0000] {processor.py:161} INFO - Started process (PID=274) to work on /home/airflow/.local/lib/python3.12/site-packages/airflow/example_dags/example_setup_teardown.py
[2024-05-05T15:35:19.641+0000] {processor.py:830} INFO - Processing file /home/airflow/.local/lib/python3.12/site-packages/airflow/example_dags/example_setup_teardown.py for tasks to queue
[2024-05-05T15:35:19.645+0000] {logging_mixin.py:188} INFO - [2024-05-05T15:35:19.644+0000] {dagbag.py:540} INFO - Filling up the DagBag from /home/airflow/.local/lib/python3.12/site-packages/airflow/example_dags/example_setup_teardown.py
[2024-05-05T15:35:19.693+0000] {processor.py:840} INFO - DAG(s) 'example_setup_teardown' retrieved from /home/airflow/.local/lib/python3.12/site-packages/airflow/example_dags/example_setup_teardown.py
[2024-05-05T15:35:19.804+0000] {logging_mixin.py:188} INFO - [2024-05-05T15:35:19.804+0000] {dag.py:3096} INFO - Sync 1 DAGs
[2024-05-05T15:35:19.957+0000] {logging_mixin.py:188} INFO - [2024-05-05T15:35:19.957+0000] {dag.py:3954} INFO - Setting next_dagrun for example_setup_teardown to 2024-05-04 00:00:00+00:00, run_after=2024-05-05 00:00:00+00:00
[2024-05-05T15:35:20.117+0000] {processor.py:183} INFO - Processing /home/airflow/.local/lib/python3.12/site-packages/airflow/example_dags/example_setup_teardown.py took 0.548 seconds
[2024-05-05T15:35:50.329+0000] {processor.py:161} INFO - Started process (PID=332) to work on /home/airflow/.local/lib/python3.12/site-packages/airflow/example_dags/example_setup_teardown.py
[2024-05-05T15:35:50.330+0000] {processor.py:830} INFO - Processing file /home/airflow/.local/lib/python3.12/site-packages/airflow/example_dags/example_setup_teardown.py for tasks to queue
[2024-05-05T15:35:50.332+0000] {logging_mixin.py:188} INFO - [2024-05-05T15:35:50.331+0000] {dagbag.py:540} INFO - Filling up the DagBag from /home/airflow/.local/lib/python3.12/site-packages/airflow/example_dags/example_setup_teardown.py
[2024-05-05T15:35:50.339+0000] {processor.py:840} INFO - DAG(s) 'example_setup_teardown' retrieved from /home/airflow/.local/lib/python3.12/site-packages/airflow/example_dags/example_setup_teardown.py
[2024-05-05T15:35:50.355+0000] {logging_mixin.py:188} INFO - [2024-05-05T15:35:50.355+0000] {dag.py:3096} INFO - Sync 1 DAGs
[2024-05-05T15:35:50.372+0000] {logging_mixin.py:188} INFO - [2024-05-05T15:35:50.372+0000] {dag.py:3954} INFO - Setting next_dagrun for example_setup_teardown to 2024-05-04 00:00:00+00:00, run_after=2024-05-05 00:00:00+00:00
[2024-05-05T15:35:50.392+0000] {processor.py:183} INFO - Processing /home/airflow/.local/lib/python3.12/site-packages/airflow/example_dags/example_setup_teardown.py took 0.068 seconds
[2024-05-05T15:36:20.921+0000] {processor.py:161} INFO - Started process (PID=391) to work on /home/airflow/.local/lib/python3.12/site-packages/airflow/example_dags/example_setup_teardown.py
[2024-05-05T15:36:20.922+0000] {processor.py:830} INFO - Processing file /home/airflow/.local/lib/python3.12/site-packages/airflow/example_dags/example_setup_teardown.py for tasks to queue
[2024-05-05T15:36:20.923+0000] {logging_mixin.py:188} INFO - [2024-05-05T15:36:20.923+0000] {dagbag.py:540} INFO - Filling up the DagBag from /home/airflow/.local/lib/python3.12/site-packages/airflow/example_dags/example_setup_teardown.py
[2024-05-05T15:36:20.929+0000] {processor.py:840} INFO - DAG(s) 'example_setup_teardown' retrieved from /home/airflow/.local/lib/python3.12/site-packages/airflow/example_dags/example_setup_teardown.py
[2024-05-05T15:36:20.946+0000] {logging_mixin.py:188} INFO - [2024-05-05T15:36:20.946+0000] {dag.py:3096} INFO - Sync 1 DAGs
[2024-05-05T15:36:20.964+0000] {logging_mixin.py:188} INFO - [2024-05-05T15:36:20.964+0000] {dag.py:3954} INFO - Setting next_dagrun for example_setup_teardown to 2024-05-04 00:00:00+00:00, run_after=2024-05-05 00:00:00+00:00
[2024-05-05T15:36:20.984+0000] {processor.py:183} INFO - Processing /home/airflow/.local/lib/python3.12/site-packages/airflow/example_dags/example_setup_teardown.py took 0.068 seconds
[2024-05-05T15:36:51.127+0000] {processor.py:161} INFO - Started process (PID=449) to work on /home/airflow/.local/lib/python3.12/site-packages/airflow/example_dags/example_setup_teardown.py
[2024-05-05T15:36:51.128+0000] {processor.py:830} INFO - Processing file /home/airflow/.local/lib/python3.12/site-packages/airflow/example_dags/example_setup_teardown.py for tasks to queue
[2024-05-05T15:36:51.129+0000] {logging_mixin.py:188} INFO - [2024-05-05T15:36:51.129+0000] {dagbag.py:540} INFO - Filling up the DagBag from /home/airflow/.local/lib/python3.12/site-packages/airflow/example_dags/example_setup_teardown.py
[2024-05-05T15:36:51.137+0000] {processor.py:840} INFO - DAG(s) 'example_setup_teardown' retrieved from /home/airflow/.local/lib/python3.12/site-packages/airflow/example_dags/example_setup_teardown.py
[2024-05-05T15:36:51.158+0000] {logging_mixin.py:188} INFO - [2024-05-05T15:36:51.158+0000] {dag.py:3096} INFO - Sync 1 DAGs
[2024-05-05T15:36:51.177+0000] {logging_mixin.py:188} INFO - [2024-05-05T15:36:51.177+0000] {dag.py:3954} INFO - Setting next_dagrun for example_setup_teardown to 2024-05-04 00:00:00+00:00, run_after=2024-05-05 00:00:00+00:00
[2024-05-05T15:36:51.202+0000] {processor.py:183} INFO - Processing /home/airflow/.local/lib/python3.12/site-packages/airflow/example_dags/example_setup_teardown.py took 0.081 seconds
[2024-05-05T15:37:22.060+0000] {processor.py:161} INFO - Started process (PID=508) to work on /home/airflow/.local/lib/python3.12/site-packages/airflow/example_dags/example_setup_teardown.py
[2024-05-05T15:37:22.061+0000] {processor.py:830} INFO - Processing file /home/airflow/.local/lib/python3.12/site-packages/airflow/example_dags/example_setup_teardown.py for tasks to queue
[2024-05-05T15:37:22.062+0000] {logging_mixin.py:188} INFO - [2024-05-05T15:37:22.062+0000] {dagbag.py:540} INFO - Filling up the DagBag from /home/airflow/.local/lib/python3.12/site-packages/airflow/example_dags/example_setup_teardown.py
[2024-05-05T15:37:22.069+0000] {processor.py:840} INFO - DAG(s) 'example_setup_teardown' retrieved from /home/airflow/.local/lib/python3.12/site-packages/airflow/example_dags/example_setup_teardown.py
[2024-05-05T15:37:22.086+0000] {logging_mixin.py:188} INFO - [2024-05-05T15:37:22.086+0000] {dag.py:3096} INFO - Sync 1 DAGs
[2024-05-05T15:37:22.103+0000] {logging_mixin.py:188} INFO - [2024-05-05T15:37:22.103+0000] {dag.py:3954} INFO - Setting next_dagrun for example_setup_teardown to 2024-05-04 00:00:00+00:00, run_after=2024-05-05 00:00:00+00:00
[2024-05-05T15:37:22.122+0000] {processor.py:183} INFO - Processing /home/airflow/.local/lib/python3.12/site-packages/airflow/example_dags/example_setup_teardown.py took 0.069 seconds
[2024-05-05T15:37:52.939+0000] {processor.py:161} INFO - Started process (PID=567) to work on /home/airflow/.local/lib/python3.12/site-packages/airflow/example_dags/example_setup_teardown.py
[2024-05-05T15:37:52.940+0000] {processor.py:830} INFO - Processing file /home/airflow/.local/lib/python3.12/site-packages/airflow/example_dags/example_setup_teardown.py for tasks to queue
[2024-05-05T15:37:52.941+0000] {logging_mixin.py:188} INFO - [2024-05-05T15:37:52.941+0000] {dagbag.py:540} INFO - Filling up the DagBag from /home/airflow/.local/lib/python3.12/site-packages/airflow/example_dags/example_setup_teardown.py
[2024-05-05T15:37:52.946+0000] {processor.py:840} INFO - DAG(s) 'example_setup_teardown' retrieved from /home/airflow/.local/lib/python3.12/site-packages/airflow/example_dags/example_setup_teardown.py
[2024-05-05T15:37:52.962+0000] {logging_mixin.py:188} INFO - [2024-05-05T15:37:52.962+0000] {dag.py:3096} INFO - Sync 1 DAGs
[2024-05-05T15:37:52.980+0000] {logging_mixin.py:188} INFO - [2024-05-05T15:37:52.980+0000] {dag.py:3954} INFO - Setting next_dagrun for example_setup_teardown to 2024-05-04 00:00:00+00:00, run_after=2024-05-05 00:00:00+00:00
[2024-05-05T15:37:53.000+0000] {processor.py:183} INFO - Processing /home/airflow/.local/lib/python3.12/site-packages/airflow/example_dags/example_setup_teardown.py took 0.079 seconds
[2024-05-05T15:38:23.889+0000] {processor.py:161} INFO - Started process (PID=625) to work on /home/airflow/.local/lib/python3.12/site-packages/airflow/example_dags/example_setup_teardown.py
[2024-05-05T15:38:23.890+0000] {processor.py:830} INFO - Processing file /home/airflow/.local/lib/python3.12/site-packages/airflow/example_dags/example_setup_teardown.py for tasks to queue
[2024-05-05T15:38:23.891+0000] {logging_mixin.py:188} INFO - [2024-05-05T15:38:23.891+0000] {dagbag.py:540} INFO - Filling up the DagBag from /home/airflow/.local/lib/python3.12/site-packages/airflow/example_dags/example_setup_teardown.py
[2024-05-05T15:38:23.896+0000] {processor.py:840} INFO - DAG(s) 'example_setup_teardown' retrieved from /home/airflow/.local/lib/python3.12/site-packages/airflow/example_dags/example_setup_teardown.py
[2024-05-05T15:38:23.914+0000] {logging_mixin.py:188} INFO - [2024-05-05T15:38:23.914+0000] {dag.py:3096} INFO - Sync 1 DAGs
[2024-05-05T15:38:23.933+0000] {logging_mixin.py:188} INFO - [2024-05-05T15:38:23.933+0000] {dag.py:3954} INFO - Setting next_dagrun for example_setup_teardown to 2024-05-04 00:00:00+00:00, run_after=2024-05-05 00:00:00+00:00
[2024-05-05T15:38:23.955+0000] {processor.py:183} INFO - Processing /home/airflow/.local/lib/python3.12/site-packages/airflow/example_dags/example_setup_teardown.py took 0.073 seconds
[2024-05-05T15:38:54.175+0000] {processor.py:161} INFO - Started process (PID=683) to work on /home/airflow/.local/lib/python3.12/site-packages/airflow/example_dags/example_setup_teardown.py
[2024-05-05T15:38:54.176+0000] {processor.py:830} INFO - Processing file /home/airflow/.local/lib/python3.12/site-packages/airflow/example_dags/example_setup_teardown.py for tasks to queue
[2024-05-05T15:38:54.184+0000] {logging_mixin.py:188} INFO - [2024-05-05T15:38:54.183+0000] {dagbag.py:540} INFO - Filling up the DagBag from /home/airflow/.local/lib/python3.12/site-packages/airflow/example_dags/example_setup_teardown.py
[2024-05-05T15:38:54.191+0000] {processor.py:840} INFO - DAG(s) 'example_setup_teardown' retrieved from /home/airflow/.local/lib/python3.12/site-packages/airflow/example_dags/example_setup_teardown.py
[2024-05-05T15:38:54.220+0000] {logging_mixin.py:188} INFO - [2024-05-05T15:38:54.220+0000] {dag.py:3096} INFO - Sync 1 DAGs
[2024-05-05T15:38:54.249+0000] {logging_mixin.py:188} INFO - [2024-05-05T15:38:54.249+0000] {dag.py:3954} INFO - Setting next_dagrun for example_setup_teardown to 2024-05-04 00:00:00+00:00, run_after=2024-05-05 00:00:00+00:00
[2024-05-05T15:38:54.467+0000] {processor.py:183} INFO - Processing /home/airflow/.local/lib/python3.12/site-packages/airflow/example_dags/example_setup_teardown.py took 0.299 seconds
[2024-05-05T15:39:24.934+0000] {processor.py:161} INFO - Started process (PID=742) to work on /home/airflow/.local/lib/python3.12/site-packages/airflow/example_dags/example_setup_teardown.py
[2024-05-05T15:39:24.936+0000] {processor.py:830} INFO - Processing file /home/airflow/.local/lib/python3.12/site-packages/airflow/example_dags/example_setup_teardown.py for tasks to queue
[2024-05-05T15:39:24.938+0000] {logging_mixin.py:188} INFO - [2024-05-05T15:39:24.937+0000] {dagbag.py:540} INFO - Filling up the DagBag from /home/airflow/.local/lib/python3.12/site-packages/airflow/example_dags/example_setup_teardown.py
[2024-05-05T15:39:24.951+0000] {processor.py:840} INFO - DAG(s) 'example_setup_teardown' retrieved from /home/airflow/.local/lib/python3.12/site-packages/airflow/example_dags/example_setup_teardown.py
[2024-05-05T15:39:25.021+0000] {logging_mixin.py:188} INFO - [2024-05-05T15:39:25.021+0000] {dag.py:3096} INFO - Sync 1 DAGs
[2024-05-05T15:39:25.084+0000] {logging_mixin.py:188} INFO - [2024-05-05T15:39:25.083+0000] {dag.py:3954} INFO - Setting next_dagrun for example_setup_teardown to 2024-05-04 00:00:00+00:00, run_after=2024-05-05 00:00:00+00:00
[2024-05-05T15:39:25.176+0000] {processor.py:183} INFO - Processing /home/airflow/.local/lib/python3.12/site-packages/airflow/example_dags/example_setup_teardown.py took 0.261 seconds
[2024-05-05T15:39:55.618+0000] {processor.py:161} INFO - Started process (PID=797) to work on /home/airflow/.local/lib/python3.12/site-packages/airflow/example_dags/example_setup_teardown.py
[2024-05-05T15:39:55.621+0000] {processor.py:830} INFO - Processing file /home/airflow/.local/lib/python3.12/site-packages/airflow/example_dags/example_setup_teardown.py for tasks to queue
[2024-05-05T15:39:55.625+0000] {logging_mixin.py:188} INFO - [2024-05-05T15:39:55.625+0000] {dagbag.py:540} INFO - Filling up the DagBag from /home/airflow/.local/lib/python3.12/site-packages/airflow/example_dags/example_setup_teardown.py
[2024-05-05T15:39:55.638+0000] {processor.py:840} INFO - DAG(s) 'example_setup_teardown' retrieved from /home/airflow/.local/lib/python3.12/site-packages/airflow/example_dags/example_setup_teardown.py
[2024-05-05T15:39:55.661+0000] {logging_mixin.py:188} INFO - [2024-05-05T15:39:55.661+0000] {dag.py:3096} INFO - Sync 1 DAGs
[2024-05-05T15:39:55.687+0000] {logging_mixin.py:188} INFO - [2024-05-05T15:39:55.687+0000] {dag.py:3954} INFO - Setting next_dagrun for example_setup_teardown to 2024-05-04 00:00:00+00:00, run_after=2024-05-05 00:00:00+00:00
[2024-05-05T15:39:55.713+0000] {processor.py:183} INFO - Processing /home/airflow/.local/lib/python3.12/site-packages/airflow/example_dags/example_setup_teardown.py took 0.109 seconds
[2024-05-05T15:40:26.651+0000] {processor.py:161} INFO - Started process (PID=855) to work on /home/airflow/.local/lib/python3.12/site-packages/airflow/example_dags/example_setup_teardown.py
[2024-05-05T15:40:26.653+0000] {processor.py:830} INFO - Processing file /home/airflow/.local/lib/python3.12/site-packages/airflow/example_dags/example_setup_teardown.py for tasks to queue
[2024-05-05T15:40:26.654+0000] {logging_mixin.py:188} INFO - [2024-05-05T15:40:26.654+0000] {dagbag.py:540} INFO - Filling up the DagBag from /home/airflow/.local/lib/python3.12/site-packages/airflow/example_dags/example_setup_teardown.py
[2024-05-05T15:40:26.662+0000] {processor.py:840} INFO - DAG(s) 'example_setup_teardown' retrieved from /home/airflow/.local/lib/python3.12/site-packages/airflow/example_dags/example_setup_teardown.py
[2024-05-05T15:40:26.684+0000] {logging_mixin.py:188} INFO - [2024-05-05T15:40:26.684+0000] {dag.py:3096} INFO - Sync 1 DAGs
[2024-05-05T15:40:26.709+0000] {logging_mixin.py:188} INFO - [2024-05-05T15:40:26.709+0000] {dag.py:3954} INFO - Setting next_dagrun for example_setup_teardown to 2024-05-04 00:00:00+00:00, run_after=2024-05-05 00:00:00+00:00
[2024-05-05T15:40:26.742+0000] {processor.py:183} INFO - Processing /home/airflow/.local/lib/python3.12/site-packages/airflow/example_dags/example_setup_teardown.py took 0.097 seconds
[2024-05-05T15:40:57.510+0000] {processor.py:161} INFO - Started process (PID=912) to work on /home/airflow/.local/lib/python3.12/site-packages/airflow/example_dags/example_setup_teardown.py
[2024-05-05T15:40:57.511+0000] {processor.py:830} INFO - Processing file /home/airflow/.local/lib/python3.12/site-packages/airflow/example_dags/example_setup_teardown.py for tasks to queue
[2024-05-05T15:40:57.514+0000] {logging_mixin.py:188} INFO - [2024-05-05T15:40:57.513+0000] {dagbag.py:540} INFO - Filling up the DagBag from /home/airflow/.local/lib/python3.12/site-packages/airflow/example_dags/example_setup_teardown.py
[2024-05-05T15:40:57.521+0000] {processor.py:840} INFO - DAG(s) 'example_setup_teardown' retrieved from /home/airflow/.local/lib/python3.12/site-packages/airflow/example_dags/example_setup_teardown.py
[2024-05-05T15:40:57.542+0000] {logging_mixin.py:188} INFO - [2024-05-05T15:40:57.542+0000] {dag.py:3096} INFO - Sync 1 DAGs
[2024-05-05T15:40:57.567+0000] {logging_mixin.py:188} INFO - [2024-05-05T15:40:57.567+0000] {dag.py:3954} INFO - Setting next_dagrun for example_setup_teardown to 2024-05-04 00:00:00+00:00, run_after=2024-05-05 00:00:00+00:00
[2024-05-05T15:40:57.594+0000] {processor.py:183} INFO - Processing /home/airflow/.local/lib/python3.12/site-packages/airflow/example_dags/example_setup_teardown.py took 0.091 seconds
[2024-05-05T15:41:28.162+0000] {processor.py:161} INFO - Started process (PID=971) to work on /home/airflow/.local/lib/python3.12/site-packages/airflow/example_dags/example_setup_teardown.py
[2024-05-05T15:41:28.163+0000] {processor.py:830} INFO - Processing file /home/airflow/.local/lib/python3.12/site-packages/airflow/example_dags/example_setup_teardown.py for tasks to queue
[2024-05-05T15:41:28.164+0000] {logging_mixin.py:188} INFO - [2024-05-05T15:41:28.164+0000] {dagbag.py:540} INFO - Filling up the DagBag from /home/airflow/.local/lib/python3.12/site-packages/airflow/example_dags/example_setup_teardown.py
[2024-05-05T15:41:28.173+0000] {processor.py:840} INFO - DAG(s) 'example_setup_teardown' retrieved from /home/airflow/.local/lib/python3.12/site-packages/airflow/example_dags/example_setup_teardown.py
[2024-05-05T15:41:28.196+0000] {logging_mixin.py:188} INFO - [2024-05-05T15:41:28.196+0000] {dag.py:3096} INFO - Sync 1 DAGs
[2024-05-05T15:41:28.223+0000] {logging_mixin.py:188} INFO - [2024-05-05T15:41:28.223+0000] {dag.py:3954} INFO - Setting next_dagrun for example_setup_teardown to 2024-05-04 00:00:00+00:00, run_after=2024-05-05 00:00:00+00:00
[2024-05-05T15:41:28.249+0000] {processor.py:183} INFO - Processing /home/airflow/.local/lib/python3.12/site-packages/airflow/example_dags/example_setup_teardown.py took 0.094 seconds
[2024-05-05T15:41:58.427+0000] {processor.py:161} INFO - Started process (PID=1030) to work on /home/airflow/.local/lib/python3.12/site-packages/airflow/example_dags/example_setup_teardown.py
[2024-05-05T15:41:58.428+0000] {processor.py:830} INFO - Processing file /home/airflow/.local/lib/python3.12/site-packages/airflow/example_dags/example_setup_teardown.py for tasks to queue
[2024-05-05T15:41:58.430+0000] {logging_mixin.py:188} INFO - [2024-05-05T15:41:58.429+0000] {dagbag.py:540} INFO - Filling up the DagBag from /home/airflow/.local/lib/python3.12/site-packages/airflow/example_dags/example_setup_teardown.py
[2024-05-05T15:41:58.438+0000] {processor.py:840} INFO - DAG(s) 'example_setup_teardown' retrieved from /home/airflow/.local/lib/python3.12/site-packages/airflow/example_dags/example_setup_teardown.py
[2024-05-05T15:41:58.460+0000] {logging_mixin.py:188} INFO - [2024-05-05T15:41:58.460+0000] {dag.py:3096} INFO - Sync 1 DAGs
[2024-05-05T15:41:58.485+0000] {logging_mixin.py:188} INFO - [2024-05-05T15:41:58.484+0000] {dag.py:3954} INFO - Setting next_dagrun for example_setup_teardown to 2024-05-04 00:00:00+00:00, run_after=2024-05-05 00:00:00+00:00
[2024-05-05T15:41:58.508+0000] {processor.py:183} INFO - Processing /home/airflow/.local/lib/python3.12/site-packages/airflow/example_dags/example_setup_teardown.py took 0.088 seconds
[2024-05-05T15:42:28.897+0000] {processor.py:161} INFO - Started process (PID=1088) to work on /home/airflow/.local/lib/python3.12/site-packages/airflow/example_dags/example_setup_teardown.py
[2024-05-05T15:42:28.898+0000] {processor.py:830} INFO - Processing file /home/airflow/.local/lib/python3.12/site-packages/airflow/example_dags/example_setup_teardown.py for tasks to queue
[2024-05-05T15:42:28.900+0000] {logging_mixin.py:188} INFO - [2024-05-05T15:42:28.900+0000] {dagbag.py:540} INFO - Filling up the DagBag from /home/airflow/.local/lib/python3.12/site-packages/airflow/example_dags/example_setup_teardown.py
[2024-05-05T15:42:28.914+0000] {processor.py:840} INFO - DAG(s) 'example_setup_teardown' retrieved from /home/airflow/.local/lib/python3.12/site-packages/airflow/example_dags/example_setup_teardown.py
[2024-05-05T15:42:28.950+0000] {logging_mixin.py:188} INFO - [2024-05-05T15:42:28.949+0000] {dag.py:3096} INFO - Sync 1 DAGs
[2024-05-05T15:42:28.979+0000] {logging_mixin.py:188} INFO - [2024-05-05T15:42:28.979+0000] {dag.py:3954} INFO - Setting next_dagrun for example_setup_teardown to 2024-05-04 00:00:00+00:00, run_after=2024-05-05 00:00:00+00:00
[2024-05-05T15:42:29.014+0000] {processor.py:183} INFO - Processing /home/airflow/.local/lib/python3.12/site-packages/airflow/example_dags/example_setup_teardown.py took 0.124 seconds
[2024-05-05T15:43:00.047+0000] {processor.py:161} INFO - Started process (PID=1146) to work on /home/airflow/.local/lib/python3.12/site-packages/airflow/example_dags/example_setup_teardown.py
[2024-05-05T15:43:00.052+0000] {processor.py:830} INFO - Processing file /home/airflow/.local/lib/python3.12/site-packages/airflow/example_dags/example_setup_teardown.py for tasks to queue
[2024-05-05T15:43:00.059+0000] {logging_mixin.py:188} INFO - [2024-05-05T15:43:00.058+0000] {dagbag.py:540} INFO - Filling up the DagBag from /home/airflow/.local/lib/python3.12/site-packages/airflow/example_dags/example_setup_teardown.py
[2024-05-05T15:43:00.072+0000] {processor.py:840} INFO - DAG(s) 'example_setup_teardown' retrieved from /home/airflow/.local/lib/python3.12/site-packages/airflow/example_dags/example_setup_teardown.py
[2024-05-05T15:43:00.164+0000] {logging_mixin.py:188} INFO - [2024-05-05T15:43:00.164+0000] {dag.py:3096} INFO - Sync 1 DAGs
[2024-05-05T15:43:00.250+0000] {logging_mixin.py:188} INFO - [2024-05-05T15:43:00.250+0000] {dag.py:3954} INFO - Setting next_dagrun for example_setup_teardown to 2024-05-04 00:00:00+00:00, run_after=2024-05-05 00:00:00+00:00
[2024-05-05T15:43:00.313+0000] {processor.py:183} INFO - Processing /home/airflow/.local/lib/python3.12/site-packages/airflow/example_dags/example_setup_teardown.py took 0.284 seconds
[2024-05-05T15:43:30.806+0000] {processor.py:161} INFO - Started process (PID=1204) to work on /home/airflow/.local/lib/python3.12/site-packages/airflow/example_dags/example_setup_teardown.py
[2024-05-05T15:43:30.807+0000] {processor.py:830} INFO - Processing file /home/airflow/.local/lib/python3.12/site-packages/airflow/example_dags/example_setup_teardown.py for tasks to queue
[2024-05-05T15:43:30.809+0000] {logging_mixin.py:188} INFO - [2024-05-05T15:43:30.809+0000] {dagbag.py:540} INFO - Filling up the DagBag from /home/airflow/.local/lib/python3.12/site-packages/airflow/example_dags/example_setup_teardown.py
[2024-05-05T15:43:30.870+0000] {processor.py:840} INFO - DAG(s) 'example_setup_teardown' retrieved from /home/airflow/.local/lib/python3.12/site-packages/airflow/example_dags/example_setup_teardown.py
[2024-05-05T15:43:31.013+0000] {logging_mixin.py:188} INFO - [2024-05-05T15:43:31.013+0000] {dag.py:3096} INFO - Sync 1 DAGs
[2024-05-05T15:43:31.175+0000] {logging_mixin.py:188} INFO - [2024-05-05T15:43:31.175+0000] {dag.py:3954} INFO - Setting next_dagrun for example_setup_teardown to 2024-05-04 00:00:00+00:00, run_after=2024-05-05 00:00:00+00:00
[2024-05-05T15:43:31.219+0000] {processor.py:183} INFO - Processing /home/airflow/.local/lib/python3.12/site-packages/airflow/example_dags/example_setup_teardown.py took 0.430 seconds
[2024-05-05T15:44:02.035+0000] {processor.py:161} INFO - Started process (PID=1262) to work on /home/airflow/.local/lib/python3.12/site-packages/airflow/example_dags/example_setup_teardown.py
[2024-05-05T15:44:02.035+0000] {processor.py:830} INFO - Processing file /home/airflow/.local/lib/python3.12/site-packages/airflow/example_dags/example_setup_teardown.py for tasks to queue
[2024-05-05T15:44:02.037+0000] {logging_mixin.py:188} INFO - [2024-05-05T15:44:02.037+0000] {dagbag.py:540} INFO - Filling up the DagBag from /home/airflow/.local/lib/python3.12/site-packages/airflow/example_dags/example_setup_teardown.py
[2024-05-05T15:44:02.055+0000] {processor.py:840} INFO - DAG(s) 'example_setup_teardown' retrieved from /home/airflow/.local/lib/python3.12/site-packages/airflow/example_dags/example_setup_teardown.py
[2024-05-05T15:44:02.079+0000] {logging_mixin.py:188} INFO - [2024-05-05T15:44:02.079+0000] {dag.py:3096} INFO - Sync 1 DAGs
[2024-05-05T15:44:02.106+0000] {logging_mixin.py:188} INFO - [2024-05-05T15:44:02.105+0000] {dag.py:3954} INFO - Setting next_dagrun for example_setup_teardown to 2024-05-04 00:00:00+00:00, run_after=2024-05-05 00:00:00+00:00
[2024-05-05T15:44:02.141+0000] {processor.py:183} INFO - Processing /home/airflow/.local/lib/python3.12/site-packages/airflow/example_dags/example_setup_teardown.py took 0.113 seconds
[2024-05-05T15:44:32.257+0000] {processor.py:161} INFO - Started process (PID=1320) to work on /home/airflow/.local/lib/python3.12/site-packages/airflow/example_dags/example_setup_teardown.py
[2024-05-05T15:44:32.258+0000] {processor.py:830} INFO - Processing file /home/airflow/.local/lib/python3.12/site-packages/airflow/example_dags/example_setup_teardown.py for tasks to queue
[2024-05-05T15:44:32.260+0000] {logging_mixin.py:188} INFO - [2024-05-05T15:44:32.260+0000] {dagbag.py:540} INFO - Filling up the DagBag from /home/airflow/.local/lib/python3.12/site-packages/airflow/example_dags/example_setup_teardown.py
[2024-05-05T15:44:32.268+0000] {processor.py:840} INFO - DAG(s) 'example_setup_teardown' retrieved from /home/airflow/.local/lib/python3.12/site-packages/airflow/example_dags/example_setup_teardown.py
[2024-05-05T15:44:32.293+0000] {logging_mixin.py:188} INFO - [2024-05-05T15:44:32.293+0000] {dag.py:3096} INFO - Sync 1 DAGs
[2024-05-05T15:44:32.319+0000] {logging_mixin.py:188} INFO - [2024-05-05T15:44:32.319+0000] {dag.py:3954} INFO - Setting next_dagrun for example_setup_teardown to 2024-05-04 00:00:00+00:00, run_after=2024-05-05 00:00:00+00:00
[2024-05-05T15:44:32.348+0000] {processor.py:183} INFO - Processing /home/airflow/.local/lib/python3.12/site-packages/airflow/example_dags/example_setup_teardown.py took 0.099 seconds
[2024-05-05T15:45:02.506+0000] {processor.py:161} INFO - Started process (PID=1377) to work on /home/airflow/.local/lib/python3.12/site-packages/airflow/example_dags/example_setup_teardown.py
[2024-05-05T15:45:02.507+0000] {processor.py:830} INFO - Processing file /home/airflow/.local/lib/python3.12/site-packages/airflow/example_dags/example_setup_teardown.py for tasks to queue
[2024-05-05T15:45:02.509+0000] {logging_mixin.py:188} INFO - [2024-05-05T15:45:02.508+0000] {dagbag.py:540} INFO - Filling up the DagBag from /home/airflow/.local/lib/python3.12/site-packages/airflow/example_dags/example_setup_teardown.py
[2024-05-05T15:45:02.516+0000] {processor.py:840} INFO - DAG(s) 'example_setup_teardown' retrieved from /home/airflow/.local/lib/python3.12/site-packages/airflow/example_dags/example_setup_teardown.py
[2024-05-05T15:45:02.543+0000] {logging_mixin.py:188} INFO - [2024-05-05T15:45:02.542+0000] {dag.py:3096} INFO - Sync 1 DAGs
[2024-05-05T15:45:02.573+0000] {logging_mixin.py:188} INFO - [2024-05-05T15:45:02.572+0000] {dag.py:3954} INFO - Setting next_dagrun for example_setup_teardown to 2024-05-04 00:00:00+00:00, run_after=2024-05-05 00:00:00+00:00
[2024-05-05T15:45:02.598+0000] {processor.py:183} INFO - Processing /home/airflow/.local/lib/python3.12/site-packages/airflow/example_dags/example_setup_teardown.py took 0.099 seconds
[2024-05-05T15:45:32.931+0000] {processor.py:161} INFO - Started process (PID=1435) to work on /home/airflow/.local/lib/python3.12/site-packages/airflow/example_dags/example_setup_teardown.py
[2024-05-05T15:45:32.933+0000] {processor.py:830} INFO - Processing file /home/airflow/.local/lib/python3.12/site-packages/airflow/example_dags/example_setup_teardown.py for tasks to queue
[2024-05-05T15:45:32.935+0000] {logging_mixin.py:188} INFO - [2024-05-05T15:45:32.934+0000] {dagbag.py:540} INFO - Filling up the DagBag from /home/airflow/.local/lib/python3.12/site-packages/airflow/example_dags/example_setup_teardown.py
[2024-05-05T15:45:32.942+0000] {processor.py:840} INFO - DAG(s) 'example_setup_teardown' retrieved from /home/airflow/.local/lib/python3.12/site-packages/airflow/example_dags/example_setup_teardown.py
[2024-05-05T15:45:32.967+0000] {logging_mixin.py:188} INFO - [2024-05-05T15:45:32.966+0000] {dag.py:3096} INFO - Sync 1 DAGs
[2024-05-05T15:45:32.994+0000] {logging_mixin.py:188} INFO - [2024-05-05T15:45:32.994+0000] {dag.py:3954} INFO - Setting next_dagrun for example_setup_teardown to 2024-05-04 00:00:00+00:00, run_after=2024-05-05 00:00:00+00:00
[2024-05-05T15:45:33.021+0000] {processor.py:183} INFO - Processing /home/airflow/.local/lib/python3.12/site-packages/airflow/example_dags/example_setup_teardown.py took 0.097 seconds
[2024-05-05T15:46:03.584+0000] {processor.py:161} INFO - Started process (PID=1494) to work on /home/airflow/.local/lib/python3.12/site-packages/airflow/example_dags/example_setup_teardown.py
[2024-05-05T15:46:03.585+0000] {processor.py:830} INFO - Processing file /home/airflow/.local/lib/python3.12/site-packages/airflow/example_dags/example_setup_teardown.py for tasks to queue
[2024-05-05T15:46:03.587+0000] {logging_mixin.py:188} INFO - [2024-05-05T15:46:03.586+0000] {dagbag.py:540} INFO - Filling up the DagBag from /home/airflow/.local/lib/python3.12/site-packages/airflow/example_dags/example_setup_teardown.py
[2024-05-05T15:46:03.594+0000] {processor.py:840} INFO - DAG(s) 'example_setup_teardown' retrieved from /home/airflow/.local/lib/python3.12/site-packages/airflow/example_dags/example_setup_teardown.py
[2024-05-05T15:46:03.620+0000] {logging_mixin.py:188} INFO - [2024-05-05T15:46:03.619+0000] {dag.py:3096} INFO - Sync 1 DAGs
[2024-05-05T15:46:03.647+0000] {logging_mixin.py:188} INFO - [2024-05-05T15:46:03.646+0000] {dag.py:3954} INFO - Setting next_dagrun for example_setup_teardown to 2024-05-04 00:00:00+00:00, run_after=2024-05-05 00:00:00+00:00
[2024-05-05T15:46:03.676+0000] {processor.py:183} INFO - Processing /home/airflow/.local/lib/python3.12/site-packages/airflow/example_dags/example_setup_teardown.py took 0.098 seconds
[2024-05-05T15:46:33.712+0000] {processor.py:161} INFO - Started process (PID=1551) to work on /home/airflow/.local/lib/python3.12/site-packages/airflow/example_dags/example_setup_teardown.py
[2024-05-05T15:46:33.712+0000] {processor.py:830} INFO - Processing file /home/airflow/.local/lib/python3.12/site-packages/airflow/example_dags/example_setup_teardown.py for tasks to queue
[2024-05-05T15:46:33.714+0000] {logging_mixin.py:188} INFO - [2024-05-05T15:46:33.713+0000] {dagbag.py:540} INFO - Filling up the DagBag from /home/airflow/.local/lib/python3.12/site-packages/airflow/example_dags/example_setup_teardown.py
[2024-05-05T15:46:33.719+0000] {processor.py:840} INFO - DAG(s) 'example_setup_teardown' retrieved from /home/airflow/.local/lib/python3.12/site-packages/airflow/example_dags/example_setup_teardown.py
[2024-05-05T15:46:33.736+0000] {logging_mixin.py:188} INFO - [2024-05-05T15:46:33.736+0000] {dag.py:3096} INFO - Sync 1 DAGs
[2024-05-05T15:46:33.758+0000] {logging_mixin.py:188} INFO - [2024-05-05T15:46:33.757+0000] {dag.py:3954} INFO - Setting next_dagrun for example_setup_teardown to 2024-05-04 00:00:00+00:00, run_after=2024-05-05 00:00:00+00:00
[2024-05-05T15:46:33.778+0000] {processor.py:183} INFO - Processing /home/airflow/.local/lib/python3.12/site-packages/airflow/example_dags/example_setup_teardown.py took 0.071 seconds
[2024-05-05T15:47:04.098+0000] {processor.py:161} INFO - Started process (PID=1608) to work on /home/airflow/.local/lib/python3.12/site-packages/airflow/example_dags/example_setup_teardown.py
[2024-05-05T15:47:04.099+0000] {processor.py:830} INFO - Processing file /home/airflow/.local/lib/python3.12/site-packages/airflow/example_dags/example_setup_teardown.py for tasks to queue
[2024-05-05T15:47:04.100+0000] {logging_mixin.py:188} INFO - [2024-05-05T15:47:04.100+0000] {dagbag.py:540} INFO - Filling up the DagBag from /home/airflow/.local/lib/python3.12/site-packages/airflow/example_dags/example_setup_teardown.py
[2024-05-05T15:47:04.107+0000] {processor.py:840} INFO - DAG(s) 'example_setup_teardown' retrieved from /home/airflow/.local/lib/python3.12/site-packages/airflow/example_dags/example_setup_teardown.py
[2024-05-05T15:47:04.142+0000] {logging_mixin.py:188} INFO - [2024-05-05T15:47:04.134+0000] {dag.py:3096} INFO - Sync 1 DAGs
[2024-05-05T15:47:04.172+0000] {logging_mixin.py:188} INFO - [2024-05-05T15:47:04.171+0000] {dag.py:3954} INFO - Setting next_dagrun for example_setup_teardown to 2024-05-04 00:00:00+00:00, run_after=2024-05-05 00:00:00+00:00
[2024-05-05T15:47:04.196+0000] {processor.py:183} INFO - Processing /home/airflow/.local/lib/python3.12/site-packages/airflow/example_dags/example_setup_teardown.py took 0.105 seconds
[2024-05-05T15:47:34.328+0000] {processor.py:161} INFO - Started process (PID=1666) to work on /home/airflow/.local/lib/python3.12/site-packages/airflow/example_dags/example_setup_teardown.py
[2024-05-05T15:47:34.331+0000] {processor.py:830} INFO - Processing file /home/airflow/.local/lib/python3.12/site-packages/airflow/example_dags/example_setup_teardown.py for tasks to queue
[2024-05-05T15:47:34.333+0000] {logging_mixin.py:188} INFO - [2024-05-05T15:47:34.333+0000] {dagbag.py:540} INFO - Filling up the DagBag from /home/airflow/.local/lib/python3.12/site-packages/airflow/example_dags/example_setup_teardown.py
[2024-05-05T15:47:34.341+0000] {processor.py:840} INFO - DAG(s) 'example_setup_teardown' retrieved from /home/airflow/.local/lib/python3.12/site-packages/airflow/example_dags/example_setup_teardown.py
[2024-05-05T15:47:34.378+0000] {logging_mixin.py:188} INFO - [2024-05-05T15:47:34.378+0000] {dag.py:3096} INFO - Sync 1 DAGs
[2024-05-05T15:47:34.426+0000] {logging_mixin.py:188} INFO - [2024-05-05T15:47:34.426+0000] {dag.py:3954} INFO - Setting next_dagrun for example_setup_teardown to 2024-05-04 00:00:00+00:00, run_after=2024-05-05 00:00:00+00:00
[2024-05-05T15:47:34.486+0000] {processor.py:183} INFO - Processing /home/airflow/.local/lib/python3.12/site-packages/airflow/example_dags/example_setup_teardown.py took 0.165 seconds
[2024-05-05T15:48:06.063+0000] {processor.py:161} INFO - Started process (PID=1725) to work on /home/airflow/.local/lib/python3.12/site-packages/airflow/example_dags/example_setup_teardown.py
[2024-05-05T15:48:06.082+0000] {processor.py:830} INFO - Processing file /home/airflow/.local/lib/python3.12/site-packages/airflow/example_dags/example_setup_teardown.py for tasks to queue
[2024-05-05T15:48:06.084+0000] {logging_mixin.py:188} INFO - [2024-05-05T15:48:06.084+0000] {dagbag.py:540} INFO - Filling up the DagBag from /home/airflow/.local/lib/python3.12/site-packages/airflow/example_dags/example_setup_teardown.py
[2024-05-05T15:48:06.122+0000] {processor.py:840} INFO - DAG(s) 'example_setup_teardown' retrieved from /home/airflow/.local/lib/python3.12/site-packages/airflow/example_dags/example_setup_teardown.py
[2024-05-05T15:48:06.262+0000] {logging_mixin.py:188} INFO - [2024-05-05T15:48:06.261+0000] {dag.py:3096} INFO - Sync 1 DAGs
[2024-05-05T15:48:06.349+0000] {logging_mixin.py:188} INFO - [2024-05-05T15:48:06.349+0000] {dag.py:3954} INFO - Setting next_dagrun for example_setup_teardown to 2024-05-04 00:00:00+00:00, run_after=2024-05-05 00:00:00+00:00
[2024-05-05T15:48:06.412+0000] {processor.py:183} INFO - Processing /home/airflow/.local/lib/python3.12/site-packages/airflow/example_dags/example_setup_teardown.py took 0.372 seconds
[2024-05-05T15:48:36.839+0000] {processor.py:161} INFO - Started process (PID=1785) to work on /home/airflow/.local/lib/python3.12/site-packages/airflow/example_dags/example_setup_teardown.py
[2024-05-05T15:48:36.849+0000] {processor.py:830} INFO - Processing file /home/airflow/.local/lib/python3.12/site-packages/airflow/example_dags/example_setup_teardown.py for tasks to queue
[2024-05-05T15:48:36.853+0000] {logging_mixin.py:188} INFO - [2024-05-05T15:48:36.853+0000] {dagbag.py:540} INFO - Filling up the DagBag from /home/airflow/.local/lib/python3.12/site-packages/airflow/example_dags/example_setup_teardown.py
[2024-05-05T15:48:36.865+0000] {processor.py:840} INFO - DAG(s) 'example_setup_teardown' retrieved from /home/airflow/.local/lib/python3.12/site-packages/airflow/example_dags/example_setup_teardown.py
[2024-05-05T15:48:36.937+0000] {logging_mixin.py:188} INFO - [2024-05-05T15:48:36.936+0000] {dag.py:3096} INFO - Sync 1 DAGs
[2024-05-05T15:48:37.030+0000] {logging_mixin.py:188} INFO - [2024-05-05T15:48:37.030+0000] {dag.py:3954} INFO - Setting next_dagrun for example_setup_teardown to 2024-05-04 00:00:00+00:00, run_after=2024-05-05 00:00:00+00:00
[2024-05-05T15:48:37.080+0000] {processor.py:183} INFO - Processing /home/airflow/.local/lib/python3.12/site-packages/airflow/example_dags/example_setup_teardown.py took 0.283 seconds
[2024-05-05T15:49:07.334+0000] {processor.py:161} INFO - Started process (PID=1844) to work on /home/airflow/.local/lib/python3.12/site-packages/airflow/example_dags/example_setup_teardown.py
[2024-05-05T15:49:07.335+0000] {processor.py:830} INFO - Processing file /home/airflow/.local/lib/python3.12/site-packages/airflow/example_dags/example_setup_teardown.py for tasks to queue
[2024-05-05T15:49:07.337+0000] {logging_mixin.py:188} INFO - [2024-05-05T15:49:07.337+0000] {dagbag.py:540} INFO - Filling up the DagBag from /home/airflow/.local/lib/python3.12/site-packages/airflow/example_dags/example_setup_teardown.py
[2024-05-05T15:49:07.343+0000] {processor.py:840} INFO - DAG(s) 'example_setup_teardown' retrieved from /home/airflow/.local/lib/python3.12/site-packages/airflow/example_dags/example_setup_teardown.py
[2024-05-05T15:49:07.361+0000] {logging_mixin.py:188} INFO - [2024-05-05T15:49:07.361+0000] {dag.py:3096} INFO - Sync 1 DAGs
[2024-05-05T15:49:07.380+0000] {logging_mixin.py:188} INFO - [2024-05-05T15:49:07.379+0000] {dag.py:3954} INFO - Setting next_dagrun for example_setup_teardown to 2024-05-04 00:00:00+00:00, run_after=2024-05-05 00:00:00+00:00
[2024-05-05T15:49:07.399+0000] {processor.py:183} INFO - Processing /home/airflow/.local/lib/python3.12/site-packages/airflow/example_dags/example_setup_teardown.py took 0.070 seconds
[2024-05-05T15:49:38.078+0000] {processor.py:161} INFO - Started process (PID=1903) to work on /home/airflow/.local/lib/python3.12/site-packages/airflow/example_dags/example_setup_teardown.py
[2024-05-05T15:49:38.078+0000] {processor.py:830} INFO - Processing file /home/airflow/.local/lib/python3.12/site-packages/airflow/example_dags/example_setup_teardown.py for tasks to queue
[2024-05-05T15:49:38.080+0000] {logging_mixin.py:188} INFO - [2024-05-05T15:49:38.080+0000] {dagbag.py:540} INFO - Filling up the DagBag from /home/airflow/.local/lib/python3.12/site-packages/airflow/example_dags/example_setup_teardown.py
[2024-05-05T15:49:38.095+0000] {processor.py:840} INFO - DAG(s) 'example_setup_teardown' retrieved from /home/airflow/.local/lib/python3.12/site-packages/airflow/example_dags/example_setup_teardown.py
[2024-05-05T15:49:38.115+0000] {logging_mixin.py:188} INFO - [2024-05-05T15:49:38.115+0000] {dag.py:3096} INFO - Sync 1 DAGs
[2024-05-05T15:49:38.134+0000] {logging_mixin.py:188} INFO - [2024-05-05T15:49:38.134+0000] {dag.py:3954} INFO - Setting next_dagrun for example_setup_teardown to 2024-05-04 00:00:00+00:00, run_after=2024-05-05 00:00:00+00:00
[2024-05-05T15:49:38.154+0000] {processor.py:183} INFO - Processing /home/airflow/.local/lib/python3.12/site-packages/airflow/example_dags/example_setup_teardown.py took 0.082 seconds
[2024-05-05T15:50:08.604+0000] {processor.py:161} INFO - Started process (PID=1962) to work on /home/airflow/.local/lib/python3.12/site-packages/airflow/example_dags/example_setup_teardown.py
[2024-05-05T15:50:08.605+0000] {processor.py:830} INFO - Processing file /home/airflow/.local/lib/python3.12/site-packages/airflow/example_dags/example_setup_teardown.py for tasks to queue
[2024-05-05T15:50:08.607+0000] {logging_mixin.py:188} INFO - [2024-05-05T15:50:08.606+0000] {dagbag.py:540} INFO - Filling up the DagBag from /home/airflow/.local/lib/python3.12/site-packages/airflow/example_dags/example_setup_teardown.py
[2024-05-05T15:50:08.613+0000] {processor.py:840} INFO - DAG(s) 'example_setup_teardown' retrieved from /home/airflow/.local/lib/python3.12/site-packages/airflow/example_dags/example_setup_teardown.py
[2024-05-05T15:50:08.636+0000] {logging_mixin.py:188} INFO - [2024-05-05T15:50:08.636+0000] {dag.py:3096} INFO - Sync 1 DAGs
[2024-05-05T15:50:08.655+0000] {logging_mixin.py:188} INFO - [2024-05-05T15:50:08.655+0000] {dag.py:3954} INFO - Setting next_dagrun for example_setup_teardown to 2024-05-04 00:00:00+00:00, run_after=2024-05-05 00:00:00+00:00
[2024-05-05T15:50:08.675+0000] {processor.py:183} INFO - Processing /home/airflow/.local/lib/python3.12/site-packages/airflow/example_dags/example_setup_teardown.py took 0.078 seconds
[2024-05-05T15:50:39.458+0000] {processor.py:161} INFO - Started process (PID=2021) to work on /home/airflow/.local/lib/python3.12/site-packages/airflow/example_dags/example_setup_teardown.py
[2024-05-05T15:50:39.462+0000] {processor.py:830} INFO - Processing file /home/airflow/.local/lib/python3.12/site-packages/airflow/example_dags/example_setup_teardown.py for tasks to queue
[2024-05-05T15:50:39.464+0000] {logging_mixin.py:188} INFO - [2024-05-05T15:50:39.464+0000] {dagbag.py:540} INFO - Filling up the DagBag from /home/airflow/.local/lib/python3.12/site-packages/airflow/example_dags/example_setup_teardown.py
[2024-05-05T15:50:39.474+0000] {processor.py:840} INFO - DAG(s) 'example_setup_teardown' retrieved from /home/airflow/.local/lib/python3.12/site-packages/airflow/example_dags/example_setup_teardown.py
[2024-05-05T15:50:39.527+0000] {logging_mixin.py:188} INFO - [2024-05-05T15:50:39.526+0000] {dag.py:3096} INFO - Sync 1 DAGs
[2024-05-05T15:50:39.567+0000] {logging_mixin.py:188} INFO - [2024-05-05T15:50:39.567+0000] {dag.py:3954} INFO - Setting next_dagrun for example_setup_teardown to 2024-05-04 00:00:00+00:00, run_after=2024-05-05 00:00:00+00:00
[2024-05-05T15:50:39.587+0000] {processor.py:183} INFO - Processing /home/airflow/.local/lib/python3.12/site-packages/airflow/example_dags/example_setup_teardown.py took 0.147 seconds
[2024-05-05T15:51:10.216+0000] {processor.py:161} INFO - Started process (PID=2079) to work on /home/airflow/.local/lib/python3.12/site-packages/airflow/example_dags/example_setup_teardown.py
[2024-05-05T15:51:10.217+0000] {processor.py:830} INFO - Processing file /home/airflow/.local/lib/python3.12/site-packages/airflow/example_dags/example_setup_teardown.py for tasks to queue
[2024-05-05T15:51:10.219+0000] {logging_mixin.py:188} INFO - [2024-05-05T15:51:10.218+0000] {dagbag.py:540} INFO - Filling up the DagBag from /home/airflow/.local/lib/python3.12/site-packages/airflow/example_dags/example_setup_teardown.py
[2024-05-05T15:51:10.224+0000] {processor.py:840} INFO - DAG(s) 'example_setup_teardown' retrieved from /home/airflow/.local/lib/python3.12/site-packages/airflow/example_dags/example_setup_teardown.py
[2024-05-05T15:51:10.249+0000] {logging_mixin.py:188} INFO - [2024-05-05T15:51:10.249+0000] {dag.py:3096} INFO - Sync 1 DAGs
[2024-05-05T15:51:10.269+0000] {logging_mixin.py:188} INFO - [2024-05-05T15:51:10.269+0000] {dag.py:3954} INFO - Setting next_dagrun for example_setup_teardown to 2024-05-04 00:00:00+00:00, run_after=2024-05-05 00:00:00+00:00
[2024-05-05T15:51:10.289+0000] {processor.py:183} INFO - Processing /home/airflow/.local/lib/python3.12/site-packages/airflow/example_dags/example_setup_teardown.py took 0.080 seconds
[2024-05-05T15:51:40.661+0000] {processor.py:161} INFO - Started process (PID=2138) to work on /home/airflow/.local/lib/python3.12/site-packages/airflow/example_dags/example_setup_teardown.py
[2024-05-05T15:51:40.662+0000] {processor.py:830} INFO - Processing file /home/airflow/.local/lib/python3.12/site-packages/airflow/example_dags/example_setup_teardown.py for tasks to queue
[2024-05-05T15:51:40.664+0000] {logging_mixin.py:188} INFO - [2024-05-05T15:51:40.664+0000] {dagbag.py:540} INFO - Filling up the DagBag from /home/airflow/.local/lib/python3.12/site-packages/airflow/example_dags/example_setup_teardown.py
[2024-05-05T15:51:40.670+0000] {processor.py:840} INFO - DAG(s) 'example_setup_teardown' retrieved from /home/airflow/.local/lib/python3.12/site-packages/airflow/example_dags/example_setup_teardown.py
[2024-05-05T15:51:40.686+0000] {logging_mixin.py:188} INFO - [2024-05-05T15:51:40.686+0000] {dag.py:3096} INFO - Sync 1 DAGs
[2024-05-05T15:51:40.722+0000] {logging_mixin.py:188} INFO - [2024-05-05T15:51:40.722+0000] {dag.py:3954} INFO - Setting next_dagrun for example_setup_teardown to 2024-05-04 00:00:00+00:00, run_after=2024-05-05 00:00:00+00:00
[2024-05-05T15:51:40.749+0000] {processor.py:183} INFO - Processing /home/airflow/.local/lib/python3.12/site-packages/airflow/example_dags/example_setup_teardown.py took 0.094 seconds
[2024-05-05T15:52:10.931+0000] {processor.py:161} INFO - Started process (PID=2198) to work on /home/airflow/.local/lib/python3.12/site-packages/airflow/example_dags/example_setup_teardown.py
[2024-05-05T15:52:10.932+0000] {processor.py:830} INFO - Processing file /home/airflow/.local/lib/python3.12/site-packages/airflow/example_dags/example_setup_teardown.py for tasks to queue
[2024-05-05T15:52:10.934+0000] {logging_mixin.py:188} INFO - [2024-05-05T15:52:10.933+0000] {dagbag.py:540} INFO - Filling up the DagBag from /home/airflow/.local/lib/python3.12/site-packages/airflow/example_dags/example_setup_teardown.py
[2024-05-05T15:52:10.941+0000] {processor.py:840} INFO - DAG(s) 'example_setup_teardown' retrieved from /home/airflow/.local/lib/python3.12/site-packages/airflow/example_dags/example_setup_teardown.py
[2024-05-05T15:52:10.962+0000] {logging_mixin.py:188} INFO - [2024-05-05T15:52:10.962+0000] {dag.py:3096} INFO - Sync 1 DAGs
[2024-05-05T15:52:10.982+0000] {logging_mixin.py:188} INFO - [2024-05-05T15:52:10.981+0000] {dag.py:3954} INFO - Setting next_dagrun for example_setup_teardown to 2024-05-04 00:00:00+00:00, run_after=2024-05-05 00:00:00+00:00
[2024-05-05T15:52:11.001+0000] {processor.py:183} INFO - Processing /home/airflow/.local/lib/python3.12/site-packages/airflow/example_dags/example_setup_teardown.py took 0.077 seconds
[2024-05-05T15:52:41.876+0000] {processor.py:161} INFO - Started process (PID=2257) to work on /home/airflow/.local/lib/python3.12/site-packages/airflow/example_dags/example_setup_teardown.py
[2024-05-05T15:52:41.884+0000] {processor.py:830} INFO - Processing file /home/airflow/.local/lib/python3.12/site-packages/airflow/example_dags/example_setup_teardown.py for tasks to queue
[2024-05-05T15:52:41.892+0000] {logging_mixin.py:188} INFO - [2024-05-05T15:52:41.892+0000] {dagbag.py:540} INFO - Filling up the DagBag from /home/airflow/.local/lib/python3.12/site-packages/airflow/example_dags/example_setup_teardown.py
[2024-05-05T15:52:41.910+0000] {processor.py:840} INFO - DAG(s) 'example_setup_teardown' retrieved from /home/airflow/.local/lib/python3.12/site-packages/airflow/example_dags/example_setup_teardown.py
[2024-05-05T15:52:42.282+0000] {logging_mixin.py:188} INFO - [2024-05-05T15:52:42.282+0000] {dag.py:3096} INFO - Sync 1 DAGs
[2024-05-05T15:52:42.311+0000] {logging_mixin.py:188} INFO - [2024-05-05T15:52:42.311+0000] {dag.py:3954} INFO - Setting next_dagrun for example_setup_teardown to 2024-05-04 00:00:00+00:00, run_after=2024-05-05 00:00:00+00:00
[2024-05-05T15:52:42.442+0000] {processor.py:183} INFO - Processing /home/airflow/.local/lib/python3.12/site-packages/airflow/example_dags/example_setup_teardown.py took 0.618 seconds
[2024-05-05T15:53:12.707+0000] {processor.py:161} INFO - Started process (PID=2317) to work on /home/airflow/.local/lib/python3.12/site-packages/airflow/example_dags/example_setup_teardown.py
[2024-05-05T15:53:12.708+0000] {processor.py:830} INFO - Processing file /home/airflow/.local/lib/python3.12/site-packages/airflow/example_dags/example_setup_teardown.py for tasks to queue
[2024-05-05T15:53:12.711+0000] {logging_mixin.py:188} INFO - [2024-05-05T15:53:12.711+0000] {dagbag.py:540} INFO - Filling up the DagBag from /home/airflow/.local/lib/python3.12/site-packages/airflow/example_dags/example_setup_teardown.py
[2024-05-05T15:53:12.729+0000] {processor.py:840} INFO - DAG(s) 'example_setup_teardown' retrieved from /home/airflow/.local/lib/python3.12/site-packages/airflow/example_dags/example_setup_teardown.py
[2024-05-05T15:53:12.779+0000] {logging_mixin.py:188} INFO - [2024-05-05T15:53:12.779+0000] {dag.py:3096} INFO - Sync 1 DAGs
[2024-05-05T15:53:12.835+0000] {logging_mixin.py:188} INFO - [2024-05-05T15:53:12.835+0000] {dag.py:3954} INFO - Setting next_dagrun for example_setup_teardown to 2024-05-04 00:00:00+00:00, run_after=2024-05-05 00:00:00+00:00
[2024-05-05T15:53:12.871+0000] {processor.py:183} INFO - Processing /home/airflow/.local/lib/python3.12/site-packages/airflow/example_dags/example_setup_teardown.py took 0.174 seconds
[2024-05-05T15:53:43.196+0000] {processor.py:161} INFO - Started process (PID=2377) to work on /home/airflow/.local/lib/python3.12/site-packages/airflow/example_dags/example_setup_teardown.py
[2024-05-05T15:53:43.197+0000] {processor.py:830} INFO - Processing file /home/airflow/.local/lib/python3.12/site-packages/airflow/example_dags/example_setup_teardown.py for tasks to queue
[2024-05-05T15:53:43.199+0000] {logging_mixin.py:188} INFO - [2024-05-05T15:53:43.198+0000] {dagbag.py:540} INFO - Filling up the DagBag from /home/airflow/.local/lib/python3.12/site-packages/airflow/example_dags/example_setup_teardown.py
[2024-05-05T15:53:43.207+0000] {processor.py:840} INFO - DAG(s) 'example_setup_teardown' retrieved from /home/airflow/.local/lib/python3.12/site-packages/airflow/example_dags/example_setup_teardown.py
[2024-05-05T15:53:43.233+0000] {logging_mixin.py:188} INFO - [2024-05-05T15:53:43.232+0000] {dag.py:3096} INFO - Sync 1 DAGs
[2024-05-05T15:53:43.257+0000] {logging_mixin.py:188} INFO - [2024-05-05T15:53:43.257+0000] {dag.py:3954} INFO - Setting next_dagrun for example_setup_teardown to 2024-05-04 00:00:00+00:00, run_after=2024-05-05 00:00:00+00:00
[2024-05-05T15:53:43.280+0000] {processor.py:183} INFO - Processing /home/airflow/.local/lib/python3.12/site-packages/airflow/example_dags/example_setup_teardown.py took 0.091 seconds
[2024-05-05T15:54:14.096+0000] {processor.py:161} INFO - Started process (PID=2437) to work on /home/airflow/.local/lib/python3.12/site-packages/airflow/example_dags/example_setup_teardown.py
[2024-05-05T15:54:14.104+0000] {processor.py:830} INFO - Processing file /home/airflow/.local/lib/python3.12/site-packages/airflow/example_dags/example_setup_teardown.py for tasks to queue
[2024-05-05T15:54:14.106+0000] {logging_mixin.py:188} INFO - [2024-05-05T15:54:14.105+0000] {dagbag.py:540} INFO - Filling up the DagBag from /home/airflow/.local/lib/python3.12/site-packages/airflow/example_dags/example_setup_teardown.py
[2024-05-05T15:54:14.115+0000] {processor.py:840} INFO - DAG(s) 'example_setup_teardown' retrieved from /home/airflow/.local/lib/python3.12/site-packages/airflow/example_dags/example_setup_teardown.py
[2024-05-05T15:54:14.145+0000] {logging_mixin.py:188} INFO - [2024-05-05T15:54:14.144+0000] {dag.py:3096} INFO - Sync 1 DAGs
[2024-05-05T15:54:14.168+0000] {logging_mixin.py:188} INFO - [2024-05-05T15:54:14.168+0000] {dag.py:3954} INFO - Setting next_dagrun for example_setup_teardown to 2024-05-04 00:00:00+00:00, run_after=2024-05-05 00:00:00+00:00
[2024-05-05T15:54:14.194+0000] {processor.py:183} INFO - Processing /home/airflow/.local/lib/python3.12/site-packages/airflow/example_dags/example_setup_teardown.py took 0.115 seconds
[2024-05-05T15:54:44.678+0000] {processor.py:161} INFO - Started process (PID=2497) to work on /home/airflow/.local/lib/python3.12/site-packages/airflow/example_dags/example_setup_teardown.py
[2024-05-05T15:54:44.679+0000] {processor.py:830} INFO - Processing file /home/airflow/.local/lib/python3.12/site-packages/airflow/example_dags/example_setup_teardown.py for tasks to queue
[2024-05-05T15:54:44.681+0000] {logging_mixin.py:188} INFO - [2024-05-05T15:54:44.681+0000] {dagbag.py:540} INFO - Filling up the DagBag from /home/airflow/.local/lib/python3.12/site-packages/airflow/example_dags/example_setup_teardown.py
[2024-05-05T15:54:44.689+0000] {processor.py:840} INFO - DAG(s) 'example_setup_teardown' retrieved from /home/airflow/.local/lib/python3.12/site-packages/airflow/example_dags/example_setup_teardown.py
[2024-05-05T15:54:44.711+0000] {logging_mixin.py:188} INFO - [2024-05-05T15:54:44.710+0000] {dag.py:3096} INFO - Sync 1 DAGs
[2024-05-05T15:54:44.732+0000] {logging_mixin.py:188} INFO - [2024-05-05T15:54:44.732+0000] {dag.py:3954} INFO - Setting next_dagrun for example_setup_teardown to 2024-05-04 00:00:00+00:00, run_after=2024-05-05 00:00:00+00:00
[2024-05-05T15:54:44.752+0000] {processor.py:183} INFO - Processing /home/airflow/.local/lib/python3.12/site-packages/airflow/example_dags/example_setup_teardown.py took 0.081 seconds
[2024-05-05T15:55:15.340+0000] {processor.py:161} INFO - Started process (PID=2557) to work on /home/airflow/.local/lib/python3.12/site-packages/airflow/example_dags/example_setup_teardown.py
[2024-05-05T15:55:15.348+0000] {processor.py:830} INFO - Processing file /home/airflow/.local/lib/python3.12/site-packages/airflow/example_dags/example_setup_teardown.py for tasks to queue
[2024-05-05T15:55:15.350+0000] {logging_mixin.py:188} INFO - [2024-05-05T15:55:15.349+0000] {dagbag.py:540} INFO - Filling up the DagBag from /home/airflow/.local/lib/python3.12/site-packages/airflow/example_dags/example_setup_teardown.py
[2024-05-05T15:55:15.372+0000] {processor.py:840} INFO - DAG(s) 'example_setup_teardown' retrieved from /home/airflow/.local/lib/python3.12/site-packages/airflow/example_dags/example_setup_teardown.py
[2024-05-05T15:55:15.416+0000] {logging_mixin.py:188} INFO - [2024-05-05T15:55:15.416+0000] {dag.py:3096} INFO - Sync 1 DAGs
[2024-05-05T15:55:15.438+0000] {logging_mixin.py:188} INFO - [2024-05-05T15:55:15.438+0000] {dag.py:3954} INFO - Setting next_dagrun for example_setup_teardown to 2024-05-04 00:00:00+00:00, run_after=2024-05-05 00:00:00+00:00
[2024-05-05T15:55:15.457+0000] {processor.py:183} INFO - Processing /home/airflow/.local/lib/python3.12/site-packages/airflow/example_dags/example_setup_teardown.py took 0.131 seconds
[2024-05-05T15:55:46.222+0000] {processor.py:161} INFO - Started process (PID=2617) to work on /home/airflow/.local/lib/python3.12/site-packages/airflow/example_dags/example_setup_teardown.py
[2024-05-05T15:55:46.223+0000] {processor.py:830} INFO - Processing file /home/airflow/.local/lib/python3.12/site-packages/airflow/example_dags/example_setup_teardown.py for tasks to queue
[2024-05-05T15:55:46.225+0000] {logging_mixin.py:188} INFO - [2024-05-05T15:55:46.225+0000] {dagbag.py:540} INFO - Filling up the DagBag from /home/airflow/.local/lib/python3.12/site-packages/airflow/example_dags/example_setup_teardown.py
[2024-05-05T15:55:46.233+0000] {processor.py:840} INFO - DAG(s) 'example_setup_teardown' retrieved from /home/airflow/.local/lib/python3.12/site-packages/airflow/example_dags/example_setup_teardown.py
[2024-05-05T15:55:46.256+0000] {logging_mixin.py:188} INFO - [2024-05-05T15:55:46.256+0000] {dag.py:3096} INFO - Sync 1 DAGs
[2024-05-05T15:55:46.282+0000] {logging_mixin.py:188} INFO - [2024-05-05T15:55:46.282+0000] {dag.py:3954} INFO - Setting next_dagrun for example_setup_teardown to 2024-05-04 00:00:00+00:00, run_after=2024-05-05 00:00:00+00:00
[2024-05-05T15:55:46.303+0000] {processor.py:183} INFO - Processing /home/airflow/.local/lib/python3.12/site-packages/airflow/example_dags/example_setup_teardown.py took 0.088 seconds
[2024-05-05T15:56:17.603+0000] {processor.py:161} INFO - Started process (PID=2677) to work on /home/airflow/.local/lib/python3.12/site-packages/airflow/example_dags/example_setup_teardown.py
[2024-05-05T15:56:17.614+0000] {processor.py:830} INFO - Processing file /home/airflow/.local/lib/python3.12/site-packages/airflow/example_dags/example_setup_teardown.py for tasks to queue
[2024-05-05T15:56:17.620+0000] {logging_mixin.py:188} INFO - [2024-05-05T15:56:17.620+0000] {dagbag.py:540} INFO - Filling up the DagBag from /home/airflow/.local/lib/python3.12/site-packages/airflow/example_dags/example_setup_teardown.py
[2024-05-05T15:56:17.645+0000] {processor.py:840} INFO - DAG(s) 'example_setup_teardown' retrieved from /home/airflow/.local/lib/python3.12/site-packages/airflow/example_dags/example_setup_teardown.py
[2024-05-05T15:56:17.742+0000] {logging_mixin.py:188} INFO - [2024-05-05T15:56:17.742+0000] {dag.py:3096} INFO - Sync 1 DAGs
[2024-05-05T15:56:17.894+0000] {logging_mixin.py:188} INFO - [2024-05-05T15:56:17.893+0000] {dag.py:3954} INFO - Setting next_dagrun for example_setup_teardown to 2024-05-04 00:00:00+00:00, run_after=2024-05-05 00:00:00+00:00
[2024-05-05T15:56:18.081+0000] {processor.py:183} INFO - Processing /home/airflow/.local/lib/python3.12/site-packages/airflow/example_dags/example_setup_teardown.py took 0.492 seconds
[2024-05-05T15:56:48.363+0000] {processor.py:161} INFO - Started process (PID=2737) to work on /home/airflow/.local/lib/python3.12/site-packages/airflow/example_dags/example_setup_teardown.py
[2024-05-05T15:56:48.364+0000] {processor.py:830} INFO - Processing file /home/airflow/.local/lib/python3.12/site-packages/airflow/example_dags/example_setup_teardown.py for tasks to queue
[2024-05-05T15:56:48.366+0000] {logging_mixin.py:188} INFO - [2024-05-05T15:56:48.366+0000] {dagbag.py:540} INFO - Filling up the DagBag from /home/airflow/.local/lib/python3.12/site-packages/airflow/example_dags/example_setup_teardown.py
[2024-05-05T15:56:48.374+0000] {processor.py:840} INFO - DAG(s) 'example_setup_teardown' retrieved from /home/airflow/.local/lib/python3.12/site-packages/airflow/example_dags/example_setup_teardown.py
[2024-05-05T15:56:48.398+0000] {logging_mixin.py:188} INFO - [2024-05-05T15:56:48.398+0000] {dag.py:3096} INFO - Sync 1 DAGs
[2024-05-05T15:56:48.421+0000] {logging_mixin.py:188} INFO - [2024-05-05T15:56:48.421+0000] {dag.py:3954} INFO - Setting next_dagrun for example_setup_teardown to 2024-05-04 00:00:00+00:00, run_after=2024-05-05 00:00:00+00:00
[2024-05-05T15:56:48.443+0000] {processor.py:183} INFO - Processing /home/airflow/.local/lib/python3.12/site-packages/airflow/example_dags/example_setup_teardown.py took 0.088 seconds
[2024-05-05T15:57:18.897+0000] {processor.py:161} INFO - Started process (PID=2797) to work on /home/airflow/.local/lib/python3.12/site-packages/airflow/example_dags/example_setup_teardown.py
[2024-05-05T15:57:18.897+0000] {processor.py:830} INFO - Processing file /home/airflow/.local/lib/python3.12/site-packages/airflow/example_dags/example_setup_teardown.py for tasks to queue
[2024-05-05T15:57:18.899+0000] {logging_mixin.py:188} INFO - [2024-05-05T15:57:18.899+0000] {dagbag.py:540} INFO - Filling up the DagBag from /home/airflow/.local/lib/python3.12/site-packages/airflow/example_dags/example_setup_teardown.py
[2024-05-05T15:57:18.915+0000] {processor.py:840} INFO - DAG(s) 'example_setup_teardown' retrieved from /home/airflow/.local/lib/python3.12/site-packages/airflow/example_dags/example_setup_teardown.py
[2024-05-05T15:57:18.949+0000] {logging_mixin.py:188} INFO - [2024-05-05T15:57:18.948+0000] {dag.py:3096} INFO - Sync 1 DAGs
[2024-05-05T15:57:18.973+0000] {logging_mixin.py:188} INFO - [2024-05-05T15:57:18.972+0000] {dag.py:3954} INFO - Setting next_dagrun for example_setup_teardown to 2024-05-04 00:00:00+00:00, run_after=2024-05-05 00:00:00+00:00
[2024-05-05T15:57:18.995+0000] {processor.py:183} INFO - Processing /home/airflow/.local/lib/python3.12/site-packages/airflow/example_dags/example_setup_teardown.py took 0.116 seconds
[2024-05-05T15:57:49.230+0000] {processor.py:161} INFO - Started process (PID=2857) to work on /home/airflow/.local/lib/python3.12/site-packages/airflow/example_dags/example_setup_teardown.py
[2024-05-05T15:57:49.231+0000] {processor.py:830} INFO - Processing file /home/airflow/.local/lib/python3.12/site-packages/airflow/example_dags/example_setup_teardown.py for tasks to queue
[2024-05-05T15:57:49.233+0000] {logging_mixin.py:188} INFO - [2024-05-05T15:57:49.233+0000] {dagbag.py:540} INFO - Filling up the DagBag from /home/airflow/.local/lib/python3.12/site-packages/airflow/example_dags/example_setup_teardown.py
[2024-05-05T15:57:49.241+0000] {processor.py:840} INFO - DAG(s) 'example_setup_teardown' retrieved from /home/airflow/.local/lib/python3.12/site-packages/airflow/example_dags/example_setup_teardown.py
[2024-05-05T15:57:49.268+0000] {logging_mixin.py:188} INFO - [2024-05-05T15:57:49.267+0000] {dag.py:3096} INFO - Sync 1 DAGs
[2024-05-05T15:57:49.293+0000] {logging_mixin.py:188} INFO - [2024-05-05T15:57:49.292+0000] {dag.py:3954} INFO - Setting next_dagrun for example_setup_teardown to 2024-05-04 00:00:00+00:00, run_after=2024-05-05 00:00:00+00:00
[2024-05-05T15:57:49.315+0000] {processor.py:183} INFO - Processing /home/airflow/.local/lib/python3.12/site-packages/airflow/example_dags/example_setup_teardown.py took 0.092 seconds
[2024-05-05T15:58:19.780+0000] {processor.py:161} INFO - Started process (PID=2919) to work on /home/airflow/.local/lib/python3.12/site-packages/airflow/example_dags/example_setup_teardown.py
[2024-05-05T15:58:19.781+0000] {processor.py:830} INFO - Processing file /home/airflow/.local/lib/python3.12/site-packages/airflow/example_dags/example_setup_teardown.py for tasks to queue
[2024-05-05T15:58:19.783+0000] {logging_mixin.py:188} INFO - [2024-05-05T15:58:19.783+0000] {dagbag.py:540} INFO - Filling up the DagBag from /home/airflow/.local/lib/python3.12/site-packages/airflow/example_dags/example_setup_teardown.py
[2024-05-05T15:58:19.790+0000] {processor.py:840} INFO - DAG(s) 'example_setup_teardown' retrieved from /home/airflow/.local/lib/python3.12/site-packages/airflow/example_dags/example_setup_teardown.py
[2024-05-05T15:58:19.811+0000] {logging_mixin.py:188} INFO - [2024-05-05T15:58:19.811+0000] {dag.py:3096} INFO - Sync 1 DAGs
[2024-05-05T15:58:19.836+0000] {logging_mixin.py:188} INFO - [2024-05-05T15:58:19.835+0000] {dag.py:3954} INFO - Setting next_dagrun for example_setup_teardown to 2024-05-04 00:00:00+00:00, run_after=2024-05-05 00:00:00+00:00
[2024-05-05T15:58:19.856+0000] {processor.py:183} INFO - Processing /home/airflow/.local/lib/python3.12/site-packages/airflow/example_dags/example_setup_teardown.py took 0.083 seconds
[2024-05-05T15:58:51.198+0000] {processor.py:161} INFO - Started process (PID=2980) to work on /home/airflow/.local/lib/python3.12/site-packages/airflow/example_dags/example_setup_teardown.py
[2024-05-05T15:58:51.204+0000] {processor.py:830} INFO - Processing file /home/airflow/.local/lib/python3.12/site-packages/airflow/example_dags/example_setup_teardown.py for tasks to queue
[2024-05-05T15:58:51.209+0000] {logging_mixin.py:188} INFO - [2024-05-05T15:58:51.208+0000] {dagbag.py:540} INFO - Filling up the DagBag from /home/airflow/.local/lib/python3.12/site-packages/airflow/example_dags/example_setup_teardown.py
[2024-05-05T15:58:51.216+0000] {processor.py:840} INFO - DAG(s) 'example_setup_teardown' retrieved from /home/airflow/.local/lib/python3.12/site-packages/airflow/example_dags/example_setup_teardown.py
[2024-05-05T15:58:51.246+0000] {logging_mixin.py:188} INFO - [2024-05-05T15:58:51.246+0000] {dag.py:3096} INFO - Sync 1 DAGs
[2024-05-05T15:58:51.284+0000] {logging_mixin.py:188} INFO - [2024-05-05T15:58:51.284+0000] {dag.py:3954} INFO - Setting next_dagrun for example_setup_teardown to 2024-05-04 00:00:00+00:00, run_after=2024-05-05 00:00:00+00:00
[2024-05-05T15:58:51.314+0000] {processor.py:183} INFO - Processing /home/airflow/.local/lib/python3.12/site-packages/airflow/example_dags/example_setup_teardown.py took 0.123 seconds
[2024-05-05T15:59:23.994+0000] {processor.py:161} INFO - Started process (PID=3041) to work on /home/airflow/.local/lib/python3.12/site-packages/airflow/example_dags/example_setup_teardown.py
[2024-05-05T15:59:24.004+0000] {processor.py:830} INFO - Processing file /home/airflow/.local/lib/python3.12/site-packages/airflow/example_dags/example_setup_teardown.py for tasks to queue
[2024-05-05T15:59:24.006+0000] {logging_mixin.py:188} INFO - [2024-05-05T15:59:24.005+0000] {dagbag.py:540} INFO - Filling up the DagBag from /home/airflow/.local/lib/python3.12/site-packages/airflow/example_dags/example_setup_teardown.py
[2024-05-05T15:59:24.024+0000] {processor.py:840} INFO - DAG(s) 'example_setup_teardown' retrieved from /home/airflow/.local/lib/python3.12/site-packages/airflow/example_dags/example_setup_teardown.py
[2024-05-05T15:59:24.084+0000] {logging_mixin.py:188} INFO - [2024-05-05T15:59:24.084+0000] {dag.py:3096} INFO - Sync 1 DAGs
[2024-05-05T15:59:24.209+0000] {logging_mixin.py:188} INFO - [2024-05-05T15:59:24.209+0000] {dag.py:3954} INFO - Setting next_dagrun for example_setup_teardown to 2024-05-04 00:00:00+00:00, run_after=2024-05-05 00:00:00+00:00
[2024-05-05T15:59:24.335+0000] {processor.py:183} INFO - Processing /home/airflow/.local/lib/python3.12/site-packages/airflow/example_dags/example_setup_teardown.py took 0.383 seconds
[2024-05-05T15:59:56.839+0000] {processor.py:161} INFO - Started process (PID=3109) to work on /home/airflow/.local/lib/python3.12/site-packages/airflow/example_dags/example_setup_teardown.py
[2024-05-05T15:59:56.849+0000] {processor.py:830} INFO - Processing file /home/airflow/.local/lib/python3.12/site-packages/airflow/example_dags/example_setup_teardown.py for tasks to queue
[2024-05-05T15:59:56.851+0000] {logging_mixin.py:188} INFO - [2024-05-05T15:59:56.850+0000] {dagbag.py:540} INFO - Filling up the DagBag from /home/airflow/.local/lib/python3.12/site-packages/airflow/example_dags/example_setup_teardown.py
[2024-05-05T15:59:57.002+0000] {processor.py:840} INFO - DAG(s) 'example_setup_teardown' retrieved from /home/airflow/.local/lib/python3.12/site-packages/airflow/example_dags/example_setup_teardown.py
[2024-05-05T15:59:57.283+0000] {logging_mixin.py:188} INFO - [2024-05-05T15:59:57.272+0000] {dag.py:3096} INFO - Sync 1 DAGs
[2024-05-05T15:59:57.544+0000] {logging_mixin.py:188} INFO - [2024-05-05T15:59:57.544+0000] {dag.py:3954} INFO - Setting next_dagrun for example_setup_teardown to 2024-05-04 00:00:00+00:00, run_after=2024-05-05 00:00:00+00:00
[2024-05-05T15:59:57.688+0000] {processor.py:183} INFO - Processing /home/airflow/.local/lib/python3.12/site-packages/airflow/example_dags/example_setup_teardown.py took 0.942 seconds
