[2024-05-05T15:33:15.470+0000] {processor.py:161} INFO - Started process (PID=34) to work on /home/airflow/.local/lib/python3.12/site-packages/airflow/example_dags/example_latest_only_with_trigger.py
[2024-05-05T15:33:15.484+0000] {processor.py:830} INFO - Processing file /home/airflow/.local/lib/python3.12/site-packages/airflow/example_dags/example_latest_only_with_trigger.py for tasks to queue
[2024-05-05T15:33:15.486+0000] {logging_mixin.py:188} INFO - [2024-05-05T15:33:15.486+0000] {dagbag.py:540} INFO - Filling up the DagBag from /home/airflow/.local/lib/python3.12/site-packages/airflow/example_dags/example_latest_only_with_trigger.py
[2024-05-05T15:33:15.526+0000] {processor.py:840} INFO - DAG(s) 'latest_only_with_trigger' retrieved from /home/airflow/.local/lib/python3.12/site-packages/airflow/example_dags/example_latest_only_with_trigger.py
[2024-05-05T15:33:16.140+0000] {logging_mixin.py:188} INFO - [2024-05-05T15:33:16.138+0000] {override.py:1829} INFO - Created Permission View: can edit on DAG:latest_only_with_trigger
[2024-05-05T15:33:16.177+0000] {logging_mixin.py:188} INFO - [2024-05-05T15:33:16.177+0000] {override.py:1829} INFO - Created Permission View: can read on DAG:latest_only_with_trigger
[2024-05-05T15:33:16.194+0000] {logging_mixin.py:188} INFO - [2024-05-05T15:33:16.194+0000] {override.py:1829} INFO - Created Permission View: can delete on DAG:latest_only_with_trigger
[2024-05-05T15:33:16.195+0000] {logging_mixin.py:188} INFO - [2024-05-05T15:33:16.194+0000] {dag.py:3096} INFO - Sync 1 DAGs
[2024-05-05T15:33:16.254+0000] {logging_mixin.py:188} INFO - [2024-05-05T15:33:16.254+0000] {dag.py:3118} INFO - Creating ORM DAG for latest_only_with_trigger
[2024-05-05T15:33:16.290+0000] {logging_mixin.py:188} INFO - [2024-05-05T15:33:16.290+0000] {dag.py:3954} INFO - Setting next_dagrun for latest_only_with_trigger to 2024-05-05 08:00:00+00:00, run_after=2024-05-05 12:00:00+00:00
[2024-05-05T15:33:16.372+0000] {processor.py:183} INFO - Processing /home/airflow/.local/lib/python3.12/site-packages/airflow/example_dags/example_latest_only_with_trigger.py took 0.912 seconds
[2024-05-05T15:33:46.857+0000] {processor.py:161} INFO - Started process (PID=92) to work on /home/airflow/.local/lib/python3.12/site-packages/airflow/example_dags/example_latest_only_with_trigger.py
[2024-05-05T15:33:46.868+0000] {processor.py:830} INFO - Processing file /home/airflow/.local/lib/python3.12/site-packages/airflow/example_dags/example_latest_only_with_trigger.py for tasks to queue
[2024-05-05T15:33:46.870+0000] {logging_mixin.py:188} INFO - [2024-05-05T15:33:46.869+0000] {dagbag.py:540} INFO - Filling up the DagBag from /home/airflow/.local/lib/python3.12/site-packages/airflow/example_dags/example_latest_only_with_trigger.py
[2024-05-05T15:33:46.876+0000] {processor.py:840} INFO - DAG(s) 'latest_only_with_trigger' retrieved from /home/airflow/.local/lib/python3.12/site-packages/airflow/example_dags/example_latest_only_with_trigger.py
[2024-05-05T15:33:46.899+0000] {logging_mixin.py:188} INFO - [2024-05-05T15:33:46.899+0000] {dag.py:3096} INFO - Sync 1 DAGs
[2024-05-05T15:33:46.926+0000] {logging_mixin.py:188} INFO - [2024-05-05T15:33:46.925+0000] {dag.py:3954} INFO - Setting next_dagrun for latest_only_with_trigger to 2024-05-05 08:00:00+00:00, run_after=2024-05-05 12:00:00+00:00
[2024-05-05T15:33:46.949+0000] {processor.py:183} INFO - Processing /home/airflow/.local/lib/python3.12/site-packages/airflow/example_dags/example_latest_only_with_trigger.py took 0.106 seconds
[2024-05-05T15:34:17.007+0000] {processor.py:161} INFO - Started process (PID=150) to work on /home/airflow/.local/lib/python3.12/site-packages/airflow/example_dags/example_latest_only_with_trigger.py
[2024-05-05T15:34:17.008+0000] {processor.py:830} INFO - Processing file /home/airflow/.local/lib/python3.12/site-packages/airflow/example_dags/example_latest_only_with_trigger.py for tasks to queue
[2024-05-05T15:34:17.010+0000] {logging_mixin.py:188} INFO - [2024-05-05T15:34:17.010+0000] {dagbag.py:540} INFO - Filling up the DagBag from /home/airflow/.local/lib/python3.12/site-packages/airflow/example_dags/example_latest_only_with_trigger.py
[2024-05-05T15:34:17.029+0000] {processor.py:840} INFO - DAG(s) 'latest_only_with_trigger' retrieved from /home/airflow/.local/lib/python3.12/site-packages/airflow/example_dags/example_latest_only_with_trigger.py
[2024-05-05T15:34:17.078+0000] {logging_mixin.py:188} INFO - [2024-05-05T15:34:17.078+0000] {dag.py:3096} INFO - Sync 1 DAGs
[2024-05-05T15:34:17.117+0000] {logging_mixin.py:188} INFO - [2024-05-05T15:34:17.117+0000] {dag.py:3954} INFO - Setting next_dagrun for latest_only_with_trigger to 2024-05-05 08:00:00+00:00, run_after=2024-05-05 12:00:00+00:00
[2024-05-05T15:34:17.144+0000] {processor.py:183} INFO - Processing /home/airflow/.local/lib/python3.12/site-packages/airflow/example_dags/example_latest_only_with_trigger.py took 0.143 seconds
[2024-05-05T15:34:47.920+0000] {processor.py:161} INFO - Started process (PID=208) to work on /home/airflow/.local/lib/python3.12/site-packages/airflow/example_dags/example_latest_only_with_trigger.py
[2024-05-05T15:34:47.948+0000] {processor.py:830} INFO - Processing file /home/airflow/.local/lib/python3.12/site-packages/airflow/example_dags/example_latest_only_with_trigger.py for tasks to queue
[2024-05-05T15:34:47.950+0000] {logging_mixin.py:188} INFO - [2024-05-05T15:34:47.950+0000] {dagbag.py:540} INFO - Filling up the DagBag from /home/airflow/.local/lib/python3.12/site-packages/airflow/example_dags/example_latest_only_with_trigger.py
[2024-05-05T15:34:48.022+0000] {processor.py:840} INFO - DAG(s) 'latest_only_with_trigger' retrieved from /home/airflow/.local/lib/python3.12/site-packages/airflow/example_dags/example_latest_only_with_trigger.py
[2024-05-05T15:34:48.128+0000] {logging_mixin.py:188} INFO - [2024-05-05T15:34:48.128+0000] {dag.py:3096} INFO - Sync 1 DAGs
[2024-05-05T15:34:48.257+0000] {logging_mixin.py:188} INFO - [2024-05-05T15:34:48.257+0000] {dag.py:3954} INFO - Setting next_dagrun for latest_only_with_trigger to 2024-05-05 08:00:00+00:00, run_after=2024-05-05 12:00:00+00:00
[2024-05-05T15:34:48.341+0000] {processor.py:183} INFO - Processing /home/airflow/.local/lib/python3.12/site-packages/airflow/example_dags/example_latest_only_with_trigger.py took 0.502 seconds
[2024-05-05T15:35:18.676+0000] {processor.py:161} INFO - Started process (PID=272) to work on /home/airflow/.local/lib/python3.12/site-packages/airflow/example_dags/example_latest_only_with_trigger.py
[2024-05-05T15:35:18.684+0000] {processor.py:830} INFO - Processing file /home/airflow/.local/lib/python3.12/site-packages/airflow/example_dags/example_latest_only_with_trigger.py for tasks to queue
[2024-05-05T15:35:18.689+0000] {logging_mixin.py:188} INFO - [2024-05-05T15:35:18.688+0000] {dagbag.py:540} INFO - Filling up the DagBag from /home/airflow/.local/lib/python3.12/site-packages/airflow/example_dags/example_latest_only_with_trigger.py
[2024-05-05T15:35:18.722+0000] {processor.py:840} INFO - DAG(s) 'latest_only_with_trigger' retrieved from /home/airflow/.local/lib/python3.12/site-packages/airflow/example_dags/example_latest_only_with_trigger.py
[2024-05-05T15:35:18.809+0000] {logging_mixin.py:188} INFO - [2024-05-05T15:35:18.808+0000] {dag.py:3096} INFO - Sync 1 DAGs
[2024-05-05T15:35:19.005+0000] {logging_mixin.py:188} INFO - [2024-05-05T15:35:19.005+0000] {dag.py:3954} INFO - Setting next_dagrun for latest_only_with_trigger to 2024-05-05 08:00:00+00:00, run_after=2024-05-05 12:00:00+00:00
[2024-05-05T15:35:19.356+0000] {processor.py:183} INFO - Processing /home/airflow/.local/lib/python3.12/site-packages/airflow/example_dags/example_latest_only_with_trigger.py took 0.693 seconds
[2024-05-05T15:35:50.204+0000] {processor.py:161} INFO - Started process (PID=330) to work on /home/airflow/.local/lib/python3.12/site-packages/airflow/example_dags/example_latest_only_with_trigger.py
[2024-05-05T15:35:50.205+0000] {processor.py:830} INFO - Processing file /home/airflow/.local/lib/python3.12/site-packages/airflow/example_dags/example_latest_only_with_trigger.py for tasks to queue
[2024-05-05T15:35:50.207+0000] {logging_mixin.py:188} INFO - [2024-05-05T15:35:50.207+0000] {dagbag.py:540} INFO - Filling up the DagBag from /home/airflow/.local/lib/python3.12/site-packages/airflow/example_dags/example_latest_only_with_trigger.py
[2024-05-05T15:35:50.216+0000] {processor.py:840} INFO - DAG(s) 'latest_only_with_trigger' retrieved from /home/airflow/.local/lib/python3.12/site-packages/airflow/example_dags/example_latest_only_with_trigger.py
[2024-05-05T15:35:50.240+0000] {logging_mixin.py:188} INFO - [2024-05-05T15:35:50.239+0000] {dag.py:3096} INFO - Sync 1 DAGs
[2024-05-05T15:35:50.276+0000] {logging_mixin.py:188} INFO - [2024-05-05T15:35:50.275+0000] {dag.py:3954} INFO - Setting next_dagrun for latest_only_with_trigger to 2024-05-05 08:00:00+00:00, run_after=2024-05-05 12:00:00+00:00
[2024-05-05T15:35:50.300+0000] {processor.py:183} INFO - Processing /home/airflow/.local/lib/python3.12/site-packages/airflow/example_dags/example_latest_only_with_trigger.py took 0.102 seconds
[2024-05-05T15:36:20.792+0000] {processor.py:161} INFO - Started process (PID=389) to work on /home/airflow/.local/lib/python3.12/site-packages/airflow/example_dags/example_latest_only_with_trigger.py
[2024-05-05T15:36:20.792+0000] {processor.py:830} INFO - Processing file /home/airflow/.local/lib/python3.12/site-packages/airflow/example_dags/example_latest_only_with_trigger.py for tasks to queue
[2024-05-05T15:36:20.794+0000] {logging_mixin.py:188} INFO - [2024-05-05T15:36:20.794+0000] {dagbag.py:540} INFO - Filling up the DagBag from /home/airflow/.local/lib/python3.12/site-packages/airflow/example_dags/example_latest_only_with_trigger.py
[2024-05-05T15:36:20.801+0000] {processor.py:840} INFO - DAG(s) 'latest_only_with_trigger' retrieved from /home/airflow/.local/lib/python3.12/site-packages/airflow/example_dags/example_latest_only_with_trigger.py
[2024-05-05T15:36:20.824+0000] {logging_mixin.py:188} INFO - [2024-05-05T15:36:20.824+0000] {dag.py:3096} INFO - Sync 1 DAGs
[2024-05-05T15:36:20.852+0000] {logging_mixin.py:188} INFO - [2024-05-05T15:36:20.852+0000] {dag.py:3954} INFO - Setting next_dagrun for latest_only_with_trigger to 2024-05-05 08:00:00+00:00, run_after=2024-05-05 12:00:00+00:00
[2024-05-05T15:36:20.894+0000] {processor.py:183} INFO - Processing /home/airflow/.local/lib/python3.12/site-packages/airflow/example_dags/example_latest_only_with_trigger.py took 0.109 seconds
[2024-05-05T15:36:51.014+0000] {processor.py:161} INFO - Started process (PID=447) to work on /home/airflow/.local/lib/python3.12/site-packages/airflow/example_dags/example_latest_only_with_trigger.py
[2024-05-05T15:36:51.015+0000] {processor.py:830} INFO - Processing file /home/airflow/.local/lib/python3.12/site-packages/airflow/example_dags/example_latest_only_with_trigger.py for tasks to queue
[2024-05-05T15:36:51.017+0000] {logging_mixin.py:188} INFO - [2024-05-05T15:36:51.016+0000] {dagbag.py:540} INFO - Filling up the DagBag from /home/airflow/.local/lib/python3.12/site-packages/airflow/example_dags/example_latest_only_with_trigger.py
[2024-05-05T15:36:51.023+0000] {processor.py:840} INFO - DAG(s) 'latest_only_with_trigger' retrieved from /home/airflow/.local/lib/python3.12/site-packages/airflow/example_dags/example_latest_only_with_trigger.py
[2024-05-05T15:36:51.047+0000] {logging_mixin.py:188} INFO - [2024-05-05T15:36:51.047+0000] {dag.py:3096} INFO - Sync 1 DAGs
[2024-05-05T15:36:51.072+0000] {logging_mixin.py:188} INFO - [2024-05-05T15:36:51.072+0000] {dag.py:3954} INFO - Setting next_dagrun for latest_only_with_trigger to 2024-05-05 08:00:00+00:00, run_after=2024-05-05 12:00:00+00:00
[2024-05-05T15:36:51.097+0000] {processor.py:183} INFO - Processing /home/airflow/.local/lib/python3.12/site-packages/airflow/example_dags/example_latest_only_with_trigger.py took 0.089 seconds
[2024-05-05T15:37:21.945+0000] {processor.py:161} INFO - Started process (PID=506) to work on /home/airflow/.local/lib/python3.12/site-packages/airflow/example_dags/example_latest_only_with_trigger.py
[2024-05-05T15:37:21.946+0000] {processor.py:830} INFO - Processing file /home/airflow/.local/lib/python3.12/site-packages/airflow/example_dags/example_latest_only_with_trigger.py for tasks to queue
[2024-05-05T15:37:21.948+0000] {logging_mixin.py:188} INFO - [2024-05-05T15:37:21.948+0000] {dagbag.py:540} INFO - Filling up the DagBag from /home/airflow/.local/lib/python3.12/site-packages/airflow/example_dags/example_latest_only_with_trigger.py
[2024-05-05T15:37:21.955+0000] {processor.py:840} INFO - DAG(s) 'latest_only_with_trigger' retrieved from /home/airflow/.local/lib/python3.12/site-packages/airflow/example_dags/example_latest_only_with_trigger.py
[2024-05-05T15:37:21.979+0000] {logging_mixin.py:188} INFO - [2024-05-05T15:37:21.979+0000] {dag.py:3096} INFO - Sync 1 DAGs
[2024-05-05T15:37:22.005+0000] {logging_mixin.py:188} INFO - [2024-05-05T15:37:22.005+0000] {dag.py:3954} INFO - Setting next_dagrun for latest_only_with_trigger to 2024-05-05 08:00:00+00:00, run_after=2024-05-05 12:00:00+00:00
[2024-05-05T15:37:22.031+0000] {processor.py:183} INFO - Processing /home/airflow/.local/lib/python3.12/site-packages/airflow/example_dags/example_latest_only_with_trigger.py took 0.091 seconds
[2024-05-05T15:37:52.800+0000] {processor.py:161} INFO - Started process (PID=565) to work on /home/airflow/.local/lib/python3.12/site-packages/airflow/example_dags/example_latest_only_with_trigger.py
[2024-05-05T15:37:52.801+0000] {processor.py:830} INFO - Processing file /home/airflow/.local/lib/python3.12/site-packages/airflow/example_dags/example_latest_only_with_trigger.py for tasks to queue
[2024-05-05T15:37:52.811+0000] {logging_mixin.py:188} INFO - [2024-05-05T15:37:52.804+0000] {dagbag.py:540} INFO - Filling up the DagBag from /home/airflow/.local/lib/python3.12/site-packages/airflow/example_dags/example_latest_only_with_trigger.py
[2024-05-05T15:37:52.818+0000] {processor.py:840} INFO - DAG(s) 'latest_only_with_trigger' retrieved from /home/airflow/.local/lib/python3.12/site-packages/airflow/example_dags/example_latest_only_with_trigger.py
[2024-05-05T15:37:52.845+0000] {logging_mixin.py:188} INFO - [2024-05-05T15:37:52.845+0000] {dag.py:3096} INFO - Sync 1 DAGs
[2024-05-05T15:37:52.872+0000] {logging_mixin.py:188} INFO - [2024-05-05T15:37:52.872+0000] {dag.py:3954} INFO - Setting next_dagrun for latest_only_with_trigger to 2024-05-05 08:00:00+00:00, run_after=2024-05-05 12:00:00+00:00
[2024-05-05T15:37:52.901+0000] {processor.py:183} INFO - Processing /home/airflow/.local/lib/python3.12/site-packages/airflow/example_dags/example_latest_only_with_trigger.py took 0.109 seconds
[2024-05-05T15:38:23.761+0000] {processor.py:161} INFO - Started process (PID=623) to work on /home/airflow/.local/lib/python3.12/site-packages/airflow/example_dags/example_latest_only_with_trigger.py
[2024-05-05T15:38:23.762+0000] {processor.py:830} INFO - Processing file /home/airflow/.local/lib/python3.12/site-packages/airflow/example_dags/example_latest_only_with_trigger.py for tasks to queue
[2024-05-05T15:38:23.764+0000] {logging_mixin.py:188} INFO - [2024-05-05T15:38:23.764+0000] {dagbag.py:540} INFO - Filling up the DagBag from /home/airflow/.local/lib/python3.12/site-packages/airflow/example_dags/example_latest_only_with_trigger.py
[2024-05-05T15:38:23.770+0000] {processor.py:840} INFO - DAG(s) 'latest_only_with_trigger' retrieved from /home/airflow/.local/lib/python3.12/site-packages/airflow/example_dags/example_latest_only_with_trigger.py
[2024-05-05T15:38:23.798+0000] {logging_mixin.py:188} INFO - [2024-05-05T15:38:23.798+0000] {dag.py:3096} INFO - Sync 1 DAGs
[2024-05-05T15:38:23.825+0000] {logging_mixin.py:188} INFO - [2024-05-05T15:38:23.825+0000] {dag.py:3954} INFO - Setting next_dagrun for latest_only_with_trigger to 2024-05-05 08:00:00+00:00, run_after=2024-05-05 12:00:00+00:00
[2024-05-05T15:38:23.850+0000] {processor.py:183} INFO - Processing /home/airflow/.local/lib/python3.12/site-packages/airflow/example_dags/example_latest_only_with_trigger.py took 0.100 seconds
[2024-05-05T15:38:53.954+0000] {processor.py:161} INFO - Started process (PID=681) to work on /home/airflow/.local/lib/python3.12/site-packages/airflow/example_dags/example_latest_only_with_trigger.py
[2024-05-05T15:38:53.967+0000] {processor.py:830} INFO - Processing file /home/airflow/.local/lib/python3.12/site-packages/airflow/example_dags/example_latest_only_with_trigger.py for tasks to queue
[2024-05-05T15:38:53.969+0000] {logging_mixin.py:188} INFO - [2024-05-05T15:38:53.969+0000] {dagbag.py:540} INFO - Filling up the DagBag from /home/airflow/.local/lib/python3.12/site-packages/airflow/example_dags/example_latest_only_with_trigger.py
[2024-05-05T15:38:53.985+0000] {processor.py:840} INFO - DAG(s) 'latest_only_with_trigger' retrieved from /home/airflow/.local/lib/python3.12/site-packages/airflow/example_dags/example_latest_only_with_trigger.py
[2024-05-05T15:38:54.026+0000] {logging_mixin.py:188} INFO - [2024-05-05T15:38:54.026+0000] {dag.py:3096} INFO - Sync 1 DAGs
[2024-05-05T15:38:54.089+0000] {logging_mixin.py:188} INFO - [2024-05-05T15:38:54.089+0000] {dag.py:3954} INFO - Setting next_dagrun for latest_only_with_trigger to 2024-05-05 08:00:00+00:00, run_after=2024-05-05 12:00:00+00:00
[2024-05-05T15:38:54.135+0000] {processor.py:183} INFO - Processing /home/airflow/.local/lib/python3.12/site-packages/airflow/example_dags/example_latest_only_with_trigger.py took 0.188 seconds
[2024-05-05T15:39:24.466+0000] {processor.py:161} INFO - Started process (PID=740) to work on /home/airflow/.local/lib/python3.12/site-packages/airflow/example_dags/example_latest_only_with_trigger.py
[2024-05-05T15:39:24.467+0000] {processor.py:830} INFO - Processing file /home/airflow/.local/lib/python3.12/site-packages/airflow/example_dags/example_latest_only_with_trigger.py for tasks to queue
[2024-05-05T15:39:24.477+0000] {logging_mixin.py:188} INFO - [2024-05-05T15:39:24.476+0000] {dagbag.py:540} INFO - Filling up the DagBag from /home/airflow/.local/lib/python3.12/site-packages/airflow/example_dags/example_latest_only_with_trigger.py
[2024-05-05T15:39:24.483+0000] {processor.py:840} INFO - DAG(s) 'latest_only_with_trigger' retrieved from /home/airflow/.local/lib/python3.12/site-packages/airflow/example_dags/example_latest_only_with_trigger.py
[2024-05-05T15:39:24.531+0000] {logging_mixin.py:188} INFO - [2024-05-05T15:39:24.531+0000] {dag.py:3096} INFO - Sync 1 DAGs
[2024-05-05T15:39:24.577+0000] {logging_mixin.py:188} INFO - [2024-05-05T15:39:24.576+0000] {dag.py:3954} INFO - Setting next_dagrun for latest_only_with_trigger to 2024-05-05 08:00:00+00:00, run_after=2024-05-05 12:00:00+00:00
[2024-05-05T15:39:24.621+0000] {processor.py:183} INFO - Processing /home/airflow/.local/lib/python3.12/site-packages/airflow/example_dags/example_latest_only_with_trigger.py took 0.179 seconds
[2024-05-05T15:39:55.182+0000] {processor.py:161} INFO - Started process (PID=794) to work on /home/airflow/.local/lib/python3.12/site-packages/airflow/example_dags/example_latest_only_with_trigger.py
[2024-05-05T15:39:55.187+0000] {processor.py:830} INFO - Processing file /home/airflow/.local/lib/python3.12/site-packages/airflow/example_dags/example_latest_only_with_trigger.py for tasks to queue
[2024-05-05T15:39:55.189+0000] {logging_mixin.py:188} INFO - [2024-05-05T15:39:55.189+0000] {dagbag.py:540} INFO - Filling up the DagBag from /home/airflow/.local/lib/python3.12/site-packages/airflow/example_dags/example_latest_only_with_trigger.py
[2024-05-05T15:39:55.199+0000] {processor.py:840} INFO - DAG(s) 'latest_only_with_trigger' retrieved from /home/airflow/.local/lib/python3.12/site-packages/airflow/example_dags/example_latest_only_with_trigger.py
[2024-05-05T15:39:55.259+0000] {logging_mixin.py:188} INFO - [2024-05-05T15:39:55.258+0000] {dag.py:3096} INFO - Sync 1 DAGs
[2024-05-05T15:39:55.285+0000] {logging_mixin.py:188} INFO - [2024-05-05T15:39:55.285+0000] {dag.py:3954} INFO - Setting next_dagrun for latest_only_with_trigger to 2024-05-05 08:00:00+00:00, run_after=2024-05-05 12:00:00+00:00
[2024-05-05T15:39:55.319+0000] {processor.py:183} INFO - Processing /home/airflow/.local/lib/python3.12/site-packages/airflow/example_dags/example_latest_only_with_trigger.py took 0.147 seconds
[2024-05-05T15:40:26.353+0000] {processor.py:161} INFO - Started process (PID=852) to work on /home/airflow/.local/lib/python3.12/site-packages/airflow/example_dags/example_latest_only_with_trigger.py
[2024-05-05T15:40:26.354+0000] {processor.py:830} INFO - Processing file /home/airflow/.local/lib/python3.12/site-packages/airflow/example_dags/example_latest_only_with_trigger.py for tasks to queue
[2024-05-05T15:40:26.356+0000] {logging_mixin.py:188} INFO - [2024-05-05T15:40:26.355+0000] {dagbag.py:540} INFO - Filling up the DagBag from /home/airflow/.local/lib/python3.12/site-packages/airflow/example_dags/example_latest_only_with_trigger.py
[2024-05-05T15:40:26.362+0000] {processor.py:840} INFO - DAG(s) 'latest_only_with_trigger' retrieved from /home/airflow/.local/lib/python3.12/site-packages/airflow/example_dags/example_latest_only_with_trigger.py
[2024-05-05T15:40:26.384+0000] {logging_mixin.py:188} INFO - [2024-05-05T15:40:26.384+0000] {dag.py:3096} INFO - Sync 1 DAGs
[2024-05-05T15:40:26.410+0000] {logging_mixin.py:188} INFO - [2024-05-05T15:40:26.409+0000] {dag.py:3954} INFO - Setting next_dagrun for latest_only_with_trigger to 2024-05-05 08:00:00+00:00, run_after=2024-05-05 12:00:00+00:00
[2024-05-05T15:40:26.436+0000] {processor.py:183} INFO - Processing /home/airflow/.local/lib/python3.12/site-packages/airflow/example_dags/example_latest_only_with_trigger.py took 0.089 seconds
[2024-05-05T15:40:57.155+0000] {processor.py:161} INFO - Started process (PID=909) to work on /home/airflow/.local/lib/python3.12/site-packages/airflow/example_dags/example_latest_only_with_trigger.py
[2024-05-05T15:40:57.156+0000] {processor.py:830} INFO - Processing file /home/airflow/.local/lib/python3.12/site-packages/airflow/example_dags/example_latest_only_with_trigger.py for tasks to queue
[2024-05-05T15:40:57.158+0000] {logging_mixin.py:188} INFO - [2024-05-05T15:40:57.157+0000] {dagbag.py:540} INFO - Filling up the DagBag from /home/airflow/.local/lib/python3.12/site-packages/airflow/example_dags/example_latest_only_with_trigger.py
[2024-05-05T15:40:57.163+0000] {processor.py:840} INFO - DAG(s) 'latest_only_with_trigger' retrieved from /home/airflow/.local/lib/python3.12/site-packages/airflow/example_dags/example_latest_only_with_trigger.py
[2024-05-05T15:40:57.186+0000] {logging_mixin.py:188} INFO - [2024-05-05T15:40:57.186+0000] {dag.py:3096} INFO - Sync 1 DAGs
[2024-05-05T15:40:57.213+0000] {logging_mixin.py:188} INFO - [2024-05-05T15:40:57.213+0000] {dag.py:3954} INFO - Setting next_dagrun for latest_only_with_trigger to 2024-05-05 08:00:00+00:00, run_after=2024-05-05 12:00:00+00:00
[2024-05-05T15:40:57.238+0000] {processor.py:183} INFO - Processing /home/airflow/.local/lib/python3.12/site-packages/airflow/example_dags/example_latest_only_with_trigger.py took 0.090 seconds
[2024-05-05T15:41:27.953+0000] {processor.py:161} INFO - Started process (PID=968) to work on /home/airflow/.local/lib/python3.12/site-packages/airflow/example_dags/example_latest_only_with_trigger.py
[2024-05-05T15:41:27.954+0000] {processor.py:830} INFO - Processing file /home/airflow/.local/lib/python3.12/site-packages/airflow/example_dags/example_latest_only_with_trigger.py for tasks to queue
[2024-05-05T15:41:27.956+0000] {logging_mixin.py:188} INFO - [2024-05-05T15:41:27.956+0000] {dagbag.py:540} INFO - Filling up the DagBag from /home/airflow/.local/lib/python3.12/site-packages/airflow/example_dags/example_latest_only_with_trigger.py
[2024-05-05T15:41:27.962+0000] {processor.py:840} INFO - DAG(s) 'latest_only_with_trigger' retrieved from /home/airflow/.local/lib/python3.12/site-packages/airflow/example_dags/example_latest_only_with_trigger.py
[2024-05-05T15:41:27.984+0000] {logging_mixin.py:188} INFO - [2024-05-05T15:41:27.984+0000] {dag.py:3096} INFO - Sync 1 DAGs
[2024-05-05T15:41:28.011+0000] {logging_mixin.py:188} INFO - [2024-05-05T15:41:28.011+0000] {dag.py:3954} INFO - Setting next_dagrun for latest_only_with_trigger to 2024-05-05 08:00:00+00:00, run_after=2024-05-05 12:00:00+00:00
[2024-05-05T15:41:28.043+0000] {processor.py:183} INFO - Processing /home/airflow/.local/lib/python3.12/site-packages/airflow/example_dags/example_latest_only_with_trigger.py took 0.097 seconds
[2024-05-05T15:41:58.218+0000] {processor.py:161} INFO - Started process (PID=1027) to work on /home/airflow/.local/lib/python3.12/site-packages/airflow/example_dags/example_latest_only_with_trigger.py
[2024-05-05T15:41:58.219+0000] {processor.py:830} INFO - Processing file /home/airflow/.local/lib/python3.12/site-packages/airflow/example_dags/example_latest_only_with_trigger.py for tasks to queue
[2024-05-05T15:41:58.221+0000] {logging_mixin.py:188} INFO - [2024-05-05T15:41:58.221+0000] {dagbag.py:540} INFO - Filling up the DagBag from /home/airflow/.local/lib/python3.12/site-packages/airflow/example_dags/example_latest_only_with_trigger.py
[2024-05-05T15:41:58.227+0000] {processor.py:840} INFO - DAG(s) 'latest_only_with_trigger' retrieved from /home/airflow/.local/lib/python3.12/site-packages/airflow/example_dags/example_latest_only_with_trigger.py
[2024-05-05T15:41:58.255+0000] {logging_mixin.py:188} INFO - [2024-05-05T15:41:58.255+0000] {dag.py:3096} INFO - Sync 1 DAGs
[2024-05-05T15:41:58.283+0000] {logging_mixin.py:188} INFO - [2024-05-05T15:41:58.283+0000] {dag.py:3954} INFO - Setting next_dagrun for latest_only_with_trigger to 2024-05-05 08:00:00+00:00, run_after=2024-05-05 12:00:00+00:00
[2024-05-05T15:41:58.308+0000] {processor.py:183} INFO - Processing /home/airflow/.local/lib/python3.12/site-packages/airflow/example_dags/example_latest_only_with_trigger.py took 0.096 seconds
[2024-05-05T15:42:28.523+0000] {processor.py:161} INFO - Started process (PID=1085) to work on /home/airflow/.local/lib/python3.12/site-packages/airflow/example_dags/example_latest_only_with_trigger.py
[2024-05-05T15:42:28.526+0000] {processor.py:830} INFO - Processing file /home/airflow/.local/lib/python3.12/site-packages/airflow/example_dags/example_latest_only_with_trigger.py for tasks to queue
[2024-05-05T15:42:28.528+0000] {logging_mixin.py:188} INFO - [2024-05-05T15:42:28.528+0000] {dagbag.py:540} INFO - Filling up the DagBag from /home/airflow/.local/lib/python3.12/site-packages/airflow/example_dags/example_latest_only_with_trigger.py
[2024-05-05T15:42:28.543+0000] {processor.py:840} INFO - DAG(s) 'latest_only_with_trigger' retrieved from /home/airflow/.local/lib/python3.12/site-packages/airflow/example_dags/example_latest_only_with_trigger.py
[2024-05-05T15:42:28.574+0000] {logging_mixin.py:188} INFO - [2024-05-05T15:42:28.573+0000] {dag.py:3096} INFO - Sync 1 DAGs
[2024-05-05T15:42:28.616+0000] {logging_mixin.py:188} INFO - [2024-05-05T15:42:28.615+0000] {dag.py:3954} INFO - Setting next_dagrun for latest_only_with_trigger to 2024-05-05 08:00:00+00:00, run_after=2024-05-05 12:00:00+00:00
[2024-05-05T15:42:28.652+0000] {processor.py:183} INFO - Processing /home/airflow/.local/lib/python3.12/site-packages/airflow/example_dags/example_latest_only_with_trigger.py took 0.145 seconds
[2024-05-05T15:42:59.269+0000] {processor.py:161} INFO - Started process (PID=1143) to work on /home/airflow/.local/lib/python3.12/site-packages/airflow/example_dags/example_latest_only_with_trigger.py
[2024-05-05T15:42:59.269+0000] {processor.py:830} INFO - Processing file /home/airflow/.local/lib/python3.12/site-packages/airflow/example_dags/example_latest_only_with_trigger.py for tasks to queue
[2024-05-05T15:42:59.276+0000] {logging_mixin.py:188} INFO - [2024-05-05T15:42:59.276+0000] {dagbag.py:540} INFO - Filling up the DagBag from /home/airflow/.local/lib/python3.12/site-packages/airflow/example_dags/example_latest_only_with_trigger.py
[2024-05-05T15:42:59.290+0000] {processor.py:840} INFO - DAG(s) 'latest_only_with_trigger' retrieved from /home/airflow/.local/lib/python3.12/site-packages/airflow/example_dags/example_latest_only_with_trigger.py
[2024-05-05T15:42:59.355+0000] {logging_mixin.py:188} INFO - [2024-05-05T15:42:59.355+0000] {dag.py:3096} INFO - Sync 1 DAGs
[2024-05-05T15:42:59.461+0000] {logging_mixin.py:188} INFO - [2024-05-05T15:42:59.461+0000] {dag.py:3954} INFO - Setting next_dagrun for latest_only_with_trigger to 2024-05-05 08:00:00+00:00, run_after=2024-05-05 12:00:00+00:00
[2024-05-05T15:42:59.536+0000] {processor.py:183} INFO - Processing /home/airflow/.local/lib/python3.12/site-packages/airflow/example_dags/example_latest_only_with_trigger.py took 0.288 seconds
[2024-05-05T15:43:30.194+0000] {processor.py:161} INFO - Started process (PID=1201) to work on /home/airflow/.local/lib/python3.12/site-packages/airflow/example_dags/example_latest_only_with_trigger.py
[2024-05-05T15:43:30.204+0000] {processor.py:830} INFO - Processing file /home/airflow/.local/lib/python3.12/site-packages/airflow/example_dags/example_latest_only_with_trigger.py for tasks to queue
[2024-05-05T15:43:30.208+0000] {logging_mixin.py:188} INFO - [2024-05-05T15:43:30.208+0000] {dagbag.py:540} INFO - Filling up the DagBag from /home/airflow/.local/lib/python3.12/site-packages/airflow/example_dags/example_latest_only_with_trigger.py
[2024-05-05T15:43:30.233+0000] {processor.py:840} INFO - DAG(s) 'latest_only_with_trigger' retrieved from /home/airflow/.local/lib/python3.12/site-packages/airflow/example_dags/example_latest_only_with_trigger.py
[2024-05-05T15:43:30.300+0000] {logging_mixin.py:188} INFO - [2024-05-05T15:43:30.300+0000] {dag.py:3096} INFO - Sync 1 DAGs
[2024-05-05T15:43:30.389+0000] {logging_mixin.py:188} INFO - [2024-05-05T15:43:30.389+0000] {dag.py:3954} INFO - Setting next_dagrun for latest_only_with_trigger to 2024-05-05 08:00:00+00:00, run_after=2024-05-05 12:00:00+00:00
[2024-05-05T15:43:30.454+0000] {processor.py:183} INFO - Processing /home/airflow/.local/lib/python3.12/site-packages/airflow/example_dags/example_latest_only_with_trigger.py took 0.283 seconds
[2024-05-05T15:44:00.795+0000] {processor.py:161} INFO - Started process (PID=1259) to work on /home/airflow/.local/lib/python3.12/site-packages/airflow/example_dags/example_latest_only_with_trigger.py
[2024-05-05T15:44:00.796+0000] {processor.py:830} INFO - Processing file /home/airflow/.local/lib/python3.12/site-packages/airflow/example_dags/example_latest_only_with_trigger.py for tasks to queue
[2024-05-05T15:44:00.798+0000] {logging_mixin.py:188} INFO - [2024-05-05T15:44:00.798+0000] {dagbag.py:540} INFO - Filling up the DagBag from /home/airflow/.local/lib/python3.12/site-packages/airflow/example_dags/example_latest_only_with_trigger.py
[2024-05-05T15:44:00.803+0000] {processor.py:840} INFO - DAG(s) 'latest_only_with_trigger' retrieved from /home/airflow/.local/lib/python3.12/site-packages/airflow/example_dags/example_latest_only_with_trigger.py
[2024-05-05T15:44:00.836+0000] {logging_mixin.py:188} INFO - [2024-05-05T15:44:00.836+0000] {dag.py:3096} INFO - Sync 1 DAGs
[2024-05-05T15:44:00.864+0000] {logging_mixin.py:188} INFO - [2024-05-05T15:44:00.864+0000] {dag.py:3954} INFO - Setting next_dagrun for latest_only_with_trigger to 2024-05-05 08:00:00+00:00, run_after=2024-05-05 12:00:00+00:00
[2024-05-05T15:44:00.888+0000] {processor.py:183} INFO - Processing /home/airflow/.local/lib/python3.12/site-packages/airflow/example_dags/example_latest_only_with_trigger.py took 0.101 seconds
[2024-05-05T15:44:31.050+0000] {processor.py:161} INFO - Started process (PID=1317) to work on /home/airflow/.local/lib/python3.12/site-packages/airflow/example_dags/example_latest_only_with_trigger.py
[2024-05-05T15:44:31.051+0000] {processor.py:830} INFO - Processing file /home/airflow/.local/lib/python3.12/site-packages/airflow/example_dags/example_latest_only_with_trigger.py for tasks to queue
[2024-05-05T15:44:31.053+0000] {logging_mixin.py:188} INFO - [2024-05-05T15:44:31.053+0000] {dagbag.py:540} INFO - Filling up the DagBag from /home/airflow/.local/lib/python3.12/site-packages/airflow/example_dags/example_latest_only_with_trigger.py
[2024-05-05T15:44:31.058+0000] {processor.py:840} INFO - DAG(s) 'latest_only_with_trigger' retrieved from /home/airflow/.local/lib/python3.12/site-packages/airflow/example_dags/example_latest_only_with_trigger.py
[2024-05-05T15:44:31.086+0000] {logging_mixin.py:188} INFO - [2024-05-05T15:44:31.086+0000] {dag.py:3096} INFO - Sync 1 DAGs
[2024-05-05T15:44:31.113+0000] {logging_mixin.py:188} INFO - [2024-05-05T15:44:31.112+0000] {dag.py:3954} INFO - Setting next_dagrun for latest_only_with_trigger to 2024-05-05 08:00:00+00:00, run_after=2024-05-05 12:00:00+00:00
[2024-05-05T15:44:31.138+0000] {processor.py:183} INFO - Processing /home/airflow/.local/lib/python3.12/site-packages/airflow/example_dags/example_latest_only_with_trigger.py took 0.095 seconds
[2024-05-05T15:45:01.273+0000] {processor.py:161} INFO - Started process (PID=1374) to work on /home/airflow/.local/lib/python3.12/site-packages/airflow/example_dags/example_latest_only_with_trigger.py
[2024-05-05T15:45:01.274+0000] {processor.py:830} INFO - Processing file /home/airflow/.local/lib/python3.12/site-packages/airflow/example_dags/example_latest_only_with_trigger.py for tasks to queue
[2024-05-05T15:45:01.276+0000] {logging_mixin.py:188} INFO - [2024-05-05T15:45:01.275+0000] {dagbag.py:540} INFO - Filling up the DagBag from /home/airflow/.local/lib/python3.12/site-packages/airflow/example_dags/example_latest_only_with_trigger.py
[2024-05-05T15:45:01.282+0000] {processor.py:840} INFO - DAG(s) 'latest_only_with_trigger' retrieved from /home/airflow/.local/lib/python3.12/site-packages/airflow/example_dags/example_latest_only_with_trigger.py
[2024-05-05T15:45:01.307+0000] {logging_mixin.py:188} INFO - [2024-05-05T15:45:01.307+0000] {dag.py:3096} INFO - Sync 1 DAGs
[2024-05-05T15:45:01.336+0000] {logging_mixin.py:188} INFO - [2024-05-05T15:45:01.336+0000] {dag.py:3954} INFO - Setting next_dagrun for latest_only_with_trigger to 2024-05-05 08:00:00+00:00, run_after=2024-05-05 12:00:00+00:00
[2024-05-05T15:45:01.363+0000] {processor.py:183} INFO - Processing /home/airflow/.local/lib/python3.12/site-packages/airflow/example_dags/example_latest_only_with_trigger.py took 0.097 seconds
[2024-05-05T15:45:31.708+0000] {processor.py:161} INFO - Started process (PID=1432) to work on /home/airflow/.local/lib/python3.12/site-packages/airflow/example_dags/example_latest_only_with_trigger.py
[2024-05-05T15:45:31.709+0000] {processor.py:830} INFO - Processing file /home/airflow/.local/lib/python3.12/site-packages/airflow/example_dags/example_latest_only_with_trigger.py for tasks to queue
[2024-05-05T15:45:31.711+0000] {logging_mixin.py:188} INFO - [2024-05-05T15:45:31.711+0000] {dagbag.py:540} INFO - Filling up the DagBag from /home/airflow/.local/lib/python3.12/site-packages/airflow/example_dags/example_latest_only_with_trigger.py
[2024-05-05T15:45:31.717+0000] {processor.py:840} INFO - DAG(s) 'latest_only_with_trigger' retrieved from /home/airflow/.local/lib/python3.12/site-packages/airflow/example_dags/example_latest_only_with_trigger.py
[2024-05-05T15:45:31.740+0000] {logging_mixin.py:188} INFO - [2024-05-05T15:45:31.740+0000] {dag.py:3096} INFO - Sync 1 DAGs
[2024-05-05T15:45:31.766+0000] {logging_mixin.py:188} INFO - [2024-05-05T15:45:31.766+0000] {dag.py:3954} INFO - Setting next_dagrun for latest_only_with_trigger to 2024-05-05 08:00:00+00:00, run_after=2024-05-05 12:00:00+00:00
[2024-05-05T15:45:31.793+0000] {processor.py:183} INFO - Processing /home/airflow/.local/lib/python3.12/site-packages/airflow/example_dags/example_latest_only_with_trigger.py took 0.091 seconds
[2024-05-05T15:46:02.362+0000] {processor.py:161} INFO - Started process (PID=1491) to work on /home/airflow/.local/lib/python3.12/site-packages/airflow/example_dags/example_latest_only_with_trigger.py
[2024-05-05T15:46:02.363+0000] {processor.py:830} INFO - Processing file /home/airflow/.local/lib/python3.12/site-packages/airflow/example_dags/example_latest_only_with_trigger.py for tasks to queue
[2024-05-05T15:46:02.365+0000] {logging_mixin.py:188} INFO - [2024-05-05T15:46:02.364+0000] {dagbag.py:540} INFO - Filling up the DagBag from /home/airflow/.local/lib/python3.12/site-packages/airflow/example_dags/example_latest_only_with_trigger.py
[2024-05-05T15:46:02.370+0000] {processor.py:840} INFO - DAG(s) 'latest_only_with_trigger' retrieved from /home/airflow/.local/lib/python3.12/site-packages/airflow/example_dags/example_latest_only_with_trigger.py
[2024-05-05T15:46:02.394+0000] {logging_mixin.py:188} INFO - [2024-05-05T15:46:02.394+0000] {dag.py:3096} INFO - Sync 1 DAGs
[2024-05-05T15:46:02.421+0000] {logging_mixin.py:188} INFO - [2024-05-05T15:46:02.420+0000] {dag.py:3954} INFO - Setting next_dagrun for latest_only_with_trigger to 2024-05-05 08:00:00+00:00, run_after=2024-05-05 12:00:00+00:00
[2024-05-05T15:46:02.445+0000] {processor.py:183} INFO - Processing /home/airflow/.local/lib/python3.12/site-packages/airflow/example_dags/example_latest_only_with_trigger.py took 0.090 seconds
[2024-05-05T15:46:33.428+0000] {processor.py:161} INFO - Started process (PID=1548) to work on /home/airflow/.local/lib/python3.12/site-packages/airflow/example_dags/example_latest_only_with_trigger.py
[2024-05-05T15:46:33.429+0000] {processor.py:830} INFO - Processing file /home/airflow/.local/lib/python3.12/site-packages/airflow/example_dags/example_latest_only_with_trigger.py for tasks to queue
[2024-05-05T15:46:33.430+0000] {logging_mixin.py:188} INFO - [2024-05-05T15:46:33.430+0000] {dagbag.py:540} INFO - Filling up the DagBag from /home/airflow/.local/lib/python3.12/site-packages/airflow/example_dags/example_latest_only_with_trigger.py
[2024-05-05T15:46:33.436+0000] {processor.py:840} INFO - DAG(s) 'latest_only_with_trigger' retrieved from /home/airflow/.local/lib/python3.12/site-packages/airflow/example_dags/example_latest_only_with_trigger.py
[2024-05-05T15:46:33.460+0000] {logging_mixin.py:188} INFO - [2024-05-05T15:46:33.460+0000] {dag.py:3096} INFO - Sync 1 DAGs
[2024-05-05T15:46:33.485+0000] {logging_mixin.py:188} INFO - [2024-05-05T15:46:33.485+0000] {dag.py:3954} INFO - Setting next_dagrun for latest_only_with_trigger to 2024-05-05 08:00:00+00:00, run_after=2024-05-05 12:00:00+00:00
[2024-05-05T15:46:33.512+0000] {processor.py:183} INFO - Processing /home/airflow/.local/lib/python3.12/site-packages/airflow/example_dags/example_latest_only_with_trigger.py took 0.093 seconds
[2024-05-05T15:47:03.874+0000] {processor.py:161} INFO - Started process (PID=1605) to work on /home/airflow/.local/lib/python3.12/site-packages/airflow/example_dags/example_latest_only_with_trigger.py
[2024-05-05T15:47:03.875+0000] {processor.py:830} INFO - Processing file /home/airflow/.local/lib/python3.12/site-packages/airflow/example_dags/example_latest_only_with_trigger.py for tasks to queue
[2024-05-05T15:47:03.876+0000] {logging_mixin.py:188} INFO - [2024-05-05T15:47:03.876+0000] {dagbag.py:540} INFO - Filling up the DagBag from /home/airflow/.local/lib/python3.12/site-packages/airflow/example_dags/example_latest_only_with_trigger.py
[2024-05-05T15:47:03.882+0000] {processor.py:840} INFO - DAG(s) 'latest_only_with_trigger' retrieved from /home/airflow/.local/lib/python3.12/site-packages/airflow/example_dags/example_latest_only_with_trigger.py
[2024-05-05T15:47:03.904+0000] {logging_mixin.py:188} INFO - [2024-05-05T15:47:03.904+0000] {dag.py:3096} INFO - Sync 1 DAGs
[2024-05-05T15:47:03.941+0000] {logging_mixin.py:188} INFO - [2024-05-05T15:47:03.941+0000] {dag.py:3954} INFO - Setting next_dagrun for latest_only_with_trigger to 2024-05-05 08:00:00+00:00, run_after=2024-05-05 12:00:00+00:00
[2024-05-05T15:47:03.968+0000] {processor.py:183} INFO - Processing /home/airflow/.local/lib/python3.12/site-packages/airflow/example_dags/example_latest_only_with_trigger.py took 0.101 seconds
[2024-05-05T15:47:34.088+0000] {processor.py:161} INFO - Started process (PID=1663) to work on /home/airflow/.local/lib/python3.12/site-packages/airflow/example_dags/example_latest_only_with_trigger.py
[2024-05-05T15:47:34.089+0000] {processor.py:830} INFO - Processing file /home/airflow/.local/lib/python3.12/site-packages/airflow/example_dags/example_latest_only_with_trigger.py for tasks to queue
[2024-05-05T15:47:34.091+0000] {logging_mixin.py:188} INFO - [2024-05-05T15:47:34.090+0000] {dagbag.py:540} INFO - Filling up the DagBag from /home/airflow/.local/lib/python3.12/site-packages/airflow/example_dags/example_latest_only_with_trigger.py
[2024-05-05T15:47:34.098+0000] {processor.py:840} INFO - DAG(s) 'latest_only_with_trigger' retrieved from /home/airflow/.local/lib/python3.12/site-packages/airflow/example_dags/example_latest_only_with_trigger.py
[2024-05-05T15:47:34.127+0000] {logging_mixin.py:188} INFO - [2024-05-05T15:47:34.127+0000] {dag.py:3096} INFO - Sync 1 DAGs
[2024-05-05T15:47:34.157+0000] {logging_mixin.py:188} INFO - [2024-05-05T15:47:34.156+0000] {dag.py:3954} INFO - Setting next_dagrun for latest_only_with_trigger to 2024-05-05 08:00:00+00:00, run_after=2024-05-05 12:00:00+00:00
[2024-05-05T15:47:34.183+0000] {processor.py:183} INFO - Processing /home/airflow/.local/lib/python3.12/site-packages/airflow/example_dags/example_latest_only_with_trigger.py took 0.102 seconds
[2024-05-05T15:48:05.175+0000] {processor.py:161} INFO - Started process (PID=1722) to work on /home/airflow/.local/lib/python3.12/site-packages/airflow/example_dags/example_latest_only_with_trigger.py
[2024-05-05T15:48:05.196+0000] {processor.py:830} INFO - Processing file /home/airflow/.local/lib/python3.12/site-packages/airflow/example_dags/example_latest_only_with_trigger.py for tasks to queue
[2024-05-05T15:48:05.202+0000] {logging_mixin.py:188} INFO - [2024-05-05T15:48:05.197+0000] {dagbag.py:540} INFO - Filling up the DagBag from /home/airflow/.local/lib/python3.12/site-packages/airflow/example_dags/example_latest_only_with_trigger.py
[2024-05-05T15:48:05.218+0000] {processor.py:840} INFO - DAG(s) 'latest_only_with_trigger' retrieved from /home/airflow/.local/lib/python3.12/site-packages/airflow/example_dags/example_latest_only_with_trigger.py
[2024-05-05T15:48:05.312+0000] {logging_mixin.py:188} INFO - [2024-05-05T15:48:05.311+0000] {dag.py:3096} INFO - Sync 1 DAGs
[2024-05-05T15:48:05.421+0000] {logging_mixin.py:188} INFO - [2024-05-05T15:48:05.421+0000] {dag.py:3954} INFO - Setting next_dagrun for latest_only_with_trigger to 2024-05-05 08:00:00+00:00, run_after=2024-05-05 12:00:00+00:00
[2024-05-05T15:48:05.530+0000] {processor.py:183} INFO - Processing /home/airflow/.local/lib/python3.12/site-packages/airflow/example_dags/example_latest_only_with_trigger.py took 0.377 seconds
[2024-05-05T15:48:35.962+0000] {processor.py:161} INFO - Started process (PID=1782) to work on /home/airflow/.local/lib/python3.12/site-packages/airflow/example_dags/example_latest_only_with_trigger.py
[2024-05-05T15:48:35.967+0000] {processor.py:830} INFO - Processing file /home/airflow/.local/lib/python3.12/site-packages/airflow/example_dags/example_latest_only_with_trigger.py for tasks to queue
[2024-05-05T15:48:35.972+0000] {logging_mixin.py:188} INFO - [2024-05-05T15:48:35.971+0000] {dagbag.py:540} INFO - Filling up the DagBag from /home/airflow/.local/lib/python3.12/site-packages/airflow/example_dags/example_latest_only_with_trigger.py
[2024-05-05T15:48:36.002+0000] {processor.py:840} INFO - DAG(s) 'latest_only_with_trigger' retrieved from /home/airflow/.local/lib/python3.12/site-packages/airflow/example_dags/example_latest_only_with_trigger.py
[2024-05-05T15:48:36.130+0000] {logging_mixin.py:188} INFO - [2024-05-05T15:48:36.129+0000] {dag.py:3096} INFO - Sync 1 DAGs
[2024-05-05T15:48:36.314+0000] {logging_mixin.py:188} INFO - [2024-05-05T15:48:36.313+0000] {dag.py:3954} INFO - Setting next_dagrun for latest_only_with_trigger to 2024-05-05 08:00:00+00:00, run_after=2024-05-05 12:00:00+00:00
[2024-05-05T15:48:36.512+0000] {processor.py:183} INFO - Processing /home/airflow/.local/lib/python3.12/site-packages/airflow/example_dags/example_latest_only_with_trigger.py took 0.590 seconds
[2024-05-05T15:49:07.028+0000] {processor.py:161} INFO - Started process (PID=1841) to work on /home/airflow/.local/lib/python3.12/site-packages/airflow/example_dags/example_latest_only_with_trigger.py
[2024-05-05T15:49:07.029+0000] {processor.py:830} INFO - Processing file /home/airflow/.local/lib/python3.12/site-packages/airflow/example_dags/example_latest_only_with_trigger.py for tasks to queue
[2024-05-05T15:49:07.031+0000] {logging_mixin.py:188} INFO - [2024-05-05T15:49:07.030+0000] {dagbag.py:540} INFO - Filling up the DagBag from /home/airflow/.local/lib/python3.12/site-packages/airflow/example_dags/example_latest_only_with_trigger.py
[2024-05-05T15:49:07.036+0000] {processor.py:840} INFO - DAG(s) 'latest_only_with_trigger' retrieved from /home/airflow/.local/lib/python3.12/site-packages/airflow/example_dags/example_latest_only_with_trigger.py
[2024-05-05T15:49:07.065+0000] {logging_mixin.py:188} INFO - [2024-05-05T15:49:07.065+0000] {dag.py:3096} INFO - Sync 1 DAGs
[2024-05-05T15:49:07.093+0000] {logging_mixin.py:188} INFO - [2024-05-05T15:49:07.092+0000] {dag.py:3954} INFO - Setting next_dagrun for latest_only_with_trigger to 2024-05-05 08:00:00+00:00, run_after=2024-05-05 12:00:00+00:00
[2024-05-05T15:49:07.116+0000] {processor.py:183} INFO - Processing /home/airflow/.local/lib/python3.12/site-packages/airflow/example_dags/example_latest_only_with_trigger.py took 0.101 seconds
[2024-05-05T15:49:37.857+0000] {processor.py:161} INFO - Started process (PID=1900) to work on /home/airflow/.local/lib/python3.12/site-packages/airflow/example_dags/example_latest_only_with_trigger.py
[2024-05-05T15:49:37.858+0000] {processor.py:830} INFO - Processing file /home/airflow/.local/lib/python3.12/site-packages/airflow/example_dags/example_latest_only_with_trigger.py for tasks to queue
[2024-05-05T15:49:37.860+0000] {logging_mixin.py:188} INFO - [2024-05-05T15:49:37.859+0000] {dagbag.py:540} INFO - Filling up the DagBag from /home/airflow/.local/lib/python3.12/site-packages/airflow/example_dags/example_latest_only_with_trigger.py
[2024-05-05T15:49:37.866+0000] {processor.py:840} INFO - DAG(s) 'latest_only_with_trigger' retrieved from /home/airflow/.local/lib/python3.12/site-packages/airflow/example_dags/example_latest_only_with_trigger.py
[2024-05-05T15:49:37.892+0000] {logging_mixin.py:188} INFO - [2024-05-05T15:49:37.892+0000] {dag.py:3096} INFO - Sync 1 DAGs
[2024-05-05T15:49:37.919+0000] {logging_mixin.py:188} INFO - [2024-05-05T15:49:37.919+0000] {dag.py:3954} INFO - Setting next_dagrun for latest_only_with_trigger to 2024-05-05 08:00:00+00:00, run_after=2024-05-05 12:00:00+00:00
[2024-05-05T15:49:37.946+0000] {processor.py:183} INFO - Processing /home/airflow/.local/lib/python3.12/site-packages/airflow/example_dags/example_latest_only_with_trigger.py took 0.097 seconds
[2024-05-05T15:50:08.376+0000] {processor.py:161} INFO - Started process (PID=1959) to work on /home/airflow/.local/lib/python3.12/site-packages/airflow/example_dags/example_latest_only_with_trigger.py
[2024-05-05T15:50:08.377+0000] {processor.py:830} INFO - Processing file /home/airflow/.local/lib/python3.12/site-packages/airflow/example_dags/example_latest_only_with_trigger.py for tasks to queue
[2024-05-05T15:50:08.378+0000] {logging_mixin.py:188} INFO - [2024-05-05T15:50:08.378+0000] {dagbag.py:540} INFO - Filling up the DagBag from /home/airflow/.local/lib/python3.12/site-packages/airflow/example_dags/example_latest_only_with_trigger.py
[2024-05-05T15:50:08.384+0000] {processor.py:840} INFO - DAG(s) 'latest_only_with_trigger' retrieved from /home/airflow/.local/lib/python3.12/site-packages/airflow/example_dags/example_latest_only_with_trigger.py
[2024-05-05T15:50:08.408+0000] {logging_mixin.py:188} INFO - [2024-05-05T15:50:08.408+0000] {dag.py:3096} INFO - Sync 1 DAGs
[2024-05-05T15:50:08.439+0000] {logging_mixin.py:188} INFO - [2024-05-05T15:50:08.439+0000] {dag.py:3954} INFO - Setting next_dagrun for latest_only_with_trigger to 2024-05-05 08:00:00+00:00, run_after=2024-05-05 12:00:00+00:00
[2024-05-05T15:50:08.466+0000] {processor.py:183} INFO - Processing /home/airflow/.local/lib/python3.12/site-packages/airflow/example_dags/example_latest_only_with_trigger.py took 0.097 seconds
[2024-05-05T15:50:39.192+0000] {processor.py:161} INFO - Started process (PID=2018) to work on /home/airflow/.local/lib/python3.12/site-packages/airflow/example_dags/example_latest_only_with_trigger.py
[2024-05-05T15:50:39.193+0000] {processor.py:830} INFO - Processing file /home/airflow/.local/lib/python3.12/site-packages/airflow/example_dags/example_latest_only_with_trigger.py for tasks to queue
[2024-05-05T15:50:39.194+0000] {logging_mixin.py:188} INFO - [2024-05-05T15:50:39.194+0000] {dagbag.py:540} INFO - Filling up the DagBag from /home/airflow/.local/lib/python3.12/site-packages/airflow/example_dags/example_latest_only_with_trigger.py
[2024-05-05T15:50:39.200+0000] {processor.py:840} INFO - DAG(s) 'latest_only_with_trigger' retrieved from /home/airflow/.local/lib/python3.12/site-packages/airflow/example_dags/example_latest_only_with_trigger.py
[2024-05-05T15:50:39.242+0000] {logging_mixin.py:188} INFO - [2024-05-05T15:50:39.242+0000] {dag.py:3096} INFO - Sync 1 DAGs
[2024-05-05T15:50:39.284+0000] {logging_mixin.py:188} INFO - [2024-05-05T15:50:39.284+0000] {dag.py:3954} INFO - Setting next_dagrun for latest_only_with_trigger to 2024-05-05 08:00:00+00:00, run_after=2024-05-05 12:00:00+00:00
[2024-05-05T15:50:39.310+0000] {processor.py:183} INFO - Processing /home/airflow/.local/lib/python3.12/site-packages/airflow/example_dags/example_latest_only_with_trigger.py took 0.126 seconds
[2024-05-05T15:51:09.990+0000] {processor.py:161} INFO - Started process (PID=2076) to work on /home/airflow/.local/lib/python3.12/site-packages/airflow/example_dags/example_latest_only_with_trigger.py
[2024-05-05T15:51:09.991+0000] {processor.py:830} INFO - Processing file /home/airflow/.local/lib/python3.12/site-packages/airflow/example_dags/example_latest_only_with_trigger.py for tasks to queue
[2024-05-05T15:51:09.992+0000] {logging_mixin.py:188} INFO - [2024-05-05T15:51:09.992+0000] {dagbag.py:540} INFO - Filling up the DagBag from /home/airflow/.local/lib/python3.12/site-packages/airflow/example_dags/example_latest_only_with_trigger.py
[2024-05-05T15:51:09.998+0000] {processor.py:840} INFO - DAG(s) 'latest_only_with_trigger' retrieved from /home/airflow/.local/lib/python3.12/site-packages/airflow/example_dags/example_latest_only_with_trigger.py
[2024-05-05T15:51:10.021+0000] {logging_mixin.py:188} INFO - [2024-05-05T15:51:10.021+0000] {dag.py:3096} INFO - Sync 1 DAGs
[2024-05-05T15:51:10.050+0000] {logging_mixin.py:188} INFO - [2024-05-05T15:51:10.050+0000] {dag.py:3954} INFO - Setting next_dagrun for latest_only_with_trigger to 2024-05-05 08:00:00+00:00, run_after=2024-05-05 12:00:00+00:00
[2024-05-05T15:51:10.076+0000] {processor.py:183} INFO - Processing /home/airflow/.local/lib/python3.12/site-packages/airflow/example_dags/example_latest_only_with_trigger.py took 0.093 seconds
[2024-05-05T15:51:40.385+0000] {processor.py:161} INFO - Started process (PID=2135) to work on /home/airflow/.local/lib/python3.12/site-packages/airflow/example_dags/example_latest_only_with_trigger.py
[2024-05-05T15:51:40.386+0000] {processor.py:830} INFO - Processing file /home/airflow/.local/lib/python3.12/site-packages/airflow/example_dags/example_latest_only_with_trigger.py for tasks to queue
[2024-05-05T15:51:40.388+0000] {logging_mixin.py:188} INFO - [2024-05-05T15:51:40.387+0000] {dagbag.py:540} INFO - Filling up the DagBag from /home/airflow/.local/lib/python3.12/site-packages/airflow/example_dags/example_latest_only_with_trigger.py
[2024-05-05T15:51:40.393+0000] {processor.py:840} INFO - DAG(s) 'latest_only_with_trigger' retrieved from /home/airflow/.local/lib/python3.12/site-packages/airflow/example_dags/example_latest_only_with_trigger.py
[2024-05-05T15:51:40.418+0000] {logging_mixin.py:188} INFO - [2024-05-05T15:51:40.418+0000] {dag.py:3096} INFO - Sync 1 DAGs
[2024-05-05T15:51:40.444+0000] {logging_mixin.py:188} INFO - [2024-05-05T15:51:40.444+0000] {dag.py:3954} INFO - Setting next_dagrun for latest_only_with_trigger to 2024-05-05 08:00:00+00:00, run_after=2024-05-05 12:00:00+00:00
[2024-05-05T15:51:40.475+0000] {processor.py:183} INFO - Processing /home/airflow/.local/lib/python3.12/site-packages/airflow/example_dags/example_latest_only_with_trigger.py took 0.097 seconds
[2024-05-05T15:52:10.708+0000] {processor.py:161} INFO - Started process (PID=2195) to work on /home/airflow/.local/lib/python3.12/site-packages/airflow/example_dags/example_latest_only_with_trigger.py
[2024-05-05T15:52:10.709+0000] {processor.py:830} INFO - Processing file /home/airflow/.local/lib/python3.12/site-packages/airflow/example_dags/example_latest_only_with_trigger.py for tasks to queue
[2024-05-05T15:52:10.711+0000] {logging_mixin.py:188} INFO - [2024-05-05T15:52:10.710+0000] {dagbag.py:540} INFO - Filling up the DagBag from /home/airflow/.local/lib/python3.12/site-packages/airflow/example_dags/example_latest_only_with_trigger.py
[2024-05-05T15:52:10.716+0000] {processor.py:840} INFO - DAG(s) 'latest_only_with_trigger' retrieved from /home/airflow/.local/lib/python3.12/site-packages/airflow/example_dags/example_latest_only_with_trigger.py
[2024-05-05T15:52:10.741+0000] {logging_mixin.py:188} INFO - [2024-05-05T15:52:10.741+0000] {dag.py:3096} INFO - Sync 1 DAGs
[2024-05-05T15:52:10.768+0000] {logging_mixin.py:188} INFO - [2024-05-05T15:52:10.768+0000] {dag.py:3954} INFO - Setting next_dagrun for latest_only_with_trigger to 2024-05-05 08:00:00+00:00, run_after=2024-05-05 12:00:00+00:00
[2024-05-05T15:52:10.793+0000] {processor.py:183} INFO - Processing /home/airflow/.local/lib/python3.12/site-packages/airflow/example_dags/example_latest_only_with_trigger.py took 0.092 seconds
[2024-05-05T15:52:41.017+0000] {processor.py:161} INFO - Started process (PID=2254) to work on /home/airflow/.local/lib/python3.12/site-packages/airflow/example_dags/example_latest_only_with_trigger.py
[2024-05-05T15:52:41.024+0000] {processor.py:830} INFO - Processing file /home/airflow/.local/lib/python3.12/site-packages/airflow/example_dags/example_latest_only_with_trigger.py for tasks to queue
[2024-05-05T15:52:41.033+0000] {logging_mixin.py:188} INFO - [2024-05-05T15:52:41.032+0000] {dagbag.py:540} INFO - Filling up the DagBag from /home/airflow/.local/lib/python3.12/site-packages/airflow/example_dags/example_latest_only_with_trigger.py
[2024-05-05T15:52:41.064+0000] {processor.py:840} INFO - DAG(s) 'latest_only_with_trigger' retrieved from /home/airflow/.local/lib/python3.12/site-packages/airflow/example_dags/example_latest_only_with_trigger.py
[2024-05-05T15:52:41.186+0000] {logging_mixin.py:188} INFO - [2024-05-05T15:52:41.186+0000] {dag.py:3096} INFO - Sync 1 DAGs
[2024-05-05T15:52:41.379+0000] {logging_mixin.py:188} INFO - [2024-05-05T15:52:41.379+0000] {dag.py:3954} INFO - Setting next_dagrun for latest_only_with_trigger to 2024-05-05 08:00:00+00:00, run_after=2024-05-05 12:00:00+00:00
[2024-05-05T15:52:41.452+0000] {processor.py:183} INFO - Processing /home/airflow/.local/lib/python3.12/site-packages/airflow/example_dags/example_latest_only_with_trigger.py took 0.457 seconds
[2024-05-05T15:53:12.258+0000] {processor.py:161} INFO - Started process (PID=2313) to work on /home/airflow/.local/lib/python3.12/site-packages/airflow/example_dags/example_latest_only_with_trigger.py
[2024-05-05T15:53:12.259+0000] {processor.py:830} INFO - Processing file /home/airflow/.local/lib/python3.12/site-packages/airflow/example_dags/example_latest_only_with_trigger.py for tasks to queue
[2024-05-05T15:53:12.261+0000] {logging_mixin.py:188} INFO - [2024-05-05T15:53:12.260+0000] {dagbag.py:540} INFO - Filling up the DagBag from /home/airflow/.local/lib/python3.12/site-packages/airflow/example_dags/example_latest_only_with_trigger.py
[2024-05-05T15:53:12.267+0000] {processor.py:840} INFO - DAG(s) 'latest_only_with_trigger' retrieved from /home/airflow/.local/lib/python3.12/site-packages/airflow/example_dags/example_latest_only_with_trigger.py
[2024-05-05T15:53:12.293+0000] {logging_mixin.py:188} INFO - [2024-05-05T15:53:12.293+0000] {dag.py:3096} INFO - Sync 1 DAGs
[2024-05-05T15:53:12.320+0000] {logging_mixin.py:188} INFO - [2024-05-05T15:53:12.320+0000] {dag.py:3954} INFO - Setting next_dagrun for latest_only_with_trigger to 2024-05-05 08:00:00+00:00, run_after=2024-05-05 12:00:00+00:00
[2024-05-05T15:53:12.347+0000] {processor.py:183} INFO - Processing /home/airflow/.local/lib/python3.12/site-packages/airflow/example_dags/example_latest_only_with_trigger.py took 0.096 seconds
[2024-05-05T15:53:42.770+0000] {processor.py:161} INFO - Started process (PID=2373) to work on /home/airflow/.local/lib/python3.12/site-packages/airflow/example_dags/example_latest_only_with_trigger.py
[2024-05-05T15:53:42.771+0000] {processor.py:830} INFO - Processing file /home/airflow/.local/lib/python3.12/site-packages/airflow/example_dags/example_latest_only_with_trigger.py for tasks to queue
[2024-05-05T15:53:42.773+0000] {logging_mixin.py:188} INFO - [2024-05-05T15:53:42.773+0000] {dagbag.py:540} INFO - Filling up the DagBag from /home/airflow/.local/lib/python3.12/site-packages/airflow/example_dags/example_latest_only_with_trigger.py
[2024-05-05T15:53:42.779+0000] {processor.py:840} INFO - DAG(s) 'latest_only_with_trigger' retrieved from /home/airflow/.local/lib/python3.12/site-packages/airflow/example_dags/example_latest_only_with_trigger.py
[2024-05-05T15:53:42.839+0000] {logging_mixin.py:188} INFO - [2024-05-05T15:53:42.839+0000] {dag.py:3096} INFO - Sync 1 DAGs
[2024-05-05T15:53:42.893+0000] {logging_mixin.py:188} INFO - [2024-05-05T15:53:42.892+0000] {dag.py:3954} INFO - Setting next_dagrun for latest_only_with_trigger to 2024-05-05 08:00:00+00:00, run_after=2024-05-05 12:00:00+00:00
[2024-05-05T15:53:42.933+0000] {processor.py:183} INFO - Processing /home/airflow/.local/lib/python3.12/site-packages/airflow/example_dags/example_latest_only_with_trigger.py took 0.169 seconds
[2024-05-05T15:54:13.862+0000] {processor.py:161} INFO - Started process (PID=2434) to work on /home/airflow/.local/lib/python3.12/site-packages/airflow/example_dags/example_latest_only_with_trigger.py
[2024-05-05T15:54:13.863+0000] {processor.py:830} INFO - Processing file /home/airflow/.local/lib/python3.12/site-packages/airflow/example_dags/example_latest_only_with_trigger.py for tasks to queue
[2024-05-05T15:54:13.865+0000] {logging_mixin.py:188} INFO - [2024-05-05T15:54:13.865+0000] {dagbag.py:540} INFO - Filling up the DagBag from /home/airflow/.local/lib/python3.12/site-packages/airflow/example_dags/example_latest_only_with_trigger.py
[2024-05-05T15:54:13.870+0000] {processor.py:840} INFO - DAG(s) 'latest_only_with_trigger' retrieved from /home/airflow/.local/lib/python3.12/site-packages/airflow/example_dags/example_latest_only_with_trigger.py
[2024-05-05T15:54:13.892+0000] {logging_mixin.py:188} INFO - [2024-05-05T15:54:13.892+0000] {dag.py:3096} INFO - Sync 1 DAGs
[2024-05-05T15:54:13.919+0000] {logging_mixin.py:188} INFO - [2024-05-05T15:54:13.919+0000] {dag.py:3954} INFO - Setting next_dagrun for latest_only_with_trigger to 2024-05-05 08:00:00+00:00, run_after=2024-05-05 12:00:00+00:00
[2024-05-05T15:54:13.957+0000] {processor.py:183} INFO - Processing /home/airflow/.local/lib/python3.12/site-packages/airflow/example_dags/example_latest_only_with_trigger.py took 0.102 seconds
[2024-05-05T15:54:44.494+0000] {processor.py:161} INFO - Started process (PID=2494) to work on /home/airflow/.local/lib/python3.12/site-packages/airflow/example_dags/example_latest_only_with_trigger.py
[2024-05-05T15:54:44.495+0000] {processor.py:830} INFO - Processing file /home/airflow/.local/lib/python3.12/site-packages/airflow/example_dags/example_latest_only_with_trigger.py for tasks to queue
[2024-05-05T15:54:44.496+0000] {logging_mixin.py:188} INFO - [2024-05-05T15:54:44.496+0000] {dagbag.py:540} INFO - Filling up the DagBag from /home/airflow/.local/lib/python3.12/site-packages/airflow/example_dags/example_latest_only_with_trigger.py
[2024-05-05T15:54:44.501+0000] {processor.py:840} INFO - DAG(s) 'latest_only_with_trigger' retrieved from /home/airflow/.local/lib/python3.12/site-packages/airflow/example_dags/example_latest_only_with_trigger.py
[2024-05-05T15:54:44.524+0000] {logging_mixin.py:188} INFO - [2024-05-05T15:54:44.523+0000] {dag.py:3096} INFO - Sync 1 DAGs
[2024-05-05T15:54:44.551+0000] {logging_mixin.py:188} INFO - [2024-05-05T15:54:44.550+0000] {dag.py:3954} INFO - Setting next_dagrun for latest_only_with_trigger to 2024-05-05 08:00:00+00:00, run_after=2024-05-05 12:00:00+00:00
[2024-05-05T15:54:44.575+0000] {processor.py:183} INFO - Processing /home/airflow/.local/lib/python3.12/site-packages/airflow/example_dags/example_latest_only_with_trigger.py took 0.089 seconds
[2024-05-05T15:55:15.157+0000] {processor.py:161} INFO - Started process (PID=2554) to work on /home/airflow/.local/lib/python3.12/site-packages/airflow/example_dags/example_latest_only_with_trigger.py
[2024-05-05T15:55:15.157+0000] {processor.py:830} INFO - Processing file /home/airflow/.local/lib/python3.12/site-packages/airflow/example_dags/example_latest_only_with_trigger.py for tasks to queue
[2024-05-05T15:55:15.159+0000] {logging_mixin.py:188} INFO - [2024-05-05T15:55:15.158+0000] {dagbag.py:540} INFO - Filling up the DagBag from /home/airflow/.local/lib/python3.12/site-packages/airflow/example_dags/example_latest_only_with_trigger.py
[2024-05-05T15:55:15.164+0000] {processor.py:840} INFO - DAG(s) 'latest_only_with_trigger' retrieved from /home/airflow/.local/lib/python3.12/site-packages/airflow/example_dags/example_latest_only_with_trigger.py
[2024-05-05T15:55:15.187+0000] {logging_mixin.py:188} INFO - [2024-05-05T15:55:15.186+0000] {dag.py:3096} INFO - Sync 1 DAGs
[2024-05-05T15:55:15.216+0000] {logging_mixin.py:188} INFO - [2024-05-05T15:55:15.215+0000] {dag.py:3954} INFO - Setting next_dagrun for latest_only_with_trigger to 2024-05-05 08:00:00+00:00, run_after=2024-05-05 12:00:00+00:00
[2024-05-05T15:55:15.240+0000] {processor.py:183} INFO - Processing /home/airflow/.local/lib/python3.12/site-packages/airflow/example_dags/example_latest_only_with_trigger.py took 0.090 seconds
[2024-05-05T15:55:46.053+0000] {processor.py:161} INFO - Started process (PID=2614) to work on /home/airflow/.local/lib/python3.12/site-packages/airflow/example_dags/example_latest_only_with_trigger.py
[2024-05-05T15:55:46.054+0000] {processor.py:830} INFO - Processing file /home/airflow/.local/lib/python3.12/site-packages/airflow/example_dags/example_latest_only_with_trigger.py for tasks to queue
[2024-05-05T15:55:46.056+0000] {logging_mixin.py:188} INFO - [2024-05-05T15:55:46.055+0000] {dagbag.py:540} INFO - Filling up the DagBag from /home/airflow/.local/lib/python3.12/site-packages/airflow/example_dags/example_latest_only_with_trigger.py
[2024-05-05T15:55:46.060+0000] {processor.py:840} INFO - DAG(s) 'latest_only_with_trigger' retrieved from /home/airflow/.local/lib/python3.12/site-packages/airflow/example_dags/example_latest_only_with_trigger.py
[2024-05-05T15:55:46.084+0000] {logging_mixin.py:188} INFO - [2024-05-05T15:55:46.084+0000] {dag.py:3096} INFO - Sync 1 DAGs
[2024-05-05T15:55:46.114+0000] {logging_mixin.py:188} INFO - [2024-05-05T15:55:46.114+0000] {dag.py:3954} INFO - Setting next_dagrun for latest_only_with_trigger to 2024-05-05 08:00:00+00:00, run_after=2024-05-05 12:00:00+00:00
[2024-05-05T15:55:46.140+0000] {processor.py:183} INFO - Processing /home/airflow/.local/lib/python3.12/site-packages/airflow/example_dags/example_latest_only_with_trigger.py took 0.097 seconds
[2024-05-05T15:56:17.009+0000] {processor.py:161} INFO - Started process (PID=2674) to work on /home/airflow/.local/lib/python3.12/site-packages/airflow/example_dags/example_latest_only_with_trigger.py
[2024-05-05T15:56:17.010+0000] {processor.py:830} INFO - Processing file /home/airflow/.local/lib/python3.12/site-packages/airflow/example_dags/example_latest_only_with_trigger.py for tasks to queue
[2024-05-05T15:56:17.022+0000] {logging_mixin.py:188} INFO - [2024-05-05T15:56:17.022+0000] {dagbag.py:540} INFO - Filling up the DagBag from /home/airflow/.local/lib/python3.12/site-packages/airflow/example_dags/example_latest_only_with_trigger.py
[2024-05-05T15:56:17.028+0000] {processor.py:840} INFO - DAG(s) 'latest_only_with_trigger' retrieved from /home/airflow/.local/lib/python3.12/site-packages/airflow/example_dags/example_latest_only_with_trigger.py
[2024-05-05T15:56:17.103+0000] {logging_mixin.py:188} INFO - [2024-05-05T15:56:17.099+0000] {dag.py:3096} INFO - Sync 1 DAGs
[2024-05-05T15:56:17.252+0000] {logging_mixin.py:188} INFO - [2024-05-05T15:56:17.252+0000] {dag.py:3954} INFO - Setting next_dagrun for latest_only_with_trigger to 2024-05-05 08:00:00+00:00, run_after=2024-05-05 12:00:00+00:00
[2024-05-05T15:56:17.358+0000] {processor.py:183} INFO - Processing /home/airflow/.local/lib/python3.12/site-packages/airflow/example_dags/example_latest_only_with_trigger.py took 0.369 seconds
[2024-05-05T15:56:48.057+0000] {processor.py:161} INFO - Started process (PID=2734) to work on /home/airflow/.local/lib/python3.12/site-packages/airflow/example_dags/example_latest_only_with_trigger.py
[2024-05-05T15:56:48.058+0000] {processor.py:830} INFO - Processing file /home/airflow/.local/lib/python3.12/site-packages/airflow/example_dags/example_latest_only_with_trigger.py for tasks to queue
[2024-05-05T15:56:48.065+0000] {logging_mixin.py:188} INFO - [2024-05-05T15:56:48.065+0000] {dagbag.py:540} INFO - Filling up the DagBag from /home/airflow/.local/lib/python3.12/site-packages/airflow/example_dags/example_latest_only_with_trigger.py
[2024-05-05T15:56:48.073+0000] {processor.py:840} INFO - DAG(s) 'latest_only_with_trigger' retrieved from /home/airflow/.local/lib/python3.12/site-packages/airflow/example_dags/example_latest_only_with_trigger.py
[2024-05-05T15:56:48.156+0000] {logging_mixin.py:188} INFO - [2024-05-05T15:56:48.156+0000] {dag.py:3096} INFO - Sync 1 DAGs
[2024-05-05T15:56:48.215+0000] {logging_mixin.py:188} INFO - [2024-05-05T15:56:48.214+0000] {dag.py:3954} INFO - Setting next_dagrun for latest_only_with_trigger to 2024-05-05 08:00:00+00:00, run_after=2024-05-05 12:00:00+00:00
[2024-05-05T15:56:48.270+0000] {processor.py:183} INFO - Processing /home/airflow/.local/lib/python3.12/site-packages/airflow/example_dags/example_latest_only_with_trigger.py took 0.222 seconds
[2024-05-05T15:57:18.681+0000] {processor.py:161} INFO - Started process (PID=2794) to work on /home/airflow/.local/lib/python3.12/site-packages/airflow/example_dags/example_latest_only_with_trigger.py
[2024-05-05T15:57:18.682+0000] {processor.py:830} INFO - Processing file /home/airflow/.local/lib/python3.12/site-packages/airflow/example_dags/example_latest_only_with_trigger.py for tasks to queue
[2024-05-05T15:57:18.683+0000] {logging_mixin.py:188} INFO - [2024-05-05T15:57:18.683+0000] {dagbag.py:540} INFO - Filling up the DagBag from /home/airflow/.local/lib/python3.12/site-packages/airflow/example_dags/example_latest_only_with_trigger.py
[2024-05-05T15:57:18.689+0000] {processor.py:840} INFO - DAG(s) 'latest_only_with_trigger' retrieved from /home/airflow/.local/lib/python3.12/site-packages/airflow/example_dags/example_latest_only_with_trigger.py
[2024-05-05T15:57:18.713+0000] {logging_mixin.py:188} INFO - [2024-05-05T15:57:18.713+0000] {dag.py:3096} INFO - Sync 1 DAGs
[2024-05-05T15:57:18.741+0000] {logging_mixin.py:188} INFO - [2024-05-05T15:57:18.740+0000] {dag.py:3954} INFO - Setting next_dagrun for latest_only_with_trigger to 2024-05-05 08:00:00+00:00, run_after=2024-05-05 12:00:00+00:00
[2024-05-05T15:57:18.767+0000] {processor.py:183} INFO - Processing /home/airflow/.local/lib/python3.12/site-packages/airflow/example_dags/example_latest_only_with_trigger.py took 0.092 seconds
[2024-05-05T15:57:49.073+0000] {processor.py:161} INFO - Started process (PID=2854) to work on /home/airflow/.local/lib/python3.12/site-packages/airflow/example_dags/example_latest_only_with_trigger.py
[2024-05-05T15:57:49.073+0000] {processor.py:830} INFO - Processing file /home/airflow/.local/lib/python3.12/site-packages/airflow/example_dags/example_latest_only_with_trigger.py for tasks to queue
[2024-05-05T15:57:49.075+0000] {logging_mixin.py:188} INFO - [2024-05-05T15:57:49.074+0000] {dagbag.py:540} INFO - Filling up the DagBag from /home/airflow/.local/lib/python3.12/site-packages/airflow/example_dags/example_latest_only_with_trigger.py
[2024-05-05T15:57:49.080+0000] {processor.py:840} INFO - DAG(s) 'latest_only_with_trigger' retrieved from /home/airflow/.local/lib/python3.12/site-packages/airflow/example_dags/example_latest_only_with_trigger.py
[2024-05-05T15:57:49.104+0000] {logging_mixin.py:188} INFO - [2024-05-05T15:57:49.103+0000] {dag.py:3096} INFO - Sync 1 DAGs
[2024-05-05T15:57:49.131+0000] {logging_mixin.py:188} INFO - [2024-05-05T15:57:49.129+0000] {dag.py:3954} INFO - Setting next_dagrun for latest_only_with_trigger to 2024-05-05 08:00:00+00:00, run_after=2024-05-05 12:00:00+00:00
[2024-05-05T15:57:49.156+0000] {processor.py:183} INFO - Processing /home/airflow/.local/lib/python3.12/site-packages/airflow/example_dags/example_latest_only_with_trigger.py took 0.094 seconds
[2024-05-05T15:58:19.548+0000] {processor.py:161} INFO - Started process (PID=2916) to work on /home/airflow/.local/lib/python3.12/site-packages/airflow/example_dags/example_latest_only_with_trigger.py
[2024-05-05T15:58:19.551+0000] {processor.py:830} INFO - Processing file /home/airflow/.local/lib/python3.12/site-packages/airflow/example_dags/example_latest_only_with_trigger.py for tasks to queue
[2024-05-05T15:58:19.556+0000] {logging_mixin.py:188} INFO - [2024-05-05T15:58:19.555+0000] {dagbag.py:540} INFO - Filling up the DagBag from /home/airflow/.local/lib/python3.12/site-packages/airflow/example_dags/example_latest_only_with_trigger.py
[2024-05-05T15:58:19.566+0000] {processor.py:840} INFO - DAG(s) 'latest_only_with_trigger' retrieved from /home/airflow/.local/lib/python3.12/site-packages/airflow/example_dags/example_latest_only_with_trigger.py
[2024-05-05T15:58:19.592+0000] {logging_mixin.py:188} INFO - [2024-05-05T15:58:19.592+0000] {dag.py:3096} INFO - Sync 1 DAGs
[2024-05-05T15:58:19.619+0000] {logging_mixin.py:188} INFO - [2024-05-05T15:58:19.619+0000] {dag.py:3954} INFO - Setting next_dagrun for latest_only_with_trigger to 2024-05-05 08:00:00+00:00, run_after=2024-05-05 12:00:00+00:00
[2024-05-05T15:58:19.648+0000] {processor.py:183} INFO - Processing /home/airflow/.local/lib/python3.12/site-packages/airflow/example_dags/example_latest_only_with_trigger.py took 0.119 seconds
[2024-05-05T15:58:50.597+0000] {processor.py:161} INFO - Started process (PID=2977) to work on /home/airflow/.local/lib/python3.12/site-packages/airflow/example_dags/example_latest_only_with_trigger.py
[2024-05-05T15:58:50.604+0000] {processor.py:830} INFO - Processing file /home/airflow/.local/lib/python3.12/site-packages/airflow/example_dags/example_latest_only_with_trigger.py for tasks to queue
[2024-05-05T15:58:50.619+0000] {logging_mixin.py:188} INFO - [2024-05-05T15:58:50.618+0000] {dagbag.py:540} INFO - Filling up the DagBag from /home/airflow/.local/lib/python3.12/site-packages/airflow/example_dags/example_latest_only_with_trigger.py
[2024-05-05T15:58:50.631+0000] {processor.py:840} INFO - DAG(s) 'latest_only_with_trigger' retrieved from /home/airflow/.local/lib/python3.12/site-packages/airflow/example_dags/example_latest_only_with_trigger.py
[2024-05-05T15:58:50.756+0000] {logging_mixin.py:188} INFO - [2024-05-05T15:58:50.756+0000] {dag.py:3096} INFO - Sync 1 DAGs
[2024-05-05T15:58:50.830+0000] {logging_mixin.py:188} INFO - [2024-05-05T15:58:50.830+0000] {dag.py:3954} INFO - Setting next_dagrun for latest_only_with_trigger to 2024-05-05 08:00:00+00:00, run_after=2024-05-05 12:00:00+00:00
[2024-05-05T15:58:50.883+0000] {processor.py:183} INFO - Processing /home/airflow/.local/lib/python3.12/site-packages/airflow/example_dags/example_latest_only_with_trigger.py took 0.317 seconds
[2024-05-05T15:59:22.709+0000] {processor.py:161} INFO - Started process (PID=3038) to work on /home/airflow/.local/lib/python3.12/site-packages/airflow/example_dags/example_latest_only_with_trigger.py
[2024-05-05T15:59:22.712+0000] {processor.py:830} INFO - Processing file /home/airflow/.local/lib/python3.12/site-packages/airflow/example_dags/example_latest_only_with_trigger.py for tasks to queue
[2024-05-05T15:59:22.720+0000] {logging_mixin.py:188} INFO - [2024-05-05T15:59:22.720+0000] {dagbag.py:540} INFO - Filling up the DagBag from /home/airflow/.local/lib/python3.12/site-packages/airflow/example_dags/example_latest_only_with_trigger.py
[2024-05-05T15:59:22.750+0000] {processor.py:840} INFO - DAG(s) 'latest_only_with_trigger' retrieved from /home/airflow/.local/lib/python3.12/site-packages/airflow/example_dags/example_latest_only_with_trigger.py
[2024-05-05T15:59:22.945+0000] {logging_mixin.py:188} INFO - [2024-05-05T15:59:22.944+0000] {dag.py:3096} INFO - Sync 1 DAGs
[2024-05-05T15:59:23.166+0000] {logging_mixin.py:188} INFO - [2024-05-05T15:59:23.166+0000] {dag.py:3954} INFO - Setting next_dagrun for latest_only_with_trigger to 2024-05-05 08:00:00+00:00, run_after=2024-05-05 12:00:00+00:00
[2024-05-05T15:59:23.345+0000] {processor.py:183} INFO - Processing /home/airflow/.local/lib/python3.12/site-packages/airflow/example_dags/example_latest_only_with_trigger.py took 0.675 seconds
[2024-05-05T15:59:55.322+0000] {processor.py:161} INFO - Started process (PID=3099) to work on /home/airflow/.local/lib/python3.12/site-packages/airflow/example_dags/example_latest_only_with_trigger.py
[2024-05-05T15:59:55.333+0000] {processor.py:830} INFO - Processing file /home/airflow/.local/lib/python3.12/site-packages/airflow/example_dags/example_latest_only_with_trigger.py for tasks to queue
[2024-05-05T15:59:55.346+0000] {logging_mixin.py:188} INFO - [2024-05-05T15:59:55.346+0000] {dagbag.py:540} INFO - Filling up the DagBag from /home/airflow/.local/lib/python3.12/site-packages/airflow/example_dags/example_latest_only_with_trigger.py
[2024-05-05T15:59:55.382+0000] {processor.py:840} INFO - DAG(s) 'latest_only_with_trigger' retrieved from /home/airflow/.local/lib/python3.12/site-packages/airflow/example_dags/example_latest_only_with_trigger.py
[2024-05-05T15:59:55.499+0000] {logging_mixin.py:188} INFO - [2024-05-05T15:59:55.499+0000] {dag.py:3096} INFO - Sync 1 DAGs
[2024-05-05T15:59:55.592+0000] {logging_mixin.py:188} INFO - [2024-05-05T15:59:55.592+0000] {dag.py:3954} INFO - Setting next_dagrun for latest_only_with_trigger to 2024-05-05 08:00:00+00:00, run_after=2024-05-05 12:00:00+00:00
[2024-05-05T15:59:55.673+0000] {processor.py:183} INFO - Processing /home/airflow/.local/lib/python3.12/site-packages/airflow/example_dags/example_latest_only_with_trigger.py took 0.380 seconds
