[2024-05-05T15:33:23.343+0000] {processor.py:161} INFO - Started process (PID=53) to work on /home/airflow/.local/lib/python3.12/site-packages/airflow/example_dags/example_python_decorator.py
[2024-05-05T15:33:23.344+0000] {processor.py:830} INFO - Processing file /home/airflow/.local/lib/python3.12/site-packages/airflow/example_dags/example_python_decorator.py for tasks to queue
[2024-05-05T15:33:23.363+0000] {logging_mixin.py:188} INFO - [2024-05-05T15:33:23.363+0000] {dagbag.py:540} INFO - Filling up the DagBag from /home/airflow/.local/lib/python3.12/site-packages/airflow/example_dags/example_python_decorator.py
[2024-05-05T15:33:23.445+0000] {processor.py:840} INFO - DAG(s) 'example_python_decorator' retrieved from /home/airflow/.local/lib/python3.12/site-packages/airflow/example_dags/example_python_decorator.py
[2024-05-05T15:33:24.018+0000] {logging_mixin.py:188} INFO - [2024-05-05T15:33:24.017+0000] {override.py:1829} INFO - Created Permission View: can edit on DAG:example_python_decorator
[2024-05-05T15:33:24.052+0000] {logging_mixin.py:188} INFO - [2024-05-05T15:33:24.052+0000] {override.py:1829} INFO - Created Permission View: can read on DAG:example_python_decorator
[2024-05-05T15:33:24.127+0000] {logging_mixin.py:188} INFO - [2024-05-05T15:33:24.126+0000] {override.py:1829} INFO - Created Permission View: can delete on DAG:example_python_decorator
[2024-05-05T15:33:24.128+0000] {logging_mixin.py:188} INFO - [2024-05-05T15:33:24.128+0000] {dag.py:3096} INFO - Sync 1 DAGs
[2024-05-05T15:33:24.221+0000] {logging_mixin.py:188} INFO - [2024-05-05T15:33:24.220+0000] {dag.py:3118} INFO - Creating ORM DAG for example_python_decorator
[2024-05-05T15:33:24.221+0000] {logging_mixin.py:188} INFO - [2024-05-05T15:33:24.221+0000] {dag.py:3954} INFO - Setting next_dagrun for example_python_decorator to None, run_after=None
[2024-05-05T15:33:24.336+0000] {processor.py:183} INFO - Processing /home/airflow/.local/lib/python3.12/site-packages/airflow/example_dags/example_python_decorator.py took 1.013 seconds
[2024-05-05T15:33:54.907+0000] {processor.py:161} INFO - Started process (PID=111) to work on /home/airflow/.local/lib/python3.12/site-packages/airflow/example_dags/example_python_decorator.py
[2024-05-05T15:33:54.912+0000] {processor.py:830} INFO - Processing file /home/airflow/.local/lib/python3.12/site-packages/airflow/example_dags/example_python_decorator.py for tasks to queue
[2024-05-05T15:33:54.914+0000] {logging_mixin.py:188} INFO - [2024-05-05T15:33:54.914+0000] {dagbag.py:540} INFO - Filling up the DagBag from /home/airflow/.local/lib/python3.12/site-packages/airflow/example_dags/example_python_decorator.py
[2024-05-05T15:33:54.937+0000] {processor.py:840} INFO - DAG(s) 'example_python_decorator' retrieved from /home/airflow/.local/lib/python3.12/site-packages/airflow/example_dags/example_python_decorator.py
[2024-05-05T15:33:54.983+0000] {logging_mixin.py:188} INFO - [2024-05-05T15:33:54.983+0000] {dag.py:3096} INFO - Sync 1 DAGs
[2024-05-05T15:33:54.999+0000] {logging_mixin.py:188} INFO - [2024-05-05T15:33:54.998+0000] {dag.py:3954} INFO - Setting next_dagrun for example_python_decorator to None, run_after=None
[2024-05-05T15:33:55.034+0000] {processor.py:183} INFO - Processing /home/airflow/.local/lib/python3.12/site-packages/airflow/example_dags/example_python_decorator.py took 0.133 seconds
[2024-05-05T15:34:25.294+0000] {processor.py:161} INFO - Started process (PID=169) to work on /home/airflow/.local/lib/python3.12/site-packages/airflow/example_dags/example_python_decorator.py
[2024-05-05T15:34:25.295+0000] {processor.py:830} INFO - Processing file /home/airflow/.local/lib/python3.12/site-packages/airflow/example_dags/example_python_decorator.py for tasks to queue
[2024-05-05T15:34:25.297+0000] {logging_mixin.py:188} INFO - [2024-05-05T15:34:25.296+0000] {dagbag.py:540} INFO - Filling up the DagBag from /home/airflow/.local/lib/python3.12/site-packages/airflow/example_dags/example_python_decorator.py
[2024-05-05T15:34:25.311+0000] {processor.py:840} INFO - DAG(s) 'example_python_decorator' retrieved from /home/airflow/.local/lib/python3.12/site-packages/airflow/example_dags/example_python_decorator.py
[2024-05-05T15:34:25.353+0000] {logging_mixin.py:188} INFO - [2024-05-05T15:34:25.353+0000] {dag.py:3096} INFO - Sync 1 DAGs
[2024-05-05T15:34:25.380+0000] {logging_mixin.py:188} INFO - [2024-05-05T15:34:25.379+0000] {dag.py:3954} INFO - Setting next_dagrun for example_python_decorator to None, run_after=None
[2024-05-05T15:34:25.407+0000] {processor.py:183} INFO - Processing /home/airflow/.local/lib/python3.12/site-packages/airflow/example_dags/example_python_decorator.py took 0.118 seconds
[2024-05-05T15:34:55.652+0000] {processor.py:161} INFO - Started process (PID=226) to work on /home/airflow/.local/lib/python3.12/site-packages/airflow/example_dags/example_python_decorator.py
[2024-05-05T15:34:55.660+0000] {processor.py:830} INFO - Processing file /home/airflow/.local/lib/python3.12/site-packages/airflow/example_dags/example_python_decorator.py for tasks to queue
[2024-05-05T15:34:55.662+0000] {logging_mixin.py:188} INFO - [2024-05-05T15:34:55.662+0000] {dagbag.py:540} INFO - Filling up the DagBag from /home/airflow/.local/lib/python3.12/site-packages/airflow/example_dags/example_python_decorator.py
[2024-05-05T15:34:55.693+0000] {processor.py:840} INFO - DAG(s) 'example_python_decorator' retrieved from /home/airflow/.local/lib/python3.12/site-packages/airflow/example_dags/example_python_decorator.py
[2024-05-05T15:34:55.775+0000] {logging_mixin.py:188} INFO - [2024-05-05T15:34:55.775+0000] {dag.py:3096} INFO - Sync 1 DAGs
[2024-05-05T15:34:55.795+0000] {logging_mixin.py:188} INFO - [2024-05-05T15:34:55.795+0000] {dag.py:3954} INFO - Setting next_dagrun for example_python_decorator to None, run_after=None
[2024-05-05T15:34:55.880+0000] {processor.py:183} INFO - Processing /home/airflow/.local/lib/python3.12/site-packages/airflow/example_dags/example_python_decorator.py took 0.235 seconds
[2024-05-05T15:35:26.032+0000] {processor.py:161} INFO - Started process (PID=284) to work on /home/airflow/.local/lib/python3.12/site-packages/airflow/example_dags/example_python_decorator.py
[2024-05-05T15:35:26.033+0000] {processor.py:830} INFO - Processing file /home/airflow/.local/lib/python3.12/site-packages/airflow/example_dags/example_python_decorator.py for tasks to queue
[2024-05-05T15:35:26.034+0000] {logging_mixin.py:188} INFO - [2024-05-05T15:35:26.034+0000] {dagbag.py:540} INFO - Filling up the DagBag from /home/airflow/.local/lib/python3.12/site-packages/airflow/example_dags/example_python_decorator.py
[2024-05-05T15:35:26.130+0000] {processor.py:840} INFO - DAG(s) 'example_python_decorator' retrieved from /home/airflow/.local/lib/python3.12/site-packages/airflow/example_dags/example_python_decorator.py
[2024-05-05T15:35:26.223+0000] {logging_mixin.py:188} INFO - [2024-05-05T15:35:26.223+0000] {dag.py:3096} INFO - Sync 1 DAGs
[2024-05-05T15:35:26.266+0000] {logging_mixin.py:188} INFO - [2024-05-05T15:35:26.266+0000] {dag.py:3954} INFO - Setting next_dagrun for example_python_decorator to None, run_after=None
[2024-05-05T15:35:26.325+0000] {processor.py:183} INFO - Processing /home/airflow/.local/lib/python3.12/site-packages/airflow/example_dags/example_python_decorator.py took 0.318 seconds
[2024-05-05T15:35:56.405+0000] {processor.py:161} INFO - Started process (PID=342) to work on /home/airflow/.local/lib/python3.12/site-packages/airflow/example_dags/example_python_decorator.py
[2024-05-05T15:35:56.406+0000] {processor.py:830} INFO - Processing file /home/airflow/.local/lib/python3.12/site-packages/airflow/example_dags/example_python_decorator.py for tasks to queue
[2024-05-05T15:35:56.410+0000] {logging_mixin.py:188} INFO - [2024-05-05T15:35:56.409+0000] {dagbag.py:540} INFO - Filling up the DagBag from /home/airflow/.local/lib/python3.12/site-packages/airflow/example_dags/example_python_decorator.py
[2024-05-05T15:35:56.449+0000] {processor.py:840} INFO - DAG(s) 'example_python_decorator' retrieved from /home/airflow/.local/lib/python3.12/site-packages/airflow/example_dags/example_python_decorator.py
[2024-05-05T15:35:56.603+0000] {logging_mixin.py:188} INFO - [2024-05-05T15:35:56.596+0000] {dag.py:3096} INFO - Sync 1 DAGs
[2024-05-05T15:35:56.644+0000] {logging_mixin.py:188} INFO - [2024-05-05T15:35:56.644+0000] {dag.py:3954} INFO - Setting next_dagrun for example_python_decorator to None, run_after=None
[2024-05-05T15:35:56.676+0000] {processor.py:183} INFO - Processing /home/airflow/.local/lib/python3.12/site-packages/airflow/example_dags/example_python_decorator.py took 0.278 seconds
[2024-05-05T15:36:26.842+0000] {processor.py:161} INFO - Started process (PID=401) to work on /home/airflow/.local/lib/python3.12/site-packages/airflow/example_dags/example_python_decorator.py
[2024-05-05T15:36:26.843+0000] {processor.py:830} INFO - Processing file /home/airflow/.local/lib/python3.12/site-packages/airflow/example_dags/example_python_decorator.py for tasks to queue
[2024-05-05T15:36:26.844+0000] {logging_mixin.py:188} INFO - [2024-05-05T15:36:26.844+0000] {dagbag.py:540} INFO - Filling up the DagBag from /home/airflow/.local/lib/python3.12/site-packages/airflow/example_dags/example_python_decorator.py
[2024-05-05T15:36:26.861+0000] {processor.py:840} INFO - DAG(s) 'example_python_decorator' retrieved from /home/airflow/.local/lib/python3.12/site-packages/airflow/example_dags/example_python_decorator.py
[2024-05-05T15:36:26.891+0000] {logging_mixin.py:188} INFO - [2024-05-05T15:36:26.891+0000] {dag.py:3096} INFO - Sync 1 DAGs
[2024-05-05T15:36:26.907+0000] {logging_mixin.py:188} INFO - [2024-05-05T15:36:26.906+0000] {dag.py:3954} INFO - Setting next_dagrun for example_python_decorator to None, run_after=None
[2024-05-05T15:36:26.935+0000] {processor.py:183} INFO - Processing /home/airflow/.local/lib/python3.12/site-packages/airflow/example_dags/example_python_decorator.py took 0.099 seconds
[2024-05-05T15:36:57.063+0000] {processor.py:161} INFO - Started process (PID=459) to work on /home/airflow/.local/lib/python3.12/site-packages/airflow/example_dags/example_python_decorator.py
[2024-05-05T15:36:57.068+0000] {processor.py:830} INFO - Processing file /home/airflow/.local/lib/python3.12/site-packages/airflow/example_dags/example_python_decorator.py for tasks to queue
[2024-05-05T15:36:57.070+0000] {logging_mixin.py:188} INFO - [2024-05-05T15:36:57.070+0000] {dagbag.py:540} INFO - Filling up the DagBag from /home/airflow/.local/lib/python3.12/site-packages/airflow/example_dags/example_python_decorator.py
[2024-05-05T15:36:57.103+0000] {processor.py:840} INFO - DAG(s) 'example_python_decorator' retrieved from /home/airflow/.local/lib/python3.12/site-packages/airflow/example_dags/example_python_decorator.py
[2024-05-05T15:36:57.165+0000] {logging_mixin.py:188} INFO - [2024-05-05T15:36:57.165+0000] {dag.py:3096} INFO - Sync 1 DAGs
[2024-05-05T15:36:57.198+0000] {logging_mixin.py:188} INFO - [2024-05-05T15:36:57.198+0000] {dag.py:3954} INFO - Setting next_dagrun for example_python_decorator to None, run_after=None
[2024-05-05T15:36:57.245+0000] {processor.py:183} INFO - Processing /home/airflow/.local/lib/python3.12/site-packages/airflow/example_dags/example_python_decorator.py took 0.194 seconds
[2024-05-05T15:37:27.711+0000] {processor.py:161} INFO - Started process (PID=518) to work on /home/airflow/.local/lib/python3.12/site-packages/airflow/example_dags/example_python_decorator.py
[2024-05-05T15:37:27.712+0000] {processor.py:830} INFO - Processing file /home/airflow/.local/lib/python3.12/site-packages/airflow/example_dags/example_python_decorator.py for tasks to queue
[2024-05-05T15:37:27.713+0000] {logging_mixin.py:188} INFO - [2024-05-05T15:37:27.713+0000] {dagbag.py:540} INFO - Filling up the DagBag from /home/airflow/.local/lib/python3.12/site-packages/airflow/example_dags/example_python_decorator.py
[2024-05-05T15:37:27.728+0000] {processor.py:840} INFO - DAG(s) 'example_python_decorator' retrieved from /home/airflow/.local/lib/python3.12/site-packages/airflow/example_dags/example_python_decorator.py
[2024-05-05T15:37:27.753+0000] {logging_mixin.py:188} INFO - [2024-05-05T15:37:27.753+0000] {dag.py:3096} INFO - Sync 1 DAGs
[2024-05-05T15:37:27.768+0000] {logging_mixin.py:188} INFO - [2024-05-05T15:37:27.767+0000] {dag.py:3954} INFO - Setting next_dagrun for example_python_decorator to None, run_after=None
[2024-05-05T15:37:27.799+0000] {processor.py:183} INFO - Processing /home/airflow/.local/lib/python3.12/site-packages/airflow/example_dags/example_python_decorator.py took 0.095 seconds
[2024-05-05T15:37:58.593+0000] {processor.py:161} INFO - Started process (PID=577) to work on /home/airflow/.local/lib/python3.12/site-packages/airflow/example_dags/example_python_decorator.py
[2024-05-05T15:37:58.594+0000] {processor.py:830} INFO - Processing file /home/airflow/.local/lib/python3.12/site-packages/airflow/example_dags/example_python_decorator.py for tasks to queue
[2024-05-05T15:37:58.598+0000] {logging_mixin.py:188} INFO - [2024-05-05T15:37:58.598+0000] {dagbag.py:540} INFO - Filling up the DagBag from /home/airflow/.local/lib/python3.12/site-packages/airflow/example_dags/example_python_decorator.py
[2024-05-05T15:37:58.612+0000] {processor.py:840} INFO - DAG(s) 'example_python_decorator' retrieved from /home/airflow/.local/lib/python3.12/site-packages/airflow/example_dags/example_python_decorator.py
[2024-05-05T15:37:58.638+0000] {logging_mixin.py:188} INFO - [2024-05-05T15:37:58.638+0000] {dag.py:3096} INFO - Sync 1 DAGs
[2024-05-05T15:37:58.654+0000] {logging_mixin.py:188} INFO - [2024-05-05T15:37:58.654+0000] {dag.py:3954} INFO - Setting next_dagrun for example_python_decorator to None, run_after=None
[2024-05-05T15:37:58.676+0000] {processor.py:183} INFO - Processing /home/airflow/.local/lib/python3.12/site-packages/airflow/example_dags/example_python_decorator.py took 0.090 seconds
[2024-05-05T15:38:29.616+0000] {processor.py:161} INFO - Started process (PID=635) to work on /home/airflow/.local/lib/python3.12/site-packages/airflow/example_dags/example_python_decorator.py
[2024-05-05T15:38:29.617+0000] {processor.py:830} INFO - Processing file /home/airflow/.local/lib/python3.12/site-packages/airflow/example_dags/example_python_decorator.py for tasks to queue
[2024-05-05T15:38:29.619+0000] {logging_mixin.py:188} INFO - [2024-05-05T15:38:29.619+0000] {dagbag.py:540} INFO - Filling up the DagBag from /home/airflow/.local/lib/python3.12/site-packages/airflow/example_dags/example_python_decorator.py
[2024-05-05T15:38:29.637+0000] {processor.py:840} INFO - DAG(s) 'example_python_decorator' retrieved from /home/airflow/.local/lib/python3.12/site-packages/airflow/example_dags/example_python_decorator.py
[2024-05-05T15:38:29.691+0000] {logging_mixin.py:188} INFO - [2024-05-05T15:38:29.691+0000] {dag.py:3096} INFO - Sync 1 DAGs
[2024-05-05T15:38:29.719+0000] {logging_mixin.py:188} INFO - [2024-05-05T15:38:29.719+0000] {dag.py:3954} INFO - Setting next_dagrun for example_python_decorator to None, run_after=None
[2024-05-05T15:38:29.754+0000] {processor.py:183} INFO - Processing /home/airflow/.local/lib/python3.12/site-packages/airflow/example_dags/example_python_decorator.py took 0.144 seconds
[2024-05-05T15:39:00.762+0000] {processor.py:161} INFO - Started process (PID=693) to work on /home/airflow/.local/lib/python3.12/site-packages/airflow/example_dags/example_python_decorator.py
[2024-05-05T15:39:00.763+0000] {processor.py:830} INFO - Processing file /home/airflow/.local/lib/python3.12/site-packages/airflow/example_dags/example_python_decorator.py for tasks to queue
[2024-05-05T15:39:00.774+0000] {logging_mixin.py:188} INFO - [2024-05-05T15:39:00.764+0000] {dagbag.py:540} INFO - Filling up the DagBag from /home/airflow/.local/lib/python3.12/site-packages/airflow/example_dags/example_python_decorator.py
[2024-05-05T15:39:00.789+0000] {processor.py:840} INFO - DAG(s) 'example_python_decorator' retrieved from /home/airflow/.local/lib/python3.12/site-packages/airflow/example_dags/example_python_decorator.py
[2024-05-05T15:39:00.816+0000] {logging_mixin.py:188} INFO - [2024-05-05T15:39:00.815+0000] {dag.py:3096} INFO - Sync 1 DAGs
[2024-05-05T15:39:00.832+0000] {logging_mixin.py:188} INFO - [2024-05-05T15:39:00.832+0000] {dag.py:3954} INFO - Setting next_dagrun for example_python_decorator to None, run_after=None
[2024-05-05T15:39:00.858+0000] {processor.py:183} INFO - Processing /home/airflow/.local/lib/python3.12/site-packages/airflow/example_dags/example_python_decorator.py took 0.103 seconds
[2024-05-05T15:39:31.545+0000] {processor.py:161} INFO - Started process (PID=752) to work on /home/airflow/.local/lib/python3.12/site-packages/airflow/example_dags/example_python_decorator.py
[2024-05-05T15:39:31.546+0000] {processor.py:830} INFO - Processing file /home/airflow/.local/lib/python3.12/site-packages/airflow/example_dags/example_python_decorator.py for tasks to queue
[2024-05-05T15:39:31.548+0000] {logging_mixin.py:188} INFO - [2024-05-05T15:39:31.548+0000] {dagbag.py:540} INFO - Filling up the DagBag from /home/airflow/.local/lib/python3.12/site-packages/airflow/example_dags/example_python_decorator.py
[2024-05-05T15:39:31.563+0000] {processor.py:840} INFO - DAG(s) 'example_python_decorator' retrieved from /home/airflow/.local/lib/python3.12/site-packages/airflow/example_dags/example_python_decorator.py
[2024-05-05T15:39:31.591+0000] {logging_mixin.py:188} INFO - [2024-05-05T15:39:31.590+0000] {dag.py:3096} INFO - Sync 1 DAGs
[2024-05-05T15:39:31.607+0000] {logging_mixin.py:188} INFO - [2024-05-05T15:39:31.607+0000] {dag.py:3954} INFO - Setting next_dagrun for example_python_decorator to None, run_after=None
[2024-05-05T15:39:31.634+0000] {processor.py:183} INFO - Processing /home/airflow/.local/lib/python3.12/site-packages/airflow/example_dags/example_python_decorator.py took 0.097 seconds
[2024-05-05T15:40:01.992+0000] {processor.py:161} INFO - Started process (PID=808) to work on /home/airflow/.local/lib/python3.12/site-packages/airflow/example_dags/example_python_decorator.py
[2024-05-05T15:40:01.996+0000] {processor.py:830} INFO - Processing file /home/airflow/.local/lib/python3.12/site-packages/airflow/example_dags/example_python_decorator.py for tasks to queue
[2024-05-05T15:40:01.998+0000] {logging_mixin.py:188} INFO - [2024-05-05T15:40:01.997+0000] {dagbag.py:540} INFO - Filling up the DagBag from /home/airflow/.local/lib/python3.12/site-packages/airflow/example_dags/example_python_decorator.py
[2024-05-05T15:40:02.031+0000] {processor.py:840} INFO - DAG(s) 'example_python_decorator' retrieved from /home/airflow/.local/lib/python3.12/site-packages/airflow/example_dags/example_python_decorator.py
[2024-05-05T15:40:02.064+0000] {logging_mixin.py:188} INFO - [2024-05-05T15:40:02.064+0000] {dag.py:3096} INFO - Sync 1 DAGs
[2024-05-05T15:40:02.380+0000] {logging_mixin.py:188} INFO - [2024-05-05T15:40:02.380+0000] {dag.py:3954} INFO - Setting next_dagrun for example_python_decorator to None, run_after=None
[2024-05-05T15:40:02.430+0000] {processor.py:183} INFO - Processing /home/airflow/.local/lib/python3.12/site-packages/airflow/example_dags/example_python_decorator.py took 0.445 seconds
[2024-05-05T15:40:32.678+0000] {processor.py:161} INFO - Started process (PID=866) to work on /home/airflow/.local/lib/python3.12/site-packages/airflow/example_dags/example_python_decorator.py
[2024-05-05T15:40:32.679+0000] {processor.py:830} INFO - Processing file /home/airflow/.local/lib/python3.12/site-packages/airflow/example_dags/example_python_decorator.py for tasks to queue
[2024-05-05T15:40:32.700+0000] {logging_mixin.py:188} INFO - [2024-05-05T15:40:32.691+0000] {dagbag.py:540} INFO - Filling up the DagBag from /home/airflow/.local/lib/python3.12/site-packages/airflow/example_dags/example_python_decorator.py
[2024-05-05T15:40:32.726+0000] {processor.py:840} INFO - DAG(s) 'example_python_decorator' retrieved from /home/airflow/.local/lib/python3.12/site-packages/airflow/example_dags/example_python_decorator.py
[2024-05-05T15:40:32.826+0000] {logging_mixin.py:188} INFO - [2024-05-05T15:40:32.826+0000] {dag.py:3096} INFO - Sync 1 DAGs
[2024-05-05T15:40:33.074+0000] {logging_mixin.py:188} INFO - [2024-05-05T15:40:33.074+0000] {dag.py:3954} INFO - Setting next_dagrun for example_python_decorator to None, run_after=None
[2024-05-05T15:40:33.116+0000] {processor.py:183} INFO - Processing /home/airflow/.local/lib/python3.12/site-packages/airflow/example_dags/example_python_decorator.py took 0.451 seconds
[2024-05-05T15:41:04.020+0000] {processor.py:161} INFO - Started process (PID=923) to work on /home/airflow/.local/lib/python3.12/site-packages/airflow/example_dags/example_python_decorator.py
[2024-05-05T15:41:04.021+0000] {processor.py:830} INFO - Processing file /home/airflow/.local/lib/python3.12/site-packages/airflow/example_dags/example_python_decorator.py for tasks to queue
[2024-05-05T15:41:04.023+0000] {logging_mixin.py:188} INFO - [2024-05-05T15:41:04.022+0000] {dagbag.py:540} INFO - Filling up the DagBag from /home/airflow/.local/lib/python3.12/site-packages/airflow/example_dags/example_python_decorator.py
[2024-05-05T15:41:04.038+0000] {processor.py:840} INFO - DAG(s) 'example_python_decorator' retrieved from /home/airflow/.local/lib/python3.12/site-packages/airflow/example_dags/example_python_decorator.py
[2024-05-05T15:41:04.065+0000] {logging_mixin.py:188} INFO - [2024-05-05T15:41:04.065+0000] {dag.py:3096} INFO - Sync 1 DAGs
[2024-05-05T15:41:04.452+0000] {logging_mixin.py:188} INFO - [2024-05-05T15:41:04.452+0000] {dag.py:3954} INFO - Setting next_dagrun for example_python_decorator to None, run_after=None
[2024-05-05T15:41:04.491+0000] {processor.py:183} INFO - Processing /home/airflow/.local/lib/python3.12/site-packages/airflow/example_dags/example_python_decorator.py took 0.477 seconds
[2024-05-05T15:41:35.224+0000] {processor.py:161} INFO - Started process (PID=982) to work on /home/airflow/.local/lib/python3.12/site-packages/airflow/example_dags/example_python_decorator.py
[2024-05-05T15:41:35.225+0000] {processor.py:830} INFO - Processing file /home/airflow/.local/lib/python3.12/site-packages/airflow/example_dags/example_python_decorator.py for tasks to queue
[2024-05-05T15:41:35.226+0000] {logging_mixin.py:188} INFO - [2024-05-05T15:41:35.226+0000] {dagbag.py:540} INFO - Filling up the DagBag from /home/airflow/.local/lib/python3.12/site-packages/airflow/example_dags/example_python_decorator.py
[2024-05-05T15:41:35.242+0000] {processor.py:840} INFO - DAG(s) 'example_python_decorator' retrieved from /home/airflow/.local/lib/python3.12/site-packages/airflow/example_dags/example_python_decorator.py
[2024-05-05T15:41:35.270+0000] {logging_mixin.py:188} INFO - [2024-05-05T15:41:35.270+0000] {dag.py:3096} INFO - Sync 1 DAGs
[2024-05-05T15:41:35.286+0000] {logging_mixin.py:188} INFO - [2024-05-05T15:41:35.286+0000] {dag.py:3954} INFO - Setting next_dagrun for example_python_decorator to None, run_after=None
[2024-05-05T15:41:35.310+0000] {processor.py:183} INFO - Processing /home/airflow/.local/lib/python3.12/site-packages/airflow/example_dags/example_python_decorator.py took 0.093 seconds
[2024-05-05T15:42:05.383+0000] {processor.py:161} INFO - Started process (PID=1041) to work on /home/airflow/.local/lib/python3.12/site-packages/airflow/example_dags/example_python_decorator.py
[2024-05-05T15:42:05.384+0000] {processor.py:830} INFO - Processing file /home/airflow/.local/lib/python3.12/site-packages/airflow/example_dags/example_python_decorator.py for tasks to queue
[2024-05-05T15:42:05.386+0000] {logging_mixin.py:188} INFO - [2024-05-05T15:42:05.386+0000] {dagbag.py:540} INFO - Filling up the DagBag from /home/airflow/.local/lib/python3.12/site-packages/airflow/example_dags/example_python_decorator.py
[2024-05-05T15:42:05.403+0000] {processor.py:840} INFO - DAG(s) 'example_python_decorator' retrieved from /home/airflow/.local/lib/python3.12/site-packages/airflow/example_dags/example_python_decorator.py
[2024-05-05T15:42:05.435+0000] {logging_mixin.py:188} INFO - [2024-05-05T15:42:05.434+0000] {dag.py:3096} INFO - Sync 1 DAGs
[2024-05-05T15:42:05.452+0000] {logging_mixin.py:188} INFO - [2024-05-05T15:42:05.452+0000] {dag.py:3954} INFO - Setting next_dagrun for example_python_decorator to None, run_after=None
[2024-05-05T15:42:05.478+0000] {processor.py:183} INFO - Processing /home/airflow/.local/lib/python3.12/site-packages/airflow/example_dags/example_python_decorator.py took 0.101 seconds
[2024-05-05T15:42:35.873+0000] {processor.py:161} INFO - Started process (PID=1099) to work on /home/airflow/.local/lib/python3.12/site-packages/airflow/example_dags/example_python_decorator.py
[2024-05-05T15:42:35.878+0000] {processor.py:830} INFO - Processing file /home/airflow/.local/lib/python3.12/site-packages/airflow/example_dags/example_python_decorator.py for tasks to queue
[2024-05-05T15:42:35.887+0000] {logging_mixin.py:188} INFO - [2024-05-05T15:42:35.886+0000] {dagbag.py:540} INFO - Filling up the DagBag from /home/airflow/.local/lib/python3.12/site-packages/airflow/example_dags/example_python_decorator.py
[2024-05-05T15:42:35.943+0000] {processor.py:840} INFO - DAG(s) 'example_python_decorator' retrieved from /home/airflow/.local/lib/python3.12/site-packages/airflow/example_dags/example_python_decorator.py
[2024-05-05T15:42:36.095+0000] {logging_mixin.py:188} INFO - [2024-05-05T15:42:36.095+0000] {dag.py:3096} INFO - Sync 1 DAGs
[2024-05-05T15:42:36.173+0000] {logging_mixin.py:188} INFO - [2024-05-05T15:42:36.173+0000] {dag.py:3954} INFO - Setting next_dagrun for example_python_decorator to None, run_after=None
[2024-05-05T15:42:36.257+0000] {processor.py:183} INFO - Processing /home/airflow/.local/lib/python3.12/site-packages/airflow/example_dags/example_python_decorator.py took 0.419 seconds
[2024-05-05T15:43:06.498+0000] {processor.py:161} INFO - Started process (PID=1157) to work on /home/airflow/.local/lib/python3.12/site-packages/airflow/example_dags/example_python_decorator.py
[2024-05-05T15:43:06.502+0000] {processor.py:830} INFO - Processing file /home/airflow/.local/lib/python3.12/site-packages/airflow/example_dags/example_python_decorator.py for tasks to queue
[2024-05-05T15:43:06.508+0000] {logging_mixin.py:188} INFO - [2024-05-05T15:43:06.508+0000] {dagbag.py:540} INFO - Filling up the DagBag from /home/airflow/.local/lib/python3.12/site-packages/airflow/example_dags/example_python_decorator.py
[2024-05-05T15:43:06.531+0000] {processor.py:840} INFO - DAG(s) 'example_python_decorator' retrieved from /home/airflow/.local/lib/python3.12/site-packages/airflow/example_dags/example_python_decorator.py
[2024-05-05T15:43:06.663+0000] {logging_mixin.py:188} INFO - [2024-05-05T15:43:06.662+0000] {dag.py:3096} INFO - Sync 1 DAGs
[2024-05-05T15:43:06.784+0000] {logging_mixin.py:188} INFO - [2024-05-05T15:43:06.784+0000] {dag.py:3954} INFO - Setting next_dagrun for example_python_decorator to None, run_after=None
[2024-05-05T15:43:06.954+0000] {processor.py:183} INFO - Processing /home/airflow/.local/lib/python3.12/site-packages/airflow/example_dags/example_python_decorator.py took 0.466 seconds
[2024-05-05T15:43:37.745+0000] {processor.py:161} INFO - Started process (PID=1215) to work on /home/airflow/.local/lib/python3.12/site-packages/airflow/example_dags/example_python_decorator.py
[2024-05-05T15:43:37.748+0000] {processor.py:830} INFO - Processing file /home/airflow/.local/lib/python3.12/site-packages/airflow/example_dags/example_python_decorator.py for tasks to queue
[2024-05-05T15:43:37.750+0000] {logging_mixin.py:188} INFO - [2024-05-05T15:43:37.749+0000] {dagbag.py:540} INFO - Filling up the DagBag from /home/airflow/.local/lib/python3.12/site-packages/airflow/example_dags/example_python_decorator.py
[2024-05-05T15:43:37.789+0000] {processor.py:840} INFO - DAG(s) 'example_python_decorator' retrieved from /home/airflow/.local/lib/python3.12/site-packages/airflow/example_dags/example_python_decorator.py
[2024-05-05T15:43:37.861+0000] {logging_mixin.py:188} INFO - [2024-05-05T15:43:37.860+0000] {dag.py:3096} INFO - Sync 1 DAGs
[2024-05-05T15:43:37.905+0000] {logging_mixin.py:188} INFO - [2024-05-05T15:43:37.905+0000] {dag.py:3954} INFO - Setting next_dagrun for example_python_decorator to None, run_after=None
[2024-05-05T15:43:37.989+0000] {processor.py:183} INFO - Processing /home/airflow/.local/lib/python3.12/site-packages/airflow/example_dags/example_python_decorator.py took 0.253 seconds
[2024-05-05T15:44:08.158+0000] {processor.py:161} INFO - Started process (PID=1273) to work on /home/airflow/.local/lib/python3.12/site-packages/airflow/example_dags/example_python_decorator.py
[2024-05-05T15:44:08.160+0000] {processor.py:830} INFO - Processing file /home/airflow/.local/lib/python3.12/site-packages/airflow/example_dags/example_python_decorator.py for tasks to queue
[2024-05-05T15:44:08.162+0000] {logging_mixin.py:188} INFO - [2024-05-05T15:44:08.161+0000] {dagbag.py:540} INFO - Filling up the DagBag from /home/airflow/.local/lib/python3.12/site-packages/airflow/example_dags/example_python_decorator.py
[2024-05-05T15:44:08.195+0000] {processor.py:840} INFO - DAG(s) 'example_python_decorator' retrieved from /home/airflow/.local/lib/python3.12/site-packages/airflow/example_dags/example_python_decorator.py
[2024-05-05T15:44:08.291+0000] {logging_mixin.py:188} INFO - [2024-05-05T15:44:08.291+0000] {dag.py:3096} INFO - Sync 1 DAGs
[2024-05-05T15:44:08.342+0000] {logging_mixin.py:188} INFO - [2024-05-05T15:44:08.338+0000] {dag.py:3954} INFO - Setting next_dagrun for example_python_decorator to None, run_after=None
[2024-05-05T15:44:08.402+0000] {processor.py:183} INFO - Processing /home/airflow/.local/lib/python3.12/site-packages/airflow/example_dags/example_python_decorator.py took 0.262 seconds
[2024-05-05T15:44:38.995+0000] {processor.py:161} INFO - Started process (PID=1331) to work on /home/airflow/.local/lib/python3.12/site-packages/airflow/example_dags/example_python_decorator.py
[2024-05-05T15:44:39.020+0000] {processor.py:830} INFO - Processing file /home/airflow/.local/lib/python3.12/site-packages/airflow/example_dags/example_python_decorator.py for tasks to queue
[2024-05-05T15:44:39.022+0000] {logging_mixin.py:188} INFO - [2024-05-05T15:44:39.022+0000] {dagbag.py:540} INFO - Filling up the DagBag from /home/airflow/.local/lib/python3.12/site-packages/airflow/example_dags/example_python_decorator.py
[2024-05-05T15:44:39.091+0000] {processor.py:840} INFO - DAG(s) 'example_python_decorator' retrieved from /home/airflow/.local/lib/python3.12/site-packages/airflow/example_dags/example_python_decorator.py
[2024-05-05T15:44:39.153+0000] {logging_mixin.py:188} INFO - [2024-05-05T15:44:39.152+0000] {dag.py:3096} INFO - Sync 1 DAGs
[2024-05-05T15:44:39.169+0000] {logging_mixin.py:188} INFO - [2024-05-05T15:44:39.169+0000] {dag.py:3954} INFO - Setting next_dagrun for example_python_decorator to None, run_after=None
[2024-05-05T15:44:39.246+0000] {processor.py:183} INFO - Processing /home/airflow/.local/lib/python3.12/site-packages/airflow/example_dags/example_python_decorator.py took 0.273 seconds
[2024-05-05T15:45:09.521+0000] {processor.py:161} INFO - Started process (PID=1388) to work on /home/airflow/.local/lib/python3.12/site-packages/airflow/example_dags/example_python_decorator.py
[2024-05-05T15:45:09.522+0000] {processor.py:830} INFO - Processing file /home/airflow/.local/lib/python3.12/site-packages/airflow/example_dags/example_python_decorator.py for tasks to queue
[2024-05-05T15:45:09.523+0000] {logging_mixin.py:188} INFO - [2024-05-05T15:45:09.523+0000] {dagbag.py:540} INFO - Filling up the DagBag from /home/airflow/.local/lib/python3.12/site-packages/airflow/example_dags/example_python_decorator.py
[2024-05-05T15:45:09.548+0000] {processor.py:840} INFO - DAG(s) 'example_python_decorator' retrieved from /home/airflow/.local/lib/python3.12/site-packages/airflow/example_dags/example_python_decorator.py
[2024-05-05T15:45:09.577+0000] {logging_mixin.py:188} INFO - [2024-05-05T15:45:09.576+0000] {dag.py:3096} INFO - Sync 1 DAGs
[2024-05-05T15:45:09.592+0000] {logging_mixin.py:188} INFO - [2024-05-05T15:45:09.592+0000] {dag.py:3954} INFO - Setting next_dagrun for example_python_decorator to None, run_after=None
[2024-05-05T15:45:09.620+0000] {processor.py:183} INFO - Processing /home/airflow/.local/lib/python3.12/site-packages/airflow/example_dags/example_python_decorator.py took 0.105 seconds
[2024-05-05T15:45:40.100+0000] {processor.py:161} INFO - Started process (PID=1446) to work on /home/airflow/.local/lib/python3.12/site-packages/airflow/example_dags/example_python_decorator.py
[2024-05-05T15:45:40.101+0000] {processor.py:830} INFO - Processing file /home/airflow/.local/lib/python3.12/site-packages/airflow/example_dags/example_python_decorator.py for tasks to queue
[2024-05-05T15:45:40.103+0000] {logging_mixin.py:188} INFO - [2024-05-05T15:45:40.102+0000] {dagbag.py:540} INFO - Filling up the DagBag from /home/airflow/.local/lib/python3.12/site-packages/airflow/example_dags/example_python_decorator.py
[2024-05-05T15:45:40.118+0000] {processor.py:840} INFO - DAG(s) 'example_python_decorator' retrieved from /home/airflow/.local/lib/python3.12/site-packages/airflow/example_dags/example_python_decorator.py
[2024-05-05T15:45:40.148+0000] {logging_mixin.py:188} INFO - [2024-05-05T15:45:40.147+0000] {dag.py:3096} INFO - Sync 1 DAGs
[2024-05-05T15:45:40.164+0000] {logging_mixin.py:188} INFO - [2024-05-05T15:45:40.164+0000] {dag.py:3954} INFO - Setting next_dagrun for example_python_decorator to None, run_after=None
[2024-05-05T15:45:40.190+0000] {processor.py:183} INFO - Processing /home/airflow/.local/lib/python3.12/site-packages/airflow/example_dags/example_python_decorator.py took 0.096 seconds
[2024-05-05T15:46:10.502+0000] {processor.py:161} INFO - Started process (PID=1505) to work on /home/airflow/.local/lib/python3.12/site-packages/airflow/example_dags/example_python_decorator.py
[2024-05-05T15:46:10.502+0000] {processor.py:830} INFO - Processing file /home/airflow/.local/lib/python3.12/site-packages/airflow/example_dags/example_python_decorator.py for tasks to queue
[2024-05-05T15:46:10.504+0000] {logging_mixin.py:188} INFO - [2024-05-05T15:46:10.504+0000] {dagbag.py:540} INFO - Filling up the DagBag from /home/airflow/.local/lib/python3.12/site-packages/airflow/example_dags/example_python_decorator.py
[2024-05-05T15:46:10.519+0000] {processor.py:840} INFO - DAG(s) 'example_python_decorator' retrieved from /home/airflow/.local/lib/python3.12/site-packages/airflow/example_dags/example_python_decorator.py
[2024-05-05T15:46:10.550+0000] {logging_mixin.py:188} INFO - [2024-05-05T15:46:10.549+0000] {dag.py:3096} INFO - Sync 1 DAGs
[2024-05-05T15:46:10.565+0000] {logging_mixin.py:188} INFO - [2024-05-05T15:46:10.565+0000] {dag.py:3954} INFO - Setting next_dagrun for example_python_decorator to None, run_after=None
[2024-05-05T15:46:10.590+0000] {processor.py:183} INFO - Processing /home/airflow/.local/lib/python3.12/site-packages/airflow/example_dags/example_python_decorator.py took 0.095 seconds
[2024-05-05T15:46:40.641+0000] {processor.py:161} INFO - Started process (PID=1562) to work on /home/airflow/.local/lib/python3.12/site-packages/airflow/example_dags/example_python_decorator.py
[2024-05-05T15:46:40.643+0000] {processor.py:830} INFO - Processing file /home/airflow/.local/lib/python3.12/site-packages/airflow/example_dags/example_python_decorator.py for tasks to queue
[2024-05-05T15:46:40.644+0000] {logging_mixin.py:188} INFO - [2024-05-05T15:46:40.644+0000] {dagbag.py:540} INFO - Filling up the DagBag from /home/airflow/.local/lib/python3.12/site-packages/airflow/example_dags/example_python_decorator.py
[2024-05-05T15:46:40.660+0000] {processor.py:840} INFO - DAG(s) 'example_python_decorator' retrieved from /home/airflow/.local/lib/python3.12/site-packages/airflow/example_dags/example_python_decorator.py
[2024-05-05T15:46:40.688+0000] {logging_mixin.py:188} INFO - [2024-05-05T15:46:40.688+0000] {dag.py:3096} INFO - Sync 1 DAGs
[2024-05-05T15:46:40.712+0000] {logging_mixin.py:188} INFO - [2024-05-05T15:46:40.711+0000] {dag.py:3954} INFO - Setting next_dagrun for example_python_decorator to None, run_after=None
[2024-05-05T15:46:40.742+0000] {processor.py:183} INFO - Processing /home/airflow/.local/lib/python3.12/site-packages/airflow/example_dags/example_python_decorator.py took 0.107 seconds
[2024-05-05T15:47:11.091+0000] {processor.py:161} INFO - Started process (PID=1619) to work on /home/airflow/.local/lib/python3.12/site-packages/airflow/example_dags/example_python_decorator.py
[2024-05-05T15:47:11.092+0000] {processor.py:830} INFO - Processing file /home/airflow/.local/lib/python3.12/site-packages/airflow/example_dags/example_python_decorator.py for tasks to queue
[2024-05-05T15:47:11.094+0000] {logging_mixin.py:188} INFO - [2024-05-05T15:47:11.093+0000] {dagbag.py:540} INFO - Filling up the DagBag from /home/airflow/.local/lib/python3.12/site-packages/airflow/example_dags/example_python_decorator.py
[2024-05-05T15:47:11.109+0000] {processor.py:840} INFO - DAG(s) 'example_python_decorator' retrieved from /home/airflow/.local/lib/python3.12/site-packages/airflow/example_dags/example_python_decorator.py
[2024-05-05T15:47:11.137+0000] {logging_mixin.py:188} INFO - [2024-05-05T15:47:11.137+0000] {dag.py:3096} INFO - Sync 1 DAGs
[2024-05-05T15:47:11.154+0000] {logging_mixin.py:188} INFO - [2024-05-05T15:47:11.154+0000] {dag.py:3954} INFO - Setting next_dagrun for example_python_decorator to None, run_after=None
[2024-05-05T15:47:11.180+0000] {processor.py:183} INFO - Processing /home/airflow/.local/lib/python3.12/site-packages/airflow/example_dags/example_python_decorator.py took 0.096 seconds
[2024-05-05T15:47:41.330+0000] {processor.py:161} INFO - Started process (PID=1677) to work on /home/airflow/.local/lib/python3.12/site-packages/airflow/example_dags/example_python_decorator.py
[2024-05-05T15:47:41.331+0000] {processor.py:830} INFO - Processing file /home/airflow/.local/lib/python3.12/site-packages/airflow/example_dags/example_python_decorator.py for tasks to queue
[2024-05-05T15:47:41.333+0000] {logging_mixin.py:188} INFO - [2024-05-05T15:47:41.333+0000] {dagbag.py:540} INFO - Filling up the DagBag from /home/airflow/.local/lib/python3.12/site-packages/airflow/example_dags/example_python_decorator.py
[2024-05-05T15:47:41.353+0000] {processor.py:840} INFO - DAG(s) 'example_python_decorator' retrieved from /home/airflow/.local/lib/python3.12/site-packages/airflow/example_dags/example_python_decorator.py
[2024-05-05T15:47:41.504+0000] {logging_mixin.py:188} INFO - [2024-05-05T15:47:41.503+0000] {dag.py:3096} INFO - Sync 1 DAGs
[2024-05-05T15:47:41.549+0000] {logging_mixin.py:188} INFO - [2024-05-05T15:47:41.549+0000] {dag.py:3954} INFO - Setting next_dagrun for example_python_decorator to None, run_after=None
[2024-05-05T15:47:41.654+0000] {processor.py:183} INFO - Processing /home/airflow/.local/lib/python3.12/site-packages/airflow/example_dags/example_python_decorator.py took 0.336 seconds
[2024-05-05T15:48:12.079+0000] {processor.py:161} INFO - Started process (PID=1736) to work on /home/airflow/.local/lib/python3.12/site-packages/airflow/example_dags/example_python_decorator.py
[2024-05-05T15:48:12.083+0000] {processor.py:830} INFO - Processing file /home/airflow/.local/lib/python3.12/site-packages/airflow/example_dags/example_python_decorator.py for tasks to queue
[2024-05-05T15:48:12.084+0000] {logging_mixin.py:188} INFO - [2024-05-05T15:48:12.084+0000] {dagbag.py:540} INFO - Filling up the DagBag from /home/airflow/.local/lib/python3.12/site-packages/airflow/example_dags/example_python_decorator.py
[2024-05-05T15:48:12.111+0000] {processor.py:840} INFO - DAG(s) 'example_python_decorator' retrieved from /home/airflow/.local/lib/python3.12/site-packages/airflow/example_dags/example_python_decorator.py
[2024-05-05T15:48:12.167+0000] {logging_mixin.py:188} INFO - [2024-05-05T15:48:12.166+0000] {dag.py:3096} INFO - Sync 1 DAGs
[2024-05-05T15:48:12.191+0000] {logging_mixin.py:188} INFO - [2024-05-05T15:48:12.190+0000] {dag.py:3954} INFO - Setting next_dagrun for example_python_decorator to None, run_after=None
[2024-05-05T15:48:12.240+0000] {processor.py:183} INFO - Processing /home/airflow/.local/lib/python3.12/site-packages/airflow/example_dags/example_python_decorator.py took 0.167 seconds
[2024-05-05T15:48:42.627+0000] {processor.py:161} INFO - Started process (PID=1796) to work on /home/airflow/.local/lib/python3.12/site-packages/airflow/example_dags/example_python_decorator.py
[2024-05-05T15:48:42.628+0000] {processor.py:830} INFO - Processing file /home/airflow/.local/lib/python3.12/site-packages/airflow/example_dags/example_python_decorator.py for tasks to queue
[2024-05-05T15:48:42.630+0000] {logging_mixin.py:188} INFO - [2024-05-05T15:48:42.629+0000] {dagbag.py:540} INFO - Filling up the DagBag from /home/airflow/.local/lib/python3.12/site-packages/airflow/example_dags/example_python_decorator.py
[2024-05-05T15:48:42.644+0000] {processor.py:840} INFO - DAG(s) 'example_python_decorator' retrieved from /home/airflow/.local/lib/python3.12/site-packages/airflow/example_dags/example_python_decorator.py
[2024-05-05T15:48:42.704+0000] {logging_mixin.py:188} INFO - [2024-05-05T15:48:42.704+0000] {dag.py:3096} INFO - Sync 1 DAGs
[2024-05-05T15:48:42.721+0000] {logging_mixin.py:188} INFO - [2024-05-05T15:48:42.721+0000] {dag.py:3954} INFO - Setting next_dagrun for example_python_decorator to None, run_after=None
[2024-05-05T15:48:42.773+0000] {processor.py:183} INFO - Processing /home/airflow/.local/lib/python3.12/site-packages/airflow/example_dags/example_python_decorator.py took 0.157 seconds
[2024-05-05T15:49:13.117+0000] {processor.py:161} INFO - Started process (PID=1855) to work on /home/airflow/.local/lib/python3.12/site-packages/airflow/example_dags/example_python_decorator.py
[2024-05-05T15:49:13.117+0000] {processor.py:830} INFO - Processing file /home/airflow/.local/lib/python3.12/site-packages/airflow/example_dags/example_python_decorator.py for tasks to queue
[2024-05-05T15:49:13.119+0000] {logging_mixin.py:188} INFO - [2024-05-05T15:49:13.119+0000] {dagbag.py:540} INFO - Filling up the DagBag from /home/airflow/.local/lib/python3.12/site-packages/airflow/example_dags/example_python_decorator.py
[2024-05-05T15:49:13.167+0000] {processor.py:840} INFO - DAG(s) 'example_python_decorator' retrieved from /home/airflow/.local/lib/python3.12/site-packages/airflow/example_dags/example_python_decorator.py
[2024-05-05T15:49:13.276+0000] {logging_mixin.py:188} INFO - [2024-05-05T15:49:13.276+0000] {dag.py:3096} INFO - Sync 1 DAGs
[2024-05-05T15:49:13.321+0000] {logging_mixin.py:188} INFO - [2024-05-05T15:49:13.321+0000] {dag.py:3954} INFO - Setting next_dagrun for example_python_decorator to None, run_after=None
[2024-05-05T15:49:13.396+0000] {processor.py:183} INFO - Processing /home/airflow/.local/lib/python3.12/site-packages/airflow/example_dags/example_python_decorator.py took 0.315 seconds
[2024-05-05T15:49:43.635+0000] {processor.py:161} INFO - Started process (PID=1914) to work on /home/airflow/.local/lib/python3.12/site-packages/airflow/example_dags/example_python_decorator.py
[2024-05-05T15:49:43.636+0000] {processor.py:830} INFO - Processing file /home/airflow/.local/lib/python3.12/site-packages/airflow/example_dags/example_python_decorator.py for tasks to queue
[2024-05-05T15:49:43.637+0000] {logging_mixin.py:188} INFO - [2024-05-05T15:49:43.637+0000] {dagbag.py:540} INFO - Filling up the DagBag from /home/airflow/.local/lib/python3.12/site-packages/airflow/example_dags/example_python_decorator.py
[2024-05-05T15:49:43.654+0000] {processor.py:840} INFO - DAG(s) 'example_python_decorator' retrieved from /home/airflow/.local/lib/python3.12/site-packages/airflow/example_dags/example_python_decorator.py
[2024-05-05T15:49:43.682+0000] {logging_mixin.py:188} INFO - [2024-05-05T15:49:43.682+0000] {dag.py:3096} INFO - Sync 1 DAGs
[2024-05-05T15:49:43.699+0000] {logging_mixin.py:188} INFO - [2024-05-05T15:49:43.698+0000] {dag.py:3954} INFO - Setting next_dagrun for example_python_decorator to None, run_after=None
[2024-05-05T15:49:43.727+0000] {processor.py:183} INFO - Processing /home/airflow/.local/lib/python3.12/site-packages/airflow/example_dags/example_python_decorator.py took 0.099 seconds
[2024-05-05T15:50:14.316+0000] {processor.py:161} INFO - Started process (PID=1973) to work on /home/airflow/.local/lib/python3.12/site-packages/airflow/example_dags/example_python_decorator.py
[2024-05-05T15:50:14.317+0000] {processor.py:830} INFO - Processing file /home/airflow/.local/lib/python3.12/site-packages/airflow/example_dags/example_python_decorator.py for tasks to queue
[2024-05-05T15:50:14.319+0000] {logging_mixin.py:188} INFO - [2024-05-05T15:50:14.318+0000] {dagbag.py:540} INFO - Filling up the DagBag from /home/airflow/.local/lib/python3.12/site-packages/airflow/example_dags/example_python_decorator.py
[2024-05-05T15:50:14.334+0000] {processor.py:840} INFO - DAG(s) 'example_python_decorator' retrieved from /home/airflow/.local/lib/python3.12/site-packages/airflow/example_dags/example_python_decorator.py
[2024-05-05T15:50:14.376+0000] {logging_mixin.py:188} INFO - [2024-05-05T15:50:14.376+0000] {dag.py:3096} INFO - Sync 1 DAGs
[2024-05-05T15:50:14.403+0000] {logging_mixin.py:188} INFO - [2024-05-05T15:50:14.403+0000] {dag.py:3954} INFO - Setting next_dagrun for example_python_decorator to None, run_after=None
[2024-05-05T15:50:14.429+0000] {processor.py:183} INFO - Processing /home/airflow/.local/lib/python3.12/site-packages/airflow/example_dags/example_python_decorator.py took 0.119 seconds
[2024-05-05T15:50:44.571+0000] {processor.py:161} INFO - Started process (PID=2032) to work on /home/airflow/.local/lib/python3.12/site-packages/airflow/example_dags/example_python_decorator.py
[2024-05-05T15:50:44.581+0000] {processor.py:830} INFO - Processing file /home/airflow/.local/lib/python3.12/site-packages/airflow/example_dags/example_python_decorator.py for tasks to queue
[2024-05-05T15:50:44.583+0000] {logging_mixin.py:188} INFO - [2024-05-05T15:50:44.583+0000] {dagbag.py:540} INFO - Filling up the DagBag from /home/airflow/.local/lib/python3.12/site-packages/airflow/example_dags/example_python_decorator.py
[2024-05-05T15:50:44.663+0000] {processor.py:840} INFO - DAG(s) 'example_python_decorator' retrieved from /home/airflow/.local/lib/python3.12/site-packages/airflow/example_dags/example_python_decorator.py
[2024-05-05T15:50:44.794+0000] {logging_mixin.py:188} INFO - [2024-05-05T15:50:44.794+0000] {dag.py:3096} INFO - Sync 1 DAGs
[2024-05-05T15:50:44.823+0000] {logging_mixin.py:188} INFO - [2024-05-05T15:50:44.822+0000] {dag.py:3954} INFO - Setting next_dagrun for example_python_decorator to None, run_after=None
[2024-05-05T15:50:44.884+0000] {processor.py:183} INFO - Processing /home/airflow/.local/lib/python3.12/site-packages/airflow/example_dags/example_python_decorator.py took 0.320 seconds
[2024-05-05T15:51:15.045+0000] {processor.py:161} INFO - Started process (PID=2091) to work on /home/airflow/.local/lib/python3.12/site-packages/airflow/example_dags/example_python_decorator.py
[2024-05-05T15:51:15.050+0000] {processor.py:830} INFO - Processing file /home/airflow/.local/lib/python3.12/site-packages/airflow/example_dags/example_python_decorator.py for tasks to queue
[2024-05-05T15:51:15.056+0000] {logging_mixin.py:188} INFO - [2024-05-05T15:51:15.055+0000] {dagbag.py:540} INFO - Filling up the DagBag from /home/airflow/.local/lib/python3.12/site-packages/airflow/example_dags/example_python_decorator.py
[2024-05-05T15:51:15.077+0000] {processor.py:840} INFO - DAG(s) 'example_python_decorator' retrieved from /home/airflow/.local/lib/python3.12/site-packages/airflow/example_dags/example_python_decorator.py
[2024-05-05T15:51:15.212+0000] {logging_mixin.py:188} INFO - [2024-05-05T15:51:15.211+0000] {dag.py:3096} INFO - Sync 1 DAGs
[2024-05-05T15:51:15.228+0000] {logging_mixin.py:188} INFO - [2024-05-05T15:51:15.228+0000] {dag.py:3954} INFO - Setting next_dagrun for example_python_decorator to None, run_after=None
[2024-05-05T15:51:15.253+0000] {processor.py:183} INFO - Processing /home/airflow/.local/lib/python3.12/site-packages/airflow/example_dags/example_python_decorator.py took 0.215 seconds
[2024-05-05T15:51:45.301+0000] {processor.py:161} INFO - Started process (PID=2147) to work on /home/airflow/.local/lib/python3.12/site-packages/airflow/example_dags/example_python_decorator.py
[2024-05-05T15:51:45.301+0000] {processor.py:830} INFO - Processing file /home/airflow/.local/lib/python3.12/site-packages/airflow/example_dags/example_python_decorator.py for tasks to queue
[2024-05-05T15:51:45.303+0000] {logging_mixin.py:188} INFO - [2024-05-05T15:51:45.303+0000] {dagbag.py:540} INFO - Filling up the DagBag from /home/airflow/.local/lib/python3.12/site-packages/airflow/example_dags/example_python_decorator.py
[2024-05-05T15:51:45.319+0000] {processor.py:840} INFO - DAG(s) 'example_python_decorator' retrieved from /home/airflow/.local/lib/python3.12/site-packages/airflow/example_dags/example_python_decorator.py
[2024-05-05T15:51:45.348+0000] {logging_mixin.py:188} INFO - [2024-05-05T15:51:45.348+0000] {dag.py:3096} INFO - Sync 1 DAGs
[2024-05-05T15:51:45.363+0000] {logging_mixin.py:188} INFO - [2024-05-05T15:51:45.363+0000] {dag.py:3954} INFO - Setting next_dagrun for example_python_decorator to None, run_after=None
[2024-05-05T15:51:45.388+0000] {processor.py:183} INFO - Processing /home/airflow/.local/lib/python3.12/site-packages/airflow/example_dags/example_python_decorator.py took 0.094 seconds
[2024-05-05T15:52:15.489+0000] {processor.py:161} INFO - Started process (PID=2207) to work on /home/airflow/.local/lib/python3.12/site-packages/airflow/example_dags/example_python_decorator.py
[2024-05-05T15:52:15.492+0000] {processor.py:830} INFO - Processing file /home/airflow/.local/lib/python3.12/site-packages/airflow/example_dags/example_python_decorator.py for tasks to queue
[2024-05-05T15:52:15.494+0000] {logging_mixin.py:188} INFO - [2024-05-05T15:52:15.493+0000] {dagbag.py:540} INFO - Filling up the DagBag from /home/airflow/.local/lib/python3.12/site-packages/airflow/example_dags/example_python_decorator.py
[2024-05-05T15:52:15.515+0000] {processor.py:840} INFO - DAG(s) 'example_python_decorator' retrieved from /home/airflow/.local/lib/python3.12/site-packages/airflow/example_dags/example_python_decorator.py
[2024-05-05T15:52:15.544+0000] {logging_mixin.py:188} INFO - [2024-05-05T15:52:15.543+0000] {dag.py:3096} INFO - Sync 1 DAGs
[2024-05-05T15:52:15.559+0000] {logging_mixin.py:188} INFO - [2024-05-05T15:52:15.558+0000] {dag.py:3954} INFO - Setting next_dagrun for example_python_decorator to None, run_after=None
[2024-05-05T15:52:15.591+0000] {processor.py:183} INFO - Processing /home/airflow/.local/lib/python3.12/site-packages/airflow/example_dags/example_python_decorator.py took 0.109 seconds
[2024-05-05T15:52:45.704+0000] {processor.py:161} INFO - Started process (PID=2266) to work on /home/airflow/.local/lib/python3.12/site-packages/airflow/example_dags/example_python_decorator.py
[2024-05-05T15:52:45.705+0000] {processor.py:830} INFO - Processing file /home/airflow/.local/lib/python3.12/site-packages/airflow/example_dags/example_python_decorator.py for tasks to queue
[2024-05-05T15:52:45.706+0000] {logging_mixin.py:188} INFO - [2024-05-05T15:52:45.706+0000] {dagbag.py:540} INFO - Filling up the DagBag from /home/airflow/.local/lib/python3.12/site-packages/airflow/example_dags/example_python_decorator.py
[2024-05-05T15:52:45.739+0000] {processor.py:840} INFO - DAG(s) 'example_python_decorator' retrieved from /home/airflow/.local/lib/python3.12/site-packages/airflow/example_dags/example_python_decorator.py
[2024-05-05T15:52:45.791+0000] {logging_mixin.py:188} INFO - [2024-05-05T15:52:45.791+0000] {dag.py:3096} INFO - Sync 1 DAGs
[2024-05-05T15:52:45.815+0000] {logging_mixin.py:188} INFO - [2024-05-05T15:52:45.814+0000] {dag.py:3954} INFO - Setting next_dagrun for example_python_decorator to None, run_after=None
[2024-05-05T15:52:45.861+0000] {processor.py:183} INFO - Processing /home/airflow/.local/lib/python3.12/site-packages/airflow/example_dags/example_python_decorator.py took 0.171 seconds
[2024-05-05T15:53:16.498+0000] {processor.py:161} INFO - Started process (PID=2326) to work on /home/airflow/.local/lib/python3.12/site-packages/airflow/example_dags/example_python_decorator.py
[2024-05-05T15:53:16.516+0000] {processor.py:830} INFO - Processing file /home/airflow/.local/lib/python3.12/site-packages/airflow/example_dags/example_python_decorator.py for tasks to queue
[2024-05-05T15:53:16.522+0000] {logging_mixin.py:188} INFO - [2024-05-05T15:53:16.522+0000] {dagbag.py:540} INFO - Filling up the DagBag from /home/airflow/.local/lib/python3.12/site-packages/airflow/example_dags/example_python_decorator.py
[2024-05-05T15:53:16.604+0000] {processor.py:840} INFO - DAG(s) 'example_python_decorator' retrieved from /home/airflow/.local/lib/python3.12/site-packages/airflow/example_dags/example_python_decorator.py
[2024-05-05T15:53:16.719+0000] {logging_mixin.py:188} INFO - [2024-05-05T15:53:16.719+0000] {dag.py:3096} INFO - Sync 1 DAGs
[2024-05-05T15:53:16.790+0000] {logging_mixin.py:188} INFO - [2024-05-05T15:53:16.790+0000] {dag.py:3954} INFO - Setting next_dagrun for example_python_decorator to None, run_after=None
[2024-05-05T15:53:17.003+0000] {processor.py:183} INFO - Processing /home/airflow/.local/lib/python3.12/site-packages/airflow/example_dags/example_python_decorator.py took 0.528 seconds
[2024-05-05T15:53:47.828+0000] {processor.py:161} INFO - Started process (PID=2386) to work on /home/airflow/.local/lib/python3.12/site-packages/airflow/example_dags/example_python_decorator.py
[2024-05-05T15:53:47.829+0000] {processor.py:830} INFO - Processing file /home/airflow/.local/lib/python3.12/site-packages/airflow/example_dags/example_python_decorator.py for tasks to queue
[2024-05-05T15:53:47.830+0000] {logging_mixin.py:188} INFO - [2024-05-05T15:53:47.830+0000] {dagbag.py:540} INFO - Filling up the DagBag from /home/airflow/.local/lib/python3.12/site-packages/airflow/example_dags/example_python_decorator.py
[2024-05-05T15:53:47.846+0000] {processor.py:840} INFO - DAG(s) 'example_python_decorator' retrieved from /home/airflow/.local/lib/python3.12/site-packages/airflow/example_dags/example_python_decorator.py
[2024-05-05T15:53:47.877+0000] {logging_mixin.py:188} INFO - [2024-05-05T15:53:47.877+0000] {dag.py:3096} INFO - Sync 1 DAGs
[2024-05-05T15:53:47.892+0000] {logging_mixin.py:188} INFO - [2024-05-05T15:53:47.892+0000] {dag.py:3954} INFO - Setting next_dagrun for example_python_decorator to None, run_after=None
[2024-05-05T15:53:47.935+0000] {processor.py:183} INFO - Processing /home/airflow/.local/lib/python3.12/site-packages/airflow/example_dags/example_python_decorator.py took 0.113 seconds
[2024-05-05T15:54:18.743+0000] {processor.py:161} INFO - Started process (PID=2446) to work on /home/airflow/.local/lib/python3.12/site-packages/airflow/example_dags/example_python_decorator.py
[2024-05-05T15:54:18.744+0000] {processor.py:830} INFO - Processing file /home/airflow/.local/lib/python3.12/site-packages/airflow/example_dags/example_python_decorator.py for tasks to queue
[2024-05-05T15:54:18.746+0000] {logging_mixin.py:188} INFO - [2024-05-05T15:54:18.746+0000] {dagbag.py:540} INFO - Filling up the DagBag from /home/airflow/.local/lib/python3.12/site-packages/airflow/example_dags/example_python_decorator.py
[2024-05-05T15:54:18.762+0000] {processor.py:840} INFO - DAG(s) 'example_python_decorator' retrieved from /home/airflow/.local/lib/python3.12/site-packages/airflow/example_dags/example_python_decorator.py
[2024-05-05T15:54:18.792+0000] {logging_mixin.py:188} INFO - [2024-05-05T15:54:18.792+0000] {dag.py:3096} INFO - Sync 1 DAGs
[2024-05-05T15:54:18.817+0000] {logging_mixin.py:188} INFO - [2024-05-05T15:54:18.808+0000] {dag.py:3954} INFO - Setting next_dagrun for example_python_decorator to None, run_after=None
[2024-05-05T15:54:18.852+0000] {processor.py:183} INFO - Processing /home/airflow/.local/lib/python3.12/site-packages/airflow/example_dags/example_python_decorator.py took 0.115 seconds
[2024-05-05T15:54:49.309+0000] {processor.py:161} INFO - Started process (PID=2506) to work on /home/airflow/.local/lib/python3.12/site-packages/airflow/example_dags/example_python_decorator.py
[2024-05-05T15:54:49.310+0000] {processor.py:830} INFO - Processing file /home/airflow/.local/lib/python3.12/site-packages/airflow/example_dags/example_python_decorator.py for tasks to queue
[2024-05-05T15:54:49.312+0000] {logging_mixin.py:188} INFO - [2024-05-05T15:54:49.311+0000] {dagbag.py:540} INFO - Filling up the DagBag from /home/airflow/.local/lib/python3.12/site-packages/airflow/example_dags/example_python_decorator.py
[2024-05-05T15:54:49.330+0000] {processor.py:840} INFO - DAG(s) 'example_python_decorator' retrieved from /home/airflow/.local/lib/python3.12/site-packages/airflow/example_dags/example_python_decorator.py
[2024-05-05T15:54:49.383+0000] {logging_mixin.py:188} INFO - [2024-05-05T15:54:49.382+0000] {dag.py:3096} INFO - Sync 1 DAGs
[2024-05-05T15:54:49.398+0000] {logging_mixin.py:188} INFO - [2024-05-05T15:54:49.398+0000] {dag.py:3954} INFO - Setting next_dagrun for example_python_decorator to None, run_after=None
[2024-05-05T15:54:49.421+0000] {processor.py:183} INFO - Processing /home/airflow/.local/lib/python3.12/site-packages/airflow/example_dags/example_python_decorator.py took 0.119 seconds
[2024-05-05T15:55:19.501+0000] {processor.py:161} INFO - Started process (PID=2566) to work on /home/airflow/.local/lib/python3.12/site-packages/airflow/example_dags/example_python_decorator.py
[2024-05-05T15:55:19.502+0000] {processor.py:830} INFO - Processing file /home/airflow/.local/lib/python3.12/site-packages/airflow/example_dags/example_python_decorator.py for tasks to queue
[2024-05-05T15:55:19.503+0000] {logging_mixin.py:188} INFO - [2024-05-05T15:55:19.503+0000] {dagbag.py:540} INFO - Filling up the DagBag from /home/airflow/.local/lib/python3.12/site-packages/airflow/example_dags/example_python_decorator.py
[2024-05-05T15:55:19.514+0000] {processor.py:840} INFO - DAG(s) 'example_python_decorator' retrieved from /home/airflow/.local/lib/python3.12/site-packages/airflow/example_dags/example_python_decorator.py
[2024-05-05T15:55:19.534+0000] {logging_mixin.py:188} INFO - [2024-05-05T15:55:19.534+0000] {dag.py:3096} INFO - Sync 1 DAGs
[2024-05-05T15:55:19.546+0000] {logging_mixin.py:188} INFO - [2024-05-05T15:55:19.546+0000] {dag.py:3954} INFO - Setting next_dagrun for example_python_decorator to None, run_after=None
[2024-05-05T15:55:19.566+0000] {processor.py:183} INFO - Processing /home/airflow/.local/lib/python3.12/site-packages/airflow/example_dags/example_python_decorator.py took 0.071 seconds
[2024-05-05T15:55:50.433+0000] {processor.py:161} INFO - Started process (PID=2626) to work on /home/airflow/.local/lib/python3.12/site-packages/airflow/example_dags/example_python_decorator.py
[2024-05-05T15:55:50.433+0000] {processor.py:830} INFO - Processing file /home/airflow/.local/lib/python3.12/site-packages/airflow/example_dags/example_python_decorator.py for tasks to queue
[2024-05-05T15:55:50.435+0000] {logging_mixin.py:188} INFO - [2024-05-05T15:55:50.435+0000] {dagbag.py:540} INFO - Filling up the DagBag from /home/airflow/.local/lib/python3.12/site-packages/airflow/example_dags/example_python_decorator.py
[2024-05-05T15:55:50.452+0000] {processor.py:840} INFO - DAG(s) 'example_python_decorator' retrieved from /home/airflow/.local/lib/python3.12/site-packages/airflow/example_dags/example_python_decorator.py
[2024-05-05T15:55:50.483+0000] {logging_mixin.py:188} INFO - [2024-05-05T15:55:50.482+0000] {dag.py:3096} INFO - Sync 1 DAGs
[2024-05-05T15:55:50.498+0000] {logging_mixin.py:188} INFO - [2024-05-05T15:55:50.498+0000] {dag.py:3954} INFO - Setting next_dagrun for example_python_decorator to None, run_after=None
[2024-05-05T15:55:50.527+0000] {processor.py:183} INFO - Processing /home/airflow/.local/lib/python3.12/site-packages/airflow/example_dags/example_python_decorator.py took 0.102 seconds
[2024-05-05T15:56:21.186+0000] {processor.py:161} INFO - Started process (PID=2686) to work on /home/airflow/.local/lib/python3.12/site-packages/airflow/example_dags/example_python_decorator.py
[2024-05-05T15:56:21.187+0000] {processor.py:830} INFO - Processing file /home/airflow/.local/lib/python3.12/site-packages/airflow/example_dags/example_python_decorator.py for tasks to queue
[2024-05-05T15:56:21.189+0000] {logging_mixin.py:188} INFO - [2024-05-05T15:56:21.189+0000] {dagbag.py:540} INFO - Filling up the DagBag from /home/airflow/.local/lib/python3.12/site-packages/airflow/example_dags/example_python_decorator.py
[2024-05-05T15:56:21.206+0000] {processor.py:840} INFO - DAG(s) 'example_python_decorator' retrieved from /home/airflow/.local/lib/python3.12/site-packages/airflow/example_dags/example_python_decorator.py
[2024-05-05T15:56:21.234+0000] {logging_mixin.py:188} INFO - [2024-05-05T15:56:21.233+0000] {dag.py:3096} INFO - Sync 1 DAGs
[2024-05-05T15:56:21.246+0000] {logging_mixin.py:188} INFO - [2024-05-05T15:56:21.246+0000] {dag.py:3954} INFO - Setting next_dagrun for example_python_decorator to None, run_after=None
[2024-05-05T15:56:21.272+0000] {processor.py:183} INFO - Processing /home/airflow/.local/lib/python3.12/site-packages/airflow/example_dags/example_python_decorator.py took 0.093 seconds
[2024-05-05T15:56:52.632+0000] {processor.py:161} INFO - Started process (PID=2746) to work on /home/airflow/.local/lib/python3.12/site-packages/airflow/example_dags/example_python_decorator.py
[2024-05-05T15:56:52.633+0000] {processor.py:830} INFO - Processing file /home/airflow/.local/lib/python3.12/site-packages/airflow/example_dags/example_python_decorator.py for tasks to queue
[2024-05-05T15:56:52.639+0000] {logging_mixin.py:188} INFO - [2024-05-05T15:56:52.639+0000] {dagbag.py:540} INFO - Filling up the DagBag from /home/airflow/.local/lib/python3.12/site-packages/airflow/example_dags/example_python_decorator.py
[2024-05-05T15:56:52.712+0000] {processor.py:840} INFO - DAG(s) 'example_python_decorator' retrieved from /home/airflow/.local/lib/python3.12/site-packages/airflow/example_dags/example_python_decorator.py
[2024-05-05T15:56:52.804+0000] {logging_mixin.py:188} INFO - [2024-05-05T15:56:52.804+0000] {dag.py:3096} INFO - Sync 1 DAGs
[2024-05-05T15:56:52.854+0000] {logging_mixin.py:188} INFO - [2024-05-05T15:56:52.854+0000] {dag.py:3954} INFO - Setting next_dagrun for example_python_decorator to None, run_after=None
[2024-05-05T15:56:52.916+0000] {processor.py:183} INFO - Processing /home/airflow/.local/lib/python3.12/site-packages/airflow/example_dags/example_python_decorator.py took 0.299 seconds
[2024-05-05T15:57:23.497+0000] {processor.py:161} INFO - Started process (PID=2806) to work on /home/airflow/.local/lib/python3.12/site-packages/airflow/example_dags/example_python_decorator.py
[2024-05-05T15:57:23.498+0000] {processor.py:830} INFO - Processing file /home/airflow/.local/lib/python3.12/site-packages/airflow/example_dags/example_python_decorator.py for tasks to queue
[2024-05-05T15:57:23.500+0000] {logging_mixin.py:188} INFO - [2024-05-05T15:57:23.499+0000] {dagbag.py:540} INFO - Filling up the DagBag from /home/airflow/.local/lib/python3.12/site-packages/airflow/example_dags/example_python_decorator.py
[2024-05-05T15:57:23.517+0000] {processor.py:840} INFO - DAG(s) 'example_python_decorator' retrieved from /home/airflow/.local/lib/python3.12/site-packages/airflow/example_dags/example_python_decorator.py
[2024-05-05T15:57:23.545+0000] {logging_mixin.py:188} INFO - [2024-05-05T15:57:23.544+0000] {dag.py:3096} INFO - Sync 1 DAGs
[2024-05-05T15:57:23.560+0000] {logging_mixin.py:188} INFO - [2024-05-05T15:57:23.560+0000] {dag.py:3954} INFO - Setting next_dagrun for example_python_decorator to None, run_after=None
[2024-05-05T15:57:23.589+0000] {processor.py:183} INFO - Processing /home/airflow/.local/lib/python3.12/site-packages/airflow/example_dags/example_python_decorator.py took 0.101 seconds
[2024-05-05T15:57:53.796+0000] {processor.py:161} INFO - Started process (PID=2866) to work on /home/airflow/.local/lib/python3.12/site-packages/airflow/example_dags/example_python_decorator.py
[2024-05-05T15:57:53.797+0000] {processor.py:830} INFO - Processing file /home/airflow/.local/lib/python3.12/site-packages/airflow/example_dags/example_python_decorator.py for tasks to queue
[2024-05-05T15:57:53.799+0000] {logging_mixin.py:188} INFO - [2024-05-05T15:57:53.798+0000] {dagbag.py:540} INFO - Filling up the DagBag from /home/airflow/.local/lib/python3.12/site-packages/airflow/example_dags/example_python_decorator.py
[2024-05-05T15:57:53.814+0000] {processor.py:840} INFO - DAG(s) 'example_python_decorator' retrieved from /home/airflow/.local/lib/python3.12/site-packages/airflow/example_dags/example_python_decorator.py
[2024-05-05T15:57:53.850+0000] {logging_mixin.py:188} INFO - [2024-05-05T15:57:53.849+0000] {dag.py:3096} INFO - Sync 1 DAGs
[2024-05-05T15:57:53.864+0000] {logging_mixin.py:188} INFO - [2024-05-05T15:57:53.864+0000] {dag.py:3954} INFO - Setting next_dagrun for example_python_decorator to None, run_after=None
[2024-05-05T15:57:53.889+0000] {processor.py:183} INFO - Processing /home/airflow/.local/lib/python3.12/site-packages/airflow/example_dags/example_python_decorator.py took 0.100 seconds
[2024-05-05T15:58:24.463+0000] {processor.py:161} INFO - Started process (PID=2929) to work on /home/airflow/.local/lib/python3.12/site-packages/airflow/example_dags/example_python_decorator.py
[2024-05-05T15:58:24.464+0000] {processor.py:830} INFO - Processing file /home/airflow/.local/lib/python3.12/site-packages/airflow/example_dags/example_python_decorator.py for tasks to queue
[2024-05-05T15:58:24.467+0000] {logging_mixin.py:188} INFO - [2024-05-05T15:58:24.466+0000] {dagbag.py:540} INFO - Filling up the DagBag from /home/airflow/.local/lib/python3.12/site-packages/airflow/example_dags/example_python_decorator.py
[2024-05-05T15:58:24.483+0000] {processor.py:840} INFO - DAG(s) 'example_python_decorator' retrieved from /home/airflow/.local/lib/python3.12/site-packages/airflow/example_dags/example_python_decorator.py
[2024-05-05T15:58:24.513+0000] {logging_mixin.py:188} INFO - [2024-05-05T15:58:24.513+0000] {dag.py:3096} INFO - Sync 1 DAGs
[2024-05-05T15:58:24.528+0000] {logging_mixin.py:188} INFO - [2024-05-05T15:58:24.528+0000] {dag.py:3954} INFO - Setting next_dagrun for example_python_decorator to None, run_after=None
[2024-05-05T15:58:24.556+0000] {processor.py:183} INFO - Processing /home/airflow/.local/lib/python3.12/site-packages/airflow/example_dags/example_python_decorator.py took 0.100 seconds
[2024-05-05T15:58:55.511+0000] {processor.py:161} INFO - Started process (PID=2996) to work on /home/airflow/.local/lib/python3.12/site-packages/airflow/example_dags/example_python_decorator.py
[2024-05-05T15:58:55.523+0000] {processor.py:830} INFO - Processing file /home/airflow/.local/lib/python3.12/site-packages/airflow/example_dags/example_python_decorator.py for tasks to queue
[2024-05-05T15:58:55.526+0000] {logging_mixin.py:188} INFO - [2024-05-05T15:58:55.525+0000] {dagbag.py:540} INFO - Filling up the DagBag from /home/airflow/.local/lib/python3.12/site-packages/airflow/example_dags/example_python_decorator.py
[2024-05-05T15:58:55.585+0000] {processor.py:840} INFO - DAG(s) 'example_python_decorator' retrieved from /home/airflow/.local/lib/python3.12/site-packages/airflow/example_dags/example_python_decorator.py
[2024-05-05T15:58:55.793+0000] {logging_mixin.py:188} INFO - [2024-05-05T15:58:55.793+0000] {dag.py:3096} INFO - Sync 1 DAGs
[2024-05-05T15:58:55.835+0000] {logging_mixin.py:188} INFO - [2024-05-05T15:58:55.835+0000] {dag.py:3954} INFO - Setting next_dagrun for example_python_decorator to None, run_after=None
[2024-05-05T15:58:55.889+0000] {processor.py:183} INFO - Processing /home/airflow/.local/lib/python3.12/site-packages/airflow/example_dags/example_python_decorator.py took 0.407 seconds
[2024-05-05T15:59:27.897+0000] {processor.py:161} INFO - Started process (PID=3057) to work on /home/airflow/.local/lib/python3.12/site-packages/airflow/example_dags/example_python_decorator.py
[2024-05-05T15:59:27.904+0000] {processor.py:830} INFO - Processing file /home/airflow/.local/lib/python3.12/site-packages/airflow/example_dags/example_python_decorator.py for tasks to queue
[2024-05-05T15:59:27.907+0000] {logging_mixin.py:188} INFO - [2024-05-05T15:59:27.907+0000] {dagbag.py:540} INFO - Filling up the DagBag from /home/airflow/.local/lib/python3.12/site-packages/airflow/example_dags/example_python_decorator.py
[2024-05-05T15:59:27.971+0000] {processor.py:840} INFO - DAG(s) 'example_python_decorator' retrieved from /home/airflow/.local/lib/python3.12/site-packages/airflow/example_dags/example_python_decorator.py
[2024-05-05T15:59:28.092+0000] {logging_mixin.py:188} INFO - [2024-05-05T15:59:28.092+0000] {dag.py:3096} INFO - Sync 1 DAGs
[2024-05-05T15:59:28.157+0000] {logging_mixin.py:188} INFO - [2024-05-05T15:59:28.157+0000] {dag.py:3954} INFO - Setting next_dagrun for example_python_decorator to None, run_after=None
[2024-05-05T15:59:28.240+0000] {processor.py:183} INFO - Processing /home/airflow/.local/lib/python3.12/site-packages/airflow/example_dags/example_python_decorator.py took 0.363 seconds
[2024-05-05T16:00:02.493+0000] {processor.py:161} INFO - Started process (PID=3118) to work on /home/airflow/.local/lib/python3.12/site-packages/airflow/example_dags/example_python_decorator.py
[2024-05-05T16:00:02.501+0000] {processor.py:830} INFO - Processing file /home/airflow/.local/lib/python3.12/site-packages/airflow/example_dags/example_python_decorator.py for tasks to queue
[2024-05-05T16:00:02.513+0000] {logging_mixin.py:188} INFO - [2024-05-05T16:00:02.512+0000] {dagbag.py:540} INFO - Filling up the DagBag from /home/airflow/.local/lib/python3.12/site-packages/airflow/example_dags/example_python_decorator.py
[2024-05-05T16:00:02.705+0000] {processor.py:840} INFO - DAG(s) 'example_python_decorator' retrieved from /home/airflow/.local/lib/python3.12/site-packages/airflow/example_dags/example_python_decorator.py
[2024-05-05T16:00:03.105+0000] {logging_mixin.py:188} INFO - [2024-05-05T16:00:03.104+0000] {dag.py:3096} INFO - Sync 1 DAGs
[2024-05-05T16:00:03.335+0000] {logging_mixin.py:188} INFO - [2024-05-05T16:00:03.335+0000] {dag.py:3954} INFO - Setting next_dagrun for example_python_decorator to None, run_after=None
[2024-05-05T16:00:03.675+0000] {processor.py:183} INFO - Processing /home/airflow/.local/lib/python3.12/site-packages/airflow/example_dags/example_python_decorator.py took 1.315 seconds
