[2024-05-05T15:33:33.893+0000] {processor.py:161} INFO - Started process (PID=72) to work on /home/airflow/.local/lib/python3.12/site-packages/airflow/example_dags/example_display_name.py
[2024-05-05T15:33:33.903+0000] {processor.py:830} INFO - Processing file /home/airflow/.local/lib/python3.12/site-packages/airflow/example_dags/example_display_name.py for tasks to queue
[2024-05-05T15:33:33.976+0000] {logging_mixin.py:188} INFO - [2024-05-05T15:33:33.975+0000] {dagbag.py:540} INFO - Filling up the DagBag from /home/airflow/.local/lib/python3.12/site-packages/airflow/example_dags/example_display_name.py
[2024-05-05T15:33:34.015+0000] {processor.py:840} INFO - DAG(s) 'example_display_name' retrieved from /home/airflow/.local/lib/python3.12/site-packages/airflow/example_dags/example_display_name.py
[2024-05-05T15:33:34.784+0000] {logging_mixin.py:188} INFO - [2024-05-05T15:33:34.784+0000] {override.py:1829} INFO - Created Permission View: can edit on DAG:example_display_name
[2024-05-05T15:33:34.822+0000] {logging_mixin.py:188} INFO - [2024-05-05T15:33:34.821+0000] {override.py:1829} INFO - Created Permission View: can read on DAG:example_display_name
[2024-05-05T15:33:34.846+0000] {logging_mixin.py:188} INFO - [2024-05-05T15:33:34.846+0000] {override.py:1829} INFO - Created Permission View: can delete on DAG:example_display_name
[2024-05-05T15:33:34.850+0000] {logging_mixin.py:188} INFO - [2024-05-05T15:33:34.849+0000] {dag.py:3096} INFO - Sync 1 DAGs
[2024-05-05T15:33:34.911+0000] {logging_mixin.py:188} INFO - [2024-05-05T15:33:34.910+0000] {dag.py:3118} INFO - Creating ORM DAG for example_display_name
[2024-05-05T15:33:34.933+0000] {logging_mixin.py:188} INFO - [2024-05-05T15:33:34.932+0000] {dag.py:3954} INFO - Setting next_dagrun for example_display_name to None, run_after=None
[2024-05-05T15:33:35.005+0000] {processor.py:183} INFO - Processing /home/airflow/.local/lib/python3.12/site-packages/airflow/example_dags/example_display_name.py took 1.124 seconds
[2024-05-05T15:34:05.091+0000] {processor.py:161} INFO - Started process (PID=130) to work on /home/airflow/.local/lib/python3.12/site-packages/airflow/example_dags/example_display_name.py
[2024-05-05T15:34:05.092+0000] {processor.py:830} INFO - Processing file /home/airflow/.local/lib/python3.12/site-packages/airflow/example_dags/example_display_name.py for tasks to queue
[2024-05-05T15:34:05.093+0000] {logging_mixin.py:188} INFO - [2024-05-05T15:34:05.093+0000] {dagbag.py:540} INFO - Filling up the DagBag from /home/airflow/.local/lib/python3.12/site-packages/airflow/example_dags/example_display_name.py
[2024-05-05T15:34:05.098+0000] {processor.py:840} INFO - DAG(s) 'example_display_name' retrieved from /home/airflow/.local/lib/python3.12/site-packages/airflow/example_dags/example_display_name.py
[2024-05-05T15:34:05.121+0000] {logging_mixin.py:188} INFO - [2024-05-05T15:34:05.121+0000] {dag.py:3096} INFO - Sync 1 DAGs
[2024-05-05T15:34:05.148+0000] {logging_mixin.py:188} INFO - [2024-05-05T15:34:05.147+0000] {dag.py:3954} INFO - Setting next_dagrun for example_display_name to None, run_after=None
[2024-05-05T15:34:05.176+0000] {processor.py:183} INFO - Processing /home/airflow/.local/lib/python3.12/site-packages/airflow/example_dags/example_display_name.py took 0.089 seconds
[2024-05-05T15:34:35.646+0000] {processor.py:161} INFO - Started process (PID=188) to work on /home/airflow/.local/lib/python3.12/site-packages/airflow/example_dags/example_display_name.py
[2024-05-05T15:34:35.647+0000] {processor.py:830} INFO - Processing file /home/airflow/.local/lib/python3.12/site-packages/airflow/example_dags/example_display_name.py for tasks to queue
[2024-05-05T15:34:35.648+0000] {logging_mixin.py:188} INFO - [2024-05-05T15:34:35.648+0000] {dagbag.py:540} INFO - Filling up the DagBag from /home/airflow/.local/lib/python3.12/site-packages/airflow/example_dags/example_display_name.py
[2024-05-05T15:34:35.653+0000] {processor.py:840} INFO - DAG(s) 'example_display_name' retrieved from /home/airflow/.local/lib/python3.12/site-packages/airflow/example_dags/example_display_name.py
[2024-05-05T15:34:35.670+0000] {logging_mixin.py:188} INFO - [2024-05-05T15:34:35.670+0000] {dag.py:3096} INFO - Sync 1 DAGs
[2024-05-05T15:34:35.680+0000] {logging_mixin.py:188} INFO - [2024-05-05T15:34:35.680+0000] {dag.py:3954} INFO - Setting next_dagrun for example_display_name to None, run_after=None
[2024-05-05T15:34:35.701+0000] {processor.py:183} INFO - Processing /home/airflow/.local/lib/python3.12/site-packages/airflow/example_dags/example_display_name.py took 0.060 seconds
[2024-05-05T15:35:06.032+0000] {processor.py:161} INFO - Started process (PID=245) to work on /home/airflow/.local/lib/python3.12/site-packages/airflow/example_dags/example_display_name.py
[2024-05-05T15:35:06.033+0000] {processor.py:830} INFO - Processing file /home/airflow/.local/lib/python3.12/site-packages/airflow/example_dags/example_display_name.py for tasks to queue
[2024-05-05T15:35:06.034+0000] {logging_mixin.py:188} INFO - [2024-05-05T15:35:06.034+0000] {dagbag.py:540} INFO - Filling up the DagBag from /home/airflow/.local/lib/python3.12/site-packages/airflow/example_dags/example_display_name.py
[2024-05-05T15:35:06.039+0000] {processor.py:840} INFO - DAG(s) 'example_display_name' retrieved from /home/airflow/.local/lib/python3.12/site-packages/airflow/example_dags/example_display_name.py
[2024-05-05T15:35:06.056+0000] {logging_mixin.py:188} INFO - [2024-05-05T15:35:06.055+0000] {dag.py:3096} INFO - Sync 1 DAGs
[2024-05-05T15:35:06.066+0000] {logging_mixin.py:188} INFO - [2024-05-05T15:35:06.066+0000] {dag.py:3954} INFO - Setting next_dagrun for example_display_name to None, run_after=None
[2024-05-05T15:35:06.086+0000] {processor.py:183} INFO - Processing /home/airflow/.local/lib/python3.12/site-packages/airflow/example_dags/example_display_name.py took 0.059 seconds
[2024-05-05T15:35:36.570+0000] {processor.py:161} INFO - Started process (PID=303) to work on /home/airflow/.local/lib/python3.12/site-packages/airflow/example_dags/example_display_name.py
[2024-05-05T15:35:36.571+0000] {processor.py:830} INFO - Processing file /home/airflow/.local/lib/python3.12/site-packages/airflow/example_dags/example_display_name.py for tasks to queue
[2024-05-05T15:35:36.572+0000] {logging_mixin.py:188} INFO - [2024-05-05T15:35:36.572+0000] {dagbag.py:540} INFO - Filling up the DagBag from /home/airflow/.local/lib/python3.12/site-packages/airflow/example_dags/example_display_name.py
[2024-05-05T15:35:36.577+0000] {processor.py:840} INFO - DAG(s) 'example_display_name' retrieved from /home/airflow/.local/lib/python3.12/site-packages/airflow/example_dags/example_display_name.py
[2024-05-05T15:35:36.594+0000] {logging_mixin.py:188} INFO - [2024-05-05T15:35:36.594+0000] {dag.py:3096} INFO - Sync 1 DAGs
[2024-05-05T15:35:36.604+0000] {logging_mixin.py:188} INFO - [2024-05-05T15:35:36.604+0000] {dag.py:3954} INFO - Setting next_dagrun for example_display_name to None, run_after=None
[2024-05-05T15:35:36.625+0000] {processor.py:183} INFO - Processing /home/airflow/.local/lib/python3.12/site-packages/airflow/example_dags/example_display_name.py took 0.060 seconds
[2024-05-05T15:36:06.969+0000] {processor.py:161} INFO - Started process (PID=361) to work on /home/airflow/.local/lib/python3.12/site-packages/airflow/example_dags/example_display_name.py
[2024-05-05T15:36:06.969+0000] {processor.py:830} INFO - Processing file /home/airflow/.local/lib/python3.12/site-packages/airflow/example_dags/example_display_name.py for tasks to queue
[2024-05-05T15:36:06.971+0000] {logging_mixin.py:188} INFO - [2024-05-05T15:36:06.970+0000] {dagbag.py:540} INFO - Filling up the DagBag from /home/airflow/.local/lib/python3.12/site-packages/airflow/example_dags/example_display_name.py
[2024-05-05T15:36:06.975+0000] {processor.py:840} INFO - DAG(s) 'example_display_name' retrieved from /home/airflow/.local/lib/python3.12/site-packages/airflow/example_dags/example_display_name.py
[2024-05-05T15:36:06.991+0000] {logging_mixin.py:188} INFO - [2024-05-05T15:36:06.991+0000] {dag.py:3096} INFO - Sync 1 DAGs
[2024-05-05T15:36:07.003+0000] {logging_mixin.py:188} INFO - [2024-05-05T15:36:07.003+0000] {dag.py:3954} INFO - Setting next_dagrun for example_display_name to None, run_after=None
[2024-05-05T15:36:07.024+0000] {processor.py:183} INFO - Processing /home/airflow/.local/lib/python3.12/site-packages/airflow/example_dags/example_display_name.py took 0.060 seconds
[2024-05-05T15:36:37.183+0000] {processor.py:161} INFO - Started process (PID=420) to work on /home/airflow/.local/lib/python3.12/site-packages/airflow/example_dags/example_display_name.py
[2024-05-05T15:36:37.184+0000] {processor.py:830} INFO - Processing file /home/airflow/.local/lib/python3.12/site-packages/airflow/example_dags/example_display_name.py for tasks to queue
[2024-05-05T15:36:37.186+0000] {logging_mixin.py:188} INFO - [2024-05-05T15:36:37.186+0000] {dagbag.py:540} INFO - Filling up the DagBag from /home/airflow/.local/lib/python3.12/site-packages/airflow/example_dags/example_display_name.py
[2024-05-05T15:36:37.194+0000] {processor.py:840} INFO - DAG(s) 'example_display_name' retrieved from /home/airflow/.local/lib/python3.12/site-packages/airflow/example_dags/example_display_name.py
[2024-05-05T15:36:37.218+0000] {logging_mixin.py:188} INFO - [2024-05-05T15:36:37.218+0000] {dag.py:3096} INFO - Sync 1 DAGs
[2024-05-05T15:36:37.235+0000] {logging_mixin.py:188} INFO - [2024-05-05T15:36:37.234+0000] {dag.py:3954} INFO - Setting next_dagrun for example_display_name to None, run_after=None
[2024-05-05T15:36:37.267+0000] {processor.py:183} INFO - Processing /home/airflow/.local/lib/python3.12/site-packages/airflow/example_dags/example_display_name.py took 0.104 seconds
[2024-05-05T15:37:07.396+0000] {processor.py:161} INFO - Started process (PID=478) to work on /home/airflow/.local/lib/python3.12/site-packages/airflow/example_dags/example_display_name.py
[2024-05-05T15:37:07.397+0000] {processor.py:830} INFO - Processing file /home/airflow/.local/lib/python3.12/site-packages/airflow/example_dags/example_display_name.py for tasks to queue
[2024-05-05T15:37:07.399+0000] {logging_mixin.py:188} INFO - [2024-05-05T15:37:07.398+0000] {dagbag.py:540} INFO - Filling up the DagBag from /home/airflow/.local/lib/python3.12/site-packages/airflow/example_dags/example_display_name.py
[2024-05-05T15:37:07.405+0000] {processor.py:840} INFO - DAG(s) 'example_display_name' retrieved from /home/airflow/.local/lib/python3.12/site-packages/airflow/example_dags/example_display_name.py
[2024-05-05T15:37:07.455+0000] {logging_mixin.py:188} INFO - [2024-05-05T15:37:07.454+0000] {dag.py:3096} INFO - Sync 1 DAGs
[2024-05-05T15:37:07.476+0000] {logging_mixin.py:188} INFO - [2024-05-05T15:37:07.476+0000] {dag.py:3954} INFO - Setting next_dagrun for example_display_name to None, run_after=None
[2024-05-05T15:37:07.518+0000] {processor.py:183} INFO - Processing /home/airflow/.local/lib/python3.12/site-packages/airflow/example_dags/example_display_name.py took 0.148 seconds
[2024-05-05T15:37:38.001+0000] {processor.py:161} INFO - Started process (PID=537) to work on /home/airflow/.local/lib/python3.12/site-packages/airflow/example_dags/example_display_name.py
[2024-05-05T15:37:38.001+0000] {processor.py:830} INFO - Processing file /home/airflow/.local/lib/python3.12/site-packages/airflow/example_dags/example_display_name.py for tasks to queue
[2024-05-05T15:37:38.003+0000] {logging_mixin.py:188} INFO - [2024-05-05T15:37:38.003+0000] {dagbag.py:540} INFO - Filling up the DagBag from /home/airflow/.local/lib/python3.12/site-packages/airflow/example_dags/example_display_name.py
[2024-05-05T15:37:38.015+0000] {processor.py:840} INFO - DAG(s) 'example_display_name' retrieved from /home/airflow/.local/lib/python3.12/site-packages/airflow/example_dags/example_display_name.py
[2024-05-05T15:37:38.040+0000] {logging_mixin.py:188} INFO - [2024-05-05T15:37:38.039+0000] {dag.py:3096} INFO - Sync 1 DAGs
[2024-05-05T15:37:38.050+0000] {logging_mixin.py:188} INFO - [2024-05-05T15:37:38.050+0000] {dag.py:3954} INFO - Setting next_dagrun for example_display_name to None, run_after=None
[2024-05-05T15:37:38.070+0000] {processor.py:183} INFO - Processing /home/airflow/.local/lib/python3.12/site-packages/airflow/example_dags/example_display_name.py took 0.076 seconds
[2024-05-05T15:38:08.892+0000] {processor.py:161} INFO - Started process (PID=596) to work on /home/airflow/.local/lib/python3.12/site-packages/airflow/example_dags/example_display_name.py
[2024-05-05T15:38:08.893+0000] {processor.py:830} INFO - Processing file /home/airflow/.local/lib/python3.12/site-packages/airflow/example_dags/example_display_name.py for tasks to queue
[2024-05-05T15:38:08.895+0000] {logging_mixin.py:188} INFO - [2024-05-05T15:38:08.895+0000] {dagbag.py:540} INFO - Filling up the DagBag from /home/airflow/.local/lib/python3.12/site-packages/airflow/example_dags/example_display_name.py
[2024-05-05T15:38:08.903+0000] {processor.py:840} INFO - DAG(s) 'example_display_name' retrieved from /home/airflow/.local/lib/python3.12/site-packages/airflow/example_dags/example_display_name.py
[2024-05-05T15:38:08.923+0000] {logging_mixin.py:188} INFO - [2024-05-05T15:38:08.923+0000] {dag.py:3096} INFO - Sync 1 DAGs
[2024-05-05T15:38:08.937+0000] {logging_mixin.py:188} INFO - [2024-05-05T15:38:08.937+0000] {dag.py:3954} INFO - Setting next_dagrun for example_display_name to None, run_after=None
[2024-05-05T15:38:08.962+0000] {processor.py:183} INFO - Processing /home/airflow/.local/lib/python3.12/site-packages/airflow/example_dags/example_display_name.py took 0.076 seconds
[2024-05-05T15:38:39.153+0000] {processor.py:161} INFO - Started process (PID=654) to work on /home/airflow/.local/lib/python3.12/site-packages/airflow/example_dags/example_display_name.py
[2024-05-05T15:38:39.154+0000] {processor.py:830} INFO - Processing file /home/airflow/.local/lib/python3.12/site-packages/airflow/example_dags/example_display_name.py for tasks to queue
[2024-05-05T15:38:39.156+0000] {logging_mixin.py:188} INFO - [2024-05-05T15:38:39.155+0000] {dagbag.py:540} INFO - Filling up the DagBag from /home/airflow/.local/lib/python3.12/site-packages/airflow/example_dags/example_display_name.py
[2024-05-05T15:38:39.162+0000] {processor.py:840} INFO - DAG(s) 'example_display_name' retrieved from /home/airflow/.local/lib/python3.12/site-packages/airflow/example_dags/example_display_name.py
[2024-05-05T15:38:39.183+0000] {logging_mixin.py:188} INFO - [2024-05-05T15:38:39.183+0000] {dag.py:3096} INFO - Sync 1 DAGs
[2024-05-05T15:38:39.200+0000] {logging_mixin.py:188} INFO - [2024-05-05T15:38:39.199+0000] {dag.py:3954} INFO - Setting next_dagrun for example_display_name to None, run_after=None
[2024-05-05T15:38:39.223+0000] {processor.py:183} INFO - Processing /home/airflow/.local/lib/python3.12/site-packages/airflow/example_dags/example_display_name.py took 0.076 seconds
[2024-05-05T15:39:10.238+0000] {processor.py:161} INFO - Started process (PID=712) to work on /home/airflow/.local/lib/python3.12/site-packages/airflow/example_dags/example_display_name.py
[2024-05-05T15:39:10.239+0000] {processor.py:830} INFO - Processing file /home/airflow/.local/lib/python3.12/site-packages/airflow/example_dags/example_display_name.py for tasks to queue
[2024-05-05T15:39:10.241+0000] {logging_mixin.py:188} INFO - [2024-05-05T15:39:10.241+0000] {dagbag.py:540} INFO - Filling up the DagBag from /home/airflow/.local/lib/python3.12/site-packages/airflow/example_dags/example_display_name.py
[2024-05-05T15:39:10.246+0000] {processor.py:840} INFO - DAG(s) 'example_display_name' retrieved from /home/airflow/.local/lib/python3.12/site-packages/airflow/example_dags/example_display_name.py
[2024-05-05T15:39:10.267+0000] {logging_mixin.py:188} INFO - [2024-05-05T15:39:10.267+0000] {dag.py:3096} INFO - Sync 1 DAGs
[2024-05-05T15:39:10.280+0000] {logging_mixin.py:188} INFO - [2024-05-05T15:39:10.280+0000] {dag.py:3954} INFO - Setting next_dagrun for example_display_name to None, run_after=None
[2024-05-05T15:39:10.300+0000] {processor.py:183} INFO - Processing /home/airflow/.local/lib/python3.12/site-packages/airflow/example_dags/example_display_name.py took 0.068 seconds
[2024-05-05T15:39:41.113+0000] {processor.py:161} INFO - Started process (PID=771) to work on /home/airflow/.local/lib/python3.12/site-packages/airflow/example_dags/example_display_name.py
[2024-05-05T15:39:41.114+0000] {processor.py:830} INFO - Processing file /home/airflow/.local/lib/python3.12/site-packages/airflow/example_dags/example_display_name.py for tasks to queue
[2024-05-05T15:39:41.116+0000] {logging_mixin.py:188} INFO - [2024-05-05T15:39:41.116+0000] {dagbag.py:540} INFO - Filling up the DagBag from /home/airflow/.local/lib/python3.12/site-packages/airflow/example_dags/example_display_name.py
[2024-05-05T15:39:41.122+0000] {processor.py:840} INFO - DAG(s) 'example_display_name' retrieved from /home/airflow/.local/lib/python3.12/site-packages/airflow/example_dags/example_display_name.py
[2024-05-05T15:39:41.145+0000] {logging_mixin.py:188} INFO - [2024-05-05T15:39:41.145+0000] {dag.py:3096} INFO - Sync 1 DAGs
[2024-05-05T15:39:41.156+0000] {logging_mixin.py:188} INFO - [2024-05-05T15:39:41.155+0000] {dag.py:3954} INFO - Setting next_dagrun for example_display_name to None, run_after=None
[2024-05-05T15:39:41.175+0000] {processor.py:183} INFO - Processing /home/airflow/.local/lib/python3.12/site-packages/airflow/example_dags/example_display_name.py took 0.068 seconds
[2024-05-05T15:40:12.277+0000] {processor.py:161} INFO - Started process (PID=828) to work on /home/airflow/.local/lib/python3.12/site-packages/airflow/example_dags/example_display_name.py
[2024-05-05T15:40:12.278+0000] {processor.py:830} INFO - Processing file /home/airflow/.local/lib/python3.12/site-packages/airflow/example_dags/example_display_name.py for tasks to queue
[2024-05-05T15:40:12.281+0000] {logging_mixin.py:188} INFO - [2024-05-05T15:40:12.281+0000] {dagbag.py:540} INFO - Filling up the DagBag from /home/airflow/.local/lib/python3.12/site-packages/airflow/example_dags/example_display_name.py
[2024-05-05T15:40:12.289+0000] {processor.py:840} INFO - DAG(s) 'example_display_name' retrieved from /home/airflow/.local/lib/python3.12/site-packages/airflow/example_dags/example_display_name.py
[2024-05-05T15:40:12.323+0000] {logging_mixin.py:188} INFO - [2024-05-05T15:40:12.323+0000] {dag.py:3096} INFO - Sync 1 DAGs
[2024-05-05T15:40:12.339+0000] {logging_mixin.py:188} INFO - [2024-05-05T15:40:12.339+0000] {dag.py:3954} INFO - Setting next_dagrun for example_display_name to None, run_after=None
[2024-05-05T15:40:12.367+0000] {processor.py:183} INFO - Processing /home/airflow/.local/lib/python3.12/site-packages/airflow/example_dags/example_display_name.py took 0.098 seconds
[2024-05-05T15:40:43.111+0000] {processor.py:161} INFO - Started process (PID=886) to work on /home/airflow/.local/lib/python3.12/site-packages/airflow/example_dags/example_display_name.py
[2024-05-05T15:40:43.112+0000] {processor.py:830} INFO - Processing file /home/airflow/.local/lib/python3.12/site-packages/airflow/example_dags/example_display_name.py for tasks to queue
[2024-05-05T15:40:43.113+0000] {logging_mixin.py:188} INFO - [2024-05-05T15:40:43.113+0000] {dagbag.py:540} INFO - Filling up the DagBag from /home/airflow/.local/lib/python3.12/site-packages/airflow/example_dags/example_display_name.py
[2024-05-05T15:40:43.120+0000] {processor.py:840} INFO - DAG(s) 'example_display_name' retrieved from /home/airflow/.local/lib/python3.12/site-packages/airflow/example_dags/example_display_name.py
[2024-05-05T15:40:43.143+0000] {logging_mixin.py:188} INFO - [2024-05-05T15:40:43.143+0000] {dag.py:3096} INFO - Sync 1 DAGs
[2024-05-05T15:40:43.159+0000] {logging_mixin.py:188} INFO - [2024-05-05T15:40:43.158+0000] {dag.py:3954} INFO - Setting next_dagrun for example_display_name to None, run_after=None
[2024-05-05T15:40:43.185+0000] {processor.py:183} INFO - Processing /home/airflow/.local/lib/python3.12/site-packages/airflow/example_dags/example_display_name.py took 0.080 seconds
[2024-05-05T15:41:14.221+0000] {processor.py:161} INFO - Started process (PID=943) to work on /home/airflow/.local/lib/python3.12/site-packages/airflow/example_dags/example_display_name.py
[2024-05-05T15:41:14.222+0000] {processor.py:830} INFO - Processing file /home/airflow/.local/lib/python3.12/site-packages/airflow/example_dags/example_display_name.py for tasks to queue
[2024-05-05T15:41:14.224+0000] {logging_mixin.py:188} INFO - [2024-05-05T15:41:14.223+0000] {dagbag.py:540} INFO - Filling up the DagBag from /home/airflow/.local/lib/python3.12/site-packages/airflow/example_dags/example_display_name.py
[2024-05-05T15:41:14.230+0000] {processor.py:840} INFO - DAG(s) 'example_display_name' retrieved from /home/airflow/.local/lib/python3.12/site-packages/airflow/example_dags/example_display_name.py
[2024-05-05T15:41:14.253+0000] {logging_mixin.py:188} INFO - [2024-05-05T15:41:14.252+0000] {dag.py:3096} INFO - Sync 1 DAGs
[2024-05-05T15:41:14.463+0000] {logging_mixin.py:188} INFO - [2024-05-05T15:41:14.462+0000] {dag.py:3954} INFO - Setting next_dagrun for example_display_name to None, run_after=None
[2024-05-05T15:41:14.523+0000] {processor.py:183} INFO - Processing /home/airflow/.local/lib/python3.12/site-packages/airflow/example_dags/example_display_name.py took 0.309 seconds
[2024-05-05T15:41:45.274+0000] {processor.py:161} INFO - Started process (PID=1002) to work on /home/airflow/.local/lib/python3.12/site-packages/airflow/example_dags/example_display_name.py
[2024-05-05T15:41:45.280+0000] {processor.py:830} INFO - Processing file /home/airflow/.local/lib/python3.12/site-packages/airflow/example_dags/example_display_name.py for tasks to queue
[2024-05-05T15:41:45.284+0000] {logging_mixin.py:188} INFO - [2024-05-05T15:41:45.284+0000] {dagbag.py:540} INFO - Filling up the DagBag from /home/airflow/.local/lib/python3.12/site-packages/airflow/example_dags/example_display_name.py
[2024-05-05T15:41:45.301+0000] {processor.py:840} INFO - DAG(s) 'example_display_name' retrieved from /home/airflow/.local/lib/python3.12/site-packages/airflow/example_dags/example_display_name.py
[2024-05-05T15:41:45.363+0000] {logging_mixin.py:188} INFO - [2024-05-05T15:41:45.363+0000] {dag.py:3096} INFO - Sync 1 DAGs
[2024-05-05T15:41:45.406+0000] {logging_mixin.py:188} INFO - [2024-05-05T15:41:45.406+0000] {dag.py:3954} INFO - Setting next_dagrun for example_display_name to None, run_after=None
[2024-05-05T15:41:45.461+0000] {processor.py:183} INFO - Processing /home/airflow/.local/lib/python3.12/site-packages/airflow/example_dags/example_display_name.py took 0.203 seconds
[2024-05-05T15:42:15.981+0000] {processor.py:161} INFO - Started process (PID=1061) to work on /home/airflow/.local/lib/python3.12/site-packages/airflow/example_dags/example_display_name.py
[2024-05-05T15:42:15.992+0000] {processor.py:830} INFO - Processing file /home/airflow/.local/lib/python3.12/site-packages/airflow/example_dags/example_display_name.py for tasks to queue
[2024-05-05T15:42:15.994+0000] {logging_mixin.py:188} INFO - [2024-05-05T15:42:15.993+0000] {dagbag.py:540} INFO - Filling up the DagBag from /home/airflow/.local/lib/python3.12/site-packages/airflow/example_dags/example_display_name.py
[2024-05-05T15:42:16.010+0000] {processor.py:840} INFO - DAG(s) 'example_display_name' retrieved from /home/airflow/.local/lib/python3.12/site-packages/airflow/example_dags/example_display_name.py
[2024-05-05T15:42:16.031+0000] {logging_mixin.py:188} INFO - [2024-05-05T15:42:16.031+0000] {dag.py:3096} INFO - Sync 1 DAGs
[2024-05-05T15:42:16.054+0000] {logging_mixin.py:188} INFO - [2024-05-05T15:42:16.054+0000] {dag.py:3954} INFO - Setting next_dagrun for example_display_name to None, run_after=None
[2024-05-05T15:42:16.107+0000] {processor.py:183} INFO - Processing /home/airflow/.local/lib/python3.12/site-packages/airflow/example_dags/example_display_name.py took 0.159 seconds
[2024-05-05T15:42:46.683+0000] {processor.py:161} INFO - Started process (PID=1119) to work on /home/airflow/.local/lib/python3.12/site-packages/airflow/example_dags/example_display_name.py
[2024-05-05T15:42:46.700+0000] {processor.py:830} INFO - Processing file /home/airflow/.local/lib/python3.12/site-packages/airflow/example_dags/example_display_name.py for tasks to queue
[2024-05-05T15:42:46.702+0000] {logging_mixin.py:188} INFO - [2024-05-05T15:42:46.702+0000] {dagbag.py:540} INFO - Filling up the DagBag from /home/airflow/.local/lib/python3.12/site-packages/airflow/example_dags/example_display_name.py
[2024-05-05T15:42:46.719+0000] {processor.py:840} INFO - DAG(s) 'example_display_name' retrieved from /home/airflow/.local/lib/python3.12/site-packages/airflow/example_dags/example_display_name.py
[2024-05-05T15:42:46.804+0000] {logging_mixin.py:188} INFO - [2024-05-05T15:42:46.804+0000] {dag.py:3096} INFO - Sync 1 DAGs
[2024-05-05T15:42:46.874+0000] {logging_mixin.py:188} INFO - [2024-05-05T15:42:46.871+0000] {dag.py:3954} INFO - Setting next_dagrun for example_display_name to None, run_after=None
[2024-05-05T15:42:46.933+0000] {processor.py:183} INFO - Processing /home/airflow/.local/lib/python3.12/site-packages/airflow/example_dags/example_display_name.py took 0.270 seconds
[2024-05-05T15:43:17.207+0000] {processor.py:161} INFO - Started process (PID=1177) to work on /home/airflow/.local/lib/python3.12/site-packages/airflow/example_dags/example_display_name.py
[2024-05-05T15:43:17.219+0000] {processor.py:830} INFO - Processing file /home/airflow/.local/lib/python3.12/site-packages/airflow/example_dags/example_display_name.py for tasks to queue
[2024-05-05T15:43:17.224+0000] {logging_mixin.py:188} INFO - [2024-05-05T15:43:17.224+0000] {dagbag.py:540} INFO - Filling up the DagBag from /home/airflow/.local/lib/python3.12/site-packages/airflow/example_dags/example_display_name.py
[2024-05-05T15:43:17.277+0000] {processor.py:840} INFO - DAG(s) 'example_display_name' retrieved from /home/airflow/.local/lib/python3.12/site-packages/airflow/example_dags/example_display_name.py
[2024-05-05T15:43:17.400+0000] {logging_mixin.py:188} INFO - [2024-05-05T15:43:17.400+0000] {dag.py:3096} INFO - Sync 1 DAGs
[2024-05-05T15:43:17.462+0000] {logging_mixin.py:188} INFO - [2024-05-05T15:43:17.462+0000] {dag.py:3954} INFO - Setting next_dagrun for example_display_name to None, run_after=None
[2024-05-05T15:43:17.561+0000] {processor.py:183} INFO - Processing /home/airflow/.local/lib/python3.12/site-packages/airflow/example_dags/example_display_name.py took 0.369 seconds
[2024-05-05T15:43:47.969+0000] {processor.py:161} INFO - Started process (PID=1235) to work on /home/airflow/.local/lib/python3.12/site-packages/airflow/example_dags/example_display_name.py
[2024-05-05T15:43:47.970+0000] {processor.py:830} INFO - Processing file /home/airflow/.local/lib/python3.12/site-packages/airflow/example_dags/example_display_name.py for tasks to queue
[2024-05-05T15:43:47.972+0000] {logging_mixin.py:188} INFO - [2024-05-05T15:43:47.971+0000] {dagbag.py:540} INFO - Filling up the DagBag from /home/airflow/.local/lib/python3.12/site-packages/airflow/example_dags/example_display_name.py
[2024-05-05T15:43:47.980+0000] {processor.py:840} INFO - DAG(s) 'example_display_name' retrieved from /home/airflow/.local/lib/python3.12/site-packages/airflow/example_dags/example_display_name.py
[2024-05-05T15:43:48.018+0000] {logging_mixin.py:188} INFO - [2024-05-05T15:43:48.018+0000] {dag.py:3096} INFO - Sync 1 DAGs
[2024-05-05T15:43:48.068+0000] {logging_mixin.py:188} INFO - [2024-05-05T15:43:48.068+0000] {dag.py:3954} INFO - Setting next_dagrun for example_display_name to None, run_after=None
[2024-05-05T15:43:48.120+0000] {processor.py:183} INFO - Processing /home/airflow/.local/lib/python3.12/site-packages/airflow/example_dags/example_display_name.py took 0.171 seconds
[2024-05-05T15:44:18.871+0000] {processor.py:161} INFO - Started process (PID=1293) to work on /home/airflow/.local/lib/python3.12/site-packages/airflow/example_dags/example_display_name.py
[2024-05-05T15:44:18.872+0000] {processor.py:830} INFO - Processing file /home/airflow/.local/lib/python3.12/site-packages/airflow/example_dags/example_display_name.py for tasks to queue
[2024-05-05T15:44:18.874+0000] {logging_mixin.py:188} INFO - [2024-05-05T15:44:18.874+0000] {dagbag.py:540} INFO - Filling up the DagBag from /home/airflow/.local/lib/python3.12/site-packages/airflow/example_dags/example_display_name.py
[2024-05-05T15:44:18.879+0000] {processor.py:840} INFO - DAG(s) 'example_display_name' retrieved from /home/airflow/.local/lib/python3.12/site-packages/airflow/example_dags/example_display_name.py
[2024-05-05T15:44:18.900+0000] {logging_mixin.py:188} INFO - [2024-05-05T15:44:18.900+0000] {dag.py:3096} INFO - Sync 1 DAGs
[2024-05-05T15:44:18.915+0000] {logging_mixin.py:188} INFO - [2024-05-05T15:44:18.915+0000] {dag.py:3954} INFO - Setting next_dagrun for example_display_name to None, run_after=None
[2024-05-05T15:44:18.939+0000] {processor.py:183} INFO - Processing /home/airflow/.local/lib/python3.12/site-packages/airflow/example_dags/example_display_name.py took 0.075 seconds
[2024-05-05T15:44:49.348+0000] {processor.py:161} INFO - Started process (PID=1351) to work on /home/airflow/.local/lib/python3.12/site-packages/airflow/example_dags/example_display_name.py
[2024-05-05T15:44:49.349+0000] {processor.py:830} INFO - Processing file /home/airflow/.local/lib/python3.12/site-packages/airflow/example_dags/example_display_name.py for tasks to queue
[2024-05-05T15:44:49.351+0000] {logging_mixin.py:188} INFO - [2024-05-05T15:44:49.350+0000] {dagbag.py:540} INFO - Filling up the DagBag from /home/airflow/.local/lib/python3.12/site-packages/airflow/example_dags/example_display_name.py
[2024-05-05T15:44:49.355+0000] {processor.py:840} INFO - DAG(s) 'example_display_name' retrieved from /home/airflow/.local/lib/python3.12/site-packages/airflow/example_dags/example_display_name.py
[2024-05-05T15:44:49.376+0000] {logging_mixin.py:188} INFO - [2024-05-05T15:44:49.375+0000] {dag.py:3096} INFO - Sync 1 DAGs
[2024-05-05T15:44:49.390+0000] {logging_mixin.py:188} INFO - [2024-05-05T15:44:49.390+0000] {dag.py:3954} INFO - Setting next_dagrun for example_display_name to None, run_after=None
[2024-05-05T15:44:49.416+0000] {processor.py:183} INFO - Processing /home/airflow/.local/lib/python3.12/site-packages/airflow/example_dags/example_display_name.py took 0.076 seconds
[2024-05-05T15:45:19.835+0000] {processor.py:161} INFO - Started process (PID=1408) to work on /home/airflow/.local/lib/python3.12/site-packages/airflow/example_dags/example_display_name.py
[2024-05-05T15:45:19.835+0000] {processor.py:830} INFO - Processing file /home/airflow/.local/lib/python3.12/site-packages/airflow/example_dags/example_display_name.py for tasks to queue
[2024-05-05T15:45:19.837+0000] {logging_mixin.py:188} INFO - [2024-05-05T15:45:19.837+0000] {dagbag.py:540} INFO - Filling up the DagBag from /home/airflow/.local/lib/python3.12/site-packages/airflow/example_dags/example_display_name.py
[2024-05-05T15:45:19.844+0000] {processor.py:840} INFO - DAG(s) 'example_display_name' retrieved from /home/airflow/.local/lib/python3.12/site-packages/airflow/example_dags/example_display_name.py
[2024-05-05T15:45:19.865+0000] {logging_mixin.py:188} INFO - [2024-05-05T15:45:19.865+0000] {dag.py:3096} INFO - Sync 1 DAGs
[2024-05-05T15:45:19.880+0000] {logging_mixin.py:188} INFO - [2024-05-05T15:45:19.880+0000] {dag.py:3954} INFO - Setting next_dagrun for example_display_name to None, run_after=None
[2024-05-05T15:45:19.904+0000] {processor.py:183} INFO - Processing /home/airflow/.local/lib/python3.12/site-packages/airflow/example_dags/example_display_name.py took 0.077 seconds
[2024-05-05T15:45:50.299+0000] {processor.py:161} INFO - Started process (PID=1466) to work on /home/airflow/.local/lib/python3.12/site-packages/airflow/example_dags/example_display_name.py
[2024-05-05T15:45:50.301+0000] {processor.py:830} INFO - Processing file /home/airflow/.local/lib/python3.12/site-packages/airflow/example_dags/example_display_name.py for tasks to queue
[2024-05-05T15:45:50.305+0000] {logging_mixin.py:188} INFO - [2024-05-05T15:45:50.304+0000] {dagbag.py:540} INFO - Filling up the DagBag from /home/airflow/.local/lib/python3.12/site-packages/airflow/example_dags/example_display_name.py
[2024-05-05T15:45:50.312+0000] {processor.py:840} INFO - DAG(s) 'example_display_name' retrieved from /home/airflow/.local/lib/python3.12/site-packages/airflow/example_dags/example_display_name.py
[2024-05-05T15:45:50.335+0000] {logging_mixin.py:188} INFO - [2024-05-05T15:45:50.335+0000] {dag.py:3096} INFO - Sync 1 DAGs
[2024-05-05T15:45:50.351+0000] {logging_mixin.py:188} INFO - [2024-05-05T15:45:50.351+0000] {dag.py:3954} INFO - Setting next_dagrun for example_display_name to None, run_after=None
[2024-05-05T15:45:50.377+0000] {processor.py:183} INFO - Processing /home/airflow/.local/lib/python3.12/site-packages/airflow/example_dags/example_display_name.py took 0.105 seconds
[2024-05-05T15:46:21.285+0000] {processor.py:161} INFO - Started process (PID=1530) to work on /home/airflow/.local/lib/python3.12/site-packages/airflow/example_dags/example_display_name.py
[2024-05-05T15:46:21.306+0000] {processor.py:830} INFO - Processing file /home/airflow/.local/lib/python3.12/site-packages/airflow/example_dags/example_display_name.py for tasks to queue
[2024-05-05T15:46:21.315+0000] {logging_mixin.py:188} INFO - [2024-05-05T15:46:21.314+0000] {dagbag.py:540} INFO - Filling up the DagBag from /home/airflow/.local/lib/python3.12/site-packages/airflow/example_dags/example_display_name.py
[2024-05-05T15:46:21.363+0000] {processor.py:840} INFO - DAG(s) 'example_display_name' retrieved from /home/airflow/.local/lib/python3.12/site-packages/airflow/example_dags/example_display_name.py
[2024-05-05T15:46:21.444+0000] {logging_mixin.py:188} INFO - [2024-05-05T15:46:21.444+0000] {dag.py:3096} INFO - Sync 1 DAGs
[2024-05-05T15:46:21.524+0000] {logging_mixin.py:188} INFO - [2024-05-05T15:46:21.524+0000] {dag.py:3954} INFO - Setting next_dagrun for example_display_name to None, run_after=None
[2024-05-05T15:46:21.593+0000] {processor.py:183} INFO - Processing /home/airflow/.local/lib/python3.12/site-packages/airflow/example_dags/example_display_name.py took 0.333 seconds
[2024-05-05T15:46:52.215+0000] {processor.py:161} INFO - Started process (PID=1587) to work on /home/airflow/.local/lib/python3.12/site-packages/airflow/example_dags/example_display_name.py
[2024-05-05T15:46:52.223+0000] {processor.py:830} INFO - Processing file /home/airflow/.local/lib/python3.12/site-packages/airflow/example_dags/example_display_name.py for tasks to queue
[2024-05-05T15:46:52.225+0000] {logging_mixin.py:188} INFO - [2024-05-05T15:46:52.224+0000] {dagbag.py:540} INFO - Filling up the DagBag from /home/airflow/.local/lib/python3.12/site-packages/airflow/example_dags/example_display_name.py
[2024-05-05T15:46:52.233+0000] {processor.py:840} INFO - DAG(s) 'example_display_name' retrieved from /home/airflow/.local/lib/python3.12/site-packages/airflow/example_dags/example_display_name.py
[2024-05-05T15:46:52.257+0000] {logging_mixin.py:188} INFO - [2024-05-05T15:46:52.257+0000] {dag.py:3096} INFO - Sync 1 DAGs
[2024-05-05T15:46:52.285+0000] {logging_mixin.py:188} INFO - [2024-05-05T15:46:52.285+0000] {dag.py:3954} INFO - Setting next_dagrun for example_display_name to None, run_after=None
[2024-05-05T15:46:52.341+0000] {processor.py:183} INFO - Processing /home/airflow/.local/lib/python3.12/site-packages/airflow/example_dags/example_display_name.py took 0.142 seconds
[2024-05-05T15:47:22.564+0000] {processor.py:161} INFO - Started process (PID=1645) to work on /home/airflow/.local/lib/python3.12/site-packages/airflow/example_dags/example_display_name.py
[2024-05-05T15:47:22.565+0000] {processor.py:830} INFO - Processing file /home/airflow/.local/lib/python3.12/site-packages/airflow/example_dags/example_display_name.py for tasks to queue
[2024-05-05T15:47:22.567+0000] {logging_mixin.py:188} INFO - [2024-05-05T15:47:22.566+0000] {dagbag.py:540} INFO - Filling up the DagBag from /home/airflow/.local/lib/python3.12/site-packages/airflow/example_dags/example_display_name.py
[2024-05-05T15:47:22.574+0000] {processor.py:840} INFO - DAG(s) 'example_display_name' retrieved from /home/airflow/.local/lib/python3.12/site-packages/airflow/example_dags/example_display_name.py
[2024-05-05T15:47:22.595+0000] {logging_mixin.py:188} INFO - [2024-05-05T15:47:22.595+0000] {dag.py:3096} INFO - Sync 1 DAGs
[2024-05-05T15:47:22.610+0000] {logging_mixin.py:188} INFO - [2024-05-05T15:47:22.610+0000] {dag.py:3954} INFO - Setting next_dagrun for example_display_name to None, run_after=None
[2024-05-05T15:47:22.635+0000] {processor.py:183} INFO - Processing /home/airflow/.local/lib/python3.12/site-packages/airflow/example_dags/example_display_name.py took 0.080 seconds
[2024-05-05T15:47:53.404+0000] {processor.py:161} INFO - Started process (PID=1704) to work on /home/airflow/.local/lib/python3.12/site-packages/airflow/example_dags/example_display_name.py
[2024-05-05T15:47:53.405+0000] {processor.py:830} INFO - Processing file /home/airflow/.local/lib/python3.12/site-packages/airflow/example_dags/example_display_name.py for tasks to queue
[2024-05-05T15:47:53.407+0000] {logging_mixin.py:188} INFO - [2024-05-05T15:47:53.406+0000] {dagbag.py:540} INFO - Filling up the DagBag from /home/airflow/.local/lib/python3.12/site-packages/airflow/example_dags/example_display_name.py
[2024-05-05T15:47:53.415+0000] {processor.py:840} INFO - DAG(s) 'example_display_name' retrieved from /home/airflow/.local/lib/python3.12/site-packages/airflow/example_dags/example_display_name.py
[2024-05-05T15:47:53.437+0000] {logging_mixin.py:188} INFO - [2024-05-05T15:47:53.436+0000] {dag.py:3096} INFO - Sync 1 DAGs
[2024-05-05T15:47:53.454+0000] {logging_mixin.py:188} INFO - [2024-05-05T15:47:53.454+0000] {dag.py:3954} INFO - Setting next_dagrun for example_display_name to None, run_after=None
[2024-05-05T15:47:53.483+0000] {processor.py:183} INFO - Processing /home/airflow/.local/lib/python3.12/site-packages/airflow/example_dags/example_display_name.py took 0.090 seconds
[2024-05-05T15:48:24.512+0000] {processor.py:161} INFO - Started process (PID=1763) to work on /home/airflow/.local/lib/python3.12/site-packages/airflow/example_dags/example_display_name.py
[2024-05-05T15:48:24.516+0000] {processor.py:830} INFO - Processing file /home/airflow/.local/lib/python3.12/site-packages/airflow/example_dags/example_display_name.py for tasks to queue
[2024-05-05T15:48:24.518+0000] {logging_mixin.py:188} INFO - [2024-05-05T15:48:24.517+0000] {dagbag.py:540} INFO - Filling up the DagBag from /home/airflow/.local/lib/python3.12/site-packages/airflow/example_dags/example_display_name.py
[2024-05-05T15:48:24.546+0000] {processor.py:840} INFO - DAG(s) 'example_display_name' retrieved from /home/airflow/.local/lib/python3.12/site-packages/airflow/example_dags/example_display_name.py
[2024-05-05T15:48:24.608+0000] {logging_mixin.py:188} INFO - [2024-05-05T15:48:24.608+0000] {dag.py:3096} INFO - Sync 1 DAGs
[2024-05-05T15:48:24.634+0000] {logging_mixin.py:188} INFO - [2024-05-05T15:48:24.634+0000] {dag.py:3954} INFO - Setting next_dagrun for example_display_name to None, run_after=None
[2024-05-05T15:48:24.667+0000] {processor.py:183} INFO - Processing /home/airflow/.local/lib/python3.12/site-packages/airflow/example_dags/example_display_name.py took 0.194 seconds
[2024-05-05T15:48:54.905+0000] {processor.py:161} INFO - Started process (PID=1822) to work on /home/airflow/.local/lib/python3.12/site-packages/airflow/example_dags/example_display_name.py
[2024-05-05T15:48:54.906+0000] {processor.py:830} INFO - Processing file /home/airflow/.local/lib/python3.12/site-packages/airflow/example_dags/example_display_name.py for tasks to queue
[2024-05-05T15:48:54.908+0000] {logging_mixin.py:188} INFO - [2024-05-05T15:48:54.908+0000] {dagbag.py:540} INFO - Filling up the DagBag from /home/airflow/.local/lib/python3.12/site-packages/airflow/example_dags/example_display_name.py
[2024-05-05T15:48:54.914+0000] {processor.py:840} INFO - DAG(s) 'example_display_name' retrieved from /home/airflow/.local/lib/python3.12/site-packages/airflow/example_dags/example_display_name.py
[2024-05-05T15:48:54.934+0000] {logging_mixin.py:188} INFO - [2024-05-05T15:48:54.934+0000] {dag.py:3096} INFO - Sync 1 DAGs
[2024-05-05T15:48:54.949+0000] {logging_mixin.py:188} INFO - [2024-05-05T15:48:54.949+0000] {dag.py:3954} INFO - Setting next_dagrun for example_display_name to None, run_after=None
[2024-05-05T15:48:54.973+0000] {processor.py:183} INFO - Processing /home/airflow/.local/lib/python3.12/site-packages/airflow/example_dags/example_display_name.py took 0.075 seconds
[2024-05-05T15:49:25.769+0000] {processor.py:161} INFO - Started process (PID=1881) to work on /home/airflow/.local/lib/python3.12/site-packages/airflow/example_dags/example_display_name.py
[2024-05-05T15:49:25.770+0000] {processor.py:830} INFO - Processing file /home/airflow/.local/lib/python3.12/site-packages/airflow/example_dags/example_display_name.py for tasks to queue
[2024-05-05T15:49:25.772+0000] {logging_mixin.py:188} INFO - [2024-05-05T15:49:25.772+0000] {dagbag.py:540} INFO - Filling up the DagBag from /home/airflow/.local/lib/python3.12/site-packages/airflow/example_dags/example_display_name.py
[2024-05-05T15:49:25.778+0000] {processor.py:840} INFO - DAG(s) 'example_display_name' retrieved from /home/airflow/.local/lib/python3.12/site-packages/airflow/example_dags/example_display_name.py
[2024-05-05T15:49:25.798+0000] {logging_mixin.py:188} INFO - [2024-05-05T15:49:25.797+0000] {dag.py:3096} INFO - Sync 1 DAGs
[2024-05-05T15:49:25.812+0000] {logging_mixin.py:188} INFO - [2024-05-05T15:49:25.812+0000] {dag.py:3954} INFO - Setting next_dagrun for example_display_name to None, run_after=None
[2024-05-05T15:49:25.838+0000] {processor.py:183} INFO - Processing /home/airflow/.local/lib/python3.12/site-packages/airflow/example_dags/example_display_name.py took 0.075 seconds
[2024-05-05T15:49:56.371+0000] {processor.py:161} INFO - Started process (PID=1940) to work on /home/airflow/.local/lib/python3.12/site-packages/airflow/example_dags/example_display_name.py
[2024-05-05T15:49:56.371+0000] {processor.py:830} INFO - Processing file /home/airflow/.local/lib/python3.12/site-packages/airflow/example_dags/example_display_name.py for tasks to queue
[2024-05-05T15:49:56.373+0000] {logging_mixin.py:188} INFO - [2024-05-05T15:49:56.372+0000] {dagbag.py:540} INFO - Filling up the DagBag from /home/airflow/.local/lib/python3.12/site-packages/airflow/example_dags/example_display_name.py
[2024-05-05T15:49:56.378+0000] {processor.py:840} INFO - DAG(s) 'example_display_name' retrieved from /home/airflow/.local/lib/python3.12/site-packages/airflow/example_dags/example_display_name.py
[2024-05-05T15:49:56.399+0000] {logging_mixin.py:188} INFO - [2024-05-05T15:49:56.399+0000] {dag.py:3096} INFO - Sync 1 DAGs
[2024-05-05T15:49:56.415+0000] {logging_mixin.py:188} INFO - [2024-05-05T15:49:56.414+0000] {dag.py:3954} INFO - Setting next_dagrun for example_display_name to None, run_after=None
[2024-05-05T15:49:56.440+0000] {processor.py:183} INFO - Processing /home/airflow/.local/lib/python3.12/site-packages/airflow/example_dags/example_display_name.py took 0.076 seconds
[2024-05-05T15:50:27.041+0000] {processor.py:161} INFO - Started process (PID=1999) to work on /home/airflow/.local/lib/python3.12/site-packages/airflow/example_dags/example_display_name.py
[2024-05-05T15:50:27.042+0000] {processor.py:830} INFO - Processing file /home/airflow/.local/lib/python3.12/site-packages/airflow/example_dags/example_display_name.py for tasks to queue
[2024-05-05T15:50:27.044+0000] {logging_mixin.py:188} INFO - [2024-05-05T15:50:27.043+0000] {dagbag.py:540} INFO - Filling up the DagBag from /home/airflow/.local/lib/python3.12/site-packages/airflow/example_dags/example_display_name.py
[2024-05-05T15:50:27.050+0000] {processor.py:840} INFO - DAG(s) 'example_display_name' retrieved from /home/airflow/.local/lib/python3.12/site-packages/airflow/example_dags/example_display_name.py
[2024-05-05T15:50:27.071+0000] {logging_mixin.py:188} INFO - [2024-05-05T15:50:27.071+0000] {dag.py:3096} INFO - Sync 1 DAGs
[2024-05-05T15:50:27.086+0000] {logging_mixin.py:188} INFO - [2024-05-05T15:50:27.086+0000] {dag.py:3954} INFO - Setting next_dagrun for example_display_name to None, run_after=None
[2024-05-05T15:50:27.111+0000] {processor.py:183} INFO - Processing /home/airflow/.local/lib/python3.12/site-packages/airflow/example_dags/example_display_name.py took 0.077 seconds
[2024-05-05T15:50:58.082+0000] {processor.py:161} INFO - Started process (PID=2057) to work on /home/airflow/.local/lib/python3.12/site-packages/airflow/example_dags/example_display_name.py
[2024-05-05T15:50:58.085+0000] {processor.py:830} INFO - Processing file /home/airflow/.local/lib/python3.12/site-packages/airflow/example_dags/example_display_name.py for tasks to queue
[2024-05-05T15:50:58.096+0000] {logging_mixin.py:188} INFO - [2024-05-05T15:50:58.096+0000] {dagbag.py:540} INFO - Filling up the DagBag from /home/airflow/.local/lib/python3.12/site-packages/airflow/example_dags/example_display_name.py
[2024-05-05T15:50:58.102+0000] {processor.py:840} INFO - DAG(s) 'example_display_name' retrieved from /home/airflow/.local/lib/python3.12/site-packages/airflow/example_dags/example_display_name.py
[2024-05-05T15:50:58.156+0000] {logging_mixin.py:188} INFO - [2024-05-05T15:50:58.156+0000] {dag.py:3096} INFO - Sync 1 DAGs
[2024-05-05T15:50:58.200+0000] {logging_mixin.py:188} INFO - [2024-05-05T15:50:58.200+0000] {dag.py:3954} INFO - Setting next_dagrun for example_display_name to None, run_after=None
[2024-05-05T15:50:58.248+0000] {processor.py:183} INFO - Processing /home/airflow/.local/lib/python3.12/site-packages/airflow/example_dags/example_display_name.py took 0.189 seconds
[2024-05-05T15:51:29.237+0000] {processor.py:161} INFO - Started process (PID=2116) to work on /home/airflow/.local/lib/python3.12/site-packages/airflow/example_dags/example_display_name.py
[2024-05-05T15:51:29.260+0000] {processor.py:830} INFO - Processing file /home/airflow/.local/lib/python3.12/site-packages/airflow/example_dags/example_display_name.py for tasks to queue
[2024-05-05T15:51:29.262+0000] {logging_mixin.py:188} INFO - [2024-05-05T15:51:29.261+0000] {dagbag.py:540} INFO - Filling up the DagBag from /home/airflow/.local/lib/python3.12/site-packages/airflow/example_dags/example_display_name.py
[2024-05-05T15:51:29.305+0000] {processor.py:840} INFO - DAG(s) 'example_display_name' retrieved from /home/airflow/.local/lib/python3.12/site-packages/airflow/example_dags/example_display_name.py
[2024-05-05T15:51:29.429+0000] {logging_mixin.py:188} INFO - [2024-05-05T15:51:29.428+0000] {dag.py:3096} INFO - Sync 1 DAGs
[2024-05-05T15:51:29.498+0000] {logging_mixin.py:188} INFO - [2024-05-05T15:51:29.498+0000] {dag.py:3954} INFO - Setting next_dagrun for example_display_name to None, run_after=None
[2024-05-05T15:51:29.567+0000] {processor.py:183} INFO - Processing /home/airflow/.local/lib/python3.12/site-packages/airflow/example_dags/example_display_name.py took 0.368 seconds
[2024-05-05T15:51:59.894+0000] {processor.py:161} INFO - Started process (PID=2176) to work on /home/airflow/.local/lib/python3.12/site-packages/airflow/example_dags/example_display_name.py
[2024-05-05T15:51:59.895+0000] {processor.py:830} INFO - Processing file /home/airflow/.local/lib/python3.12/site-packages/airflow/example_dags/example_display_name.py for tasks to queue
[2024-05-05T15:51:59.897+0000] {logging_mixin.py:188} INFO - [2024-05-05T15:51:59.897+0000] {dagbag.py:540} INFO - Filling up the DagBag from /home/airflow/.local/lib/python3.12/site-packages/airflow/example_dags/example_display_name.py
[2024-05-05T15:51:59.919+0000] {processor.py:840} INFO - DAG(s) 'example_display_name' retrieved from /home/airflow/.local/lib/python3.12/site-packages/airflow/example_dags/example_display_name.py
[2024-05-05T15:52:00.007+0000] {logging_mixin.py:188} INFO - [2024-05-05T15:52:00.007+0000] {dag.py:3096} INFO - Sync 1 DAGs
[2024-05-05T15:52:00.044+0000] {logging_mixin.py:188} INFO - [2024-05-05T15:52:00.044+0000] {dag.py:3954} INFO - Setting next_dagrun for example_display_name to None, run_after=None
[2024-05-05T15:52:00.118+0000] {processor.py:183} INFO - Processing /home/airflow/.local/lib/python3.12/site-packages/airflow/example_dags/example_display_name.py took 0.236 seconds
[2024-05-05T15:52:30.508+0000] {processor.py:161} INFO - Started process (PID=2235) to work on /home/airflow/.local/lib/python3.12/site-packages/airflow/example_dags/example_display_name.py
[2024-05-05T15:52:30.509+0000] {processor.py:830} INFO - Processing file /home/airflow/.local/lib/python3.12/site-packages/airflow/example_dags/example_display_name.py for tasks to queue
[2024-05-05T15:52:30.512+0000] {logging_mixin.py:188} INFO - [2024-05-05T15:52:30.511+0000] {dagbag.py:540} INFO - Filling up the DagBag from /home/airflow/.local/lib/python3.12/site-packages/airflow/example_dags/example_display_name.py
[2024-05-05T15:52:30.518+0000] {processor.py:840} INFO - DAG(s) 'example_display_name' retrieved from /home/airflow/.local/lib/python3.12/site-packages/airflow/example_dags/example_display_name.py
[2024-05-05T15:52:30.543+0000] {logging_mixin.py:188} INFO - [2024-05-05T15:52:30.543+0000] {dag.py:3096} INFO - Sync 1 DAGs
[2024-05-05T15:52:30.566+0000] {logging_mixin.py:188} INFO - [2024-05-05T15:52:30.565+0000] {dag.py:3954} INFO - Setting next_dagrun for example_display_name to None, run_after=None
[2024-05-05T15:52:30.597+0000] {processor.py:183} INFO - Processing /home/airflow/.local/lib/python3.12/site-packages/airflow/example_dags/example_display_name.py took 0.096 seconds
[2024-05-05T15:53:01.193+0000] {processor.py:161} INFO - Started process (PID=2294) to work on /home/airflow/.local/lib/python3.12/site-packages/airflow/example_dags/example_display_name.py
[2024-05-05T15:53:01.193+0000] {processor.py:830} INFO - Processing file /home/airflow/.local/lib/python3.12/site-packages/airflow/example_dags/example_display_name.py for tasks to queue
[2024-05-05T15:53:01.195+0000] {logging_mixin.py:188} INFO - [2024-05-05T15:53:01.195+0000] {dagbag.py:540} INFO - Filling up the DagBag from /home/airflow/.local/lib/python3.12/site-packages/airflow/example_dags/example_display_name.py
[2024-05-05T15:53:01.202+0000] {processor.py:840} INFO - DAG(s) 'example_display_name' retrieved from /home/airflow/.local/lib/python3.12/site-packages/airflow/example_dags/example_display_name.py
[2024-05-05T15:53:01.222+0000] {logging_mixin.py:188} INFO - [2024-05-05T15:53:01.222+0000] {dag.py:3096} INFO - Sync 1 DAGs
[2024-05-05T15:53:01.237+0000] {logging_mixin.py:188} INFO - [2024-05-05T15:53:01.237+0000] {dag.py:3954} INFO - Setting next_dagrun for example_display_name to None, run_after=None
[2024-05-05T15:53:01.269+0000] {processor.py:183} INFO - Processing /home/airflow/.local/lib/python3.12/site-packages/airflow/example_dags/example_display_name.py took 0.084 seconds
[2024-05-05T15:53:31.498+0000] {processor.py:161} INFO - Started process (PID=2354) to work on /home/airflow/.local/lib/python3.12/site-packages/airflow/example_dags/example_display_name.py
[2024-05-05T15:53:31.504+0000] {processor.py:830} INFO - Processing file /home/airflow/.local/lib/python3.12/site-packages/airflow/example_dags/example_display_name.py for tasks to queue
[2024-05-05T15:53:31.507+0000] {logging_mixin.py:188} INFO - [2024-05-05T15:53:31.506+0000] {dagbag.py:540} INFO - Filling up the DagBag from /home/airflow/.local/lib/python3.12/site-packages/airflow/example_dags/example_display_name.py
[2024-05-05T15:53:31.513+0000] {processor.py:840} INFO - DAG(s) 'example_display_name' retrieved from /home/airflow/.local/lib/python3.12/site-packages/airflow/example_dags/example_display_name.py
[2024-05-05T15:53:31.533+0000] {logging_mixin.py:188} INFO - [2024-05-05T15:53:31.533+0000] {dag.py:3096} INFO - Sync 1 DAGs
[2024-05-05T15:53:31.549+0000] {logging_mixin.py:188} INFO - [2024-05-05T15:53:31.548+0000] {dag.py:3954} INFO - Setting next_dagrun for example_display_name to None, run_after=None
[2024-05-05T15:53:31.573+0000] {processor.py:183} INFO - Processing /home/airflow/.local/lib/python3.12/site-packages/airflow/example_dags/example_display_name.py took 0.094 seconds
[2024-05-05T15:54:02.390+0000] {processor.py:161} INFO - Started process (PID=2414) to work on /home/airflow/.local/lib/python3.12/site-packages/airflow/example_dags/example_display_name.py
[2024-05-05T15:54:02.391+0000] {processor.py:830} INFO - Processing file /home/airflow/.local/lib/python3.12/site-packages/airflow/example_dags/example_display_name.py for tasks to queue
[2024-05-05T15:54:02.393+0000] {logging_mixin.py:188} INFO - [2024-05-05T15:54:02.392+0000] {dagbag.py:540} INFO - Filling up the DagBag from /home/airflow/.local/lib/python3.12/site-packages/airflow/example_dags/example_display_name.py
[2024-05-05T15:54:02.399+0000] {processor.py:840} INFO - DAG(s) 'example_display_name' retrieved from /home/airflow/.local/lib/python3.12/site-packages/airflow/example_dags/example_display_name.py
[2024-05-05T15:54:02.421+0000] {logging_mixin.py:188} INFO - [2024-05-05T15:54:02.420+0000] {dag.py:3096} INFO - Sync 1 DAGs
[2024-05-05T15:54:02.437+0000] {logging_mixin.py:188} INFO - [2024-05-05T15:54:02.437+0000] {dag.py:3954} INFO - Setting next_dagrun for example_display_name to None, run_after=None
[2024-05-05T15:54:02.467+0000] {processor.py:183} INFO - Processing /home/airflow/.local/lib/python3.12/site-packages/airflow/example_dags/example_display_name.py took 0.084 seconds
[2024-05-05T15:54:33.212+0000] {processor.py:161} INFO - Started process (PID=2474) to work on /home/airflow/.local/lib/python3.12/site-packages/airflow/example_dags/example_display_name.py
[2024-05-05T15:54:33.213+0000] {processor.py:830} INFO - Processing file /home/airflow/.local/lib/python3.12/site-packages/airflow/example_dags/example_display_name.py for tasks to queue
[2024-05-05T15:54:33.215+0000] {logging_mixin.py:188} INFO - [2024-05-05T15:54:33.215+0000] {dagbag.py:540} INFO - Filling up the DagBag from /home/airflow/.local/lib/python3.12/site-packages/airflow/example_dags/example_display_name.py
[2024-05-05T15:54:33.227+0000] {processor.py:840} INFO - DAG(s) 'example_display_name' retrieved from /home/airflow/.local/lib/python3.12/site-packages/airflow/example_dags/example_display_name.py
[2024-05-05T15:54:33.295+0000] {logging_mixin.py:188} INFO - [2024-05-05T15:54:33.295+0000] {dag.py:3096} INFO - Sync 1 DAGs
[2024-05-05T15:54:33.349+0000] {logging_mixin.py:188} INFO - [2024-05-05T15:54:33.348+0000] {dag.py:3954} INFO - Setting next_dagrun for example_display_name to None, run_after=None
[2024-05-05T15:54:33.422+0000] {processor.py:183} INFO - Processing /home/airflow/.local/lib/python3.12/site-packages/airflow/example_dags/example_display_name.py took 0.228 seconds
[2024-05-05T15:55:04.215+0000] {processor.py:161} INFO - Started process (PID=2535) to work on /home/airflow/.local/lib/python3.12/site-packages/airflow/example_dags/example_display_name.py
[2024-05-05T15:55:04.215+0000] {processor.py:830} INFO - Processing file /home/airflow/.local/lib/python3.12/site-packages/airflow/example_dags/example_display_name.py for tasks to queue
[2024-05-05T15:55:04.217+0000] {logging_mixin.py:188} INFO - [2024-05-05T15:55:04.217+0000] {dagbag.py:540} INFO - Filling up the DagBag from /home/airflow/.local/lib/python3.12/site-packages/airflow/example_dags/example_display_name.py
[2024-05-05T15:55:04.225+0000] {processor.py:840} INFO - DAG(s) 'example_display_name' retrieved from /home/airflow/.local/lib/python3.12/site-packages/airflow/example_dags/example_display_name.py
[2024-05-05T15:55:04.248+0000] {logging_mixin.py:188} INFO - [2024-05-05T15:55:04.248+0000] {dag.py:3096} INFO - Sync 1 DAGs
[2024-05-05T15:55:04.264+0000] {logging_mixin.py:188} INFO - [2024-05-05T15:55:04.264+0000] {dag.py:3954} INFO - Setting next_dagrun for example_display_name to None, run_after=None
[2024-05-05T15:55:04.302+0000] {processor.py:183} INFO - Processing /home/airflow/.local/lib/python3.12/site-packages/airflow/example_dags/example_display_name.py took 0.095 seconds
[2024-05-05T15:55:35.274+0000] {processor.py:161} INFO - Started process (PID=2595) to work on /home/airflow/.local/lib/python3.12/site-packages/airflow/example_dags/example_display_name.py
[2024-05-05T15:55:35.275+0000] {processor.py:830} INFO - Processing file /home/airflow/.local/lib/python3.12/site-packages/airflow/example_dags/example_display_name.py for tasks to queue
[2024-05-05T15:55:35.278+0000] {logging_mixin.py:188} INFO - [2024-05-05T15:55:35.278+0000] {dagbag.py:540} INFO - Filling up the DagBag from /home/airflow/.local/lib/python3.12/site-packages/airflow/example_dags/example_display_name.py
[2024-05-05T15:55:35.289+0000] {processor.py:840} INFO - DAG(s) 'example_display_name' retrieved from /home/airflow/.local/lib/python3.12/site-packages/airflow/example_dags/example_display_name.py
[2024-05-05T15:55:35.312+0000] {logging_mixin.py:188} INFO - [2024-05-05T15:55:35.311+0000] {dag.py:3096} INFO - Sync 1 DAGs
[2024-05-05T15:55:35.335+0000] {logging_mixin.py:188} INFO - [2024-05-05T15:55:35.335+0000] {dag.py:3954} INFO - Setting next_dagrun for example_display_name to None, run_after=None
[2024-05-05T15:55:35.377+0000] {processor.py:183} INFO - Processing /home/airflow/.local/lib/python3.12/site-packages/airflow/example_dags/example_display_name.py took 0.110 seconds
[2024-05-05T15:56:06.277+0000] {processor.py:161} INFO - Started process (PID=2655) to work on /home/airflow/.local/lib/python3.12/site-packages/airflow/example_dags/example_display_name.py
[2024-05-05T15:56:06.278+0000] {processor.py:830} INFO - Processing file /home/airflow/.local/lib/python3.12/site-packages/airflow/example_dags/example_display_name.py for tasks to queue
[2024-05-05T15:56:06.281+0000] {logging_mixin.py:188} INFO - [2024-05-05T15:56:06.280+0000] {dagbag.py:540} INFO - Filling up the DagBag from /home/airflow/.local/lib/python3.12/site-packages/airflow/example_dags/example_display_name.py
[2024-05-05T15:56:06.288+0000] {processor.py:840} INFO - DAG(s) 'example_display_name' retrieved from /home/airflow/.local/lib/python3.12/site-packages/airflow/example_dags/example_display_name.py
[2024-05-05T15:56:06.361+0000] {logging_mixin.py:188} INFO - [2024-05-05T15:56:06.361+0000] {dag.py:3096} INFO - Sync 1 DAGs
[2024-05-05T15:56:06.375+0000] {logging_mixin.py:188} INFO - [2024-05-05T15:56:06.375+0000] {dag.py:3954} INFO - Setting next_dagrun for example_display_name to None, run_after=None
[2024-05-05T15:56:06.398+0000] {processor.py:183} INFO - Processing /home/airflow/.local/lib/python3.12/site-packages/airflow/example_dags/example_display_name.py took 0.133 seconds
[2024-05-05T15:56:36.842+0000] {processor.py:161} INFO - Started process (PID=2715) to work on /home/airflow/.local/lib/python3.12/site-packages/airflow/example_dags/example_display_name.py
[2024-05-05T15:56:36.843+0000] {processor.py:830} INFO - Processing file /home/airflow/.local/lib/python3.12/site-packages/airflow/example_dags/example_display_name.py for tasks to queue
[2024-05-05T15:56:36.845+0000] {logging_mixin.py:188} INFO - [2024-05-05T15:56:36.845+0000] {dagbag.py:540} INFO - Filling up the DagBag from /home/airflow/.local/lib/python3.12/site-packages/airflow/example_dags/example_display_name.py
[2024-05-05T15:56:36.851+0000] {processor.py:840} INFO - DAG(s) 'example_display_name' retrieved from /home/airflow/.local/lib/python3.12/site-packages/airflow/example_dags/example_display_name.py
[2024-05-05T15:56:36.874+0000] {logging_mixin.py:188} INFO - [2024-05-05T15:56:36.874+0000] {dag.py:3096} INFO - Sync 1 DAGs
[2024-05-05T15:56:36.891+0000] {logging_mixin.py:188} INFO - [2024-05-05T15:56:36.891+0000] {dag.py:3954} INFO - Setting next_dagrun for example_display_name to None, run_after=None
[2024-05-05T15:56:36.919+0000] {processor.py:183} INFO - Processing /home/airflow/.local/lib/python3.12/site-packages/airflow/example_dags/example_display_name.py took 0.084 seconds
[2024-05-05T15:57:07.287+0000] {processor.py:161} INFO - Started process (PID=2775) to work on /home/airflow/.local/lib/python3.12/site-packages/airflow/example_dags/example_display_name.py
[2024-05-05T15:57:07.294+0000] {processor.py:830} INFO - Processing file /home/airflow/.local/lib/python3.12/site-packages/airflow/example_dags/example_display_name.py for tasks to queue
[2024-05-05T15:57:07.296+0000] {logging_mixin.py:188} INFO - [2024-05-05T15:57:07.296+0000] {dagbag.py:540} INFO - Filling up the DagBag from /home/airflow/.local/lib/python3.12/site-packages/airflow/example_dags/example_display_name.py
[2024-05-05T15:57:07.315+0000] {processor.py:840} INFO - DAG(s) 'example_display_name' retrieved from /home/airflow/.local/lib/python3.12/site-packages/airflow/example_dags/example_display_name.py
[2024-05-05T15:57:07.354+0000] {logging_mixin.py:188} INFO - [2024-05-05T15:57:07.353+0000] {dag.py:3096} INFO - Sync 1 DAGs
[2024-05-05T15:57:07.371+0000] {logging_mixin.py:188} INFO - [2024-05-05T15:57:07.371+0000] {dag.py:3954} INFO - Setting next_dagrun for example_display_name to None, run_after=None
[2024-05-05T15:57:07.417+0000] {processor.py:183} INFO - Processing /home/airflow/.local/lib/python3.12/site-packages/airflow/example_dags/example_display_name.py took 0.144 seconds
[2024-05-05T15:57:37.808+0000] {processor.py:161} INFO - Started process (PID=2835) to work on /home/airflow/.local/lib/python3.12/site-packages/airflow/example_dags/example_display_name.py
[2024-05-05T15:57:37.809+0000] {processor.py:830} INFO - Processing file /home/airflow/.local/lib/python3.12/site-packages/airflow/example_dags/example_display_name.py for tasks to queue
[2024-05-05T15:57:37.811+0000] {logging_mixin.py:188} INFO - [2024-05-05T15:57:37.810+0000] {dagbag.py:540} INFO - Filling up the DagBag from /home/airflow/.local/lib/python3.12/site-packages/airflow/example_dags/example_display_name.py
[2024-05-05T15:57:37.817+0000] {processor.py:840} INFO - DAG(s) 'example_display_name' retrieved from /home/airflow/.local/lib/python3.12/site-packages/airflow/example_dags/example_display_name.py
[2024-05-05T15:57:37.840+0000] {logging_mixin.py:188} INFO - [2024-05-05T15:57:37.839+0000] {dag.py:3096} INFO - Sync 1 DAGs
[2024-05-05T15:57:37.855+0000] {logging_mixin.py:188} INFO - [2024-05-05T15:57:37.855+0000] {dag.py:3954} INFO - Setting next_dagrun for example_display_name to None, run_after=None
[2024-05-05T15:57:37.879+0000] {processor.py:183} INFO - Processing /home/airflow/.local/lib/python3.12/site-packages/airflow/example_dags/example_display_name.py took 0.078 seconds
[2024-05-05T15:58:08.726+0000] {processor.py:161} INFO - Started process (PID=2895) to work on /home/airflow/.local/lib/python3.12/site-packages/airflow/example_dags/example_display_name.py
[2024-05-05T15:58:08.727+0000] {processor.py:830} INFO - Processing file /home/airflow/.local/lib/python3.12/site-packages/airflow/example_dags/example_display_name.py for tasks to queue
[2024-05-05T15:58:08.728+0000] {logging_mixin.py:188} INFO - [2024-05-05T15:58:08.728+0000] {dagbag.py:540} INFO - Filling up the DagBag from /home/airflow/.local/lib/python3.12/site-packages/airflow/example_dags/example_display_name.py
[2024-05-05T15:58:08.735+0000] {processor.py:840} INFO - DAG(s) 'example_display_name' retrieved from /home/airflow/.local/lib/python3.12/site-packages/airflow/example_dags/example_display_name.py
[2024-05-05T15:58:08.759+0000] {logging_mixin.py:188} INFO - [2024-05-05T15:58:08.759+0000] {dag.py:3096} INFO - Sync 1 DAGs
[2024-05-05T15:58:08.776+0000] {logging_mixin.py:188} INFO - [2024-05-05T15:58:08.776+0000] {dag.py:3954} INFO - Setting next_dagrun for example_display_name to None, run_after=None
[2024-05-05T15:58:08.802+0000] {processor.py:183} INFO - Processing /home/airflow/.local/lib/python3.12/site-packages/airflow/example_dags/example_display_name.py took 0.083 seconds
[2024-05-05T15:58:40.465+0000] {processor.py:161} INFO - Started process (PID=2958) to work on /home/airflow/.local/lib/python3.12/site-packages/airflow/example_dags/example_display_name.py
[2024-05-05T15:58:40.480+0000] {processor.py:830} INFO - Processing file /home/airflow/.local/lib/python3.12/site-packages/airflow/example_dags/example_display_name.py for tasks to queue
[2024-05-05T15:58:40.482+0000] {logging_mixin.py:188} INFO - [2024-05-05T15:58:40.482+0000] {dagbag.py:540} INFO - Filling up the DagBag from /home/airflow/.local/lib/python3.12/site-packages/airflow/example_dags/example_display_name.py
[2024-05-05T15:58:40.527+0000] {processor.py:840} INFO - DAG(s) 'example_display_name' retrieved from /home/airflow/.local/lib/python3.12/site-packages/airflow/example_dags/example_display_name.py
[2024-05-05T15:58:40.648+0000] {logging_mixin.py:188} INFO - [2024-05-05T15:58:40.647+0000] {dag.py:3096} INFO - Sync 1 DAGs
[2024-05-05T15:58:40.757+0000] {logging_mixin.py:188} INFO - [2024-05-05T15:58:40.756+0000] {dag.py:3954} INFO - Setting next_dagrun for example_display_name to None, run_after=None
[2024-05-05T15:58:40.885+0000] {processor.py:183} INFO - Processing /home/airflow/.local/lib/python3.12/site-packages/airflow/example_dags/example_display_name.py took 0.439 seconds
[2024-05-05T15:59:17.788+0000] {processor.py:161} INFO - Started process (PID=3021) to work on /home/airflow/.local/lib/python3.12/site-packages/airflow/example_dags/example_display_name.py
[2024-05-05T15:59:17.796+0000] {processor.py:830} INFO - Processing file /home/airflow/.local/lib/python3.12/site-packages/airflow/example_dags/example_display_name.py for tasks to queue
[2024-05-05T15:59:17.802+0000] {logging_mixin.py:188} INFO - [2024-05-05T15:59:17.798+0000] {dagbag.py:540} INFO - Filling up the DagBag from /home/airflow/.local/lib/python3.12/site-packages/airflow/example_dags/example_display_name.py
[2024-05-05T15:59:17.841+0000] {processor.py:840} INFO - DAG(s) 'example_display_name' retrieved from /home/airflow/.local/lib/python3.12/site-packages/airflow/example_dags/example_display_name.py
[2024-05-05T15:59:18.058+0000] {logging_mixin.py:188} INFO - [2024-05-05T15:59:18.058+0000] {dag.py:3096} INFO - Sync 1 DAGs
[2024-05-05T15:59:18.184+0000] {logging_mixin.py:188} INFO - [2024-05-05T15:59:18.182+0000] {dag.py:3954} INFO - Setting next_dagrun for example_display_name to None, run_after=None
[2024-05-05T15:59:18.395+0000] {processor.py:183} INFO - Processing /home/airflow/.local/lib/python3.12/site-packages/airflow/example_dags/example_display_name.py took 0.639 seconds
[2024-05-05T15:59:49.079+0000] {processor.py:161} INFO - Started process (PID=3082) to work on /home/airflow/.local/lib/python3.12/site-packages/airflow/example_dags/example_display_name.py
[2024-05-05T15:59:49.087+0000] {processor.py:830} INFO - Processing file /home/airflow/.local/lib/python3.12/site-packages/airflow/example_dags/example_display_name.py for tasks to queue
[2024-05-05T15:59:49.094+0000] {logging_mixin.py:188} INFO - [2024-05-05T15:59:49.094+0000] {dagbag.py:540} INFO - Filling up the DagBag from /home/airflow/.local/lib/python3.12/site-packages/airflow/example_dags/example_display_name.py
[2024-05-05T15:59:49.102+0000] {processor.py:840} INFO - DAG(s) 'example_display_name' retrieved from /home/airflow/.local/lib/python3.12/site-packages/airflow/example_dags/example_display_name.py
[2024-05-05T15:59:49.204+0000] {logging_mixin.py:188} INFO - [2024-05-05T15:59:49.204+0000] {dag.py:3096} INFO - Sync 1 DAGs
[2024-05-05T15:59:49.273+0000] {logging_mixin.py:188} INFO - [2024-05-05T15:59:49.272+0000] {dag.py:3954} INFO - Setting next_dagrun for example_display_name to None, run_after=None
[2024-05-05T15:59:49.420+0000] {processor.py:183} INFO - Processing /home/airflow/.local/lib/python3.12/site-packages/airflow/example_dags/example_display_name.py took 0.362 seconds
