[2024-05-05T15:33:19.263+0000] {processor.py:161} INFO - Started process (PID=47) to work on /home/airflow/.local/lib/python3.12/site-packages/airflow/example_dags/example_dag_decorator.py
[2024-05-05T15:33:19.264+0000] {processor.py:830} INFO - Processing file /home/airflow/.local/lib/python3.12/site-packages/airflow/example_dags/example_dag_decorator.py for tasks to queue
[2024-05-05T15:33:19.266+0000] {logging_mixin.py:188} INFO - [2024-05-05T15:33:19.266+0000] {dagbag.py:540} INFO - Filling up the DagBag from /home/airflow/.local/lib/python3.12/site-packages/airflow/example_dags/example_dag_decorator.py
[2024-05-05T15:33:20.449+0000] {processor.py:840} INFO - DAG(s) 'example_dag_decorator' retrieved from /home/airflow/.local/lib/python3.12/site-packages/airflow/example_dags/example_dag_decorator.py
[2024-05-05T15:33:21.010+0000] {logging_mixin.py:188} INFO - [2024-05-05T15:33:21.009+0000] {override.py:1829} INFO - Created Permission View: can edit on DAG:example_dag_decorator
[2024-05-05T15:33:21.047+0000] {logging_mixin.py:188} INFO - [2024-05-05T15:33:21.047+0000] {override.py:1829} INFO - Created Permission View: can read on DAG:example_dag_decorator
[2024-05-05T15:33:21.064+0000] {logging_mixin.py:188} INFO - [2024-05-05T15:33:21.064+0000] {override.py:1829} INFO - Created Permission View: can delete on DAG:example_dag_decorator
[2024-05-05T15:33:21.065+0000] {logging_mixin.py:188} INFO - [2024-05-05T15:33:21.065+0000] {dag.py:3096} INFO - Sync 1 DAGs
[2024-05-05T15:33:21.106+0000] {logging_mixin.py:188} INFO - [2024-05-05T15:33:21.106+0000] {dag.py:3118} INFO - Creating ORM DAG for example_dag_decorator
[2024-05-05T15:33:21.113+0000] {logging_mixin.py:188} INFO - [2024-05-05T15:33:21.113+0000] {dag.py:3954} INFO - Setting next_dagrun for example_dag_decorator to None, run_after=None
[2024-05-05T15:33:21.188+0000] {processor.py:183} INFO - Processing /home/airflow/.local/lib/python3.12/site-packages/airflow/example_dags/example_dag_decorator.py took 1.946 seconds
[2024-05-05T15:33:51.338+0000] {processor.py:161} INFO - Started process (PID=105) to work on /home/airflow/.local/lib/python3.12/site-packages/airflow/example_dags/example_dag_decorator.py
[2024-05-05T15:33:51.339+0000] {processor.py:830} INFO - Processing file /home/airflow/.local/lib/python3.12/site-packages/airflow/example_dags/example_dag_decorator.py for tasks to queue
[2024-05-05T15:33:51.341+0000] {logging_mixin.py:188} INFO - [2024-05-05T15:33:51.340+0000] {dagbag.py:540} INFO - Filling up the DagBag from /home/airflow/.local/lib/python3.12/site-packages/airflow/example_dags/example_dag_decorator.py
[2024-05-05T15:33:51.497+0000] {processor.py:840} INFO - DAG(s) 'example_dag_decorator' retrieved from /home/airflow/.local/lib/python3.12/site-packages/airflow/example_dags/example_dag_decorator.py
[2024-05-05T15:33:51.689+0000] {logging_mixin.py:188} INFO - [2024-05-05T15:33:51.689+0000] {dag.py:3096} INFO - Sync 1 DAGs
[2024-05-05T15:33:51.698+0000] {logging_mixin.py:188} INFO - [2024-05-05T15:33:51.697+0000] {dag.py:3954} INFO - Setting next_dagrun for example_dag_decorator to None, run_after=None
[2024-05-05T15:33:51.718+0000] {processor.py:183} INFO - Processing /home/airflow/.local/lib/python3.12/site-packages/airflow/example_dags/example_dag_decorator.py took 0.387 seconds
[2024-05-05T15:34:21.813+0000] {processor.py:161} INFO - Started process (PID=165) to work on /home/airflow/.local/lib/python3.12/site-packages/airflow/example_dags/example_dag_decorator.py
[2024-05-05T15:34:21.814+0000] {processor.py:830} INFO - Processing file /home/airflow/.local/lib/python3.12/site-packages/airflow/example_dags/example_dag_decorator.py for tasks to queue
[2024-05-05T15:34:21.815+0000] {logging_mixin.py:188} INFO - [2024-05-05T15:34:21.815+0000] {dagbag.py:540} INFO - Filling up the DagBag from /home/airflow/.local/lib/python3.12/site-packages/airflow/example_dags/example_dag_decorator.py
[2024-05-05T15:34:21.899+0000] {processor.py:840} INFO - DAG(s) 'example_dag_decorator' retrieved from /home/airflow/.local/lib/python3.12/site-packages/airflow/example_dags/example_dag_decorator.py
[2024-05-05T15:34:22.001+0000] {logging_mixin.py:188} INFO - [2024-05-05T15:34:22.001+0000] {dag.py:3096} INFO - Sync 1 DAGs
[2024-05-05T15:34:22.009+0000] {logging_mixin.py:188} INFO - [2024-05-05T15:34:22.009+0000] {dag.py:3954} INFO - Setting next_dagrun for example_dag_decorator to None, run_after=None
[2024-05-05T15:34:22.030+0000] {processor.py:183} INFO - Processing /home/airflow/.local/lib/python3.12/site-packages/airflow/example_dags/example_dag_decorator.py took 0.221 seconds
[2024-05-05T15:34:52.129+0000] {processor.py:161} INFO - Started process (PID=222) to work on /home/airflow/.local/lib/python3.12/site-packages/airflow/example_dags/example_dag_decorator.py
[2024-05-05T15:34:52.130+0000] {processor.py:830} INFO - Processing file /home/airflow/.local/lib/python3.12/site-packages/airflow/example_dags/example_dag_decorator.py for tasks to queue
[2024-05-05T15:34:52.131+0000] {logging_mixin.py:188} INFO - [2024-05-05T15:34:52.131+0000] {dagbag.py:540} INFO - Filling up the DagBag from /home/airflow/.local/lib/python3.12/site-packages/airflow/example_dags/example_dag_decorator.py
[2024-05-05T15:34:52.221+0000] {processor.py:840} INFO - DAG(s) 'example_dag_decorator' retrieved from /home/airflow/.local/lib/python3.12/site-packages/airflow/example_dags/example_dag_decorator.py
[2024-05-05T15:34:52.437+0000] {logging_mixin.py:188} INFO - [2024-05-05T15:34:52.437+0000] {dag.py:3096} INFO - Sync 1 DAGs
[2024-05-05T15:34:52.445+0000] {logging_mixin.py:188} INFO - [2024-05-05T15:34:52.445+0000] {dag.py:3954} INFO - Setting next_dagrun for example_dag_decorator to None, run_after=None
[2024-05-05T15:34:52.467+0000] {processor.py:183} INFO - Processing /home/airflow/.local/lib/python3.12/site-packages/airflow/example_dags/example_dag_decorator.py took 0.348 seconds
[2024-05-05T15:35:23.290+0000] {processor.py:161} INFO - Started process (PID=280) to work on /home/airflow/.local/lib/python3.12/site-packages/airflow/example_dags/example_dag_decorator.py
[2024-05-05T15:35:23.296+0000] {processor.py:830} INFO - Processing file /home/airflow/.local/lib/python3.12/site-packages/airflow/example_dags/example_dag_decorator.py for tasks to queue
[2024-05-05T15:35:23.298+0000] {logging_mixin.py:188} INFO - [2024-05-05T15:35:23.298+0000] {dagbag.py:540} INFO - Filling up the DagBag from /home/airflow/.local/lib/python3.12/site-packages/airflow/example_dags/example_dag_decorator.py
[2024-05-05T15:35:23.578+0000] {processor.py:840} INFO - DAG(s) 'example_dag_decorator' retrieved from /home/airflow/.local/lib/python3.12/site-packages/airflow/example_dags/example_dag_decorator.py
[2024-05-05T15:35:24.520+0000] {logging_mixin.py:188} INFO - [2024-05-05T15:35:24.520+0000] {dag.py:3096} INFO - Sync 1 DAGs
[2024-05-05T15:35:24.532+0000] {logging_mixin.py:188} INFO - [2024-05-05T15:35:24.532+0000] {dag.py:3954} INFO - Setting next_dagrun for example_dag_decorator to None, run_after=None
[2024-05-05T15:35:24.585+0000] {processor.py:183} INFO - Processing /home/airflow/.local/lib/python3.12/site-packages/airflow/example_dags/example_dag_decorator.py took 1.311 seconds
[2024-05-05T15:35:54.756+0000] {processor.py:161} INFO - Started process (PID=338) to work on /home/airflow/.local/lib/python3.12/site-packages/airflow/example_dags/example_dag_decorator.py
[2024-05-05T15:35:54.758+0000] {processor.py:830} INFO - Processing file /home/airflow/.local/lib/python3.12/site-packages/airflow/example_dags/example_dag_decorator.py for tasks to queue
[2024-05-05T15:35:54.760+0000] {logging_mixin.py:188} INFO - [2024-05-05T15:35:54.760+0000] {dagbag.py:540} INFO - Filling up the DagBag from /home/airflow/.local/lib/python3.12/site-packages/airflow/example_dags/example_dag_decorator.py
[2024-05-05T15:35:54.932+0000] {processor.py:840} INFO - DAG(s) 'example_dag_decorator' retrieved from /home/airflow/.local/lib/python3.12/site-packages/airflow/example_dags/example_dag_decorator.py
[2024-05-05T15:35:55.194+0000] {logging_mixin.py:188} INFO - [2024-05-05T15:35:55.193+0000] {dag.py:3096} INFO - Sync 1 DAGs
[2024-05-05T15:35:55.202+0000] {logging_mixin.py:188} INFO - [2024-05-05T15:35:55.202+0000] {dag.py:3954} INFO - Setting next_dagrun for example_dag_decorator to None, run_after=None
[2024-05-05T15:35:55.222+0000] {processor.py:183} INFO - Processing /home/airflow/.local/lib/python3.12/site-packages/airflow/example_dags/example_dag_decorator.py took 0.472 seconds
[2024-05-05T15:36:25.332+0000] {processor.py:161} INFO - Started process (PID=397) to work on /home/airflow/.local/lib/python3.12/site-packages/airflow/example_dags/example_dag_decorator.py
[2024-05-05T15:36:25.332+0000] {processor.py:830} INFO - Processing file /home/airflow/.local/lib/python3.12/site-packages/airflow/example_dags/example_dag_decorator.py for tasks to queue
[2024-05-05T15:36:25.334+0000] {logging_mixin.py:188} INFO - [2024-05-05T15:36:25.334+0000] {dagbag.py:540} INFO - Filling up the DagBag from /home/airflow/.local/lib/python3.12/site-packages/airflow/example_dags/example_dag_decorator.py
[2024-05-05T15:36:25.472+0000] {processor.py:840} INFO - DAG(s) 'example_dag_decorator' retrieved from /home/airflow/.local/lib/python3.12/site-packages/airflow/example_dags/example_dag_decorator.py
[2024-05-05T15:36:25.813+0000] {logging_mixin.py:188} INFO - [2024-05-05T15:36:25.813+0000] {dag.py:3096} INFO - Sync 1 DAGs
[2024-05-05T15:36:25.825+0000] {logging_mixin.py:188} INFO - [2024-05-05T15:36:25.825+0000] {dag.py:3954} INFO - Setting next_dagrun for example_dag_decorator to None, run_after=None
[2024-05-05T15:36:25.844+0000] {processor.py:183} INFO - Processing /home/airflow/.local/lib/python3.12/site-packages/airflow/example_dags/example_dag_decorator.py took 0.519 seconds
[2024-05-05T15:36:56.598+0000] {processor.py:161} INFO - Started process (PID=456) to work on /home/airflow/.local/lib/python3.12/site-packages/airflow/example_dags/example_dag_decorator.py
[2024-05-05T15:36:56.599+0000] {processor.py:830} INFO - Processing file /home/airflow/.local/lib/python3.12/site-packages/airflow/example_dags/example_dag_decorator.py for tasks to queue
[2024-05-05T15:36:56.601+0000] {logging_mixin.py:188} INFO - [2024-05-05T15:36:56.601+0000] {dagbag.py:540} INFO - Filling up the DagBag from /home/airflow/.local/lib/python3.12/site-packages/airflow/example_dags/example_dag_decorator.py
[2024-05-05T15:36:56.728+0000] {processor.py:840} INFO - DAG(s) 'example_dag_decorator' retrieved from /home/airflow/.local/lib/python3.12/site-packages/airflow/example_dags/example_dag_decorator.py
[2024-05-05T15:36:56.976+0000] {logging_mixin.py:188} INFO - [2024-05-05T15:36:56.976+0000] {dag.py:3096} INFO - Sync 1 DAGs
[2024-05-05T15:36:56.985+0000] {logging_mixin.py:188} INFO - [2024-05-05T15:36:56.984+0000] {dag.py:3954} INFO - Setting next_dagrun for example_dag_decorator to None, run_after=None
[2024-05-05T15:36:57.013+0000] {processor.py:183} INFO - Processing /home/airflow/.local/lib/python3.12/site-packages/airflow/example_dags/example_dag_decorator.py took 0.421 seconds
[2024-05-05T15:37:27.470+0000] {processor.py:161} INFO - Started process (PID=515) to work on /home/airflow/.local/lib/python3.12/site-packages/airflow/example_dags/example_dag_decorator.py
[2024-05-05T15:37:27.471+0000] {processor.py:830} INFO - Processing file /home/airflow/.local/lib/python3.12/site-packages/airflow/example_dags/example_dag_decorator.py for tasks to queue
[2024-05-05T15:37:27.473+0000] {logging_mixin.py:188} INFO - [2024-05-05T15:37:27.473+0000] {dagbag.py:540} INFO - Filling up the DagBag from /home/airflow/.local/lib/python3.12/site-packages/airflow/example_dags/example_dag_decorator.py
[2024-05-05T15:37:27.630+0000] {processor.py:840} INFO - DAG(s) 'example_dag_decorator' retrieved from /home/airflow/.local/lib/python3.12/site-packages/airflow/example_dags/example_dag_decorator.py
[2024-05-05T15:37:27.959+0000] {logging_mixin.py:188} INFO - [2024-05-05T15:37:27.959+0000] {dag.py:3096} INFO - Sync 1 DAGs
[2024-05-05T15:37:27.973+0000] {logging_mixin.py:188} INFO - [2024-05-05T15:37:27.972+0000] {dag.py:3954} INFO - Setting next_dagrun for example_dag_decorator to None, run_after=None
[2024-05-05T15:37:27.997+0000] {processor.py:183} INFO - Processing /home/airflow/.local/lib/python3.12/site-packages/airflow/example_dags/example_dag_decorator.py took 0.533 seconds
[2024-05-05T15:37:58.319+0000] {processor.py:161} INFO - Started process (PID=574) to work on /home/airflow/.local/lib/python3.12/site-packages/airflow/example_dags/example_dag_decorator.py
[2024-05-05T15:37:58.320+0000] {processor.py:830} INFO - Processing file /home/airflow/.local/lib/python3.12/site-packages/airflow/example_dags/example_dag_decorator.py for tasks to queue
[2024-05-05T15:37:58.322+0000] {logging_mixin.py:188} INFO - [2024-05-05T15:37:58.322+0000] {dagbag.py:540} INFO - Filling up the DagBag from /home/airflow/.local/lib/python3.12/site-packages/airflow/example_dags/example_dag_decorator.py
[2024-05-05T15:37:58.467+0000] {processor.py:840} INFO - DAG(s) 'example_dag_decorator' retrieved from /home/airflow/.local/lib/python3.12/site-packages/airflow/example_dags/example_dag_decorator.py
[2024-05-05T15:37:58.793+0000] {logging_mixin.py:188} INFO - [2024-05-05T15:37:58.793+0000] {dag.py:3096} INFO - Sync 1 DAGs
[2024-05-05T15:37:58.805+0000] {logging_mixin.py:188} INFO - [2024-05-05T15:37:58.805+0000] {dag.py:3954} INFO - Setting next_dagrun for example_dag_decorator to None, run_after=None
[2024-05-05T15:37:58.834+0000] {processor.py:183} INFO - Processing /home/airflow/.local/lib/python3.12/site-packages/airflow/example_dags/example_dag_decorator.py took 0.521 seconds
[2024-05-05T15:38:29.376+0000] {processor.py:161} INFO - Started process (PID=632) to work on /home/airflow/.local/lib/python3.12/site-packages/airflow/example_dags/example_dag_decorator.py
[2024-05-05T15:38:29.377+0000] {processor.py:830} INFO - Processing file /home/airflow/.local/lib/python3.12/site-packages/airflow/example_dags/example_dag_decorator.py for tasks to queue
[2024-05-05T15:38:29.379+0000] {logging_mixin.py:188} INFO - [2024-05-05T15:38:29.378+0000] {dagbag.py:540} INFO - Filling up the DagBag from /home/airflow/.local/lib/python3.12/site-packages/airflow/example_dags/example_dag_decorator.py
[2024-05-05T15:38:29.512+0000] {processor.py:840} INFO - DAG(s) 'example_dag_decorator' retrieved from /home/airflow/.local/lib/python3.12/site-packages/airflow/example_dags/example_dag_decorator.py
[2024-05-05T15:38:29.827+0000] {logging_mixin.py:188} INFO - [2024-05-05T15:38:29.826+0000] {dag.py:3096} INFO - Sync 1 DAGs
[2024-05-05T15:38:29.841+0000] {logging_mixin.py:188} INFO - [2024-05-05T15:38:29.840+0000] {dag.py:3954} INFO - Setting next_dagrun for example_dag_decorator to None, run_after=None
[2024-05-05T15:38:29.870+0000] {processor.py:183} INFO - Processing /home/airflow/.local/lib/python3.12/site-packages/airflow/example_dags/example_dag_decorator.py took 0.501 seconds
[2024-05-05T15:39:00.747+0000] {processor.py:161} INFO - Started process (PID=692) to work on /home/airflow/.local/lib/python3.12/site-packages/airflow/example_dags/example_dag_decorator.py
[2024-05-05T15:39:00.748+0000] {processor.py:830} INFO - Processing file /home/airflow/.local/lib/python3.12/site-packages/airflow/example_dags/example_dag_decorator.py for tasks to queue
[2024-05-05T15:39:00.750+0000] {logging_mixin.py:188} INFO - [2024-05-05T15:39:00.750+0000] {dagbag.py:540} INFO - Filling up the DagBag from /home/airflow/.local/lib/python3.12/site-packages/airflow/example_dags/example_dag_decorator.py
[2024-05-05T15:39:00.881+0000] {processor.py:840} INFO - DAG(s) 'example_dag_decorator' retrieved from /home/airflow/.local/lib/python3.12/site-packages/airflow/example_dags/example_dag_decorator.py
[2024-05-05T15:39:01.189+0000] {logging_mixin.py:188} INFO - [2024-05-05T15:39:01.189+0000] {dag.py:3096} INFO - Sync 1 DAGs
[2024-05-05T15:39:01.200+0000] {logging_mixin.py:188} INFO - [2024-05-05T15:39:01.200+0000] {dag.py:3954} INFO - Setting next_dagrun for example_dag_decorator to None, run_after=None
[2024-05-05T15:39:01.223+0000] {processor.py:183} INFO - Processing /home/airflow/.local/lib/python3.12/site-packages/airflow/example_dags/example_dag_decorator.py took 0.482 seconds
[2024-05-05T15:39:31.510+0000] {processor.py:161} INFO - Started process (PID=751) to work on /home/airflow/.local/lib/python3.12/site-packages/airflow/example_dags/example_dag_decorator.py
[2024-05-05T15:39:31.513+0000] {processor.py:830} INFO - Processing file /home/airflow/.local/lib/python3.12/site-packages/airflow/example_dags/example_dag_decorator.py for tasks to queue
[2024-05-05T15:39:31.515+0000] {logging_mixin.py:188} INFO - [2024-05-05T15:39:31.515+0000] {dagbag.py:540} INFO - Filling up the DagBag from /home/airflow/.local/lib/python3.12/site-packages/airflow/example_dags/example_dag_decorator.py
[2024-05-05T15:39:31.649+0000] {processor.py:840} INFO - DAG(s) 'example_dag_decorator' retrieved from /home/airflow/.local/lib/python3.12/site-packages/airflow/example_dags/example_dag_decorator.py
[2024-05-05T15:39:31.999+0000] {logging_mixin.py:188} INFO - [2024-05-05T15:39:31.997+0000] {dag.py:3096} INFO - Sync 1 DAGs
[2024-05-05T15:39:32.015+0000] {logging_mixin.py:188} INFO - [2024-05-05T15:39:32.015+0000] {dag.py:3954} INFO - Setting next_dagrun for example_dag_decorator to None, run_after=None
[2024-05-05T15:39:32.041+0000] {processor.py:183} INFO - Processing /home/airflow/.local/lib/python3.12/site-packages/airflow/example_dags/example_dag_decorator.py took 0.538 seconds
[2024-05-05T15:40:02.657+0000] {processor.py:161} INFO - Started process (PID=811) to work on /home/airflow/.local/lib/python3.12/site-packages/airflow/example_dags/example_dag_decorator.py
[2024-05-05T15:40:02.664+0000] {processor.py:830} INFO - Processing file /home/airflow/.local/lib/python3.12/site-packages/airflow/example_dags/example_dag_decorator.py for tasks to queue
[2024-05-05T15:40:02.666+0000] {logging_mixin.py:188} INFO - [2024-05-05T15:40:02.666+0000] {dagbag.py:540} INFO - Filling up the DagBag from /home/airflow/.local/lib/python3.12/site-packages/airflow/example_dags/example_dag_decorator.py
[2024-05-05T15:40:03.068+0000] {processor.py:840} INFO - DAG(s) 'example_dag_decorator' retrieved from /home/airflow/.local/lib/python3.12/site-packages/airflow/example_dags/example_dag_decorator.py
[2024-05-05T15:40:03.581+0000] {logging_mixin.py:188} INFO - [2024-05-05T15:40:03.581+0000] {dag.py:3096} INFO - Sync 1 DAGs
[2024-05-05T15:40:03.595+0000] {logging_mixin.py:188} INFO - [2024-05-05T15:40:03.594+0000] {dag.py:3954} INFO - Setting next_dagrun for example_dag_decorator to None, run_after=None
[2024-05-05T15:40:03.639+0000] {processor.py:183} INFO - Processing /home/airflow/.local/lib/python3.12/site-packages/airflow/example_dags/example_dag_decorator.py took 1.007 seconds
[2024-05-05T15:40:34.570+0000] {processor.py:161} INFO - Started process (PID=869) to work on /home/airflow/.local/lib/python3.12/site-packages/airflow/example_dags/example_dag_decorator.py
[2024-05-05T15:40:34.571+0000] {processor.py:830} INFO - Processing file /home/airflow/.local/lib/python3.12/site-packages/airflow/example_dags/example_dag_decorator.py for tasks to queue
[2024-05-05T15:40:34.573+0000] {logging_mixin.py:188} INFO - [2024-05-05T15:40:34.572+0000] {dagbag.py:540} INFO - Filling up the DagBag from /home/airflow/.local/lib/python3.12/site-packages/airflow/example_dags/example_dag_decorator.py
[2024-05-05T15:40:35.292+0000] {processor.py:840} INFO - DAG(s) 'example_dag_decorator' retrieved from /home/airflow/.local/lib/python3.12/site-packages/airflow/example_dags/example_dag_decorator.py
[2024-05-05T15:40:35.833+0000] {logging_mixin.py:188} INFO - [2024-05-05T15:40:35.832+0000] {dag.py:3096} INFO - Sync 1 DAGs
[2024-05-05T15:40:35.859+0000] {logging_mixin.py:188} INFO - [2024-05-05T15:40:35.859+0000] {dag.py:3954} INFO - Setting next_dagrun for example_dag_decorator to None, run_after=None
[2024-05-05T15:40:35.936+0000] {processor.py:183} INFO - Processing /home/airflow/.local/lib/python3.12/site-packages/airflow/example_dags/example_dag_decorator.py took 1.376 seconds
[2024-05-05T15:41:06.800+0000] {processor.py:161} INFO - Started process (PID=927) to work on /home/airflow/.local/lib/python3.12/site-packages/airflow/example_dags/example_dag_decorator.py
[2024-05-05T15:41:06.801+0000] {processor.py:830} INFO - Processing file /home/airflow/.local/lib/python3.12/site-packages/airflow/example_dags/example_dag_decorator.py for tasks to queue
[2024-05-05T15:41:06.803+0000] {logging_mixin.py:188} INFO - [2024-05-05T15:41:06.803+0000] {dagbag.py:540} INFO - Filling up the DagBag from /home/airflow/.local/lib/python3.12/site-packages/airflow/example_dags/example_dag_decorator.py
[2024-05-05T15:41:07.709+0000] {processor.py:840} INFO - DAG(s) 'example_dag_decorator' retrieved from /home/airflow/.local/lib/python3.12/site-packages/airflow/example_dags/example_dag_decorator.py
[2024-05-05T15:41:08.033+0000] {logging_mixin.py:188} INFO - [2024-05-05T15:41:08.033+0000] {dag.py:3096} INFO - Sync 1 DAGs
[2024-05-05T15:41:08.046+0000] {logging_mixin.py:188} INFO - [2024-05-05T15:41:08.046+0000] {dag.py:3954} INFO - Setting next_dagrun for example_dag_decorator to None, run_after=None
[2024-05-05T15:41:08.073+0000] {processor.py:183} INFO - Processing /home/airflow/.local/lib/python3.12/site-packages/airflow/example_dags/example_dag_decorator.py took 1.297 seconds
[2024-05-05T15:41:38.475+0000] {processor.py:161} INFO - Started process (PID=987) to work on /home/airflow/.local/lib/python3.12/site-packages/airflow/example_dags/example_dag_decorator.py
[2024-05-05T15:41:38.475+0000] {processor.py:830} INFO - Processing file /home/airflow/.local/lib/python3.12/site-packages/airflow/example_dags/example_dag_decorator.py for tasks to queue
[2024-05-05T15:41:38.479+0000] {logging_mixin.py:188} INFO - [2024-05-05T15:41:38.478+0000] {dagbag.py:540} INFO - Filling up the DagBag from /home/airflow/.local/lib/python3.12/site-packages/airflow/example_dags/example_dag_decorator.py
[2024-05-05T15:41:38.754+0000] {processor.py:840} INFO - DAG(s) 'example_dag_decorator' retrieved from /home/airflow/.local/lib/python3.12/site-packages/airflow/example_dags/example_dag_decorator.py
[2024-05-05T15:41:38.917+0000] {logging_mixin.py:188} INFO - [2024-05-05T15:41:38.917+0000] {dag.py:3096} INFO - Sync 1 DAGs
[2024-05-05T15:41:38.931+0000] {logging_mixin.py:188} INFO - [2024-05-05T15:41:38.931+0000] {dag.py:3954} INFO - Setting next_dagrun for example_dag_decorator to None, run_after=None
[2024-05-05T15:41:38.975+0000] {processor.py:183} INFO - Processing /home/airflow/.local/lib/python3.12/site-packages/airflow/example_dags/example_dag_decorator.py took 0.510 seconds
[2024-05-05T15:42:09.642+0000] {processor.py:161} INFO - Started process (PID=1046) to work on /home/airflow/.local/lib/python3.12/site-packages/airflow/example_dags/example_dag_decorator.py
[2024-05-05T15:42:09.643+0000] {processor.py:830} INFO - Processing file /home/airflow/.local/lib/python3.12/site-packages/airflow/example_dags/example_dag_decorator.py for tasks to queue
[2024-05-05T15:42:09.646+0000] {logging_mixin.py:188} INFO - [2024-05-05T15:42:09.645+0000] {dagbag.py:540} INFO - Filling up the DagBag from /home/airflow/.local/lib/python3.12/site-packages/airflow/example_dags/example_dag_decorator.py
[2024-05-05T15:42:09.796+0000] {processor.py:840} INFO - DAG(s) 'example_dag_decorator' retrieved from /home/airflow/.local/lib/python3.12/site-packages/airflow/example_dags/example_dag_decorator.py
[2024-05-05T15:42:10.069+0000] {logging_mixin.py:188} INFO - [2024-05-05T15:42:10.069+0000] {dag.py:3096} INFO - Sync 1 DAGs
[2024-05-05T15:42:10.088+0000] {logging_mixin.py:188} INFO - [2024-05-05T15:42:10.088+0000] {dag.py:3954} INFO - Setting next_dagrun for example_dag_decorator to None, run_after=None
[2024-05-05T15:42:10.114+0000] {processor.py:183} INFO - Processing /home/airflow/.local/lib/python3.12/site-packages/airflow/example_dags/example_dag_decorator.py took 0.478 seconds
[2024-05-05T15:42:40.523+0000] {processor.py:161} INFO - Started process (PID=1104) to work on /home/airflow/.local/lib/python3.12/site-packages/airflow/example_dags/example_dag_decorator.py
[2024-05-05T15:42:40.537+0000] {processor.py:830} INFO - Processing file /home/airflow/.local/lib/python3.12/site-packages/airflow/example_dags/example_dag_decorator.py for tasks to queue
[2024-05-05T15:42:40.564+0000] {logging_mixin.py:188} INFO - [2024-05-05T15:42:40.564+0000] {dagbag.py:540} INFO - Filling up the DagBag from /home/airflow/.local/lib/python3.12/site-packages/airflow/example_dags/example_dag_decorator.py
[2024-05-05T15:42:40.871+0000] {processor.py:840} INFO - DAG(s) 'example_dag_decorator' retrieved from /home/airflow/.local/lib/python3.12/site-packages/airflow/example_dags/example_dag_decorator.py
[2024-05-05T15:42:41.290+0000] {logging_mixin.py:188} INFO - [2024-05-05T15:42:41.289+0000] {dag.py:3096} INFO - Sync 1 DAGs
[2024-05-05T15:42:41.345+0000] {logging_mixin.py:188} INFO - [2024-05-05T15:42:41.344+0000] {dag.py:3954} INFO - Setting next_dagrun for example_dag_decorator to None, run_after=None
[2024-05-05T15:42:41.375+0000] {processor.py:183} INFO - Processing /home/airflow/.local/lib/python3.12/site-packages/airflow/example_dags/example_dag_decorator.py took 0.885 seconds
[2024-05-05T15:43:11.602+0000] {processor.py:161} INFO - Started process (PID=1164) to work on /home/airflow/.local/lib/python3.12/site-packages/airflow/example_dags/example_dag_decorator.py
[2024-05-05T15:43:11.603+0000] {processor.py:830} INFO - Processing file /home/airflow/.local/lib/python3.12/site-packages/airflow/example_dags/example_dag_decorator.py for tasks to queue
[2024-05-05T15:43:11.617+0000] {logging_mixin.py:188} INFO - [2024-05-05T15:43:11.616+0000] {dagbag.py:540} INFO - Filling up the DagBag from /home/airflow/.local/lib/python3.12/site-packages/airflow/example_dags/example_dag_decorator.py
[2024-05-05T15:43:11.813+0000] {processor.py:840} INFO - DAG(s) 'example_dag_decorator' retrieved from /home/airflow/.local/lib/python3.12/site-packages/airflow/example_dags/example_dag_decorator.py
[2024-05-05T15:43:12.062+0000] {logging_mixin.py:188} INFO - [2024-05-05T15:43:12.062+0000] {dag.py:3096} INFO - Sync 1 DAGs
[2024-05-05T15:43:12.081+0000] {logging_mixin.py:188} INFO - [2024-05-05T15:43:12.081+0000] {dag.py:3954} INFO - Setting next_dagrun for example_dag_decorator to None, run_after=None
[2024-05-05T15:43:12.112+0000] {processor.py:183} INFO - Processing /home/airflow/.local/lib/python3.12/site-packages/airflow/example_dags/example_dag_decorator.py took 0.531 seconds
[2024-05-05T15:43:42.271+0000] {processor.py:161} INFO - Started process (PID=1220) to work on /home/airflow/.local/lib/python3.12/site-packages/airflow/example_dags/example_dag_decorator.py
[2024-05-05T15:43:42.271+0000] {processor.py:830} INFO - Processing file /home/airflow/.local/lib/python3.12/site-packages/airflow/example_dags/example_dag_decorator.py for tasks to queue
[2024-05-05T15:43:42.273+0000] {logging_mixin.py:188} INFO - [2024-05-05T15:43:42.273+0000] {dagbag.py:540} INFO - Filling up the DagBag from /home/airflow/.local/lib/python3.12/site-packages/airflow/example_dags/example_dag_decorator.py
[2024-05-05T15:43:42.729+0000] {processor.py:840} INFO - DAG(s) 'example_dag_decorator' retrieved from /home/airflow/.local/lib/python3.12/site-packages/airflow/example_dags/example_dag_decorator.py
[2024-05-05T15:43:43.062+0000] {logging_mixin.py:188} INFO - [2024-05-05T15:43:43.062+0000] {dag.py:3096} INFO - Sync 1 DAGs
[2024-05-05T15:43:43.080+0000] {logging_mixin.py:188} INFO - [2024-05-05T15:43:43.080+0000] {dag.py:3954} INFO - Setting next_dagrun for example_dag_decorator to None, run_after=None
[2024-05-05T15:43:43.120+0000] {processor.py:183} INFO - Processing /home/airflow/.local/lib/python3.12/site-packages/airflow/example_dags/example_dag_decorator.py took 0.859 seconds
[2024-05-05T15:44:13.602+0000] {processor.py:161} INFO - Started process (PID=1278) to work on /home/airflow/.local/lib/python3.12/site-packages/airflow/example_dags/example_dag_decorator.py
[2024-05-05T15:44:13.603+0000] {processor.py:830} INFO - Processing file /home/airflow/.local/lib/python3.12/site-packages/airflow/example_dags/example_dag_decorator.py for tasks to queue
[2024-05-05T15:44:13.606+0000] {logging_mixin.py:188} INFO - [2024-05-05T15:44:13.605+0000] {dagbag.py:540} INFO - Filling up the DagBag from /home/airflow/.local/lib/python3.12/site-packages/airflow/example_dags/example_dag_decorator.py
[2024-05-05T15:44:13.836+0000] {processor.py:840} INFO - DAG(s) 'example_dag_decorator' retrieved from /home/airflow/.local/lib/python3.12/site-packages/airflow/example_dags/example_dag_decorator.py
[2024-05-05T15:44:14.031+0000] {logging_mixin.py:188} INFO - [2024-05-05T15:44:14.030+0000] {dag.py:3096} INFO - Sync 1 DAGs
[2024-05-05T15:44:14.044+0000] {logging_mixin.py:188} INFO - [2024-05-05T15:44:14.043+0000] {dag.py:3954} INFO - Setting next_dagrun for example_dag_decorator to None, run_after=None
[2024-05-05T15:44:14.072+0000] {processor.py:183} INFO - Processing /home/airflow/.local/lib/python3.12/site-packages/airflow/example_dags/example_dag_decorator.py took 0.476 seconds
[2024-05-05T15:44:44.157+0000] {processor.py:161} INFO - Started process (PID=1337) to work on /home/airflow/.local/lib/python3.12/site-packages/airflow/example_dags/example_dag_decorator.py
[2024-05-05T15:44:44.158+0000] {processor.py:830} INFO - Processing file /home/airflow/.local/lib/python3.12/site-packages/airflow/example_dags/example_dag_decorator.py for tasks to queue
[2024-05-05T15:44:44.161+0000] {logging_mixin.py:188} INFO - [2024-05-05T15:44:44.160+0000] {dagbag.py:540} INFO - Filling up the DagBag from /home/airflow/.local/lib/python3.12/site-packages/airflow/example_dags/example_dag_decorator.py
[2024-05-05T15:44:44.338+0000] {processor.py:840} INFO - DAG(s) 'example_dag_decorator' retrieved from /home/airflow/.local/lib/python3.12/site-packages/airflow/example_dags/example_dag_decorator.py
[2024-05-05T15:44:44.505+0000] {logging_mixin.py:188} INFO - [2024-05-05T15:44:44.504+0000] {dag.py:3096} INFO - Sync 1 DAGs
[2024-05-05T15:44:44.518+0000] {logging_mixin.py:188} INFO - [2024-05-05T15:44:44.518+0000] {dag.py:3954} INFO - Setting next_dagrun for example_dag_decorator to None, run_after=None
[2024-05-05T15:44:44.543+0000] {processor.py:183} INFO - Processing /home/airflow/.local/lib/python3.12/site-packages/airflow/example_dags/example_dag_decorator.py took 0.392 seconds
[2024-05-05T15:45:14.844+0000] {processor.py:161} INFO - Started process (PID=1393) to work on /home/airflow/.local/lib/python3.12/site-packages/airflow/example_dags/example_dag_decorator.py
[2024-05-05T15:45:14.848+0000] {processor.py:830} INFO - Processing file /home/airflow/.local/lib/python3.12/site-packages/airflow/example_dags/example_dag_decorator.py for tasks to queue
[2024-05-05T15:45:14.855+0000] {logging_mixin.py:188} INFO - [2024-05-05T15:45:14.854+0000] {dagbag.py:540} INFO - Filling up the DagBag from /home/airflow/.local/lib/python3.12/site-packages/airflow/example_dags/example_dag_decorator.py
[2024-05-05T15:45:15.156+0000] {processor.py:840} INFO - DAG(s) 'example_dag_decorator' retrieved from /home/airflow/.local/lib/python3.12/site-packages/airflow/example_dags/example_dag_decorator.py
[2024-05-05T15:45:15.408+0000] {logging_mixin.py:188} INFO - [2024-05-05T15:45:15.408+0000] {dag.py:3096} INFO - Sync 1 DAGs
[2024-05-05T15:45:15.436+0000] {logging_mixin.py:188} INFO - [2024-05-05T15:45:15.431+0000] {dag.py:3954} INFO - Setting next_dagrun for example_dag_decorator to None, run_after=None
[2024-05-05T15:45:15.474+0000] {processor.py:183} INFO - Processing /home/airflow/.local/lib/python3.12/site-packages/airflow/example_dags/example_dag_decorator.py took 0.643 seconds
[2024-05-05T15:45:45.546+0000] {processor.py:161} INFO - Started process (PID=1453) to work on /home/airflow/.local/lib/python3.12/site-packages/airflow/example_dags/example_dag_decorator.py
[2024-05-05T15:45:45.547+0000] {processor.py:830} INFO - Processing file /home/airflow/.local/lib/python3.12/site-packages/airflow/example_dags/example_dag_decorator.py for tasks to queue
[2024-05-05T15:45:45.549+0000] {logging_mixin.py:188} INFO - [2024-05-05T15:45:45.548+0000] {dagbag.py:540} INFO - Filling up the DagBag from /home/airflow/.local/lib/python3.12/site-packages/airflow/example_dags/example_dag_decorator.py
[2024-05-05T15:45:45.698+0000] {processor.py:840} INFO - DAG(s) 'example_dag_decorator' retrieved from /home/airflow/.local/lib/python3.12/site-packages/airflow/example_dags/example_dag_decorator.py
[2024-05-05T15:45:46.013+0000] {logging_mixin.py:188} INFO - [2024-05-05T15:45:46.013+0000] {dag.py:3096} INFO - Sync 1 DAGs
[2024-05-05T15:45:46.038+0000] {logging_mixin.py:188} INFO - [2024-05-05T15:45:46.037+0000] {dag.py:3954} INFO - Setting next_dagrun for example_dag_decorator to None, run_after=None
[2024-05-05T15:45:46.109+0000] {processor.py:183} INFO - Processing /home/airflow/.local/lib/python3.12/site-packages/airflow/example_dags/example_dag_decorator.py took 0.570 seconds
[2024-05-05T15:46:16.854+0000] {processor.py:161} INFO - Started process (PID=1512) to work on /home/airflow/.local/lib/python3.12/site-packages/airflow/example_dags/example_dag_decorator.py
[2024-05-05T15:46:16.856+0000] {processor.py:830} INFO - Processing file /home/airflow/.local/lib/python3.12/site-packages/airflow/example_dags/example_dag_decorator.py for tasks to queue
[2024-05-05T15:46:16.858+0000] {logging_mixin.py:188} INFO - [2024-05-05T15:46:16.857+0000] {dagbag.py:540} INFO - Filling up the DagBag from /home/airflow/.local/lib/python3.12/site-packages/airflow/example_dags/example_dag_decorator.py
[2024-05-05T15:46:17.007+0000] {processor.py:840} INFO - DAG(s) 'example_dag_decorator' retrieved from /home/airflow/.local/lib/python3.12/site-packages/airflow/example_dags/example_dag_decorator.py
[2024-05-05T15:46:17.157+0000] {logging_mixin.py:188} INFO - [2024-05-05T15:46:17.157+0000] {dag.py:3096} INFO - Sync 1 DAGs
[2024-05-05T15:46:17.173+0000] {logging_mixin.py:188} INFO - [2024-05-05T15:46:17.172+0000] {dag.py:3954} INFO - Setting next_dagrun for example_dag_decorator to None, run_after=None
[2024-05-05T15:46:17.197+0000] {processor.py:183} INFO - Processing /home/airflow/.local/lib/python3.12/site-packages/airflow/example_dags/example_dag_decorator.py took 0.349 seconds
[2024-05-05T15:46:47.281+0000] {processor.py:161} INFO - Started process (PID=1569) to work on /home/airflow/.local/lib/python3.12/site-packages/airflow/example_dags/example_dag_decorator.py
[2024-05-05T15:46:47.282+0000] {processor.py:830} INFO - Processing file /home/airflow/.local/lib/python3.12/site-packages/airflow/example_dags/example_dag_decorator.py for tasks to queue
[2024-05-05T15:46:47.284+0000] {logging_mixin.py:188} INFO - [2024-05-05T15:46:47.283+0000] {dagbag.py:540} INFO - Filling up the DagBag from /home/airflow/.local/lib/python3.12/site-packages/airflow/example_dags/example_dag_decorator.py
[2024-05-05T15:46:47.411+0000] {processor.py:840} INFO - DAG(s) 'example_dag_decorator' retrieved from /home/airflow/.local/lib/python3.12/site-packages/airflow/example_dags/example_dag_decorator.py
[2024-05-05T15:46:47.555+0000] {logging_mixin.py:188} INFO - [2024-05-05T15:46:47.554+0000] {dag.py:3096} INFO - Sync 1 DAGs
[2024-05-05T15:46:47.569+0000] {logging_mixin.py:188} INFO - [2024-05-05T15:46:47.569+0000] {dag.py:3954} INFO - Setting next_dagrun for example_dag_decorator to None, run_after=None
[2024-05-05T15:46:47.596+0000] {processor.py:183} INFO - Processing /home/airflow/.local/lib/python3.12/site-packages/airflow/example_dags/example_dag_decorator.py took 0.321 seconds
[2024-05-05T15:47:17.634+0000] {processor.py:161} INFO - Started process (PID=1627) to work on /home/airflow/.local/lib/python3.12/site-packages/airflow/example_dags/example_dag_decorator.py
[2024-05-05T15:47:17.634+0000] {processor.py:830} INFO - Processing file /home/airflow/.local/lib/python3.12/site-packages/airflow/example_dags/example_dag_decorator.py for tasks to queue
[2024-05-05T15:47:17.637+0000] {logging_mixin.py:188} INFO - [2024-05-05T15:47:17.636+0000] {dagbag.py:540} INFO - Filling up the DagBag from /home/airflow/.local/lib/python3.12/site-packages/airflow/example_dags/example_dag_decorator.py
[2024-05-05T15:47:17.763+0000] {processor.py:840} INFO - DAG(s) 'example_dag_decorator' retrieved from /home/airflow/.local/lib/python3.12/site-packages/airflow/example_dags/example_dag_decorator.py
[2024-05-05T15:47:17.909+0000] {logging_mixin.py:188} INFO - [2024-05-05T15:47:17.909+0000] {dag.py:3096} INFO - Sync 1 DAGs
[2024-05-05T15:47:17.925+0000] {logging_mixin.py:188} INFO - [2024-05-05T15:47:17.924+0000] {dag.py:3954} INFO - Setting next_dagrun for example_dag_decorator to None, run_after=None
[2024-05-05T15:47:17.951+0000] {processor.py:183} INFO - Processing /home/airflow/.local/lib/python3.12/site-packages/airflow/example_dags/example_dag_decorator.py took 0.324 seconds
[2024-05-05T15:47:48.486+0000] {processor.py:161} INFO - Started process (PID=1684) to work on /home/airflow/.local/lib/python3.12/site-packages/airflow/example_dags/example_dag_decorator.py
[2024-05-05T15:47:48.487+0000] {processor.py:830} INFO - Processing file /home/airflow/.local/lib/python3.12/site-packages/airflow/example_dags/example_dag_decorator.py for tasks to queue
[2024-05-05T15:47:48.489+0000] {logging_mixin.py:188} INFO - [2024-05-05T15:47:48.489+0000] {dagbag.py:540} INFO - Filling up the DagBag from /home/airflow/.local/lib/python3.12/site-packages/airflow/example_dags/example_dag_decorator.py
[2024-05-05T15:47:48.685+0000] {processor.py:840} INFO - DAG(s) 'example_dag_decorator' retrieved from /home/airflow/.local/lib/python3.12/site-packages/airflow/example_dags/example_dag_decorator.py
[2024-05-05T15:47:48.965+0000] {logging_mixin.py:188} INFO - [2024-05-05T15:47:48.965+0000] {dag.py:3096} INFO - Sync 1 DAGs
[2024-05-05T15:47:48.998+0000] {logging_mixin.py:188} INFO - [2024-05-05T15:47:48.998+0000] {dag.py:3954} INFO - Setting next_dagrun for example_dag_decorator to None, run_after=None
[2024-05-05T15:47:49.061+0000] {processor.py:183} INFO - Processing /home/airflow/.local/lib/python3.12/site-packages/airflow/example_dags/example_dag_decorator.py took 0.581 seconds
[2024-05-05T15:48:19.869+0000] {processor.py:161} INFO - Started process (PID=1745) to work on /home/airflow/.local/lib/python3.12/site-packages/airflow/example_dags/example_dag_decorator.py
[2024-05-05T15:48:19.876+0000] {processor.py:830} INFO - Processing file /home/airflow/.local/lib/python3.12/site-packages/airflow/example_dags/example_dag_decorator.py for tasks to queue
[2024-05-05T15:48:19.878+0000] {logging_mixin.py:188} INFO - [2024-05-05T15:48:19.877+0000] {dagbag.py:540} INFO - Filling up the DagBag from /home/airflow/.local/lib/python3.12/site-packages/airflow/example_dags/example_dag_decorator.py
[2024-05-05T15:48:20.221+0000] {processor.py:840} INFO - DAG(s) 'example_dag_decorator' retrieved from /home/airflow/.local/lib/python3.12/site-packages/airflow/example_dags/example_dag_decorator.py
[2024-05-05T15:48:20.693+0000] {logging_mixin.py:188} INFO - [2024-05-05T15:48:20.692+0000] {dag.py:3096} INFO - Sync 1 DAGs
[2024-05-05T15:48:20.725+0000] {logging_mixin.py:188} INFO - [2024-05-05T15:48:20.725+0000] {dag.py:3954} INFO - Setting next_dagrun for example_dag_decorator to None, run_after=None
[2024-05-05T15:48:20.785+0000] {processor.py:183} INFO - Processing /home/airflow/.local/lib/python3.12/site-packages/airflow/example_dags/example_dag_decorator.py took 0.927 seconds
[2024-05-05T15:48:51.016+0000] {processor.py:161} INFO - Started process (PID=1804) to work on /home/airflow/.local/lib/python3.12/site-packages/airflow/example_dags/example_dag_decorator.py
[2024-05-05T15:48:51.017+0000] {processor.py:830} INFO - Processing file /home/airflow/.local/lib/python3.12/site-packages/airflow/example_dags/example_dag_decorator.py for tasks to queue
[2024-05-05T15:48:51.019+0000] {logging_mixin.py:188} INFO - [2024-05-05T15:48:51.018+0000] {dagbag.py:540} INFO - Filling up the DagBag from /home/airflow/.local/lib/python3.12/site-packages/airflow/example_dags/example_dag_decorator.py
[2024-05-05T15:48:51.150+0000] {processor.py:840} INFO - DAG(s) 'example_dag_decorator' retrieved from /home/airflow/.local/lib/python3.12/site-packages/airflow/example_dags/example_dag_decorator.py
[2024-05-05T15:48:51.301+0000] {logging_mixin.py:188} INFO - [2024-05-05T15:48:51.301+0000] {dag.py:3096} INFO - Sync 1 DAGs
[2024-05-05T15:48:51.315+0000] {logging_mixin.py:188} INFO - [2024-05-05T15:48:51.315+0000] {dag.py:3954} INFO - Setting next_dagrun for example_dag_decorator to None, run_after=None
[2024-05-05T15:48:51.349+0000] {processor.py:183} INFO - Processing /home/airflow/.local/lib/python3.12/site-packages/airflow/example_dags/example_dag_decorator.py took 0.339 seconds
[2024-05-05T15:49:21.899+0000] {processor.py:161} INFO - Started process (PID=1863) to work on /home/airflow/.local/lib/python3.12/site-packages/airflow/example_dags/example_dag_decorator.py
[2024-05-05T15:49:21.908+0000] {processor.py:830} INFO - Processing file /home/airflow/.local/lib/python3.12/site-packages/airflow/example_dags/example_dag_decorator.py for tasks to queue
[2024-05-05T15:49:21.910+0000] {logging_mixin.py:188} INFO - [2024-05-05T15:49:21.909+0000] {dagbag.py:540} INFO - Filling up the DagBag from /home/airflow/.local/lib/python3.12/site-packages/airflow/example_dags/example_dag_decorator.py
[2024-05-05T15:49:22.066+0000] {processor.py:840} INFO - DAG(s) 'example_dag_decorator' retrieved from /home/airflow/.local/lib/python3.12/site-packages/airflow/example_dags/example_dag_decorator.py
[2024-05-05T15:49:22.296+0000] {logging_mixin.py:188} INFO - [2024-05-05T15:49:22.295+0000] {dag.py:3096} INFO - Sync 1 DAGs
[2024-05-05T15:49:22.316+0000] {logging_mixin.py:188} INFO - [2024-05-05T15:49:22.315+0000] {dag.py:3954} INFO - Setting next_dagrun for example_dag_decorator to None, run_after=None
[2024-05-05T15:49:22.411+0000] {processor.py:183} INFO - Processing /home/airflow/.local/lib/python3.12/site-packages/airflow/example_dags/example_dag_decorator.py took 0.522 seconds
[2024-05-05T15:49:53.430+0000] {processor.py:161} INFO - Started process (PID=1930) to work on /home/airflow/.local/lib/python3.12/site-packages/airflow/example_dags/example_dag_decorator.py
[2024-05-05T15:49:53.431+0000] {processor.py:830} INFO - Processing file /home/airflow/.local/lib/python3.12/site-packages/airflow/example_dags/example_dag_decorator.py for tasks to queue
[2024-05-05T15:49:53.434+0000] {logging_mixin.py:188} INFO - [2024-05-05T15:49:53.434+0000] {dagbag.py:540} INFO - Filling up the DagBag from /home/airflow/.local/lib/python3.12/site-packages/airflow/example_dags/example_dag_decorator.py
[2024-05-05T15:49:53.678+0000] {processor.py:840} INFO - DAG(s) 'example_dag_decorator' retrieved from /home/airflow/.local/lib/python3.12/site-packages/airflow/example_dags/example_dag_decorator.py
[2024-05-05T15:49:53.832+0000] {logging_mixin.py:188} INFO - [2024-05-05T15:49:53.831+0000] {dag.py:3096} INFO - Sync 1 DAGs
[2024-05-05T15:49:53.846+0000] {logging_mixin.py:188} INFO - [2024-05-05T15:49:53.846+0000] {dag.py:3954} INFO - Setting next_dagrun for example_dag_decorator to None, run_after=None
[2024-05-05T15:49:53.875+0000] {processor.py:183} INFO - Processing /home/airflow/.local/lib/python3.12/site-packages/airflow/example_dags/example_dag_decorator.py took 0.459 seconds
[2024-05-05T15:50:24.155+0000] {processor.py:161} INFO - Started process (PID=1989) to work on /home/airflow/.local/lib/python3.12/site-packages/airflow/example_dags/example_dag_decorator.py
[2024-05-05T15:50:24.156+0000] {processor.py:830} INFO - Processing file /home/airflow/.local/lib/python3.12/site-packages/airflow/example_dags/example_dag_decorator.py for tasks to queue
[2024-05-05T15:50:24.163+0000] {logging_mixin.py:188} INFO - [2024-05-05T15:50:24.162+0000] {dagbag.py:540} INFO - Filling up the DagBag from /home/airflow/.local/lib/python3.12/site-packages/airflow/example_dags/example_dag_decorator.py
[2024-05-05T15:50:24.423+0000] {processor.py:840} INFO - DAG(s) 'example_dag_decorator' retrieved from /home/airflow/.local/lib/python3.12/site-packages/airflow/example_dags/example_dag_decorator.py
[2024-05-05T15:50:24.577+0000] {logging_mixin.py:188} INFO - [2024-05-05T15:50:24.576+0000] {dag.py:3096} INFO - Sync 1 DAGs
[2024-05-05T15:50:24.590+0000] {logging_mixin.py:188} INFO - [2024-05-05T15:50:24.590+0000] {dag.py:3954} INFO - Setting next_dagrun for example_dag_decorator to None, run_after=None
[2024-05-05T15:50:24.614+0000] {processor.py:183} INFO - Processing /home/airflow/.local/lib/python3.12/site-packages/airflow/example_dags/example_dag_decorator.py took 0.467 seconds
[2024-05-05T15:50:54.677+0000] {processor.py:161} INFO - Started process (PID=2047) to work on /home/airflow/.local/lib/python3.12/site-packages/airflow/example_dags/example_dag_decorator.py
[2024-05-05T15:50:54.685+0000] {processor.py:830} INFO - Processing file /home/airflow/.local/lib/python3.12/site-packages/airflow/example_dags/example_dag_decorator.py for tasks to queue
[2024-05-05T15:50:54.687+0000] {logging_mixin.py:188} INFO - [2024-05-05T15:50:54.686+0000] {dagbag.py:540} INFO - Filling up the DagBag from /home/airflow/.local/lib/python3.12/site-packages/airflow/example_dags/example_dag_decorator.py
[2024-05-05T15:50:55.272+0000] {processor.py:840} INFO - DAG(s) 'example_dag_decorator' retrieved from /home/airflow/.local/lib/python3.12/site-packages/airflow/example_dags/example_dag_decorator.py
[2024-05-05T15:50:55.849+0000] {logging_mixin.py:188} INFO - [2024-05-05T15:50:55.849+0000] {dag.py:3096} INFO - Sync 1 DAGs
[2024-05-05T15:50:55.889+0000] {logging_mixin.py:188} INFO - [2024-05-05T15:50:55.889+0000] {dag.py:3954} INFO - Setting next_dagrun for example_dag_decorator to None, run_after=None
[2024-05-05T15:50:55.965+0000] {processor.py:183} INFO - Processing /home/airflow/.local/lib/python3.12/site-packages/airflow/example_dags/example_dag_decorator.py took 1.302 seconds
[2024-05-05T15:51:26.186+0000] {processor.py:161} INFO - Started process (PID=2106) to work on /home/airflow/.local/lib/python3.12/site-packages/airflow/example_dags/example_dag_decorator.py
[2024-05-05T15:51:26.189+0000] {processor.py:830} INFO - Processing file /home/airflow/.local/lib/python3.12/site-packages/airflow/example_dags/example_dag_decorator.py for tasks to queue
[2024-05-05T15:51:26.192+0000] {logging_mixin.py:188} INFO - [2024-05-05T15:51:26.192+0000] {dagbag.py:540} INFO - Filling up the DagBag from /home/airflow/.local/lib/python3.12/site-packages/airflow/example_dags/example_dag_decorator.py
[2024-05-05T15:51:26.325+0000] {processor.py:840} INFO - DAG(s) 'example_dag_decorator' retrieved from /home/airflow/.local/lib/python3.12/site-packages/airflow/example_dags/example_dag_decorator.py
[2024-05-05T15:51:26.475+0000] {logging_mixin.py:188} INFO - [2024-05-05T15:51:26.474+0000] {dag.py:3096} INFO - Sync 1 DAGs
[2024-05-05T15:51:26.489+0000] {logging_mixin.py:188} INFO - [2024-05-05T15:51:26.489+0000] {dag.py:3954} INFO - Setting next_dagrun for example_dag_decorator to None, run_after=None
[2024-05-05T15:51:26.514+0000] {processor.py:183} INFO - Processing /home/airflow/.local/lib/python3.12/site-packages/airflow/example_dags/example_dag_decorator.py took 0.339 seconds
[2024-05-05T15:51:57.077+0000] {processor.py:161} INFO - Started process (PID=2166) to work on /home/airflow/.local/lib/python3.12/site-packages/airflow/example_dags/example_dag_decorator.py
[2024-05-05T15:51:57.078+0000] {processor.py:830} INFO - Processing file /home/airflow/.local/lib/python3.12/site-packages/airflow/example_dags/example_dag_decorator.py for tasks to queue
[2024-05-05T15:51:57.080+0000] {logging_mixin.py:188} INFO - [2024-05-05T15:51:57.080+0000] {dagbag.py:540} INFO - Filling up the DagBag from /home/airflow/.local/lib/python3.12/site-packages/airflow/example_dags/example_dag_decorator.py
[2024-05-05T15:51:57.238+0000] {processor.py:840} INFO - DAG(s) 'example_dag_decorator' retrieved from /home/airflow/.local/lib/python3.12/site-packages/airflow/example_dags/example_dag_decorator.py
[2024-05-05T15:51:57.388+0000] {logging_mixin.py:188} INFO - [2024-05-05T15:51:57.388+0000] {dag.py:3096} INFO - Sync 1 DAGs
[2024-05-05T15:51:57.412+0000] {logging_mixin.py:188} INFO - [2024-05-05T15:51:57.411+0000] {dag.py:3954} INFO - Setting next_dagrun for example_dag_decorator to None, run_after=None
[2024-05-05T15:51:57.451+0000] {processor.py:183} INFO - Processing /home/airflow/.local/lib/python3.12/site-packages/airflow/example_dags/example_dag_decorator.py took 0.383 seconds
[2024-05-05T15:52:27.539+0000] {processor.py:161} INFO - Started process (PID=2227) to work on /home/airflow/.local/lib/python3.12/site-packages/airflow/example_dags/example_dag_decorator.py
[2024-05-05T15:52:27.540+0000] {processor.py:830} INFO - Processing file /home/airflow/.local/lib/python3.12/site-packages/airflow/example_dags/example_dag_decorator.py for tasks to queue
[2024-05-05T15:52:27.542+0000] {logging_mixin.py:188} INFO - [2024-05-05T15:52:27.542+0000] {dagbag.py:540} INFO - Filling up the DagBag from /home/airflow/.local/lib/python3.12/site-packages/airflow/example_dags/example_dag_decorator.py
[2024-05-05T15:52:27.643+0000] {processor.py:840} INFO - DAG(s) 'example_dag_decorator' retrieved from /home/airflow/.local/lib/python3.12/site-packages/airflow/example_dags/example_dag_decorator.py
[2024-05-05T15:52:27.749+0000] {logging_mixin.py:188} INFO - [2024-05-05T15:52:27.748+0000] {dag.py:3096} INFO - Sync 1 DAGs
[2024-05-05T15:52:27.757+0000] {logging_mixin.py:188} INFO - [2024-05-05T15:52:27.757+0000] {dag.py:3954} INFO - Setting next_dagrun for example_dag_decorator to None, run_after=None
[2024-05-05T15:52:27.777+0000] {processor.py:183} INFO - Processing /home/airflow/.local/lib/python3.12/site-packages/airflow/example_dags/example_dag_decorator.py took 0.243 seconds
[2024-05-05T15:52:58.607+0000] {processor.py:161} INFO - Started process (PID=2286) to work on /home/airflow/.local/lib/python3.12/site-packages/airflow/example_dags/example_dag_decorator.py
[2024-05-05T15:52:58.607+0000] {processor.py:830} INFO - Processing file /home/airflow/.local/lib/python3.12/site-packages/airflow/example_dags/example_dag_decorator.py for tasks to queue
[2024-05-05T15:52:58.609+0000] {logging_mixin.py:188} INFO - [2024-05-05T15:52:58.609+0000] {dagbag.py:540} INFO - Filling up the DagBag from /home/airflow/.local/lib/python3.12/site-packages/airflow/example_dags/example_dag_decorator.py
[2024-05-05T15:52:58.738+0000] {processor.py:840} INFO - DAG(s) 'example_dag_decorator' retrieved from /home/airflow/.local/lib/python3.12/site-packages/airflow/example_dags/example_dag_decorator.py
[2024-05-05T15:52:58.884+0000] {logging_mixin.py:188} INFO - [2024-05-05T15:52:58.884+0000] {dag.py:3096} INFO - Sync 1 DAGs
[2024-05-05T15:52:58.893+0000] {logging_mixin.py:188} INFO - [2024-05-05T15:52:58.893+0000] {dag.py:3954} INFO - Setting next_dagrun for example_dag_decorator to None, run_after=None
[2024-05-05T15:52:58.912+0000] {processor.py:183} INFO - Processing /home/airflow/.local/lib/python3.12/site-packages/airflow/example_dags/example_dag_decorator.py took 0.312 seconds
[2024-05-05T15:53:28.976+0000] {processor.py:161} INFO - Started process (PID=2347) to work on /home/airflow/.local/lib/python3.12/site-packages/airflow/example_dags/example_dag_decorator.py
[2024-05-05T15:53:28.977+0000] {processor.py:830} INFO - Processing file /home/airflow/.local/lib/python3.12/site-packages/airflow/example_dags/example_dag_decorator.py for tasks to queue
[2024-05-05T15:53:28.979+0000] {logging_mixin.py:188} INFO - [2024-05-05T15:53:28.979+0000] {dagbag.py:540} INFO - Filling up the DagBag from /home/airflow/.local/lib/python3.12/site-packages/airflow/example_dags/example_dag_decorator.py
[2024-05-05T15:53:29.104+0000] {processor.py:840} INFO - DAG(s) 'example_dag_decorator' retrieved from /home/airflow/.local/lib/python3.12/site-packages/airflow/example_dags/example_dag_decorator.py
[2024-05-05T15:53:29.203+0000] {logging_mixin.py:188} INFO - [2024-05-05T15:53:29.203+0000] {dag.py:3096} INFO - Sync 1 DAGs
[2024-05-05T15:53:29.212+0000] {logging_mixin.py:188} INFO - [2024-05-05T15:53:29.212+0000] {dag.py:3954} INFO - Setting next_dagrun for example_dag_decorator to None, run_after=None
[2024-05-05T15:53:29.232+0000] {processor.py:183} INFO - Processing /home/airflow/.local/lib/python3.12/site-packages/airflow/example_dags/example_dag_decorator.py took 0.262 seconds
[2024-05-05T15:53:59.472+0000] {processor.py:161} INFO - Started process (PID=2404) to work on /home/airflow/.local/lib/python3.12/site-packages/airflow/example_dags/example_dag_decorator.py
[2024-05-05T15:53:59.473+0000] {processor.py:830} INFO - Processing file /home/airflow/.local/lib/python3.12/site-packages/airflow/example_dags/example_dag_decorator.py for tasks to queue
[2024-05-05T15:53:59.476+0000] {logging_mixin.py:188} INFO - [2024-05-05T15:53:59.475+0000] {dagbag.py:540} INFO - Filling up the DagBag from /home/airflow/.local/lib/python3.12/site-packages/airflow/example_dags/example_dag_decorator.py
[2024-05-05T15:53:59.677+0000] {processor.py:840} INFO - DAG(s) 'example_dag_decorator' retrieved from /home/airflow/.local/lib/python3.12/site-packages/airflow/example_dags/example_dag_decorator.py
[2024-05-05T15:53:59.942+0000] {logging_mixin.py:188} INFO - [2024-05-05T15:53:59.942+0000] {dag.py:3096} INFO - Sync 1 DAGs
[2024-05-05T15:53:59.967+0000] {logging_mixin.py:188} INFO - [2024-05-05T15:53:59.966+0000] {dag.py:3954} INFO - Setting next_dagrun for example_dag_decorator to None, run_after=None
[2024-05-05T15:54:00.014+0000] {processor.py:183} INFO - Processing /home/airflow/.local/lib/python3.12/site-packages/airflow/example_dags/example_dag_decorator.py took 0.548 seconds
[2024-05-05T15:54:30.590+0000] {processor.py:161} INFO - Started process (PID=2464) to work on /home/airflow/.local/lib/python3.12/site-packages/airflow/example_dags/example_dag_decorator.py
[2024-05-05T15:54:30.600+0000] {processor.py:830} INFO - Processing file /home/airflow/.local/lib/python3.12/site-packages/airflow/example_dags/example_dag_decorator.py for tasks to queue
[2024-05-05T15:54:30.602+0000] {logging_mixin.py:188} INFO - [2024-05-05T15:54:30.602+0000] {dagbag.py:540} INFO - Filling up the DagBag from /home/airflow/.local/lib/python3.12/site-packages/airflow/example_dags/example_dag_decorator.py
[2024-05-05T15:54:31.238+0000] {processor.py:840} INFO - DAG(s) 'example_dag_decorator' retrieved from /home/airflow/.local/lib/python3.12/site-packages/airflow/example_dags/example_dag_decorator.py
[2024-05-05T15:54:31.738+0000] {logging_mixin.py:188} INFO - [2024-05-05T15:54:31.737+0000] {dag.py:3096} INFO - Sync 1 DAGs
[2024-05-05T15:54:31.771+0000] {logging_mixin.py:188} INFO - [2024-05-05T15:54:31.771+0000] {dag.py:3954} INFO - Setting next_dagrun for example_dag_decorator to None, run_after=None
[2024-05-05T15:54:31.864+0000] {processor.py:183} INFO - Processing /home/airflow/.local/lib/python3.12/site-packages/airflow/example_dags/example_dag_decorator.py took 1.285 seconds
[2024-05-05T15:55:02.024+0000] {processor.py:161} INFO - Started process (PID=2524) to work on /home/airflow/.local/lib/python3.12/site-packages/airflow/example_dags/example_dag_decorator.py
[2024-05-05T15:55:02.025+0000] {processor.py:830} INFO - Processing file /home/airflow/.local/lib/python3.12/site-packages/airflow/example_dags/example_dag_decorator.py for tasks to queue
[2024-05-05T15:55:02.027+0000] {logging_mixin.py:188} INFO - [2024-05-05T15:55:02.027+0000] {dagbag.py:540} INFO - Filling up the DagBag from /home/airflow/.local/lib/python3.12/site-packages/airflow/example_dags/example_dag_decorator.py
[2024-05-05T15:55:02.328+0000] {processor.py:840} INFO - DAG(s) 'example_dag_decorator' retrieved from /home/airflow/.local/lib/python3.12/site-packages/airflow/example_dags/example_dag_decorator.py
[2024-05-05T15:55:02.808+0000] {logging_mixin.py:188} INFO - [2024-05-05T15:55:02.807+0000] {dag.py:3096} INFO - Sync 1 DAGs
[2024-05-05T15:55:02.821+0000] {logging_mixin.py:188} INFO - [2024-05-05T15:55:02.821+0000] {dag.py:3954} INFO - Setting next_dagrun for example_dag_decorator to None, run_after=None
[2024-05-05T15:55:02.858+0000] {processor.py:183} INFO - Processing /home/airflow/.local/lib/python3.12/site-packages/airflow/example_dags/example_dag_decorator.py took 0.845 seconds
[2024-05-05T15:55:33.391+0000] {processor.py:161} INFO - Started process (PID=2585) to work on /home/airflow/.local/lib/python3.12/site-packages/airflow/example_dags/example_dag_decorator.py
[2024-05-05T15:55:33.392+0000] {processor.py:830} INFO - Processing file /home/airflow/.local/lib/python3.12/site-packages/airflow/example_dags/example_dag_decorator.py for tasks to queue
[2024-05-05T15:55:33.394+0000] {logging_mixin.py:188} INFO - [2024-05-05T15:55:33.394+0000] {dagbag.py:540} INFO - Filling up the DagBag from /home/airflow/.local/lib/python3.12/site-packages/airflow/example_dags/example_dag_decorator.py
[2024-05-05T15:55:33.530+0000] {processor.py:840} INFO - DAG(s) 'example_dag_decorator' retrieved from /home/airflow/.local/lib/python3.12/site-packages/airflow/example_dags/example_dag_decorator.py
[2024-05-05T15:55:33.754+0000] {logging_mixin.py:188} INFO - [2024-05-05T15:55:33.754+0000] {dag.py:3096} INFO - Sync 1 DAGs
[2024-05-05T15:55:33.768+0000] {logging_mixin.py:188} INFO - [2024-05-05T15:55:33.767+0000] {dag.py:3954} INFO - Setting next_dagrun for example_dag_decorator to None, run_after=None
[2024-05-05T15:55:33.791+0000] {processor.py:183} INFO - Processing /home/airflow/.local/lib/python3.12/site-packages/airflow/example_dags/example_dag_decorator.py took 0.412 seconds
[2024-05-05T15:56:04.711+0000] {processor.py:161} INFO - Started process (PID=2647) to work on /home/airflow/.local/lib/python3.12/site-packages/airflow/example_dags/example_dag_decorator.py
[2024-05-05T15:56:04.712+0000] {processor.py:830} INFO - Processing file /home/airflow/.local/lib/python3.12/site-packages/airflow/example_dags/example_dag_decorator.py for tasks to queue
[2024-05-05T15:56:04.714+0000] {logging_mixin.py:188} INFO - [2024-05-05T15:56:04.713+0000] {dagbag.py:540} INFO - Filling up the DagBag from /home/airflow/.local/lib/python3.12/site-packages/airflow/example_dags/example_dag_decorator.py
[2024-05-05T15:56:04.839+0000] {processor.py:840} INFO - DAG(s) 'example_dag_decorator' retrieved from /home/airflow/.local/lib/python3.12/site-packages/airflow/example_dags/example_dag_decorator.py
[2024-05-05T15:56:04.988+0000] {logging_mixin.py:188} INFO - [2024-05-05T15:56:04.988+0000] {dag.py:3096} INFO - Sync 1 DAGs
[2024-05-05T15:56:05.001+0000] {logging_mixin.py:188} INFO - [2024-05-05T15:56:05.001+0000] {dag.py:3954} INFO - Setting next_dagrun for example_dag_decorator to None, run_after=None
[2024-05-05T15:56:05.027+0000] {processor.py:183} INFO - Processing /home/airflow/.local/lib/python3.12/site-packages/airflow/example_dags/example_dag_decorator.py took 0.322 seconds
[2024-05-05T15:56:35.282+0000] {processor.py:161} INFO - Started process (PID=2707) to work on /home/airflow/.local/lib/python3.12/site-packages/airflow/example_dags/example_dag_decorator.py
[2024-05-05T15:56:35.284+0000] {processor.py:830} INFO - Processing file /home/airflow/.local/lib/python3.12/site-packages/airflow/example_dags/example_dag_decorator.py for tasks to queue
[2024-05-05T15:56:35.287+0000] {logging_mixin.py:188} INFO - [2024-05-05T15:56:35.287+0000] {dagbag.py:540} INFO - Filling up the DagBag from /home/airflow/.local/lib/python3.12/site-packages/airflow/example_dags/example_dag_decorator.py
[2024-05-05T15:56:35.442+0000] {processor.py:840} INFO - DAG(s) 'example_dag_decorator' retrieved from /home/airflow/.local/lib/python3.12/site-packages/airflow/example_dags/example_dag_decorator.py
[2024-05-05T15:56:35.585+0000] {logging_mixin.py:188} INFO - [2024-05-05T15:56:35.585+0000] {dag.py:3096} INFO - Sync 1 DAGs
[2024-05-05T15:56:35.598+0000] {logging_mixin.py:188} INFO - [2024-05-05T15:56:35.598+0000] {dag.py:3954} INFO - Setting next_dagrun for example_dag_decorator to None, run_after=None
[2024-05-05T15:56:35.620+0000] {processor.py:183} INFO - Processing /home/airflow/.local/lib/python3.12/site-packages/airflow/example_dags/example_dag_decorator.py took 0.344 seconds
[2024-05-05T15:57:05.676+0000] {processor.py:161} INFO - Started process (PID=2767) to work on /home/airflow/.local/lib/python3.12/site-packages/airflow/example_dags/example_dag_decorator.py
[2024-05-05T15:57:05.677+0000] {processor.py:830} INFO - Processing file /home/airflow/.local/lib/python3.12/site-packages/airflow/example_dags/example_dag_decorator.py for tasks to queue
[2024-05-05T15:57:05.679+0000] {logging_mixin.py:188} INFO - [2024-05-05T15:57:05.679+0000] {dagbag.py:540} INFO - Filling up the DagBag from /home/airflow/.local/lib/python3.12/site-packages/airflow/example_dags/example_dag_decorator.py
[2024-05-05T15:57:05.804+0000] {processor.py:840} INFO - DAG(s) 'example_dag_decorator' retrieved from /home/airflow/.local/lib/python3.12/site-packages/airflow/example_dags/example_dag_decorator.py
[2024-05-05T15:57:05.948+0000] {logging_mixin.py:188} INFO - [2024-05-05T15:57:05.948+0000] {dag.py:3096} INFO - Sync 1 DAGs
[2024-05-05T15:57:05.961+0000] {logging_mixin.py:188} INFO - [2024-05-05T15:57:05.961+0000] {dag.py:3954} INFO - Setting next_dagrun for example_dag_decorator to None, run_after=None
[2024-05-05T15:57:05.987+0000] {processor.py:183} INFO - Processing /home/airflow/.local/lib/python3.12/site-packages/airflow/example_dags/example_dag_decorator.py took 0.317 seconds
[2024-05-05T15:57:36.271+0000] {processor.py:161} INFO - Started process (PID=2827) to work on /home/airflow/.local/lib/python3.12/site-packages/airflow/example_dags/example_dag_decorator.py
[2024-05-05T15:57:36.272+0000] {processor.py:830} INFO - Processing file /home/airflow/.local/lib/python3.12/site-packages/airflow/example_dags/example_dag_decorator.py for tasks to queue
[2024-05-05T15:57:36.274+0000] {logging_mixin.py:188} INFO - [2024-05-05T15:57:36.274+0000] {dagbag.py:540} INFO - Filling up the DagBag from /home/airflow/.local/lib/python3.12/site-packages/airflow/example_dags/example_dag_decorator.py
[2024-05-05T15:57:36.440+0000] {processor.py:840} INFO - DAG(s) 'example_dag_decorator' retrieved from /home/airflow/.local/lib/python3.12/site-packages/airflow/example_dags/example_dag_decorator.py
[2024-05-05T15:57:36.595+0000] {logging_mixin.py:188} INFO - [2024-05-05T15:57:36.594+0000] {dag.py:3096} INFO - Sync 1 DAGs
[2024-05-05T15:57:36.608+0000] {logging_mixin.py:188} INFO - [2024-05-05T15:57:36.608+0000] {dag.py:3954} INFO - Setting next_dagrun for example_dag_decorator to None, run_after=None
[2024-05-05T15:57:36.631+0000] {processor.py:183} INFO - Processing /home/airflow/.local/lib/python3.12/site-packages/airflow/example_dags/example_dag_decorator.py took 0.366 seconds
[2024-05-05T15:58:06.904+0000] {processor.py:161} INFO - Started process (PID=2887) to work on /home/airflow/.local/lib/python3.12/site-packages/airflow/example_dags/example_dag_decorator.py
[2024-05-05T15:58:06.905+0000] {processor.py:830} INFO - Processing file /home/airflow/.local/lib/python3.12/site-packages/airflow/example_dags/example_dag_decorator.py for tasks to queue
[2024-05-05T15:58:06.908+0000] {logging_mixin.py:188} INFO - [2024-05-05T15:58:06.907+0000] {dagbag.py:540} INFO - Filling up the DagBag from /home/airflow/.local/lib/python3.12/site-packages/airflow/example_dags/example_dag_decorator.py
[2024-05-05T15:58:07.121+0000] {processor.py:840} INFO - DAG(s) 'example_dag_decorator' retrieved from /home/airflow/.local/lib/python3.12/site-packages/airflow/example_dags/example_dag_decorator.py
[2024-05-05T15:58:07.439+0000] {logging_mixin.py:188} INFO - [2024-05-05T15:58:07.439+0000] {dag.py:3096} INFO - Sync 1 DAGs
[2024-05-05T15:58:07.458+0000] {logging_mixin.py:188} INFO - [2024-05-05T15:58:07.458+0000] {dag.py:3954} INFO - Setting next_dagrun for example_dag_decorator to None, run_after=None
[2024-05-05T15:58:07.481+0000] {processor.py:183} INFO - Processing /home/airflow/.local/lib/python3.12/site-packages/airflow/example_dags/example_dag_decorator.py took 0.584 seconds
[2024-05-05T15:58:38.005+0000] {processor.py:161} INFO - Started process (PID=2950) to work on /home/airflow/.local/lib/python3.12/site-packages/airflow/example_dags/example_dag_decorator.py
[2024-05-05T15:58:38.016+0000] {processor.py:830} INFO - Processing file /home/airflow/.local/lib/python3.12/site-packages/airflow/example_dags/example_dag_decorator.py for tasks to queue
[2024-05-05T15:58:38.019+0000] {logging_mixin.py:188} INFO - [2024-05-05T15:58:38.019+0000] {dagbag.py:540} INFO - Filling up the DagBag from /home/airflow/.local/lib/python3.12/site-packages/airflow/example_dags/example_dag_decorator.py
[2024-05-05T15:58:38.625+0000] {processor.py:840} INFO - DAG(s) 'example_dag_decorator' retrieved from /home/airflow/.local/lib/python3.12/site-packages/airflow/example_dags/example_dag_decorator.py
[2024-05-05T15:58:39.297+0000] {logging_mixin.py:188} INFO - [2024-05-05T15:58:39.296+0000] {dag.py:3096} INFO - Sync 1 DAGs
[2024-05-05T15:58:39.396+0000] {logging_mixin.py:188} INFO - [2024-05-05T15:58:39.387+0000] {dag.py:3954} INFO - Setting next_dagrun for example_dag_decorator to None, run_after=None
[2024-05-05T15:58:39.641+0000] {processor.py:183} INFO - Processing /home/airflow/.local/lib/python3.12/site-packages/airflow/example_dags/example_dag_decorator.py took 1.667 seconds
[2024-05-05T15:59:16.191+0000] {processor.py:161} INFO - Started process (PID=3018) to work on /home/airflow/.local/lib/python3.12/site-packages/airflow/example_dags/example_dag_decorator.py
[2024-05-05T15:59:16.199+0000] {processor.py:830} INFO - Processing file /home/airflow/.local/lib/python3.12/site-packages/airflow/example_dags/example_dag_decorator.py for tasks to queue
[2024-05-05T15:59:16.201+0000] {logging_mixin.py:188} INFO - [2024-05-05T15:59:16.201+0000] {dagbag.py:540} INFO - Filling up the DagBag from /home/airflow/.local/lib/python3.12/site-packages/airflow/example_dags/example_dag_decorator.py
[2024-05-05T15:59:17.000+0000] {processor.py:840} INFO - DAG(s) 'example_dag_decorator' retrieved from /home/airflow/.local/lib/python3.12/site-packages/airflow/example_dags/example_dag_decorator.py
[2024-05-05T15:59:18.265+0000] {logging_mixin.py:188} INFO - [2024-05-05T15:59:18.263+0000] {dag.py:3096} INFO - Sync 1 DAGs
[2024-05-05T15:59:18.297+0000] {logging_mixin.py:188} INFO - [2024-05-05T15:59:18.297+0000] {dag.py:3954} INFO - Setting next_dagrun for example_dag_decorator to None, run_after=None
[2024-05-05T15:59:18.500+0000] {processor.py:183} INFO - Processing /home/airflow/.local/lib/python3.12/site-packages/airflow/example_dags/example_dag_decorator.py took 2.319 seconds
[2024-05-05T15:59:49.009+0000] {processor.py:161} INFO - Started process (PID=3081) to work on /home/airflow/.local/lib/python3.12/site-packages/airflow/example_dags/example_dag_decorator.py
[2024-05-05T15:59:49.013+0000] {processor.py:830} INFO - Processing file /home/airflow/.local/lib/python3.12/site-packages/airflow/example_dags/example_dag_decorator.py for tasks to queue
[2024-05-05T15:59:49.015+0000] {logging_mixin.py:188} INFO - [2024-05-05T15:59:49.015+0000] {dagbag.py:540} INFO - Filling up the DagBag from /home/airflow/.local/lib/python3.12/site-packages/airflow/example_dags/example_dag_decorator.py
[2024-05-05T15:59:49.716+0000] {processor.py:840} INFO - DAG(s) 'example_dag_decorator' retrieved from /home/airflow/.local/lib/python3.12/site-packages/airflow/example_dags/example_dag_decorator.py
[2024-05-05T15:59:50.506+0000] {logging_mixin.py:188} INFO - [2024-05-05T15:59:50.505+0000] {dag.py:3096} INFO - Sync 1 DAGs
[2024-05-05T15:59:50.585+0000] {logging_mixin.py:188} INFO - [2024-05-05T15:59:50.584+0000] {dag.py:3954} INFO - Setting next_dagrun for example_dag_decorator to None, run_after=None
[2024-05-05T15:59:50.901+0000] {processor.py:183} INFO - Processing /home/airflow/.local/lib/python3.12/site-packages/airflow/example_dags/example_dag_decorator.py took 1.902 seconds
