[2024-05-05T15:33:30.613+0000] {processor.py:161} INFO - Started process (PID=67) to work on /home/airflow/.local/lib/python3.12/site-packages/airflow/example_dags/tutorial.py
[2024-05-05T15:33:30.614+0000] {processor.py:830} INFO - Processing file /home/airflow/.local/lib/python3.12/site-packages/airflow/example_dags/tutorial.py for tasks to queue
[2024-05-05T15:33:30.619+0000] {logging_mixin.py:188} INFO - [2024-05-05T15:33:30.618+0000] {dagbag.py:540} INFO - Filling up the DagBag from /home/airflow/.local/lib/python3.12/site-packages/airflow/example_dags/tutorial.py
[2024-05-05T15:33:30.688+0000] {processor.py:840} INFO - DAG(s) 'tutorial' retrieved from /home/airflow/.local/lib/python3.12/site-packages/airflow/example_dags/tutorial.py
[2024-05-05T15:33:31.406+0000] {logging_mixin.py:188} INFO - [2024-05-05T15:33:31.405+0000] {override.py:1829} INFO - Created Permission View: can edit on DAG:tutorial
[2024-05-05T15:33:31.460+0000] {logging_mixin.py:188} INFO - [2024-05-05T15:33:31.460+0000] {override.py:1829} INFO - Created Permission View: can read on DAG:tutorial
[2024-05-05T15:33:31.504+0000] {logging_mixin.py:188} INFO - [2024-05-05T15:33:31.504+0000] {override.py:1829} INFO - Created Permission View: can delete on DAG:tutorial
[2024-05-05T15:33:31.505+0000] {logging_mixin.py:188} INFO - [2024-05-05T15:33:31.504+0000] {dag.py:3096} INFO - Sync 1 DAGs
[2024-05-05T15:33:31.560+0000] {logging_mixin.py:188} INFO - [2024-05-05T15:33:31.555+0000] {dag.py:3118} INFO - Creating ORM DAG for tutorial
[2024-05-05T15:33:31.605+0000] {logging_mixin.py:188} INFO - [2024-05-05T15:33:31.605+0000] {dag.py:3954} INFO - Setting next_dagrun for tutorial to 2024-05-04 00:00:00+00:00, run_after=2024-05-05 00:00:00+00:00
[2024-05-05T15:33:31.673+0000] {processor.py:183} INFO - Processing /home/airflow/.local/lib/python3.12/site-packages/airflow/example_dags/tutorial.py took 1.080 seconds
[2024-05-05T15:34:01.857+0000] {processor.py:161} INFO - Started process (PID=125) to work on /home/airflow/.local/lib/python3.12/site-packages/airflow/example_dags/tutorial.py
[2024-05-05T15:34:01.860+0000] {processor.py:830} INFO - Processing file /home/airflow/.local/lib/python3.12/site-packages/airflow/example_dags/tutorial.py for tasks to queue
[2024-05-05T15:34:01.862+0000] {logging_mixin.py:188} INFO - [2024-05-05T15:34:01.862+0000] {dagbag.py:540} INFO - Filling up the DagBag from /home/airflow/.local/lib/python3.12/site-packages/airflow/example_dags/tutorial.py
[2024-05-05T15:34:01.869+0000] {processor.py:840} INFO - DAG(s) 'tutorial' retrieved from /home/airflow/.local/lib/python3.12/site-packages/airflow/example_dags/tutorial.py
[2024-05-05T15:34:01.888+0000] {logging_mixin.py:188} INFO - [2024-05-05T15:34:01.888+0000] {dag.py:3096} INFO - Sync 1 DAGs
[2024-05-05T15:34:01.906+0000] {logging_mixin.py:188} INFO - [2024-05-05T15:34:01.906+0000] {dag.py:3954} INFO - Setting next_dagrun for tutorial to 2024-05-04 00:00:00+00:00, run_after=2024-05-05 00:00:00+00:00
[2024-05-05T15:34:01.927+0000] {processor.py:183} INFO - Processing /home/airflow/.local/lib/python3.12/site-packages/airflow/example_dags/tutorial.py took 0.079 seconds
[2024-05-05T15:34:32.215+0000] {processor.py:161} INFO - Started process (PID=183) to work on /home/airflow/.local/lib/python3.12/site-packages/airflow/example_dags/tutorial.py
[2024-05-05T15:34:32.217+0000] {processor.py:830} INFO - Processing file /home/airflow/.local/lib/python3.12/site-packages/airflow/example_dags/tutorial.py for tasks to queue
[2024-05-05T15:34:32.221+0000] {logging_mixin.py:188} INFO - [2024-05-05T15:34:32.220+0000] {dagbag.py:540} INFO - Filling up the DagBag from /home/airflow/.local/lib/python3.12/site-packages/airflow/example_dags/tutorial.py
[2024-05-05T15:34:32.237+0000] {processor.py:840} INFO - DAG(s) 'tutorial' retrieved from /home/airflow/.local/lib/python3.12/site-packages/airflow/example_dags/tutorial.py
[2024-05-05T15:34:32.276+0000] {logging_mixin.py:188} INFO - [2024-05-05T15:34:32.276+0000] {dag.py:3096} INFO - Sync 1 DAGs
[2024-05-05T15:34:32.309+0000] {logging_mixin.py:188} INFO - [2024-05-05T15:34:32.308+0000] {dag.py:3954} INFO - Setting next_dagrun for tutorial to 2024-05-04 00:00:00+00:00, run_after=2024-05-05 00:00:00+00:00
[2024-05-05T15:34:32.335+0000] {processor.py:183} INFO - Processing /home/airflow/.local/lib/python3.12/site-packages/airflow/example_dags/tutorial.py took 0.142 seconds
[2024-05-05T15:35:02.670+0000] {processor.py:161} INFO - Started process (PID=240) to work on /home/airflow/.local/lib/python3.12/site-packages/airflow/example_dags/tutorial.py
[2024-05-05T15:35:02.670+0000] {processor.py:830} INFO - Processing file /home/airflow/.local/lib/python3.12/site-packages/airflow/example_dags/tutorial.py for tasks to queue
[2024-05-05T15:35:02.674+0000] {logging_mixin.py:188} INFO - [2024-05-05T15:35:02.673+0000] {dagbag.py:540} INFO - Filling up the DagBag from /home/airflow/.local/lib/python3.12/site-packages/airflow/example_dags/tutorial.py
[2024-05-05T15:35:02.680+0000] {processor.py:840} INFO - DAG(s) 'tutorial' retrieved from /home/airflow/.local/lib/python3.12/site-packages/airflow/example_dags/tutorial.py
[2024-05-05T15:35:02.703+0000] {logging_mixin.py:188} INFO - [2024-05-05T15:35:02.703+0000] {dag.py:3096} INFO - Sync 1 DAGs
[2024-05-05T15:35:02.761+0000] {logging_mixin.py:188} INFO - [2024-05-05T15:35:02.761+0000] {dag.py:3954} INFO - Setting next_dagrun for tutorial to 2024-05-04 00:00:00+00:00, run_after=2024-05-05 00:00:00+00:00
[2024-05-05T15:35:02.813+0000] {processor.py:183} INFO - Processing /home/airflow/.local/lib/python3.12/site-packages/airflow/example_dags/tutorial.py took 0.151 seconds
[2024-05-05T15:35:33.189+0000] {processor.py:161} INFO - Started process (PID=298) to work on /home/airflow/.local/lib/python3.12/site-packages/airflow/example_dags/tutorial.py
[2024-05-05T15:35:33.190+0000] {processor.py:830} INFO - Processing file /home/airflow/.local/lib/python3.12/site-packages/airflow/example_dags/tutorial.py for tasks to queue
[2024-05-05T15:35:33.192+0000] {logging_mixin.py:188} INFO - [2024-05-05T15:35:33.192+0000] {dagbag.py:540} INFO - Filling up the DagBag from /home/airflow/.local/lib/python3.12/site-packages/airflow/example_dags/tutorial.py
[2024-05-05T15:35:33.201+0000] {processor.py:840} INFO - DAG(s) 'tutorial' retrieved from /home/airflow/.local/lib/python3.12/site-packages/airflow/example_dags/tutorial.py
[2024-05-05T15:35:33.230+0000] {logging_mixin.py:188} INFO - [2024-05-05T15:35:33.230+0000] {dag.py:3096} INFO - Sync 1 DAGs
[2024-05-05T15:35:33.269+0000] {logging_mixin.py:188} INFO - [2024-05-05T15:35:33.269+0000] {dag.py:3954} INFO - Setting next_dagrun for tutorial to 2024-05-04 00:00:00+00:00, run_after=2024-05-05 00:00:00+00:00
[2024-05-05T15:35:33.297+0000] {processor.py:183} INFO - Processing /home/airflow/.local/lib/python3.12/site-packages/airflow/example_dags/tutorial.py took 0.119 seconds
[2024-05-05T15:36:03.561+0000] {processor.py:161} INFO - Started process (PID=356) to work on /home/airflow/.local/lib/python3.12/site-packages/airflow/example_dags/tutorial.py
[2024-05-05T15:36:03.562+0000] {processor.py:830} INFO - Processing file /home/airflow/.local/lib/python3.12/site-packages/airflow/example_dags/tutorial.py for tasks to queue
[2024-05-05T15:36:03.563+0000] {logging_mixin.py:188} INFO - [2024-05-05T15:36:03.563+0000] {dagbag.py:540} INFO - Filling up the DagBag from /home/airflow/.local/lib/python3.12/site-packages/airflow/example_dags/tutorial.py
[2024-05-05T15:36:03.573+0000] {processor.py:840} INFO - DAG(s) 'tutorial' retrieved from /home/airflow/.local/lib/python3.12/site-packages/airflow/example_dags/tutorial.py
[2024-05-05T15:36:03.607+0000] {logging_mixin.py:188} INFO - [2024-05-05T15:36:03.606+0000] {dag.py:3096} INFO - Sync 1 DAGs
[2024-05-05T15:36:03.663+0000] {logging_mixin.py:188} INFO - [2024-05-05T15:36:03.663+0000] {dag.py:3954} INFO - Setting next_dagrun for tutorial to 2024-05-04 00:00:00+00:00, run_after=2024-05-05 00:00:00+00:00
[2024-05-05T15:36:03.687+0000] {processor.py:183} INFO - Processing /home/airflow/.local/lib/python3.12/site-packages/airflow/example_dags/tutorial.py took 0.132 seconds
[2024-05-05T15:36:34.169+0000] {processor.py:161} INFO - Started process (PID=415) to work on /home/airflow/.local/lib/python3.12/site-packages/airflow/example_dags/tutorial.py
[2024-05-05T15:36:34.184+0000] {processor.py:830} INFO - Processing file /home/airflow/.local/lib/python3.12/site-packages/airflow/example_dags/tutorial.py for tasks to queue
[2024-05-05T15:36:34.190+0000] {logging_mixin.py:188} INFO - [2024-05-05T15:36:34.190+0000] {dagbag.py:540} INFO - Filling up the DagBag from /home/airflow/.local/lib/python3.12/site-packages/airflow/example_dags/tutorial.py
[2024-05-05T15:36:34.230+0000] {processor.py:840} INFO - DAG(s) 'tutorial' retrieved from /home/airflow/.local/lib/python3.12/site-packages/airflow/example_dags/tutorial.py
[2024-05-05T15:36:34.321+0000] {logging_mixin.py:188} INFO - [2024-05-05T15:36:34.320+0000] {dag.py:3096} INFO - Sync 1 DAGs
[2024-05-05T15:36:34.445+0000] {logging_mixin.py:188} INFO - [2024-05-05T15:36:34.445+0000] {dag.py:3954} INFO - Setting next_dagrun for tutorial to 2024-05-04 00:00:00+00:00, run_after=2024-05-05 00:00:00+00:00
[2024-05-05T15:36:34.510+0000] {processor.py:183} INFO - Processing /home/airflow/.local/lib/python3.12/site-packages/airflow/example_dags/tutorial.py took 0.390 seconds
[2024-05-05T15:37:04.939+0000] {processor.py:161} INFO - Started process (PID=473) to work on /home/airflow/.local/lib/python3.12/site-packages/airflow/example_dags/tutorial.py
[2024-05-05T15:37:04.939+0000] {processor.py:830} INFO - Processing file /home/airflow/.local/lib/python3.12/site-packages/airflow/example_dags/tutorial.py for tasks to queue
[2024-05-05T15:37:04.941+0000] {logging_mixin.py:188} INFO - [2024-05-05T15:37:04.941+0000] {dagbag.py:540} INFO - Filling up the DagBag from /home/airflow/.local/lib/python3.12/site-packages/airflow/example_dags/tutorial.py
[2024-05-05T15:37:04.948+0000] {processor.py:840} INFO - DAG(s) 'tutorial' retrieved from /home/airflow/.local/lib/python3.12/site-packages/airflow/example_dags/tutorial.py
[2024-05-05T15:37:05.008+0000] {logging_mixin.py:188} INFO - [2024-05-05T15:37:05.008+0000] {dag.py:3096} INFO - Sync 1 DAGs
[2024-05-05T15:37:05.057+0000] {logging_mixin.py:188} INFO - [2024-05-05T15:37:05.057+0000] {dag.py:3954} INFO - Setting next_dagrun for tutorial to 2024-05-04 00:00:00+00:00, run_after=2024-05-05 00:00:00+00:00
[2024-05-05T15:37:05.080+0000] {processor.py:183} INFO - Processing /home/airflow/.local/lib/python3.12/site-packages/airflow/example_dags/tutorial.py took 0.149 seconds
[2024-05-05T15:37:35.622+0000] {processor.py:161} INFO - Started process (PID=532) to work on /home/airflow/.local/lib/python3.12/site-packages/airflow/example_dags/tutorial.py
[2024-05-05T15:37:35.629+0000] {processor.py:830} INFO - Processing file /home/airflow/.local/lib/python3.12/site-packages/airflow/example_dags/tutorial.py for tasks to queue
[2024-05-05T15:37:35.631+0000] {logging_mixin.py:188} INFO - [2024-05-05T15:37:35.631+0000] {dagbag.py:540} INFO - Filling up the DagBag from /home/airflow/.local/lib/python3.12/site-packages/airflow/example_dags/tutorial.py
[2024-05-05T15:37:35.639+0000] {processor.py:840} INFO - DAG(s) 'tutorial' retrieved from /home/airflow/.local/lib/python3.12/site-packages/airflow/example_dags/tutorial.py
[2024-05-05T15:37:35.664+0000] {logging_mixin.py:188} INFO - [2024-05-05T15:37:35.663+0000] {dag.py:3096} INFO - Sync 1 DAGs
[2024-05-05T15:37:35.692+0000] {logging_mixin.py:188} INFO - [2024-05-05T15:37:35.692+0000] {dag.py:3954} INFO - Setting next_dagrun for tutorial to 2024-05-04 00:00:00+00:00, run_after=2024-05-05 00:00:00+00:00
[2024-05-05T15:37:35.716+0000] {processor.py:183} INFO - Processing /home/airflow/.local/lib/python3.12/site-packages/airflow/example_dags/tutorial.py took 0.105 seconds
[2024-05-05T15:38:06.553+0000] {processor.py:161} INFO - Started process (PID=591) to work on /home/airflow/.local/lib/python3.12/site-packages/airflow/example_dags/tutorial.py
[2024-05-05T15:38:06.554+0000] {processor.py:830} INFO - Processing file /home/airflow/.local/lib/python3.12/site-packages/airflow/example_dags/tutorial.py for tasks to queue
[2024-05-05T15:38:06.556+0000] {logging_mixin.py:188} INFO - [2024-05-05T15:38:06.555+0000] {dagbag.py:540} INFO - Filling up the DagBag from /home/airflow/.local/lib/python3.12/site-packages/airflow/example_dags/tutorial.py
[2024-05-05T15:38:06.562+0000] {processor.py:840} INFO - DAG(s) 'tutorial' retrieved from /home/airflow/.local/lib/python3.12/site-packages/airflow/example_dags/tutorial.py
[2024-05-05T15:38:06.583+0000] {logging_mixin.py:188} INFO - [2024-05-05T15:38:06.583+0000] {dag.py:3096} INFO - Sync 1 DAGs
[2024-05-05T15:38:06.610+0000] {logging_mixin.py:188} INFO - [2024-05-05T15:38:06.609+0000] {dag.py:3954} INFO - Setting next_dagrun for tutorial to 2024-05-04 00:00:00+00:00, run_after=2024-05-05 00:00:00+00:00
[2024-05-05T15:38:06.633+0000] {processor.py:183} INFO - Processing /home/airflow/.local/lib/python3.12/site-packages/airflow/example_dags/tutorial.py took 0.087 seconds
[2024-05-05T15:38:36.691+0000] {processor.py:161} INFO - Started process (PID=649) to work on /home/airflow/.local/lib/python3.12/site-packages/airflow/example_dags/tutorial.py
[2024-05-05T15:38:36.692+0000] {processor.py:830} INFO - Processing file /home/airflow/.local/lib/python3.12/site-packages/airflow/example_dags/tutorial.py for tasks to queue
[2024-05-05T15:38:36.694+0000] {logging_mixin.py:188} INFO - [2024-05-05T15:38:36.693+0000] {dagbag.py:540} INFO - Filling up the DagBag from /home/airflow/.local/lib/python3.12/site-packages/airflow/example_dags/tutorial.py
[2024-05-05T15:38:36.701+0000] {processor.py:840} INFO - DAG(s) 'tutorial' retrieved from /home/airflow/.local/lib/python3.12/site-packages/airflow/example_dags/tutorial.py
[2024-05-05T15:38:36.721+0000] {logging_mixin.py:188} INFO - [2024-05-05T15:38:36.721+0000] {dag.py:3096} INFO - Sync 1 DAGs
[2024-05-05T15:38:36.753+0000] {logging_mixin.py:188} INFO - [2024-05-05T15:38:36.752+0000] {dag.py:3954} INFO - Setting next_dagrun for tutorial to 2024-05-04 00:00:00+00:00, run_after=2024-05-05 00:00:00+00:00
[2024-05-05T15:38:36.816+0000] {processor.py:183} INFO - Processing /home/airflow/.local/lib/python3.12/site-packages/airflow/example_dags/tutorial.py took 0.131 seconds
[2024-05-05T15:39:06.886+0000] {processor.py:161} INFO - Started process (PID=707) to work on /home/airflow/.local/lib/python3.12/site-packages/airflow/example_dags/tutorial.py
[2024-05-05T15:39:06.887+0000] {processor.py:830} INFO - Processing file /home/airflow/.local/lib/python3.12/site-packages/airflow/example_dags/tutorial.py for tasks to queue
[2024-05-05T15:39:06.889+0000] {logging_mixin.py:188} INFO - [2024-05-05T15:39:06.889+0000] {dagbag.py:540} INFO - Filling up the DagBag from /home/airflow/.local/lib/python3.12/site-packages/airflow/example_dags/tutorial.py
[2024-05-05T15:39:06.896+0000] {processor.py:840} INFO - DAG(s) 'tutorial' retrieved from /home/airflow/.local/lib/python3.12/site-packages/airflow/example_dags/tutorial.py
[2024-05-05T15:39:06.919+0000] {logging_mixin.py:188} INFO - [2024-05-05T15:39:06.919+0000] {dag.py:3096} INFO - Sync 1 DAGs
[2024-05-05T15:39:06.946+0000] {logging_mixin.py:188} INFO - [2024-05-05T15:39:06.946+0000] {dag.py:3954} INFO - Setting next_dagrun for tutorial to 2024-05-04 00:00:00+00:00, run_after=2024-05-05 00:00:00+00:00
[2024-05-05T15:39:06.970+0000] {processor.py:183} INFO - Processing /home/airflow/.local/lib/python3.12/site-packages/airflow/example_dags/tutorial.py took 0.091 seconds
[2024-05-05T15:39:37.756+0000] {processor.py:161} INFO - Started process (PID=766) to work on /home/airflow/.local/lib/python3.12/site-packages/airflow/example_dags/tutorial.py
[2024-05-05T15:39:37.756+0000] {processor.py:830} INFO - Processing file /home/airflow/.local/lib/python3.12/site-packages/airflow/example_dags/tutorial.py for tasks to queue
[2024-05-05T15:39:37.758+0000] {logging_mixin.py:188} INFO - [2024-05-05T15:39:37.758+0000] {dagbag.py:540} INFO - Filling up the DagBag from /home/airflow/.local/lib/python3.12/site-packages/airflow/example_dags/tutorial.py
[2024-05-05T15:39:37.765+0000] {processor.py:840} INFO - DAG(s) 'tutorial' retrieved from /home/airflow/.local/lib/python3.12/site-packages/airflow/example_dags/tutorial.py
[2024-05-05T15:39:37.786+0000] {logging_mixin.py:188} INFO - [2024-05-05T15:39:37.786+0000] {dag.py:3096} INFO - Sync 1 DAGs
[2024-05-05T15:39:37.812+0000] {logging_mixin.py:188} INFO - [2024-05-05T15:39:37.812+0000] {dag.py:3954} INFO - Setting next_dagrun for tutorial to 2024-05-04 00:00:00+00:00, run_after=2024-05-05 00:00:00+00:00
[2024-05-05T15:39:37.838+0000] {processor.py:183} INFO - Processing /home/airflow/.local/lib/python3.12/site-packages/airflow/example_dags/tutorial.py took 0.092 seconds
[2024-05-05T15:40:08.773+0000] {processor.py:161} INFO - Started process (PID=823) to work on /home/airflow/.local/lib/python3.12/site-packages/airflow/example_dags/tutorial.py
[2024-05-05T15:40:08.780+0000] {processor.py:830} INFO - Processing file /home/airflow/.local/lib/python3.12/site-packages/airflow/example_dags/tutorial.py for tasks to queue
[2024-05-05T15:40:08.782+0000] {logging_mixin.py:188} INFO - [2024-05-05T15:40:08.782+0000] {dagbag.py:540} INFO - Filling up the DagBag from /home/airflow/.local/lib/python3.12/site-packages/airflow/example_dags/tutorial.py
[2024-05-05T15:40:08.801+0000] {processor.py:840} INFO - DAG(s) 'tutorial' retrieved from /home/airflow/.local/lib/python3.12/site-packages/airflow/example_dags/tutorial.py
[2024-05-05T15:40:08.838+0000] {logging_mixin.py:188} INFO - [2024-05-05T15:40:08.838+0000] {dag.py:3096} INFO - Sync 1 DAGs
[2024-05-05T15:40:08.882+0000] {logging_mixin.py:188} INFO - [2024-05-05T15:40:08.881+0000] {dag.py:3954} INFO - Setting next_dagrun for tutorial to 2024-05-04 00:00:00+00:00, run_after=2024-05-05 00:00:00+00:00
[2024-05-05T15:40:08.925+0000] {processor.py:183} INFO - Processing /home/airflow/.local/lib/python3.12/site-packages/airflow/example_dags/tutorial.py took 0.158 seconds
[2024-05-05T15:40:39.586+0000] {processor.py:161} INFO - Started process (PID=881) to work on /home/airflow/.local/lib/python3.12/site-packages/airflow/example_dags/tutorial.py
[2024-05-05T15:40:39.587+0000] {processor.py:830} INFO - Processing file /home/airflow/.local/lib/python3.12/site-packages/airflow/example_dags/tutorial.py for tasks to queue
[2024-05-05T15:40:39.595+0000] {logging_mixin.py:188} INFO - [2024-05-05T15:40:39.592+0000] {dagbag.py:540} INFO - Filling up the DagBag from /home/airflow/.local/lib/python3.12/site-packages/airflow/example_dags/tutorial.py
[2024-05-05T15:40:39.611+0000] {processor.py:840} INFO - DAG(s) 'tutorial' retrieved from /home/airflow/.local/lib/python3.12/site-packages/airflow/example_dags/tutorial.py
[2024-05-05T15:40:39.886+0000] {logging_mixin.py:188} INFO - [2024-05-05T15:40:39.885+0000] {dag.py:3096} INFO - Sync 1 DAGs
[2024-05-05T15:40:39.902+0000] {logging_mixin.py:188} INFO - [2024-05-05T15:40:39.902+0000] {dag.py:3954} INFO - Setting next_dagrun for tutorial to 2024-05-04 00:00:00+00:00, run_after=2024-05-05 00:00:00+00:00
[2024-05-05T15:40:39.921+0000] {processor.py:183} INFO - Processing /home/airflow/.local/lib/python3.12/site-packages/airflow/example_dags/tutorial.py took 0.344 seconds
[2024-05-05T15:41:11.021+0000] {processor.py:161} INFO - Started process (PID=938) to work on /home/airflow/.local/lib/python3.12/site-packages/airflow/example_dags/tutorial.py
[2024-05-05T15:41:11.021+0000] {processor.py:830} INFO - Processing file /home/airflow/.local/lib/python3.12/site-packages/airflow/example_dags/tutorial.py for tasks to queue
[2024-05-05T15:41:11.023+0000] {logging_mixin.py:188} INFO - [2024-05-05T15:41:11.023+0000] {dagbag.py:540} INFO - Filling up the DagBag from /home/airflow/.local/lib/python3.12/site-packages/airflow/example_dags/tutorial.py
[2024-05-05T15:41:11.030+0000] {processor.py:840} INFO - DAG(s) 'tutorial' retrieved from /home/airflow/.local/lib/python3.12/site-packages/airflow/example_dags/tutorial.py
[2024-05-05T15:41:11.074+0000] {logging_mixin.py:188} INFO - [2024-05-05T15:41:11.074+0000] {dag.py:3096} INFO - Sync 1 DAGs
[2024-05-05T15:41:11.310+0000] {logging_mixin.py:188} INFO - [2024-05-05T15:41:11.310+0000] {dag.py:3954} INFO - Setting next_dagrun for tutorial to 2024-05-04 00:00:00+00:00, run_after=2024-05-05 00:00:00+00:00
[2024-05-05T15:41:11.401+0000] {processor.py:183} INFO - Processing /home/airflow/.local/lib/python3.12/site-packages/airflow/example_dags/tutorial.py took 0.390 seconds
[2024-05-05T15:41:41.526+0000] {processor.py:161} INFO - Started process (PID=997) to work on /home/airflow/.local/lib/python3.12/site-packages/airflow/example_dags/tutorial.py
[2024-05-05T15:41:41.526+0000] {processor.py:830} INFO - Processing file /home/airflow/.local/lib/python3.12/site-packages/airflow/example_dags/tutorial.py for tasks to queue
[2024-05-05T15:41:41.529+0000] {logging_mixin.py:188} INFO - [2024-05-05T15:41:41.528+0000] {dagbag.py:540} INFO - Filling up the DagBag from /home/airflow/.local/lib/python3.12/site-packages/airflow/example_dags/tutorial.py
[2024-05-05T15:41:41.535+0000] {processor.py:840} INFO - DAG(s) 'tutorial' retrieved from /home/airflow/.local/lib/python3.12/site-packages/airflow/example_dags/tutorial.py
[2024-05-05T15:41:41.571+0000] {logging_mixin.py:188} INFO - [2024-05-05T15:41:41.571+0000] {dag.py:3096} INFO - Sync 1 DAGs
[2024-05-05T15:41:41.613+0000] {logging_mixin.py:188} INFO - [2024-05-05T15:41:41.612+0000] {dag.py:3954} INFO - Setting next_dagrun for tutorial to 2024-05-04 00:00:00+00:00, run_after=2024-05-05 00:00:00+00:00
[2024-05-05T15:41:41.664+0000] {processor.py:183} INFO - Processing /home/airflow/.local/lib/python3.12/site-packages/airflow/example_dags/tutorial.py took 0.145 seconds
[2024-05-05T15:42:12.603+0000] {processor.py:161} INFO - Started process (PID=1056) to work on /home/airflow/.local/lib/python3.12/site-packages/airflow/example_dags/tutorial.py
[2024-05-05T15:42:12.604+0000] {processor.py:830} INFO - Processing file /home/airflow/.local/lib/python3.12/site-packages/airflow/example_dags/tutorial.py for tasks to queue
[2024-05-05T15:42:12.605+0000] {logging_mixin.py:188} INFO - [2024-05-05T15:42:12.605+0000] {dagbag.py:540} INFO - Filling up the DagBag from /home/airflow/.local/lib/python3.12/site-packages/airflow/example_dags/tutorial.py
[2024-05-05T15:42:12.609+0000] {processor.py:840} INFO - DAG(s) 'tutorial' retrieved from /home/airflow/.local/lib/python3.12/site-packages/airflow/example_dags/tutorial.py
[2024-05-05T15:42:12.625+0000] {logging_mixin.py:188} INFO - [2024-05-05T15:42:12.625+0000] {dag.py:3096} INFO - Sync 1 DAGs
[2024-05-05T15:42:12.643+0000] {logging_mixin.py:188} INFO - [2024-05-05T15:42:12.643+0000] {dag.py:3954} INFO - Setting next_dagrun for tutorial to 2024-05-04 00:00:00+00:00, run_after=2024-05-05 00:00:00+00:00
[2024-05-05T15:42:12.664+0000] {processor.py:183} INFO - Processing /home/airflow/.local/lib/python3.12/site-packages/airflow/example_dags/tutorial.py took 0.068 seconds
[2024-05-05T15:42:42.870+0000] {processor.py:161} INFO - Started process (PID=1114) to work on /home/airflow/.local/lib/python3.12/site-packages/airflow/example_dags/tutorial.py
[2024-05-05T15:42:42.871+0000] {processor.py:830} INFO - Processing file /home/airflow/.local/lib/python3.12/site-packages/airflow/example_dags/tutorial.py for tasks to queue
[2024-05-05T15:42:42.884+0000] {logging_mixin.py:188} INFO - [2024-05-05T15:42:42.874+0000] {dagbag.py:540} INFO - Filling up the DagBag from /home/airflow/.local/lib/python3.12/site-packages/airflow/example_dags/tutorial.py
[2024-05-05T15:42:42.890+0000] {processor.py:840} INFO - DAG(s) 'tutorial' retrieved from /home/airflow/.local/lib/python3.12/site-packages/airflow/example_dags/tutorial.py
[2024-05-05T15:42:42.936+0000] {logging_mixin.py:188} INFO - [2024-05-05T15:42:42.936+0000] {dag.py:3096} INFO - Sync 1 DAGs
[2024-05-05T15:42:42.977+0000] {logging_mixin.py:188} INFO - [2024-05-05T15:42:42.977+0000] {dag.py:3954} INFO - Setting next_dagrun for tutorial to 2024-05-04 00:00:00+00:00, run_after=2024-05-05 00:00:00+00:00
[2024-05-05T15:42:43.002+0000] {processor.py:183} INFO - Processing /home/airflow/.local/lib/python3.12/site-packages/airflow/example_dags/tutorial.py took 0.148 seconds
[2024-05-05T15:43:13.520+0000] {processor.py:161} INFO - Started process (PID=1172) to work on /home/airflow/.local/lib/python3.12/site-packages/airflow/example_dags/tutorial.py
[2024-05-05T15:43:13.521+0000] {processor.py:830} INFO - Processing file /home/airflow/.local/lib/python3.12/site-packages/airflow/example_dags/tutorial.py for tasks to queue
[2024-05-05T15:43:13.523+0000] {logging_mixin.py:188} INFO - [2024-05-05T15:43:13.522+0000] {dagbag.py:540} INFO - Filling up the DagBag from /home/airflow/.local/lib/python3.12/site-packages/airflow/example_dags/tutorial.py
[2024-05-05T15:43:13.539+0000] {processor.py:840} INFO - DAG(s) 'tutorial' retrieved from /home/airflow/.local/lib/python3.12/site-packages/airflow/example_dags/tutorial.py
[2024-05-05T15:43:13.577+0000] {logging_mixin.py:188} INFO - [2024-05-05T15:43:13.577+0000] {dag.py:3096} INFO - Sync 1 DAGs
[2024-05-05T15:43:13.622+0000] {logging_mixin.py:188} INFO - [2024-05-05T15:43:13.622+0000] {dag.py:3954} INFO - Setting next_dagrun for tutorial to 2024-05-04 00:00:00+00:00, run_after=2024-05-05 00:00:00+00:00
[2024-05-05T15:43:13.662+0000] {processor.py:183} INFO - Processing /home/airflow/.local/lib/python3.12/site-packages/airflow/example_dags/tutorial.py took 0.154 seconds
[2024-05-05T15:43:44.539+0000] {processor.py:161} INFO - Started process (PID=1230) to work on /home/airflow/.local/lib/python3.12/site-packages/airflow/example_dags/tutorial.py
[2024-05-05T15:43:44.544+0000] {processor.py:830} INFO - Processing file /home/airflow/.local/lib/python3.12/site-packages/airflow/example_dags/tutorial.py for tasks to queue
[2024-05-05T15:43:44.546+0000] {logging_mixin.py:188} INFO - [2024-05-05T15:43:44.546+0000] {dagbag.py:540} INFO - Filling up the DagBag from /home/airflow/.local/lib/python3.12/site-packages/airflow/example_dags/tutorial.py
[2024-05-05T15:43:44.554+0000] {processor.py:840} INFO - DAG(s) 'tutorial' retrieved from /home/airflow/.local/lib/python3.12/site-packages/airflow/example_dags/tutorial.py
[2024-05-05T15:43:44.577+0000] {logging_mixin.py:188} INFO - [2024-05-05T15:43:44.577+0000] {dag.py:3096} INFO - Sync 1 DAGs
[2024-05-05T15:43:44.604+0000] {logging_mixin.py:188} INFO - [2024-05-05T15:43:44.603+0000] {dag.py:3954} INFO - Setting next_dagrun for tutorial to 2024-05-04 00:00:00+00:00, run_after=2024-05-05 00:00:00+00:00
[2024-05-05T15:43:44.635+0000] {processor.py:183} INFO - Processing /home/airflow/.local/lib/python3.12/site-packages/airflow/example_dags/tutorial.py took 0.104 seconds
[2024-05-05T15:44:15.486+0000] {processor.py:161} INFO - Started process (PID=1288) to work on /home/airflow/.local/lib/python3.12/site-packages/airflow/example_dags/tutorial.py
[2024-05-05T15:44:15.487+0000] {processor.py:830} INFO - Processing file /home/airflow/.local/lib/python3.12/site-packages/airflow/example_dags/tutorial.py for tasks to queue
[2024-05-05T15:44:15.489+0000] {logging_mixin.py:188} INFO - [2024-05-05T15:44:15.488+0000] {dagbag.py:540} INFO - Filling up the DagBag from /home/airflow/.local/lib/python3.12/site-packages/airflow/example_dags/tutorial.py
[2024-05-05T15:44:15.495+0000] {processor.py:840} INFO - DAG(s) 'tutorial' retrieved from /home/airflow/.local/lib/python3.12/site-packages/airflow/example_dags/tutorial.py
[2024-05-05T15:44:15.522+0000] {logging_mixin.py:188} INFO - [2024-05-05T15:44:15.522+0000] {dag.py:3096} INFO - Sync 1 DAGs
[2024-05-05T15:44:15.550+0000] {logging_mixin.py:188} INFO - [2024-05-05T15:44:15.550+0000] {dag.py:3954} INFO - Setting next_dagrun for tutorial to 2024-05-04 00:00:00+00:00, run_after=2024-05-05 00:00:00+00:00
[2024-05-05T15:44:15.574+0000] {processor.py:183} INFO - Processing /home/airflow/.local/lib/python3.12/site-packages/airflow/example_dags/tutorial.py took 0.097 seconds
[2024-05-05T15:44:46.030+0000] {processor.py:161} INFO - Started process (PID=1346) to work on /home/airflow/.local/lib/python3.12/site-packages/airflow/example_dags/tutorial.py
[2024-05-05T15:44:46.031+0000] {processor.py:830} INFO - Processing file /home/airflow/.local/lib/python3.12/site-packages/airflow/example_dags/tutorial.py for tasks to queue
[2024-05-05T15:44:46.032+0000] {logging_mixin.py:188} INFO - [2024-05-05T15:44:46.032+0000] {dagbag.py:540} INFO - Filling up the DagBag from /home/airflow/.local/lib/python3.12/site-packages/airflow/example_dags/tutorial.py
[2024-05-05T15:44:46.044+0000] {processor.py:840} INFO - DAG(s) 'tutorial' retrieved from /home/airflow/.local/lib/python3.12/site-packages/airflow/example_dags/tutorial.py
[2024-05-05T15:44:46.073+0000] {logging_mixin.py:188} INFO - [2024-05-05T15:44:46.072+0000] {dag.py:3096} INFO - Sync 1 DAGs
[2024-05-05T15:44:46.111+0000] {logging_mixin.py:188} INFO - [2024-05-05T15:44:46.111+0000] {dag.py:3954} INFO - Setting next_dagrun for tutorial to 2024-05-04 00:00:00+00:00, run_after=2024-05-05 00:00:00+00:00
[2024-05-05T15:44:46.140+0000] {processor.py:183} INFO - Processing /home/airflow/.local/lib/python3.12/site-packages/airflow/example_dags/tutorial.py took 0.118 seconds
[2024-05-05T15:45:16.366+0000] {processor.py:161} INFO - Started process (PID=1403) to work on /home/airflow/.local/lib/python3.12/site-packages/airflow/example_dags/tutorial.py
[2024-05-05T15:45:16.367+0000] {processor.py:830} INFO - Processing file /home/airflow/.local/lib/python3.12/site-packages/airflow/example_dags/tutorial.py for tasks to queue
[2024-05-05T15:45:16.387+0000] {logging_mixin.py:188} INFO - [2024-05-05T15:45:16.386+0000] {dagbag.py:540} INFO - Filling up the DagBag from /home/airflow/.local/lib/python3.12/site-packages/airflow/example_dags/tutorial.py
[2024-05-05T15:45:16.406+0000] {processor.py:840} INFO - DAG(s) 'tutorial' retrieved from /home/airflow/.local/lib/python3.12/site-packages/airflow/example_dags/tutorial.py
[2024-05-05T15:45:16.493+0000] {logging_mixin.py:188} INFO - [2024-05-05T15:45:16.493+0000] {dag.py:3096} INFO - Sync 1 DAGs
[2024-05-05T15:45:16.530+0000] {logging_mixin.py:188} INFO - [2024-05-05T15:45:16.529+0000] {dag.py:3954} INFO - Setting next_dagrun for tutorial to 2024-05-04 00:00:00+00:00, run_after=2024-05-05 00:00:00+00:00
[2024-05-05T15:45:16.562+0000] {processor.py:183} INFO - Processing /home/airflow/.local/lib/python3.12/site-packages/airflow/example_dags/tutorial.py took 0.204 seconds
[2024-05-05T15:45:46.680+0000] {processor.py:161} INFO - Started process (PID=1461) to work on /home/airflow/.local/lib/python3.12/site-packages/airflow/example_dags/tutorial.py
[2024-05-05T15:45:46.681+0000] {processor.py:830} INFO - Processing file /home/airflow/.local/lib/python3.12/site-packages/airflow/example_dags/tutorial.py for tasks to queue
[2024-05-05T15:45:46.683+0000] {logging_mixin.py:188} INFO - [2024-05-05T15:45:46.683+0000] {dagbag.py:540} INFO - Filling up the DagBag from /home/airflow/.local/lib/python3.12/site-packages/airflow/example_dags/tutorial.py
[2024-05-05T15:45:46.690+0000] {processor.py:840} INFO - DAG(s) 'tutorial' retrieved from /home/airflow/.local/lib/python3.12/site-packages/airflow/example_dags/tutorial.py
[2024-05-05T15:45:46.713+0000] {logging_mixin.py:188} INFO - [2024-05-05T15:45:46.713+0000] {dag.py:3096} INFO - Sync 1 DAGs
[2024-05-05T15:45:46.740+0000] {logging_mixin.py:188} INFO - [2024-05-05T15:45:46.740+0000] {dag.py:3954} INFO - Setting next_dagrun for tutorial to 2024-05-04 00:00:00+00:00, run_after=2024-05-05 00:00:00+00:00
[2024-05-05T15:45:46.769+0000] {processor.py:183} INFO - Processing /home/airflow/.local/lib/python3.12/site-packages/airflow/example_dags/tutorial.py took 0.099 seconds
[2024-05-05T15:46:17.476+0000] {processor.py:161} INFO - Started process (PID=1520) to work on /home/airflow/.local/lib/python3.12/site-packages/airflow/example_dags/tutorial.py
[2024-05-05T15:46:17.477+0000] {processor.py:830} INFO - Processing file /home/airflow/.local/lib/python3.12/site-packages/airflow/example_dags/tutorial.py for tasks to queue
[2024-05-05T15:46:17.478+0000] {logging_mixin.py:188} INFO - [2024-05-05T15:46:17.478+0000] {dagbag.py:540} INFO - Filling up the DagBag from /home/airflow/.local/lib/python3.12/site-packages/airflow/example_dags/tutorial.py
[2024-05-05T15:46:17.483+0000] {processor.py:840} INFO - DAG(s) 'tutorial' retrieved from /home/airflow/.local/lib/python3.12/site-packages/airflow/example_dags/tutorial.py
[2024-05-05T15:46:17.504+0000] {logging_mixin.py:188} INFO - [2024-05-05T15:46:17.503+0000] {dag.py:3096} INFO - Sync 1 DAGs
[2024-05-05T15:46:17.527+0000] {logging_mixin.py:188} INFO - [2024-05-05T15:46:17.527+0000] {dag.py:3954} INFO - Setting next_dagrun for tutorial to 2024-05-04 00:00:00+00:00, run_after=2024-05-05 00:00:00+00:00
[2024-05-05T15:46:17.549+0000] {processor.py:183} INFO - Processing /home/airflow/.local/lib/python3.12/site-packages/airflow/example_dags/tutorial.py took 0.079 seconds
[2024-05-05T15:46:47.879+0000] {processor.py:161} INFO - Started process (PID=1577) to work on /home/airflow/.local/lib/python3.12/site-packages/airflow/example_dags/tutorial.py
[2024-05-05T15:46:47.880+0000] {processor.py:830} INFO - Processing file /home/airflow/.local/lib/python3.12/site-packages/airflow/example_dags/tutorial.py for tasks to queue
[2024-05-05T15:46:47.881+0000] {logging_mixin.py:188} INFO - [2024-05-05T15:46:47.881+0000] {dagbag.py:540} INFO - Filling up the DagBag from /home/airflow/.local/lib/python3.12/site-packages/airflow/example_dags/tutorial.py
[2024-05-05T15:46:47.886+0000] {processor.py:840} INFO - DAG(s) 'tutorial' retrieved from /home/airflow/.local/lib/python3.12/site-packages/airflow/example_dags/tutorial.py
[2024-05-05T15:46:47.920+0000] {logging_mixin.py:188} INFO - [2024-05-05T15:46:47.920+0000] {dag.py:3096} INFO - Sync 1 DAGs
[2024-05-05T15:46:47.940+0000] {logging_mixin.py:188} INFO - [2024-05-05T15:46:47.940+0000] {dag.py:3954} INFO - Setting next_dagrun for tutorial to 2024-05-04 00:00:00+00:00, run_after=2024-05-05 00:00:00+00:00
[2024-05-05T15:46:47.962+0000] {processor.py:183} INFO - Processing /home/airflow/.local/lib/python3.12/site-packages/airflow/example_dags/tutorial.py took 0.090 seconds
[2024-05-05T15:47:18.180+0000] {processor.py:161} INFO - Started process (PID=1634) to work on /home/airflow/.local/lib/python3.12/site-packages/airflow/example_dags/tutorial.py
[2024-05-05T15:47:18.181+0000] {processor.py:830} INFO - Processing file /home/airflow/.local/lib/python3.12/site-packages/airflow/example_dags/tutorial.py for tasks to queue
[2024-05-05T15:47:18.183+0000] {logging_mixin.py:188} INFO - [2024-05-05T15:47:18.183+0000] {dagbag.py:540} INFO - Filling up the DagBag from /home/airflow/.local/lib/python3.12/site-packages/airflow/example_dags/tutorial.py
[2024-05-05T15:47:18.190+0000] {processor.py:840} INFO - DAG(s) 'tutorial' retrieved from /home/airflow/.local/lib/python3.12/site-packages/airflow/example_dags/tutorial.py
[2024-05-05T15:47:18.211+0000] {logging_mixin.py:188} INFO - [2024-05-05T15:47:18.211+0000] {dag.py:3096} INFO - Sync 1 DAGs
[2024-05-05T15:47:18.228+0000] {logging_mixin.py:188} INFO - [2024-05-05T15:47:18.228+0000] {dag.py:3954} INFO - Setting next_dagrun for tutorial to 2024-05-04 00:00:00+00:00, run_after=2024-05-05 00:00:00+00:00
[2024-05-05T15:47:18.249+0000] {processor.py:183} INFO - Processing /home/airflow/.local/lib/python3.12/site-packages/airflow/example_dags/tutorial.py took 0.073 seconds
[2024-05-05T15:47:49.780+0000] {processor.py:161} INFO - Started process (PID=1692) to work on /home/airflow/.local/lib/python3.12/site-packages/airflow/example_dags/tutorial.py
[2024-05-05T15:47:49.781+0000] {processor.py:830} INFO - Processing file /home/airflow/.local/lib/python3.12/site-packages/airflow/example_dags/tutorial.py for tasks to queue
[2024-05-05T15:47:49.783+0000] {logging_mixin.py:188} INFO - [2024-05-05T15:47:49.783+0000] {dagbag.py:540} INFO - Filling up the DagBag from /home/airflow/.local/lib/python3.12/site-packages/airflow/example_dags/tutorial.py
[2024-05-05T15:47:49.792+0000] {processor.py:840} INFO - DAG(s) 'tutorial' retrieved from /home/airflow/.local/lib/python3.12/site-packages/airflow/example_dags/tutorial.py
[2024-05-05T15:47:49.824+0000] {logging_mixin.py:188} INFO - [2024-05-05T15:47:49.824+0000] {dag.py:3096} INFO - Sync 1 DAGs
[2024-05-05T15:47:49.864+0000] {logging_mixin.py:188} INFO - [2024-05-05T15:47:49.864+0000] {dag.py:3954} INFO - Setting next_dagrun for tutorial to 2024-05-04 00:00:00+00:00, run_after=2024-05-05 00:00:00+00:00
[2024-05-05T15:47:49.916+0000] {processor.py:183} INFO - Processing /home/airflow/.local/lib/python3.12/site-packages/airflow/example_dags/tutorial.py took 0.144 seconds
[2024-05-05T15:48:21.500+0000] {processor.py:161} INFO - Started process (PID=1752) to work on /home/airflow/.local/lib/python3.12/site-packages/airflow/example_dags/tutorial.py
[2024-05-05T15:48:21.503+0000] {processor.py:830} INFO - Processing file /home/airflow/.local/lib/python3.12/site-packages/airflow/example_dags/tutorial.py for tasks to queue
[2024-05-05T15:48:21.514+0000] {logging_mixin.py:188} INFO - [2024-05-05T15:48:21.514+0000] {dagbag.py:540} INFO - Filling up the DagBag from /home/airflow/.local/lib/python3.12/site-packages/airflow/example_dags/tutorial.py
[2024-05-05T15:48:21.528+0000] {processor.py:840} INFO - DAG(s) 'tutorial' retrieved from /home/airflow/.local/lib/python3.12/site-packages/airflow/example_dags/tutorial.py
[2024-05-05T15:48:21.576+0000] {logging_mixin.py:188} INFO - [2024-05-05T15:48:21.576+0000] {dag.py:3096} INFO - Sync 1 DAGs
[2024-05-05T15:48:21.637+0000] {logging_mixin.py:188} INFO - [2024-05-05T15:48:21.637+0000] {dag.py:3954} INFO - Setting next_dagrun for tutorial to 2024-05-04 00:00:00+00:00, run_after=2024-05-05 00:00:00+00:00
[2024-05-05T15:48:21.836+0000] {processor.py:183} INFO - Processing /home/airflow/.local/lib/python3.12/site-packages/airflow/example_dags/tutorial.py took 0.348 seconds
[2024-05-05T15:48:52.631+0000] {processor.py:161} INFO - Started process (PID=1817) to work on /home/airflow/.local/lib/python3.12/site-packages/airflow/example_dags/tutorial.py
[2024-05-05T15:48:52.631+0000] {processor.py:830} INFO - Processing file /home/airflow/.local/lib/python3.12/site-packages/airflow/example_dags/tutorial.py for tasks to queue
[2024-05-05T15:48:52.634+0000] {logging_mixin.py:188} INFO - [2024-05-05T15:48:52.634+0000] {dagbag.py:540} INFO - Filling up the DagBag from /home/airflow/.local/lib/python3.12/site-packages/airflow/example_dags/tutorial.py
[2024-05-05T15:48:52.640+0000] {processor.py:840} INFO - DAG(s) 'tutorial' retrieved from /home/airflow/.local/lib/python3.12/site-packages/airflow/example_dags/tutorial.py
[2024-05-05T15:48:52.664+0000] {logging_mixin.py:188} INFO - [2024-05-05T15:48:52.664+0000] {dag.py:3096} INFO - Sync 1 DAGs
[2024-05-05T15:48:52.691+0000] {logging_mixin.py:188} INFO - [2024-05-05T15:48:52.691+0000] {dag.py:3954} INFO - Setting next_dagrun for tutorial to 2024-05-04 00:00:00+00:00, run_after=2024-05-05 00:00:00+00:00
[2024-05-05T15:48:52.716+0000] {processor.py:183} INFO - Processing /home/airflow/.local/lib/python3.12/site-packages/airflow/example_dags/tutorial.py took 0.092 seconds
[2024-05-05T15:49:23.497+0000] {processor.py:161} INFO - Started process (PID=1876) to work on /home/airflow/.local/lib/python3.12/site-packages/airflow/example_dags/tutorial.py
[2024-05-05T15:49:23.498+0000] {processor.py:830} INFO - Processing file /home/airflow/.local/lib/python3.12/site-packages/airflow/example_dags/tutorial.py for tasks to queue
[2024-05-05T15:49:23.500+0000] {logging_mixin.py:188} INFO - [2024-05-05T15:49:23.500+0000] {dagbag.py:540} INFO - Filling up the DagBag from /home/airflow/.local/lib/python3.12/site-packages/airflow/example_dags/tutorial.py
[2024-05-05T15:49:23.506+0000] {processor.py:840} INFO - DAG(s) 'tutorial' retrieved from /home/airflow/.local/lib/python3.12/site-packages/airflow/example_dags/tutorial.py
[2024-05-05T15:49:23.530+0000] {logging_mixin.py:188} INFO - [2024-05-05T15:49:23.529+0000] {dag.py:3096} INFO - Sync 1 DAGs
[2024-05-05T15:49:23.558+0000] {logging_mixin.py:188} INFO - [2024-05-05T15:49:23.558+0000] {dag.py:3954} INFO - Setting next_dagrun for tutorial to 2024-05-04 00:00:00+00:00, run_after=2024-05-05 00:00:00+00:00
[2024-05-05T15:49:23.581+0000] {processor.py:183} INFO - Processing /home/airflow/.local/lib/python3.12/site-packages/airflow/example_dags/tutorial.py took 0.091 seconds
[2024-05-05T15:49:53.961+0000] {processor.py:161} INFO - Started process (PID=1935) to work on /home/airflow/.local/lib/python3.12/site-packages/airflow/example_dags/tutorial.py
[2024-05-05T15:49:53.962+0000] {processor.py:830} INFO - Processing file /home/airflow/.local/lib/python3.12/site-packages/airflow/example_dags/tutorial.py for tasks to queue
[2024-05-05T15:49:53.973+0000] {logging_mixin.py:188} INFO - [2024-05-05T15:49:53.972+0000] {dagbag.py:540} INFO - Filling up the DagBag from /home/airflow/.local/lib/python3.12/site-packages/airflow/example_dags/tutorial.py
[2024-05-05T15:49:53.985+0000] {processor.py:840} INFO - DAG(s) 'tutorial' retrieved from /home/airflow/.local/lib/python3.12/site-packages/airflow/example_dags/tutorial.py
[2024-05-05T15:49:54.047+0000] {logging_mixin.py:188} INFO - [2024-05-05T15:49:54.046+0000] {dag.py:3096} INFO - Sync 1 DAGs
[2024-05-05T15:49:54.071+0000] {logging_mixin.py:188} INFO - [2024-05-05T15:49:54.071+0000] {dag.py:3954} INFO - Setting next_dagrun for tutorial to 2024-05-04 00:00:00+00:00, run_after=2024-05-05 00:00:00+00:00
[2024-05-05T15:49:54.095+0000] {processor.py:183} INFO - Processing /home/airflow/.local/lib/python3.12/site-packages/airflow/example_dags/tutorial.py took 0.154 seconds
[2024-05-05T15:50:24.690+0000] {processor.py:161} INFO - Started process (PID=1994) to work on /home/airflow/.local/lib/python3.12/site-packages/airflow/example_dags/tutorial.py
[2024-05-05T15:50:24.691+0000] {processor.py:830} INFO - Processing file /home/airflow/.local/lib/python3.12/site-packages/airflow/example_dags/tutorial.py for tasks to queue
[2024-05-05T15:50:24.693+0000] {logging_mixin.py:188} INFO - [2024-05-05T15:50:24.693+0000] {dagbag.py:540} INFO - Filling up the DagBag from /home/airflow/.local/lib/python3.12/site-packages/airflow/example_dags/tutorial.py
[2024-05-05T15:50:24.700+0000] {processor.py:840} INFO - DAG(s) 'tutorial' retrieved from /home/airflow/.local/lib/python3.12/site-packages/airflow/example_dags/tutorial.py
[2024-05-05T15:50:24.728+0000] {logging_mixin.py:188} INFO - [2024-05-05T15:50:24.728+0000] {dag.py:3096} INFO - Sync 1 DAGs
[2024-05-05T15:50:24.756+0000] {logging_mixin.py:188} INFO - [2024-05-05T15:50:24.755+0000] {dag.py:3954} INFO - Setting next_dagrun for tutorial to 2024-05-04 00:00:00+00:00, run_after=2024-05-05 00:00:00+00:00
[2024-05-05T15:50:24.781+0000] {processor.py:183} INFO - Processing /home/airflow/.local/lib/python3.12/site-packages/airflow/example_dags/tutorial.py took 0.098 seconds
[2024-05-05T15:50:56.491+0000] {processor.py:161} INFO - Started process (PID=2052) to work on /home/airflow/.local/lib/python3.12/site-packages/airflow/example_dags/tutorial.py
[2024-05-05T15:50:56.507+0000] {processor.py:830} INFO - Processing file /home/airflow/.local/lib/python3.12/site-packages/airflow/example_dags/tutorial.py for tasks to queue
[2024-05-05T15:50:56.522+0000] {logging_mixin.py:188} INFO - [2024-05-05T15:50:56.522+0000] {dagbag.py:540} INFO - Filling up the DagBag from /home/airflow/.local/lib/python3.12/site-packages/airflow/example_dags/tutorial.py
[2024-05-05T15:50:56.539+0000] {processor.py:840} INFO - DAG(s) 'tutorial' retrieved from /home/airflow/.local/lib/python3.12/site-packages/airflow/example_dags/tutorial.py
[2024-05-05T15:50:56.597+0000] {logging_mixin.py:188} INFO - [2024-05-05T15:50:56.596+0000] {dag.py:3096} INFO - Sync 1 DAGs
[2024-05-05T15:50:56.657+0000] {logging_mixin.py:188} INFO - [2024-05-05T15:50:56.657+0000] {dag.py:3954} INFO - Setting next_dagrun for tutorial to 2024-05-04 00:00:00+00:00, run_after=2024-05-05 00:00:00+00:00
[2024-05-05T15:50:56.712+0000] {processor.py:183} INFO - Processing /home/airflow/.local/lib/python3.12/site-packages/airflow/example_dags/tutorial.py took 0.268 seconds
[2024-05-05T15:51:27.585+0000] {processor.py:161} INFO - Started process (PID=2111) to work on /home/airflow/.local/lib/python3.12/site-packages/airflow/example_dags/tutorial.py
[2024-05-05T15:51:27.586+0000] {processor.py:830} INFO - Processing file /home/airflow/.local/lib/python3.12/site-packages/airflow/example_dags/tutorial.py for tasks to queue
[2024-05-05T15:51:27.588+0000] {logging_mixin.py:188} INFO - [2024-05-05T15:51:27.588+0000] {dagbag.py:540} INFO - Filling up the DagBag from /home/airflow/.local/lib/python3.12/site-packages/airflow/example_dags/tutorial.py
[2024-05-05T15:51:27.594+0000] {processor.py:840} INFO - DAG(s) 'tutorial' retrieved from /home/airflow/.local/lib/python3.12/site-packages/airflow/example_dags/tutorial.py
[2024-05-05T15:51:27.625+0000] {logging_mixin.py:188} INFO - [2024-05-05T15:51:27.625+0000] {dag.py:3096} INFO - Sync 1 DAGs
[2024-05-05T15:51:27.657+0000] {logging_mixin.py:188} INFO - [2024-05-05T15:51:27.657+0000] {dag.py:3954} INFO - Setting next_dagrun for tutorial to 2024-05-04 00:00:00+00:00, run_after=2024-05-05 00:00:00+00:00
[2024-05-05T15:51:27.682+0000] {processor.py:183} INFO - Processing /home/airflow/.local/lib/python3.12/site-packages/airflow/example_dags/tutorial.py took 0.103 seconds
[2024-05-05T15:51:58.604+0000] {processor.py:161} INFO - Started process (PID=2171) to work on /home/airflow/.local/lib/python3.12/site-packages/airflow/example_dags/tutorial.py
[2024-05-05T15:51:58.605+0000] {processor.py:830} INFO - Processing file /home/airflow/.local/lib/python3.12/site-packages/airflow/example_dags/tutorial.py for tasks to queue
[2024-05-05T15:51:58.607+0000] {logging_mixin.py:188} INFO - [2024-05-05T15:51:58.606+0000] {dagbag.py:540} INFO - Filling up the DagBag from /home/airflow/.local/lib/python3.12/site-packages/airflow/example_dags/tutorial.py
[2024-05-05T15:51:58.612+0000] {processor.py:840} INFO - DAG(s) 'tutorial' retrieved from /home/airflow/.local/lib/python3.12/site-packages/airflow/example_dags/tutorial.py
[2024-05-05T15:51:58.636+0000] {logging_mixin.py:188} INFO - [2024-05-05T15:51:58.636+0000] {dag.py:3096} INFO - Sync 1 DAGs
[2024-05-05T15:51:58.671+0000] {logging_mixin.py:188} INFO - [2024-05-05T15:51:58.671+0000] {dag.py:3954} INFO - Setting next_dagrun for tutorial to 2024-05-04 00:00:00+00:00, run_after=2024-05-05 00:00:00+00:00
[2024-05-05T15:51:58.694+0000] {processor.py:183} INFO - Processing /home/airflow/.local/lib/python3.12/site-packages/airflow/example_dags/tutorial.py took 0.097 seconds
[2024-05-05T15:52:28.911+0000] {processor.py:161} INFO - Started process (PID=2230) to work on /home/airflow/.local/lib/python3.12/site-packages/airflow/example_dags/tutorial.py
[2024-05-05T15:52:28.912+0000] {processor.py:830} INFO - Processing file /home/airflow/.local/lib/python3.12/site-packages/airflow/example_dags/tutorial.py for tasks to queue
[2024-05-05T15:52:28.917+0000] {logging_mixin.py:188} INFO - [2024-05-05T15:52:28.916+0000] {dagbag.py:540} INFO - Filling up the DagBag from /home/airflow/.local/lib/python3.12/site-packages/airflow/example_dags/tutorial.py
[2024-05-05T15:52:28.923+0000] {processor.py:840} INFO - DAG(s) 'tutorial' retrieved from /home/airflow/.local/lib/python3.12/site-packages/airflow/example_dags/tutorial.py
[2024-05-05T15:52:28.949+0000] {logging_mixin.py:188} INFO - [2024-05-05T15:52:28.949+0000] {dag.py:3096} INFO - Sync 1 DAGs
[2024-05-05T15:52:29.006+0000] {logging_mixin.py:188} INFO - [2024-05-05T15:52:29.006+0000] {dag.py:3954} INFO - Setting next_dagrun for tutorial to 2024-05-04 00:00:00+00:00, run_after=2024-05-05 00:00:00+00:00
[2024-05-05T15:52:29.057+0000] {processor.py:183} INFO - Processing /home/airflow/.local/lib/python3.12/site-packages/airflow/example_dags/tutorial.py took 0.151 seconds
[2024-05-05T15:52:59.899+0000] {processor.py:161} INFO - Started process (PID=2289) to work on /home/airflow/.local/lib/python3.12/site-packages/airflow/example_dags/tutorial.py
[2024-05-05T15:52:59.900+0000] {processor.py:830} INFO - Processing file /home/airflow/.local/lib/python3.12/site-packages/airflow/example_dags/tutorial.py for tasks to queue
[2024-05-05T15:52:59.902+0000] {logging_mixin.py:188} INFO - [2024-05-05T15:52:59.902+0000] {dagbag.py:540} INFO - Filling up the DagBag from /home/airflow/.local/lib/python3.12/site-packages/airflow/example_dags/tutorial.py
[2024-05-05T15:52:59.909+0000] {processor.py:840} INFO - DAG(s) 'tutorial' retrieved from /home/airflow/.local/lib/python3.12/site-packages/airflow/example_dags/tutorial.py
[2024-05-05T15:52:59.932+0000] {logging_mixin.py:188} INFO - [2024-05-05T15:52:59.932+0000] {dag.py:3096} INFO - Sync 1 DAGs
[2024-05-05T15:52:59.960+0000] {logging_mixin.py:188} INFO - [2024-05-05T15:52:59.960+0000] {dag.py:3954} INFO - Setting next_dagrun for tutorial to 2024-05-04 00:00:00+00:00, run_after=2024-05-05 00:00:00+00:00
[2024-05-05T15:52:59.989+0000] {processor.py:183} INFO - Processing /home/airflow/.local/lib/python3.12/site-packages/airflow/example_dags/tutorial.py took 0.100 seconds
[2024-05-05T15:53:30.125+0000] {processor.py:161} INFO - Started process (PID=2349) to work on /home/airflow/.local/lib/python3.12/site-packages/airflow/example_dags/tutorial.py
[2024-05-05T15:53:30.126+0000] {processor.py:830} INFO - Processing file /home/airflow/.local/lib/python3.12/site-packages/airflow/example_dags/tutorial.py for tasks to queue
[2024-05-05T15:53:30.129+0000] {logging_mixin.py:188} INFO - [2024-05-05T15:53:30.128+0000] {dagbag.py:540} INFO - Filling up the DagBag from /home/airflow/.local/lib/python3.12/site-packages/airflow/example_dags/tutorial.py
[2024-05-05T15:53:30.137+0000] {processor.py:840} INFO - DAG(s) 'tutorial' retrieved from /home/airflow/.local/lib/python3.12/site-packages/airflow/example_dags/tutorial.py
[2024-05-05T15:53:30.161+0000] {logging_mixin.py:188} INFO - [2024-05-05T15:53:30.160+0000] {dag.py:3096} INFO - Sync 1 DAGs
[2024-05-05T15:53:30.195+0000] {logging_mixin.py:188} INFO - [2024-05-05T15:53:30.195+0000] {dag.py:3954} INFO - Setting next_dagrun for tutorial to 2024-05-04 00:00:00+00:00, run_after=2024-05-05 00:00:00+00:00
[2024-05-05T15:53:30.229+0000] {processor.py:183} INFO - Processing /home/airflow/.local/lib/python3.12/site-packages/airflow/example_dags/tutorial.py took 0.115 seconds
[2024-05-05T15:54:01.073+0000] {processor.py:161} INFO - Started process (PID=2409) to work on /home/airflow/.local/lib/python3.12/site-packages/airflow/example_dags/tutorial.py
[2024-05-05T15:54:01.074+0000] {processor.py:830} INFO - Processing file /home/airflow/.local/lib/python3.12/site-packages/airflow/example_dags/tutorial.py for tasks to queue
[2024-05-05T15:54:01.075+0000] {logging_mixin.py:188} INFO - [2024-05-05T15:54:01.075+0000] {dagbag.py:540} INFO - Filling up the DagBag from /home/airflow/.local/lib/python3.12/site-packages/airflow/example_dags/tutorial.py
[2024-05-05T15:54:01.082+0000] {processor.py:840} INFO - DAG(s) 'tutorial' retrieved from /home/airflow/.local/lib/python3.12/site-packages/airflow/example_dags/tutorial.py
[2024-05-05T15:54:01.106+0000] {logging_mixin.py:188} INFO - [2024-05-05T15:54:01.105+0000] {dag.py:3096} INFO - Sync 1 DAGs
[2024-05-05T15:54:01.138+0000] {logging_mixin.py:188} INFO - [2024-05-05T15:54:01.138+0000] {dag.py:3954} INFO - Setting next_dagrun for tutorial to 2024-05-04 00:00:00+00:00, run_after=2024-05-05 00:00:00+00:00
[2024-05-05T15:54:01.171+0000] {processor.py:183} INFO - Processing /home/airflow/.local/lib/python3.12/site-packages/airflow/example_dags/tutorial.py took 0.105 seconds
[2024-05-05T15:54:31.982+0000] {processor.py:161} INFO - Started process (PID=2469) to work on /home/airflow/.local/lib/python3.12/site-packages/airflow/example_dags/tutorial.py
[2024-05-05T15:54:31.986+0000] {processor.py:830} INFO - Processing file /home/airflow/.local/lib/python3.12/site-packages/airflow/example_dags/tutorial.py for tasks to queue
[2024-05-05T15:54:31.992+0000] {logging_mixin.py:188} INFO - [2024-05-05T15:54:31.991+0000] {dagbag.py:540} INFO - Filling up the DagBag from /home/airflow/.local/lib/python3.12/site-packages/airflow/example_dags/tutorial.py
[2024-05-05T15:54:32.006+0000] {processor.py:840} INFO - DAG(s) 'tutorial' retrieved from /home/airflow/.local/lib/python3.12/site-packages/airflow/example_dags/tutorial.py
[2024-05-05T15:54:32.095+0000] {logging_mixin.py:188} INFO - [2024-05-05T15:54:32.095+0000] {dag.py:3096} INFO - Sync 1 DAGs
[2024-05-05T15:54:32.231+0000] {logging_mixin.py:188} INFO - [2024-05-05T15:54:32.231+0000] {dag.py:3954} INFO - Setting next_dagrun for tutorial to 2024-05-04 00:00:00+00:00, run_after=2024-05-05 00:00:00+00:00
[2024-05-05T15:54:32.305+0000] {processor.py:183} INFO - Processing /home/airflow/.local/lib/python3.12/site-packages/airflow/example_dags/tutorial.py took 0.345 seconds
[2024-05-05T15:55:02.894+0000] {processor.py:161} INFO - Started process (PID=2529) to work on /home/airflow/.local/lib/python3.12/site-packages/airflow/example_dags/tutorial.py
[2024-05-05T15:55:02.895+0000] {processor.py:830} INFO - Processing file /home/airflow/.local/lib/python3.12/site-packages/airflow/example_dags/tutorial.py for tasks to queue
[2024-05-05T15:55:02.897+0000] {logging_mixin.py:188} INFO - [2024-05-05T15:55:02.897+0000] {dagbag.py:540} INFO - Filling up the DagBag from /home/airflow/.local/lib/python3.12/site-packages/airflow/example_dags/tutorial.py
[2024-05-05T15:55:02.904+0000] {processor.py:840} INFO - DAG(s) 'tutorial' retrieved from /home/airflow/.local/lib/python3.12/site-packages/airflow/example_dags/tutorial.py
[2024-05-05T15:55:02.927+0000] {logging_mixin.py:188} INFO - [2024-05-05T15:55:02.927+0000] {dag.py:3096} INFO - Sync 1 DAGs
[2024-05-05T15:55:02.953+0000] {logging_mixin.py:188} INFO - [2024-05-05T15:55:02.953+0000] {dag.py:3954} INFO - Setting next_dagrun for tutorial to 2024-05-04 00:00:00+00:00, run_after=2024-05-05 00:00:00+00:00
[2024-05-05T15:55:03.010+0000] {processor.py:183} INFO - Processing /home/airflow/.local/lib/python3.12/site-packages/airflow/example_dags/tutorial.py took 0.124 seconds
[2024-05-05T15:55:33.820+0000] {processor.py:161} INFO - Started process (PID=2589) to work on /home/airflow/.local/lib/python3.12/site-packages/airflow/example_dags/tutorial.py
[2024-05-05T15:55:33.821+0000] {processor.py:830} INFO - Processing file /home/airflow/.local/lib/python3.12/site-packages/airflow/example_dags/tutorial.py for tasks to queue
[2024-05-05T15:55:33.822+0000] {logging_mixin.py:188} INFO - [2024-05-05T15:55:33.822+0000] {dagbag.py:540} INFO - Filling up the DagBag from /home/airflow/.local/lib/python3.12/site-packages/airflow/example_dags/tutorial.py
[2024-05-05T15:55:33.826+0000] {processor.py:840} INFO - DAG(s) 'tutorial' retrieved from /home/airflow/.local/lib/python3.12/site-packages/airflow/example_dags/tutorial.py
[2024-05-05T15:55:33.843+0000] {logging_mixin.py:188} INFO - [2024-05-05T15:55:33.843+0000] {dag.py:3096} INFO - Sync 1 DAGs
[2024-05-05T15:55:33.861+0000] {logging_mixin.py:188} INFO - [2024-05-05T15:55:33.861+0000] {dag.py:3954} INFO - Setting next_dagrun for tutorial to 2024-05-04 00:00:00+00:00, run_after=2024-05-05 00:00:00+00:00
[2024-05-05T15:55:33.881+0000] {processor.py:183} INFO - Processing /home/airflow/.local/lib/python3.12/site-packages/airflow/example_dags/tutorial.py took 0.066 seconds
[2024-05-05T15:56:04.842+0000] {processor.py:161} INFO - Started process (PID=2649) to work on /home/airflow/.local/lib/python3.12/site-packages/airflow/example_dags/tutorial.py
[2024-05-05T15:56:04.843+0000] {processor.py:830} INFO - Processing file /home/airflow/.local/lib/python3.12/site-packages/airflow/example_dags/tutorial.py for tasks to queue
[2024-05-05T15:56:04.845+0000] {logging_mixin.py:188} INFO - [2024-05-05T15:56:04.845+0000] {dagbag.py:540} INFO - Filling up the DagBag from /home/airflow/.local/lib/python3.12/site-packages/airflow/example_dags/tutorial.py
[2024-05-05T15:56:04.851+0000] {processor.py:840} INFO - DAG(s) 'tutorial' retrieved from /home/airflow/.local/lib/python3.12/site-packages/airflow/example_dags/tutorial.py
[2024-05-05T15:56:04.875+0000] {logging_mixin.py:188} INFO - [2024-05-05T15:56:04.875+0000] {dag.py:3096} INFO - Sync 1 DAGs
[2024-05-05T15:56:04.902+0000] {logging_mixin.py:188} INFO - [2024-05-05T15:56:04.902+0000] {dag.py:3954} INFO - Setting next_dagrun for tutorial to 2024-05-04 00:00:00+00:00, run_after=2024-05-05 00:00:00+00:00
[2024-05-05T15:56:04.926+0000] {processor.py:183} INFO - Processing /home/airflow/.local/lib/python3.12/site-packages/airflow/example_dags/tutorial.py took 0.091 seconds
[2024-05-05T15:56:35.410+0000] {processor.py:161} INFO - Started process (PID=2709) to work on /home/airflow/.local/lib/python3.12/site-packages/airflow/example_dags/tutorial.py
[2024-05-05T15:56:35.411+0000] {processor.py:830} INFO - Processing file /home/airflow/.local/lib/python3.12/site-packages/airflow/example_dags/tutorial.py for tasks to queue
[2024-05-05T15:56:35.413+0000] {logging_mixin.py:188} INFO - [2024-05-05T15:56:35.413+0000] {dagbag.py:540} INFO - Filling up the DagBag from /home/airflow/.local/lib/python3.12/site-packages/airflow/example_dags/tutorial.py
[2024-05-05T15:56:35.420+0000] {processor.py:840} INFO - DAG(s) 'tutorial' retrieved from /home/airflow/.local/lib/python3.12/site-packages/airflow/example_dags/tutorial.py
[2024-05-05T15:56:35.443+0000] {logging_mixin.py:188} INFO - [2024-05-05T15:56:35.443+0000] {dag.py:3096} INFO - Sync 1 DAGs
[2024-05-05T15:56:35.470+0000] {logging_mixin.py:188} INFO - [2024-05-05T15:56:35.469+0000] {dag.py:3954} INFO - Setting next_dagrun for tutorial to 2024-05-04 00:00:00+00:00, run_after=2024-05-05 00:00:00+00:00
[2024-05-05T15:56:35.494+0000] {processor.py:183} INFO - Processing /home/airflow/.local/lib/python3.12/site-packages/airflow/example_dags/tutorial.py took 0.093 seconds
[2024-05-05T15:57:05.806+0000] {processor.py:161} INFO - Started process (PID=2769) to work on /home/airflow/.local/lib/python3.12/site-packages/airflow/example_dags/tutorial.py
[2024-05-05T15:57:05.807+0000] {processor.py:830} INFO - Processing file /home/airflow/.local/lib/python3.12/site-packages/airflow/example_dags/tutorial.py for tasks to queue
[2024-05-05T15:57:05.809+0000] {logging_mixin.py:188} INFO - [2024-05-05T15:57:05.809+0000] {dagbag.py:540} INFO - Filling up the DagBag from /home/airflow/.local/lib/python3.12/site-packages/airflow/example_dags/tutorial.py
[2024-05-05T15:57:05.815+0000] {processor.py:840} INFO - DAG(s) 'tutorial' retrieved from /home/airflow/.local/lib/python3.12/site-packages/airflow/example_dags/tutorial.py
[2024-05-05T15:57:05.838+0000] {logging_mixin.py:188} INFO - [2024-05-05T15:57:05.838+0000] {dag.py:3096} INFO - Sync 1 DAGs
[2024-05-05T15:57:05.864+0000] {logging_mixin.py:188} INFO - [2024-05-05T15:57:05.864+0000] {dag.py:3954} INFO - Setting next_dagrun for tutorial to 2024-05-04 00:00:00+00:00, run_after=2024-05-05 00:00:00+00:00
[2024-05-05T15:57:05.889+0000] {processor.py:183} INFO - Processing /home/airflow/.local/lib/python3.12/site-packages/airflow/example_dags/tutorial.py took 0.090 seconds
[2024-05-05T15:57:36.421+0000] {processor.py:161} INFO - Started process (PID=2829) to work on /home/airflow/.local/lib/python3.12/site-packages/airflow/example_dags/tutorial.py
[2024-05-05T15:57:36.421+0000] {processor.py:830} INFO - Processing file /home/airflow/.local/lib/python3.12/site-packages/airflow/example_dags/tutorial.py for tasks to queue
[2024-05-05T15:57:36.423+0000] {logging_mixin.py:188} INFO - [2024-05-05T15:57:36.423+0000] {dagbag.py:540} INFO - Filling up the DagBag from /home/airflow/.local/lib/python3.12/site-packages/airflow/example_dags/tutorial.py
[2024-05-05T15:57:36.429+0000] {processor.py:840} INFO - DAG(s) 'tutorial' retrieved from /home/airflow/.local/lib/python3.12/site-packages/airflow/example_dags/tutorial.py
[2024-05-05T15:57:36.453+0000] {logging_mixin.py:188} INFO - [2024-05-05T15:57:36.453+0000] {dag.py:3096} INFO - Sync 1 DAGs
[2024-05-05T15:57:36.480+0000] {logging_mixin.py:188} INFO - [2024-05-05T15:57:36.480+0000] {dag.py:3954} INFO - Setting next_dagrun for tutorial to 2024-05-04 00:00:00+00:00, run_after=2024-05-05 00:00:00+00:00
[2024-05-05T15:57:36.505+0000] {processor.py:183} INFO - Processing /home/airflow/.local/lib/python3.12/site-packages/airflow/example_dags/tutorial.py took 0.092 seconds
[2024-05-05T15:58:07.164+0000] {processor.py:161} INFO - Started process (PID=2889) to work on /home/airflow/.local/lib/python3.12/site-packages/airflow/example_dags/tutorial.py
[2024-05-05T15:58:07.172+0000] {processor.py:830} INFO - Processing file /home/airflow/.local/lib/python3.12/site-packages/airflow/example_dags/tutorial.py for tasks to queue
[2024-05-05T15:58:07.174+0000] {logging_mixin.py:188} INFO - [2024-05-05T15:58:07.173+0000] {dagbag.py:540} INFO - Filling up the DagBag from /home/airflow/.local/lib/python3.12/site-packages/airflow/example_dags/tutorial.py
[2024-05-05T15:58:07.188+0000] {processor.py:840} INFO - DAG(s) 'tutorial' retrieved from /home/airflow/.local/lib/python3.12/site-packages/airflow/example_dags/tutorial.py
[2024-05-05T15:58:07.228+0000] {logging_mixin.py:188} INFO - [2024-05-05T15:58:07.227+0000] {dag.py:3096} INFO - Sync 1 DAGs
[2024-05-05T15:58:07.284+0000] {logging_mixin.py:188} INFO - [2024-05-05T15:58:07.283+0000] {dag.py:3954} INFO - Setting next_dagrun for tutorial to 2024-05-04 00:00:00+00:00, run_after=2024-05-05 00:00:00+00:00
[2024-05-05T15:58:07.342+0000] {processor.py:183} INFO - Processing /home/airflow/.local/lib/python3.12/site-packages/airflow/example_dags/tutorial.py took 0.194 seconds
[2024-05-05T15:58:38.297+0000] {processor.py:161} INFO - Started process (PID=2952) to work on /home/airflow/.local/lib/python3.12/site-packages/airflow/example_dags/tutorial.py
[2024-05-05T15:58:38.305+0000] {processor.py:830} INFO - Processing file /home/airflow/.local/lib/python3.12/site-packages/airflow/example_dags/tutorial.py for tasks to queue
[2024-05-05T15:58:38.312+0000] {logging_mixin.py:188} INFO - [2024-05-05T15:58:38.312+0000] {dagbag.py:540} INFO - Filling up the DagBag from /home/airflow/.local/lib/python3.12/site-packages/airflow/example_dags/tutorial.py
[2024-05-05T15:58:38.331+0000] {processor.py:840} INFO - DAG(s) 'tutorial' retrieved from /home/airflow/.local/lib/python3.12/site-packages/airflow/example_dags/tutorial.py
[2024-05-05T15:58:38.466+0000] {logging_mixin.py:188} INFO - [2024-05-05T15:58:38.466+0000] {dag.py:3096} INFO - Sync 1 DAGs
[2024-05-05T15:58:38.565+0000] {logging_mixin.py:188} INFO - [2024-05-05T15:58:38.565+0000] {dag.py:3954} INFO - Setting next_dagrun for tutorial to 2024-05-04 00:00:00+00:00, run_after=2024-05-05 00:00:00+00:00
[2024-05-05T15:58:38.650+0000] {processor.py:183} INFO - Processing /home/airflow/.local/lib/python3.12/site-packages/airflow/example_dags/tutorial.py took 0.386 seconds
[2024-05-05T15:59:14.908+0000] {processor.py:161} INFO - Started process (PID=3012) to work on /home/airflow/.local/lib/python3.12/site-packages/airflow/example_dags/tutorial.py
[2024-05-05T15:59:14.914+0000] {processor.py:830} INFO - Processing file /home/airflow/.local/lib/python3.12/site-packages/airflow/example_dags/tutorial.py for tasks to queue
[2024-05-05T15:59:14.917+0000] {logging_mixin.py:188} INFO - [2024-05-05T15:59:14.917+0000] {dagbag.py:540} INFO - Filling up the DagBag from /home/airflow/.local/lib/python3.12/site-packages/airflow/example_dags/tutorial.py
[2024-05-05T15:59:14.934+0000] {processor.py:840} INFO - DAG(s) 'tutorial' retrieved from /home/airflow/.local/lib/python3.12/site-packages/airflow/example_dags/tutorial.py
[2024-05-05T15:59:15.079+0000] {logging_mixin.py:188} INFO - [2024-05-05T15:59:15.079+0000] {dag.py:3096} INFO - Sync 1 DAGs
[2024-05-05T15:59:15.148+0000] {logging_mixin.py:188} INFO - [2024-05-05T15:59:15.148+0000] {dag.py:3954} INFO - Setting next_dagrun for tutorial to 2024-05-04 00:00:00+00:00, run_after=2024-05-05 00:00:00+00:00
[2024-05-05T15:59:15.223+0000] {processor.py:183} INFO - Processing /home/airflow/.local/lib/python3.12/site-packages/airflow/example_dags/tutorial.py took 0.336 seconds
[2024-05-05T15:59:45.447+0000] {processor.py:161} INFO - Started process (PID=3073) to work on /home/airflow/.local/lib/python3.12/site-packages/airflow/example_dags/tutorial.py
[2024-05-05T15:59:45.467+0000] {processor.py:830} INFO - Processing file /home/airflow/.local/lib/python3.12/site-packages/airflow/example_dags/tutorial.py for tasks to queue
[2024-05-05T15:59:45.473+0000] {logging_mixin.py:188} INFO - [2024-05-05T15:59:45.473+0000] {dagbag.py:540} INFO - Filling up the DagBag from /home/airflow/.local/lib/python3.12/site-packages/airflow/example_dags/tutorial.py
[2024-05-05T15:59:45.508+0000] {processor.py:840} INFO - DAG(s) 'tutorial' retrieved from /home/airflow/.local/lib/python3.12/site-packages/airflow/example_dags/tutorial.py
[2024-05-05T15:59:45.648+0000] {logging_mixin.py:188} INFO - [2024-05-05T15:59:45.648+0000] {dag.py:3096} INFO - Sync 1 DAGs
[2024-05-05T15:59:45.859+0000] {logging_mixin.py:188} INFO - [2024-05-05T15:59:45.858+0000] {dag.py:3954} INFO - Setting next_dagrun for tutorial to 2024-05-04 00:00:00+00:00, run_after=2024-05-05 00:00:00+00:00
[2024-05-05T15:59:45.995+0000] {processor.py:183} INFO - Processing /home/airflow/.local/lib/python3.12/site-packages/airflow/example_dags/tutorial.py took 0.556 seconds
