[2024-05-05T15:33:24.422+0000] {processor.py:161} INFO - Started process (PID=55) to work on /home/airflow/.local/lib/python3.12/site-packages/airflow/example_dags/tutorial_taskflow_api.py
[2024-05-05T15:33:24.440+0000] {processor.py:830} INFO - Processing file /home/airflow/.local/lib/python3.12/site-packages/airflow/example_dags/tutorial_taskflow_api.py for tasks to queue
[2024-05-05T15:33:24.442+0000] {logging_mixin.py:188} INFO - [2024-05-05T15:33:24.442+0000] {dagbag.py:540} INFO - Filling up the DagBag from /home/airflow/.local/lib/python3.12/site-packages/airflow/example_dags/tutorial_taskflow_api.py
[2024-05-05T15:33:24.480+0000] {processor.py:840} INFO - DAG(s) 'tutorial_taskflow_api' retrieved from /home/airflow/.local/lib/python3.12/site-packages/airflow/example_dags/tutorial_taskflow_api.py
[2024-05-05T15:33:24.837+0000] {logging_mixin.py:188} INFO - [2024-05-05T15:33:24.836+0000] {override.py:1829} INFO - Created Permission View: can edit on DAG:tutorial_taskflow_api
[2024-05-05T15:33:24.871+0000] {logging_mixin.py:188} INFO - [2024-05-05T15:33:24.871+0000] {override.py:1829} INFO - Created Permission View: can read on DAG:tutorial_taskflow_api
[2024-05-05T15:33:24.888+0000] {logging_mixin.py:188} INFO - [2024-05-05T15:33:24.888+0000] {override.py:1829} INFO - Created Permission View: can delete on DAG:tutorial_taskflow_api
[2024-05-05T15:33:24.889+0000] {logging_mixin.py:188} INFO - [2024-05-05T15:33:24.889+0000] {dag.py:3096} INFO - Sync 1 DAGs
[2024-05-05T15:33:24.919+0000] {logging_mixin.py:188} INFO - [2024-05-05T15:33:24.918+0000] {dag.py:3118} INFO - Creating ORM DAG for tutorial_taskflow_api
[2024-05-05T15:33:24.920+0000] {logging_mixin.py:188} INFO - [2024-05-05T15:33:24.919+0000] {dag.py:3954} INFO - Setting next_dagrun for tutorial_taskflow_api to None, run_after=None
[2024-05-05T15:33:25.007+0000] {processor.py:183} INFO - Processing /home/airflow/.local/lib/python3.12/site-packages/airflow/example_dags/tutorial_taskflow_api.py took 0.591 seconds
[2024-05-05T15:33:55.066+0000] {processor.py:161} INFO - Started process (PID=113) to work on /home/airflow/.local/lib/python3.12/site-packages/airflow/example_dags/tutorial_taskflow_api.py
[2024-05-05T15:33:55.066+0000] {processor.py:830} INFO - Processing file /home/airflow/.local/lib/python3.12/site-packages/airflow/example_dags/tutorial_taskflow_api.py for tasks to queue
[2024-05-05T15:33:55.068+0000] {logging_mixin.py:188} INFO - [2024-05-05T15:33:55.068+0000] {dagbag.py:540} INFO - Filling up the DagBag from /home/airflow/.local/lib/python3.12/site-packages/airflow/example_dags/tutorial_taskflow_api.py
[2024-05-05T15:33:55.073+0000] {processor.py:840} INFO - DAG(s) 'tutorial_taskflow_api' retrieved from /home/airflow/.local/lib/python3.12/site-packages/airflow/example_dags/tutorial_taskflow_api.py
[2024-05-05T15:33:55.088+0000] {logging_mixin.py:188} INFO - [2024-05-05T15:33:55.088+0000] {dag.py:3096} INFO - Sync 1 DAGs
[2024-05-05T15:33:55.098+0000] {logging_mixin.py:188} INFO - [2024-05-05T15:33:55.098+0000] {dag.py:3954} INFO - Setting next_dagrun for tutorial_taskflow_api to None, run_after=None
[2024-05-05T15:33:55.118+0000] {processor.py:183} INFO - Processing /home/airflow/.local/lib/python3.12/site-packages/airflow/example_dags/tutorial_taskflow_api.py took 0.060 seconds
[2024-05-05T15:34:25.433+0000] {processor.py:161} INFO - Started process (PID=171) to work on /home/airflow/.local/lib/python3.12/site-packages/airflow/example_dags/tutorial_taskflow_api.py
[2024-05-05T15:34:25.434+0000] {processor.py:830} INFO - Processing file /home/airflow/.local/lib/python3.12/site-packages/airflow/example_dags/tutorial_taskflow_api.py for tasks to queue
[2024-05-05T15:34:25.436+0000] {logging_mixin.py:188} INFO - [2024-05-05T15:34:25.435+0000] {dagbag.py:540} INFO - Filling up the DagBag from /home/airflow/.local/lib/python3.12/site-packages/airflow/example_dags/tutorial_taskflow_api.py
[2024-05-05T15:34:25.442+0000] {processor.py:840} INFO - DAG(s) 'tutorial_taskflow_api' retrieved from /home/airflow/.local/lib/python3.12/site-packages/airflow/example_dags/tutorial_taskflow_api.py
[2024-05-05T15:34:25.472+0000] {logging_mixin.py:188} INFO - [2024-05-05T15:34:25.472+0000] {dag.py:3096} INFO - Sync 1 DAGs
[2024-05-05T15:34:25.488+0000] {logging_mixin.py:188} INFO - [2024-05-05T15:34:25.488+0000] {dag.py:3954} INFO - Setting next_dagrun for tutorial_taskflow_api to None, run_after=None
[2024-05-05T15:34:25.517+0000] {processor.py:183} INFO - Processing /home/airflow/.local/lib/python3.12/site-packages/airflow/example_dags/tutorial_taskflow_api.py took 0.090 seconds
[2024-05-05T15:34:55.845+0000] {processor.py:161} INFO - Started process (PID=228) to work on /home/airflow/.local/lib/python3.12/site-packages/airflow/example_dags/tutorial_taskflow_api.py
[2024-05-05T15:34:55.846+0000] {processor.py:830} INFO - Processing file /home/airflow/.local/lib/python3.12/site-packages/airflow/example_dags/tutorial_taskflow_api.py for tasks to queue
[2024-05-05T15:34:55.848+0000] {logging_mixin.py:188} INFO - [2024-05-05T15:34:55.848+0000] {dagbag.py:540} INFO - Filling up the DagBag from /home/airflow/.local/lib/python3.12/site-packages/airflow/example_dags/tutorial_taskflow_api.py
[2024-05-05T15:34:55.856+0000] {processor.py:840} INFO - DAG(s) 'tutorial_taskflow_api' retrieved from /home/airflow/.local/lib/python3.12/site-packages/airflow/example_dags/tutorial_taskflow_api.py
[2024-05-05T15:34:55.880+0000] {logging_mixin.py:188} INFO - [2024-05-05T15:34:55.880+0000] {dag.py:3096} INFO - Sync 1 DAGs
[2024-05-05T15:34:55.906+0000] {logging_mixin.py:188} INFO - [2024-05-05T15:34:55.906+0000] {dag.py:3954} INFO - Setting next_dagrun for tutorial_taskflow_api to None, run_after=None
[2024-05-05T15:34:55.947+0000] {processor.py:183} INFO - Processing /home/airflow/.local/lib/python3.12/site-packages/airflow/example_dags/tutorial_taskflow_api.py took 0.111 seconds
[2024-05-05T15:35:26.397+0000] {processor.py:161} INFO - Started process (PID=286) to work on /home/airflow/.local/lib/python3.12/site-packages/airflow/example_dags/tutorial_taskflow_api.py
[2024-05-05T15:35:26.408+0000] {processor.py:830} INFO - Processing file /home/airflow/.local/lib/python3.12/site-packages/airflow/example_dags/tutorial_taskflow_api.py for tasks to queue
[2024-05-05T15:35:26.410+0000] {logging_mixin.py:188} INFO - [2024-05-05T15:35:26.409+0000] {dagbag.py:540} INFO - Filling up the DagBag from /home/airflow/.local/lib/python3.12/site-packages/airflow/example_dags/tutorial_taskflow_api.py
[2024-05-05T15:35:26.427+0000] {processor.py:840} INFO - DAG(s) 'tutorial_taskflow_api' retrieved from /home/airflow/.local/lib/python3.12/site-packages/airflow/example_dags/tutorial_taskflow_api.py
[2024-05-05T15:35:26.513+0000] {logging_mixin.py:188} INFO - [2024-05-05T15:35:26.512+0000] {dag.py:3096} INFO - Sync 1 DAGs
[2024-05-05T15:35:26.567+0000] {logging_mixin.py:188} INFO - [2024-05-05T15:35:26.567+0000] {dag.py:3954} INFO - Setting next_dagrun for tutorial_taskflow_api to None, run_after=None
[2024-05-05T15:35:26.656+0000] {processor.py:183} INFO - Processing /home/airflow/.local/lib/python3.12/site-packages/airflow/example_dags/tutorial_taskflow_api.py took 0.267 seconds
[2024-05-05T15:35:56.706+0000] {processor.py:161} INFO - Started process (PID=344) to work on /home/airflow/.local/lib/python3.12/site-packages/airflow/example_dags/tutorial_taskflow_api.py
[2024-05-05T15:35:56.707+0000] {processor.py:830} INFO - Processing file /home/airflow/.local/lib/python3.12/site-packages/airflow/example_dags/tutorial_taskflow_api.py for tasks to queue
[2024-05-05T15:35:56.708+0000] {logging_mixin.py:188} INFO - [2024-05-05T15:35:56.708+0000] {dagbag.py:540} INFO - Filling up the DagBag from /home/airflow/.local/lib/python3.12/site-packages/airflow/example_dags/tutorial_taskflow_api.py
[2024-05-05T15:35:56.714+0000] {processor.py:840} INFO - DAG(s) 'tutorial_taskflow_api' retrieved from /home/airflow/.local/lib/python3.12/site-packages/airflow/example_dags/tutorial_taskflow_api.py
[2024-05-05T15:35:56.737+0000] {logging_mixin.py:188} INFO - [2024-05-05T15:35:56.737+0000] {dag.py:3096} INFO - Sync 1 DAGs
[2024-05-05T15:35:56.751+0000] {logging_mixin.py:188} INFO - [2024-05-05T15:35:56.751+0000] {dag.py:3954} INFO - Setting next_dagrun for tutorial_taskflow_api to None, run_after=None
[2024-05-05T15:35:56.771+0000] {processor.py:183} INFO - Processing /home/airflow/.local/lib/python3.12/site-packages/airflow/example_dags/tutorial_taskflow_api.py took 0.070 seconds
[2024-05-05T15:36:26.963+0000] {processor.py:161} INFO - Started process (PID=403) to work on /home/airflow/.local/lib/python3.12/site-packages/airflow/example_dags/tutorial_taskflow_api.py
[2024-05-05T15:36:26.964+0000] {processor.py:830} INFO - Processing file /home/airflow/.local/lib/python3.12/site-packages/airflow/example_dags/tutorial_taskflow_api.py for tasks to queue
[2024-05-05T15:36:26.966+0000] {logging_mixin.py:188} INFO - [2024-05-05T15:36:26.965+0000] {dagbag.py:540} INFO - Filling up the DagBag from /home/airflow/.local/lib/python3.12/site-packages/airflow/example_dags/tutorial_taskflow_api.py
[2024-05-05T15:36:26.972+0000] {processor.py:840} INFO - DAG(s) 'tutorial_taskflow_api' retrieved from /home/airflow/.local/lib/python3.12/site-packages/airflow/example_dags/tutorial_taskflow_api.py
[2024-05-05T15:36:26.996+0000] {logging_mixin.py:188} INFO - [2024-05-05T15:36:26.996+0000] {dag.py:3096} INFO - Sync 1 DAGs
[2024-05-05T15:36:27.013+0000] {logging_mixin.py:188} INFO - [2024-05-05T15:36:27.012+0000] {dag.py:3954} INFO - Setting next_dagrun for tutorial_taskflow_api to None, run_after=None
[2024-05-05T15:36:27.046+0000] {processor.py:183} INFO - Processing /home/airflow/.local/lib/python3.12/site-packages/airflow/example_dags/tutorial_taskflow_api.py took 0.089 seconds
[2024-05-05T15:36:57.285+0000] {processor.py:161} INFO - Started process (PID=461) to work on /home/airflow/.local/lib/python3.12/site-packages/airflow/example_dags/tutorial_taskflow_api.py
[2024-05-05T15:36:57.286+0000] {processor.py:830} INFO - Processing file /home/airflow/.local/lib/python3.12/site-packages/airflow/example_dags/tutorial_taskflow_api.py for tasks to queue
[2024-05-05T15:36:57.287+0000] {logging_mixin.py:188} INFO - [2024-05-05T15:36:57.287+0000] {dagbag.py:540} INFO - Filling up the DagBag from /home/airflow/.local/lib/python3.12/site-packages/airflow/example_dags/tutorial_taskflow_api.py
[2024-05-05T15:36:57.292+0000] {processor.py:840} INFO - DAG(s) 'tutorial_taskflow_api' retrieved from /home/airflow/.local/lib/python3.12/site-packages/airflow/example_dags/tutorial_taskflow_api.py
[2024-05-05T15:36:57.308+0000] {logging_mixin.py:188} INFO - [2024-05-05T15:36:57.308+0000] {dag.py:3096} INFO - Sync 1 DAGs
[2024-05-05T15:36:57.318+0000] {logging_mixin.py:188} INFO - [2024-05-05T15:36:57.318+0000] {dag.py:3954} INFO - Setting next_dagrun for tutorial_taskflow_api to None, run_after=None
[2024-05-05T15:36:57.338+0000] {processor.py:183} INFO - Processing /home/airflow/.local/lib/python3.12/site-packages/airflow/example_dags/tutorial_taskflow_api.py took 0.057 seconds
[2024-05-05T15:37:27.946+0000] {processor.py:161} INFO - Started process (PID=520) to work on /home/airflow/.local/lib/python3.12/site-packages/airflow/example_dags/tutorial_taskflow_api.py
[2024-05-05T15:37:27.947+0000] {processor.py:830} INFO - Processing file /home/airflow/.local/lib/python3.12/site-packages/airflow/example_dags/tutorial_taskflow_api.py for tasks to queue
[2024-05-05T15:37:27.949+0000] {logging_mixin.py:188} INFO - [2024-05-05T15:37:27.949+0000] {dagbag.py:540} INFO - Filling up the DagBag from /home/airflow/.local/lib/python3.12/site-packages/airflow/example_dags/tutorial_taskflow_api.py
[2024-05-05T15:37:27.957+0000] {processor.py:840} INFO - DAG(s) 'tutorial_taskflow_api' retrieved from /home/airflow/.local/lib/python3.12/site-packages/airflow/example_dags/tutorial_taskflow_api.py
[2024-05-05T15:37:27.980+0000] {logging_mixin.py:188} INFO - [2024-05-05T15:37:27.980+0000] {dag.py:3096} INFO - Sync 1 DAGs
[2024-05-05T15:37:27.993+0000] {logging_mixin.py:188} INFO - [2024-05-05T15:37:27.993+0000] {dag.py:3954} INFO - Setting next_dagrun for tutorial_taskflow_api to None, run_after=None
[2024-05-05T15:37:28.017+0000] {processor.py:183} INFO - Processing /home/airflow/.local/lib/python3.12/site-packages/airflow/example_dags/tutorial_taskflow_api.py took 0.078 seconds
[2024-05-05T15:37:58.840+0000] {processor.py:161} INFO - Started process (PID=579) to work on /home/airflow/.local/lib/python3.12/site-packages/airflow/example_dags/tutorial_taskflow_api.py
[2024-05-05T15:37:58.841+0000] {processor.py:830} INFO - Processing file /home/airflow/.local/lib/python3.12/site-packages/airflow/example_dags/tutorial_taskflow_api.py for tasks to queue
[2024-05-05T15:37:58.844+0000] {logging_mixin.py:188} INFO - [2024-05-05T15:37:58.843+0000] {dagbag.py:540} INFO - Filling up the DagBag from /home/airflow/.local/lib/python3.12/site-packages/airflow/example_dags/tutorial_taskflow_api.py
[2024-05-05T15:37:58.854+0000] {processor.py:840} INFO - DAG(s) 'tutorial_taskflow_api' retrieved from /home/airflow/.local/lib/python3.12/site-packages/airflow/example_dags/tutorial_taskflow_api.py
[2024-05-05T15:37:58.876+0000] {logging_mixin.py:188} INFO - [2024-05-05T15:37:58.876+0000] {dag.py:3096} INFO - Sync 1 DAGs
[2024-05-05T15:37:58.895+0000] {logging_mixin.py:188} INFO - [2024-05-05T15:37:58.895+0000] {dag.py:3954} INFO - Setting next_dagrun for tutorial_taskflow_api to None, run_after=None
[2024-05-05T15:37:58.922+0000] {processor.py:183} INFO - Processing /home/airflow/.local/lib/python3.12/site-packages/airflow/example_dags/tutorial_taskflow_api.py took 0.088 seconds
[2024-05-05T15:38:29.906+0000] {processor.py:161} INFO - Started process (PID=637) to work on /home/airflow/.local/lib/python3.12/site-packages/airflow/example_dags/tutorial_taskflow_api.py
[2024-05-05T15:38:29.907+0000] {processor.py:830} INFO - Processing file /home/airflow/.local/lib/python3.12/site-packages/airflow/example_dags/tutorial_taskflow_api.py for tasks to queue
[2024-05-05T15:38:29.908+0000] {logging_mixin.py:188} INFO - [2024-05-05T15:38:29.908+0000] {dagbag.py:540} INFO - Filling up the DagBag from /home/airflow/.local/lib/python3.12/site-packages/airflow/example_dags/tutorial_taskflow_api.py
[2024-05-05T15:38:29.913+0000] {processor.py:840} INFO - DAG(s) 'tutorial_taskflow_api' retrieved from /home/airflow/.local/lib/python3.12/site-packages/airflow/example_dags/tutorial_taskflow_api.py
[2024-05-05T15:38:29.929+0000] {logging_mixin.py:188} INFO - [2024-05-05T15:38:29.929+0000] {dag.py:3096} INFO - Sync 1 DAGs
[2024-05-05T15:38:29.939+0000] {logging_mixin.py:188} INFO - [2024-05-05T15:38:29.939+0000] {dag.py:3954} INFO - Setting next_dagrun for tutorial_taskflow_api to None, run_after=None
[2024-05-05T15:38:29.962+0000] {processor.py:183} INFO - Processing /home/airflow/.local/lib/python3.12/site-packages/airflow/example_dags/tutorial_taskflow_api.py took 0.061 seconds
[2024-05-05T15:39:01.014+0000] {processor.py:161} INFO - Started process (PID=695) to work on /home/airflow/.local/lib/python3.12/site-packages/airflow/example_dags/tutorial_taskflow_api.py
[2024-05-05T15:39:01.015+0000] {processor.py:830} INFO - Processing file /home/airflow/.local/lib/python3.12/site-packages/airflow/example_dags/tutorial_taskflow_api.py for tasks to queue
[2024-05-05T15:39:01.016+0000] {logging_mixin.py:188} INFO - [2024-05-05T15:39:01.016+0000] {dagbag.py:540} INFO - Filling up the DagBag from /home/airflow/.local/lib/python3.12/site-packages/airflow/example_dags/tutorial_taskflow_api.py
[2024-05-05T15:39:01.023+0000] {processor.py:840} INFO - DAG(s) 'tutorial_taskflow_api' retrieved from /home/airflow/.local/lib/python3.12/site-packages/airflow/example_dags/tutorial_taskflow_api.py
[2024-05-05T15:39:01.044+0000] {logging_mixin.py:188} INFO - [2024-05-05T15:39:01.044+0000] {dag.py:3096} INFO - Sync 1 DAGs
[2024-05-05T15:39:01.058+0000] {logging_mixin.py:188} INFO - [2024-05-05T15:39:01.058+0000] {dag.py:3954} INFO - Setting next_dagrun for tutorial_taskflow_api to None, run_after=None
[2024-05-05T15:39:01.081+0000] {processor.py:183} INFO - Processing /home/airflow/.local/lib/python3.12/site-packages/airflow/example_dags/tutorial_taskflow_api.py took 0.074 seconds
[2024-05-05T15:39:31.799+0000] {processor.py:161} INFO - Started process (PID=754) to work on /home/airflow/.local/lib/python3.12/site-packages/airflow/example_dags/tutorial_taskflow_api.py
[2024-05-05T15:39:31.800+0000] {processor.py:830} INFO - Processing file /home/airflow/.local/lib/python3.12/site-packages/airflow/example_dags/tutorial_taskflow_api.py for tasks to queue
[2024-05-05T15:39:31.801+0000] {logging_mixin.py:188} INFO - [2024-05-05T15:39:31.801+0000] {dagbag.py:540} INFO - Filling up the DagBag from /home/airflow/.local/lib/python3.12/site-packages/airflow/example_dags/tutorial_taskflow_api.py
[2024-05-05T15:39:31.808+0000] {processor.py:840} INFO - DAG(s) 'tutorial_taskflow_api' retrieved from /home/airflow/.local/lib/python3.12/site-packages/airflow/example_dags/tutorial_taskflow_api.py
[2024-05-05T15:39:31.829+0000] {logging_mixin.py:188} INFO - [2024-05-05T15:39:31.829+0000] {dag.py:3096} INFO - Sync 1 DAGs
[2024-05-05T15:39:31.848+0000] {logging_mixin.py:188} INFO - [2024-05-05T15:39:31.848+0000] {dag.py:3954} INFO - Setting next_dagrun for tutorial_taskflow_api to None, run_after=None
[2024-05-05T15:39:31.872+0000] {processor.py:183} INFO - Processing /home/airflow/.local/lib/python3.12/site-packages/airflow/example_dags/tutorial_taskflow_api.py took 0.080 seconds
[2024-05-05T15:40:02.525+0000] {processor.py:161} INFO - Started process (PID=810) to work on /home/airflow/.local/lib/python3.12/site-packages/airflow/example_dags/tutorial_taskflow_api.py
[2024-05-05T15:40:02.532+0000] {processor.py:830} INFO - Processing file /home/airflow/.local/lib/python3.12/site-packages/airflow/example_dags/tutorial_taskflow_api.py for tasks to queue
[2024-05-05T15:40:02.538+0000] {logging_mixin.py:188} INFO - [2024-05-05T15:40:02.538+0000] {dagbag.py:540} INFO - Filling up the DagBag from /home/airflow/.local/lib/python3.12/site-packages/airflow/example_dags/tutorial_taskflow_api.py
[2024-05-05T15:40:02.548+0000] {processor.py:840} INFO - DAG(s) 'tutorial_taskflow_api' retrieved from /home/airflow/.local/lib/python3.12/site-packages/airflow/example_dags/tutorial_taskflow_api.py
[2024-05-05T15:40:02.592+0000] {logging_mixin.py:188} INFO - [2024-05-05T15:40:02.592+0000] {dag.py:3096} INFO - Sync 1 DAGs
[2024-05-05T15:40:02.614+0000] {logging_mixin.py:188} INFO - [2024-05-05T15:40:02.614+0000] {dag.py:3954} INFO - Setting next_dagrun for tutorial_taskflow_api to None, run_after=None
[2024-05-05T15:40:03.124+0000] {processor.py:183} INFO - Processing /home/airflow/.local/lib/python3.12/site-packages/airflow/example_dags/tutorial_taskflow_api.py took 0.616 seconds
[2024-05-05T15:40:33.224+0000] {processor.py:161} INFO - Started process (PID=868) to work on /home/airflow/.local/lib/python3.12/site-packages/airflow/example_dags/tutorial_taskflow_api.py
[2024-05-05T15:40:33.232+0000] {processor.py:830} INFO - Processing file /home/airflow/.local/lib/python3.12/site-packages/airflow/example_dags/tutorial_taskflow_api.py for tasks to queue
[2024-05-05T15:40:33.234+0000] {logging_mixin.py:188} INFO - [2024-05-05T15:40:33.233+0000] {dagbag.py:540} INFO - Filling up the DagBag from /home/airflow/.local/lib/python3.12/site-packages/airflow/example_dags/tutorial_taskflow_api.py
[2024-05-05T15:40:33.258+0000] {processor.py:840} INFO - DAG(s) 'tutorial_taskflow_api' retrieved from /home/airflow/.local/lib/python3.12/site-packages/airflow/example_dags/tutorial_taskflow_api.py
[2024-05-05T15:40:33.345+0000] {logging_mixin.py:188} INFO - [2024-05-05T15:40:33.344+0000] {dag.py:3096} INFO - Sync 1 DAGs
[2024-05-05T15:40:33.585+0000] {logging_mixin.py:188} INFO - [2024-05-05T15:40:33.585+0000] {dag.py:3954} INFO - Setting next_dagrun for tutorial_taskflow_api to None, run_after=None
[2024-05-05T15:40:33.609+0000] {processor.py:183} INFO - Processing /home/airflow/.local/lib/python3.12/site-packages/airflow/example_dags/tutorial_taskflow_api.py took 0.401 seconds
[2024-05-05T15:41:04.448+0000] {processor.py:161} INFO - Started process (PID=925) to work on /home/airflow/.local/lib/python3.12/site-packages/airflow/example_dags/tutorial_taskflow_api.py
[2024-05-05T15:41:04.457+0000] {processor.py:830} INFO - Processing file /home/airflow/.local/lib/python3.12/site-packages/airflow/example_dags/tutorial_taskflow_api.py for tasks to queue
[2024-05-05T15:41:04.459+0000] {logging_mixin.py:188} INFO - [2024-05-05T15:41:04.459+0000] {dagbag.py:540} INFO - Filling up the DagBag from /home/airflow/.local/lib/python3.12/site-packages/airflow/example_dags/tutorial_taskflow_api.py
[2024-05-05T15:41:04.476+0000] {processor.py:840} INFO - DAG(s) 'tutorial_taskflow_api' retrieved from /home/airflow/.local/lib/python3.12/site-packages/airflow/example_dags/tutorial_taskflow_api.py
[2024-05-05T15:41:04.536+0000] {logging_mixin.py:188} INFO - [2024-05-05T15:41:04.535+0000] {dag.py:3096} INFO - Sync 1 DAGs
[2024-05-05T15:41:04.550+0000] {logging_mixin.py:188} INFO - [2024-05-05T15:41:04.550+0000] {dag.py:3954} INFO - Setting next_dagrun for tutorial_taskflow_api to None, run_after=None
[2024-05-05T15:41:04.705+0000] {processor.py:183} INFO - Processing /home/airflow/.local/lib/python3.12/site-packages/airflow/example_dags/tutorial_taskflow_api.py took 0.268 seconds
[2024-05-05T15:41:35.341+0000] {processor.py:161} INFO - Started process (PID=984) to work on /home/airflow/.local/lib/python3.12/site-packages/airflow/example_dags/tutorial_taskflow_api.py
[2024-05-05T15:41:35.341+0000] {processor.py:830} INFO - Processing file /home/airflow/.local/lib/python3.12/site-packages/airflow/example_dags/tutorial_taskflow_api.py for tasks to queue
[2024-05-05T15:41:35.343+0000] {logging_mixin.py:188} INFO - [2024-05-05T15:41:35.342+0000] {dagbag.py:540} INFO - Filling up the DagBag from /home/airflow/.local/lib/python3.12/site-packages/airflow/example_dags/tutorial_taskflow_api.py
[2024-05-05T15:41:35.348+0000] {processor.py:840} INFO - DAG(s) 'tutorial_taskflow_api' retrieved from /home/airflow/.local/lib/python3.12/site-packages/airflow/example_dags/tutorial_taskflow_api.py
[2024-05-05T15:41:35.363+0000] {logging_mixin.py:188} INFO - [2024-05-05T15:41:35.363+0000] {dag.py:3096} INFO - Sync 1 DAGs
[2024-05-05T15:41:35.378+0000] {logging_mixin.py:188} INFO - [2024-05-05T15:41:35.378+0000] {dag.py:3954} INFO - Setting next_dagrun for tutorial_taskflow_api to None, run_after=None
[2024-05-05T15:41:35.403+0000] {processor.py:183} INFO - Processing /home/airflow/.local/lib/python3.12/site-packages/airflow/example_dags/tutorial_taskflow_api.py took 0.068 seconds
[2024-05-05T15:42:05.508+0000] {processor.py:161} INFO - Started process (PID=1043) to work on /home/airflow/.local/lib/python3.12/site-packages/airflow/example_dags/tutorial_taskflow_api.py
[2024-05-05T15:42:05.510+0000] {processor.py:830} INFO - Processing file /home/airflow/.local/lib/python3.12/site-packages/airflow/example_dags/tutorial_taskflow_api.py for tasks to queue
[2024-05-05T15:42:05.512+0000] {logging_mixin.py:188} INFO - [2024-05-05T15:42:05.512+0000] {dagbag.py:540} INFO - Filling up the DagBag from /home/airflow/.local/lib/python3.12/site-packages/airflow/example_dags/tutorial_taskflow_api.py
[2024-05-05T15:42:05.518+0000] {processor.py:840} INFO - DAG(s) 'tutorial_taskflow_api' retrieved from /home/airflow/.local/lib/python3.12/site-packages/airflow/example_dags/tutorial_taskflow_api.py
[2024-05-05T15:42:05.535+0000] {logging_mixin.py:188} INFO - [2024-05-05T15:42:05.535+0000] {dag.py:3096} INFO - Sync 1 DAGs
[2024-05-05T15:42:05.546+0000] {logging_mixin.py:188} INFO - [2024-05-05T15:42:05.545+0000] {dag.py:3954} INFO - Setting next_dagrun for tutorial_taskflow_api to None, run_after=None
[2024-05-05T15:42:05.566+0000] {processor.py:183} INFO - Processing /home/airflow/.local/lib/python3.12/site-packages/airflow/example_dags/tutorial_taskflow_api.py took 0.065 seconds
[2024-05-05T15:42:36.294+0000] {processor.py:161} INFO - Started process (PID=1101) to work on /home/airflow/.local/lib/python3.12/site-packages/airflow/example_dags/tutorial_taskflow_api.py
[2024-05-05T15:42:36.295+0000] {processor.py:830} INFO - Processing file /home/airflow/.local/lib/python3.12/site-packages/airflow/example_dags/tutorial_taskflow_api.py for tasks to queue
[2024-05-05T15:42:36.298+0000] {logging_mixin.py:188} INFO - [2024-05-05T15:42:36.298+0000] {dagbag.py:540} INFO - Filling up the DagBag from /home/airflow/.local/lib/python3.12/site-packages/airflow/example_dags/tutorial_taskflow_api.py
[2024-05-05T15:42:36.318+0000] {processor.py:840} INFO - DAG(s) 'tutorial_taskflow_api' retrieved from /home/airflow/.local/lib/python3.12/site-packages/airflow/example_dags/tutorial_taskflow_api.py
[2024-05-05T15:42:36.350+0000] {logging_mixin.py:188} INFO - [2024-05-05T15:42:36.349+0000] {dag.py:3096} INFO - Sync 1 DAGs
[2024-05-05T15:42:36.367+0000] {logging_mixin.py:188} INFO - [2024-05-05T15:42:36.367+0000] {dag.py:3954} INFO - Setting next_dagrun for tutorial_taskflow_api to None, run_after=None
[2024-05-05T15:42:36.393+0000] {processor.py:183} INFO - Processing /home/airflow/.local/lib/python3.12/site-packages/airflow/example_dags/tutorial_taskflow_api.py took 0.106 seconds
[2024-05-05T15:43:07.032+0000] {processor.py:161} INFO - Started process (PID=1159) to work on /home/airflow/.local/lib/python3.12/site-packages/airflow/example_dags/tutorial_taskflow_api.py
[2024-05-05T15:43:07.038+0000] {processor.py:830} INFO - Processing file /home/airflow/.local/lib/python3.12/site-packages/airflow/example_dags/tutorial_taskflow_api.py for tasks to queue
[2024-05-05T15:43:07.039+0000] {logging_mixin.py:188} INFO - [2024-05-05T15:43:07.039+0000] {dagbag.py:540} INFO - Filling up the DagBag from /home/airflow/.local/lib/python3.12/site-packages/airflow/example_dags/tutorial_taskflow_api.py
[2024-05-05T15:43:07.061+0000] {processor.py:840} INFO - DAG(s) 'tutorial_taskflow_api' retrieved from /home/airflow/.local/lib/python3.12/site-packages/airflow/example_dags/tutorial_taskflow_api.py
[2024-05-05T15:43:07.084+0000] {logging_mixin.py:188} INFO - [2024-05-05T15:43:07.084+0000] {dag.py:3096} INFO - Sync 1 DAGs
[2024-05-05T15:43:07.101+0000] {logging_mixin.py:188} INFO - [2024-05-05T15:43:07.100+0000] {dag.py:3954} INFO - Setting next_dagrun for tutorial_taskflow_api to None, run_after=None
[2024-05-05T15:43:07.128+0000] {processor.py:183} INFO - Processing /home/airflow/.local/lib/python3.12/site-packages/airflow/example_dags/tutorial_taskflow_api.py took 0.103 seconds
[2024-05-05T15:43:38.034+0000] {processor.py:161} INFO - Started process (PID=1217) to work on /home/airflow/.local/lib/python3.12/site-packages/airflow/example_dags/tutorial_taskflow_api.py
[2024-05-05T15:43:38.035+0000] {processor.py:830} INFO - Processing file /home/airflow/.local/lib/python3.12/site-packages/airflow/example_dags/tutorial_taskflow_api.py for tasks to queue
[2024-05-05T15:43:38.037+0000] {logging_mixin.py:188} INFO - [2024-05-05T15:43:38.037+0000] {dagbag.py:540} INFO - Filling up the DagBag from /home/airflow/.local/lib/python3.12/site-packages/airflow/example_dags/tutorial_taskflow_api.py
[2024-05-05T15:43:38.049+0000] {processor.py:840} INFO - DAG(s) 'tutorial_taskflow_api' retrieved from /home/airflow/.local/lib/python3.12/site-packages/airflow/example_dags/tutorial_taskflow_api.py
[2024-05-05T15:43:38.080+0000] {logging_mixin.py:188} INFO - [2024-05-05T15:43:38.080+0000] {dag.py:3096} INFO - Sync 1 DAGs
[2024-05-05T15:43:38.101+0000] {logging_mixin.py:188} INFO - [2024-05-05T15:43:38.100+0000] {dag.py:3954} INFO - Setting next_dagrun for tutorial_taskflow_api to None, run_after=None
[2024-05-05T15:43:38.140+0000] {processor.py:183} INFO - Processing /home/airflow/.local/lib/python3.12/site-packages/airflow/example_dags/tutorial_taskflow_api.py took 0.117 seconds
[2024-05-05T15:44:08.401+0000] {processor.py:161} INFO - Started process (PID=1275) to work on /home/airflow/.local/lib/python3.12/site-packages/airflow/example_dags/tutorial_taskflow_api.py
[2024-05-05T15:44:08.402+0000] {processor.py:830} INFO - Processing file /home/airflow/.local/lib/python3.12/site-packages/airflow/example_dags/tutorial_taskflow_api.py for tasks to queue
[2024-05-05T15:44:08.407+0000] {logging_mixin.py:188} INFO - [2024-05-05T15:44:08.406+0000] {dagbag.py:540} INFO - Filling up the DagBag from /home/airflow/.local/lib/python3.12/site-packages/airflow/example_dags/tutorial_taskflow_api.py
[2024-05-05T15:44:08.414+0000] {processor.py:840} INFO - DAG(s) 'tutorial_taskflow_api' retrieved from /home/airflow/.local/lib/python3.12/site-packages/airflow/example_dags/tutorial_taskflow_api.py
[2024-05-05T15:44:08.442+0000] {logging_mixin.py:188} INFO - [2024-05-05T15:44:08.442+0000] {dag.py:3096} INFO - Sync 1 DAGs
[2024-05-05T15:44:08.461+0000] {logging_mixin.py:188} INFO - [2024-05-05T15:44:08.461+0000] {dag.py:3954} INFO - Setting next_dagrun for tutorial_taskflow_api to None, run_after=None
[2024-05-05T15:44:08.486+0000] {processor.py:183} INFO - Processing /home/airflow/.local/lib/python3.12/site-packages/airflow/example_dags/tutorial_taskflow_api.py took 0.093 seconds
[2024-05-05T15:44:39.402+0000] {processor.py:161} INFO - Started process (PID=1333) to work on /home/airflow/.local/lib/python3.12/site-packages/airflow/example_dags/tutorial_taskflow_api.py
[2024-05-05T15:44:39.404+0000] {processor.py:830} INFO - Processing file /home/airflow/.local/lib/python3.12/site-packages/airflow/example_dags/tutorial_taskflow_api.py for tasks to queue
[2024-05-05T15:44:39.415+0000] {logging_mixin.py:188} INFO - [2024-05-05T15:44:39.415+0000] {dagbag.py:540} INFO - Filling up the DagBag from /home/airflow/.local/lib/python3.12/site-packages/airflow/example_dags/tutorial_taskflow_api.py
[2024-05-05T15:44:39.443+0000] {processor.py:840} INFO - DAG(s) 'tutorial_taskflow_api' retrieved from /home/airflow/.local/lib/python3.12/site-packages/airflow/example_dags/tutorial_taskflow_api.py
[2024-05-05T15:44:39.481+0000] {logging_mixin.py:188} INFO - [2024-05-05T15:44:39.481+0000] {dag.py:3096} INFO - Sync 1 DAGs
[2024-05-05T15:44:39.510+0000] {logging_mixin.py:188} INFO - [2024-05-05T15:44:39.510+0000] {dag.py:3954} INFO - Setting next_dagrun for tutorial_taskflow_api to None, run_after=None
[2024-05-05T15:44:39.556+0000] {processor.py:183} INFO - Processing /home/airflow/.local/lib/python3.12/site-packages/airflow/example_dags/tutorial_taskflow_api.py took 0.209 seconds
[2024-05-05T15:45:09.652+0000] {processor.py:161} INFO - Started process (PID=1390) to work on /home/airflow/.local/lib/python3.12/site-packages/airflow/example_dags/tutorial_taskflow_api.py
[2024-05-05T15:45:09.655+0000] {processor.py:830} INFO - Processing file /home/airflow/.local/lib/python3.12/site-packages/airflow/example_dags/tutorial_taskflow_api.py for tasks to queue
[2024-05-05T15:45:09.658+0000] {logging_mixin.py:188} INFO - [2024-05-05T15:45:09.657+0000] {dagbag.py:540} INFO - Filling up the DagBag from /home/airflow/.local/lib/python3.12/site-packages/airflow/example_dags/tutorial_taskflow_api.py
[2024-05-05T15:45:09.665+0000] {processor.py:840} INFO - DAG(s) 'tutorial_taskflow_api' retrieved from /home/airflow/.local/lib/python3.12/site-packages/airflow/example_dags/tutorial_taskflow_api.py
[2024-05-05T15:45:09.680+0000] {logging_mixin.py:188} INFO - [2024-05-05T15:45:09.680+0000] {dag.py:3096} INFO - Sync 1 DAGs
[2024-05-05T15:45:09.691+0000] {logging_mixin.py:188} INFO - [2024-05-05T15:45:09.690+0000] {dag.py:3954} INFO - Setting next_dagrun for tutorial_taskflow_api to None, run_after=None
[2024-05-05T15:45:09.710+0000] {processor.py:183} INFO - Processing /home/airflow/.local/lib/python3.12/site-packages/airflow/example_dags/tutorial_taskflow_api.py took 0.065 seconds
[2024-05-05T15:45:40.241+0000] {processor.py:161} INFO - Started process (PID=1448) to work on /home/airflow/.local/lib/python3.12/site-packages/airflow/example_dags/tutorial_taskflow_api.py
[2024-05-05T15:45:40.241+0000] {processor.py:830} INFO - Processing file /home/airflow/.local/lib/python3.12/site-packages/airflow/example_dags/tutorial_taskflow_api.py for tasks to queue
[2024-05-05T15:45:40.243+0000] {logging_mixin.py:188} INFO - [2024-05-05T15:45:40.242+0000] {dagbag.py:540} INFO - Filling up the DagBag from /home/airflow/.local/lib/python3.12/site-packages/airflow/example_dags/tutorial_taskflow_api.py
[2024-05-05T15:45:40.248+0000] {processor.py:840} INFO - DAG(s) 'tutorial_taskflow_api' retrieved from /home/airflow/.local/lib/python3.12/site-packages/airflow/example_dags/tutorial_taskflow_api.py
[2024-05-05T15:45:40.264+0000] {logging_mixin.py:188} INFO - [2024-05-05T15:45:40.264+0000] {dag.py:3096} INFO - Sync 1 DAGs
[2024-05-05T15:45:40.274+0000] {logging_mixin.py:188} INFO - [2024-05-05T15:45:40.274+0000] {dag.py:3954} INFO - Setting next_dagrun for tutorial_taskflow_api to None, run_after=None
[2024-05-05T15:45:40.294+0000] {processor.py:183} INFO - Processing /home/airflow/.local/lib/python3.12/site-packages/airflow/example_dags/tutorial_taskflow_api.py took 0.063 seconds
[2024-05-05T15:46:10.621+0000] {processor.py:161} INFO - Started process (PID=1507) to work on /home/airflow/.local/lib/python3.12/site-packages/airflow/example_dags/tutorial_taskflow_api.py
[2024-05-05T15:46:10.622+0000] {processor.py:830} INFO - Processing file /home/airflow/.local/lib/python3.12/site-packages/airflow/example_dags/tutorial_taskflow_api.py for tasks to queue
[2024-05-05T15:46:10.623+0000] {logging_mixin.py:188} INFO - [2024-05-05T15:46:10.623+0000] {dagbag.py:540} INFO - Filling up the DagBag from /home/airflow/.local/lib/python3.12/site-packages/airflow/example_dags/tutorial_taskflow_api.py
[2024-05-05T15:46:10.629+0000] {processor.py:840} INFO - DAG(s) 'tutorial_taskflow_api' retrieved from /home/airflow/.local/lib/python3.12/site-packages/airflow/example_dags/tutorial_taskflow_api.py
[2024-05-05T15:46:10.645+0000] {logging_mixin.py:188} INFO - [2024-05-05T15:46:10.644+0000] {dag.py:3096} INFO - Sync 1 DAGs
[2024-05-05T15:46:10.655+0000] {logging_mixin.py:188} INFO - [2024-05-05T15:46:10.655+0000] {dag.py:3954} INFO - Setting next_dagrun for tutorial_taskflow_api to None, run_after=None
[2024-05-05T15:46:10.675+0000] {processor.py:183} INFO - Processing /home/airflow/.local/lib/python3.12/site-packages/airflow/example_dags/tutorial_taskflow_api.py took 0.059 seconds
[2024-05-05T15:46:40.779+0000] {processor.py:161} INFO - Started process (PID=1564) to work on /home/airflow/.local/lib/python3.12/site-packages/airflow/example_dags/tutorial_taskflow_api.py
[2024-05-05T15:46:40.782+0000] {processor.py:830} INFO - Processing file /home/airflow/.local/lib/python3.12/site-packages/airflow/example_dags/tutorial_taskflow_api.py for tasks to queue
[2024-05-05T15:46:40.784+0000] {logging_mixin.py:188} INFO - [2024-05-05T15:46:40.784+0000] {dagbag.py:540} INFO - Filling up the DagBag from /home/airflow/.local/lib/python3.12/site-packages/airflow/example_dags/tutorial_taskflow_api.py
[2024-05-05T15:46:40.791+0000] {processor.py:840} INFO - DAG(s) 'tutorial_taskflow_api' retrieved from /home/airflow/.local/lib/python3.12/site-packages/airflow/example_dags/tutorial_taskflow_api.py
[2024-05-05T15:46:40.807+0000] {logging_mixin.py:188} INFO - [2024-05-05T15:46:40.806+0000] {dag.py:3096} INFO - Sync 1 DAGs
[2024-05-05T15:46:40.818+0000] {logging_mixin.py:188} INFO - [2024-05-05T15:46:40.818+0000] {dag.py:3954} INFO - Setting next_dagrun for tutorial_taskflow_api to None, run_after=None
[2024-05-05T15:46:40.839+0000] {processor.py:183} INFO - Processing /home/airflow/.local/lib/python3.12/site-packages/airflow/example_dags/tutorial_taskflow_api.py took 0.068 seconds
[2024-05-05T15:47:11.211+0000] {processor.py:161} INFO - Started process (PID=1621) to work on /home/airflow/.local/lib/python3.12/site-packages/airflow/example_dags/tutorial_taskflow_api.py
[2024-05-05T15:47:11.212+0000] {processor.py:830} INFO - Processing file /home/airflow/.local/lib/python3.12/site-packages/airflow/example_dags/tutorial_taskflow_api.py for tasks to queue
[2024-05-05T15:47:11.214+0000] {logging_mixin.py:188} INFO - [2024-05-05T15:47:11.214+0000] {dagbag.py:540} INFO - Filling up the DagBag from /home/airflow/.local/lib/python3.12/site-packages/airflow/example_dags/tutorial_taskflow_api.py
[2024-05-05T15:47:11.220+0000] {processor.py:840} INFO - DAG(s) 'tutorial_taskflow_api' retrieved from /home/airflow/.local/lib/python3.12/site-packages/airflow/example_dags/tutorial_taskflow_api.py
[2024-05-05T15:47:11.235+0000] {logging_mixin.py:188} INFO - [2024-05-05T15:47:11.235+0000] {dag.py:3096} INFO - Sync 1 DAGs
[2024-05-05T15:47:11.246+0000] {logging_mixin.py:188} INFO - [2024-05-05T15:47:11.245+0000] {dag.py:3954} INFO - Setting next_dagrun for tutorial_taskflow_api to None, run_after=None
[2024-05-05T15:47:11.266+0000] {processor.py:183} INFO - Processing /home/airflow/.local/lib/python3.12/site-packages/airflow/example_dags/tutorial_taskflow_api.py took 0.062 seconds
[2024-05-05T15:47:41.687+0000] {processor.py:161} INFO - Started process (PID=1679) to work on /home/airflow/.local/lib/python3.12/site-packages/airflow/example_dags/tutorial_taskflow_api.py
[2024-05-05T15:47:41.688+0000] {processor.py:830} INFO - Processing file /home/airflow/.local/lib/python3.12/site-packages/airflow/example_dags/tutorial_taskflow_api.py for tasks to queue
[2024-05-05T15:47:41.690+0000] {logging_mixin.py:188} INFO - [2024-05-05T15:47:41.690+0000] {dagbag.py:540} INFO - Filling up the DagBag from /home/airflow/.local/lib/python3.12/site-packages/airflow/example_dags/tutorial_taskflow_api.py
[2024-05-05T15:47:41.698+0000] {processor.py:840} INFO - DAG(s) 'tutorial_taskflow_api' retrieved from /home/airflow/.local/lib/python3.12/site-packages/airflow/example_dags/tutorial_taskflow_api.py
[2024-05-05T15:47:41.743+0000] {logging_mixin.py:188} INFO - [2024-05-05T15:47:41.741+0000] {dag.py:3096} INFO - Sync 1 DAGs
[2024-05-05T15:47:41.793+0000] {logging_mixin.py:188} INFO - [2024-05-05T15:47:41.792+0000] {dag.py:3954} INFO - Setting next_dagrun for tutorial_taskflow_api to None, run_after=None
[2024-05-05T15:47:41.831+0000] {processor.py:183} INFO - Processing /home/airflow/.local/lib/python3.12/site-packages/airflow/example_dags/tutorial_taskflow_api.py took 0.151 seconds
[2024-05-05T15:48:12.306+0000] {processor.py:161} INFO - Started process (PID=1738) to work on /home/airflow/.local/lib/python3.12/site-packages/airflow/example_dags/tutorial_taskflow_api.py
[2024-05-05T15:48:12.306+0000] {processor.py:830} INFO - Processing file /home/airflow/.local/lib/python3.12/site-packages/airflow/example_dags/tutorial_taskflow_api.py for tasks to queue
[2024-05-05T15:48:12.308+0000] {logging_mixin.py:188} INFO - [2024-05-05T15:48:12.308+0000] {dagbag.py:540} INFO - Filling up the DagBag from /home/airflow/.local/lib/python3.12/site-packages/airflow/example_dags/tutorial_taskflow_api.py
[2024-05-05T15:48:12.315+0000] {processor.py:840} INFO - DAG(s) 'tutorial_taskflow_api' retrieved from /home/airflow/.local/lib/python3.12/site-packages/airflow/example_dags/tutorial_taskflow_api.py
[2024-05-05T15:48:12.341+0000] {logging_mixin.py:188} INFO - [2024-05-05T15:48:12.341+0000] {dag.py:3096} INFO - Sync 1 DAGs
[2024-05-05T15:48:12.354+0000] {logging_mixin.py:188} INFO - [2024-05-05T15:48:12.354+0000] {dag.py:3954} INFO - Setting next_dagrun for tutorial_taskflow_api to None, run_after=None
[2024-05-05T15:48:12.382+0000] {processor.py:183} INFO - Processing /home/airflow/.local/lib/python3.12/site-packages/airflow/example_dags/tutorial_taskflow_api.py took 0.084 seconds
[2024-05-05T15:48:42.829+0000] {processor.py:161} INFO - Started process (PID=1798) to work on /home/airflow/.local/lib/python3.12/site-packages/airflow/example_dags/tutorial_taskflow_api.py
[2024-05-05T15:48:42.830+0000] {processor.py:830} INFO - Processing file /home/airflow/.local/lib/python3.12/site-packages/airflow/example_dags/tutorial_taskflow_api.py for tasks to queue
[2024-05-05T15:48:42.832+0000] {logging_mixin.py:188} INFO - [2024-05-05T15:48:42.832+0000] {dagbag.py:540} INFO - Filling up the DagBag from /home/airflow/.local/lib/python3.12/site-packages/airflow/example_dags/tutorial_taskflow_api.py
[2024-05-05T15:48:42.840+0000] {processor.py:840} INFO - DAG(s) 'tutorial_taskflow_api' retrieved from /home/airflow/.local/lib/python3.12/site-packages/airflow/example_dags/tutorial_taskflow_api.py
[2024-05-05T15:48:42.864+0000] {logging_mixin.py:188} INFO - [2024-05-05T15:48:42.864+0000] {dag.py:3096} INFO - Sync 1 DAGs
[2024-05-05T15:48:42.875+0000] {logging_mixin.py:188} INFO - [2024-05-05T15:48:42.875+0000] {dag.py:3954} INFO - Setting next_dagrun for tutorial_taskflow_api to None, run_after=None
[2024-05-05T15:48:42.900+0000] {processor.py:183} INFO - Processing /home/airflow/.local/lib/python3.12/site-packages/airflow/example_dags/tutorial_taskflow_api.py took 0.078 seconds
[2024-05-05T15:49:13.438+0000] {processor.py:161} INFO - Started process (PID=1857) to work on /home/airflow/.local/lib/python3.12/site-packages/airflow/example_dags/tutorial_taskflow_api.py
[2024-05-05T15:49:13.439+0000] {processor.py:830} INFO - Processing file /home/airflow/.local/lib/python3.12/site-packages/airflow/example_dags/tutorial_taskflow_api.py for tasks to queue
[2024-05-05T15:49:13.441+0000] {logging_mixin.py:188} INFO - [2024-05-05T15:49:13.440+0000] {dagbag.py:540} INFO - Filling up the DagBag from /home/airflow/.local/lib/python3.12/site-packages/airflow/example_dags/tutorial_taskflow_api.py
[2024-05-05T15:49:13.448+0000] {processor.py:840} INFO - DAG(s) 'tutorial_taskflow_api' retrieved from /home/airflow/.local/lib/python3.12/site-packages/airflow/example_dags/tutorial_taskflow_api.py
[2024-05-05T15:49:13.503+0000] {logging_mixin.py:188} INFO - [2024-05-05T15:49:13.503+0000] {dag.py:3096} INFO - Sync 1 DAGs
[2024-05-05T15:49:13.547+0000] {logging_mixin.py:188} INFO - [2024-05-05T15:49:13.546+0000] {dag.py:3954} INFO - Setting next_dagrun for tutorial_taskflow_api to None, run_after=None
[2024-05-05T15:49:13.595+0000] {processor.py:183} INFO - Processing /home/airflow/.local/lib/python3.12/site-packages/airflow/example_dags/tutorial_taskflow_api.py took 0.169 seconds
[2024-05-05T15:49:43.760+0000] {processor.py:161} INFO - Started process (PID=1916) to work on /home/airflow/.local/lib/python3.12/site-packages/airflow/example_dags/tutorial_taskflow_api.py
[2024-05-05T15:49:43.761+0000] {processor.py:830} INFO - Processing file /home/airflow/.local/lib/python3.12/site-packages/airflow/example_dags/tutorial_taskflow_api.py for tasks to queue
[2024-05-05T15:49:43.764+0000] {logging_mixin.py:188} INFO - [2024-05-05T15:49:43.763+0000] {dagbag.py:540} INFO - Filling up the DagBag from /home/airflow/.local/lib/python3.12/site-packages/airflow/example_dags/tutorial_taskflow_api.py
[2024-05-05T15:49:43.771+0000] {processor.py:840} INFO - DAG(s) 'tutorial_taskflow_api' retrieved from /home/airflow/.local/lib/python3.12/site-packages/airflow/example_dags/tutorial_taskflow_api.py
[2024-05-05T15:49:43.787+0000] {logging_mixin.py:188} INFO - [2024-05-05T15:49:43.787+0000] {dag.py:3096} INFO - Sync 1 DAGs
[2024-05-05T15:49:43.798+0000] {logging_mixin.py:188} INFO - [2024-05-05T15:49:43.797+0000] {dag.py:3954} INFO - Setting next_dagrun for tutorial_taskflow_api to None, run_after=None
[2024-05-05T15:49:43.823+0000] {processor.py:183} INFO - Processing /home/airflow/.local/lib/python3.12/site-packages/airflow/example_dags/tutorial_taskflow_api.py took 0.069 seconds
[2024-05-05T15:50:14.447+0000] {processor.py:161} INFO - Started process (PID=1975) to work on /home/airflow/.local/lib/python3.12/site-packages/airflow/example_dags/tutorial_taskflow_api.py
[2024-05-05T15:50:14.448+0000] {processor.py:830} INFO - Processing file /home/airflow/.local/lib/python3.12/site-packages/airflow/example_dags/tutorial_taskflow_api.py for tasks to queue
[2024-05-05T15:50:14.449+0000] {logging_mixin.py:188} INFO - [2024-05-05T15:50:14.449+0000] {dagbag.py:540} INFO - Filling up the DagBag from /home/airflow/.local/lib/python3.12/site-packages/airflow/example_dags/tutorial_taskflow_api.py
[2024-05-05T15:50:14.455+0000] {processor.py:840} INFO - DAG(s) 'tutorial_taskflow_api' retrieved from /home/airflow/.local/lib/python3.12/site-packages/airflow/example_dags/tutorial_taskflow_api.py
[2024-05-05T15:50:14.471+0000] {logging_mixin.py:188} INFO - [2024-05-05T15:50:14.471+0000] {dag.py:3096} INFO - Sync 1 DAGs
[2024-05-05T15:50:14.482+0000] {logging_mixin.py:188} INFO - [2024-05-05T15:50:14.481+0000] {dag.py:3954} INFO - Setting next_dagrun for tutorial_taskflow_api to None, run_after=None
[2024-05-05T15:50:14.502+0000] {processor.py:183} INFO - Processing /home/airflow/.local/lib/python3.12/site-packages/airflow/example_dags/tutorial_taskflow_api.py took 0.060 seconds
[2024-05-05T15:50:44.818+0000] {processor.py:161} INFO - Started process (PID=2034) to work on /home/airflow/.local/lib/python3.12/site-packages/airflow/example_dags/tutorial_taskflow_api.py
[2024-05-05T15:50:44.819+0000] {processor.py:830} INFO - Processing file /home/airflow/.local/lib/python3.12/site-packages/airflow/example_dags/tutorial_taskflow_api.py for tasks to queue
[2024-05-05T15:50:44.821+0000] {logging_mixin.py:188} INFO - [2024-05-05T15:50:44.821+0000] {dagbag.py:540} INFO - Filling up the DagBag from /home/airflow/.local/lib/python3.12/site-packages/airflow/example_dags/tutorial_taskflow_api.py
[2024-05-05T15:50:44.832+0000] {processor.py:840} INFO - DAG(s) 'tutorial_taskflow_api' retrieved from /home/airflow/.local/lib/python3.12/site-packages/airflow/example_dags/tutorial_taskflow_api.py
[2024-05-05T15:50:44.863+0000] {logging_mixin.py:188} INFO - [2024-05-05T15:50:44.863+0000] {dag.py:3096} INFO - Sync 1 DAGs
[2024-05-05T15:50:44.881+0000] {logging_mixin.py:188} INFO - [2024-05-05T15:50:44.881+0000] {dag.py:3954} INFO - Setting next_dagrun for tutorial_taskflow_api to None, run_after=None
[2024-05-05T15:50:44.944+0000] {processor.py:183} INFO - Processing /home/airflow/.local/lib/python3.12/site-packages/airflow/example_dags/tutorial_taskflow_api.py took 0.136 seconds
[2024-05-05T15:51:15.273+0000] {processor.py:161} INFO - Started process (PID=2092) to work on /home/airflow/.local/lib/python3.12/site-packages/airflow/example_dags/tutorial_taskflow_api.py
[2024-05-05T15:51:15.274+0000] {processor.py:830} INFO - Processing file /home/airflow/.local/lib/python3.12/site-packages/airflow/example_dags/tutorial_taskflow_api.py for tasks to queue
[2024-05-05T15:51:15.275+0000] {logging_mixin.py:188} INFO - [2024-05-05T15:51:15.275+0000] {dagbag.py:540} INFO - Filling up the DagBag from /home/airflow/.local/lib/python3.12/site-packages/airflow/example_dags/tutorial_taskflow_api.py
[2024-05-05T15:51:15.280+0000] {processor.py:840} INFO - DAG(s) 'tutorial_taskflow_api' retrieved from /home/airflow/.local/lib/python3.12/site-packages/airflow/example_dags/tutorial_taskflow_api.py
[2024-05-05T15:51:15.296+0000] {logging_mixin.py:188} INFO - [2024-05-05T15:51:15.296+0000] {dag.py:3096} INFO - Sync 1 DAGs
[2024-05-05T15:51:15.306+0000] {logging_mixin.py:188} INFO - [2024-05-05T15:51:15.306+0000] {dag.py:3954} INFO - Setting next_dagrun for tutorial_taskflow_api to None, run_after=None
[2024-05-05T15:51:15.327+0000] {processor.py:183} INFO - Processing /home/airflow/.local/lib/python3.12/site-packages/airflow/example_dags/tutorial_taskflow_api.py took 0.060 seconds
[2024-05-05T15:51:45.510+0000] {processor.py:161} INFO - Started process (PID=2150) to work on /home/airflow/.local/lib/python3.12/site-packages/airflow/example_dags/tutorial_taskflow_api.py
[2024-05-05T15:51:45.510+0000] {processor.py:830} INFO - Processing file /home/airflow/.local/lib/python3.12/site-packages/airflow/example_dags/tutorial_taskflow_api.py for tasks to queue
[2024-05-05T15:51:45.513+0000] {logging_mixin.py:188} INFO - [2024-05-05T15:51:45.513+0000] {dagbag.py:540} INFO - Filling up the DagBag from /home/airflow/.local/lib/python3.12/site-packages/airflow/example_dags/tutorial_taskflow_api.py
[2024-05-05T15:51:45.520+0000] {processor.py:840} INFO - DAG(s) 'tutorial_taskflow_api' retrieved from /home/airflow/.local/lib/python3.12/site-packages/airflow/example_dags/tutorial_taskflow_api.py
[2024-05-05T15:51:45.542+0000] {logging_mixin.py:188} INFO - [2024-05-05T15:51:45.542+0000] {dag.py:3096} INFO - Sync 1 DAGs
[2024-05-05T15:51:45.559+0000] {logging_mixin.py:188} INFO - [2024-05-05T15:51:45.558+0000] {dag.py:3954} INFO - Setting next_dagrun for tutorial_taskflow_api to None, run_after=None
[2024-05-05T15:51:45.584+0000] {processor.py:183} INFO - Processing /home/airflow/.local/lib/python3.12/site-packages/airflow/example_dags/tutorial_taskflow_api.py took 0.089 seconds
[2024-05-05T15:52:15.655+0000] {processor.py:161} INFO - Started process (PID=2209) to work on /home/airflow/.local/lib/python3.12/site-packages/airflow/example_dags/tutorial_taskflow_api.py
[2024-05-05T15:52:15.658+0000] {processor.py:830} INFO - Processing file /home/airflow/.local/lib/python3.12/site-packages/airflow/example_dags/tutorial_taskflow_api.py for tasks to queue
[2024-05-05T15:52:15.660+0000] {logging_mixin.py:188} INFO - [2024-05-05T15:52:15.659+0000] {dagbag.py:540} INFO - Filling up the DagBag from /home/airflow/.local/lib/python3.12/site-packages/airflow/example_dags/tutorial_taskflow_api.py
[2024-05-05T15:52:15.667+0000] {processor.py:840} INFO - DAG(s) 'tutorial_taskflow_api' retrieved from /home/airflow/.local/lib/python3.12/site-packages/airflow/example_dags/tutorial_taskflow_api.py
[2024-05-05T15:52:15.705+0000] {logging_mixin.py:188} INFO - [2024-05-05T15:52:15.705+0000] {dag.py:3096} INFO - Sync 1 DAGs
[2024-05-05T15:52:15.722+0000] {logging_mixin.py:188} INFO - [2024-05-05T15:52:15.721+0000] {dag.py:3954} INFO - Setting next_dagrun for tutorial_taskflow_api to None, run_after=None
[2024-05-05T15:52:15.750+0000] {processor.py:183} INFO - Processing /home/airflow/.local/lib/python3.12/site-packages/airflow/example_dags/tutorial_taskflow_api.py took 0.106 seconds
[2024-05-05T15:52:45.954+0000] {processor.py:161} INFO - Started process (PID=2268) to work on /home/airflow/.local/lib/python3.12/site-packages/airflow/example_dags/tutorial_taskflow_api.py
[2024-05-05T15:52:45.960+0000] {processor.py:830} INFO - Processing file /home/airflow/.local/lib/python3.12/site-packages/airflow/example_dags/tutorial_taskflow_api.py for tasks to queue
[2024-05-05T15:52:45.962+0000] {logging_mixin.py:188} INFO - [2024-05-05T15:52:45.962+0000] {dagbag.py:540} INFO - Filling up the DagBag from /home/airflow/.local/lib/python3.12/site-packages/airflow/example_dags/tutorial_taskflow_api.py
[2024-05-05T15:52:45.978+0000] {processor.py:840} INFO - DAG(s) 'tutorial_taskflow_api' retrieved from /home/airflow/.local/lib/python3.12/site-packages/airflow/example_dags/tutorial_taskflow_api.py
[2024-05-05T15:52:46.026+0000] {logging_mixin.py:188} INFO - [2024-05-05T15:52:46.025+0000] {dag.py:3096} INFO - Sync 1 DAGs
[2024-05-05T15:52:46.086+0000] {logging_mixin.py:188} INFO - [2024-05-05T15:52:46.086+0000] {dag.py:3954} INFO - Setting next_dagrun for tutorial_taskflow_api to None, run_after=None
[2024-05-05T15:52:46.160+0000] {processor.py:183} INFO - Processing /home/airflow/.local/lib/python3.12/site-packages/airflow/example_dags/tutorial_taskflow_api.py took 0.221 seconds
[2024-05-05T15:53:17.260+0000] {processor.py:161} INFO - Started process (PID=2328) to work on /home/airflow/.local/lib/python3.12/site-packages/airflow/example_dags/tutorial_taskflow_api.py
[2024-05-05T15:53:17.264+0000] {processor.py:830} INFO - Processing file /home/airflow/.local/lib/python3.12/site-packages/airflow/example_dags/tutorial_taskflow_api.py for tasks to queue
[2024-05-05T15:53:17.274+0000] {logging_mixin.py:188} INFO - [2024-05-05T15:53:17.273+0000] {dagbag.py:540} INFO - Filling up the DagBag from /home/airflow/.local/lib/python3.12/site-packages/airflow/example_dags/tutorial_taskflow_api.py
[2024-05-05T15:53:17.339+0000] {processor.py:840} INFO - DAG(s) 'tutorial_taskflow_api' retrieved from /home/airflow/.local/lib/python3.12/site-packages/airflow/example_dags/tutorial_taskflow_api.py
[2024-05-05T15:53:17.444+0000] {logging_mixin.py:188} INFO - [2024-05-05T15:53:17.444+0000] {dag.py:3096} INFO - Sync 1 DAGs
[2024-05-05T15:53:17.527+0000] {logging_mixin.py:188} INFO - [2024-05-05T15:53:17.524+0000] {dag.py:3954} INFO - Setting next_dagrun for tutorial_taskflow_api to None, run_after=None
[2024-05-05T15:53:17.690+0000] {processor.py:183} INFO - Processing /home/airflow/.local/lib/python3.12/site-packages/airflow/example_dags/tutorial_taskflow_api.py took 0.535 seconds
[2024-05-05T15:53:47.974+0000] {processor.py:161} INFO - Started process (PID=2388) to work on /home/airflow/.local/lib/python3.12/site-packages/airflow/example_dags/tutorial_taskflow_api.py
[2024-05-05T15:53:47.975+0000] {processor.py:830} INFO - Processing file /home/airflow/.local/lib/python3.12/site-packages/airflow/example_dags/tutorial_taskflow_api.py for tasks to queue
[2024-05-05T15:53:47.977+0000] {logging_mixin.py:188} INFO - [2024-05-05T15:53:47.977+0000] {dagbag.py:540} INFO - Filling up the DagBag from /home/airflow/.local/lib/python3.12/site-packages/airflow/example_dags/tutorial_taskflow_api.py
[2024-05-05T15:53:47.984+0000] {processor.py:840} INFO - DAG(s) 'tutorial_taskflow_api' retrieved from /home/airflow/.local/lib/python3.12/site-packages/airflow/example_dags/tutorial_taskflow_api.py
[2024-05-05T15:53:48.009+0000] {logging_mixin.py:188} INFO - [2024-05-05T15:53:48.009+0000] {dag.py:3096} INFO - Sync 1 DAGs
[2024-05-05T15:53:48.027+0000] {logging_mixin.py:188} INFO - [2024-05-05T15:53:48.027+0000] {dag.py:3954} INFO - Setting next_dagrun for tutorial_taskflow_api to None, run_after=None
[2024-05-05T15:53:48.055+0000] {processor.py:183} INFO - Processing /home/airflow/.local/lib/python3.12/site-packages/airflow/example_dags/tutorial_taskflow_api.py took 0.088 seconds
[2024-05-05T15:54:18.872+0000] {processor.py:161} INFO - Started process (PID=2448) to work on /home/airflow/.local/lib/python3.12/site-packages/airflow/example_dags/tutorial_taskflow_api.py
[2024-05-05T15:54:18.873+0000] {processor.py:830} INFO - Processing file /home/airflow/.local/lib/python3.12/site-packages/airflow/example_dags/tutorial_taskflow_api.py for tasks to queue
[2024-05-05T15:54:18.874+0000] {logging_mixin.py:188} INFO - [2024-05-05T15:54:18.874+0000] {dagbag.py:540} INFO - Filling up the DagBag from /home/airflow/.local/lib/python3.12/site-packages/airflow/example_dags/tutorial_taskflow_api.py
[2024-05-05T15:54:18.880+0000] {processor.py:840} INFO - DAG(s) 'tutorial_taskflow_api' retrieved from /home/airflow/.local/lib/python3.12/site-packages/airflow/example_dags/tutorial_taskflow_api.py
[2024-05-05T15:54:18.896+0000] {logging_mixin.py:188} INFO - [2024-05-05T15:54:18.896+0000] {dag.py:3096} INFO - Sync 1 DAGs
[2024-05-05T15:54:18.907+0000] {logging_mixin.py:188} INFO - [2024-05-05T15:54:18.906+0000] {dag.py:3954} INFO - Setting next_dagrun for tutorial_taskflow_api to None, run_after=None
[2024-05-05T15:54:18.934+0000] {processor.py:183} INFO - Processing /home/airflow/.local/lib/python3.12/site-packages/airflow/example_dags/tutorial_taskflow_api.py took 0.067 seconds
[2024-05-05T15:54:49.442+0000] {processor.py:161} INFO - Started process (PID=2508) to work on /home/airflow/.local/lib/python3.12/site-packages/airflow/example_dags/tutorial_taskflow_api.py
[2024-05-05T15:54:49.443+0000] {processor.py:830} INFO - Processing file /home/airflow/.local/lib/python3.12/site-packages/airflow/example_dags/tutorial_taskflow_api.py for tasks to queue
[2024-05-05T15:54:49.444+0000] {logging_mixin.py:188} INFO - [2024-05-05T15:54:49.444+0000] {dagbag.py:540} INFO - Filling up the DagBag from /home/airflow/.local/lib/python3.12/site-packages/airflow/example_dags/tutorial_taskflow_api.py
[2024-05-05T15:54:49.449+0000] {processor.py:840} INFO - DAG(s) 'tutorial_taskflow_api' retrieved from /home/airflow/.local/lib/python3.12/site-packages/airflow/example_dags/tutorial_taskflow_api.py
[2024-05-05T15:54:49.466+0000] {logging_mixin.py:188} INFO - [2024-05-05T15:54:49.466+0000] {dag.py:3096} INFO - Sync 1 DAGs
[2024-05-05T15:54:49.476+0000] {logging_mixin.py:188} INFO - [2024-05-05T15:54:49.476+0000] {dag.py:3954} INFO - Setting next_dagrun for tutorial_taskflow_api to None, run_after=None
[2024-05-05T15:54:49.496+0000] {processor.py:183} INFO - Processing /home/airflow/.local/lib/python3.12/site-packages/airflow/example_dags/tutorial_taskflow_api.py took 0.058 seconds
[2024-05-05T15:55:19.737+0000] {processor.py:161} INFO - Started process (PID=2568) to work on /home/airflow/.local/lib/python3.12/site-packages/airflow/example_dags/tutorial_taskflow_api.py
[2024-05-05T15:55:19.738+0000] {processor.py:830} INFO - Processing file /home/airflow/.local/lib/python3.12/site-packages/airflow/example_dags/tutorial_taskflow_api.py for tasks to queue
[2024-05-05T15:55:19.739+0000] {logging_mixin.py:188} INFO - [2024-05-05T15:55:19.739+0000] {dagbag.py:540} INFO - Filling up the DagBag from /home/airflow/.local/lib/python3.12/site-packages/airflow/example_dags/tutorial_taskflow_api.py
[2024-05-05T15:55:19.747+0000] {processor.py:840} INFO - DAG(s) 'tutorial_taskflow_api' retrieved from /home/airflow/.local/lib/python3.12/site-packages/airflow/example_dags/tutorial_taskflow_api.py
[2024-05-05T15:55:19.770+0000] {logging_mixin.py:188} INFO - [2024-05-05T15:55:19.770+0000] {dag.py:3096} INFO - Sync 1 DAGs
[2024-05-05T15:55:19.786+0000] {logging_mixin.py:188} INFO - [2024-05-05T15:55:19.785+0000] {dag.py:3954} INFO - Setting next_dagrun for tutorial_taskflow_api to None, run_after=None
[2024-05-05T15:55:19.811+0000] {processor.py:183} INFO - Processing /home/airflow/.local/lib/python3.12/site-packages/airflow/example_dags/tutorial_taskflow_api.py took 0.080 seconds
[2024-05-05T15:55:50.564+0000] {processor.py:161} INFO - Started process (PID=2628) to work on /home/airflow/.local/lib/python3.12/site-packages/airflow/example_dags/tutorial_taskflow_api.py
[2024-05-05T15:55:50.565+0000] {processor.py:830} INFO - Processing file /home/airflow/.local/lib/python3.12/site-packages/airflow/example_dags/tutorial_taskflow_api.py for tasks to queue
[2024-05-05T15:55:50.567+0000] {logging_mixin.py:188} INFO - [2024-05-05T15:55:50.567+0000] {dagbag.py:540} INFO - Filling up the DagBag from /home/airflow/.local/lib/python3.12/site-packages/airflow/example_dags/tutorial_taskflow_api.py
[2024-05-05T15:55:50.574+0000] {processor.py:840} INFO - DAG(s) 'tutorial_taskflow_api' retrieved from /home/airflow/.local/lib/python3.12/site-packages/airflow/example_dags/tutorial_taskflow_api.py
[2024-05-05T15:55:50.595+0000] {logging_mixin.py:188} INFO - [2024-05-05T15:55:50.594+0000] {dag.py:3096} INFO - Sync 1 DAGs
[2024-05-05T15:55:50.610+0000] {logging_mixin.py:188} INFO - [2024-05-05T15:55:50.610+0000] {dag.py:3954} INFO - Setting next_dagrun for tutorial_taskflow_api to None, run_after=None
[2024-05-05T15:55:50.636+0000] {processor.py:183} INFO - Processing /home/airflow/.local/lib/python3.12/site-packages/airflow/example_dags/tutorial_taskflow_api.py took 0.079 seconds
[2024-05-05T15:56:21.308+0000] {processor.py:161} INFO - Started process (PID=2688) to work on /home/airflow/.local/lib/python3.12/site-packages/airflow/example_dags/tutorial_taskflow_api.py
[2024-05-05T15:56:21.309+0000] {processor.py:830} INFO - Processing file /home/airflow/.local/lib/python3.12/site-packages/airflow/example_dags/tutorial_taskflow_api.py for tasks to queue
[2024-05-05T15:56:21.311+0000] {logging_mixin.py:188} INFO - [2024-05-05T15:56:21.311+0000] {dagbag.py:540} INFO - Filling up the DagBag from /home/airflow/.local/lib/python3.12/site-packages/airflow/example_dags/tutorial_taskflow_api.py
[2024-05-05T15:56:21.318+0000] {processor.py:840} INFO - DAG(s) 'tutorial_taskflow_api' retrieved from /home/airflow/.local/lib/python3.12/site-packages/airflow/example_dags/tutorial_taskflow_api.py
[2024-05-05T15:56:21.347+0000] {logging_mixin.py:188} INFO - [2024-05-05T15:56:21.347+0000] {dag.py:3096} INFO - Sync 1 DAGs
[2024-05-05T15:56:21.361+0000] {logging_mixin.py:188} INFO - [2024-05-05T15:56:21.360+0000] {dag.py:3954} INFO - Setting next_dagrun for tutorial_taskflow_api to None, run_after=None
[2024-05-05T15:56:21.388+0000] {processor.py:183} INFO - Processing /home/airflow/.local/lib/python3.12/site-packages/airflow/example_dags/tutorial_taskflow_api.py took 0.086 seconds
[2024-05-05T15:56:53.011+0000] {processor.py:161} INFO - Started process (PID=2748) to work on /home/airflow/.local/lib/python3.12/site-packages/airflow/example_dags/tutorial_taskflow_api.py
[2024-05-05T15:56:53.016+0000] {processor.py:830} INFO - Processing file /home/airflow/.local/lib/python3.12/site-packages/airflow/example_dags/tutorial_taskflow_api.py for tasks to queue
[2024-05-05T15:56:53.024+0000] {logging_mixin.py:188} INFO - [2024-05-05T15:56:53.024+0000] {dagbag.py:540} INFO - Filling up the DagBag from /home/airflow/.local/lib/python3.12/site-packages/airflow/example_dags/tutorial_taskflow_api.py
[2024-05-05T15:56:53.045+0000] {processor.py:840} INFO - DAG(s) 'tutorial_taskflow_api' retrieved from /home/airflow/.local/lib/python3.12/site-packages/airflow/example_dags/tutorial_taskflow_api.py
[2024-05-05T15:56:53.121+0000] {logging_mixin.py:188} INFO - [2024-05-05T15:56:53.120+0000] {dag.py:3096} INFO - Sync 1 DAGs
[2024-05-05T15:56:53.194+0000] {logging_mixin.py:188} INFO - [2024-05-05T15:56:53.194+0000] {dag.py:3954} INFO - Setting next_dagrun for tutorial_taskflow_api to None, run_after=None
[2024-05-05T15:56:53.377+0000] {processor.py:183} INFO - Processing /home/airflow/.local/lib/python3.12/site-packages/airflow/example_dags/tutorial_taskflow_api.py took 0.391 seconds
[2024-05-05T15:57:23.650+0000] {processor.py:161} INFO - Started process (PID=2808) to work on /home/airflow/.local/lib/python3.12/site-packages/airflow/example_dags/tutorial_taskflow_api.py
[2024-05-05T15:57:23.650+0000] {processor.py:830} INFO - Processing file /home/airflow/.local/lib/python3.12/site-packages/airflow/example_dags/tutorial_taskflow_api.py for tasks to queue
[2024-05-05T15:57:23.659+0000] {logging_mixin.py:188} INFO - [2024-05-05T15:57:23.659+0000] {dagbag.py:540} INFO - Filling up the DagBag from /home/airflow/.local/lib/python3.12/site-packages/airflow/example_dags/tutorial_taskflow_api.py
[2024-05-05T15:57:23.667+0000] {processor.py:840} INFO - DAG(s) 'tutorial_taskflow_api' retrieved from /home/airflow/.local/lib/python3.12/site-packages/airflow/example_dags/tutorial_taskflow_api.py
[2024-05-05T15:57:23.707+0000] {logging_mixin.py:188} INFO - [2024-05-05T15:57:23.707+0000] {dag.py:3096} INFO - Sync 1 DAGs
[2024-05-05T15:57:23.742+0000] {logging_mixin.py:188} INFO - [2024-05-05T15:57:23.741+0000] {dag.py:3954} INFO - Setting next_dagrun for tutorial_taskflow_api to None, run_after=None
[2024-05-05T15:57:23.798+0000] {processor.py:183} INFO - Processing /home/airflow/.local/lib/python3.12/site-packages/airflow/example_dags/tutorial_taskflow_api.py took 0.160 seconds
[2024-05-05T15:57:53.925+0000] {processor.py:161} INFO - Started process (PID=2868) to work on /home/airflow/.local/lib/python3.12/site-packages/airflow/example_dags/tutorial_taskflow_api.py
[2024-05-05T15:57:53.925+0000] {processor.py:830} INFO - Processing file /home/airflow/.local/lib/python3.12/site-packages/airflow/example_dags/tutorial_taskflow_api.py for tasks to queue
[2024-05-05T15:57:53.927+0000] {logging_mixin.py:188} INFO - [2024-05-05T15:57:53.927+0000] {dagbag.py:540} INFO - Filling up the DagBag from /home/airflow/.local/lib/python3.12/site-packages/airflow/example_dags/tutorial_taskflow_api.py
[2024-05-05T15:57:53.934+0000] {processor.py:840} INFO - DAG(s) 'tutorial_taskflow_api' retrieved from /home/airflow/.local/lib/python3.12/site-packages/airflow/example_dags/tutorial_taskflow_api.py
[2024-05-05T15:57:53.958+0000] {logging_mixin.py:188} INFO - [2024-05-05T15:57:53.957+0000] {dag.py:3096} INFO - Sync 1 DAGs
[2024-05-05T15:57:53.973+0000] {logging_mixin.py:188} INFO - [2024-05-05T15:57:53.973+0000] {dag.py:3954} INFO - Setting next_dagrun for tutorial_taskflow_api to None, run_after=None
[2024-05-05T15:57:53.996+0000] {processor.py:183} INFO - Processing /home/airflow/.local/lib/python3.12/site-packages/airflow/example_dags/tutorial_taskflow_api.py took 0.078 seconds
[2024-05-05T15:58:24.595+0000] {processor.py:161} INFO - Started process (PID=2931) to work on /home/airflow/.local/lib/python3.12/site-packages/airflow/example_dags/tutorial_taskflow_api.py
[2024-05-05T15:58:24.595+0000] {processor.py:830} INFO - Processing file /home/airflow/.local/lib/python3.12/site-packages/airflow/example_dags/tutorial_taskflow_api.py for tasks to queue
[2024-05-05T15:58:24.598+0000] {logging_mixin.py:188} INFO - [2024-05-05T15:58:24.597+0000] {dagbag.py:540} INFO - Filling up the DagBag from /home/airflow/.local/lib/python3.12/site-packages/airflow/example_dags/tutorial_taskflow_api.py
[2024-05-05T15:58:24.606+0000] {processor.py:840} INFO - DAG(s) 'tutorial_taskflow_api' retrieved from /home/airflow/.local/lib/python3.12/site-packages/airflow/example_dags/tutorial_taskflow_api.py
[2024-05-05T15:58:24.629+0000] {logging_mixin.py:188} INFO - [2024-05-05T15:58:24.629+0000] {dag.py:3096} INFO - Sync 1 DAGs
[2024-05-05T15:58:24.644+0000] {logging_mixin.py:188} INFO - [2024-05-05T15:58:24.644+0000] {dag.py:3954} INFO - Setting next_dagrun for tutorial_taskflow_api to None, run_after=None
[2024-05-05T15:58:24.667+0000] {processor.py:183} INFO - Processing /home/airflow/.local/lib/python3.12/site-packages/airflow/example_dags/tutorial_taskflow_api.py took 0.079 seconds
[2024-05-05T15:58:55.959+0000] {processor.py:161} INFO - Started process (PID=2998) to work on /home/airflow/.local/lib/python3.12/site-packages/airflow/example_dags/tutorial_taskflow_api.py
[2024-05-05T15:58:55.975+0000] {processor.py:830} INFO - Processing file /home/airflow/.local/lib/python3.12/site-packages/airflow/example_dags/tutorial_taskflow_api.py for tasks to queue
[2024-05-05T15:58:55.977+0000] {logging_mixin.py:188} INFO - [2024-05-05T15:58:55.976+0000] {dagbag.py:540} INFO - Filling up the DagBag from /home/airflow/.local/lib/python3.12/site-packages/airflow/example_dags/tutorial_taskflow_api.py
[2024-05-05T15:58:55.989+0000] {processor.py:840} INFO - DAG(s) 'tutorial_taskflow_api' retrieved from /home/airflow/.local/lib/python3.12/site-packages/airflow/example_dags/tutorial_taskflow_api.py
[2024-05-05T15:58:56.064+0000] {logging_mixin.py:188} INFO - [2024-05-05T15:58:56.064+0000] {dag.py:3096} INFO - Sync 1 DAGs
[2024-05-05T15:58:56.126+0000] {logging_mixin.py:188} INFO - [2024-05-05T15:58:56.126+0000] {dag.py:3954} INFO - Setting next_dagrun for tutorial_taskflow_api to None, run_after=None
[2024-05-05T15:58:56.197+0000] {processor.py:183} INFO - Processing /home/airflow/.local/lib/python3.12/site-packages/airflow/example_dags/tutorial_taskflow_api.py took 0.246 seconds
[2024-05-05T15:59:28.263+0000] {processor.py:161} INFO - Started process (PID=3059) to work on /home/airflow/.local/lib/python3.12/site-packages/airflow/example_dags/tutorial_taskflow_api.py
[2024-05-05T15:59:28.266+0000] {processor.py:830} INFO - Processing file /home/airflow/.local/lib/python3.12/site-packages/airflow/example_dags/tutorial_taskflow_api.py for tasks to queue
[2024-05-05T15:59:28.268+0000] {logging_mixin.py:188} INFO - [2024-05-05T15:59:28.268+0000] {dagbag.py:540} INFO - Filling up the DagBag from /home/airflow/.local/lib/python3.12/site-packages/airflow/example_dags/tutorial_taskflow_api.py
[2024-05-05T15:59:28.278+0000] {processor.py:840} INFO - DAG(s) 'tutorial_taskflow_api' retrieved from /home/airflow/.local/lib/python3.12/site-packages/airflow/example_dags/tutorial_taskflow_api.py
[2024-05-05T15:59:28.354+0000] {logging_mixin.py:188} INFO - [2024-05-05T15:59:28.353+0000] {dag.py:3096} INFO - Sync 1 DAGs
[2024-05-05T15:59:28.420+0000] {logging_mixin.py:188} INFO - [2024-05-05T15:59:28.419+0000] {dag.py:3954} INFO - Setting next_dagrun for tutorial_taskflow_api to None, run_after=None
[2024-05-05T15:59:28.562+0000] {processor.py:183} INFO - Processing /home/airflow/.local/lib/python3.12/site-packages/airflow/example_dags/tutorial_taskflow_api.py took 0.317 seconds
[2024-05-05T16:00:03.936+0000] {processor.py:161} INFO - Started process (PID=3120) to work on /home/airflow/.local/lib/python3.12/site-packages/airflow/example_dags/tutorial_taskflow_api.py
[2024-05-05T16:00:03.967+0000] {processor.py:830} INFO - Processing file /home/airflow/.local/lib/python3.12/site-packages/airflow/example_dags/tutorial_taskflow_api.py for tasks to queue
[2024-05-05T16:00:03.979+0000] {logging_mixin.py:188} INFO - [2024-05-05T16:00:03.978+0000] {dagbag.py:540} INFO - Filling up the DagBag from /home/airflow/.local/lib/python3.12/site-packages/airflow/example_dags/tutorial_taskflow_api.py
[2024-05-05T16:00:04.050+0000] {processor.py:840} INFO - DAG(s) 'tutorial_taskflow_api' retrieved from /home/airflow/.local/lib/python3.12/site-packages/airflow/example_dags/tutorial_taskflow_api.py
[2024-05-05T16:00:04.204+0000] {logging_mixin.py:188} INFO - [2024-05-05T16:00:04.204+0000] {dag.py:3096} INFO - Sync 1 DAGs
[2024-05-05T16:00:04.319+0000] {logging_mixin.py:188} INFO - [2024-05-05T16:00:04.312+0000] {dag.py:3954} INFO - Setting next_dagrun for tutorial_taskflow_api to None, run_after=None
[2024-05-05T16:00:04.492+0000] {processor.py:183} INFO - Processing /home/airflow/.local/lib/python3.12/site-packages/airflow/example_dags/tutorial_taskflow_api.py took 0.613 seconds
