[2024-05-05T15:33:29.737+0000] {processor.py:161} INFO - Started process (PID=65) to work on /home/airflow/.local/lib/python3.12/site-packages/airflow/example_dags/tutorial_dag.py
[2024-05-05T15:33:29.738+0000] {processor.py:830} INFO - Processing file /home/airflow/.local/lib/python3.12/site-packages/airflow/example_dags/tutorial_dag.py for tasks to queue
[2024-05-05T15:33:29.740+0000] {logging_mixin.py:188} INFO - [2024-05-05T15:33:29.739+0000] {dagbag.py:540} INFO - Filling up the DagBag from /home/airflow/.local/lib/python3.12/site-packages/airflow/example_dags/tutorial_dag.py
[2024-05-05T15:33:29.754+0000] {processor.py:840} INFO - DAG(s) 'tutorial_dag' retrieved from /home/airflow/.local/lib/python3.12/site-packages/airflow/example_dags/tutorial_dag.py
[2024-05-05T15:33:30.334+0000] {logging_mixin.py:188} INFO - [2024-05-05T15:33:30.333+0000] {override.py:1829} INFO - Created Permission View: can edit on DAG:tutorial_dag
[2024-05-05T15:33:30.368+0000] {logging_mixin.py:188} INFO - [2024-05-05T15:33:30.367+0000] {override.py:1829} INFO - Created Permission View: can read on DAG:tutorial_dag
[2024-05-05T15:33:30.384+0000] {logging_mixin.py:188} INFO - [2024-05-05T15:33:30.384+0000] {override.py:1829} INFO - Created Permission View: can delete on DAG:tutorial_dag
[2024-05-05T15:33:30.385+0000] {logging_mixin.py:188} INFO - [2024-05-05T15:33:30.385+0000] {dag.py:3096} INFO - Sync 1 DAGs
[2024-05-05T15:33:30.427+0000] {logging_mixin.py:188} INFO - [2024-05-05T15:33:30.427+0000] {dag.py:3118} INFO - Creating ORM DAG for tutorial_dag
[2024-05-05T15:33:30.432+0000] {logging_mixin.py:188} INFO - [2024-05-05T15:33:30.432+0000] {dag.py:3954} INFO - Setting next_dagrun for tutorial_dag to None, run_after=None
[2024-05-05T15:33:30.504+0000] {processor.py:183} INFO - Processing /home/airflow/.local/lib/python3.12/site-packages/airflow/example_dags/tutorial_dag.py took 0.792 seconds
[2024-05-05T15:34:00.653+0000] {processor.py:161} INFO - Started process (PID=123) to work on /home/airflow/.local/lib/python3.12/site-packages/airflow/example_dags/tutorial_dag.py
[2024-05-05T15:34:00.654+0000] {processor.py:830} INFO - Processing file /home/airflow/.local/lib/python3.12/site-packages/airflow/example_dags/tutorial_dag.py for tasks to queue
[2024-05-05T15:34:00.655+0000] {logging_mixin.py:188} INFO - [2024-05-05T15:34:00.655+0000] {dagbag.py:540} INFO - Filling up the DagBag from /home/airflow/.local/lib/python3.12/site-packages/airflow/example_dags/tutorial_dag.py
[2024-05-05T15:34:00.659+0000] {processor.py:840} INFO - DAG(s) 'tutorial_dag' retrieved from /home/airflow/.local/lib/python3.12/site-packages/airflow/example_dags/tutorial_dag.py
[2024-05-05T15:34:00.675+0000] {logging_mixin.py:188} INFO - [2024-05-05T15:34:00.675+0000] {dag.py:3096} INFO - Sync 1 DAGs
[2024-05-05T15:34:00.685+0000] {logging_mixin.py:188} INFO - [2024-05-05T15:34:00.685+0000] {dag.py:3954} INFO - Setting next_dagrun for tutorial_dag to None, run_after=None
[2024-05-05T15:34:00.704+0000] {processor.py:183} INFO - Processing /home/airflow/.local/lib/python3.12/site-packages/airflow/example_dags/tutorial_dag.py took 0.056 seconds
[2024-05-05T15:34:31.081+0000] {processor.py:161} INFO - Started process (PID=181) to work on /home/airflow/.local/lib/python3.12/site-packages/airflow/example_dags/tutorial_dag.py
[2024-05-05T15:34:31.082+0000] {processor.py:830} INFO - Processing file /home/airflow/.local/lib/python3.12/site-packages/airflow/example_dags/tutorial_dag.py for tasks to queue
[2024-05-05T15:34:31.084+0000] {logging_mixin.py:188} INFO - [2024-05-05T15:34:31.084+0000] {dagbag.py:540} INFO - Filling up the DagBag from /home/airflow/.local/lib/python3.12/site-packages/airflow/example_dags/tutorial_dag.py
[2024-05-05T15:34:31.100+0000] {processor.py:840} INFO - DAG(s) 'tutorial_dag' retrieved from /home/airflow/.local/lib/python3.12/site-packages/airflow/example_dags/tutorial_dag.py
[2024-05-05T15:34:31.129+0000] {logging_mixin.py:188} INFO - [2024-05-05T15:34:31.128+0000] {dag.py:3096} INFO - Sync 1 DAGs
[2024-05-05T15:34:31.169+0000] {logging_mixin.py:188} INFO - [2024-05-05T15:34:31.168+0000] {dag.py:3954} INFO - Setting next_dagrun for tutorial_dag to None, run_after=None
[2024-05-05T15:34:31.192+0000] {processor.py:183} INFO - Processing /home/airflow/.local/lib/python3.12/site-packages/airflow/example_dags/tutorial_dag.py took 0.123 seconds
[2024-05-05T15:35:01.647+0000] {processor.py:161} INFO - Started process (PID=238) to work on /home/airflow/.local/lib/python3.12/site-packages/airflow/example_dags/tutorial_dag.py
[2024-05-05T15:35:01.648+0000] {processor.py:830} INFO - Processing file /home/airflow/.local/lib/python3.12/site-packages/airflow/example_dags/tutorial_dag.py for tasks to queue
[2024-05-05T15:35:01.650+0000] {logging_mixin.py:188} INFO - [2024-05-05T15:35:01.649+0000] {dagbag.py:540} INFO - Filling up the DagBag from /home/airflow/.local/lib/python3.12/site-packages/airflow/example_dags/tutorial_dag.py
[2024-05-05T15:35:01.654+0000] {processor.py:840} INFO - DAG(s) 'tutorial_dag' retrieved from /home/airflow/.local/lib/python3.12/site-packages/airflow/example_dags/tutorial_dag.py
[2024-05-05T15:35:01.672+0000] {logging_mixin.py:188} INFO - [2024-05-05T15:35:01.672+0000] {dag.py:3096} INFO - Sync 1 DAGs
[2024-05-05T15:35:01.684+0000] {logging_mixin.py:188} INFO - [2024-05-05T15:35:01.683+0000] {dag.py:3954} INFO - Setting next_dagrun for tutorial_dag to None, run_after=None
[2024-05-05T15:35:01.704+0000] {processor.py:183} INFO - Processing /home/airflow/.local/lib/python3.12/site-packages/airflow/example_dags/tutorial_dag.py took 0.062 seconds
[2024-05-05T15:35:32.154+0000] {processor.py:161} INFO - Started process (PID=296) to work on /home/airflow/.local/lib/python3.12/site-packages/airflow/example_dags/tutorial_dag.py
[2024-05-05T15:35:32.154+0000] {processor.py:830} INFO - Processing file /home/airflow/.local/lib/python3.12/site-packages/airflow/example_dags/tutorial_dag.py for tasks to queue
[2024-05-05T15:35:32.156+0000] {logging_mixin.py:188} INFO - [2024-05-05T15:35:32.155+0000] {dagbag.py:540} INFO - Filling up the DagBag from /home/airflow/.local/lib/python3.12/site-packages/airflow/example_dags/tutorial_dag.py
[2024-05-05T15:35:32.160+0000] {processor.py:840} INFO - DAG(s) 'tutorial_dag' retrieved from /home/airflow/.local/lib/python3.12/site-packages/airflow/example_dags/tutorial_dag.py
[2024-05-05T15:35:32.175+0000] {logging_mixin.py:188} INFO - [2024-05-05T15:35:32.175+0000] {dag.py:3096} INFO - Sync 1 DAGs
[2024-05-05T15:35:32.186+0000] {logging_mixin.py:188} INFO - [2024-05-05T15:35:32.186+0000] {dag.py:3954} INFO - Setting next_dagrun for tutorial_dag to None, run_after=None
[2024-05-05T15:35:32.206+0000] {processor.py:183} INFO - Processing /home/airflow/.local/lib/python3.12/site-packages/airflow/example_dags/tutorial_dag.py took 0.057 seconds
[2024-05-05T15:36:02.538+0000] {processor.py:161} INFO - Started process (PID=354) to work on /home/airflow/.local/lib/python3.12/site-packages/airflow/example_dags/tutorial_dag.py
[2024-05-05T15:36:02.539+0000] {processor.py:830} INFO - Processing file /home/airflow/.local/lib/python3.12/site-packages/airflow/example_dags/tutorial_dag.py for tasks to queue
[2024-05-05T15:36:02.541+0000] {logging_mixin.py:188} INFO - [2024-05-05T15:36:02.541+0000] {dagbag.py:540} INFO - Filling up the DagBag from /home/airflow/.local/lib/python3.12/site-packages/airflow/example_dags/tutorial_dag.py
[2024-05-05T15:36:02.547+0000] {processor.py:840} INFO - DAG(s) 'tutorial_dag' retrieved from /home/airflow/.local/lib/python3.12/site-packages/airflow/example_dags/tutorial_dag.py
[2024-05-05T15:36:02.570+0000] {logging_mixin.py:188} INFO - [2024-05-05T15:36:02.569+0000] {dag.py:3096} INFO - Sync 1 DAGs
[2024-05-05T15:36:02.584+0000] {logging_mixin.py:188} INFO - [2024-05-05T15:36:02.584+0000] {dag.py:3954} INFO - Setting next_dagrun for tutorial_dag to None, run_after=None
[2024-05-05T15:36:02.608+0000] {processor.py:183} INFO - Processing /home/airflow/.local/lib/python3.12/site-packages/airflow/example_dags/tutorial_dag.py took 0.076 seconds
[2024-05-05T15:36:32.760+0000] {processor.py:161} INFO - Started process (PID=413) to work on /home/airflow/.local/lib/python3.12/site-packages/airflow/example_dags/tutorial_dag.py
[2024-05-05T15:36:32.761+0000] {processor.py:830} INFO - Processing file /home/airflow/.local/lib/python3.12/site-packages/airflow/example_dags/tutorial_dag.py for tasks to queue
[2024-05-05T15:36:32.763+0000] {logging_mixin.py:188} INFO - [2024-05-05T15:36:32.763+0000] {dagbag.py:540} INFO - Filling up the DagBag from /home/airflow/.local/lib/python3.12/site-packages/airflow/example_dags/tutorial_dag.py
[2024-05-05T15:36:32.775+0000] {processor.py:840} INFO - DAG(s) 'tutorial_dag' retrieved from /home/airflow/.local/lib/python3.12/site-packages/airflow/example_dags/tutorial_dag.py
[2024-05-05T15:36:32.871+0000] {logging_mixin.py:188} INFO - [2024-05-05T15:36:32.870+0000] {dag.py:3096} INFO - Sync 1 DAGs
[2024-05-05T15:36:32.935+0000] {logging_mixin.py:188} INFO - [2024-05-05T15:36:32.935+0000] {dag.py:3954} INFO - Setting next_dagrun for tutorial_dag to None, run_after=None
[2024-05-05T15:36:33.003+0000] {processor.py:183} INFO - Processing /home/airflow/.local/lib/python3.12/site-packages/airflow/example_dags/tutorial_dag.py took 0.273 seconds
[2024-05-05T15:37:03.802+0000] {processor.py:161} INFO - Started process (PID=471) to work on /home/airflow/.local/lib/python3.12/site-packages/airflow/example_dags/tutorial_dag.py
[2024-05-05T15:37:03.803+0000] {processor.py:830} INFO - Processing file /home/airflow/.local/lib/python3.12/site-packages/airflow/example_dags/tutorial_dag.py for tasks to queue
[2024-05-05T15:37:03.805+0000] {logging_mixin.py:188} INFO - [2024-05-05T15:37:03.805+0000] {dagbag.py:540} INFO - Filling up the DagBag from /home/airflow/.local/lib/python3.12/site-packages/airflow/example_dags/tutorial_dag.py
[2024-05-05T15:37:03.812+0000] {processor.py:840} INFO - DAG(s) 'tutorial_dag' retrieved from /home/airflow/.local/lib/python3.12/site-packages/airflow/example_dags/tutorial_dag.py
[2024-05-05T15:37:03.834+0000] {logging_mixin.py:188} INFO - [2024-05-05T15:37:03.834+0000] {dag.py:3096} INFO - Sync 1 DAGs
[2024-05-05T15:37:03.848+0000] {logging_mixin.py:188} INFO - [2024-05-05T15:37:03.848+0000] {dag.py:3954} INFO - Setting next_dagrun for tutorial_dag to None, run_after=None
[2024-05-05T15:37:03.875+0000] {processor.py:183} INFO - Processing /home/airflow/.local/lib/python3.12/site-packages/airflow/example_dags/tutorial_dag.py took 0.079 seconds
[2024-05-05T15:37:34.484+0000] {processor.py:161} INFO - Started process (PID=530) to work on /home/airflow/.local/lib/python3.12/site-packages/airflow/example_dags/tutorial_dag.py
[2024-05-05T15:37:34.485+0000] {processor.py:830} INFO - Processing file /home/airflow/.local/lib/python3.12/site-packages/airflow/example_dags/tutorial_dag.py for tasks to queue
[2024-05-05T15:37:34.487+0000] {logging_mixin.py:188} INFO - [2024-05-05T15:37:34.486+0000] {dagbag.py:540} INFO - Filling up the DagBag from /home/airflow/.local/lib/python3.12/site-packages/airflow/example_dags/tutorial_dag.py
[2024-05-05T15:37:34.492+0000] {processor.py:840} INFO - DAG(s) 'tutorial_dag' retrieved from /home/airflow/.local/lib/python3.12/site-packages/airflow/example_dags/tutorial_dag.py
[2024-05-05T15:37:34.513+0000] {logging_mixin.py:188} INFO - [2024-05-05T15:37:34.513+0000] {dag.py:3096} INFO - Sync 1 DAGs
[2024-05-05T15:37:34.530+0000] {logging_mixin.py:188} INFO - [2024-05-05T15:37:34.530+0000] {dag.py:3954} INFO - Setting next_dagrun for tutorial_dag to None, run_after=None
[2024-05-05T15:37:34.558+0000] {processor.py:183} INFO - Processing /home/airflow/.local/lib/python3.12/site-packages/airflow/example_dags/tutorial_dag.py took 0.080 seconds
[2024-05-05T15:38:05.433+0000] {processor.py:161} INFO - Started process (PID=589) to work on /home/airflow/.local/lib/python3.12/site-packages/airflow/example_dags/tutorial_dag.py
[2024-05-05T15:38:05.434+0000] {processor.py:830} INFO - Processing file /home/airflow/.local/lib/python3.12/site-packages/airflow/example_dags/tutorial_dag.py for tasks to queue
[2024-05-05T15:38:05.436+0000] {logging_mixin.py:188} INFO - [2024-05-05T15:38:05.436+0000] {dagbag.py:540} INFO - Filling up the DagBag from /home/airflow/.local/lib/python3.12/site-packages/airflow/example_dags/tutorial_dag.py
[2024-05-05T15:38:05.442+0000] {processor.py:840} INFO - DAG(s) 'tutorial_dag' retrieved from /home/airflow/.local/lib/python3.12/site-packages/airflow/example_dags/tutorial_dag.py
[2024-05-05T15:38:05.466+0000] {logging_mixin.py:188} INFO - [2024-05-05T15:38:05.465+0000] {dag.py:3096} INFO - Sync 1 DAGs
[2024-05-05T15:38:05.481+0000] {logging_mixin.py:188} INFO - [2024-05-05T15:38:05.481+0000] {dag.py:3954} INFO - Setting next_dagrun for tutorial_dag to None, run_after=None
[2024-05-05T15:38:05.506+0000] {processor.py:183} INFO - Processing /home/airflow/.local/lib/python3.12/site-packages/airflow/example_dags/tutorial_dag.py took 0.080 seconds
[2024-05-05T15:38:35.575+0000] {processor.py:161} INFO - Started process (PID=647) to work on /home/airflow/.local/lib/python3.12/site-packages/airflow/example_dags/tutorial_dag.py
[2024-05-05T15:38:35.576+0000] {processor.py:830} INFO - Processing file /home/airflow/.local/lib/python3.12/site-packages/airflow/example_dags/tutorial_dag.py for tasks to queue
[2024-05-05T15:38:35.578+0000] {logging_mixin.py:188} INFO - [2024-05-05T15:38:35.578+0000] {dagbag.py:540} INFO - Filling up the DagBag from /home/airflow/.local/lib/python3.12/site-packages/airflow/example_dags/tutorial_dag.py
[2024-05-05T15:38:35.584+0000] {processor.py:840} INFO - DAG(s) 'tutorial_dag' retrieved from /home/airflow/.local/lib/python3.12/site-packages/airflow/example_dags/tutorial_dag.py
[2024-05-05T15:38:35.606+0000] {logging_mixin.py:188} INFO - [2024-05-05T15:38:35.606+0000] {dag.py:3096} INFO - Sync 1 DAGs
[2024-05-05T15:38:35.622+0000] {logging_mixin.py:188} INFO - [2024-05-05T15:38:35.621+0000] {dag.py:3954} INFO - Setting next_dagrun for tutorial_dag to None, run_after=None
[2024-05-05T15:38:35.647+0000] {processor.py:183} INFO - Processing /home/airflow/.local/lib/python3.12/site-packages/airflow/example_dags/tutorial_dag.py took 0.079 seconds
[2024-05-05T15:39:05.733+0000] {processor.py:161} INFO - Started process (PID=705) to work on /home/airflow/.local/lib/python3.12/site-packages/airflow/example_dags/tutorial_dag.py
[2024-05-05T15:39:05.734+0000] {processor.py:830} INFO - Processing file /home/airflow/.local/lib/python3.12/site-packages/airflow/example_dags/tutorial_dag.py for tasks to queue
[2024-05-05T15:39:05.736+0000] {logging_mixin.py:188} INFO - [2024-05-05T15:39:05.736+0000] {dagbag.py:540} INFO - Filling up the DagBag from /home/airflow/.local/lib/python3.12/site-packages/airflow/example_dags/tutorial_dag.py
[2024-05-05T15:39:05.756+0000] {processor.py:840} INFO - DAG(s) 'tutorial_dag' retrieved from /home/airflow/.local/lib/python3.12/site-packages/airflow/example_dags/tutorial_dag.py
[2024-05-05T15:39:05.805+0000] {logging_mixin.py:188} INFO - [2024-05-05T15:39:05.805+0000] {dag.py:3096} INFO - Sync 1 DAGs
[2024-05-05T15:39:05.822+0000] {logging_mixin.py:188} INFO - [2024-05-05T15:39:05.821+0000] {dag.py:3954} INFO - Setting next_dagrun for tutorial_dag to None, run_after=None
[2024-05-05T15:39:05.850+0000] {processor.py:183} INFO - Processing /home/airflow/.local/lib/python3.12/site-packages/airflow/example_dags/tutorial_dag.py took 0.123 seconds
[2024-05-05T15:39:36.635+0000] {processor.py:161} INFO - Started process (PID=764) to work on /home/airflow/.local/lib/python3.12/site-packages/airflow/example_dags/tutorial_dag.py
[2024-05-05T15:39:36.636+0000] {processor.py:830} INFO - Processing file /home/airflow/.local/lib/python3.12/site-packages/airflow/example_dags/tutorial_dag.py for tasks to queue
[2024-05-05T15:39:36.637+0000] {logging_mixin.py:188} INFO - [2024-05-05T15:39:36.637+0000] {dagbag.py:540} INFO - Filling up the DagBag from /home/airflow/.local/lib/python3.12/site-packages/airflow/example_dags/tutorial_dag.py
[2024-05-05T15:39:36.643+0000] {processor.py:840} INFO - DAG(s) 'tutorial_dag' retrieved from /home/airflow/.local/lib/python3.12/site-packages/airflow/example_dags/tutorial_dag.py
[2024-05-05T15:39:36.667+0000] {logging_mixin.py:188} INFO - [2024-05-05T15:39:36.667+0000] {dag.py:3096} INFO - Sync 1 DAGs
[2024-05-05T15:39:36.683+0000] {logging_mixin.py:188} INFO - [2024-05-05T15:39:36.682+0000] {dag.py:3954} INFO - Setting next_dagrun for tutorial_dag to None, run_after=None
[2024-05-05T15:39:36.712+0000] {processor.py:183} INFO - Processing /home/airflow/.local/lib/python3.12/site-packages/airflow/example_dags/tutorial_dag.py took 0.086 seconds
[2024-05-05T15:40:07.641+0000] {processor.py:161} INFO - Started process (PID=821) to work on /home/airflow/.local/lib/python3.12/site-packages/airflow/example_dags/tutorial_dag.py
[2024-05-05T15:40:07.642+0000] {processor.py:830} INFO - Processing file /home/airflow/.local/lib/python3.12/site-packages/airflow/example_dags/tutorial_dag.py for tasks to queue
[2024-05-05T15:40:07.644+0000] {logging_mixin.py:188} INFO - [2024-05-05T15:40:07.644+0000] {dagbag.py:540} INFO - Filling up the DagBag from /home/airflow/.local/lib/python3.12/site-packages/airflow/example_dags/tutorial_dag.py
[2024-05-05T15:40:07.652+0000] {processor.py:840} INFO - DAG(s) 'tutorial_dag' retrieved from /home/airflow/.local/lib/python3.12/site-packages/airflow/example_dags/tutorial_dag.py
[2024-05-05T15:40:07.676+0000] {logging_mixin.py:188} INFO - [2024-05-05T15:40:07.675+0000] {dag.py:3096} INFO - Sync 1 DAGs
[2024-05-05T15:40:07.692+0000] {logging_mixin.py:188} INFO - [2024-05-05T15:40:07.691+0000] {dag.py:3954} INFO - Setting next_dagrun for tutorial_dag to None, run_after=None
[2024-05-05T15:40:07.720+0000] {processor.py:183} INFO - Processing /home/airflow/.local/lib/python3.12/site-packages/airflow/example_dags/tutorial_dag.py took 0.085 seconds
[2024-05-05T15:40:38.166+0000] {processor.py:161} INFO - Started process (PID=879) to work on /home/airflow/.local/lib/python3.12/site-packages/airflow/example_dags/tutorial_dag.py
[2024-05-05T15:40:38.167+0000] {processor.py:830} INFO - Processing file /home/airflow/.local/lib/python3.12/site-packages/airflow/example_dags/tutorial_dag.py for tasks to queue
[2024-05-05T15:40:38.169+0000] {logging_mixin.py:188} INFO - [2024-05-05T15:40:38.169+0000] {dagbag.py:540} INFO - Filling up the DagBag from /home/airflow/.local/lib/python3.12/site-packages/airflow/example_dags/tutorial_dag.py
[2024-05-05T15:40:38.181+0000] {processor.py:840} INFO - DAG(s) 'tutorial_dag' retrieved from /home/airflow/.local/lib/python3.12/site-packages/airflow/example_dags/tutorial_dag.py
[2024-05-05T15:40:38.223+0000] {logging_mixin.py:188} INFO - [2024-05-05T15:40:38.222+0000] {dag.py:3096} INFO - Sync 1 DAGs
[2024-05-05T15:40:38.541+0000] {logging_mixin.py:188} INFO - [2024-05-05T15:40:38.541+0000] {dag.py:3954} INFO - Setting next_dagrun for tutorial_dag to None, run_after=None
[2024-05-05T15:40:38.579+0000] {processor.py:183} INFO - Processing /home/airflow/.local/lib/python3.12/site-packages/airflow/example_dags/tutorial_dag.py took 0.432 seconds
[2024-05-05T15:41:09.981+0000] {processor.py:161} INFO - Started process (PID=936) to work on /home/airflow/.local/lib/python3.12/site-packages/airflow/example_dags/tutorial_dag.py
[2024-05-05T15:41:09.982+0000] {processor.py:830} INFO - Processing file /home/airflow/.local/lib/python3.12/site-packages/airflow/example_dags/tutorial_dag.py for tasks to queue
[2024-05-05T15:41:09.984+0000] {logging_mixin.py:188} INFO - [2024-05-05T15:41:09.984+0000] {dagbag.py:540} INFO - Filling up the DagBag from /home/airflow/.local/lib/python3.12/site-packages/airflow/example_dags/tutorial_dag.py
[2024-05-05T15:41:09.998+0000] {processor.py:840} INFO - DAG(s) 'tutorial_dag' retrieved from /home/airflow/.local/lib/python3.12/site-packages/airflow/example_dags/tutorial_dag.py
[2024-05-05T15:41:10.080+0000] {logging_mixin.py:188} INFO - [2024-05-05T15:41:10.080+0000] {dag.py:3096} INFO - Sync 1 DAGs
[2024-05-05T15:41:10.919+0000] {logging_mixin.py:188} INFO - [2024-05-05T15:41:10.918+0000] {dag.py:3954} INFO - Setting next_dagrun for tutorial_dag to None, run_after=None
[2024-05-05T15:41:10.977+0000] {processor.py:183} INFO - Processing /home/airflow/.local/lib/python3.12/site-packages/airflow/example_dags/tutorial_dag.py took 1.027 seconds
[2024-05-05T15:41:41.365+0000] {processor.py:161} INFO - Started process (PID=995) to work on /home/airflow/.local/lib/python3.12/site-packages/airflow/example_dags/tutorial_dag.py
[2024-05-05T15:41:41.365+0000] {processor.py:830} INFO - Processing file /home/airflow/.local/lib/python3.12/site-packages/airflow/example_dags/tutorial_dag.py for tasks to queue
[2024-05-05T15:41:41.367+0000] {logging_mixin.py:188} INFO - [2024-05-05T15:41:41.367+0000] {dagbag.py:540} INFO - Filling up the DagBag from /home/airflow/.local/lib/python3.12/site-packages/airflow/example_dags/tutorial_dag.py
[2024-05-05T15:41:41.378+0000] {processor.py:840} INFO - DAG(s) 'tutorial_dag' retrieved from /home/airflow/.local/lib/python3.12/site-packages/airflow/example_dags/tutorial_dag.py
[2024-05-05T15:41:41.410+0000] {logging_mixin.py:188} INFO - [2024-05-05T15:41:41.409+0000] {dag.py:3096} INFO - Sync 1 DAGs
[2024-05-05T15:41:41.448+0000] {logging_mixin.py:188} INFO - [2024-05-05T15:41:41.437+0000] {dag.py:3954} INFO - Setting next_dagrun for tutorial_dag to None, run_after=None
[2024-05-05T15:41:41.488+0000] {processor.py:183} INFO - Processing /home/airflow/.local/lib/python3.12/site-packages/airflow/example_dags/tutorial_dag.py took 0.147 seconds
[2024-05-05T15:42:12.486+0000] {processor.py:161} INFO - Started process (PID=1054) to work on /home/airflow/.local/lib/python3.12/site-packages/airflow/example_dags/tutorial_dag.py
[2024-05-05T15:42:12.486+0000] {processor.py:830} INFO - Processing file /home/airflow/.local/lib/python3.12/site-packages/airflow/example_dags/tutorial_dag.py for tasks to queue
[2024-05-05T15:42:12.488+0000] {logging_mixin.py:188} INFO - [2024-05-05T15:42:12.488+0000] {dagbag.py:540} INFO - Filling up the DagBag from /home/airflow/.local/lib/python3.12/site-packages/airflow/example_dags/tutorial_dag.py
[2024-05-05T15:42:12.494+0000] {processor.py:840} INFO - DAG(s) 'tutorial_dag' retrieved from /home/airflow/.local/lib/python3.12/site-packages/airflow/example_dags/tutorial_dag.py
[2024-05-05T15:42:12.534+0000] {logging_mixin.py:188} INFO - [2024-05-05T15:42:12.534+0000] {dag.py:3096} INFO - Sync 1 DAGs
[2024-05-05T15:42:12.550+0000] {logging_mixin.py:188} INFO - [2024-05-05T15:42:12.550+0000] {dag.py:3954} INFO - Setting next_dagrun for tutorial_dag to None, run_after=None
[2024-05-05T15:42:12.574+0000] {processor.py:183} INFO - Processing /home/airflow/.local/lib/python3.12/site-packages/airflow/example_dags/tutorial_dag.py took 0.096 seconds
[2024-05-05T15:42:42.667+0000] {processor.py:161} INFO - Started process (PID=1112) to work on /home/airflow/.local/lib/python3.12/site-packages/airflow/example_dags/tutorial_dag.py
[2024-05-05T15:42:42.672+0000] {processor.py:830} INFO - Processing file /home/airflow/.local/lib/python3.12/site-packages/airflow/example_dags/tutorial_dag.py for tasks to queue
[2024-05-05T15:42:42.674+0000] {logging_mixin.py:188} INFO - [2024-05-05T15:42:42.673+0000] {dagbag.py:540} INFO - Filling up the DagBag from /home/airflow/.local/lib/python3.12/site-packages/airflow/example_dags/tutorial_dag.py
[2024-05-05T15:42:42.684+0000] {processor.py:840} INFO - DAG(s) 'tutorial_dag' retrieved from /home/airflow/.local/lib/python3.12/site-packages/airflow/example_dags/tutorial_dag.py
[2024-05-05T15:42:42.746+0000] {logging_mixin.py:188} INFO - [2024-05-05T15:42:42.746+0000] {dag.py:3096} INFO - Sync 1 DAGs
[2024-05-05T15:42:42.770+0000] {logging_mixin.py:188} INFO - [2024-05-05T15:42:42.770+0000] {dag.py:3954} INFO - Setting next_dagrun for tutorial_dag to None, run_after=None
[2024-05-05T15:42:42.809+0000] {processor.py:183} INFO - Processing /home/airflow/.local/lib/python3.12/site-packages/airflow/example_dags/tutorial_dag.py took 0.158 seconds
[2024-05-05T15:43:13.051+0000] {processor.py:161} INFO - Started process (PID=1170) to work on /home/airflow/.local/lib/python3.12/site-packages/airflow/example_dags/tutorial_dag.py
[2024-05-05T15:43:13.056+0000] {processor.py:830} INFO - Processing file /home/airflow/.local/lib/python3.12/site-packages/airflow/example_dags/tutorial_dag.py for tasks to queue
[2024-05-05T15:43:13.058+0000] {logging_mixin.py:188} INFO - [2024-05-05T15:43:13.057+0000] {dagbag.py:540} INFO - Filling up the DagBag from /home/airflow/.local/lib/python3.12/site-packages/airflow/example_dags/tutorial_dag.py
[2024-05-05T15:43:13.072+0000] {processor.py:840} INFO - DAG(s) 'tutorial_dag' retrieved from /home/airflow/.local/lib/python3.12/site-packages/airflow/example_dags/tutorial_dag.py
[2024-05-05T15:43:13.113+0000] {logging_mixin.py:188} INFO - [2024-05-05T15:43:13.112+0000] {dag.py:3096} INFO - Sync 1 DAGs
[2024-05-05T15:43:13.142+0000] {logging_mixin.py:188} INFO - [2024-05-05T15:43:13.142+0000] {dag.py:3954} INFO - Setting next_dagrun for tutorial_dag to None, run_after=None
[2024-05-05T15:43:13.212+0000] {processor.py:183} INFO - Processing /home/airflow/.local/lib/python3.12/site-packages/airflow/example_dags/tutorial_dag.py took 0.184 seconds
[2024-05-05T15:43:43.838+0000] {processor.py:161} INFO - Started process (PID=1228) to work on /home/airflow/.local/lib/python3.12/site-packages/airflow/example_dags/tutorial_dag.py
[2024-05-05T15:43:43.839+0000] {processor.py:830} INFO - Processing file /home/airflow/.local/lib/python3.12/site-packages/airflow/example_dags/tutorial_dag.py for tasks to queue
[2024-05-05T15:43:43.841+0000] {logging_mixin.py:188} INFO - [2024-05-05T15:43:43.840+0000] {dagbag.py:540} INFO - Filling up the DagBag from /home/airflow/.local/lib/python3.12/site-packages/airflow/example_dags/tutorial_dag.py
[2024-05-05T15:43:43.857+0000] {processor.py:840} INFO - DAG(s) 'tutorial_dag' retrieved from /home/airflow/.local/lib/python3.12/site-packages/airflow/example_dags/tutorial_dag.py
[2024-05-05T15:43:43.947+0000] {logging_mixin.py:188} INFO - [2024-05-05T15:43:43.947+0000] {dag.py:3096} INFO - Sync 1 DAGs
[2024-05-05T15:43:44.042+0000] {logging_mixin.py:188} INFO - [2024-05-05T15:43:44.041+0000] {dag.py:3954} INFO - Setting next_dagrun for tutorial_dag to None, run_after=None
[2024-05-05T15:43:44.200+0000] {processor.py:183} INFO - Processing /home/airflow/.local/lib/python3.12/site-packages/airflow/example_dags/tutorial_dag.py took 0.390 seconds
[2024-05-05T15:44:14.363+0000] {processor.py:161} INFO - Started process (PID=1286) to work on /home/airflow/.local/lib/python3.12/site-packages/airflow/example_dags/tutorial_dag.py
[2024-05-05T15:44:14.364+0000] {processor.py:830} INFO - Processing file /home/airflow/.local/lib/python3.12/site-packages/airflow/example_dags/tutorial_dag.py for tasks to queue
[2024-05-05T15:44:14.366+0000] {logging_mixin.py:188} INFO - [2024-05-05T15:44:14.366+0000] {dagbag.py:540} INFO - Filling up the DagBag from /home/airflow/.local/lib/python3.12/site-packages/airflow/example_dags/tutorial_dag.py
[2024-05-05T15:44:14.372+0000] {processor.py:840} INFO - DAG(s) 'tutorial_dag' retrieved from /home/airflow/.local/lib/python3.12/site-packages/airflow/example_dags/tutorial_dag.py
[2024-05-05T15:44:14.394+0000] {logging_mixin.py:188} INFO - [2024-05-05T15:44:14.394+0000] {dag.py:3096} INFO - Sync 1 DAGs
[2024-05-05T15:44:14.410+0000] {logging_mixin.py:188} INFO - [2024-05-05T15:44:14.410+0000] {dag.py:3954} INFO - Setting next_dagrun for tutorial_dag to None, run_after=None
[2024-05-05T15:44:14.436+0000] {processor.py:183} INFO - Processing /home/airflow/.local/lib/python3.12/site-packages/airflow/example_dags/tutorial_dag.py took 0.080 seconds
[2024-05-05T15:44:44.949+0000] {processor.py:161} INFO - Started process (PID=1344) to work on /home/airflow/.local/lib/python3.12/site-packages/airflow/example_dags/tutorial_dag.py
[2024-05-05T15:44:44.955+0000] {processor.py:830} INFO - Processing file /home/airflow/.local/lib/python3.12/site-packages/airflow/example_dags/tutorial_dag.py for tasks to queue
[2024-05-05T15:44:44.958+0000] {logging_mixin.py:188} INFO - [2024-05-05T15:44:44.958+0000] {dagbag.py:540} INFO - Filling up the DagBag from /home/airflow/.local/lib/python3.12/site-packages/airflow/example_dags/tutorial_dag.py
[2024-05-05T15:44:44.973+0000] {processor.py:840} INFO - DAG(s) 'tutorial_dag' retrieved from /home/airflow/.local/lib/python3.12/site-packages/airflow/example_dags/tutorial_dag.py
[2024-05-05T15:44:45.007+0000] {logging_mixin.py:188} INFO - [2024-05-05T15:44:45.006+0000] {dag.py:3096} INFO - Sync 1 DAGs
[2024-05-05T15:44:45.020+0000] {logging_mixin.py:188} INFO - [2024-05-05T15:44:45.019+0000] {dag.py:3954} INFO - Setting next_dagrun for tutorial_dag to None, run_after=None
[2024-05-05T15:44:45.048+0000] {processor.py:183} INFO - Processing /home/airflow/.local/lib/python3.12/site-packages/airflow/example_dags/tutorial_dag.py took 0.108 seconds
[2024-05-05T15:45:15.990+0000] {processor.py:161} INFO - Started process (PID=1401) to work on /home/airflow/.local/lib/python3.12/site-packages/airflow/example_dags/tutorial_dag.py
[2024-05-05T15:45:15.991+0000] {processor.py:830} INFO - Processing file /home/airflow/.local/lib/python3.12/site-packages/airflow/example_dags/tutorial_dag.py for tasks to queue
[2024-05-05T15:45:16.005+0000] {logging_mixin.py:188} INFO - [2024-05-05T15:45:16.005+0000] {dagbag.py:540} INFO - Filling up the DagBag from /home/airflow/.local/lib/python3.12/site-packages/airflow/example_dags/tutorial_dag.py
[2024-05-05T15:45:16.030+0000] {processor.py:840} INFO - DAG(s) 'tutorial_dag' retrieved from /home/airflow/.local/lib/python3.12/site-packages/airflow/example_dags/tutorial_dag.py
[2024-05-05T15:45:16.161+0000] {logging_mixin.py:188} INFO - [2024-05-05T15:45:16.160+0000] {dag.py:3096} INFO - Sync 1 DAGs
[2024-05-05T15:45:16.209+0000] {logging_mixin.py:188} INFO - [2024-05-05T15:45:16.209+0000] {dag.py:3954} INFO - Setting next_dagrun for tutorial_dag to None, run_after=None
[2024-05-05T15:45:16.312+0000] {processor.py:183} INFO - Processing /home/airflow/.local/lib/python3.12/site-packages/airflow/example_dags/tutorial_dag.py took 0.351 seconds
[2024-05-05T15:45:46.524+0000] {processor.py:161} INFO - Started process (PID=1459) to work on /home/airflow/.local/lib/python3.12/site-packages/airflow/example_dags/tutorial_dag.py
[2024-05-05T15:45:46.528+0000] {processor.py:830} INFO - Processing file /home/airflow/.local/lib/python3.12/site-packages/airflow/example_dags/tutorial_dag.py for tasks to queue
[2024-05-05T15:45:46.536+0000] {logging_mixin.py:188} INFO - [2024-05-05T15:45:46.536+0000] {dagbag.py:540} INFO - Filling up the DagBag from /home/airflow/.local/lib/python3.12/site-packages/airflow/example_dags/tutorial_dag.py
[2024-05-05T15:45:46.542+0000] {processor.py:840} INFO - DAG(s) 'tutorial_dag' retrieved from /home/airflow/.local/lib/python3.12/site-packages/airflow/example_dags/tutorial_dag.py
[2024-05-05T15:45:46.570+0000] {logging_mixin.py:188} INFO - [2024-05-05T15:45:46.569+0000] {dag.py:3096} INFO - Sync 1 DAGs
[2024-05-05T15:45:46.597+0000] {logging_mixin.py:188} INFO - [2024-05-05T15:45:46.597+0000] {dag.py:3954} INFO - Setting next_dagrun for tutorial_dag to None, run_after=None
[2024-05-05T15:45:46.624+0000] {processor.py:183} INFO - Processing /home/airflow/.local/lib/python3.12/site-packages/airflow/example_dags/tutorial_dag.py took 0.126 seconds
[2024-05-05T15:46:17.368+0000] {processor.py:161} INFO - Started process (PID=1518) to work on /home/airflow/.local/lib/python3.12/site-packages/airflow/example_dags/tutorial_dag.py
[2024-05-05T15:46:17.369+0000] {processor.py:830} INFO - Processing file /home/airflow/.local/lib/python3.12/site-packages/airflow/example_dags/tutorial_dag.py for tasks to queue
[2024-05-05T15:46:17.371+0000] {logging_mixin.py:188} INFO - [2024-05-05T15:46:17.371+0000] {dagbag.py:540} INFO - Filling up the DagBag from /home/airflow/.local/lib/python3.12/site-packages/airflow/example_dags/tutorial_dag.py
[2024-05-05T15:46:17.381+0000] {processor.py:840} INFO - DAG(s) 'tutorial_dag' retrieved from /home/airflow/.local/lib/python3.12/site-packages/airflow/example_dags/tutorial_dag.py
[2024-05-05T15:46:17.407+0000] {logging_mixin.py:188} INFO - [2024-05-05T15:46:17.406+0000] {dag.py:3096} INFO - Sync 1 DAGs
[2024-05-05T15:46:17.422+0000] {logging_mixin.py:188} INFO - [2024-05-05T15:46:17.421+0000] {dag.py:3954} INFO - Setting next_dagrun for tutorial_dag to None, run_after=None
[2024-05-05T15:46:17.447+0000] {processor.py:183} INFO - Processing /home/airflow/.local/lib/python3.12/site-packages/airflow/example_dags/tutorial_dag.py took 0.089 seconds
[2024-05-05T15:46:47.773+0000] {processor.py:161} INFO - Started process (PID=1575) to work on /home/airflow/.local/lib/python3.12/site-packages/airflow/example_dags/tutorial_dag.py
[2024-05-05T15:46:47.773+0000] {processor.py:830} INFO - Processing file /home/airflow/.local/lib/python3.12/site-packages/airflow/example_dags/tutorial_dag.py for tasks to queue
[2024-05-05T15:46:47.775+0000] {logging_mixin.py:188} INFO - [2024-05-05T15:46:47.775+0000] {dagbag.py:540} INFO - Filling up the DagBag from /home/airflow/.local/lib/python3.12/site-packages/airflow/example_dags/tutorial_dag.py
[2024-05-05T15:46:47.781+0000] {processor.py:840} INFO - DAG(s) 'tutorial_dag' retrieved from /home/airflow/.local/lib/python3.12/site-packages/airflow/example_dags/tutorial_dag.py
[2024-05-05T15:46:47.802+0000] {logging_mixin.py:188} INFO - [2024-05-05T15:46:47.802+0000] {dag.py:3096} INFO - Sync 1 DAGs
[2024-05-05T15:46:47.818+0000] {logging_mixin.py:188} INFO - [2024-05-05T15:46:47.818+0000] {dag.py:3954} INFO - Setting next_dagrun for tutorial_dag to None, run_after=None
[2024-05-05T15:46:47.843+0000] {processor.py:183} INFO - Processing /home/airflow/.local/lib/python3.12/site-packages/airflow/example_dags/tutorial_dag.py took 0.075 seconds
[2024-05-05T15:47:18.071+0000] {processor.py:161} INFO - Started process (PID=1632) to work on /home/airflow/.local/lib/python3.12/site-packages/airflow/example_dags/tutorial_dag.py
[2024-05-05T15:47:18.072+0000] {processor.py:830} INFO - Processing file /home/airflow/.local/lib/python3.12/site-packages/airflow/example_dags/tutorial_dag.py for tasks to queue
[2024-05-05T15:47:18.074+0000] {logging_mixin.py:188} INFO - [2024-05-05T15:47:18.073+0000] {dagbag.py:540} INFO - Filling up the DagBag from /home/airflow/.local/lib/python3.12/site-packages/airflow/example_dags/tutorial_dag.py
[2024-05-05T15:47:18.079+0000] {processor.py:840} INFO - DAG(s) 'tutorial_dag' retrieved from /home/airflow/.local/lib/python3.12/site-packages/airflow/example_dags/tutorial_dag.py
[2024-05-05T15:47:18.100+0000] {logging_mixin.py:188} INFO - [2024-05-05T15:47:18.100+0000] {dag.py:3096} INFO - Sync 1 DAGs
[2024-05-05T15:47:18.115+0000] {logging_mixin.py:188} INFO - [2024-05-05T15:47:18.115+0000] {dag.py:3954} INFO - Setting next_dagrun for tutorial_dag to None, run_after=None
[2024-05-05T15:47:18.141+0000] {processor.py:183} INFO - Processing /home/airflow/.local/lib/python3.12/site-packages/airflow/example_dags/tutorial_dag.py took 0.077 seconds
[2024-05-05T15:47:49.613+0000] {processor.py:161} INFO - Started process (PID=1690) to work on /home/airflow/.local/lib/python3.12/site-packages/airflow/example_dags/tutorial_dag.py
[2024-05-05T15:47:49.614+0000] {processor.py:830} INFO - Processing file /home/airflow/.local/lib/python3.12/site-packages/airflow/example_dags/tutorial_dag.py for tasks to queue
[2024-05-05T15:47:49.617+0000] {logging_mixin.py:188} INFO - [2024-05-05T15:47:49.617+0000] {dagbag.py:540} INFO - Filling up the DagBag from /home/airflow/.local/lib/python3.12/site-packages/airflow/example_dags/tutorial_dag.py
[2024-05-05T15:47:49.632+0000] {processor.py:840} INFO - DAG(s) 'tutorial_dag' retrieved from /home/airflow/.local/lib/python3.12/site-packages/airflow/example_dags/tutorial_dag.py
[2024-05-05T15:47:49.669+0000] {logging_mixin.py:188} INFO - [2024-05-05T15:47:49.668+0000] {dag.py:3096} INFO - Sync 1 DAGs
[2024-05-05T15:47:49.691+0000] {logging_mixin.py:188} INFO - [2024-05-05T15:47:49.691+0000] {dag.py:3954} INFO - Setting next_dagrun for tutorial_dag to None, run_after=None
[2024-05-05T15:47:49.725+0000] {processor.py:183} INFO - Processing /home/airflow/.local/lib/python3.12/site-packages/airflow/example_dags/tutorial_dag.py took 0.131 seconds
[2024-05-05T15:48:21.097+0000] {processor.py:161} INFO - Started process (PID=1750) to work on /home/airflow/.local/lib/python3.12/site-packages/airflow/example_dags/tutorial_dag.py
[2024-05-05T15:48:21.099+0000] {processor.py:830} INFO - Processing file /home/airflow/.local/lib/python3.12/site-packages/airflow/example_dags/tutorial_dag.py for tasks to queue
[2024-05-05T15:48:21.105+0000] {logging_mixin.py:188} INFO - [2024-05-05T15:48:21.104+0000] {dagbag.py:540} INFO - Filling up the DagBag from /home/airflow/.local/lib/python3.12/site-packages/airflow/example_dags/tutorial_dag.py
[2024-05-05T15:48:21.120+0000] {processor.py:840} INFO - DAG(s) 'tutorial_dag' retrieved from /home/airflow/.local/lib/python3.12/site-packages/airflow/example_dags/tutorial_dag.py
[2024-05-05T15:48:21.192+0000] {logging_mixin.py:188} INFO - [2024-05-05T15:48:21.192+0000] {dag.py:3096} INFO - Sync 1 DAGs
[2024-05-05T15:48:21.277+0000] {logging_mixin.py:188} INFO - [2024-05-05T15:48:21.276+0000] {dag.py:3954} INFO - Setting next_dagrun for tutorial_dag to None, run_after=None
[2024-05-05T15:48:21.412+0000] {processor.py:183} INFO - Processing /home/airflow/.local/lib/python3.12/site-packages/airflow/example_dags/tutorial_dag.py took 0.346 seconds
[2024-05-05T15:48:52.446+0000] {processor.py:161} INFO - Started process (PID=1815) to work on /home/airflow/.local/lib/python3.12/site-packages/airflow/example_dags/tutorial_dag.py
[2024-05-05T15:48:52.447+0000] {processor.py:830} INFO - Processing file /home/airflow/.local/lib/python3.12/site-packages/airflow/example_dags/tutorial_dag.py for tasks to queue
[2024-05-05T15:48:52.451+0000] {logging_mixin.py:188} INFO - [2024-05-05T15:48:52.451+0000] {dagbag.py:540} INFO - Filling up the DagBag from /home/airflow/.local/lib/python3.12/site-packages/airflow/example_dags/tutorial_dag.py
[2024-05-05T15:48:52.457+0000] {processor.py:840} INFO - DAG(s) 'tutorial_dag' retrieved from /home/airflow/.local/lib/python3.12/site-packages/airflow/example_dags/tutorial_dag.py
[2024-05-05T15:48:52.481+0000] {logging_mixin.py:188} INFO - [2024-05-05T15:48:52.481+0000] {dag.py:3096} INFO - Sync 1 DAGs
[2024-05-05T15:48:52.497+0000] {logging_mixin.py:188} INFO - [2024-05-05T15:48:52.497+0000] {dag.py:3954} INFO - Setting next_dagrun for tutorial_dag to None, run_after=None
[2024-05-05T15:48:52.522+0000] {processor.py:183} INFO - Processing /home/airflow/.local/lib/python3.12/site-packages/airflow/example_dags/tutorial_dag.py took 0.088 seconds
[2024-05-05T15:49:23.275+0000] {processor.py:161} INFO - Started process (PID=1874) to work on /home/airflow/.local/lib/python3.12/site-packages/airflow/example_dags/tutorial_dag.py
[2024-05-05T15:49:23.276+0000] {processor.py:830} INFO - Processing file /home/airflow/.local/lib/python3.12/site-packages/airflow/example_dags/tutorial_dag.py for tasks to queue
[2024-05-05T15:49:23.278+0000] {logging_mixin.py:188} INFO - [2024-05-05T15:49:23.278+0000] {dagbag.py:540} INFO - Filling up the DagBag from /home/airflow/.local/lib/python3.12/site-packages/airflow/example_dags/tutorial_dag.py
[2024-05-05T15:49:23.284+0000] {processor.py:840} INFO - DAG(s) 'tutorial_dag' retrieved from /home/airflow/.local/lib/python3.12/site-packages/airflow/example_dags/tutorial_dag.py
[2024-05-05T15:49:23.327+0000] {logging_mixin.py:188} INFO - [2024-05-05T15:49:23.327+0000] {dag.py:3096} INFO - Sync 1 DAGs
[2024-05-05T15:49:23.344+0000] {logging_mixin.py:188} INFO - [2024-05-05T15:49:23.344+0000] {dag.py:3954} INFO - Setting next_dagrun for tutorial_dag to None, run_after=None
[2024-05-05T15:49:23.368+0000] {processor.py:183} INFO - Processing /home/airflow/.local/lib/python3.12/site-packages/airflow/example_dags/tutorial_dag.py took 0.100 seconds
[2024-05-05T15:49:53.821+0000] {processor.py:161} INFO - Started process (PID=1933) to work on /home/airflow/.local/lib/python3.12/site-packages/airflow/example_dags/tutorial_dag.py
[2024-05-05T15:49:53.822+0000] {processor.py:830} INFO - Processing file /home/airflow/.local/lib/python3.12/site-packages/airflow/example_dags/tutorial_dag.py for tasks to queue
[2024-05-05T15:49:53.825+0000] {logging_mixin.py:188} INFO - [2024-05-05T15:49:53.824+0000] {dagbag.py:540} INFO - Filling up the DagBag from /home/airflow/.local/lib/python3.12/site-packages/airflow/example_dags/tutorial_dag.py
[2024-05-05T15:49:53.830+0000] {processor.py:840} INFO - DAG(s) 'tutorial_dag' retrieved from /home/airflow/.local/lib/python3.12/site-packages/airflow/example_dags/tutorial_dag.py
[2024-05-05T15:49:53.859+0000] {logging_mixin.py:188} INFO - [2024-05-05T15:49:53.859+0000] {dag.py:3096} INFO - Sync 1 DAGs
[2024-05-05T15:49:53.873+0000] {logging_mixin.py:188} INFO - [2024-05-05T15:49:53.872+0000] {dag.py:3954} INFO - Setting next_dagrun for tutorial_dag to None, run_after=None
[2024-05-05T15:49:53.898+0000] {processor.py:183} INFO - Processing /home/airflow/.local/lib/python3.12/site-packages/airflow/example_dags/tutorial_dag.py took 0.083 seconds
[2024-05-05T15:50:24.560+0000] {processor.py:161} INFO - Started process (PID=1992) to work on /home/airflow/.local/lib/python3.12/site-packages/airflow/example_dags/tutorial_dag.py
[2024-05-05T15:50:24.561+0000] {processor.py:830} INFO - Processing file /home/airflow/.local/lib/python3.12/site-packages/airflow/example_dags/tutorial_dag.py for tasks to queue
[2024-05-05T15:50:24.564+0000] {logging_mixin.py:188} INFO - [2024-05-05T15:50:24.563+0000] {dagbag.py:540} INFO - Filling up the DagBag from /home/airflow/.local/lib/python3.12/site-packages/airflow/example_dags/tutorial_dag.py
[2024-05-05T15:50:24.569+0000] {processor.py:840} INFO - DAG(s) 'tutorial_dag' retrieved from /home/airflow/.local/lib/python3.12/site-packages/airflow/example_dags/tutorial_dag.py
[2024-05-05T15:50:24.592+0000] {logging_mixin.py:188} INFO - [2024-05-05T15:50:24.592+0000] {dag.py:3096} INFO - Sync 1 DAGs
[2024-05-05T15:50:24.605+0000] {logging_mixin.py:188} INFO - [2024-05-05T15:50:24.605+0000] {dag.py:3954} INFO - Setting next_dagrun for tutorial_dag to None, run_after=None
[2024-05-05T15:50:24.631+0000] {processor.py:183} INFO - Processing /home/airflow/.local/lib/python3.12/site-packages/airflow/example_dags/tutorial_dag.py took 0.078 seconds
[2024-05-05T15:50:55.805+0000] {processor.py:161} INFO - Started process (PID=2050) to work on /home/airflow/.local/lib/python3.12/site-packages/airflow/example_dags/tutorial_dag.py
[2024-05-05T15:50:55.806+0000] {processor.py:830} INFO - Processing file /home/airflow/.local/lib/python3.12/site-packages/airflow/example_dags/tutorial_dag.py for tasks to queue
[2024-05-05T15:50:55.816+0000] {logging_mixin.py:188} INFO - [2024-05-05T15:50:55.815+0000] {dagbag.py:540} INFO - Filling up the DagBag from /home/airflow/.local/lib/python3.12/site-packages/airflow/example_dags/tutorial_dag.py
[2024-05-05T15:50:55.826+0000] {processor.py:840} INFO - DAG(s) 'tutorial_dag' retrieved from /home/airflow/.local/lib/python3.12/site-packages/airflow/example_dags/tutorial_dag.py
[2024-05-05T15:50:55.881+0000] {logging_mixin.py:188} INFO - [2024-05-05T15:50:55.881+0000] {dag.py:3096} INFO - Sync 1 DAGs
[2024-05-05T15:50:55.939+0000] {logging_mixin.py:188} INFO - [2024-05-05T15:50:55.938+0000] {dag.py:3954} INFO - Setting next_dagrun for tutorial_dag to None, run_after=None
[2024-05-05T15:50:56.081+0000] {processor.py:183} INFO - Processing /home/airflow/.local/lib/python3.12/site-packages/airflow/example_dags/tutorial_dag.py took 0.288 seconds
[2024-05-05T15:51:26.471+0000] {processor.py:161} INFO - Started process (PID=2109) to work on /home/airflow/.local/lib/python3.12/site-packages/airflow/example_dags/tutorial_dag.py
[2024-05-05T15:51:26.472+0000] {processor.py:830} INFO - Processing file /home/airflow/.local/lib/python3.12/site-packages/airflow/example_dags/tutorial_dag.py for tasks to queue
[2024-05-05T15:51:26.474+0000] {logging_mixin.py:188} INFO - [2024-05-05T15:51:26.474+0000] {dagbag.py:540} INFO - Filling up the DagBag from /home/airflow/.local/lib/python3.12/site-packages/airflow/example_dags/tutorial_dag.py
[2024-05-05T15:51:26.479+0000] {processor.py:840} INFO - DAG(s) 'tutorial_dag' retrieved from /home/airflow/.local/lib/python3.12/site-packages/airflow/example_dags/tutorial_dag.py
[2024-05-05T15:51:26.502+0000] {logging_mixin.py:188} INFO - [2024-05-05T15:51:26.502+0000] {dag.py:3096} INFO - Sync 1 DAGs
[2024-05-05T15:51:26.521+0000] {logging_mixin.py:188} INFO - [2024-05-05T15:51:26.521+0000] {dag.py:3954} INFO - Setting next_dagrun for tutorial_dag to None, run_after=None
[2024-05-05T15:51:26.548+0000] {processor.py:183} INFO - Processing /home/airflow/.local/lib/python3.12/site-packages/airflow/example_dags/tutorial_dag.py took 0.084 seconds
[2024-05-05T15:51:57.471+0000] {processor.py:161} INFO - Started process (PID=2169) to work on /home/airflow/.local/lib/python3.12/site-packages/airflow/example_dags/tutorial_dag.py
[2024-05-05T15:51:57.473+0000] {processor.py:830} INFO - Processing file /home/airflow/.local/lib/python3.12/site-packages/airflow/example_dags/tutorial_dag.py for tasks to queue
[2024-05-05T15:51:57.478+0000] {logging_mixin.py:188} INFO - [2024-05-05T15:51:57.477+0000] {dagbag.py:540} INFO - Filling up the DagBag from /home/airflow/.local/lib/python3.12/site-packages/airflow/example_dags/tutorial_dag.py
[2024-05-05T15:51:57.483+0000] {processor.py:840} INFO - DAG(s) 'tutorial_dag' retrieved from /home/airflow/.local/lib/python3.12/site-packages/airflow/example_dags/tutorial_dag.py
[2024-05-05T15:51:57.506+0000] {logging_mixin.py:188} INFO - [2024-05-05T15:51:57.506+0000] {dag.py:3096} INFO - Sync 1 DAGs
[2024-05-05T15:51:57.534+0000] {logging_mixin.py:188} INFO - [2024-05-05T15:51:57.534+0000] {dag.py:3954} INFO - Setting next_dagrun for tutorial_dag to None, run_after=None
[2024-05-05T15:51:57.568+0000] {processor.py:183} INFO - Processing /home/airflow/.local/lib/python3.12/site-packages/airflow/example_dags/tutorial_dag.py took 0.112 seconds
[2024-05-05T15:52:27.802+0000] {processor.py:161} INFO - Started process (PID=2228) to work on /home/airflow/.local/lib/python3.12/site-packages/airflow/example_dags/tutorial_dag.py
[2024-05-05T15:52:27.803+0000] {processor.py:830} INFO - Processing file /home/airflow/.local/lib/python3.12/site-packages/airflow/example_dags/tutorial_dag.py for tasks to queue
[2024-05-05T15:52:27.806+0000] {logging_mixin.py:188} INFO - [2024-05-05T15:52:27.806+0000] {dagbag.py:540} INFO - Filling up the DagBag from /home/airflow/.local/lib/python3.12/site-packages/airflow/example_dags/tutorial_dag.py
[2024-05-05T15:52:27.811+0000] {processor.py:840} INFO - DAG(s) 'tutorial_dag' retrieved from /home/airflow/.local/lib/python3.12/site-packages/airflow/example_dags/tutorial_dag.py
[2024-05-05T15:52:27.835+0000] {logging_mixin.py:188} INFO - [2024-05-05T15:52:27.835+0000] {dag.py:3096} INFO - Sync 1 DAGs
[2024-05-05T15:52:27.853+0000] {logging_mixin.py:188} INFO - [2024-05-05T15:52:27.853+0000] {dag.py:3954} INFO - Setting next_dagrun for tutorial_dag to None, run_after=None
[2024-05-05T15:52:27.878+0000] {processor.py:183} INFO - Processing /home/airflow/.local/lib/python3.12/site-packages/airflow/example_dags/tutorial_dag.py took 0.082 seconds
[2024-05-05T15:52:58.634+0000] {processor.py:161} INFO - Started process (PID=2287) to work on /home/airflow/.local/lib/python3.12/site-packages/airflow/example_dags/tutorial_dag.py
[2024-05-05T15:52:58.635+0000] {processor.py:830} INFO - Processing file /home/airflow/.local/lib/python3.12/site-packages/airflow/example_dags/tutorial_dag.py for tasks to queue
[2024-05-05T15:52:58.637+0000] {logging_mixin.py:188} INFO - [2024-05-05T15:52:58.636+0000] {dagbag.py:540} INFO - Filling up the DagBag from /home/airflow/.local/lib/python3.12/site-packages/airflow/example_dags/tutorial_dag.py
[2024-05-05T15:52:58.642+0000] {processor.py:840} INFO - DAG(s) 'tutorial_dag' retrieved from /home/airflow/.local/lib/python3.12/site-packages/airflow/example_dags/tutorial_dag.py
[2024-05-05T15:52:58.667+0000] {logging_mixin.py:188} INFO - [2024-05-05T15:52:58.666+0000] {dag.py:3096} INFO - Sync 1 DAGs
[2024-05-05T15:52:58.683+0000] {logging_mixin.py:188} INFO - [2024-05-05T15:52:58.683+0000] {dag.py:3954} INFO - Setting next_dagrun for tutorial_dag to None, run_after=None
[2024-05-05T15:52:58.710+0000] {processor.py:183} INFO - Processing /home/airflow/.local/lib/python3.12/site-packages/airflow/example_dags/tutorial_dag.py took 0.082 seconds
[2024-05-05T15:53:28.872+0000] {processor.py:161} INFO - Started process (PID=2346) to work on /home/airflow/.local/lib/python3.12/site-packages/airflow/example_dags/tutorial_dag.py
[2024-05-05T15:53:28.876+0000] {processor.py:830} INFO - Processing file /home/airflow/.local/lib/python3.12/site-packages/airflow/example_dags/tutorial_dag.py for tasks to queue
[2024-05-05T15:53:28.878+0000] {logging_mixin.py:188} INFO - [2024-05-05T15:53:28.878+0000] {dagbag.py:540} INFO - Filling up the DagBag from /home/airflow/.local/lib/python3.12/site-packages/airflow/example_dags/tutorial_dag.py
[2024-05-05T15:53:28.884+0000] {processor.py:840} INFO - DAG(s) 'tutorial_dag' retrieved from /home/airflow/.local/lib/python3.12/site-packages/airflow/example_dags/tutorial_dag.py
[2024-05-05T15:53:28.909+0000] {logging_mixin.py:188} INFO - [2024-05-05T15:53:28.909+0000] {dag.py:3096} INFO - Sync 1 DAGs
[2024-05-05T15:53:28.924+0000] {logging_mixin.py:188} INFO - [2024-05-05T15:53:28.924+0000] {dag.py:3954} INFO - Setting next_dagrun for tutorial_dag to None, run_after=None
[2024-05-05T15:53:28.951+0000] {processor.py:183} INFO - Processing /home/airflow/.local/lib/python3.12/site-packages/airflow/example_dags/tutorial_dag.py took 0.086 seconds
[2024-05-05T15:53:59.915+0000] {processor.py:161} INFO - Started process (PID=2407) to work on /home/airflow/.local/lib/python3.12/site-packages/airflow/example_dags/tutorial_dag.py
[2024-05-05T15:53:59.918+0000] {processor.py:830} INFO - Processing file /home/airflow/.local/lib/python3.12/site-packages/airflow/example_dags/tutorial_dag.py for tasks to queue
[2024-05-05T15:53:59.920+0000] {logging_mixin.py:188} INFO - [2024-05-05T15:53:59.920+0000] {dagbag.py:540} INFO - Filling up the DagBag from /home/airflow/.local/lib/python3.12/site-packages/airflow/example_dags/tutorial_dag.py
[2024-05-05T15:53:59.931+0000] {processor.py:840} INFO - DAG(s) 'tutorial_dag' retrieved from /home/airflow/.local/lib/python3.12/site-packages/airflow/example_dags/tutorial_dag.py
[2024-05-05T15:53:59.974+0000] {logging_mixin.py:188} INFO - [2024-05-05T15:53:59.974+0000] {dag.py:3096} INFO - Sync 1 DAGs
[2024-05-05T15:53:59.997+0000] {logging_mixin.py:188} INFO - [2024-05-05T15:53:59.996+0000] {dag.py:3954} INFO - Setting next_dagrun for tutorial_dag to None, run_after=None
[2024-05-05T15:54:00.036+0000] {processor.py:183} INFO - Processing /home/airflow/.local/lib/python3.12/site-packages/airflow/example_dags/tutorial_dag.py took 0.136 seconds
[2024-05-05T15:54:31.543+0000] {processor.py:161} INFO - Started process (PID=2467) to work on /home/airflow/.local/lib/python3.12/site-packages/airflow/example_dags/tutorial_dag.py
[2024-05-05T15:54:31.544+0000] {processor.py:830} INFO - Processing file /home/airflow/.local/lib/python3.12/site-packages/airflow/example_dags/tutorial_dag.py for tasks to queue
[2024-05-05T15:54:31.552+0000] {logging_mixin.py:188} INFO - [2024-05-05T15:54:31.552+0000] {dagbag.py:540} INFO - Filling up the DagBag from /home/airflow/.local/lib/python3.12/site-packages/airflow/example_dags/tutorial_dag.py
[2024-05-05T15:54:31.570+0000] {processor.py:840} INFO - DAG(s) 'tutorial_dag' retrieved from /home/airflow/.local/lib/python3.12/site-packages/airflow/example_dags/tutorial_dag.py
[2024-05-05T15:54:31.650+0000] {logging_mixin.py:188} INFO - [2024-05-05T15:54:31.649+0000] {dag.py:3096} INFO - Sync 1 DAGs
[2024-05-05T15:54:31.700+0000] {logging_mixin.py:188} INFO - [2024-05-05T15:54:31.700+0000] {dag.py:3954} INFO - Setting next_dagrun for tutorial_dag to None, run_after=None
[2024-05-05T15:54:31.799+0000] {processor.py:183} INFO - Processing /home/airflow/.local/lib/python3.12/site-packages/airflow/example_dags/tutorial_dag.py took 0.283 seconds
[2024-05-05T15:55:02.755+0000] {processor.py:161} INFO - Started process (PID=2527) to work on /home/airflow/.local/lib/python3.12/site-packages/airflow/example_dags/tutorial_dag.py
[2024-05-05T15:55:02.757+0000] {processor.py:830} INFO - Processing file /home/airflow/.local/lib/python3.12/site-packages/airflow/example_dags/tutorial_dag.py for tasks to queue
[2024-05-05T15:55:02.759+0000] {logging_mixin.py:188} INFO - [2024-05-05T15:55:02.758+0000] {dagbag.py:540} INFO - Filling up the DagBag from /home/airflow/.local/lib/python3.12/site-packages/airflow/example_dags/tutorial_dag.py
[2024-05-05T15:55:02.766+0000] {processor.py:840} INFO - DAG(s) 'tutorial_dag' retrieved from /home/airflow/.local/lib/python3.12/site-packages/airflow/example_dags/tutorial_dag.py
[2024-05-05T15:55:02.808+0000] {logging_mixin.py:188} INFO - [2024-05-05T15:55:02.807+0000] {dag.py:3096} INFO - Sync 1 DAGs
[2024-05-05T15:55:02.822+0000] {logging_mixin.py:188} INFO - [2024-05-05T15:55:02.822+0000] {dag.py:3954} INFO - Setting next_dagrun for tutorial_dag to None, run_after=None
[2024-05-05T15:55:02.848+0000] {processor.py:183} INFO - Processing /home/airflow/.local/lib/python3.12/site-packages/airflow/example_dags/tutorial_dag.py took 0.127 seconds
[2024-05-05T15:55:33.549+0000] {processor.py:161} INFO - Started process (PID=2587) to work on /home/airflow/.local/lib/python3.12/site-packages/airflow/example_dags/tutorial_dag.py
[2024-05-05T15:55:33.550+0000] {processor.py:830} INFO - Processing file /home/airflow/.local/lib/python3.12/site-packages/airflow/example_dags/tutorial_dag.py for tasks to queue
[2024-05-05T15:55:33.552+0000] {logging_mixin.py:188} INFO - [2024-05-05T15:55:33.551+0000] {dagbag.py:540} INFO - Filling up the DagBag from /home/airflow/.local/lib/python3.12/site-packages/airflow/example_dags/tutorial_dag.py
[2024-05-05T15:55:33.557+0000] {processor.py:840} INFO - DAG(s) 'tutorial_dag' retrieved from /home/airflow/.local/lib/python3.12/site-packages/airflow/example_dags/tutorial_dag.py
[2024-05-05T15:55:33.581+0000] {logging_mixin.py:188} INFO - [2024-05-05T15:55:33.581+0000] {dag.py:3096} INFO - Sync 1 DAGs
[2024-05-05T15:55:33.598+0000] {logging_mixin.py:188} INFO - [2024-05-05T15:55:33.597+0000] {dag.py:3954} INFO - Setting next_dagrun for tutorial_dag to None, run_after=None
[2024-05-05T15:55:33.641+0000] {processor.py:183} INFO - Processing /home/airflow/.local/lib/python3.12/site-packages/airflow/example_dags/tutorial_dag.py took 0.101 seconds
[2024-05-05T15:56:03.698+0000] {processor.py:161} INFO - Started process (PID=2646) to work on /home/airflow/.local/lib/python3.12/site-packages/airflow/example_dags/tutorial_dag.py
[2024-05-05T15:56:03.699+0000] {processor.py:830} INFO - Processing file /home/airflow/.local/lib/python3.12/site-packages/airflow/example_dags/tutorial_dag.py for tasks to queue
[2024-05-05T15:56:03.700+0000] {logging_mixin.py:188} INFO - [2024-05-05T15:56:03.700+0000] {dagbag.py:540} INFO - Filling up the DagBag from /home/airflow/.local/lib/python3.12/site-packages/airflow/example_dags/tutorial_dag.py
[2024-05-05T15:56:03.704+0000] {processor.py:840} INFO - DAG(s) 'tutorial_dag' retrieved from /home/airflow/.local/lib/python3.12/site-packages/airflow/example_dags/tutorial_dag.py
[2024-05-05T15:56:03.720+0000] {logging_mixin.py:188} INFO - [2024-05-05T15:56:03.720+0000] {dag.py:3096} INFO - Sync 1 DAGs
[2024-05-05T15:56:03.731+0000] {logging_mixin.py:188} INFO - [2024-05-05T15:56:03.731+0000] {dag.py:3954} INFO - Setting next_dagrun for tutorial_dag to None, run_after=None
[2024-05-05T15:56:03.753+0000] {processor.py:183} INFO - Processing /home/airflow/.local/lib/python3.12/site-packages/airflow/example_dags/tutorial_dag.py took 0.059 seconds
[2024-05-05T15:56:34.094+0000] {processor.py:161} INFO - Started process (PID=2706) to work on /home/airflow/.local/lib/python3.12/site-packages/airflow/example_dags/tutorial_dag.py
[2024-05-05T15:56:34.095+0000] {processor.py:830} INFO - Processing file /home/airflow/.local/lib/python3.12/site-packages/airflow/example_dags/tutorial_dag.py for tasks to queue
[2024-05-05T15:56:34.097+0000] {logging_mixin.py:188} INFO - [2024-05-05T15:56:34.097+0000] {dagbag.py:540} INFO - Filling up the DagBag from /home/airflow/.local/lib/python3.12/site-packages/airflow/example_dags/tutorial_dag.py
[2024-05-05T15:56:34.107+0000] {processor.py:840} INFO - DAG(s) 'tutorial_dag' retrieved from /home/airflow/.local/lib/python3.12/site-packages/airflow/example_dags/tutorial_dag.py
[2024-05-05T15:56:34.157+0000] {logging_mixin.py:188} INFO - [2024-05-05T15:56:34.157+0000] {dag.py:3096} INFO - Sync 1 DAGs
[2024-05-05T15:56:34.178+0000] {logging_mixin.py:188} INFO - [2024-05-05T15:56:34.178+0000] {dag.py:3954} INFO - Setting next_dagrun for tutorial_dag to None, run_after=None
[2024-05-05T15:56:34.216+0000] {processor.py:183} INFO - Processing /home/airflow/.local/lib/python3.12/site-packages/airflow/example_dags/tutorial_dag.py took 0.131 seconds
[2024-05-05T15:57:04.667+0000] {processor.py:161} INFO - Started process (PID=2766) to work on /home/airflow/.local/lib/python3.12/site-packages/airflow/example_dags/tutorial_dag.py
[2024-05-05T15:57:04.668+0000] {processor.py:830} INFO - Processing file /home/airflow/.local/lib/python3.12/site-packages/airflow/example_dags/tutorial_dag.py for tasks to queue
[2024-05-05T15:57:04.670+0000] {logging_mixin.py:188} INFO - [2024-05-05T15:57:04.670+0000] {dagbag.py:540} INFO - Filling up the DagBag from /home/airflow/.local/lib/python3.12/site-packages/airflow/example_dags/tutorial_dag.py
[2024-05-05T15:57:04.676+0000] {processor.py:840} INFO - DAG(s) 'tutorial_dag' retrieved from /home/airflow/.local/lib/python3.12/site-packages/airflow/example_dags/tutorial_dag.py
[2024-05-05T15:57:04.698+0000] {logging_mixin.py:188} INFO - [2024-05-05T15:57:04.698+0000] {dag.py:3096} INFO - Sync 1 DAGs
[2024-05-05T15:57:04.716+0000] {logging_mixin.py:188} INFO - [2024-05-05T15:57:04.716+0000] {dag.py:3954} INFO - Setting next_dagrun for tutorial_dag to None, run_after=None
[2024-05-05T15:57:04.740+0000] {processor.py:183} INFO - Processing /home/airflow/.local/lib/python3.12/site-packages/airflow/example_dags/tutorial_dag.py took 0.101 seconds
[2024-05-05T15:57:35.133+0000] {processor.py:161} INFO - Started process (PID=2826) to work on /home/airflow/.local/lib/python3.12/site-packages/airflow/example_dags/tutorial_dag.py
[2024-05-05T15:57:35.134+0000] {processor.py:830} INFO - Processing file /home/airflow/.local/lib/python3.12/site-packages/airflow/example_dags/tutorial_dag.py for tasks to queue
[2024-05-05T15:57:35.137+0000] {logging_mixin.py:188} INFO - [2024-05-05T15:57:35.136+0000] {dagbag.py:540} INFO - Filling up the DagBag from /home/airflow/.local/lib/python3.12/site-packages/airflow/example_dags/tutorial_dag.py
[2024-05-05T15:57:35.142+0000] {processor.py:840} INFO - DAG(s) 'tutorial_dag' retrieved from /home/airflow/.local/lib/python3.12/site-packages/airflow/example_dags/tutorial_dag.py
[2024-05-05T15:57:35.171+0000] {logging_mixin.py:188} INFO - [2024-05-05T15:57:35.171+0000] {dag.py:3096} INFO - Sync 1 DAGs
[2024-05-05T15:57:35.188+0000] {logging_mixin.py:188} INFO - [2024-05-05T15:57:35.188+0000] {dag.py:3954} INFO - Setting next_dagrun for tutorial_dag to None, run_after=None
[2024-05-05T15:57:35.222+0000] {processor.py:183} INFO - Processing /home/airflow/.local/lib/python3.12/site-packages/airflow/example_dags/tutorial_dag.py took 0.097 seconds
[2024-05-05T15:58:05.767+0000] {processor.py:161} INFO - Started process (PID=2886) to work on /home/airflow/.local/lib/python3.12/site-packages/airflow/example_dags/tutorial_dag.py
[2024-05-05T15:58:05.769+0000] {processor.py:830} INFO - Processing file /home/airflow/.local/lib/python3.12/site-packages/airflow/example_dags/tutorial_dag.py for tasks to queue
[2024-05-05T15:58:05.770+0000] {logging_mixin.py:188} INFO - [2024-05-05T15:58:05.770+0000] {dagbag.py:540} INFO - Filling up the DagBag from /home/airflow/.local/lib/python3.12/site-packages/airflow/example_dags/tutorial_dag.py
[2024-05-05T15:58:05.777+0000] {processor.py:840} INFO - DAG(s) 'tutorial_dag' retrieved from /home/airflow/.local/lib/python3.12/site-packages/airflow/example_dags/tutorial_dag.py
[2024-05-05T15:58:05.800+0000] {logging_mixin.py:188} INFO - [2024-05-05T15:58:05.799+0000] {dag.py:3096} INFO - Sync 1 DAGs
[2024-05-05T15:58:05.816+0000] {logging_mixin.py:188} INFO - [2024-05-05T15:58:05.815+0000] {dag.py:3954} INFO - Setting next_dagrun for tutorial_dag to None, run_after=None
[2024-05-05T15:58:05.846+0000] {processor.py:183} INFO - Processing /home/airflow/.local/lib/python3.12/site-packages/airflow/example_dags/tutorial_dag.py took 0.086 seconds
[2024-05-05T15:58:36.483+0000] {processor.py:161} INFO - Started process (PID=2949) to work on /home/airflow/.local/lib/python3.12/site-packages/airflow/example_dags/tutorial_dag.py
[2024-05-05T15:58:36.488+0000] {processor.py:830} INFO - Processing file /home/airflow/.local/lib/python3.12/site-packages/airflow/example_dags/tutorial_dag.py for tasks to queue
[2024-05-05T15:58:36.490+0000] {logging_mixin.py:188} INFO - [2024-05-05T15:58:36.489+0000] {dagbag.py:540} INFO - Filling up the DagBag from /home/airflow/.local/lib/python3.12/site-packages/airflow/example_dags/tutorial_dag.py
[2024-05-05T15:58:36.517+0000] {processor.py:840} INFO - DAG(s) 'tutorial_dag' retrieved from /home/airflow/.local/lib/python3.12/site-packages/airflow/example_dags/tutorial_dag.py
[2024-05-05T15:58:36.664+0000] {logging_mixin.py:188} INFO - [2024-05-05T15:58:36.664+0000] {dag.py:3096} INFO - Sync 1 DAGs
[2024-05-05T15:58:36.781+0000] {logging_mixin.py:188} INFO - [2024-05-05T15:58:36.781+0000] {dag.py:3954} INFO - Setting next_dagrun for tutorial_dag to None, run_after=None
[2024-05-05T15:58:36.912+0000] {processor.py:183} INFO - Processing /home/airflow/.local/lib/python3.12/site-packages/airflow/example_dags/tutorial_dag.py took 0.467 seconds
[2024-05-05T15:59:09.013+0000] {processor.py:161} INFO - Started process (PID=3010) to work on /home/airflow/.local/lib/python3.12/site-packages/airflow/example_dags/tutorial_dag.py
[2024-05-05T15:59:09.030+0000] {processor.py:830} INFO - Processing file /home/airflow/.local/lib/python3.12/site-packages/airflow/example_dags/tutorial_dag.py for tasks to queue
[2024-05-05T15:59:09.033+0000] {logging_mixin.py:188} INFO - [2024-05-05T15:59:09.032+0000] {dagbag.py:540} INFO - Filling up the DagBag from /home/airflow/.local/lib/python3.12/site-packages/airflow/example_dags/tutorial_dag.py
[2024-05-05T15:59:09.445+0000] {processor.py:840} INFO - DAG(s) 'tutorial_dag' retrieved from /home/airflow/.local/lib/python3.12/site-packages/airflow/example_dags/tutorial_dag.py
[2024-05-05T15:59:14.173+0000] {logging_mixin.py:188} INFO - [2024-05-05T15:59:14.173+0000] {dag.py:3096} INFO - Sync 1 DAGs
[2024-05-05T15:59:14.204+0000] {logging_mixin.py:188} INFO - [2024-05-05T15:59:14.204+0000] {dag.py:3954} INFO - Setting next_dagrun for tutorial_dag to None, run_after=None
[2024-05-05T15:59:14.260+0000] {processor.py:183} INFO - Processing /home/airflow/.local/lib/python3.12/site-packages/airflow/example_dags/tutorial_dag.py took 6.556 seconds
[2024-05-05T15:59:44.536+0000] {processor.py:161} INFO - Started process (PID=3071) to work on /home/airflow/.local/lib/python3.12/site-packages/airflow/example_dags/tutorial_dag.py
[2024-05-05T15:59:44.551+0000] {processor.py:830} INFO - Processing file /home/airflow/.local/lib/python3.12/site-packages/airflow/example_dags/tutorial_dag.py for tasks to queue
[2024-05-05T15:59:44.561+0000] {logging_mixin.py:188} INFO - [2024-05-05T15:59:44.560+0000] {dagbag.py:540} INFO - Filling up the DagBag from /home/airflow/.local/lib/python3.12/site-packages/airflow/example_dags/tutorial_dag.py
[2024-05-05T15:59:44.642+0000] {processor.py:840} INFO - DAG(s) 'tutorial_dag' retrieved from /home/airflow/.local/lib/python3.12/site-packages/airflow/example_dags/tutorial_dag.py
[2024-05-05T15:59:44.773+0000] {logging_mixin.py:188} INFO - [2024-05-05T15:59:44.773+0000] {dag.py:3096} INFO - Sync 1 DAGs
[2024-05-05T15:59:44.880+0000] {logging_mixin.py:188} INFO - [2024-05-05T15:59:44.880+0000] {dag.py:3954} INFO - Setting next_dagrun for tutorial_dag to None, run_after=None
[2024-05-05T15:59:45.103+0000] {processor.py:183} INFO - Processing /home/airflow/.local/lib/python3.12/site-packages/airflow/example_dags/tutorial_dag.py took 0.628 seconds
