[2024-05-05T15:53:27.090+0000] {local_task_job_runner.py:120} INFO - ::group::Pre task execution logs
[2024-05-05T15:53:27.121+0000] {taskinstance.py:2073} INFO - Dependencies all met for dep_context=non-requeueable deps ti=<TaskInstance: hello.echo_hello manual__2024-05-05T15:53:21.564708+00:00 [queued]>
[2024-05-05T15:53:27.136+0000] {taskinstance.py:2073} INFO - Dependencies all met for dep_context=requeueable deps ti=<TaskInstance: hello.echo_hello manual__2024-05-05T15:53:21.564708+00:00 [queued]>
[2024-05-05T15:53:27.137+0000] {taskinstance.py:2303} INFO - Starting attempt 1 of 1
[2024-05-05T15:53:27.169+0000] {taskinstance.py:2327} INFO - Executing <Task(BashOperator): echo_hello> on 2024-05-05 15:53:21.564708+00:00
[2024-05-05T15:53:27.184+0000] {warnings.py:110} WARNING - /home/***/.local/lib/python3.12/site-packages/***/task/task_runner/standard_task_runner.py:61: DeprecationWarning: This process (pid=450) is multi-threaded, use of fork() may lead to deadlocks in the child.
  pid = os.fork()

[2024-05-05T15:53:27.186+0000] {standard_task_runner.py:63} INFO - Started process 454 to run task
[2024-05-05T15:53:27.189+0000] {standard_task_runner.py:90} INFO - Running: ['***', 'tasks', 'run', 'hello', 'echo_hello', 'manual__2024-05-05T15:53:21.564708+00:00', '--job-id', '41', '--raw', '--subdir', 'DAGS_FOLDER/hello.py', '--cfg-path', '/tmp/tmpa24yj86b']
[2024-05-05T15:53:27.191+0000] {standard_task_runner.py:91} INFO - Job 41: Subtask echo_hello
[2024-05-05T15:53:27.260+0000] {task_command.py:426} INFO - Running <TaskInstance: hello.echo_hello manual__2024-05-05T15:53:21.564708+00:00 [running]> on host edcd6c8e3dad
[2024-05-05T15:53:27.431+0000] {taskinstance.py:2644} INFO - Exporting env vars: AIRFLOW_CTX_DAG_OWNER='***' AIRFLOW_CTX_DAG_ID='hello' AIRFLOW_CTX_TASK_ID='echo_hello' AIRFLOW_CTX_EXECUTION_DATE='2024-05-05T15:53:21.564708+00:00' AIRFLOW_CTX_TRY_NUMBER='1' AIRFLOW_CTX_DAG_RUN_ID='manual__2024-05-05T15:53:21.564708+00:00'
[2024-05-05T15:53:27.433+0000] {taskinstance.py:430} INFO - ::endgroup::
[2024-05-05T15:53:27.436+0000] {subprocess.py:63} INFO - Tmp dir root location: /tmp
[2024-05-05T15:53:27.436+0000] {subprocess.py:75} INFO - Running command: ['/usr/bin/bash', '-c', "echo 'hello'"]
[2024-05-05T15:53:27.475+0000] {subprocess.py:86} INFO - Output:
[2024-05-05T15:53:27.478+0000] {subprocess.py:93} INFO - hello
[2024-05-05T15:53:27.479+0000] {subprocess.py:97} INFO - Command exited with return code 0
[2024-05-05T15:53:27.480+0000] {taskinstance.py:441} INFO - ::group::Post task execution logs
[2024-05-05T15:53:27.529+0000] {taskinstance.py:1205} INFO - Marking task as SUCCESS. dag_id=hello, task_id=echo_hello, execution_date=20240505T155321, start_date=20240505T155327, end_date=20240505T155327
[2024-05-05T15:53:27.581+0000] {local_task_job_runner.py:240} INFO - Task exited with return code 0
[2024-05-05T15:53:27.605+0000] {taskinstance.py:3482} INFO - 0 downstream tasks scheduled from follow-on schedule check
[2024-05-05T15:53:27.612+0000] {local_task_job_runner.py:222} INFO - ::endgroup::
