[2024-05-05T15:53:12.483+0000] {processor.py:161} INFO - Started process (PID=2315) to work on /opt/airflow/dags/hello.py
[2024-05-05T15:53:12.484+0000] {processor.py:830} INFO - Processing file /opt/airflow/dags/hello.py for tasks to queue
[2024-05-05T15:53:12.486+0000] {logging_mixin.py:188} INFO - [2024-05-05T15:53:12.485+0000] {dagbag.py:540} INFO - Filling up the DagBag from /opt/airflow/dags/hello.py
[2024-05-05T15:53:12.493+0000] {processor.py:840} INFO - DAG(s) 'hello' retrieved from /opt/airflow/dags/hello.py
[2024-05-05T15:53:12.716+0000] {logging_mixin.py:188} INFO - [2024-05-05T15:53:12.716+0000] {override.py:1829} INFO - Created Permission View: can edit on DAG:hello
[2024-05-05T15:53:12.741+0000] {logging_mixin.py:188} INFO - [2024-05-05T15:53:12.740+0000] {override.py:1829} INFO - Created Permission View: can read on DAG:hello
[2024-05-05T15:53:12.753+0000] {logging_mixin.py:188} INFO - [2024-05-05T15:53:12.752+0000] {override.py:1829} INFO - Created Permission View: can delete on DAG:hello
[2024-05-05T15:53:12.753+0000] {logging_mixin.py:188} INFO - [2024-05-05T15:53:12.753+0000] {dag.py:3096} INFO - Sync 1 DAGs
[2024-05-05T15:53:12.784+0000] {logging_mixin.py:188} INFO - [2024-05-05T15:53:12.783+0000] {dag.py:3118} INFO - Creating ORM DAG for hello
[2024-05-05T15:53:12.793+0000] {logging_mixin.py:188} INFO - [2024-05-05T15:53:12.792+0000] {dag.py:3954} INFO - Setting next_dagrun for hello to None, run_after=None
[2024-05-05T15:53:12.828+0000] {processor.py:183} INFO - Processing /opt/airflow/dags/hello.py took 0.351 seconds
[2024-05-05T15:53:43.185+0000] {processor.py:161} INFO - Started process (PID=2376) to work on /opt/airflow/dags/hello.py
[2024-05-05T15:53:43.186+0000] {processor.py:830} INFO - Processing file /opt/airflow/dags/hello.py for tasks to queue
[2024-05-05T15:53:43.188+0000] {logging_mixin.py:188} INFO - [2024-05-05T15:53:43.188+0000] {dagbag.py:540} INFO - Filling up the DagBag from /opt/airflow/dags/hello.py
[2024-05-05T15:53:43.194+0000] {processor.py:840} INFO - DAG(s) 'hello' retrieved from /opt/airflow/dags/hello.py
[2024-05-05T15:53:43.219+0000] {logging_mixin.py:188} INFO - [2024-05-05T15:53:43.219+0000] {dag.py:3096} INFO - Sync 1 DAGs
[2024-05-05T15:53:43.234+0000] {logging_mixin.py:188} INFO - [2024-05-05T15:53:43.234+0000] {dag.py:3954} INFO - Setting next_dagrun for hello to None, run_after=None
[2024-05-05T15:53:43.260+0000] {processor.py:183} INFO - Processing /opt/airflow/dags/hello.py took 0.081 seconds
[2024-05-05T15:54:13.745+0000] {processor.py:161} INFO - Started process (PID=2432) to work on /opt/airflow/dags/hello.py
[2024-05-05T15:54:13.745+0000] {processor.py:830} INFO - Processing file /opt/airflow/dags/hello.py for tasks to queue
[2024-05-05T15:54:13.747+0000] {logging_mixin.py:188} INFO - [2024-05-05T15:54:13.747+0000] {dagbag.py:540} INFO - Filling up the DagBag from /opt/airflow/dags/hello.py
[2024-05-05T15:54:13.753+0000] {processor.py:840} INFO - DAG(s) 'hello' retrieved from /opt/airflow/dags/hello.py
[2024-05-05T15:54:13.780+0000] {logging_mixin.py:188} INFO - [2024-05-05T15:54:13.780+0000] {dag.py:3096} INFO - Sync 1 DAGs
[2024-05-05T15:54:13.796+0000] {logging_mixin.py:188} INFO - [2024-05-05T15:54:13.796+0000] {dag.py:3954} INFO - Setting next_dagrun for hello to None, run_after=None
[2024-05-05T15:54:13.825+0000] {processor.py:183} INFO - Processing /opt/airflow/dags/hello.py took 0.087 seconds
[2024-05-05T15:54:44.380+0000] {processor.py:161} INFO - Started process (PID=2492) to work on /opt/airflow/dags/hello.py
[2024-05-05T15:54:44.381+0000] {processor.py:830} INFO - Processing file /opt/airflow/dags/hello.py for tasks to queue
[2024-05-05T15:54:44.382+0000] {logging_mixin.py:188} INFO - [2024-05-05T15:54:44.382+0000] {dagbag.py:540} INFO - Filling up the DagBag from /opt/airflow/dags/hello.py
[2024-05-05T15:54:44.389+0000] {processor.py:840} INFO - DAG(s) 'hello' retrieved from /opt/airflow/dags/hello.py
[2024-05-05T15:54:44.415+0000] {logging_mixin.py:188} INFO - [2024-05-05T15:54:44.415+0000] {dag.py:3096} INFO - Sync 1 DAGs
[2024-05-05T15:54:44.432+0000] {logging_mixin.py:188} INFO - [2024-05-05T15:54:44.432+0000] {dag.py:3954} INFO - Setting next_dagrun for hello to None, run_after=None
[2024-05-05T15:54:44.458+0000] {processor.py:183} INFO - Processing /opt/airflow/dags/hello.py took 0.085 seconds
[2024-05-05T15:55:15.044+0000] {processor.py:161} INFO - Started process (PID=2552) to work on /opt/airflow/dags/hello.py
[2024-05-05T15:55:15.045+0000] {processor.py:830} INFO - Processing file /opt/airflow/dags/hello.py for tasks to queue
[2024-05-05T15:55:15.047+0000] {logging_mixin.py:188} INFO - [2024-05-05T15:55:15.046+0000] {dagbag.py:540} INFO - Filling up the DagBag from /opt/airflow/dags/hello.py
[2024-05-05T15:55:15.054+0000] {processor.py:840} INFO - DAG(s) 'hello' retrieved from /opt/airflow/dags/hello.py
[2024-05-05T15:55:15.078+0000] {logging_mixin.py:188} INFO - [2024-05-05T15:55:15.078+0000] {dag.py:3096} INFO - Sync 1 DAGs
[2024-05-05T15:55:15.095+0000] {logging_mixin.py:188} INFO - [2024-05-05T15:55:15.094+0000] {dag.py:3954} INFO - Setting next_dagrun for hello to None, run_after=None
[2024-05-05T15:55:15.121+0000] {processor.py:183} INFO - Processing /opt/airflow/dags/hello.py took 0.083 seconds
[2024-05-05T15:55:45.940+0000] {processor.py:161} INFO - Started process (PID=2612) to work on /opt/airflow/dags/hello.py
[2024-05-05T15:55:45.941+0000] {processor.py:830} INFO - Processing file /opt/airflow/dags/hello.py for tasks to queue
[2024-05-05T15:55:45.943+0000] {logging_mixin.py:188} INFO - [2024-05-05T15:55:45.942+0000] {dagbag.py:540} INFO - Filling up the DagBag from /opt/airflow/dags/hello.py
[2024-05-05T15:55:45.951+0000] {processor.py:840} INFO - DAG(s) 'hello' retrieved from /opt/airflow/dags/hello.py
[2024-05-05T15:55:45.975+0000] {logging_mixin.py:188} INFO - [2024-05-05T15:55:45.974+0000] {dag.py:3096} INFO - Sync 1 DAGs
[2024-05-05T15:55:45.991+0000] {logging_mixin.py:188} INFO - [2024-05-05T15:55:45.991+0000] {dag.py:3954} INFO - Setting next_dagrun for hello to None, run_after=None
[2024-05-05T15:55:46.016+0000] {processor.py:183} INFO - Processing /opt/airflow/dags/hello.py took 0.083 seconds
[2024-05-05T15:56:16.539+0000] {processor.py:161} INFO - Started process (PID=2672) to work on /opt/airflow/dags/hello.py
[2024-05-05T15:56:16.548+0000] {processor.py:830} INFO - Processing file /opt/airflow/dags/hello.py for tasks to queue
[2024-05-05T15:56:16.550+0000] {logging_mixin.py:188} INFO - [2024-05-05T15:56:16.549+0000] {dagbag.py:540} INFO - Filling up the DagBag from /opt/airflow/dags/hello.py
[2024-05-05T15:56:16.567+0000] {processor.py:840} INFO - DAG(s) 'hello' retrieved from /opt/airflow/dags/hello.py
[2024-05-05T15:56:16.664+0000] {logging_mixin.py:188} INFO - [2024-05-05T15:56:16.653+0000] {dag.py:3096} INFO - Sync 1 DAGs
[2024-05-05T15:56:16.774+0000] {logging_mixin.py:188} INFO - [2024-05-05T15:56:16.774+0000] {dag.py:3954} INFO - Setting next_dagrun for hello to None, run_after=None
[2024-05-05T15:56:16.906+0000] {processor.py:183} INFO - Processing /opt/airflow/dags/hello.py took 0.380 seconds
[2024-05-05T15:56:47.866+0000] {processor.py:161} INFO - Started process (PID=2732) to work on /opt/airflow/dags/hello.py
[2024-05-05T15:56:47.868+0000] {processor.py:830} INFO - Processing file /opt/airflow/dags/hello.py for tasks to queue
[2024-05-05T15:56:47.873+0000] {logging_mixin.py:188} INFO - [2024-05-05T15:56:47.869+0000] {dagbag.py:540} INFO - Filling up the DagBag from /opt/airflow/dags/hello.py
[2024-05-05T15:56:47.892+0000] {processor.py:840} INFO - DAG(s) 'hello' retrieved from /opt/airflow/dags/hello.py
[2024-05-05T15:56:47.933+0000] {logging_mixin.py:188} INFO - [2024-05-05T15:56:47.932+0000] {dag.py:3096} INFO - Sync 1 DAGs
[2024-05-05T15:56:47.950+0000] {logging_mixin.py:188} INFO - [2024-05-05T15:56:47.950+0000] {dag.py:3954} INFO - Setting next_dagrun for hello to None, run_after=None
[2024-05-05T15:56:47.987+0000] {processor.py:183} INFO - Processing /opt/airflow/dags/hello.py took 0.137 seconds
[2024-05-05T15:57:18.516+0000] {processor.py:161} INFO - Started process (PID=2792) to work on /opt/airflow/dags/hello.py
[2024-05-05T15:57:18.518+0000] {processor.py:830} INFO - Processing file /opt/airflow/dags/hello.py for tasks to queue
[2024-05-05T15:57:18.520+0000] {logging_mixin.py:188} INFO - [2024-05-05T15:57:18.519+0000] {dagbag.py:540} INFO - Filling up the DagBag from /opt/airflow/dags/hello.py
[2024-05-05T15:57:18.527+0000] {processor.py:840} INFO - DAG(s) 'hello' retrieved from /opt/airflow/dags/hello.py
[2024-05-05T15:57:18.566+0000] {logging_mixin.py:188} INFO - [2024-05-05T15:57:18.565+0000] {dag.py:3096} INFO - Sync 1 DAGs
[2024-05-05T15:57:18.606+0000] {logging_mixin.py:188} INFO - [2024-05-05T15:57:18.606+0000] {dag.py:3954} INFO - Setting next_dagrun for hello to None, run_after=None
[2024-05-05T15:57:18.645+0000] {processor.py:183} INFO - Processing /opt/airflow/dags/hello.py took 0.135 seconds
[2024-05-05T15:57:48.956+0000] {processor.py:161} INFO - Started process (PID=2852) to work on /opt/airflow/dags/hello.py
[2024-05-05T15:57:48.958+0000] {processor.py:830} INFO - Processing file /opt/airflow/dags/hello.py for tasks to queue
[2024-05-05T15:57:48.961+0000] {logging_mixin.py:188} INFO - [2024-05-05T15:57:48.960+0000] {dagbag.py:540} INFO - Filling up the DagBag from /opt/airflow/dags/hello.py
[2024-05-05T15:57:48.967+0000] {processor.py:840} INFO - DAG(s) 'hello' retrieved from /opt/airflow/dags/hello.py
[2024-05-05T15:57:48.993+0000] {logging_mixin.py:188} INFO - [2024-05-05T15:57:48.993+0000] {dag.py:3096} INFO - Sync 1 DAGs
[2024-05-05T15:57:49.008+0000] {logging_mixin.py:188} INFO - [2024-05-05T15:57:49.008+0000] {dag.py:3954} INFO - Setting next_dagrun for hello to None, run_after=None
[2024-05-05T15:57:49.033+0000] {processor.py:183} INFO - Processing /opt/airflow/dags/hello.py took 0.083 seconds
[2024-05-05T15:58:19.397+0000] {processor.py:161} INFO - Started process (PID=2914) to work on /opt/airflow/dags/hello.py
[2024-05-05T15:58:19.398+0000] {processor.py:830} INFO - Processing file /opt/airflow/dags/hello.py for tasks to queue
[2024-05-05T15:58:19.401+0000] {logging_mixin.py:188} INFO - [2024-05-05T15:58:19.400+0000] {dagbag.py:540} INFO - Filling up the DagBag from /opt/airflow/dags/hello.py
[2024-05-05T15:58:19.407+0000] {processor.py:840} INFO - DAG(s) 'hello' retrieved from /opt/airflow/dags/hello.py
[2024-05-05T15:58:19.430+0000] {logging_mixin.py:188} INFO - [2024-05-05T15:58:19.430+0000] {dag.py:3096} INFO - Sync 1 DAGs
[2024-05-05T15:58:19.451+0000] {logging_mixin.py:188} INFO - [2024-05-05T15:58:19.451+0000] {dag.py:3954} INFO - Setting next_dagrun for hello to None, run_after=None
[2024-05-05T15:58:19.494+0000] {processor.py:183} INFO - Processing /opt/airflow/dags/hello.py took 0.105 seconds
[2024-05-05T15:58:50.311+0000] {processor.py:161} INFO - Started process (PID=2975) to work on /opt/airflow/dags/hello.py
[2024-05-05T15:58:50.333+0000] {processor.py:830} INFO - Processing file /opt/airflow/dags/hello.py for tasks to queue
[2024-05-05T15:58:50.345+0000] {logging_mixin.py:188} INFO - [2024-05-05T15:58:50.344+0000] {dagbag.py:540} INFO - Filling up the DagBag from /opt/airflow/dags/hello.py
[2024-05-05T15:58:50.356+0000] {processor.py:840} INFO - DAG(s) 'hello' retrieved from /opt/airflow/dags/hello.py
[2024-05-05T15:58:50.403+0000] {logging_mixin.py:188} INFO - [2024-05-05T15:58:50.402+0000] {dag.py:3096} INFO - Sync 1 DAGs
[2024-05-05T15:58:50.421+0000] {logging_mixin.py:188} INFO - [2024-05-05T15:58:50.420+0000] {dag.py:3954} INFO - Setting next_dagrun for hello to None, run_after=None
[2024-05-05T15:58:50.478+0000] {processor.py:183} INFO - Processing /opt/airflow/dags/hello.py took 0.191 seconds
[2024-05-05T15:59:21.682+0000] {processor.py:161} INFO - Started process (PID=3034) to work on /opt/airflow/dags/hello.py
[2024-05-05T15:59:21.698+0000] {processor.py:830} INFO - Processing file /opt/airflow/dags/hello.py for tasks to queue
[2024-05-05T15:59:21.700+0000] {logging_mixin.py:188} INFO - [2024-05-05T15:59:21.700+0000] {dagbag.py:540} INFO - Filling up the DagBag from /opt/airflow/dags/hello.py
[2024-05-05T15:59:21.714+0000] {processor.py:840} INFO - DAG(s) 'hello' retrieved from /opt/airflow/dags/hello.py
[2024-05-05T15:59:21.778+0000] {logging_mixin.py:188} INFO - [2024-05-05T15:59:21.777+0000] {dag.py:3096} INFO - Sync 1 DAGs
[2024-05-05T15:59:21.829+0000] {logging_mixin.py:188} INFO - [2024-05-05T15:59:21.828+0000] {dag.py:3954} INFO - Setting next_dagrun for hello to None, run_after=None
[2024-05-05T15:59:21.957+0000] {processor.py:183} INFO - Processing /opt/airflow/dags/hello.py took 0.301 seconds
[2024-05-05T15:59:52.406+0000] {processor.py:161} INFO - Started process (PID=3089) to work on /opt/airflow/dags/hello.py
[2024-05-05T15:59:52.407+0000] {processor.py:830} INFO - Processing file /opt/airflow/dags/hello.py for tasks to queue
[2024-05-05T15:59:52.413+0000] {logging_mixin.py:188} INFO - [2024-05-05T15:59:52.413+0000] {dagbag.py:540} INFO - Filling up the DagBag from /opt/airflow/dags/hello.py
[2024-05-05T15:59:52.474+0000] {processor.py:840} INFO - DAG(s) 'hello' retrieved from /opt/airflow/dags/hello.py
[2024-05-05T15:59:52.595+0000] {logging_mixin.py:188} INFO - [2024-05-05T15:59:52.595+0000] {dag.py:3096} INFO - Sync 1 DAGs
[2024-05-05T15:59:52.677+0000] {logging_mixin.py:188} INFO - [2024-05-05T15:59:52.677+0000] {dag.py:3954} INFO - Setting next_dagrun for hello to None, run_after=None
[2024-05-05T15:59:52.821+0000] {processor.py:183} INFO - Processing /opt/airflow/dags/hello.py took 0.438 seconds
