[2024-05-05T15:53:26.959+0000] {local_task_job_runner.py:120} INFO - ::group::Pre task execution logs
[2024-05-05T15:53:26.986+0000] {taskinstance.py:2073} INFO - Dependencies all met for dep_context=non-requeueable deps ti=<TaskInstance: hello.say_hello manual__2024-05-05T15:53:21.564708+00:00 [queued]>
[2024-05-05T15:53:26.994+0000] {taskinstance.py:2073} INFO - Dependencies all met for dep_context=requeueable deps ti=<TaskInstance: hello.say_hello manual__2024-05-05T15:53:21.564708+00:00 [queued]>
[2024-05-05T15:53:26.994+0000] {taskinstance.py:2303} INFO - Starting attempt 1 of 1
[2024-05-05T15:53:27.015+0000] {taskinstance.py:2327} INFO - Executing <Task(PythonOperator): say_hello> on 2024-05-05 15:53:21.564708+00:00
[2024-05-05T15:53:27.029+0000] {warnings.py:110} WARNING - /home/***/.local/lib/python3.12/site-packages/***/task/task_runner/standard_task_runner.py:61: DeprecationWarning: This process (pid=449) is multi-threaded, use of fork() may lead to deadlocks in the child.
  pid = os.fork()

[2024-05-05T15:53:27.031+0000] {standard_task_runner.py:63} INFO - Started process 453 to run task
[2024-05-05T15:53:27.035+0000] {standard_task_runner.py:90} INFO - Running: ['***', 'tasks', 'run', 'hello', 'say_hello', 'manual__2024-05-05T15:53:21.564708+00:00', '--job-id', '40', '--raw', '--subdir', 'DAGS_FOLDER/hello.py', '--cfg-path', '/tmp/tmpvo0ccs30']
[2024-05-05T15:53:27.038+0000] {standard_task_runner.py:91} INFO - Job 40: Subtask say_hello
[2024-05-05T15:53:27.127+0000] {task_command.py:426} INFO - Running <TaskInstance: hello.say_hello manual__2024-05-05T15:53:21.564708+00:00 [running]> on host edcd6c8e3dad
[2024-05-05T15:53:27.278+0000] {taskinstance.py:2644} INFO - Exporting env vars: AIRFLOW_CTX_DAG_OWNER='***' AIRFLOW_CTX_DAG_ID='hello' AIRFLOW_CTX_TASK_ID='say_hello' AIRFLOW_CTX_EXECUTION_DATE='2024-05-05T15:53:21.564708+00:00' AIRFLOW_CTX_TRY_NUMBER='1' AIRFLOW_CTX_DAG_RUN_ID='manual__2024-05-05T15:53:21.564708+00:00'
[2024-05-05T15:53:27.282+0000] {taskinstance.py:430} INFO - ::endgroup::
[2024-05-05T15:53:27.283+0000] {hello.py:12} INFO - hello
[2024-05-05T15:53:27.283+0000] {python.py:237} INFO - Done. Returned value was: None
[2024-05-05T15:53:27.284+0000] {taskinstance.py:441} INFO - ::group::Post task execution logs
[2024-05-05T15:53:27.294+0000] {taskinstance.py:1205} INFO - Marking task as SUCCESS. dag_id=hello, task_id=say_hello, execution_date=20240505T155321, start_date=20240505T155326, end_date=20240505T155327
[2024-05-05T15:53:27.374+0000] {local_task_job_runner.py:240} INFO - Task exited with return code 0
[2024-05-05T15:53:27.409+0000] {taskinstance.py:3482} INFO - 0 downstream tasks scheduled from follow-on schedule check
[2024-05-05T15:53:27.418+0000] {local_task_job_runner.py:222} INFO - ::endgroup::
