[2024-05-05T15:43:16.200+0000] {local_task_job_runner.py:120} INFO - ::group::Pre task execution logs
[2024-05-05T15:43:16.339+0000] {taskinstance.py:2073} INFO - Dependencies all met for dep_context=non-requeueable deps ti=<TaskInstance: example_complex.create_tag_template_result2 manual__2024-05-05T15:42:35.204677+00:00 [queued]>
[2024-05-05T15:43:16.399+0000] {taskinstance.py:2073} INFO - Dependencies all met for dep_context=requeueable deps ti=<TaskInstance: example_complex.create_tag_template_result2 manual__2024-05-05T15:42:35.204677+00:00 [queued]>
[2024-05-05T15:43:16.403+0000] {taskinstance.py:2303} INFO - Starting attempt 1 of 1
[2024-05-05T15:43:16.451+0000] {taskinstance.py:2327} INFO - Executing <Task(BashOperator): create_tag_template_result2> on 2024-05-05 15:42:35.204677+00:00
[2024-05-05T15:43:16.471+0000] {warnings.py:110} WARNING - /home/***/.local/lib/python3.12/site-packages/***/task/task_runner/standard_task_runner.py:61: DeprecationWarning: This process (pid=225) is multi-threaded, use of fork() may lead to deadlocks in the child.
  pid = os.fork()

[2024-05-05T15:43:16.479+0000] {standard_task_runner.py:63} INFO - Started process 235 to run task
[2024-05-05T15:43:16.491+0000] {standard_task_runner.py:90} INFO - Running: ['***', 'tasks', 'run', 'example_complex', 'create_tag_template_result2', 'manual__2024-05-05T15:42:35.204677+00:00', '--job-id', '16', '--raw', '--subdir', '/home/***/.local/lib/python3.12/site-packages/***/example_dags/example_complex.py', '--cfg-path', '/tmp/tmptxanl471']
[2024-05-05T15:43:16.501+0000] {standard_task_runner.py:91} INFO - Job 16: Subtask create_tag_template_result2
[2024-05-05T15:43:16.649+0000] {task_command.py:426} INFO - Running <TaskInstance: example_complex.create_tag_template_result2 manual__2024-05-05T15:42:35.204677+00:00 [running]> on host edcd6c8e3dad
[2024-05-05T15:43:17.730+0000] {taskinstance.py:2644} INFO - Exporting env vars: AIRFLOW_CTX_DAG_OWNER='***' AIRFLOW_CTX_DAG_ID='example_complex' AIRFLOW_CTX_TASK_ID='create_tag_template_result2' AIRFLOW_CTX_EXECUTION_DATE='2024-05-05T15:42:35.204677+00:00' AIRFLOW_CTX_TRY_NUMBER='1' AIRFLOW_CTX_DAG_RUN_ID='manual__2024-05-05T15:42:35.204677+00:00'
[2024-05-05T15:43:17.734+0000] {taskinstance.py:430} INFO - ::endgroup::
[2024-05-05T15:43:17.739+0000] {subprocess.py:63} INFO - Tmp dir root location: /tmp
[2024-05-05T15:43:17.740+0000] {subprocess.py:75} INFO - Running command: ['/usr/bin/bash', '-c', 'echo create_tag_template_result2']
[2024-05-05T15:43:17.953+0000] {subprocess.py:86} INFO - Output:
[2024-05-05T15:43:17.989+0000] {subprocess.py:93} INFO - create_tag_template_result2
[2024-05-05T15:43:17.992+0000] {subprocess.py:97} INFO - Command exited with return code 0
[2024-05-05T15:43:17.995+0000] {taskinstance.py:441} INFO - ::group::Post task execution logs
[2024-05-05T15:43:18.090+0000] {taskinstance.py:1205} INFO - Marking task as SUCCESS. dag_id=example_complex, task_id=create_tag_template_result2, execution_date=20240505T154235, start_date=20240505T154316, end_date=20240505T154318
[2024-05-05T15:43:18.254+0000] {local_task_job_runner.py:240} INFO - Task exited with return code 0
[2024-05-05T15:43:18.293+0000] {taskinstance.py:3482} INFO - 0 downstream tasks scheduled from follow-on schedule check
[2024-05-05T15:43:18.303+0000] {local_task_job_runner.py:222} INFO - ::endgroup::
